[2024-07-01T17:48:10.287+0530] {processor.py:161} INFO - Started process (PID=10831) to work on /home/bharat/.local/lib/python3.11/site-packages/airflow/example_dags/example_sla_dag.py
[2024-07-01T17:48:10.288+0530] {processor.py:830} INFO - Processing file /home/bharat/.local/lib/python3.11/site-packages/airflow/example_dags/example_sla_dag.py for tasks to queue
[2024-07-01T17:48:10.288+0530] {logging_mixin.py:188} INFO - [2024-07-01T17:48:10.288+0530] {dagbag.py:545} INFO - Filling up the DagBag from /home/bharat/.local/lib/python3.11/site-packages/airflow/example_dags/example_sla_dag.py
[2024-07-01T17:48:10.293+0530] {processor.py:840} INFO - DAG(s) 'example_sla_dag' retrieved from /home/bharat/.local/lib/python3.11/site-packages/airflow/example_dags/example_sla_dag.py
[2024-07-01T17:48:10.330+0530] {logging_mixin.py:188} INFO - [2024-07-01T17:48:10.330+0530] {dag.py:3096} INFO - Sync 1 DAGs
[2024-07-01T17:48:10.337+0530] {logging_mixin.py:188} INFO - [2024-07-01T17:48:10.337+0530] {dag.py:3954} INFO - Setting next_dagrun for example_sla_dag to 2024-07-01 12:16:00+00:00, run_after=2024-07-01 12:18:00+00:00
[2024-07-01T17:48:10.348+0530] {processor.py:183} INFO - Processing /home/bharat/.local/lib/python3.11/site-packages/airflow/example_dags/example_sla_dag.py took 0.064 seconds
[2024-07-01T17:49:18.566+0530] {processor.py:161} INFO - Started process (PID=11360) to work on /home/bharat/.local/lib/python3.11/site-packages/airflow/example_dags/example_sla_dag.py
[2024-07-01T17:49:18.567+0530] {processor.py:830} INFO - Processing file /home/bharat/.local/lib/python3.11/site-packages/airflow/example_dags/example_sla_dag.py for tasks to queue
[2024-07-01T17:49:18.569+0530] {logging_mixin.py:188} INFO - [2024-07-01T17:49:18.568+0530] {dagbag.py:545} INFO - Filling up the DagBag from /home/bharat/.local/lib/python3.11/site-packages/airflow/example_dags/example_sla_dag.py
[2024-07-01T17:49:18.575+0530] {processor.py:840} INFO - DAG(s) 'example_sla_dag' retrieved from /home/bharat/.local/lib/python3.11/site-packages/airflow/example_dags/example_sla_dag.py
[2024-07-01T17:49:18.581+0530] {logging_mixin.py:188} INFO - [2024-07-01T17:49:18.581+0530] {dag.py:3096} INFO - Sync 1 DAGs
[2024-07-01T17:49:18.635+0530] {logging_mixin.py:188} INFO - [2024-07-01T17:49:18.635+0530] {dag.py:3954} INFO - Setting next_dagrun for example_sla_dag to 2024-07-01 12:16:00+00:00, run_after=2024-07-01 12:18:00+00:00
[2024-07-01T17:49:18.644+0530] {processor.py:183} INFO - Processing /home/bharat/.local/lib/python3.11/site-packages/airflow/example_dags/example_sla_dag.py took 0.084 seconds
[2024-07-01T17:49:56.356+0530] {processor.py:161} INFO - Started process (PID=11420) to work on /home/bharat/.local/lib/python3.11/site-packages/airflow/example_dags/example_sla_dag.py
[2024-07-01T17:49:56.356+0530] {processor.py:830} INFO - Processing file /home/bharat/.local/lib/python3.11/site-packages/airflow/example_dags/example_sla_dag.py for tasks to queue
[2024-07-01T17:49:56.358+0530] {logging_mixin.py:188} INFO - [2024-07-01T17:49:56.357+0530] {dagbag.py:545} INFO - Filling up the DagBag from /home/bharat/.local/lib/python3.11/site-packages/airflow/example_dags/example_sla_dag.py
[2024-07-01T17:49:56.365+0530] {processor.py:840} INFO - DAG(s) 'example_sla_dag' retrieved from /home/bharat/.local/lib/python3.11/site-packages/airflow/example_dags/example_sla_dag.py
[2024-07-01T17:49:56.374+0530] {logging_mixin.py:188} INFO - [2024-07-01T17:49:56.374+0530] {dag.py:3096} INFO - Sync 1 DAGs
[2024-07-01T17:49:56.385+0530] {logging_mixin.py:188} INFO - [2024-07-01T17:49:56.385+0530] {dag.py:3954} INFO - Setting next_dagrun for example_sla_dag to 2024-07-01 12:16:00+00:00, run_after=2024-07-01 12:18:00+00:00
[2024-07-01T17:49:56.394+0530] {processor.py:183} INFO - Processing /home/bharat/.local/lib/python3.11/site-packages/airflow/example_dags/example_sla_dag.py took 0.043 seconds
[2024-07-01T17:50:46.521+0530] {processor.py:161} INFO - Started process (PID=11479) to work on /home/bharat/.local/lib/python3.11/site-packages/airflow/example_dags/example_sla_dag.py
[2024-07-01T17:50:46.522+0530] {processor.py:830} INFO - Processing file /home/bharat/.local/lib/python3.11/site-packages/airflow/example_dags/example_sla_dag.py for tasks to queue
[2024-07-01T17:50:46.523+0530] {logging_mixin.py:188} INFO - [2024-07-01T17:50:46.523+0530] {dagbag.py:545} INFO - Filling up the DagBag from /home/bharat/.local/lib/python3.11/site-packages/airflow/example_dags/example_sla_dag.py
[2024-07-01T17:50:46.529+0530] {processor.py:840} INFO - DAG(s) 'example_sla_dag' retrieved from /home/bharat/.local/lib/python3.11/site-packages/airflow/example_dags/example_sla_dag.py
[2024-07-01T17:50:46.535+0530] {logging_mixin.py:188} INFO - [2024-07-01T17:50:46.534+0530] {dag.py:3096} INFO - Sync 1 DAGs
[2024-07-01T17:50:46.543+0530] {logging_mixin.py:188} INFO - [2024-07-01T17:50:46.543+0530] {dag.py:3954} INFO - Setting next_dagrun for example_sla_dag to 2024-07-01 12:18:00+00:00, run_after=2024-07-01 12:20:00+00:00
[2024-07-01T17:50:46.552+0530] {processor.py:183} INFO - Processing /home/bharat/.local/lib/python3.11/site-packages/airflow/example_dags/example_sla_dag.py took 0.040 seconds
[2024-07-01T17:51:39.194+0530] {processor.py:161} INFO - Started process (PID=11673) to work on /home/bharat/.local/lib/python3.11/site-packages/airflow/example_dags/example_sla_dag.py
[2024-07-01T17:51:39.195+0530] {processor.py:830} INFO - Processing file /home/bharat/.local/lib/python3.11/site-packages/airflow/example_dags/example_sla_dag.py for tasks to queue
[2024-07-01T17:51:39.197+0530] {logging_mixin.py:188} INFO - [2024-07-01T17:51:39.197+0530] {dagbag.py:545} INFO - Filling up the DagBag from /home/bharat/.local/lib/python3.11/site-packages/airflow/example_dags/example_sla_dag.py
[2024-07-01T17:51:39.204+0530] {processor.py:840} INFO - DAG(s) 'example_sla_dag' retrieved from /home/bharat/.local/lib/python3.11/site-packages/airflow/example_dags/example_sla_dag.py
[2024-07-01T17:51:39.210+0530] {logging_mixin.py:188} INFO - [2024-07-01T17:51:39.210+0530] {dag.py:3096} INFO - Sync 1 DAGs
[2024-07-01T17:51:39.218+0530] {logging_mixin.py:188} INFO - [2024-07-01T17:51:39.218+0530] {dag.py:3954} INFO - Setting next_dagrun for example_sla_dag to 2024-07-01 12:18:00+00:00, run_after=2024-07-01 12:20:00+00:00
[2024-07-01T17:51:39.228+0530] {processor.py:183} INFO - Processing /home/bharat/.local/lib/python3.11/site-packages/airflow/example_dags/example_sla_dag.py took 0.041 seconds
[2024-07-01T17:52:16.114+0530] {processor.py:161} INFO - Started process (PID=12021) to work on /home/bharat/.local/lib/python3.11/site-packages/airflow/example_dags/example_sla_dag.py
[2024-07-01T17:52:16.114+0530] {processor.py:830} INFO - Processing file /home/bharat/.local/lib/python3.11/site-packages/airflow/example_dags/example_sla_dag.py for tasks to queue
[2024-07-01T17:52:16.115+0530] {logging_mixin.py:188} INFO - [2024-07-01T17:52:16.115+0530] {dagbag.py:545} INFO - Filling up the DagBag from /home/bharat/.local/lib/python3.11/site-packages/airflow/example_dags/example_sla_dag.py
[2024-07-01T17:52:16.118+0530] {processor.py:840} INFO - DAG(s) 'example_sla_dag' retrieved from /home/bharat/.local/lib/python3.11/site-packages/airflow/example_dags/example_sla_dag.py
[2024-07-01T17:52:16.124+0530] {logging_mixin.py:188} INFO - [2024-07-01T17:52:16.124+0530] {dag.py:3096} INFO - Sync 1 DAGs
[2024-07-01T17:52:16.133+0530] {logging_mixin.py:188} INFO - [2024-07-01T17:52:16.133+0530] {dag.py:3954} INFO - Setting next_dagrun for example_sla_dag to 2024-07-01 12:20:00+00:00, run_after=2024-07-01 12:22:00+00:00
[2024-07-01T17:52:16.142+0530] {processor.py:183} INFO - Processing /home/bharat/.local/lib/python3.11/site-packages/airflow/example_dags/example_sla_dag.py took 0.034 seconds
[2024-07-01T17:52:52.810+0530] {processor.py:161} INFO - Started process (PID=12060) to work on /home/bharat/.local/lib/python3.11/site-packages/airflow/example_dags/example_sla_dag.py
[2024-07-01T17:52:52.811+0530] {processor.py:830} INFO - Processing file /home/bharat/.local/lib/python3.11/site-packages/airflow/example_dags/example_sla_dag.py for tasks to queue
[2024-07-01T17:52:52.812+0530] {logging_mixin.py:188} INFO - [2024-07-01T17:52:52.811+0530] {dagbag.py:545} INFO - Filling up the DagBag from /home/bharat/.local/lib/python3.11/site-packages/airflow/example_dags/example_sla_dag.py
[2024-07-01T17:52:52.815+0530] {processor.py:840} INFO - DAG(s) 'example_sla_dag' retrieved from /home/bharat/.local/lib/python3.11/site-packages/airflow/example_dags/example_sla_dag.py
[2024-07-01T17:52:52.821+0530] {logging_mixin.py:188} INFO - [2024-07-01T17:52:52.821+0530] {dag.py:3096} INFO - Sync 1 DAGs
[2024-07-01T17:52:52.829+0530] {logging_mixin.py:188} INFO - [2024-07-01T17:52:52.829+0530] {dag.py:3954} INFO - Setting next_dagrun for example_sla_dag to 2024-07-01 12:20:00+00:00, run_after=2024-07-01 12:22:00+00:00
[2024-07-01T17:52:52.839+0530] {processor.py:183} INFO - Processing /home/bharat/.local/lib/python3.11/site-packages/airflow/example_dags/example_sla_dag.py took 0.031 seconds
[2024-07-01T17:53:55.535+0530] {processor.py:161} INFO - Started process (PID=12403) to work on /home/bharat/.local/lib/python3.11/site-packages/airflow/example_dags/example_sla_dag.py
[2024-07-01T17:53:55.536+0530] {processor.py:830} INFO - Processing file /home/bharat/.local/lib/python3.11/site-packages/airflow/example_dags/example_sla_dag.py for tasks to queue
[2024-07-01T17:53:55.537+0530] {logging_mixin.py:188} INFO - [2024-07-01T17:53:55.536+0530] {dagbag.py:545} INFO - Filling up the DagBag from /home/bharat/.local/lib/python3.11/site-packages/airflow/example_dags/example_sla_dag.py
[2024-07-01T17:53:55.544+0530] {processor.py:840} INFO - DAG(s) 'example_sla_dag' retrieved from /home/bharat/.local/lib/python3.11/site-packages/airflow/example_dags/example_sla_dag.py
[2024-07-01T17:53:55.551+0530] {logging_mixin.py:188} INFO - [2024-07-01T17:53:55.551+0530] {dag.py:3096} INFO - Sync 1 DAGs
[2024-07-01T17:53:55.559+0530] {logging_mixin.py:188} INFO - [2024-07-01T17:53:55.559+0530] {dag.py:3954} INFO - Setting next_dagrun for example_sla_dag to 2024-07-01 12:20:00+00:00, run_after=2024-07-01 12:22:00+00:00
[2024-07-01T17:53:55.569+0530] {processor.py:183} INFO - Processing /home/bharat/.local/lib/python3.11/site-packages/airflow/example_dags/example_sla_dag.py took 0.037 seconds
[2024-07-01T17:54:56.134+0530] {processor.py:161} INFO - Started process (PID=12561) to work on /home/bharat/.local/lib/python3.11/site-packages/airflow/example_dags/example_sla_dag.py
[2024-07-01T17:54:56.135+0530] {processor.py:830} INFO - Processing file /home/bharat/.local/lib/python3.11/site-packages/airflow/example_dags/example_sla_dag.py for tasks to queue
[2024-07-01T17:54:56.135+0530] {logging_mixin.py:188} INFO - [2024-07-01T17:54:56.135+0530] {dagbag.py:545} INFO - Filling up the DagBag from /home/bharat/.local/lib/python3.11/site-packages/airflow/example_dags/example_sla_dag.py
[2024-07-01T17:54:56.139+0530] {processor.py:840} INFO - DAG(s) 'example_sla_dag' retrieved from /home/bharat/.local/lib/python3.11/site-packages/airflow/example_dags/example_sla_dag.py
[2024-07-01T17:54:56.145+0530] {logging_mixin.py:188} INFO - [2024-07-01T17:54:56.144+0530] {dag.py:3096} INFO - Sync 1 DAGs
[2024-07-01T17:54:56.153+0530] {logging_mixin.py:188} INFO - [2024-07-01T17:54:56.153+0530] {dag.py:3954} INFO - Setting next_dagrun for example_sla_dag to 2024-07-01 12:22:00+00:00, run_after=2024-07-01 12:24:00+00:00
[2024-07-01T17:54:56.162+0530] {processor.py:183} INFO - Processing /home/bharat/.local/lib/python3.11/site-packages/airflow/example_dags/example_sla_dag.py took 0.032 seconds
[2024-07-01T17:55:49.945+0530] {processor.py:161} INFO - Started process (PID=12643) to work on /home/bharat/.local/lib/python3.11/site-packages/airflow/example_dags/example_sla_dag.py
[2024-07-01T17:55:49.946+0530] {processor.py:830} INFO - Processing file /home/bharat/.local/lib/python3.11/site-packages/airflow/example_dags/example_sla_dag.py for tasks to queue
[2024-07-01T17:55:49.947+0530] {logging_mixin.py:188} INFO - [2024-07-01T17:55:49.947+0530] {dagbag.py:545} INFO - Filling up the DagBag from /home/bharat/.local/lib/python3.11/site-packages/airflow/example_dags/example_sla_dag.py
[2024-07-01T17:55:49.951+0530] {processor.py:840} INFO - DAG(s) 'example_sla_dag' retrieved from /home/bharat/.local/lib/python3.11/site-packages/airflow/example_dags/example_sla_dag.py
[2024-07-01T17:55:49.958+0530] {logging_mixin.py:188} INFO - [2024-07-01T17:55:49.958+0530] {dag.py:3096} INFO - Sync 1 DAGs
[2024-07-01T17:55:49.967+0530] {logging_mixin.py:188} INFO - [2024-07-01T17:55:49.967+0530] {dag.py:3954} INFO - Setting next_dagrun for example_sla_dag to 2024-07-01 12:22:00+00:00, run_after=2024-07-01 12:24:00+00:00
[2024-07-01T17:55:49.976+0530] {processor.py:183} INFO - Processing /home/bharat/.local/lib/python3.11/site-packages/airflow/example_dags/example_sla_dag.py took 0.036 seconds
[2024-07-01T17:56:41.934+0530] {processor.py:161} INFO - Started process (PID=12716) to work on /home/bharat/.local/lib/python3.11/site-packages/airflow/example_dags/example_sla_dag.py
[2024-07-01T17:56:41.934+0530] {processor.py:830} INFO - Processing file /home/bharat/.local/lib/python3.11/site-packages/airflow/example_dags/example_sla_dag.py for tasks to queue
[2024-07-01T17:56:41.936+0530] {logging_mixin.py:188} INFO - [2024-07-01T17:56:41.935+0530] {dagbag.py:545} INFO - Filling up the DagBag from /home/bharat/.local/lib/python3.11/site-packages/airflow/example_dags/example_sla_dag.py
[2024-07-01T17:56:41.943+0530] {processor.py:840} INFO - DAG(s) 'example_sla_dag' retrieved from /home/bharat/.local/lib/python3.11/site-packages/airflow/example_dags/example_sla_dag.py
[2024-07-01T17:56:41.949+0530] {logging_mixin.py:188} INFO - [2024-07-01T17:56:41.949+0530] {dag.py:3096} INFO - Sync 1 DAGs
[2024-07-01T17:56:41.957+0530] {logging_mixin.py:188} INFO - [2024-07-01T17:56:41.957+0530] {dag.py:3954} INFO - Setting next_dagrun for example_sla_dag to 2024-07-01 12:24:00+00:00, run_after=2024-07-01 12:26:00+00:00
[2024-07-01T17:56:41.966+0530] {processor.py:183} INFO - Processing /home/bharat/.local/lib/python3.11/site-packages/airflow/example_dags/example_sla_dag.py took 0.036 seconds
[2024-07-01T17:57:36.021+0530] {processor.py:161} INFO - Started process (PID=12790) to work on /home/bharat/.local/lib/python3.11/site-packages/airflow/example_dags/example_sla_dag.py
[2024-07-01T17:57:36.022+0530] {processor.py:830} INFO - Processing file /home/bharat/.local/lib/python3.11/site-packages/airflow/example_dags/example_sla_dag.py for tasks to queue
[2024-07-01T17:57:36.023+0530] {logging_mixin.py:188} INFO - [2024-07-01T17:57:36.023+0530] {dagbag.py:545} INFO - Filling up the DagBag from /home/bharat/.local/lib/python3.11/site-packages/airflow/example_dags/example_sla_dag.py
[2024-07-01T17:57:36.029+0530] {processor.py:840} INFO - DAG(s) 'example_sla_dag' retrieved from /home/bharat/.local/lib/python3.11/site-packages/airflow/example_dags/example_sla_dag.py
[2024-07-01T17:57:36.035+0530] {logging_mixin.py:188} INFO - [2024-07-01T17:57:36.034+0530] {dag.py:3096} INFO - Sync 1 DAGs
[2024-07-01T17:57:36.042+0530] {logging_mixin.py:188} INFO - [2024-07-01T17:57:36.042+0530] {dag.py:3954} INFO - Setting next_dagrun for example_sla_dag to 2024-07-01 12:24:00+00:00, run_after=2024-07-01 12:26:00+00:00
[2024-07-01T17:57:36.052+0530] {processor.py:183} INFO - Processing /home/bharat/.local/lib/python3.11/site-packages/airflow/example_dags/example_sla_dag.py took 0.039 seconds
[2024-07-01T17:58:27.898+0530] {processor.py:161} INFO - Started process (PID=12891) to work on /home/bharat/.local/lib/python3.11/site-packages/airflow/example_dags/example_sla_dag.py
[2024-07-01T17:58:27.898+0530] {processor.py:830} INFO - Processing file /home/bharat/.local/lib/python3.11/site-packages/airflow/example_dags/example_sla_dag.py for tasks to queue
[2024-07-01T17:58:27.899+0530] {logging_mixin.py:188} INFO - [2024-07-01T17:58:27.899+0530] {dagbag.py:545} INFO - Filling up the DagBag from /home/bharat/.local/lib/python3.11/site-packages/airflow/example_dags/example_sla_dag.py
[2024-07-01T17:58:27.902+0530] {processor.py:840} INFO - DAG(s) 'example_sla_dag' retrieved from /home/bharat/.local/lib/python3.11/site-packages/airflow/example_dags/example_sla_dag.py
[2024-07-01T17:58:27.908+0530] {logging_mixin.py:188} INFO - [2024-07-01T17:58:27.908+0530] {dag.py:3096} INFO - Sync 1 DAGs
[2024-07-01T17:58:27.916+0530] {logging_mixin.py:188} INFO - [2024-07-01T17:58:27.916+0530] {dag.py:3954} INFO - Setting next_dagrun for example_sla_dag to 2024-07-01 12:26:00+00:00, run_after=2024-07-01 12:28:00+00:00
[2024-07-01T17:58:27.926+0530] {processor.py:183} INFO - Processing /home/bharat/.local/lib/python3.11/site-packages/airflow/example_dags/example_sla_dag.py took 0.032 seconds
[2024-07-01T17:59:19.331+0530] {processor.py:161} INFO - Started process (PID=12961) to work on /home/bharat/.local/lib/python3.11/site-packages/airflow/example_dags/example_sla_dag.py
[2024-07-01T17:59:19.331+0530] {processor.py:830} INFO - Processing file /home/bharat/.local/lib/python3.11/site-packages/airflow/example_dags/example_sla_dag.py for tasks to queue
[2024-07-01T17:59:19.332+0530] {logging_mixin.py:188} INFO - [2024-07-01T17:59:19.332+0530] {dagbag.py:545} INFO - Filling up the DagBag from /home/bharat/.local/lib/python3.11/site-packages/airflow/example_dags/example_sla_dag.py
[2024-07-01T17:59:19.336+0530] {processor.py:840} INFO - DAG(s) 'example_sla_dag' retrieved from /home/bharat/.local/lib/python3.11/site-packages/airflow/example_dags/example_sla_dag.py
[2024-07-01T17:59:19.341+0530] {logging_mixin.py:188} INFO - [2024-07-01T17:59:19.341+0530] {dag.py:3096} INFO - Sync 1 DAGs
[2024-07-01T17:59:19.349+0530] {logging_mixin.py:188} INFO - [2024-07-01T17:59:19.349+0530] {dag.py:3954} INFO - Setting next_dagrun for example_sla_dag to 2024-07-01 12:26:00+00:00, run_after=2024-07-01 12:28:00+00:00
[2024-07-01T17:59:19.359+0530] {processor.py:183} INFO - Processing /home/bharat/.local/lib/python3.11/site-packages/airflow/example_dags/example_sla_dag.py took 0.033 seconds
[2024-07-01T18:00:10.328+0530] {processor.py:161} INFO - Started process (PID=13037) to work on /home/bharat/.local/lib/python3.11/site-packages/airflow/example_dags/example_sla_dag.py
[2024-07-01T18:00:10.329+0530] {processor.py:830} INFO - Processing file /home/bharat/.local/lib/python3.11/site-packages/airflow/example_dags/example_sla_dag.py for tasks to queue
[2024-07-01T18:00:10.331+0530] {logging_mixin.py:188} INFO - [2024-07-01T18:00:10.330+0530] {dagbag.py:545} INFO - Filling up the DagBag from /home/bharat/.local/lib/python3.11/site-packages/airflow/example_dags/example_sla_dag.py
[2024-07-01T18:00:10.339+0530] {processor.py:840} INFO - DAG(s) 'example_sla_dag' retrieved from /home/bharat/.local/lib/python3.11/site-packages/airflow/example_dags/example_sla_dag.py
[2024-07-01T18:00:10.346+0530] {logging_mixin.py:188} INFO - [2024-07-01T18:00:10.346+0530] {dag.py:3096} INFO - Sync 1 DAGs
[2024-07-01T18:00:10.358+0530] {logging_mixin.py:188} INFO - [2024-07-01T18:00:10.358+0530] {dag.py:3954} INFO - Setting next_dagrun for example_sla_dag to 2024-07-01 12:28:00+00:00, run_after=2024-07-01 12:30:00+00:00
[2024-07-01T18:00:10.368+0530] {processor.py:183} INFO - Processing /home/bharat/.local/lib/python3.11/site-packages/airflow/example_dags/example_sla_dag.py took 0.045 seconds
[2024-07-01T18:01:03.401+0530] {processor.py:161} INFO - Started process (PID=13113) to work on /home/bharat/.local/lib/python3.11/site-packages/airflow/example_dags/example_sla_dag.py
[2024-07-01T18:01:03.402+0530] {processor.py:830} INFO - Processing file /home/bharat/.local/lib/python3.11/site-packages/airflow/example_dags/example_sla_dag.py for tasks to queue
[2024-07-01T18:01:03.403+0530] {logging_mixin.py:188} INFO - [2024-07-01T18:01:03.403+0530] {dagbag.py:545} INFO - Filling up the DagBag from /home/bharat/.local/lib/python3.11/site-packages/airflow/example_dags/example_sla_dag.py
[2024-07-01T18:01:03.408+0530] {processor.py:840} INFO - DAG(s) 'example_sla_dag' retrieved from /home/bharat/.local/lib/python3.11/site-packages/airflow/example_dags/example_sla_dag.py
[2024-07-01T18:01:03.414+0530] {logging_mixin.py:188} INFO - [2024-07-01T18:01:03.414+0530] {dag.py:3096} INFO - Sync 1 DAGs
[2024-07-01T18:01:03.422+0530] {logging_mixin.py:188} INFO - [2024-07-01T18:01:03.421+0530] {dag.py:3954} INFO - Setting next_dagrun for example_sla_dag to 2024-07-01 12:28:00+00:00, run_after=2024-07-01 12:30:00+00:00
[2024-07-01T18:01:03.430+0530] {processor.py:183} INFO - Processing /home/bharat/.local/lib/python3.11/site-packages/airflow/example_dags/example_sla_dag.py took 0.037 seconds
[2024-07-01T18:01:54.996+0530] {processor.py:161} INFO - Started process (PID=13186) to work on /home/bharat/.local/lib/python3.11/site-packages/airflow/example_dags/example_sla_dag.py
[2024-07-01T18:01:54.997+0530] {processor.py:830} INFO - Processing file /home/bharat/.local/lib/python3.11/site-packages/airflow/example_dags/example_sla_dag.py for tasks to queue
[2024-07-01T18:01:54.997+0530] {logging_mixin.py:188} INFO - [2024-07-01T18:01:54.997+0530] {dagbag.py:545} INFO - Filling up the DagBag from /home/bharat/.local/lib/python3.11/site-packages/airflow/example_dags/example_sla_dag.py
[2024-07-01T18:01:55.001+0530] {processor.py:840} INFO - DAG(s) 'example_sla_dag' retrieved from /home/bharat/.local/lib/python3.11/site-packages/airflow/example_dags/example_sla_dag.py
[2024-07-01T18:01:55.007+0530] {logging_mixin.py:188} INFO - [2024-07-01T18:01:55.006+0530] {dag.py:3096} INFO - Sync 1 DAGs
[2024-07-01T18:01:55.015+0530] {logging_mixin.py:188} INFO - [2024-07-01T18:01:55.015+0530] {dag.py:3954} INFO - Setting next_dagrun for example_sla_dag to 2024-07-01 12:28:00+00:00, run_after=2024-07-01 12:30:00+00:00
[2024-07-01T18:01:55.024+0530] {processor.py:183} INFO - Processing /home/bharat/.local/lib/python3.11/site-packages/airflow/example_dags/example_sla_dag.py took 0.033 seconds
[2024-07-01T18:02:48.413+0530] {processor.py:161} INFO - Started process (PID=13259) to work on /home/bharat/.local/lib/python3.11/site-packages/airflow/example_dags/example_sla_dag.py
[2024-07-01T18:02:48.414+0530] {processor.py:830} INFO - Processing file /home/bharat/.local/lib/python3.11/site-packages/airflow/example_dags/example_sla_dag.py for tasks to queue
[2024-07-01T18:02:48.415+0530] {logging_mixin.py:188} INFO - [2024-07-01T18:02:48.415+0530] {dagbag.py:545} INFO - Filling up the DagBag from /home/bharat/.local/lib/python3.11/site-packages/airflow/example_dags/example_sla_dag.py
[2024-07-01T18:02:48.420+0530] {processor.py:840} INFO - DAG(s) 'example_sla_dag' retrieved from /home/bharat/.local/lib/python3.11/site-packages/airflow/example_dags/example_sla_dag.py
[2024-07-01T18:02:48.426+0530] {logging_mixin.py:188} INFO - [2024-07-01T18:02:48.426+0530] {dag.py:3096} INFO - Sync 1 DAGs
[2024-07-01T18:02:48.434+0530] {logging_mixin.py:188} INFO - [2024-07-01T18:02:48.434+0530] {dag.py:3954} INFO - Setting next_dagrun for example_sla_dag to 2024-07-01 12:30:00+00:00, run_after=2024-07-01 12:32:00+00:00
[2024-07-01T18:02:48.443+0530] {processor.py:183} INFO - Processing /home/bharat/.local/lib/python3.11/site-packages/airflow/example_dags/example_sla_dag.py took 0.038 seconds
[2024-07-01T18:03:38.882+0530] {processor.py:161} INFO - Started process (PID=13358) to work on /home/bharat/.local/lib/python3.11/site-packages/airflow/example_dags/example_sla_dag.py
[2024-07-01T18:03:38.883+0530] {processor.py:830} INFO - Processing file /home/bharat/.local/lib/python3.11/site-packages/airflow/example_dags/example_sla_dag.py for tasks to queue
[2024-07-01T18:03:38.884+0530] {logging_mixin.py:188} INFO - [2024-07-01T18:03:38.884+0530] {dagbag.py:545} INFO - Filling up the DagBag from /home/bharat/.local/lib/python3.11/site-packages/airflow/example_dags/example_sla_dag.py
[2024-07-01T18:03:38.889+0530] {processor.py:840} INFO - DAG(s) 'example_sla_dag' retrieved from /home/bharat/.local/lib/python3.11/site-packages/airflow/example_dags/example_sla_dag.py
[2024-07-01T18:03:38.894+0530] {logging_mixin.py:188} INFO - [2024-07-01T18:03:38.894+0530] {dag.py:3096} INFO - Sync 1 DAGs
[2024-07-01T18:03:38.902+0530] {logging_mixin.py:188} INFO - [2024-07-01T18:03:38.902+0530] {dag.py:3954} INFO - Setting next_dagrun for example_sla_dag to 2024-07-01 12:30:00+00:00, run_after=2024-07-01 12:32:00+00:00
[2024-07-01T18:03:38.911+0530] {processor.py:183} INFO - Processing /home/bharat/.local/lib/python3.11/site-packages/airflow/example_dags/example_sla_dag.py took 0.037 seconds
[2024-07-01T18:04:30.347+0530] {processor.py:161} INFO - Started process (PID=13436) to work on /home/bharat/.local/lib/python3.11/site-packages/airflow/example_dags/example_sla_dag.py
[2024-07-01T18:04:30.349+0530] {processor.py:830} INFO - Processing file /home/bharat/.local/lib/python3.11/site-packages/airflow/example_dags/example_sla_dag.py for tasks to queue
[2024-07-01T18:04:30.350+0530] {logging_mixin.py:188} INFO - [2024-07-01T18:04:30.350+0530] {dagbag.py:545} INFO - Filling up the DagBag from /home/bharat/.local/lib/python3.11/site-packages/airflow/example_dags/example_sla_dag.py
[2024-07-01T18:04:30.357+0530] {processor.py:840} INFO - DAG(s) 'example_sla_dag' retrieved from /home/bharat/.local/lib/python3.11/site-packages/airflow/example_dags/example_sla_dag.py
[2024-07-01T18:04:30.363+0530] {logging_mixin.py:188} INFO - [2024-07-01T18:04:30.363+0530] {dag.py:3096} INFO - Sync 1 DAGs
[2024-07-01T18:04:30.371+0530] {logging_mixin.py:188} INFO - [2024-07-01T18:04:30.371+0530] {dag.py:3954} INFO - Setting next_dagrun for example_sla_dag to 2024-07-01 12:32:00+00:00, run_after=2024-07-01 12:34:00+00:00
[2024-07-01T18:04:30.380+0530] {processor.py:183} INFO - Processing /home/bharat/.local/lib/python3.11/site-packages/airflow/example_dags/example_sla_dag.py took 0.043 seconds
[2024-07-01T18:05:23.981+0530] {processor.py:161} INFO - Started process (PID=13935) to work on /home/bharat/.local/lib/python3.11/site-packages/airflow/example_dags/example_sla_dag.py
[2024-07-01T18:05:23.981+0530] {processor.py:830} INFO - Processing file /home/bharat/.local/lib/python3.11/site-packages/airflow/example_dags/example_sla_dag.py for tasks to queue
[2024-07-01T18:05:23.982+0530] {logging_mixin.py:188} INFO - [2024-07-01T18:05:23.982+0530] {dagbag.py:545} INFO - Filling up the DagBag from /home/bharat/.local/lib/python3.11/site-packages/airflow/example_dags/example_sla_dag.py
[2024-07-01T18:05:23.985+0530] {processor.py:840} INFO - DAG(s) 'example_sla_dag' retrieved from /home/bharat/.local/lib/python3.11/site-packages/airflow/example_dags/example_sla_dag.py
[2024-07-01T18:05:23.991+0530] {logging_mixin.py:188} INFO - [2024-07-01T18:05:23.991+0530] {dag.py:3096} INFO - Sync 1 DAGs
[2024-07-01T18:05:23.999+0530] {logging_mixin.py:188} INFO - [2024-07-01T18:05:23.999+0530] {dag.py:3954} INFO - Setting next_dagrun for example_sla_dag to 2024-07-01 12:32:00+00:00, run_after=2024-07-01 12:34:00+00:00
[2024-07-01T18:05:24.008+0530] {processor.py:183} INFO - Processing /home/bharat/.local/lib/python3.11/site-packages/airflow/example_dags/example_sla_dag.py took 0.030 seconds
[2024-07-01T18:06:12.289+0530] {processor.py:161} INFO - Started process (PID=14022) to work on /home/bharat/.local/lib/python3.11/site-packages/airflow/example_dags/example_sla_dag.py
[2024-07-01T18:06:12.289+0530] {processor.py:830} INFO - Processing file /home/bharat/.local/lib/python3.11/site-packages/airflow/example_dags/example_sla_dag.py for tasks to queue
[2024-07-01T18:06:12.290+0530] {logging_mixin.py:188} INFO - [2024-07-01T18:06:12.290+0530] {dagbag.py:545} INFO - Filling up the DagBag from /home/bharat/.local/lib/python3.11/site-packages/airflow/example_dags/example_sla_dag.py
[2024-07-01T18:06:12.293+0530] {processor.py:840} INFO - DAG(s) 'example_sla_dag' retrieved from /home/bharat/.local/lib/python3.11/site-packages/airflow/example_dags/example_sla_dag.py
[2024-07-01T18:06:12.299+0530] {logging_mixin.py:188} INFO - [2024-07-01T18:06:12.299+0530] {dag.py:3096} INFO - Sync 1 DAGs
[2024-07-01T18:06:12.307+0530] {logging_mixin.py:188} INFO - [2024-07-01T18:06:12.307+0530] {dag.py:3954} INFO - Setting next_dagrun for example_sla_dag to 2024-07-01 12:34:00+00:00, run_after=2024-07-01 12:36:00+00:00
[2024-07-01T18:06:12.316+0530] {processor.py:183} INFO - Processing /home/bharat/.local/lib/python3.11/site-packages/airflow/example_dags/example_sla_dag.py took 0.030 seconds
[2024-07-01T18:07:02.642+0530] {processor.py:161} INFO - Started process (PID=14095) to work on /home/bharat/.local/lib/python3.11/site-packages/airflow/example_dags/example_sla_dag.py
[2024-07-01T18:07:02.642+0530] {processor.py:830} INFO - Processing file /home/bharat/.local/lib/python3.11/site-packages/airflow/example_dags/example_sla_dag.py for tasks to queue
[2024-07-01T18:07:02.643+0530] {logging_mixin.py:188} INFO - [2024-07-01T18:07:02.643+0530] {dagbag.py:545} INFO - Filling up the DagBag from /home/bharat/.local/lib/python3.11/site-packages/airflow/example_dags/example_sla_dag.py
[2024-07-01T18:07:02.648+0530] {processor.py:840} INFO - DAG(s) 'example_sla_dag' retrieved from /home/bharat/.local/lib/python3.11/site-packages/airflow/example_dags/example_sla_dag.py
[2024-07-01T18:07:02.653+0530] {logging_mixin.py:188} INFO - [2024-07-01T18:07:02.653+0530] {dag.py:3096} INFO - Sync 1 DAGs
[2024-07-01T18:07:02.661+0530] {logging_mixin.py:188} INFO - [2024-07-01T18:07:02.661+0530] {dag.py:3954} INFO - Setting next_dagrun for example_sla_dag to 2024-07-01 12:34:00+00:00, run_after=2024-07-01 12:36:00+00:00
[2024-07-01T18:07:02.670+0530] {processor.py:183} INFO - Processing /home/bharat/.local/lib/python3.11/site-packages/airflow/example_dags/example_sla_dag.py took 0.031 seconds
[2024-07-01T18:07:52.568+0530] {processor.py:161} INFO - Started process (PID=14166) to work on /home/bharat/.local/lib/python3.11/site-packages/airflow/example_dags/example_sla_dag.py
[2024-07-01T18:07:52.569+0530] {processor.py:830} INFO - Processing file /home/bharat/.local/lib/python3.11/site-packages/airflow/example_dags/example_sla_dag.py for tasks to queue
[2024-07-01T18:07:52.569+0530] {logging_mixin.py:188} INFO - [2024-07-01T18:07:52.569+0530] {dagbag.py:545} INFO - Filling up the DagBag from /home/bharat/.local/lib/python3.11/site-packages/airflow/example_dags/example_sla_dag.py
[2024-07-01T18:07:52.573+0530] {processor.py:840} INFO - DAG(s) 'example_sla_dag' retrieved from /home/bharat/.local/lib/python3.11/site-packages/airflow/example_dags/example_sla_dag.py
[2024-07-01T18:07:52.578+0530] {logging_mixin.py:188} INFO - [2024-07-01T18:07:52.578+0530] {dag.py:3096} INFO - Sync 1 DAGs
[2024-07-01T18:07:52.586+0530] {logging_mixin.py:188} INFO - [2024-07-01T18:07:52.586+0530] {dag.py:3954} INFO - Setting next_dagrun for example_sla_dag to 2024-07-01 12:34:00+00:00, run_after=2024-07-01 12:36:00+00:00
[2024-07-01T18:07:52.596+0530] {processor.py:183} INFO - Processing /home/bharat/.local/lib/python3.11/site-packages/airflow/example_dags/example_sla_dag.py took 0.031 seconds
[2024-07-01T18:08:43.998+0530] {processor.py:161} INFO - Started process (PID=14265) to work on /home/bharat/.local/lib/python3.11/site-packages/airflow/example_dags/example_sla_dag.py
[2024-07-01T18:08:43.999+0530] {processor.py:830} INFO - Processing file /home/bharat/.local/lib/python3.11/site-packages/airflow/example_dags/example_sla_dag.py for tasks to queue
[2024-07-01T18:08:44.002+0530] {logging_mixin.py:188} INFO - [2024-07-01T18:08:44.002+0530] {dagbag.py:545} INFO - Filling up the DagBag from /home/bharat/.local/lib/python3.11/site-packages/airflow/example_dags/example_sla_dag.py
[2024-07-01T18:08:44.012+0530] {processor.py:840} INFO - DAG(s) 'example_sla_dag' retrieved from /home/bharat/.local/lib/python3.11/site-packages/airflow/example_dags/example_sla_dag.py
[2024-07-01T18:08:44.018+0530] {logging_mixin.py:188} INFO - [2024-07-01T18:08:44.018+0530] {dag.py:3096} INFO - Sync 1 DAGs
[2024-07-01T18:08:44.027+0530] {logging_mixin.py:188} INFO - [2024-07-01T18:08:44.027+0530] {dag.py:3954} INFO - Setting next_dagrun for example_sla_dag to 2024-07-01 12:36:00+00:00, run_after=2024-07-01 12:38:00+00:00
[2024-07-01T18:08:44.037+0530] {processor.py:183} INFO - Processing /home/bharat/.local/lib/python3.11/site-packages/airflow/example_dags/example_sla_dag.py took 0.049 seconds
[2024-07-01T18:09:37.093+0530] {processor.py:161} INFO - Started process (PID=14428) to work on /home/bharat/.local/lib/python3.11/site-packages/airflow/example_dags/example_sla_dag.py
[2024-07-01T18:09:37.094+0530] {processor.py:830} INFO - Processing file /home/bharat/.local/lib/python3.11/site-packages/airflow/example_dags/example_sla_dag.py for tasks to queue
[2024-07-01T18:09:37.095+0530] {logging_mixin.py:188} INFO - [2024-07-01T18:09:37.095+0530] {dagbag.py:545} INFO - Filling up the DagBag from /home/bharat/.local/lib/python3.11/site-packages/airflow/example_dags/example_sla_dag.py
[2024-07-01T18:09:37.101+0530] {processor.py:840} INFO - DAG(s) 'example_sla_dag' retrieved from /home/bharat/.local/lib/python3.11/site-packages/airflow/example_dags/example_sla_dag.py
[2024-07-01T18:09:37.106+0530] {logging_mixin.py:188} INFO - [2024-07-01T18:09:37.106+0530] {dag.py:3096} INFO - Sync 1 DAGs
[2024-07-01T18:09:37.114+0530] {logging_mixin.py:188} INFO - [2024-07-01T18:09:37.114+0530] {dag.py:3954} INFO - Setting next_dagrun for example_sla_dag to 2024-07-01 12:36:00+00:00, run_after=2024-07-01 12:38:00+00:00
[2024-07-01T18:09:37.123+0530] {processor.py:183} INFO - Processing /home/bharat/.local/lib/python3.11/site-packages/airflow/example_dags/example_sla_dag.py took 0.039 seconds
[2024-07-01T18:10:28.880+0530] {processor.py:161} INFO - Started process (PID=14511) to work on /home/bharat/.local/lib/python3.11/site-packages/airflow/example_dags/example_sla_dag.py
[2024-07-01T18:10:28.880+0530] {processor.py:830} INFO - Processing file /home/bharat/.local/lib/python3.11/site-packages/airflow/example_dags/example_sla_dag.py for tasks to queue
[2024-07-01T18:10:28.882+0530] {logging_mixin.py:188} INFO - [2024-07-01T18:10:28.881+0530] {dagbag.py:545} INFO - Filling up the DagBag from /home/bharat/.local/lib/python3.11/site-packages/airflow/example_dags/example_sla_dag.py
[2024-07-01T18:10:28.889+0530] {processor.py:840} INFO - DAG(s) 'example_sla_dag' retrieved from /home/bharat/.local/lib/python3.11/site-packages/airflow/example_dags/example_sla_dag.py
[2024-07-01T18:10:28.895+0530] {logging_mixin.py:188} INFO - [2024-07-01T18:10:28.895+0530] {dag.py:3096} INFO - Sync 1 DAGs
[2024-07-01T18:10:28.903+0530] {logging_mixin.py:188} INFO - [2024-07-01T18:10:28.903+0530] {dag.py:3954} INFO - Setting next_dagrun for example_sla_dag to 2024-07-01 12:38:00+00:00, run_after=2024-07-01 12:40:00+00:00
[2024-07-01T18:10:28.913+0530] {processor.py:183} INFO - Processing /home/bharat/.local/lib/python3.11/site-packages/airflow/example_dags/example_sla_dag.py took 0.036 seconds
[2024-07-01T18:11:21.199+0530] {processor.py:161} INFO - Started process (PID=14628) to work on /home/bharat/.local/lib/python3.11/site-packages/airflow/example_dags/example_sla_dag.py
[2024-07-01T18:11:21.200+0530] {processor.py:830} INFO - Processing file /home/bharat/.local/lib/python3.11/site-packages/airflow/example_dags/example_sla_dag.py for tasks to queue
[2024-07-01T18:11:21.201+0530] {logging_mixin.py:188} INFO - [2024-07-01T18:11:21.200+0530] {dagbag.py:545} INFO - Filling up the DagBag from /home/bharat/.local/lib/python3.11/site-packages/airflow/example_dags/example_sla_dag.py
[2024-07-01T18:11:21.208+0530] {processor.py:840} INFO - DAG(s) 'example_sla_dag' retrieved from /home/bharat/.local/lib/python3.11/site-packages/airflow/example_dags/example_sla_dag.py
[2024-07-01T18:11:21.214+0530] {logging_mixin.py:188} INFO - [2024-07-01T18:11:21.214+0530] {dag.py:3096} INFO - Sync 1 DAGs
[2024-07-01T18:11:21.222+0530] {logging_mixin.py:188} INFO - [2024-07-01T18:11:21.222+0530] {dag.py:3954} INFO - Setting next_dagrun for example_sla_dag to 2024-07-01 12:38:00+00:00, run_after=2024-07-01 12:40:00+00:00
[2024-07-01T18:11:21.232+0530] {processor.py:183} INFO - Processing /home/bharat/.local/lib/python3.11/site-packages/airflow/example_dags/example_sla_dag.py took 0.040 seconds
[2024-07-01T18:12:14.740+0530] {processor.py:161} INFO - Started process (PID=14769) to work on /home/bharat/.local/lib/python3.11/site-packages/airflow/example_dags/example_sla_dag.py
[2024-07-01T18:12:14.740+0530] {processor.py:830} INFO - Processing file /home/bharat/.local/lib/python3.11/site-packages/airflow/example_dags/example_sla_dag.py for tasks to queue
[2024-07-01T18:12:14.741+0530] {logging_mixin.py:188} INFO - [2024-07-01T18:12:14.741+0530] {dagbag.py:545} INFO - Filling up the DagBag from /home/bharat/.local/lib/python3.11/site-packages/airflow/example_dags/example_sla_dag.py
[2024-07-01T18:12:14.745+0530] {processor.py:840} INFO - DAG(s) 'example_sla_dag' retrieved from /home/bharat/.local/lib/python3.11/site-packages/airflow/example_dags/example_sla_dag.py
[2024-07-01T18:12:14.750+0530] {logging_mixin.py:188} INFO - [2024-07-01T18:12:14.750+0530] {dag.py:3096} INFO - Sync 1 DAGs
[2024-07-01T18:12:14.758+0530] {logging_mixin.py:188} INFO - [2024-07-01T18:12:14.758+0530] {dag.py:3954} INFO - Setting next_dagrun for example_sla_dag to 2024-07-01 12:40:00+00:00, run_after=2024-07-01 12:42:00+00:00
[2024-07-01T18:12:14.767+0530] {processor.py:183} INFO - Processing /home/bharat/.local/lib/python3.11/site-packages/airflow/example_dags/example_sla_dag.py took 0.033 seconds
[2024-07-01T18:13:03.937+0530] {processor.py:161} INFO - Started process (PID=15160) to work on /home/bharat/.local/lib/python3.11/site-packages/airflow/example_dags/example_sla_dag.py
[2024-07-01T18:13:03.938+0530] {processor.py:830} INFO - Processing file /home/bharat/.local/lib/python3.11/site-packages/airflow/example_dags/example_sla_dag.py for tasks to queue
[2024-07-01T18:13:03.938+0530] {logging_mixin.py:188} INFO - [2024-07-01T18:13:03.938+0530] {dagbag.py:545} INFO - Filling up the DagBag from /home/bharat/.local/lib/python3.11/site-packages/airflow/example_dags/example_sla_dag.py
[2024-07-01T18:13:03.942+0530] {processor.py:840} INFO - DAG(s) 'example_sla_dag' retrieved from /home/bharat/.local/lib/python3.11/site-packages/airflow/example_dags/example_sla_dag.py
[2024-07-01T18:13:03.948+0530] {logging_mixin.py:188} INFO - [2024-07-01T18:13:03.948+0530] {dag.py:3096} INFO - Sync 1 DAGs
[2024-07-01T18:13:03.956+0530] {logging_mixin.py:188} INFO - [2024-07-01T18:13:03.956+0530] {dag.py:3954} INFO - Setting next_dagrun for example_sla_dag to 2024-07-01 12:40:00+00:00, run_after=2024-07-01 12:42:00+00:00
[2024-07-01T18:13:03.966+0530] {processor.py:183} INFO - Processing /home/bharat/.local/lib/python3.11/site-packages/airflow/example_dags/example_sla_dag.py took 0.034 seconds
