[2024-07-01T17:48:39.969+0530] {processor.py:161} INFO - Started process (PID=11030) to work on /home/bharat/.local/lib/python3.11/site-packages/airflow/example_dags/example_kubernetes_executor.py
[2024-07-01T17:48:39.970+0530] {processor.py:830} INFO - Processing file /home/bharat/.local/lib/python3.11/site-packages/airflow/example_dags/example_kubernetes_executor.py for tasks to queue
[2024-07-01T17:48:39.972+0530] {logging_mixin.py:188} INFO - [2024-07-01T17:48:39.971+0530] {dagbag.py:545} INFO - Filling up the DagBag from /home/bharat/.local/lib/python3.11/site-packages/airflow/example_dags/example_kubernetes_executor.py
[2024-07-01T17:48:40.115+0530] {processor.py:840} INFO - DAG(s) 'example_kubernetes_executor' retrieved from /home/bharat/.local/lib/python3.11/site-packages/airflow/example_dags/example_kubernetes_executor.py
[2024-07-01T17:48:40.119+0530] {logging_mixin.py:188} WARNING - /home/bharat/.local/lib/python3.11/site-packages/airflow/serialization/serialized_objects.py:1673 DeprecationWarning: This module is deprecated. The `cncf.kubernetes` provider before version 7.4.0 uses this module - you should migrate to a newer version of `cncf.kubernetes` to get rid of this warning. If you import the module via `airflow.kubernetes` import, please use `cncf.kubernetes' provider 7.4.0+ and switch all your imports to use `apache.airflow.providers.cncf.kubernetes` to get rid of the warning.
[2024-07-01T17:48:40.149+0530] {logging_mixin.py:188} INFO - [2024-07-01T17:48:40.149+0530] {dag.py:3096} INFO - Sync 1 DAGs
[2024-07-01T17:48:40.152+0530] {logging_mixin.py:188} INFO - [2024-07-01T17:48:40.152+0530] {dag.py:3954} INFO - Setting next_dagrun for example_kubernetes_executor to None, run_after=None
[2024-07-01T17:48:40.161+0530] {processor.py:183} INFO - Processing /home/bharat/.local/lib/python3.11/site-packages/airflow/example_dags/example_kubernetes_executor.py took 0.201 seconds
[2024-07-01T17:49:48.476+0530] {processor.py:161} INFO - Started process (PID=11412) to work on /home/bharat/.local/lib/python3.11/site-packages/airflow/example_dags/example_kubernetes_executor.py
[2024-07-01T17:49:48.477+0530] {processor.py:830} INFO - Processing file /home/bharat/.local/lib/python3.11/site-packages/airflow/example_dags/example_kubernetes_executor.py for tasks to queue
[2024-07-01T17:49:48.479+0530] {logging_mixin.py:188} INFO - [2024-07-01T17:49:48.478+0530] {dagbag.py:545} INFO - Filling up the DagBag from /home/bharat/.local/lib/python3.11/site-packages/airflow/example_dags/example_kubernetes_executor.py
[2024-07-01T17:49:48.603+0530] {processor.py:840} INFO - DAG(s) 'example_kubernetes_executor' retrieved from /home/bharat/.local/lib/python3.11/site-packages/airflow/example_dags/example_kubernetes_executor.py
[2024-07-01T17:49:48.608+0530] {logging_mixin.py:188} WARNING - /home/bharat/.local/lib/python3.11/site-packages/airflow/serialization/serialized_objects.py:1673 DeprecationWarning: This module is deprecated. The `cncf.kubernetes` provider before version 7.4.0 uses this module - you should migrate to a newer version of `cncf.kubernetes` to get rid of this warning. If you import the module via `airflow.kubernetes` import, please use `cncf.kubernetes' provider 7.4.0+ and switch all your imports to use `apache.airflow.providers.cncf.kubernetes` to get rid of the warning.
[2024-07-01T17:49:48.611+0530] {logging_mixin.py:188} INFO - [2024-07-01T17:49:48.611+0530] {dag.py:3096} INFO - Sync 1 DAGs
[2024-07-01T17:49:48.614+0530] {logging_mixin.py:188} INFO - [2024-07-01T17:49:48.614+0530] {dag.py:3954} INFO - Setting next_dagrun for example_kubernetes_executor to None, run_after=None
[2024-07-01T17:49:48.623+0530] {processor.py:183} INFO - Processing /home/bharat/.local/lib/python3.11/site-packages/airflow/example_dags/example_kubernetes_executor.py took 0.155 seconds
[2024-07-01T17:50:51.662+0530] {processor.py:161} INFO - Started process (PID=11503) to work on /home/bharat/.local/lib/python3.11/site-packages/airflow/example_dags/example_kubernetes_executor.py
[2024-07-01T17:50:51.662+0530] {processor.py:830} INFO - Processing file /home/bharat/.local/lib/python3.11/site-packages/airflow/example_dags/example_kubernetes_executor.py for tasks to queue
[2024-07-01T17:50:51.663+0530] {logging_mixin.py:188} INFO - [2024-07-01T17:50:51.663+0530] {dagbag.py:545} INFO - Filling up the DagBag from /home/bharat/.local/lib/python3.11/site-packages/airflow/example_dags/example_kubernetes_executor.py
[2024-07-01T17:50:51.745+0530] {processor.py:840} INFO - DAG(s) 'example_kubernetes_executor' retrieved from /home/bharat/.local/lib/python3.11/site-packages/airflow/example_dags/example_kubernetes_executor.py
[2024-07-01T17:50:51.750+0530] {logging_mixin.py:188} WARNING - /home/bharat/.local/lib/python3.11/site-packages/airflow/serialization/serialized_objects.py:1673 DeprecationWarning: This module is deprecated. The `cncf.kubernetes` provider before version 7.4.0 uses this module - you should migrate to a newer version of `cncf.kubernetes` to get rid of this warning. If you import the module via `airflow.kubernetes` import, please use `cncf.kubernetes' provider 7.4.0+ and switch all your imports to use `apache.airflow.providers.cncf.kubernetes` to get rid of the warning.
[2024-07-01T17:50:51.753+0530] {logging_mixin.py:188} INFO - [2024-07-01T17:50:51.753+0530] {dag.py:3096} INFO - Sync 1 DAGs
[2024-07-01T17:50:51.758+0530] {logging_mixin.py:188} INFO - [2024-07-01T17:50:51.757+0530] {dag.py:3954} INFO - Setting next_dagrun for example_kubernetes_executor to None, run_after=None
[2024-07-01T17:50:51.767+0530] {processor.py:183} INFO - Processing /home/bharat/.local/lib/python3.11/site-packages/airflow/example_dags/example_kubernetes_executor.py took 0.111 seconds
[2024-07-01T17:51:48.202+0530] {processor.py:161} INFO - Started process (PID=11701) to work on /home/bharat/.local/lib/python3.11/site-packages/airflow/example_dags/example_kubernetes_executor.py
[2024-07-01T17:51:48.203+0530] {processor.py:830} INFO - Processing file /home/bharat/.local/lib/python3.11/site-packages/airflow/example_dags/example_kubernetes_executor.py for tasks to queue
[2024-07-01T17:51:48.203+0530] {logging_mixin.py:188} INFO - [2024-07-01T17:51:48.203+0530] {dagbag.py:545} INFO - Filling up the DagBag from /home/bharat/.local/lib/python3.11/site-packages/airflow/example_dags/example_kubernetes_executor.py
[2024-07-01T17:51:48.303+0530] {processor.py:840} INFO - DAG(s) 'example_kubernetes_executor' retrieved from /home/bharat/.local/lib/python3.11/site-packages/airflow/example_dags/example_kubernetes_executor.py
[2024-07-01T17:51:48.309+0530] {logging_mixin.py:188} WARNING - /home/bharat/.local/lib/python3.11/site-packages/airflow/serialization/serialized_objects.py:1673 DeprecationWarning: This module is deprecated. The `cncf.kubernetes` provider before version 7.4.0 uses this module - you should migrate to a newer version of `cncf.kubernetes` to get rid of this warning. If you import the module via `airflow.kubernetes` import, please use `cncf.kubernetes' provider 7.4.0+ and switch all your imports to use `apache.airflow.providers.cncf.kubernetes` to get rid of the warning.
[2024-07-01T17:51:48.315+0530] {logging_mixin.py:188} INFO - [2024-07-01T17:51:48.314+0530] {dag.py:3096} INFO - Sync 1 DAGs
[2024-07-01T17:51:48.319+0530] {logging_mixin.py:188} INFO - [2024-07-01T17:51:48.319+0530] {dag.py:3954} INFO - Setting next_dagrun for example_kubernetes_executor to None, run_after=None
[2024-07-01T17:51:48.329+0530] {processor.py:183} INFO - Processing /home/bharat/.local/lib/python3.11/site-packages/airflow/example_dags/example_kubernetes_executor.py took 0.131 seconds
[2024-07-01T17:53:01.484+0530] {processor.py:161} INFO - Started process (PID=12090) to work on /home/bharat/.local/lib/python3.11/site-packages/airflow/example_dags/example_kubernetes_executor.py
[2024-07-01T17:53:01.486+0530] {processor.py:830} INFO - Processing file /home/bharat/.local/lib/python3.11/site-packages/airflow/example_dags/example_kubernetes_executor.py for tasks to queue
[2024-07-01T17:53:01.488+0530] {logging_mixin.py:188} INFO - [2024-07-01T17:53:01.487+0530] {dagbag.py:545} INFO - Filling up the DagBag from /home/bharat/.local/lib/python3.11/site-packages/airflow/example_dags/example_kubernetes_executor.py
[2024-07-01T17:53:01.582+0530] {processor.py:840} INFO - DAG(s) 'example_kubernetes_executor' retrieved from /home/bharat/.local/lib/python3.11/site-packages/airflow/example_dags/example_kubernetes_executor.py
[2024-07-01T17:53:01.588+0530] {logging_mixin.py:188} WARNING - /home/bharat/.local/lib/python3.11/site-packages/airflow/serialization/serialized_objects.py:1673 DeprecationWarning: This module is deprecated. The `cncf.kubernetes` provider before version 7.4.0 uses this module - you should migrate to a newer version of `cncf.kubernetes` to get rid of this warning. If you import the module via `airflow.kubernetes` import, please use `cncf.kubernetes' provider 7.4.0+ and switch all your imports to use `apache.airflow.providers.cncf.kubernetes` to get rid of the warning.
[2024-07-01T17:53:01.593+0530] {logging_mixin.py:188} INFO - [2024-07-01T17:53:01.593+0530] {dag.py:3096} INFO - Sync 1 DAGs
[2024-07-01T17:53:01.597+0530] {logging_mixin.py:188} INFO - [2024-07-01T17:53:01.597+0530] {dag.py:3954} INFO - Setting next_dagrun for example_kubernetes_executor to None, run_after=None
[2024-07-01T17:53:01.607+0530] {processor.py:183} INFO - Processing /home/bharat/.local/lib/python3.11/site-packages/airflow/example_dags/example_kubernetes_executor.py took 0.132 seconds
[2024-07-01T17:54:04.437+0530] {processor.py:161} INFO - Started process (PID=12492) to work on /home/bharat/.local/lib/python3.11/site-packages/airflow/example_dags/example_kubernetes_executor.py
[2024-07-01T17:54:04.437+0530] {processor.py:830} INFO - Processing file /home/bharat/.local/lib/python3.11/site-packages/airflow/example_dags/example_kubernetes_executor.py for tasks to queue
[2024-07-01T17:54:04.439+0530] {logging_mixin.py:188} INFO - [2024-07-01T17:54:04.439+0530] {dagbag.py:545} INFO - Filling up the DagBag from /home/bharat/.local/lib/python3.11/site-packages/airflow/example_dags/example_kubernetes_executor.py
[2024-07-01T17:54:04.526+0530] {processor.py:840} INFO - DAG(s) 'example_kubernetes_executor' retrieved from /home/bharat/.local/lib/python3.11/site-packages/airflow/example_dags/example_kubernetes_executor.py
[2024-07-01T17:54:04.531+0530] {logging_mixin.py:188} WARNING - /home/bharat/.local/lib/python3.11/site-packages/airflow/serialization/serialized_objects.py:1673 DeprecationWarning: This module is deprecated. The `cncf.kubernetes` provider before version 7.4.0 uses this module - you should migrate to a newer version of `cncf.kubernetes` to get rid of this warning. If you import the module via `airflow.kubernetes` import, please use `cncf.kubernetes' provider 7.4.0+ and switch all your imports to use `apache.airflow.providers.cncf.kubernetes` to get rid of the warning.
[2024-07-01T17:54:04.535+0530] {logging_mixin.py:188} INFO - [2024-07-01T17:54:04.535+0530] {dag.py:3096} INFO - Sync 1 DAGs
[2024-07-01T17:54:04.539+0530] {logging_mixin.py:188} INFO - [2024-07-01T17:54:04.539+0530] {dag.py:3954} INFO - Setting next_dagrun for example_kubernetes_executor to None, run_after=None
[2024-07-01T17:54:04.549+0530] {processor.py:183} INFO - Processing /home/bharat/.local/lib/python3.11/site-packages/airflow/example_dags/example_kubernetes_executor.py took 0.117 seconds
[2024-07-01T17:55:06.240+0530] {processor.py:161} INFO - Started process (PID=12591) to work on /home/bharat/.local/lib/python3.11/site-packages/airflow/example_dags/example_kubernetes_executor.py
[2024-07-01T17:55:06.241+0530] {processor.py:830} INFO - Processing file /home/bharat/.local/lib/python3.11/site-packages/airflow/example_dags/example_kubernetes_executor.py for tasks to queue
[2024-07-01T17:55:06.242+0530] {logging_mixin.py:188} INFO - [2024-07-01T17:55:06.241+0530] {dagbag.py:545} INFO - Filling up the DagBag from /home/bharat/.local/lib/python3.11/site-packages/airflow/example_dags/example_kubernetes_executor.py
[2024-07-01T17:55:06.327+0530] {processor.py:840} INFO - DAG(s) 'example_kubernetes_executor' retrieved from /home/bharat/.local/lib/python3.11/site-packages/airflow/example_dags/example_kubernetes_executor.py
[2024-07-01T17:55:06.333+0530] {logging_mixin.py:188} WARNING - /home/bharat/.local/lib/python3.11/site-packages/airflow/serialization/serialized_objects.py:1673 DeprecationWarning: This module is deprecated. The `cncf.kubernetes` provider before version 7.4.0 uses this module - you should migrate to a newer version of `cncf.kubernetes` to get rid of this warning. If you import the module via `airflow.kubernetes` import, please use `cncf.kubernetes' provider 7.4.0+ and switch all your imports to use `apache.airflow.providers.cncf.kubernetes` to get rid of the warning.
[2024-07-01T17:55:06.337+0530] {logging_mixin.py:188} INFO - [2024-07-01T17:55:06.337+0530] {dag.py:3096} INFO - Sync 1 DAGs
[2024-07-01T17:55:06.341+0530] {logging_mixin.py:188} INFO - [2024-07-01T17:55:06.341+0530] {dag.py:3954} INFO - Setting next_dagrun for example_kubernetes_executor to None, run_after=None
[2024-07-01T17:55:06.350+0530] {processor.py:183} INFO - Processing /home/bharat/.local/lib/python3.11/site-packages/airflow/example_dags/example_kubernetes_executor.py took 0.115 seconds
[2024-07-01T17:55:59.104+0530] {processor.py:161} INFO - Started process (PID=12672) to work on /home/bharat/.local/lib/python3.11/site-packages/airflow/example_dags/example_kubernetes_executor.py
[2024-07-01T17:55:59.105+0530] {processor.py:830} INFO - Processing file /home/bharat/.local/lib/python3.11/site-packages/airflow/example_dags/example_kubernetes_executor.py for tasks to queue
[2024-07-01T17:55:59.106+0530] {logging_mixin.py:188} INFO - [2024-07-01T17:55:59.105+0530] {dagbag.py:545} INFO - Filling up the DagBag from /home/bharat/.local/lib/python3.11/site-packages/airflow/example_dags/example_kubernetes_executor.py
[2024-07-01T17:55:59.188+0530] {processor.py:840} INFO - DAG(s) 'example_kubernetes_executor' retrieved from /home/bharat/.local/lib/python3.11/site-packages/airflow/example_dags/example_kubernetes_executor.py
[2024-07-01T17:55:59.193+0530] {logging_mixin.py:188} WARNING - /home/bharat/.local/lib/python3.11/site-packages/airflow/serialization/serialized_objects.py:1673 DeprecationWarning: This module is deprecated. The `cncf.kubernetes` provider before version 7.4.0 uses this module - you should migrate to a newer version of `cncf.kubernetes` to get rid of this warning. If you import the module via `airflow.kubernetes` import, please use `cncf.kubernetes' provider 7.4.0+ and switch all your imports to use `apache.airflow.providers.cncf.kubernetes` to get rid of the warning.
[2024-07-01T17:55:59.197+0530] {logging_mixin.py:188} INFO - [2024-07-01T17:55:59.197+0530] {dag.py:3096} INFO - Sync 1 DAGs
[2024-07-01T17:55:59.202+0530] {logging_mixin.py:188} INFO - [2024-07-01T17:55:59.202+0530] {dag.py:3954} INFO - Setting next_dagrun for example_kubernetes_executor to None, run_after=None
[2024-07-01T17:55:59.211+0530] {processor.py:183} INFO - Processing /home/bharat/.local/lib/python3.11/site-packages/airflow/example_dags/example_kubernetes_executor.py took 0.111 seconds
[2024-07-01T17:56:52.572+0530] {processor.py:161} INFO - Started process (PID=12745) to work on /home/bharat/.local/lib/python3.11/site-packages/airflow/example_dags/example_kubernetes_executor.py
[2024-07-01T17:56:52.572+0530] {processor.py:830} INFO - Processing file /home/bharat/.local/lib/python3.11/site-packages/airflow/example_dags/example_kubernetes_executor.py for tasks to queue
[2024-07-01T17:56:52.574+0530] {logging_mixin.py:188} INFO - [2024-07-01T17:56:52.573+0530] {dagbag.py:545} INFO - Filling up the DagBag from /home/bharat/.local/lib/python3.11/site-packages/airflow/example_dags/example_kubernetes_executor.py
[2024-07-01T17:56:52.660+0530] {processor.py:840} INFO - DAG(s) 'example_kubernetes_executor' retrieved from /home/bharat/.local/lib/python3.11/site-packages/airflow/example_dags/example_kubernetes_executor.py
[2024-07-01T17:56:52.665+0530] {logging_mixin.py:188} WARNING - /home/bharat/.local/lib/python3.11/site-packages/airflow/serialization/serialized_objects.py:1673 DeprecationWarning: This module is deprecated. The `cncf.kubernetes` provider before version 7.4.0 uses this module - you should migrate to a newer version of `cncf.kubernetes` to get rid of this warning. If you import the module via `airflow.kubernetes` import, please use `cncf.kubernetes' provider 7.4.0+ and switch all your imports to use `apache.airflow.providers.cncf.kubernetes` to get rid of the warning.
[2024-07-01T17:56:52.669+0530] {logging_mixin.py:188} INFO - [2024-07-01T17:56:52.668+0530] {dag.py:3096} INFO - Sync 1 DAGs
[2024-07-01T17:56:52.672+0530] {logging_mixin.py:188} INFO - [2024-07-01T17:56:52.672+0530] {dag.py:3954} INFO - Setting next_dagrun for example_kubernetes_executor to None, run_after=None
[2024-07-01T17:56:52.682+0530] {processor.py:183} INFO - Processing /home/bharat/.local/lib/python3.11/site-packages/airflow/example_dags/example_kubernetes_executor.py took 0.115 seconds
[2024-07-01T17:57:45.995+0530] {processor.py:161} INFO - Started process (PID=12819) to work on /home/bharat/.local/lib/python3.11/site-packages/airflow/example_dags/example_kubernetes_executor.py
[2024-07-01T17:57:45.996+0530] {processor.py:830} INFO - Processing file /home/bharat/.local/lib/python3.11/site-packages/airflow/example_dags/example_kubernetes_executor.py for tasks to queue
[2024-07-01T17:57:45.997+0530] {logging_mixin.py:188} INFO - [2024-07-01T17:57:45.997+0530] {dagbag.py:545} INFO - Filling up the DagBag from /home/bharat/.local/lib/python3.11/site-packages/airflow/example_dags/example_kubernetes_executor.py
[2024-07-01T17:57:46.084+0530] {processor.py:840} INFO - DAG(s) 'example_kubernetes_executor' retrieved from /home/bharat/.local/lib/python3.11/site-packages/airflow/example_dags/example_kubernetes_executor.py
[2024-07-01T17:57:46.090+0530] {logging_mixin.py:188} WARNING - /home/bharat/.local/lib/python3.11/site-packages/airflow/serialization/serialized_objects.py:1673 DeprecationWarning: This module is deprecated. The `cncf.kubernetes` provider before version 7.4.0 uses this module - you should migrate to a newer version of `cncf.kubernetes` to get rid of this warning. If you import the module via `airflow.kubernetes` import, please use `cncf.kubernetes' provider 7.4.0+ and switch all your imports to use `apache.airflow.providers.cncf.kubernetes` to get rid of the warning.
[2024-07-01T17:57:46.093+0530] {logging_mixin.py:188} INFO - [2024-07-01T17:57:46.093+0530] {dag.py:3096} INFO - Sync 1 DAGs
[2024-07-01T17:57:46.098+0530] {logging_mixin.py:188} INFO - [2024-07-01T17:57:46.097+0530] {dag.py:3954} INFO - Setting next_dagrun for example_kubernetes_executor to None, run_after=None
[2024-07-01T17:57:46.107+0530] {processor.py:183} INFO - Processing /home/bharat/.local/lib/python3.11/site-packages/airflow/example_dags/example_kubernetes_executor.py took 0.117 seconds
[2024-07-01T17:58:38.184+0530] {processor.py:161} INFO - Started process (PID=12920) to work on /home/bharat/.local/lib/python3.11/site-packages/airflow/example_dags/example_kubernetes_executor.py
[2024-07-01T17:58:38.185+0530] {processor.py:830} INFO - Processing file /home/bharat/.local/lib/python3.11/site-packages/airflow/example_dags/example_kubernetes_executor.py for tasks to queue
[2024-07-01T17:58:38.186+0530] {logging_mixin.py:188} INFO - [2024-07-01T17:58:38.185+0530] {dagbag.py:545} INFO - Filling up the DagBag from /home/bharat/.local/lib/python3.11/site-packages/airflow/example_dags/example_kubernetes_executor.py
[2024-07-01T17:58:38.268+0530] {processor.py:840} INFO - DAG(s) 'example_kubernetes_executor' retrieved from /home/bharat/.local/lib/python3.11/site-packages/airflow/example_dags/example_kubernetes_executor.py
[2024-07-01T17:58:38.274+0530] {logging_mixin.py:188} WARNING - /home/bharat/.local/lib/python3.11/site-packages/airflow/serialization/serialized_objects.py:1673 DeprecationWarning: This module is deprecated. The `cncf.kubernetes` provider before version 7.4.0 uses this module - you should migrate to a newer version of `cncf.kubernetes` to get rid of this warning. If you import the module via `airflow.kubernetes` import, please use `cncf.kubernetes' provider 7.4.0+ and switch all your imports to use `apache.airflow.providers.cncf.kubernetes` to get rid of the warning.
[2024-07-01T17:58:38.278+0530] {logging_mixin.py:188} INFO - [2024-07-01T17:58:38.278+0530] {dag.py:3096} INFO - Sync 1 DAGs
[2024-07-01T17:58:38.282+0530] {logging_mixin.py:188} INFO - [2024-07-01T17:58:38.282+0530] {dag.py:3954} INFO - Setting next_dagrun for example_kubernetes_executor to None, run_after=None
[2024-07-01T17:58:38.291+0530] {processor.py:183} INFO - Processing /home/bharat/.local/lib/python3.11/site-packages/airflow/example_dags/example_kubernetes_executor.py took 0.112 seconds
[2024-07-01T17:59:28.337+0530] {processor.py:161} INFO - Started process (PID=12990) to work on /home/bharat/.local/lib/python3.11/site-packages/airflow/example_dags/example_kubernetes_executor.py
[2024-07-01T17:59:28.338+0530] {processor.py:830} INFO - Processing file /home/bharat/.local/lib/python3.11/site-packages/airflow/example_dags/example_kubernetes_executor.py for tasks to queue
[2024-07-01T17:59:28.339+0530] {logging_mixin.py:188} INFO - [2024-07-01T17:59:28.338+0530] {dagbag.py:545} INFO - Filling up the DagBag from /home/bharat/.local/lib/python3.11/site-packages/airflow/example_dags/example_kubernetes_executor.py
[2024-07-01T17:59:28.420+0530] {processor.py:840} INFO - DAG(s) 'example_kubernetes_executor' retrieved from /home/bharat/.local/lib/python3.11/site-packages/airflow/example_dags/example_kubernetes_executor.py
[2024-07-01T17:59:28.425+0530] {logging_mixin.py:188} WARNING - /home/bharat/.local/lib/python3.11/site-packages/airflow/serialization/serialized_objects.py:1673 DeprecationWarning: This module is deprecated. The `cncf.kubernetes` provider before version 7.4.0 uses this module - you should migrate to a newer version of `cncf.kubernetes` to get rid of this warning. If you import the module via `airflow.kubernetes` import, please use `cncf.kubernetes' provider 7.4.0+ and switch all your imports to use `apache.airflow.providers.cncf.kubernetes` to get rid of the warning.
[2024-07-01T17:59:28.429+0530] {logging_mixin.py:188} INFO - [2024-07-01T17:59:28.429+0530] {dag.py:3096} INFO - Sync 1 DAGs
[2024-07-01T17:59:28.433+0530] {logging_mixin.py:188} INFO - [2024-07-01T17:59:28.433+0530] {dag.py:3954} INFO - Setting next_dagrun for example_kubernetes_executor to None, run_after=None
[2024-07-01T17:59:28.443+0530] {processor.py:183} INFO - Processing /home/bharat/.local/lib/python3.11/site-packages/airflow/example_dags/example_kubernetes_executor.py took 0.110 seconds
[2024-07-01T18:00:20.475+0530] {processor.py:161} INFO - Started process (PID=13067) to work on /home/bharat/.local/lib/python3.11/site-packages/airflow/example_dags/example_kubernetes_executor.py
[2024-07-01T18:00:20.475+0530] {processor.py:830} INFO - Processing file /home/bharat/.local/lib/python3.11/site-packages/airflow/example_dags/example_kubernetes_executor.py for tasks to queue
[2024-07-01T18:00:20.476+0530] {logging_mixin.py:188} INFO - [2024-07-01T18:00:20.476+0530] {dagbag.py:545} INFO - Filling up the DagBag from /home/bharat/.local/lib/python3.11/site-packages/airflow/example_dags/example_kubernetes_executor.py
[2024-07-01T18:00:20.560+0530] {processor.py:840} INFO - DAG(s) 'example_kubernetes_executor' retrieved from /home/bharat/.local/lib/python3.11/site-packages/airflow/example_dags/example_kubernetes_executor.py
[2024-07-01T18:00:20.565+0530] {logging_mixin.py:188} WARNING - /home/bharat/.local/lib/python3.11/site-packages/airflow/serialization/serialized_objects.py:1673 DeprecationWarning: This module is deprecated. The `cncf.kubernetes` provider before version 7.4.0 uses this module - you should migrate to a newer version of `cncf.kubernetes` to get rid of this warning. If you import the module via `airflow.kubernetes` import, please use `cncf.kubernetes' provider 7.4.0+ and switch all your imports to use `apache.airflow.providers.cncf.kubernetes` to get rid of the warning.
[2024-07-01T18:00:20.569+0530] {logging_mixin.py:188} INFO - [2024-07-01T18:00:20.569+0530] {dag.py:3096} INFO - Sync 1 DAGs
[2024-07-01T18:00:20.573+0530] {logging_mixin.py:188} INFO - [2024-07-01T18:00:20.573+0530] {dag.py:3954} INFO - Setting next_dagrun for example_kubernetes_executor to None, run_after=None
[2024-07-01T18:00:20.582+0530] {processor.py:183} INFO - Processing /home/bharat/.local/lib/python3.11/site-packages/airflow/example_dags/example_kubernetes_executor.py took 0.113 seconds
[2024-07-01T18:01:12.411+0530] {processor.py:161} INFO - Started process (PID=13142) to work on /home/bharat/.local/lib/python3.11/site-packages/airflow/example_dags/example_kubernetes_executor.py
[2024-07-01T18:01:12.412+0530] {processor.py:830} INFO - Processing file /home/bharat/.local/lib/python3.11/site-packages/airflow/example_dags/example_kubernetes_executor.py for tasks to queue
[2024-07-01T18:01:12.413+0530] {logging_mixin.py:188} INFO - [2024-07-01T18:01:12.413+0530] {dagbag.py:545} INFO - Filling up the DagBag from /home/bharat/.local/lib/python3.11/site-packages/airflow/example_dags/example_kubernetes_executor.py
[2024-07-01T18:01:12.495+0530] {processor.py:840} INFO - DAG(s) 'example_kubernetes_executor' retrieved from /home/bharat/.local/lib/python3.11/site-packages/airflow/example_dags/example_kubernetes_executor.py
[2024-07-01T18:01:12.500+0530] {logging_mixin.py:188} WARNING - /home/bharat/.local/lib/python3.11/site-packages/airflow/serialization/serialized_objects.py:1673 DeprecationWarning: This module is deprecated. The `cncf.kubernetes` provider before version 7.4.0 uses this module - you should migrate to a newer version of `cncf.kubernetes` to get rid of this warning. If you import the module via `airflow.kubernetes` import, please use `cncf.kubernetes' provider 7.4.0+ and switch all your imports to use `apache.airflow.providers.cncf.kubernetes` to get rid of the warning.
[2024-07-01T18:01:12.504+0530] {logging_mixin.py:188} INFO - [2024-07-01T18:01:12.504+0530] {dag.py:3096} INFO - Sync 1 DAGs
[2024-07-01T18:01:12.508+0530] {logging_mixin.py:188} INFO - [2024-07-01T18:01:12.508+0530] {dag.py:3954} INFO - Setting next_dagrun for example_kubernetes_executor to None, run_after=None
[2024-07-01T18:01:12.517+0530] {processor.py:183} INFO - Processing /home/bharat/.local/lib/python3.11/site-packages/airflow/example_dags/example_kubernetes_executor.py took 0.110 seconds
[2024-07-01T18:02:05.181+0530] {processor.py:161} INFO - Started process (PID=13215) to work on /home/bharat/.local/lib/python3.11/site-packages/airflow/example_dags/example_kubernetes_executor.py
[2024-07-01T18:02:05.182+0530] {processor.py:830} INFO - Processing file /home/bharat/.local/lib/python3.11/site-packages/airflow/example_dags/example_kubernetes_executor.py for tasks to queue
[2024-07-01T18:02:05.183+0530] {logging_mixin.py:188} INFO - [2024-07-01T18:02:05.183+0530] {dagbag.py:545} INFO - Filling up the DagBag from /home/bharat/.local/lib/python3.11/site-packages/airflow/example_dags/example_kubernetes_executor.py
[2024-07-01T18:02:05.266+0530] {processor.py:840} INFO - DAG(s) 'example_kubernetes_executor' retrieved from /home/bharat/.local/lib/python3.11/site-packages/airflow/example_dags/example_kubernetes_executor.py
[2024-07-01T18:02:05.271+0530] {logging_mixin.py:188} WARNING - /home/bharat/.local/lib/python3.11/site-packages/airflow/serialization/serialized_objects.py:1673 DeprecationWarning: This module is deprecated. The `cncf.kubernetes` provider before version 7.4.0 uses this module - you should migrate to a newer version of `cncf.kubernetes` to get rid of this warning. If you import the module via `airflow.kubernetes` import, please use `cncf.kubernetes' provider 7.4.0+ and switch all your imports to use `apache.airflow.providers.cncf.kubernetes` to get rid of the warning.
[2024-07-01T18:02:05.275+0530] {logging_mixin.py:188} INFO - [2024-07-01T18:02:05.275+0530] {dag.py:3096} INFO - Sync 1 DAGs
[2024-07-01T18:02:05.279+0530] {logging_mixin.py:188} INFO - [2024-07-01T18:02:05.279+0530] {dag.py:3954} INFO - Setting next_dagrun for example_kubernetes_executor to None, run_after=None
[2024-07-01T18:02:05.288+0530] {processor.py:183} INFO - Processing /home/bharat/.local/lib/python3.11/site-packages/airflow/example_dags/example_kubernetes_executor.py took 0.113 seconds
[2024-07-01T18:02:57.774+0530] {processor.py:161} INFO - Started process (PID=13288) to work on /home/bharat/.local/lib/python3.11/site-packages/airflow/example_dags/example_kubernetes_executor.py
[2024-07-01T18:02:57.774+0530] {processor.py:830} INFO - Processing file /home/bharat/.local/lib/python3.11/site-packages/airflow/example_dags/example_kubernetes_executor.py for tasks to queue
[2024-07-01T18:02:57.776+0530] {logging_mixin.py:188} INFO - [2024-07-01T18:02:57.775+0530] {dagbag.py:545} INFO - Filling up the DagBag from /home/bharat/.local/lib/python3.11/site-packages/airflow/example_dags/example_kubernetes_executor.py
[2024-07-01T18:02:57.863+0530] {processor.py:840} INFO - DAG(s) 'example_kubernetes_executor' retrieved from /home/bharat/.local/lib/python3.11/site-packages/airflow/example_dags/example_kubernetes_executor.py
[2024-07-01T18:02:57.868+0530] {logging_mixin.py:188} WARNING - /home/bharat/.local/lib/python3.11/site-packages/airflow/serialization/serialized_objects.py:1673 DeprecationWarning: This module is deprecated. The `cncf.kubernetes` provider before version 7.4.0 uses this module - you should migrate to a newer version of `cncf.kubernetes` to get rid of this warning. If you import the module via `airflow.kubernetes` import, please use `cncf.kubernetes' provider 7.4.0+ and switch all your imports to use `apache.airflow.providers.cncf.kubernetes` to get rid of the warning.
[2024-07-01T18:02:57.872+0530] {logging_mixin.py:188} INFO - [2024-07-01T18:02:57.872+0530] {dag.py:3096} INFO - Sync 1 DAGs
[2024-07-01T18:02:57.876+0530] {logging_mixin.py:188} INFO - [2024-07-01T18:02:57.876+0530] {dag.py:3954} INFO - Setting next_dagrun for example_kubernetes_executor to None, run_after=None
[2024-07-01T18:02:57.886+0530] {processor.py:183} INFO - Processing /home/bharat/.local/lib/python3.11/site-packages/airflow/example_dags/example_kubernetes_executor.py took 0.118 seconds
[2024-07-01T18:03:48.023+0530] {processor.py:161} INFO - Started process (PID=13387) to work on /home/bharat/.local/lib/python3.11/site-packages/airflow/example_dags/example_kubernetes_executor.py
[2024-07-01T18:03:48.025+0530] {processor.py:830} INFO - Processing file /home/bharat/.local/lib/python3.11/site-packages/airflow/example_dags/example_kubernetes_executor.py for tasks to queue
[2024-07-01T18:03:48.026+0530] {logging_mixin.py:188} INFO - [2024-07-01T18:03:48.026+0530] {dagbag.py:545} INFO - Filling up the DagBag from /home/bharat/.local/lib/python3.11/site-packages/airflow/example_dags/example_kubernetes_executor.py
[2024-07-01T18:03:48.111+0530] {processor.py:840} INFO - DAG(s) 'example_kubernetes_executor' retrieved from /home/bharat/.local/lib/python3.11/site-packages/airflow/example_dags/example_kubernetes_executor.py
[2024-07-01T18:03:48.116+0530] {logging_mixin.py:188} WARNING - /home/bharat/.local/lib/python3.11/site-packages/airflow/serialization/serialized_objects.py:1673 DeprecationWarning: This module is deprecated. The `cncf.kubernetes` provider before version 7.4.0 uses this module - you should migrate to a newer version of `cncf.kubernetes` to get rid of this warning. If you import the module via `airflow.kubernetes` import, please use `cncf.kubernetes' provider 7.4.0+ and switch all your imports to use `apache.airflow.providers.cncf.kubernetes` to get rid of the warning.
[2024-07-01T18:03:48.120+0530] {logging_mixin.py:188} INFO - [2024-07-01T18:03:48.119+0530] {dag.py:3096} INFO - Sync 1 DAGs
[2024-07-01T18:03:48.123+0530] {logging_mixin.py:188} INFO - [2024-07-01T18:03:48.123+0530] {dag.py:3954} INFO - Setting next_dagrun for example_kubernetes_executor to None, run_after=None
[2024-07-01T18:03:48.133+0530] {processor.py:183} INFO - Processing /home/bharat/.local/lib/python3.11/site-packages/airflow/example_dags/example_kubernetes_executor.py took 0.117 seconds
[2024-07-01T18:04:41.755+0530] {processor.py:161} INFO - Started process (PID=13832) to work on /home/bharat/.local/lib/python3.11/site-packages/airflow/example_dags/example_kubernetes_executor.py
[2024-07-01T18:04:41.756+0530] {processor.py:830} INFO - Processing file /home/bharat/.local/lib/python3.11/site-packages/airflow/example_dags/example_kubernetes_executor.py for tasks to queue
[2024-07-01T18:04:41.756+0530] {logging_mixin.py:188} INFO - [2024-07-01T18:04:41.756+0530] {dagbag.py:545} INFO - Filling up the DagBag from /home/bharat/.local/lib/python3.11/site-packages/airflow/example_dags/example_kubernetes_executor.py
[2024-07-01T18:04:41.841+0530] {processor.py:840} INFO - DAG(s) 'example_kubernetes_executor' retrieved from /home/bharat/.local/lib/python3.11/site-packages/airflow/example_dags/example_kubernetes_executor.py
[2024-07-01T18:04:41.849+0530] {logging_mixin.py:188} WARNING - /home/bharat/.local/lib/python3.11/site-packages/airflow/serialization/serialized_objects.py:1673 DeprecationWarning: This module is deprecated. The `cncf.kubernetes` provider before version 7.4.0 uses this module - you should migrate to a newer version of `cncf.kubernetes` to get rid of this warning. If you import the module via `airflow.kubernetes` import, please use `cncf.kubernetes' provider 7.4.0+ and switch all your imports to use `apache.airflow.providers.cncf.kubernetes` to get rid of the warning.
[2024-07-01T18:04:41.853+0530] {logging_mixin.py:188} INFO - [2024-07-01T18:04:41.852+0530] {dag.py:3096} INFO - Sync 1 DAGs
[2024-07-01T18:04:41.857+0530] {logging_mixin.py:188} INFO - [2024-07-01T18:04:41.857+0530] {dag.py:3954} INFO - Setting next_dagrun for example_kubernetes_executor to None, run_after=None
[2024-07-01T18:04:41.867+0530] {processor.py:183} INFO - Processing /home/bharat/.local/lib/python3.11/site-packages/airflow/example_dags/example_kubernetes_executor.py took 0.114 seconds
[2024-07-01T18:05:33.905+0530] {processor.py:161} INFO - Started process (PID=13969) to work on /home/bharat/.local/lib/python3.11/site-packages/airflow/example_dags/example_kubernetes_executor.py
[2024-07-01T18:05:33.905+0530] {processor.py:830} INFO - Processing file /home/bharat/.local/lib/python3.11/site-packages/airflow/example_dags/example_kubernetes_executor.py for tasks to queue
[2024-07-01T18:05:33.907+0530] {logging_mixin.py:188} INFO - [2024-07-01T18:05:33.906+0530] {dagbag.py:545} INFO - Filling up the DagBag from /home/bharat/.local/lib/python3.11/site-packages/airflow/example_dags/example_kubernetes_executor.py
[2024-07-01T18:05:33.999+0530] {processor.py:840} INFO - DAG(s) 'example_kubernetes_executor' retrieved from /home/bharat/.local/lib/python3.11/site-packages/airflow/example_dags/example_kubernetes_executor.py
[2024-07-01T18:05:34.005+0530] {logging_mixin.py:188} WARNING - /home/bharat/.local/lib/python3.11/site-packages/airflow/serialization/serialized_objects.py:1673 DeprecationWarning: This module is deprecated. The `cncf.kubernetes` provider before version 7.4.0 uses this module - you should migrate to a newer version of `cncf.kubernetes` to get rid of this warning. If you import the module via `airflow.kubernetes` import, please use `cncf.kubernetes' provider 7.4.0+ and switch all your imports to use `apache.airflow.providers.cncf.kubernetes` to get rid of the warning.
[2024-07-01T18:05:34.009+0530] {logging_mixin.py:188} INFO - [2024-07-01T18:05:34.009+0530] {dag.py:3096} INFO - Sync 1 DAGs
[2024-07-01T18:05:34.015+0530] {logging_mixin.py:188} INFO - [2024-07-01T18:05:34.015+0530] {dag.py:3954} INFO - Setting next_dagrun for example_kubernetes_executor to None, run_after=None
[2024-07-01T18:05:34.025+0530] {processor.py:183} INFO - Processing /home/bharat/.local/lib/python3.11/site-packages/airflow/example_dags/example_kubernetes_executor.py took 0.127 seconds
[2024-07-01T18:06:23.811+0530] {processor.py:161} INFO - Started process (PID=14054) to work on /home/bharat/.local/lib/python3.11/site-packages/airflow/example_dags/example_kubernetes_executor.py
[2024-07-01T18:06:23.812+0530] {processor.py:830} INFO - Processing file /home/bharat/.local/lib/python3.11/site-packages/airflow/example_dags/example_kubernetes_executor.py for tasks to queue
[2024-07-01T18:06:23.815+0530] {logging_mixin.py:188} INFO - [2024-07-01T18:06:23.814+0530] {dagbag.py:545} INFO - Filling up the DagBag from /home/bharat/.local/lib/python3.11/site-packages/airflow/example_dags/example_kubernetes_executor.py
[2024-07-01T18:06:23.905+0530] {processor.py:840} INFO - DAG(s) 'example_kubernetes_executor' retrieved from /home/bharat/.local/lib/python3.11/site-packages/airflow/example_dags/example_kubernetes_executor.py
[2024-07-01T18:06:23.911+0530] {logging_mixin.py:188} WARNING - /home/bharat/.local/lib/python3.11/site-packages/airflow/serialization/serialized_objects.py:1673 DeprecationWarning: This module is deprecated. The `cncf.kubernetes` provider before version 7.4.0 uses this module - you should migrate to a newer version of `cncf.kubernetes` to get rid of this warning. If you import the module via `airflow.kubernetes` import, please use `cncf.kubernetes' provider 7.4.0+ and switch all your imports to use `apache.airflow.providers.cncf.kubernetes` to get rid of the warning.
[2024-07-01T18:06:23.914+0530] {logging_mixin.py:188} INFO - [2024-07-01T18:06:23.914+0530] {dag.py:3096} INFO - Sync 1 DAGs
[2024-07-01T18:06:23.918+0530] {logging_mixin.py:188} INFO - [2024-07-01T18:06:23.918+0530] {dag.py:3954} INFO - Setting next_dagrun for example_kubernetes_executor to None, run_after=None
[2024-07-01T18:06:23.928+0530] {processor.py:183} INFO - Processing /home/bharat/.local/lib/python3.11/site-packages/airflow/example_dags/example_kubernetes_executor.py took 0.123 seconds
[2024-07-01T18:07:14.069+0530] {processor.py:161} INFO - Started process (PID=14125) to work on /home/bharat/.local/lib/python3.11/site-packages/airflow/example_dags/example_kubernetes_executor.py
[2024-07-01T18:07:14.070+0530] {processor.py:830} INFO - Processing file /home/bharat/.local/lib/python3.11/site-packages/airflow/example_dags/example_kubernetes_executor.py for tasks to queue
[2024-07-01T18:07:14.071+0530] {logging_mixin.py:188} INFO - [2024-07-01T18:07:14.071+0530] {dagbag.py:545} INFO - Filling up the DagBag from /home/bharat/.local/lib/python3.11/site-packages/airflow/example_dags/example_kubernetes_executor.py
[2024-07-01T18:07:14.155+0530] {processor.py:840} INFO - DAG(s) 'example_kubernetes_executor' retrieved from /home/bharat/.local/lib/python3.11/site-packages/airflow/example_dags/example_kubernetes_executor.py
[2024-07-01T18:07:14.160+0530] {logging_mixin.py:188} WARNING - /home/bharat/.local/lib/python3.11/site-packages/airflow/serialization/serialized_objects.py:1673 DeprecationWarning: This module is deprecated. The `cncf.kubernetes` provider before version 7.4.0 uses this module - you should migrate to a newer version of `cncf.kubernetes` to get rid of this warning. If you import the module via `airflow.kubernetes` import, please use `cncf.kubernetes' provider 7.4.0+ and switch all your imports to use `apache.airflow.providers.cncf.kubernetes` to get rid of the warning.
[2024-07-01T18:07:14.164+0530] {logging_mixin.py:188} INFO - [2024-07-01T18:07:14.164+0530] {dag.py:3096} INFO - Sync 1 DAGs
[2024-07-01T18:07:14.168+0530] {logging_mixin.py:188} INFO - [2024-07-01T18:07:14.168+0530] {dag.py:3954} INFO - Setting next_dagrun for example_kubernetes_executor to None, run_after=None
[2024-07-01T18:07:14.177+0530] {processor.py:183} INFO - Processing /home/bharat/.local/lib/python3.11/site-packages/airflow/example_dags/example_kubernetes_executor.py took 0.114 seconds
[2024-07-01T18:08:04.061+0530] {processor.py:161} INFO - Started process (PID=14196) to work on /home/bharat/.local/lib/python3.11/site-packages/airflow/example_dags/example_kubernetes_executor.py
[2024-07-01T18:08:04.061+0530] {processor.py:830} INFO - Processing file /home/bharat/.local/lib/python3.11/site-packages/airflow/example_dags/example_kubernetes_executor.py for tasks to queue
[2024-07-01T18:08:04.063+0530] {logging_mixin.py:188} INFO - [2024-07-01T18:08:04.062+0530] {dagbag.py:545} INFO - Filling up the DagBag from /home/bharat/.local/lib/python3.11/site-packages/airflow/example_dags/example_kubernetes_executor.py
[2024-07-01T18:08:04.146+0530] {processor.py:840} INFO - DAG(s) 'example_kubernetes_executor' retrieved from /home/bharat/.local/lib/python3.11/site-packages/airflow/example_dags/example_kubernetes_executor.py
[2024-07-01T18:08:04.151+0530] {logging_mixin.py:188} WARNING - /home/bharat/.local/lib/python3.11/site-packages/airflow/serialization/serialized_objects.py:1673 DeprecationWarning: This module is deprecated. The `cncf.kubernetes` provider before version 7.4.0 uses this module - you should migrate to a newer version of `cncf.kubernetes` to get rid of this warning. If you import the module via `airflow.kubernetes` import, please use `cncf.kubernetes' provider 7.4.0+ and switch all your imports to use `apache.airflow.providers.cncf.kubernetes` to get rid of the warning.
[2024-07-01T18:08:04.154+0530] {logging_mixin.py:188} INFO - [2024-07-01T18:08:04.154+0530] {dag.py:3096} INFO - Sync 1 DAGs
[2024-07-01T18:08:04.158+0530] {logging_mixin.py:188} INFO - [2024-07-01T18:08:04.158+0530] {dag.py:3954} INFO - Setting next_dagrun for example_kubernetes_executor to None, run_after=None
[2024-07-01T18:08:04.168+0530] {processor.py:183} INFO - Processing /home/bharat/.local/lib/python3.11/site-packages/airflow/example_dags/example_kubernetes_executor.py took 0.114 seconds
[2024-07-01T18:08:55.499+0530] {processor.py:161} INFO - Started process (PID=14303) to work on /home/bharat/.local/lib/python3.11/site-packages/airflow/example_dags/example_kubernetes_executor.py
[2024-07-01T18:08:55.500+0530] {processor.py:830} INFO - Processing file /home/bharat/.local/lib/python3.11/site-packages/airflow/example_dags/example_kubernetes_executor.py for tasks to queue
[2024-07-01T18:08:55.501+0530] {logging_mixin.py:188} INFO - [2024-07-01T18:08:55.501+0530] {dagbag.py:545} INFO - Filling up the DagBag from /home/bharat/.local/lib/python3.11/site-packages/airflow/example_dags/example_kubernetes_executor.py
[2024-07-01T18:08:55.593+0530] {processor.py:840} INFO - DAG(s) 'example_kubernetes_executor' retrieved from /home/bharat/.local/lib/python3.11/site-packages/airflow/example_dags/example_kubernetes_executor.py
[2024-07-01T18:08:55.598+0530] {logging_mixin.py:188} WARNING - /home/bharat/.local/lib/python3.11/site-packages/airflow/serialization/serialized_objects.py:1673 DeprecationWarning: This module is deprecated. The `cncf.kubernetes` provider before version 7.4.0 uses this module - you should migrate to a newer version of `cncf.kubernetes` to get rid of this warning. If you import the module via `airflow.kubernetes` import, please use `cncf.kubernetes' provider 7.4.0+ and switch all your imports to use `apache.airflow.providers.cncf.kubernetes` to get rid of the warning.
[2024-07-01T18:08:55.602+0530] {logging_mixin.py:188} INFO - [2024-07-01T18:08:55.602+0530] {dag.py:3096} INFO - Sync 1 DAGs
[2024-07-01T18:08:55.607+0530] {logging_mixin.py:188} INFO - [2024-07-01T18:08:55.607+0530] {dag.py:3954} INFO - Setting next_dagrun for example_kubernetes_executor to None, run_after=None
[2024-07-01T18:08:55.616+0530] {processor.py:183} INFO - Processing /home/bharat/.local/lib/python3.11/site-packages/airflow/example_dags/example_kubernetes_executor.py took 0.125 seconds
[2024-07-01T18:09:48.808+0530] {processor.py:161} INFO - Started process (PID=14463) to work on /home/bharat/.local/lib/python3.11/site-packages/airflow/example_dags/example_kubernetes_executor.py
[2024-07-01T18:09:48.809+0530] {processor.py:830} INFO - Processing file /home/bharat/.local/lib/python3.11/site-packages/airflow/example_dags/example_kubernetes_executor.py for tasks to queue
[2024-07-01T18:09:48.810+0530] {logging_mixin.py:188} INFO - [2024-07-01T18:09:48.810+0530] {dagbag.py:545} INFO - Filling up the DagBag from /home/bharat/.local/lib/python3.11/site-packages/airflow/example_dags/example_kubernetes_executor.py
[2024-07-01T18:09:48.897+0530] {processor.py:840} INFO - DAG(s) 'example_kubernetes_executor' retrieved from /home/bharat/.local/lib/python3.11/site-packages/airflow/example_dags/example_kubernetes_executor.py
[2024-07-01T18:09:48.902+0530] {logging_mixin.py:188} WARNING - /home/bharat/.local/lib/python3.11/site-packages/airflow/serialization/serialized_objects.py:1673 DeprecationWarning: This module is deprecated. The `cncf.kubernetes` provider before version 7.4.0 uses this module - you should migrate to a newer version of `cncf.kubernetes` to get rid of this warning. If you import the module via `airflow.kubernetes` import, please use `cncf.kubernetes' provider 7.4.0+ and switch all your imports to use `apache.airflow.providers.cncf.kubernetes` to get rid of the warning.
[2024-07-01T18:09:48.906+0530] {logging_mixin.py:188} INFO - [2024-07-01T18:09:48.906+0530] {dag.py:3096} INFO - Sync 1 DAGs
[2024-07-01T18:09:48.910+0530] {logging_mixin.py:188} INFO - [2024-07-01T18:09:48.910+0530] {dag.py:3954} INFO - Setting next_dagrun for example_kubernetes_executor to None, run_after=None
[2024-07-01T18:09:48.919+0530] {processor.py:183} INFO - Processing /home/bharat/.local/lib/python3.11/site-packages/airflow/example_dags/example_kubernetes_executor.py took 0.115 seconds
[2024-07-01T18:10:41.298+0530] {processor.py:161} INFO - Started process (PID=14552) to work on /home/bharat/.local/lib/python3.11/site-packages/airflow/example_dags/example_kubernetes_executor.py
[2024-07-01T18:10:41.298+0530] {processor.py:830} INFO - Processing file /home/bharat/.local/lib/python3.11/site-packages/airflow/example_dags/example_kubernetes_executor.py for tasks to queue
[2024-07-01T18:10:41.300+0530] {logging_mixin.py:188} INFO - [2024-07-01T18:10:41.299+0530] {dagbag.py:545} INFO - Filling up the DagBag from /home/bharat/.local/lib/python3.11/site-packages/airflow/example_dags/example_kubernetes_executor.py
[2024-07-01T18:10:41.385+0530] {processor.py:840} INFO - DAG(s) 'example_kubernetes_executor' retrieved from /home/bharat/.local/lib/python3.11/site-packages/airflow/example_dags/example_kubernetes_executor.py
[2024-07-01T18:10:41.390+0530] {logging_mixin.py:188} WARNING - /home/bharat/.local/lib/python3.11/site-packages/airflow/serialization/serialized_objects.py:1673 DeprecationWarning: This module is deprecated. The `cncf.kubernetes` provider before version 7.4.0 uses this module - you should migrate to a newer version of `cncf.kubernetes` to get rid of this warning. If you import the module via `airflow.kubernetes` import, please use `cncf.kubernetes' provider 7.4.0+ and switch all your imports to use `apache.airflow.providers.cncf.kubernetes` to get rid of the warning.
[2024-07-01T18:10:41.394+0530] {logging_mixin.py:188} INFO - [2024-07-01T18:10:41.394+0530] {dag.py:3096} INFO - Sync 1 DAGs
[2024-07-01T18:10:41.398+0530] {logging_mixin.py:188} INFO - [2024-07-01T18:10:41.398+0530] {dag.py:3954} INFO - Setting next_dagrun for example_kubernetes_executor to None, run_after=None
[2024-07-01T18:10:41.407+0530] {processor.py:183} INFO - Processing /home/bharat/.local/lib/python3.11/site-packages/airflow/example_dags/example_kubernetes_executor.py took 0.115 seconds
[2024-07-01T18:11:33.869+0530] {processor.py:161} INFO - Started process (PID=14681) to work on /home/bharat/.local/lib/python3.11/site-packages/airflow/example_dags/example_kubernetes_executor.py
[2024-07-01T18:11:33.869+0530] {processor.py:830} INFO - Processing file /home/bharat/.local/lib/python3.11/site-packages/airflow/example_dags/example_kubernetes_executor.py for tasks to queue
[2024-07-01T18:11:33.871+0530] {logging_mixin.py:188} INFO - [2024-07-01T18:11:33.870+0530] {dagbag.py:545} INFO - Filling up the DagBag from /home/bharat/.local/lib/python3.11/site-packages/airflow/example_dags/example_kubernetes_executor.py
[2024-07-01T18:11:33.962+0530] {processor.py:840} INFO - DAG(s) 'example_kubernetes_executor' retrieved from /home/bharat/.local/lib/python3.11/site-packages/airflow/example_dags/example_kubernetes_executor.py
[2024-07-01T18:11:33.967+0530] {logging_mixin.py:188} WARNING - /home/bharat/.local/lib/python3.11/site-packages/airflow/serialization/serialized_objects.py:1673 DeprecationWarning: This module is deprecated. The `cncf.kubernetes` provider before version 7.4.0 uses this module - you should migrate to a newer version of `cncf.kubernetes` to get rid of this warning. If you import the module via `airflow.kubernetes` import, please use `cncf.kubernetes' provider 7.4.0+ and switch all your imports to use `apache.airflow.providers.cncf.kubernetes` to get rid of the warning.
[2024-07-01T18:11:33.971+0530] {logging_mixin.py:188} INFO - [2024-07-01T18:11:33.971+0530] {dag.py:3096} INFO - Sync 1 DAGs
[2024-07-01T18:11:33.975+0530] {logging_mixin.py:188} INFO - [2024-07-01T18:11:33.975+0530] {dag.py:3954} INFO - Setting next_dagrun for example_kubernetes_executor to None, run_after=None
[2024-07-01T18:11:33.985+0530] {processor.py:183} INFO - Processing /home/bharat/.local/lib/python3.11/site-packages/airflow/example_dags/example_kubernetes_executor.py took 0.120 seconds
[2024-07-01T18:12:26.260+0530] {processor.py:161} INFO - Started process (PID=14892) to work on /home/bharat/.local/lib/python3.11/site-packages/airflow/example_dags/example_kubernetes_executor.py
[2024-07-01T18:12:26.260+0530] {processor.py:830} INFO - Processing file /home/bharat/.local/lib/python3.11/site-packages/airflow/example_dags/example_kubernetes_executor.py for tasks to queue
[2024-07-01T18:12:26.261+0530] {logging_mixin.py:188} INFO - [2024-07-01T18:12:26.261+0530] {dagbag.py:545} INFO - Filling up the DagBag from /home/bharat/.local/lib/python3.11/site-packages/airflow/example_dags/example_kubernetes_executor.py
[2024-07-01T18:12:26.342+0530] {processor.py:840} INFO - DAG(s) 'example_kubernetes_executor' retrieved from /home/bharat/.local/lib/python3.11/site-packages/airflow/example_dags/example_kubernetes_executor.py
[2024-07-01T18:12:26.347+0530] {logging_mixin.py:188} WARNING - /home/bharat/.local/lib/python3.11/site-packages/airflow/serialization/serialized_objects.py:1673 DeprecationWarning: This module is deprecated. The `cncf.kubernetes` provider before version 7.4.0 uses this module - you should migrate to a newer version of `cncf.kubernetes` to get rid of this warning. If you import the module via `airflow.kubernetes` import, please use `cncf.kubernetes' provider 7.4.0+ and switch all your imports to use `apache.airflow.providers.cncf.kubernetes` to get rid of the warning.
[2024-07-01T18:12:26.351+0530] {logging_mixin.py:188} INFO - [2024-07-01T18:12:26.351+0530] {dag.py:3096} INFO - Sync 1 DAGs
[2024-07-01T18:12:26.355+0530] {logging_mixin.py:188} INFO - [2024-07-01T18:12:26.355+0530] {dag.py:3954} INFO - Setting next_dagrun for example_kubernetes_executor to None, run_after=None
[2024-07-01T18:12:26.364+0530] {processor.py:183} INFO - Processing /home/bharat/.local/lib/python3.11/site-packages/airflow/example_dags/example_kubernetes_executor.py took 0.110 seconds
