[2024-07-01T17:48:07.571+0530] {processor.py:161} INFO - Started process (PID=10828) to work on /home/bharat/.local/lib/python3.11/site-packages/airflow/example_dags/example_xcom.py
[2024-07-01T17:48:07.572+0530] {processor.py:830} INFO - Processing file /home/bharat/.local/lib/python3.11/site-packages/airflow/example_dags/example_xcom.py for tasks to queue
[2024-07-01T17:48:07.573+0530] {logging_mixin.py:188} INFO - [2024-07-01T17:48:07.572+0530] {dagbag.py:545} INFO - Filling up the DagBag from /home/bharat/.local/lib/python3.11/site-packages/airflow/example_dags/example_xcom.py
[2024-07-01T17:48:07.583+0530] {processor.py:840} INFO - DAG(s) 'example_xcom' retrieved from /home/bharat/.local/lib/python3.11/site-packages/airflow/example_dags/example_xcom.py
[2024-07-01T17:48:07.622+0530] {logging_mixin.py:188} INFO - [2024-07-01T17:48:07.621+0530] {dag.py:3096} INFO - Sync 1 DAGs
[2024-07-01T17:48:07.627+0530] {logging_mixin.py:188} INFO - [2024-07-01T17:48:07.627+0530] {dag.py:3954} INFO - Setting next_dagrun for example_xcom to 2021-01-01 00:00:00+00:00, run_after=2021-01-01 00:00:00+00:00
[2024-07-01T17:48:07.638+0530] {processor.py:183} INFO - Processing /home/bharat/.local/lib/python3.11/site-packages/airflow/example_dags/example_xcom.py took 0.070 seconds
[2024-07-01T17:49:15.167+0530] {processor.py:161} INFO - Started process (PID=11357) to work on /home/bharat/.local/lib/python3.11/site-packages/airflow/example_dags/example_xcom.py
[2024-07-01T17:49:15.168+0530] {processor.py:830} INFO - Processing file /home/bharat/.local/lib/python3.11/site-packages/airflow/example_dags/example_xcom.py for tasks to queue
[2024-07-01T17:49:15.169+0530] {logging_mixin.py:188} INFO - [2024-07-01T17:49:15.169+0530] {dagbag.py:545} INFO - Filling up the DagBag from /home/bharat/.local/lib/python3.11/site-packages/airflow/example_dags/example_xcom.py
[2024-07-01T17:49:15.172+0530] {processor.py:840} INFO - DAG(s) 'example_xcom' retrieved from /home/bharat/.local/lib/python3.11/site-packages/airflow/example_dags/example_xcom.py
[2024-07-01T17:49:15.178+0530] {logging_mixin.py:188} INFO - [2024-07-01T17:49:15.178+0530] {dag.py:3096} INFO - Sync 1 DAGs
[2024-07-01T17:49:15.244+0530] {logging_mixin.py:188} INFO - [2024-07-01T17:49:15.244+0530] {dag.py:3954} INFO - Setting next_dagrun for example_xcom to 2021-01-01 00:00:00+00:00, run_after=2021-01-01 00:00:00+00:00
[2024-07-01T17:49:15.254+0530] {processor.py:183} INFO - Processing /home/bharat/.local/lib/python3.11/site-packages/airflow/example_dags/example_xcom.py took 0.089 seconds
[2024-07-01T17:49:53.474+0530] {processor.py:161} INFO - Started process (PID=11417) to work on /home/bharat/.local/lib/python3.11/site-packages/airflow/example_dags/example_xcom.py
[2024-07-01T17:49:53.475+0530] {processor.py:830} INFO - Processing file /home/bharat/.local/lib/python3.11/site-packages/airflow/example_dags/example_xcom.py for tasks to queue
[2024-07-01T17:49:53.476+0530] {logging_mixin.py:188} INFO - [2024-07-01T17:49:53.476+0530] {dagbag.py:545} INFO - Filling up the DagBag from /home/bharat/.local/lib/python3.11/site-packages/airflow/example_dags/example_xcom.py
[2024-07-01T17:49:53.480+0530] {processor.py:840} INFO - DAG(s) 'example_xcom' retrieved from /home/bharat/.local/lib/python3.11/site-packages/airflow/example_dags/example_xcom.py
[2024-07-01T17:49:53.486+0530] {logging_mixin.py:188} INFO - [2024-07-01T17:49:53.486+0530] {dag.py:3096} INFO - Sync 1 DAGs
[2024-07-01T17:49:53.493+0530] {logging_mixin.py:188} INFO - [2024-07-01T17:49:53.493+0530] {dag.py:3954} INFO - Setting next_dagrun for example_xcom to 2021-01-01 00:00:00+00:00, run_after=2021-01-01 00:00:00+00:00
[2024-07-01T17:49:53.502+0530] {processor.py:183} INFO - Processing /home/bharat/.local/lib/python3.11/site-packages/airflow/example_dags/example_xcom.py took 0.033 seconds
[2024-07-01T17:50:43.656+0530] {processor.py:161} INFO - Started process (PID=11476) to work on /home/bharat/.local/lib/python3.11/site-packages/airflow/example_dags/example_xcom.py
[2024-07-01T17:50:43.657+0530] {processor.py:830} INFO - Processing file /home/bharat/.local/lib/python3.11/site-packages/airflow/example_dags/example_xcom.py for tasks to queue
[2024-07-01T17:50:43.659+0530] {logging_mixin.py:188} INFO - [2024-07-01T17:50:43.658+0530] {dagbag.py:545} INFO - Filling up the DagBag from /home/bharat/.local/lib/python3.11/site-packages/airflow/example_dags/example_xcom.py
[2024-07-01T17:50:43.665+0530] {processor.py:840} INFO - DAG(s) 'example_xcom' retrieved from /home/bharat/.local/lib/python3.11/site-packages/airflow/example_dags/example_xcom.py
[2024-07-01T17:50:43.672+0530] {logging_mixin.py:188} INFO - [2024-07-01T17:50:43.672+0530] {dag.py:3096} INFO - Sync 1 DAGs
[2024-07-01T17:50:43.679+0530] {logging_mixin.py:188} INFO - [2024-07-01T17:50:43.679+0530] {dag.py:3954} INFO - Setting next_dagrun for example_xcom to 2021-01-01 00:00:00+00:00, run_after=2021-01-01 00:00:00+00:00
[2024-07-01T17:50:43.689+0530] {processor.py:183} INFO - Processing /home/bharat/.local/lib/python3.11/site-packages/airflow/example_dags/example_xcom.py took 0.038 seconds
[2024-07-01T17:51:36.338+0530] {processor.py:161} INFO - Started process (PID=11670) to work on /home/bharat/.local/lib/python3.11/site-packages/airflow/example_dags/example_xcom.py
[2024-07-01T17:51:36.339+0530] {processor.py:830} INFO - Processing file /home/bharat/.local/lib/python3.11/site-packages/airflow/example_dags/example_xcom.py for tasks to queue
[2024-07-01T17:51:36.340+0530] {logging_mixin.py:188} INFO - [2024-07-01T17:51:36.340+0530] {dagbag.py:545} INFO - Filling up the DagBag from /home/bharat/.local/lib/python3.11/site-packages/airflow/example_dags/example_xcom.py
[2024-07-01T17:51:36.344+0530] {processor.py:840} INFO - DAG(s) 'example_xcom' retrieved from /home/bharat/.local/lib/python3.11/site-packages/airflow/example_dags/example_xcom.py
[2024-07-01T17:51:36.350+0530] {logging_mixin.py:188} INFO - [2024-07-01T17:51:36.350+0530] {dag.py:3096} INFO - Sync 1 DAGs
[2024-07-01T17:51:36.358+0530] {logging_mixin.py:188} INFO - [2024-07-01T17:51:36.358+0530] {dag.py:3954} INFO - Setting next_dagrun for example_xcom to 2021-01-01 00:00:00+00:00, run_after=2021-01-01 00:00:00+00:00
[2024-07-01T17:51:36.367+0530] {processor.py:183} INFO - Processing /home/bharat/.local/lib/python3.11/site-packages/airflow/example_dags/example_xcom.py took 0.035 seconds
[2024-07-01T17:52:12.713+0530] {processor.py:161} INFO - Started process (PID=12018) to work on /home/bharat/.local/lib/python3.11/site-packages/airflow/example_dags/example_xcom.py
[2024-07-01T17:52:12.713+0530] {processor.py:830} INFO - Processing file /home/bharat/.local/lib/python3.11/site-packages/airflow/example_dags/example_xcom.py for tasks to queue
[2024-07-01T17:52:12.714+0530] {logging_mixin.py:188} INFO - [2024-07-01T17:52:12.714+0530] {dagbag.py:545} INFO - Filling up the DagBag from /home/bharat/.local/lib/python3.11/site-packages/airflow/example_dags/example_xcom.py
[2024-07-01T17:52:12.717+0530] {processor.py:840} INFO - DAG(s) 'example_xcom' retrieved from /home/bharat/.local/lib/python3.11/site-packages/airflow/example_dags/example_xcom.py
[2024-07-01T17:52:12.723+0530] {logging_mixin.py:188} INFO - [2024-07-01T17:52:12.723+0530] {dag.py:3096} INFO - Sync 1 DAGs
[2024-07-01T17:52:12.730+0530] {logging_mixin.py:188} INFO - [2024-07-01T17:52:12.730+0530] {dag.py:3954} INFO - Setting next_dagrun for example_xcom to 2021-01-01 00:00:00+00:00, run_after=2021-01-01 00:00:00+00:00
[2024-07-01T17:52:12.740+0530] {processor.py:183} INFO - Processing /home/bharat/.local/lib/python3.11/site-packages/airflow/example_dags/example_xcom.py took 0.033 seconds
[2024-07-01T17:52:49.945+0530] {processor.py:161} INFO - Started process (PID=12057) to work on /home/bharat/.local/lib/python3.11/site-packages/airflow/example_dags/example_xcom.py
[2024-07-01T17:52:49.945+0530] {processor.py:830} INFO - Processing file /home/bharat/.local/lib/python3.11/site-packages/airflow/example_dags/example_xcom.py for tasks to queue
[2024-07-01T17:52:49.947+0530] {logging_mixin.py:188} INFO - [2024-07-01T17:52:49.947+0530] {dagbag.py:545} INFO - Filling up the DagBag from /home/bharat/.local/lib/python3.11/site-packages/airflow/example_dags/example_xcom.py
[2024-07-01T17:52:49.954+0530] {processor.py:840} INFO - DAG(s) 'example_xcom' retrieved from /home/bharat/.local/lib/python3.11/site-packages/airflow/example_dags/example_xcom.py
[2024-07-01T17:52:49.961+0530] {logging_mixin.py:188} INFO - [2024-07-01T17:52:49.960+0530] {dag.py:3096} INFO - Sync 1 DAGs
[2024-07-01T17:52:49.968+0530] {logging_mixin.py:188} INFO - [2024-07-01T17:52:49.967+0530] {dag.py:3954} INFO - Setting next_dagrun for example_xcom to 2021-01-01 00:00:00+00:00, run_after=2021-01-01 00:00:00+00:00
[2024-07-01T17:52:49.977+0530] {processor.py:183} INFO - Processing /home/bharat/.local/lib/python3.11/site-packages/airflow/example_dags/example_xcom.py took 0.037 seconds
[2024-07-01T17:53:41.541+0530] {processor.py:161} INFO - Started process (PID=12160) to work on /home/bharat/.local/lib/python3.11/site-packages/airflow/example_dags/example_xcom.py
[2024-07-01T17:53:41.542+0530] {processor.py:830} INFO - Processing file /home/bharat/.local/lib/python3.11/site-packages/airflow/example_dags/example_xcom.py for tasks to queue
[2024-07-01T17:53:41.543+0530] {logging_mixin.py:188} INFO - [2024-07-01T17:53:41.542+0530] {dagbag.py:545} INFO - Filling up the DagBag from /home/bharat/.local/lib/python3.11/site-packages/airflow/example_dags/example_xcom.py
[2024-07-01T17:53:41.549+0530] {processor.py:840} INFO - DAG(s) 'example_xcom' retrieved from /home/bharat/.local/lib/python3.11/site-packages/airflow/example_dags/example_xcom.py
[2024-07-01T17:53:41.556+0530] {logging_mixin.py:188} INFO - [2024-07-01T17:53:41.556+0530] {dag.py:3096} INFO - Sync 1 DAGs
[2024-07-01T17:53:41.564+0530] {logging_mixin.py:188} INFO - [2024-07-01T17:53:41.563+0530] {dag.py:3954} INFO - Setting next_dagrun for example_xcom to 2021-01-01 00:00:00+00:00, run_after=2021-01-01 00:00:00+00:00
[2024-07-01T17:53:41.573+0530] {processor.py:183} INFO - Processing /home/bharat/.local/lib/python3.11/site-packages/airflow/example_dags/example_xcom.py took 0.035 seconds
[2024-07-01T17:54:17.118+0530] {processor.py:161} INFO - Started process (PID=12508) to work on /home/bharat/.local/lib/python3.11/site-packages/airflow/example_dags/example_xcom.py
[2024-07-01T17:54:17.120+0530] {processor.py:830} INFO - Processing file /home/bharat/.local/lib/python3.11/site-packages/airflow/example_dags/example_xcom.py for tasks to queue
[2024-07-01T17:54:17.122+0530] {logging_mixin.py:188} INFO - [2024-07-01T17:54:17.122+0530] {dagbag.py:545} INFO - Filling up the DagBag from /home/bharat/.local/lib/python3.11/site-packages/airflow/example_dags/example_xcom.py
[2024-07-01T17:54:17.129+0530] {processor.py:840} INFO - DAG(s) 'example_xcom' retrieved from /home/bharat/.local/lib/python3.11/site-packages/airflow/example_dags/example_xcom.py
[2024-07-01T17:54:17.136+0530] {logging_mixin.py:188} INFO - [2024-07-01T17:54:17.136+0530] {dag.py:3096} INFO - Sync 1 DAGs
[2024-07-01T17:54:17.143+0530] {logging_mixin.py:188} INFO - [2024-07-01T17:54:17.143+0530] {dag.py:3954} INFO - Setting next_dagrun for example_xcom to 2021-01-01 00:00:00+00:00, run_after=2021-01-01 00:00:00+00:00
[2024-07-01T17:54:17.153+0530] {processor.py:183} INFO - Processing /home/bharat/.local/lib/python3.11/site-packages/airflow/example_dags/example_xcom.py took 0.044 seconds
[2024-07-01T17:54:54.383+0530] {processor.py:161} INFO - Started process (PID=12558) to work on /home/bharat/.local/lib/python3.11/site-packages/airflow/example_dags/example_xcom.py
[2024-07-01T17:54:54.383+0530] {processor.py:830} INFO - Processing file /home/bharat/.local/lib/python3.11/site-packages/airflow/example_dags/example_xcom.py for tasks to queue
[2024-07-01T17:54:54.385+0530] {logging_mixin.py:188} INFO - [2024-07-01T17:54:54.384+0530] {dagbag.py:545} INFO - Filling up the DagBag from /home/bharat/.local/lib/python3.11/site-packages/airflow/example_dags/example_xcom.py
[2024-07-01T17:54:54.392+0530] {processor.py:840} INFO - DAG(s) 'example_xcom' retrieved from /home/bharat/.local/lib/python3.11/site-packages/airflow/example_dags/example_xcom.py
[2024-07-01T17:54:54.399+0530] {logging_mixin.py:188} INFO - [2024-07-01T17:54:54.399+0530] {dag.py:3096} INFO - Sync 1 DAGs
[2024-07-01T17:54:54.406+0530] {logging_mixin.py:188} INFO - [2024-07-01T17:54:54.406+0530] {dag.py:3954} INFO - Setting next_dagrun for example_xcom to 2021-01-01 00:00:00+00:00, run_after=2021-01-01 00:00:00+00:00
[2024-07-01T17:54:54.416+0530] {processor.py:183} INFO - Processing /home/bharat/.local/lib/python3.11/site-packages/airflow/example_dags/example_xcom.py took 0.040 seconds
[2024-07-01T17:55:46.904+0530] {processor.py:161} INFO - Started process (PID=12640) to work on /home/bharat/.local/lib/python3.11/site-packages/airflow/example_dags/example_xcom.py
[2024-07-01T17:55:46.905+0530] {processor.py:830} INFO - Processing file /home/bharat/.local/lib/python3.11/site-packages/airflow/example_dags/example_xcom.py for tasks to queue
[2024-07-01T17:55:46.907+0530] {logging_mixin.py:188} INFO - [2024-07-01T17:55:46.906+0530] {dagbag.py:545} INFO - Filling up the DagBag from /home/bharat/.local/lib/python3.11/site-packages/airflow/example_dags/example_xcom.py
[2024-07-01T17:55:46.913+0530] {processor.py:840} INFO - DAG(s) 'example_xcom' retrieved from /home/bharat/.local/lib/python3.11/site-packages/airflow/example_dags/example_xcom.py
[2024-07-01T17:55:46.921+0530] {logging_mixin.py:188} INFO - [2024-07-01T17:55:46.920+0530] {dag.py:3096} INFO - Sync 1 DAGs
[2024-07-01T17:55:46.927+0530] {logging_mixin.py:188} INFO - [2024-07-01T17:55:46.927+0530] {dag.py:3954} INFO - Setting next_dagrun for example_xcom to 2021-01-01 00:00:00+00:00, run_after=2021-01-01 00:00:00+00:00
[2024-07-01T17:55:46.937+0530] {processor.py:183} INFO - Processing /home/bharat/.local/lib/python3.11/site-packages/airflow/example_dags/example_xcom.py took 0.037 seconds
[2024-07-01T17:56:38.938+0530] {processor.py:161} INFO - Started process (PID=12713) to work on /home/bharat/.local/lib/python3.11/site-packages/airflow/example_dags/example_xcom.py
[2024-07-01T17:56:38.938+0530] {processor.py:830} INFO - Processing file /home/bharat/.local/lib/python3.11/site-packages/airflow/example_dags/example_xcom.py for tasks to queue
[2024-07-01T17:56:38.939+0530] {logging_mixin.py:188} INFO - [2024-07-01T17:56:38.939+0530] {dagbag.py:545} INFO - Filling up the DagBag from /home/bharat/.local/lib/python3.11/site-packages/airflow/example_dags/example_xcom.py
[2024-07-01T17:56:38.942+0530] {processor.py:840} INFO - DAG(s) 'example_xcom' retrieved from /home/bharat/.local/lib/python3.11/site-packages/airflow/example_dags/example_xcom.py
[2024-07-01T17:56:38.948+0530] {logging_mixin.py:188} INFO - [2024-07-01T17:56:38.948+0530] {dag.py:3096} INFO - Sync 1 DAGs
[2024-07-01T17:56:38.955+0530] {logging_mixin.py:188} INFO - [2024-07-01T17:56:38.955+0530] {dag.py:3954} INFO - Setting next_dagrun for example_xcom to 2021-01-01 00:00:00+00:00, run_after=2021-01-01 00:00:00+00:00
[2024-07-01T17:56:38.965+0530] {processor.py:183} INFO - Processing /home/bharat/.local/lib/python3.11/site-packages/airflow/example_dags/example_xcom.py took 0.029 seconds
[2024-07-01T17:57:32.624+0530] {processor.py:161} INFO - Started process (PID=12787) to work on /home/bharat/.local/lib/python3.11/site-packages/airflow/example_dags/example_xcom.py
[2024-07-01T17:57:32.624+0530] {processor.py:830} INFO - Processing file /home/bharat/.local/lib/python3.11/site-packages/airflow/example_dags/example_xcom.py for tasks to queue
[2024-07-01T17:57:32.625+0530] {logging_mixin.py:188} INFO - [2024-07-01T17:57:32.625+0530] {dagbag.py:545} INFO - Filling up the DagBag from /home/bharat/.local/lib/python3.11/site-packages/airflow/example_dags/example_xcom.py
[2024-07-01T17:57:32.628+0530] {processor.py:840} INFO - DAG(s) 'example_xcom' retrieved from /home/bharat/.local/lib/python3.11/site-packages/airflow/example_dags/example_xcom.py
[2024-07-01T17:57:32.634+0530] {logging_mixin.py:188} INFO - [2024-07-01T17:57:32.634+0530] {dag.py:3096} INFO - Sync 1 DAGs
[2024-07-01T17:57:32.641+0530] {logging_mixin.py:188} INFO - [2024-07-01T17:57:32.641+0530] {dag.py:3954} INFO - Setting next_dagrun for example_xcom to 2021-01-01 00:00:00+00:00, run_after=2021-01-01 00:00:00+00:00
[2024-07-01T17:57:32.651+0530] {processor.py:183} INFO - Processing /home/bharat/.local/lib/python3.11/site-packages/airflow/example_dags/example_xcom.py took 0.032 seconds
[2024-07-01T17:58:25.135+0530] {processor.py:161} INFO - Started process (PID=12888) to work on /home/bharat/.local/lib/python3.11/site-packages/airflow/example_dags/example_xcom.py
[2024-07-01T17:58:25.136+0530] {processor.py:830} INFO - Processing file /home/bharat/.local/lib/python3.11/site-packages/airflow/example_dags/example_xcom.py for tasks to queue
[2024-07-01T17:58:25.137+0530] {logging_mixin.py:188} INFO - [2024-07-01T17:58:25.136+0530] {dagbag.py:545} INFO - Filling up the DagBag from /home/bharat/.local/lib/python3.11/site-packages/airflow/example_dags/example_xcom.py
[2024-07-01T17:58:25.140+0530] {processor.py:840} INFO - DAG(s) 'example_xcom' retrieved from /home/bharat/.local/lib/python3.11/site-packages/airflow/example_dags/example_xcom.py
[2024-07-01T17:58:25.146+0530] {logging_mixin.py:188} INFO - [2024-07-01T17:58:25.146+0530] {dag.py:3096} INFO - Sync 1 DAGs
[2024-07-01T17:58:25.153+0530] {logging_mixin.py:188} INFO - [2024-07-01T17:58:25.153+0530] {dag.py:3954} INFO - Setting next_dagrun for example_xcom to 2021-01-01 00:00:00+00:00, run_after=2021-01-01 00:00:00+00:00
[2024-07-01T17:58:25.162+0530] {processor.py:183} INFO - Processing /home/bharat/.local/lib/python3.11/site-packages/airflow/example_dags/example_xcom.py took 0.033 seconds
[2024-07-01T17:59:16.464+0530] {processor.py:161} INFO - Started process (PID=12958) to work on /home/bharat/.local/lib/python3.11/site-packages/airflow/example_dags/example_xcom.py
[2024-07-01T17:59:16.465+0530] {processor.py:830} INFO - Processing file /home/bharat/.local/lib/python3.11/site-packages/airflow/example_dags/example_xcom.py for tasks to queue
[2024-07-01T17:59:16.465+0530] {logging_mixin.py:188} INFO - [2024-07-01T17:59:16.465+0530] {dagbag.py:545} INFO - Filling up the DagBag from /home/bharat/.local/lib/python3.11/site-packages/airflow/example_dags/example_xcom.py
[2024-07-01T17:59:16.468+0530] {processor.py:840} INFO - DAG(s) 'example_xcom' retrieved from /home/bharat/.local/lib/python3.11/site-packages/airflow/example_dags/example_xcom.py
[2024-07-01T17:59:16.475+0530] {logging_mixin.py:188} INFO - [2024-07-01T17:59:16.475+0530] {dag.py:3096} INFO - Sync 1 DAGs
[2024-07-01T17:59:16.482+0530] {logging_mixin.py:188} INFO - [2024-07-01T17:59:16.481+0530] {dag.py:3954} INFO - Setting next_dagrun for example_xcom to 2021-01-01 00:00:00+00:00, run_after=2021-01-01 00:00:00+00:00
[2024-07-01T17:59:16.491+0530] {processor.py:183} INFO - Processing /home/bharat/.local/lib/python3.11/site-packages/airflow/example_dags/example_xcom.py took 0.033 seconds
[2024-07-01T18:00:06.923+0530] {processor.py:161} INFO - Started process (PID=13034) to work on /home/bharat/.local/lib/python3.11/site-packages/airflow/example_dags/example_xcom.py
[2024-07-01T18:00:06.924+0530] {processor.py:830} INFO - Processing file /home/bharat/.local/lib/python3.11/site-packages/airflow/example_dags/example_xcom.py for tasks to queue
[2024-07-01T18:00:06.924+0530] {logging_mixin.py:188} INFO - [2024-07-01T18:00:06.924+0530] {dagbag.py:545} INFO - Filling up the DagBag from /home/bharat/.local/lib/python3.11/site-packages/airflow/example_dags/example_xcom.py
[2024-07-01T18:00:06.927+0530] {processor.py:840} INFO - DAG(s) 'example_xcom' retrieved from /home/bharat/.local/lib/python3.11/site-packages/airflow/example_dags/example_xcom.py
[2024-07-01T18:00:06.934+0530] {logging_mixin.py:188} INFO - [2024-07-01T18:00:06.934+0530] {dag.py:3096} INFO - Sync 1 DAGs
[2024-07-01T18:00:06.942+0530] {logging_mixin.py:188} INFO - [2024-07-01T18:00:06.942+0530] {dag.py:3954} INFO - Setting next_dagrun for example_xcom to 2021-01-01 00:00:00+00:00, run_after=2021-01-01 00:00:00+00:00
[2024-07-01T18:00:06.951+0530] {processor.py:183} INFO - Processing /home/bharat/.local/lib/python3.11/site-packages/airflow/example_dags/example_xcom.py took 0.032 seconds
[2024-07-01T18:01:00.320+0530] {processor.py:161} INFO - Started process (PID=13110) to work on /home/bharat/.local/lib/python3.11/site-packages/airflow/example_dags/example_xcom.py
[2024-07-01T18:01:00.320+0530] {processor.py:830} INFO - Processing file /home/bharat/.local/lib/python3.11/site-packages/airflow/example_dags/example_xcom.py for tasks to queue
[2024-07-01T18:01:00.321+0530] {logging_mixin.py:188} INFO - [2024-07-01T18:01:00.321+0530] {dagbag.py:545} INFO - Filling up the DagBag from /home/bharat/.local/lib/python3.11/site-packages/airflow/example_dags/example_xcom.py
[2024-07-01T18:01:00.324+0530] {processor.py:840} INFO - DAG(s) 'example_xcom' retrieved from /home/bharat/.local/lib/python3.11/site-packages/airflow/example_dags/example_xcom.py
[2024-07-01T18:01:00.331+0530] {logging_mixin.py:188} INFO - [2024-07-01T18:01:00.331+0530] {dag.py:3096} INFO - Sync 1 DAGs
[2024-07-01T18:01:00.338+0530] {logging_mixin.py:188} INFO - [2024-07-01T18:01:00.337+0530] {dag.py:3954} INFO - Setting next_dagrun for example_xcom to 2021-01-01 00:00:00+00:00, run_after=2021-01-01 00:00:00+00:00
[2024-07-01T18:01:00.347+0530] {processor.py:183} INFO - Processing /home/bharat/.local/lib/python3.11/site-packages/airflow/example_dags/example_xcom.py took 0.033 seconds
[2024-07-01T18:01:51.780+0530] {processor.py:161} INFO - Started process (PID=13183) to work on /home/bharat/.local/lib/python3.11/site-packages/airflow/example_dags/example_xcom.py
[2024-07-01T18:01:51.781+0530] {processor.py:830} INFO - Processing file /home/bharat/.local/lib/python3.11/site-packages/airflow/example_dags/example_xcom.py for tasks to queue
[2024-07-01T18:01:51.782+0530] {logging_mixin.py:188} INFO - [2024-07-01T18:01:51.782+0530] {dagbag.py:545} INFO - Filling up the DagBag from /home/bharat/.local/lib/python3.11/site-packages/airflow/example_dags/example_xcom.py
[2024-07-01T18:01:51.789+0530] {processor.py:840} INFO - DAG(s) 'example_xcom' retrieved from /home/bharat/.local/lib/python3.11/site-packages/airflow/example_dags/example_xcom.py
[2024-07-01T18:01:51.796+0530] {logging_mixin.py:188} INFO - [2024-07-01T18:01:51.796+0530] {dag.py:3096} INFO - Sync 1 DAGs
[2024-07-01T18:01:51.803+0530] {logging_mixin.py:188} INFO - [2024-07-01T18:01:51.803+0530] {dag.py:3954} INFO - Setting next_dagrun for example_xcom to 2021-01-01 00:00:00+00:00, run_after=2021-01-01 00:00:00+00:00
[2024-07-01T18:01:51.812+0530] {processor.py:183} INFO - Processing /home/bharat/.local/lib/python3.11/site-packages/airflow/example_dags/example_xcom.py took 0.037 seconds
[2024-07-01T18:02:45.010+0530] {processor.py:161} INFO - Started process (PID=13256) to work on /home/bharat/.local/lib/python3.11/site-packages/airflow/example_dags/example_xcom.py
[2024-07-01T18:02:45.011+0530] {processor.py:830} INFO - Processing file /home/bharat/.local/lib/python3.11/site-packages/airflow/example_dags/example_xcom.py for tasks to queue
[2024-07-01T18:02:45.012+0530] {logging_mixin.py:188} INFO - [2024-07-01T18:02:45.012+0530] {dagbag.py:545} INFO - Filling up the DagBag from /home/bharat/.local/lib/python3.11/site-packages/airflow/example_dags/example_xcom.py
[2024-07-01T18:02:45.016+0530] {processor.py:840} INFO - DAG(s) 'example_xcom' retrieved from /home/bharat/.local/lib/python3.11/site-packages/airflow/example_dags/example_xcom.py
[2024-07-01T18:02:45.022+0530] {logging_mixin.py:188} INFO - [2024-07-01T18:02:45.022+0530] {dag.py:3096} INFO - Sync 1 DAGs
[2024-07-01T18:02:45.029+0530] {logging_mixin.py:188} INFO - [2024-07-01T18:02:45.029+0530] {dag.py:3954} INFO - Setting next_dagrun for example_xcom to 2021-01-01 00:00:00+00:00, run_after=2021-01-01 00:00:00+00:00
[2024-07-01T18:02:45.038+0530] {processor.py:183} INFO - Processing /home/bharat/.local/lib/python3.11/site-packages/airflow/example_dags/example_xcom.py took 0.035 seconds
[2024-07-01T18:03:35.461+0530] {processor.py:161} INFO - Started process (PID=13355) to work on /home/bharat/.local/lib/python3.11/site-packages/airflow/example_dags/example_xcom.py
[2024-07-01T18:03:35.462+0530] {processor.py:830} INFO - Processing file /home/bharat/.local/lib/python3.11/site-packages/airflow/example_dags/example_xcom.py for tasks to queue
[2024-07-01T18:03:35.462+0530] {logging_mixin.py:188} INFO - [2024-07-01T18:03:35.462+0530] {dagbag.py:545} INFO - Filling up the DagBag from /home/bharat/.local/lib/python3.11/site-packages/airflow/example_dags/example_xcom.py
[2024-07-01T18:03:35.465+0530] {processor.py:840} INFO - DAG(s) 'example_xcom' retrieved from /home/bharat/.local/lib/python3.11/site-packages/airflow/example_dags/example_xcom.py
[2024-07-01T18:03:35.471+0530] {logging_mixin.py:188} INFO - [2024-07-01T18:03:35.471+0530] {dag.py:3096} INFO - Sync 1 DAGs
[2024-07-01T18:03:35.478+0530] {logging_mixin.py:188} INFO - [2024-07-01T18:03:35.478+0530] {dag.py:3954} INFO - Setting next_dagrun for example_xcom to 2021-01-01 00:00:00+00:00, run_after=2021-01-01 00:00:00+00:00
[2024-07-01T18:03:35.488+0530] {processor.py:183} INFO - Processing /home/bharat/.local/lib/python3.11/site-packages/airflow/example_dags/example_xcom.py took 0.029 seconds
[2024-07-01T18:04:27.387+0530] {processor.py:161} INFO - Started process (PID=13433) to work on /home/bharat/.local/lib/python3.11/site-packages/airflow/example_dags/example_xcom.py
[2024-07-01T18:04:27.387+0530] {processor.py:830} INFO - Processing file /home/bharat/.local/lib/python3.11/site-packages/airflow/example_dags/example_xcom.py for tasks to queue
[2024-07-01T18:04:27.389+0530] {logging_mixin.py:188} INFO - [2024-07-01T18:04:27.388+0530] {dagbag.py:545} INFO - Filling up the DagBag from /home/bharat/.local/lib/python3.11/site-packages/airflow/example_dags/example_xcom.py
[2024-07-01T18:04:27.395+0530] {processor.py:840} INFO - DAG(s) 'example_xcom' retrieved from /home/bharat/.local/lib/python3.11/site-packages/airflow/example_dags/example_xcom.py
[2024-07-01T18:04:27.403+0530] {logging_mixin.py:188} INFO - [2024-07-01T18:04:27.403+0530] {dag.py:3096} INFO - Sync 1 DAGs
[2024-07-01T18:04:27.410+0530] {logging_mixin.py:188} INFO - [2024-07-01T18:04:27.409+0530] {dag.py:3954} INFO - Setting next_dagrun for example_xcom to 2021-01-01 00:00:00+00:00, run_after=2021-01-01 00:00:00+00:00
[2024-07-01T18:04:27.422+0530] {processor.py:183} INFO - Processing /home/bharat/.local/lib/python3.11/site-packages/airflow/example_dags/example_xcom.py took 0.040 seconds
[2024-07-01T18:05:20.572+0530] {processor.py:161} INFO - Started process (PID=13931) to work on /home/bharat/.local/lib/python3.11/site-packages/airflow/example_dags/example_xcom.py
[2024-07-01T18:05:20.573+0530] {processor.py:830} INFO - Processing file /home/bharat/.local/lib/python3.11/site-packages/airflow/example_dags/example_xcom.py for tasks to queue
[2024-07-01T18:05:20.575+0530] {logging_mixin.py:188} INFO - [2024-07-01T18:05:20.574+0530] {dagbag.py:545} INFO - Filling up the DagBag from /home/bharat/.local/lib/python3.11/site-packages/airflow/example_dags/example_xcom.py
[2024-07-01T18:05:20.580+0530] {processor.py:840} INFO - DAG(s) 'example_xcom' retrieved from /home/bharat/.local/lib/python3.11/site-packages/airflow/example_dags/example_xcom.py
[2024-07-01T18:05:20.587+0530] {logging_mixin.py:188} INFO - [2024-07-01T18:05:20.587+0530] {dag.py:3096} INFO - Sync 1 DAGs
[2024-07-01T18:05:20.594+0530] {logging_mixin.py:188} INFO - [2024-07-01T18:05:20.594+0530] {dag.py:3954} INFO - Setting next_dagrun for example_xcom to 2021-01-01 00:00:00+00:00, run_after=2021-01-01 00:00:00+00:00
[2024-07-01T18:05:20.603+0530] {processor.py:183} INFO - Processing /home/bharat/.local/lib/python3.11/site-packages/airflow/example_dags/example_xcom.py took 0.039 seconds
[2024-07-01T18:06:08.889+0530] {processor.py:161} INFO - Started process (PID=14018) to work on /home/bharat/.local/lib/python3.11/site-packages/airflow/example_dags/example_xcom.py
[2024-07-01T18:06:08.890+0530] {processor.py:830} INFO - Processing file /home/bharat/.local/lib/python3.11/site-packages/airflow/example_dags/example_xcom.py for tasks to queue
[2024-07-01T18:06:08.891+0530] {logging_mixin.py:188} INFO - [2024-07-01T18:06:08.890+0530] {dagbag.py:545} INFO - Filling up the DagBag from /home/bharat/.local/lib/python3.11/site-packages/airflow/example_dags/example_xcom.py
[2024-07-01T18:06:08.894+0530] {processor.py:840} INFO - DAG(s) 'example_xcom' retrieved from /home/bharat/.local/lib/python3.11/site-packages/airflow/example_dags/example_xcom.py
[2024-07-01T18:06:08.901+0530] {logging_mixin.py:188} INFO - [2024-07-01T18:06:08.900+0530] {dag.py:3096} INFO - Sync 1 DAGs
[2024-07-01T18:06:08.907+0530] {logging_mixin.py:188} INFO - [2024-07-01T18:06:08.907+0530] {dag.py:3954} INFO - Setting next_dagrun for example_xcom to 2021-01-01 00:00:00+00:00, run_after=2021-01-01 00:00:00+00:00
[2024-07-01T18:06:08.917+0530] {processor.py:183} INFO - Processing /home/bharat/.local/lib/python3.11/site-packages/airflow/example_dags/example_xcom.py took 0.032 seconds
[2024-07-01T18:07:00.936+0530] {processor.py:161} INFO - Started process (PID=14092) to work on /home/bharat/.local/lib/python3.11/site-packages/airflow/example_dags/example_xcom.py
[2024-07-01T18:07:00.937+0530] {processor.py:830} INFO - Processing file /home/bharat/.local/lib/python3.11/site-packages/airflow/example_dags/example_xcom.py for tasks to queue
[2024-07-01T18:07:00.938+0530] {logging_mixin.py:188} INFO - [2024-07-01T18:07:00.938+0530] {dagbag.py:545} INFO - Filling up the DagBag from /home/bharat/.local/lib/python3.11/site-packages/airflow/example_dags/example_xcom.py
[2024-07-01T18:07:00.942+0530] {processor.py:840} INFO - DAG(s) 'example_xcom' retrieved from /home/bharat/.local/lib/python3.11/site-packages/airflow/example_dags/example_xcom.py
[2024-07-01T18:07:00.948+0530] {logging_mixin.py:188} INFO - [2024-07-01T18:07:00.948+0530] {dag.py:3096} INFO - Sync 1 DAGs
[2024-07-01T18:07:00.955+0530] {logging_mixin.py:188} INFO - [2024-07-01T18:07:00.955+0530] {dag.py:3954} INFO - Setting next_dagrun for example_xcom to 2021-01-01 00:00:00+00:00, run_after=2021-01-01 00:00:00+00:00
[2024-07-01T18:07:00.964+0530] {processor.py:183} INFO - Processing /home/bharat/.local/lib/python3.11/site-packages/airflow/example_dags/example_xcom.py took 0.034 seconds
[2024-07-01T18:07:49.165+0530] {processor.py:161} INFO - Started process (PID=14163) to work on /home/bharat/.local/lib/python3.11/site-packages/airflow/example_dags/example_xcom.py
[2024-07-01T18:07:49.166+0530] {processor.py:830} INFO - Processing file /home/bharat/.local/lib/python3.11/site-packages/airflow/example_dags/example_xcom.py for tasks to queue
[2024-07-01T18:07:49.167+0530] {logging_mixin.py:188} INFO - [2024-07-01T18:07:49.167+0530] {dagbag.py:545} INFO - Filling up the DagBag from /home/bharat/.local/lib/python3.11/site-packages/airflow/example_dags/example_xcom.py
[2024-07-01T18:07:49.172+0530] {processor.py:840} INFO - DAG(s) 'example_xcom' retrieved from /home/bharat/.local/lib/python3.11/site-packages/airflow/example_dags/example_xcom.py
[2024-07-01T18:07:49.178+0530] {logging_mixin.py:188} INFO - [2024-07-01T18:07:49.178+0530] {dag.py:3096} INFO - Sync 1 DAGs
[2024-07-01T18:07:49.185+0530] {logging_mixin.py:188} INFO - [2024-07-01T18:07:49.185+0530] {dag.py:3954} INFO - Setting next_dagrun for example_xcom to 2021-01-01 00:00:00+00:00, run_after=2021-01-01 00:00:00+00:00
[2024-07-01T18:07:49.194+0530] {processor.py:183} INFO - Processing /home/bharat/.local/lib/python3.11/site-packages/airflow/example_dags/example_xcom.py took 0.038 seconds
[2024-07-01T18:08:40.553+0530] {processor.py:161} INFO - Started process (PID=14262) to work on /home/bharat/.local/lib/python3.11/site-packages/airflow/example_dags/example_xcom.py
[2024-07-01T18:08:40.554+0530] {processor.py:830} INFO - Processing file /home/bharat/.local/lib/python3.11/site-packages/airflow/example_dags/example_xcom.py for tasks to queue
[2024-07-01T18:08:40.555+0530] {logging_mixin.py:188} INFO - [2024-07-01T18:08:40.555+0530] {dagbag.py:545} INFO - Filling up the DagBag from /home/bharat/.local/lib/python3.11/site-packages/airflow/example_dags/example_xcom.py
[2024-07-01T18:08:40.558+0530] {processor.py:840} INFO - DAG(s) 'example_xcom' retrieved from /home/bharat/.local/lib/python3.11/site-packages/airflow/example_dags/example_xcom.py
[2024-07-01T18:08:40.565+0530] {logging_mixin.py:188} INFO - [2024-07-01T18:08:40.565+0530] {dag.py:3096} INFO - Sync 1 DAGs
[2024-07-01T18:08:40.573+0530] {logging_mixin.py:188} INFO - [2024-07-01T18:08:40.572+0530] {dag.py:3954} INFO - Setting next_dagrun for example_xcom to 2021-01-01 00:00:00+00:00, run_after=2021-01-01 00:00:00+00:00
[2024-07-01T18:08:40.583+0530] {processor.py:183} INFO - Processing /home/bharat/.local/lib/python3.11/site-packages/airflow/example_dags/example_xcom.py took 0.034 seconds
[2024-07-01T18:09:33.674+0530] {processor.py:161} INFO - Started process (PID=14425) to work on /home/bharat/.local/lib/python3.11/site-packages/airflow/example_dags/example_xcom.py
[2024-07-01T18:09:33.675+0530] {processor.py:830} INFO - Processing file /home/bharat/.local/lib/python3.11/site-packages/airflow/example_dags/example_xcom.py for tasks to queue
[2024-07-01T18:09:33.676+0530] {logging_mixin.py:188} INFO - [2024-07-01T18:09:33.676+0530] {dagbag.py:545} INFO - Filling up the DagBag from /home/bharat/.local/lib/python3.11/site-packages/airflow/example_dags/example_xcom.py
[2024-07-01T18:09:33.680+0530] {processor.py:840} INFO - DAG(s) 'example_xcom' retrieved from /home/bharat/.local/lib/python3.11/site-packages/airflow/example_dags/example_xcom.py
[2024-07-01T18:09:33.686+0530] {logging_mixin.py:188} INFO - [2024-07-01T18:09:33.686+0530] {dag.py:3096} INFO - Sync 1 DAGs
[2024-07-01T18:09:33.693+0530] {logging_mixin.py:188} INFO - [2024-07-01T18:09:33.693+0530] {dag.py:3954} INFO - Setting next_dagrun for example_xcom to 2021-01-01 00:00:00+00:00, run_after=2021-01-01 00:00:00+00:00
[2024-07-01T18:09:33.702+0530] {processor.py:183} INFO - Processing /home/bharat/.local/lib/python3.11/site-packages/airflow/example_dags/example_xcom.py took 0.033 seconds
[2024-07-01T18:10:26.868+0530] {processor.py:161} INFO - Started process (PID=14508) to work on /home/bharat/.local/lib/python3.11/site-packages/airflow/example_dags/example_xcom.py
[2024-07-01T18:10:26.870+0530] {processor.py:830} INFO - Processing file /home/bharat/.local/lib/python3.11/site-packages/airflow/example_dags/example_xcom.py for tasks to queue
[2024-07-01T18:10:26.873+0530] {logging_mixin.py:188} INFO - [2024-07-01T18:10:26.872+0530] {dagbag.py:545} INFO - Filling up the DagBag from /home/bharat/.local/lib/python3.11/site-packages/airflow/example_dags/example_xcom.py
[2024-07-01T18:10:26.884+0530] {processor.py:840} INFO - DAG(s) 'example_xcom' retrieved from /home/bharat/.local/lib/python3.11/site-packages/airflow/example_dags/example_xcom.py
[2024-07-01T18:10:26.891+0530] {logging_mixin.py:188} INFO - [2024-07-01T18:10:26.891+0530] {dag.py:3096} INFO - Sync 1 DAGs
[2024-07-01T18:10:26.899+0530] {logging_mixin.py:188} INFO - [2024-07-01T18:10:26.899+0530] {dag.py:3954} INFO - Setting next_dagrun for example_xcom to 2021-01-01 00:00:00+00:00, run_after=2021-01-01 00:00:00+00:00
[2024-07-01T18:10:26.908+0530] {processor.py:183} INFO - Processing /home/bharat/.local/lib/python3.11/site-packages/airflow/example_dags/example_xcom.py took 0.043 seconds
[2024-07-01T18:11:18.318+0530] {processor.py:161} INFO - Started process (PID=14623) to work on /home/bharat/.local/lib/python3.11/site-packages/airflow/example_dags/example_xcom.py
[2024-07-01T18:11:18.318+0530] {processor.py:830} INFO - Processing file /home/bharat/.local/lib/python3.11/site-packages/airflow/example_dags/example_xcom.py for tasks to queue
[2024-07-01T18:11:18.319+0530] {logging_mixin.py:188} INFO - [2024-07-01T18:11:18.319+0530] {dagbag.py:545} INFO - Filling up the DagBag from /home/bharat/.local/lib/python3.11/site-packages/airflow/example_dags/example_xcom.py
[2024-07-01T18:11:18.324+0530] {processor.py:840} INFO - DAG(s) 'example_xcom' retrieved from /home/bharat/.local/lib/python3.11/site-packages/airflow/example_dags/example_xcom.py
[2024-07-01T18:11:18.333+0530] {logging_mixin.py:188} INFO - [2024-07-01T18:11:18.333+0530] {dag.py:3096} INFO - Sync 1 DAGs
[2024-07-01T18:11:18.341+0530] {logging_mixin.py:188} INFO - [2024-07-01T18:11:18.341+0530] {dag.py:3954} INFO - Setting next_dagrun for example_xcom to 2021-01-01 00:00:00+00:00, run_after=2021-01-01 00:00:00+00:00
[2024-07-01T18:11:18.351+0530] {processor.py:183} INFO - Processing /home/bharat/.local/lib/python3.11/site-packages/airflow/example_dags/example_xcom.py took 0.038 seconds
[2024-07-01T18:12:11.322+0530] {processor.py:161} INFO - Started process (PID=14762) to work on /home/bharat/.local/lib/python3.11/site-packages/airflow/example_dags/example_xcom.py
[2024-07-01T18:12:11.323+0530] {processor.py:830} INFO - Processing file /home/bharat/.local/lib/python3.11/site-packages/airflow/example_dags/example_xcom.py for tasks to queue
[2024-07-01T18:12:11.326+0530] {logging_mixin.py:188} INFO - [2024-07-01T18:12:11.325+0530] {dagbag.py:545} INFO - Filling up the DagBag from /home/bharat/.local/lib/python3.11/site-packages/airflow/example_dags/example_xcom.py
[2024-07-01T18:12:11.335+0530] {processor.py:840} INFO - DAG(s) 'example_xcom' retrieved from /home/bharat/.local/lib/python3.11/site-packages/airflow/example_dags/example_xcom.py
[2024-07-01T18:12:11.342+0530] {logging_mixin.py:188} INFO - [2024-07-01T18:12:11.342+0530] {dag.py:3096} INFO - Sync 1 DAGs
[2024-07-01T18:12:11.349+0530] {logging_mixin.py:188} INFO - [2024-07-01T18:12:11.349+0530] {dag.py:3954} INFO - Setting next_dagrun for example_xcom to 2021-01-01 00:00:00+00:00, run_after=2021-01-01 00:00:00+00:00
[2024-07-01T18:12:11.359+0530] {processor.py:183} INFO - Processing /home/bharat/.local/lib/python3.11/site-packages/airflow/example_dags/example_xcom.py took 0.048 seconds
[2024-07-01T18:13:00.832+0530] {processor.py:161} INFO - Started process (PID=15151) to work on /home/bharat/.local/lib/python3.11/site-packages/airflow/example_dags/example_xcom.py
[2024-07-01T18:13:00.832+0530] {processor.py:830} INFO - Processing file /home/bharat/.local/lib/python3.11/site-packages/airflow/example_dags/example_xcom.py for tasks to queue
[2024-07-01T18:13:00.834+0530] {logging_mixin.py:188} INFO - [2024-07-01T18:13:00.834+0530] {dagbag.py:545} INFO - Filling up the DagBag from /home/bharat/.local/lib/python3.11/site-packages/airflow/example_dags/example_xcom.py
[2024-07-01T18:13:00.840+0530] {processor.py:840} INFO - DAG(s) 'example_xcom' retrieved from /home/bharat/.local/lib/python3.11/site-packages/airflow/example_dags/example_xcom.py
[2024-07-01T18:13:00.847+0530] {logging_mixin.py:188} INFO - [2024-07-01T18:13:00.847+0530] {dag.py:3096} INFO - Sync 1 DAGs
[2024-07-01T18:13:00.854+0530] {logging_mixin.py:188} INFO - [2024-07-01T18:13:00.854+0530] {dag.py:3954} INFO - Setting next_dagrun for example_xcom to 2021-01-01 00:00:00+00:00, run_after=2021-01-01 00:00:00+00:00
[2024-07-01T18:13:00.866+0530] {processor.py:183} INFO - Processing /home/bharat/.local/lib/python3.11/site-packages/airflow/example_dags/example_xcom.py took 0.039 seconds
