[2024-07-01T17:48:18.690+0530] {processor.py:161} INFO - Started process (PID=10960) to work on /home/bharat/.local/lib/python3.11/site-packages/airflow/example_dags/example_local_kubernetes_executor.py
[2024-07-01T17:48:18.690+0530] {processor.py:830} INFO - Processing file /home/bharat/.local/lib/python3.11/site-packages/airflow/example_dags/example_local_kubernetes_executor.py for tasks to queue
[2024-07-01T17:48:18.691+0530] {logging_mixin.py:188} INFO - [2024-07-01T17:48:18.691+0530] {dagbag.py:545} INFO - Filling up the DagBag from /home/bharat/.local/lib/python3.11/site-packages/airflow/example_dags/example_local_kubernetes_executor.py
[2024-07-01T17:48:18.818+0530] {processor.py:840} INFO - DAG(s) 'example_local_kubernetes_executor' retrieved from /home/bharat/.local/lib/python3.11/site-packages/airflow/example_dags/example_local_kubernetes_executor.py
[2024-07-01T17:48:18.822+0530] {logging_mixin.py:188} WARNING - /home/bharat/.local/lib/python3.11/site-packages/airflow/serialization/serialized_objects.py:1673 DeprecationWarning: This module is deprecated. The `cncf.kubernetes` provider before version 7.4.0 uses this module - you should migrate to a newer version of `cncf.kubernetes` to get rid of this warning. If you import the module via `airflow.kubernetes` import, please use `cncf.kubernetes' provider 7.4.0+ and switch all your imports to use `apache.airflow.providers.cncf.kubernetes` to get rid of the warning.
[2024-07-01T17:48:18.849+0530] {logging_mixin.py:188} INFO - [2024-07-01T17:48:18.849+0530] {dag.py:3096} INFO - Sync 1 DAGs
[2024-07-01T17:48:18.852+0530] {logging_mixin.py:188} INFO - [2024-07-01T17:48:18.852+0530] {dag.py:3954} INFO - Setting next_dagrun for example_local_kubernetes_executor to None, run_after=None
[2024-07-01T17:48:18.861+0530] {processor.py:183} INFO - Processing /home/bharat/.local/lib/python3.11/site-packages/airflow/example_dags/example_local_kubernetes_executor.py took 0.175 seconds
[2024-07-01T17:49:25.462+0530] {processor.py:161} INFO - Started process (PID=11370) to work on /home/bharat/.local/lib/python3.11/site-packages/airflow/example_dags/example_local_kubernetes_executor.py
[2024-07-01T17:49:25.463+0530] {processor.py:830} INFO - Processing file /home/bharat/.local/lib/python3.11/site-packages/airflow/example_dags/example_local_kubernetes_executor.py for tasks to queue
[2024-07-01T17:49:25.464+0530] {logging_mixin.py:188} INFO - [2024-07-01T17:49:25.464+0530] {dagbag.py:545} INFO - Filling up the DagBag from /home/bharat/.local/lib/python3.11/site-packages/airflow/example_dags/example_local_kubernetes_executor.py
[2024-07-01T17:49:25.590+0530] {processor.py:840} INFO - DAG(s) 'example_local_kubernetes_executor' retrieved from /home/bharat/.local/lib/python3.11/site-packages/airflow/example_dags/example_local_kubernetes_executor.py
[2024-07-01T17:49:25.594+0530] {logging_mixin.py:188} WARNING - /home/bharat/.local/lib/python3.11/site-packages/airflow/serialization/serialized_objects.py:1673 DeprecationWarning: This module is deprecated. The `cncf.kubernetes` provider before version 7.4.0 uses this module - you should migrate to a newer version of `cncf.kubernetes` to get rid of this warning. If you import the module via `airflow.kubernetes` import, please use `cncf.kubernetes' provider 7.4.0+ and switch all your imports to use `apache.airflow.providers.cncf.kubernetes` to get rid of the warning.
[2024-07-01T17:49:25.597+0530] {logging_mixin.py:188} INFO - [2024-07-01T17:49:25.596+0530] {dag.py:3096} INFO - Sync 1 DAGs
[2024-07-01T17:49:25.600+0530] {logging_mixin.py:188} INFO - [2024-07-01T17:49:25.600+0530] {dag.py:3954} INFO - Setting next_dagrun for example_local_kubernetes_executor to None, run_after=None
[2024-07-01T17:49:25.610+0530] {processor.py:183} INFO - Processing /home/bharat/.local/lib/python3.11/site-packages/airflow/example_dags/example_local_kubernetes_executor.py took 0.150 seconds
[2024-07-01T17:50:20.678+0530] {processor.py:161} INFO - Started process (PID=11447) to work on /home/bharat/.local/lib/python3.11/site-packages/airflow/example_dags/example_local_kubernetes_executor.py
[2024-07-01T17:50:20.679+0530] {processor.py:830} INFO - Processing file /home/bharat/.local/lib/python3.11/site-packages/airflow/example_dags/example_local_kubernetes_executor.py for tasks to queue
[2024-07-01T17:50:20.680+0530] {logging_mixin.py:188} INFO - [2024-07-01T17:50:20.679+0530] {dagbag.py:545} INFO - Filling up the DagBag from /home/bharat/.local/lib/python3.11/site-packages/airflow/example_dags/example_local_kubernetes_executor.py
[2024-07-01T17:50:20.769+0530] {processor.py:840} INFO - DAG(s) 'example_local_kubernetes_executor' retrieved from /home/bharat/.local/lib/python3.11/site-packages/airflow/example_dags/example_local_kubernetes_executor.py
[2024-07-01T17:50:20.775+0530] {logging_mixin.py:188} WARNING - /home/bharat/.local/lib/python3.11/site-packages/airflow/serialization/serialized_objects.py:1673 DeprecationWarning: This module is deprecated. The `cncf.kubernetes` provider before version 7.4.0 uses this module - you should migrate to a newer version of `cncf.kubernetes` to get rid of this warning. If you import the module via `airflow.kubernetes` import, please use `cncf.kubernetes' provider 7.4.0+ and switch all your imports to use `apache.airflow.providers.cncf.kubernetes` to get rid of the warning.
[2024-07-01T17:50:20.777+0530] {logging_mixin.py:188} INFO - [2024-07-01T17:50:20.777+0530] {dag.py:3096} INFO - Sync 1 DAGs
[2024-07-01T17:50:20.782+0530] {logging_mixin.py:188} INFO - [2024-07-01T17:50:20.782+0530] {dag.py:3954} INFO - Setting next_dagrun for example_local_kubernetes_executor to None, run_after=None
[2024-07-01T17:50:20.792+0530] {processor.py:183} INFO - Processing /home/bharat/.local/lib/python3.11/site-packages/airflow/example_dags/example_local_kubernetes_executor.py took 0.118 seconds
[2024-07-01T17:51:11.467+0530] {processor.py:161} INFO - Started process (PID=11605) to work on /home/bharat/.local/lib/python3.11/site-packages/airflow/example_dags/example_local_kubernetes_executor.py
[2024-07-01T17:51:11.468+0530] {processor.py:830} INFO - Processing file /home/bharat/.local/lib/python3.11/site-packages/airflow/example_dags/example_local_kubernetes_executor.py for tasks to queue
[2024-07-01T17:51:11.469+0530] {logging_mixin.py:188} INFO - [2024-07-01T17:51:11.469+0530] {dagbag.py:545} INFO - Filling up the DagBag from /home/bharat/.local/lib/python3.11/site-packages/airflow/example_dags/example_local_kubernetes_executor.py
[2024-07-01T17:51:11.554+0530] {processor.py:840} INFO - DAG(s) 'example_local_kubernetes_executor' retrieved from /home/bharat/.local/lib/python3.11/site-packages/airflow/example_dags/example_local_kubernetes_executor.py
[2024-07-01T17:51:11.560+0530] {logging_mixin.py:188} WARNING - /home/bharat/.local/lib/python3.11/site-packages/airflow/serialization/serialized_objects.py:1673 DeprecationWarning: This module is deprecated. The `cncf.kubernetes` provider before version 7.4.0 uses this module - you should migrate to a newer version of `cncf.kubernetes` to get rid of this warning. If you import the module via `airflow.kubernetes` import, please use `cncf.kubernetes' provider 7.4.0+ and switch all your imports to use `apache.airflow.providers.cncf.kubernetes` to get rid of the warning.
[2024-07-01T17:51:11.562+0530] {logging_mixin.py:188} INFO - [2024-07-01T17:51:11.562+0530] {dag.py:3096} INFO - Sync 1 DAGs
[2024-07-01T17:51:11.566+0530] {logging_mixin.py:188} INFO - [2024-07-01T17:51:11.566+0530] {dag.py:3954} INFO - Setting next_dagrun for example_local_kubernetes_executor to None, run_after=None
[2024-07-01T17:51:11.576+0530] {processor.py:183} INFO - Processing /home/bharat/.local/lib/python3.11/site-packages/airflow/example_dags/example_local_kubernetes_executor.py took 0.114 seconds
[2024-07-01T17:52:21.858+0530] {processor.py:161} INFO - Started process (PID=12029) to work on /home/bharat/.local/lib/python3.11/site-packages/airflow/example_dags/example_local_kubernetes_executor.py
[2024-07-01T17:52:21.859+0530] {processor.py:830} INFO - Processing file /home/bharat/.local/lib/python3.11/site-packages/airflow/example_dags/example_local_kubernetes_executor.py for tasks to queue
[2024-07-01T17:52:21.860+0530] {logging_mixin.py:188} INFO - [2024-07-01T17:52:21.859+0530] {dagbag.py:545} INFO - Filling up the DagBag from /home/bharat/.local/lib/python3.11/site-packages/airflow/example_dags/example_local_kubernetes_executor.py
[2024-07-01T17:52:21.942+0530] {processor.py:840} INFO - DAG(s) 'example_local_kubernetes_executor' retrieved from /home/bharat/.local/lib/python3.11/site-packages/airflow/example_dags/example_local_kubernetes_executor.py
[2024-07-01T17:52:21.948+0530] {logging_mixin.py:188} WARNING - /home/bharat/.local/lib/python3.11/site-packages/airflow/serialization/serialized_objects.py:1673 DeprecationWarning: This module is deprecated. The `cncf.kubernetes` provider before version 7.4.0 uses this module - you should migrate to a newer version of `cncf.kubernetes` to get rid of this warning. If you import the module via `airflow.kubernetes` import, please use `cncf.kubernetes' provider 7.4.0+ and switch all your imports to use `apache.airflow.providers.cncf.kubernetes` to get rid of the warning.
[2024-07-01T17:52:21.950+0530] {logging_mixin.py:188} INFO - [2024-07-01T17:52:21.950+0530] {dag.py:3096} INFO - Sync 1 DAGs
[2024-07-01T17:52:21.955+0530] {logging_mixin.py:188} INFO - [2024-07-01T17:52:21.954+0530] {dag.py:3954} INFO - Setting next_dagrun for example_local_kubernetes_executor to None, run_after=None
[2024-07-01T17:52:21.964+0530] {processor.py:183} INFO - Processing /home/bharat/.local/lib/python3.11/site-packages/airflow/example_dags/example_local_kubernetes_executor.py took 0.112 seconds
[2024-07-01T17:53:18.561+0530] {processor.py:161} INFO - Started process (PID=12135) to work on /home/bharat/.local/lib/python3.11/site-packages/airflow/example_dags/example_local_kubernetes_executor.py
[2024-07-01T17:53:18.562+0530] {processor.py:830} INFO - Processing file /home/bharat/.local/lib/python3.11/site-packages/airflow/example_dags/example_local_kubernetes_executor.py for tasks to queue
[2024-07-01T17:53:18.564+0530] {logging_mixin.py:188} INFO - [2024-07-01T17:53:18.563+0530] {dagbag.py:545} INFO - Filling up the DagBag from /home/bharat/.local/lib/python3.11/site-packages/airflow/example_dags/example_local_kubernetes_executor.py
[2024-07-01T17:53:18.648+0530] {processor.py:840} INFO - DAG(s) 'example_local_kubernetes_executor' retrieved from /home/bharat/.local/lib/python3.11/site-packages/airflow/example_dags/example_local_kubernetes_executor.py
[2024-07-01T17:53:18.654+0530] {logging_mixin.py:188} WARNING - /home/bharat/.local/lib/python3.11/site-packages/airflow/serialization/serialized_objects.py:1673 DeprecationWarning: This module is deprecated. The `cncf.kubernetes` provider before version 7.4.0 uses this module - you should migrate to a newer version of `cncf.kubernetes` to get rid of this warning. If you import the module via `airflow.kubernetes` import, please use `cncf.kubernetes' provider 7.4.0+ and switch all your imports to use `apache.airflow.providers.cncf.kubernetes` to get rid of the warning.
[2024-07-01T17:53:18.657+0530] {logging_mixin.py:188} INFO - [2024-07-01T17:53:18.657+0530] {dag.py:3096} INFO - Sync 1 DAGs
[2024-07-01T17:53:18.661+0530] {logging_mixin.py:188} INFO - [2024-07-01T17:53:18.661+0530] {dag.py:3954} INFO - Setting next_dagrun for example_local_kubernetes_executor to None, run_after=None
[2024-07-01T17:53:18.670+0530] {processor.py:183} INFO - Processing /home/bharat/.local/lib/python3.11/site-packages/airflow/example_dags/example_local_kubernetes_executor.py took 0.117 seconds
[2024-07-01T17:54:26.268+0530] {processor.py:161} INFO - Started process (PID=12525) to work on /home/bharat/.local/lib/python3.11/site-packages/airflow/example_dags/example_local_kubernetes_executor.py
[2024-07-01T17:54:26.269+0530] {processor.py:830} INFO - Processing file /home/bharat/.local/lib/python3.11/site-packages/airflow/example_dags/example_local_kubernetes_executor.py for tasks to queue
[2024-07-01T17:54:26.270+0530] {logging_mixin.py:188} INFO - [2024-07-01T17:54:26.269+0530] {dagbag.py:545} INFO - Filling up the DagBag from /home/bharat/.local/lib/python3.11/site-packages/airflow/example_dags/example_local_kubernetes_executor.py
[2024-07-01T17:54:26.363+0530] {processor.py:840} INFO - DAG(s) 'example_local_kubernetes_executor' retrieved from /home/bharat/.local/lib/python3.11/site-packages/airflow/example_dags/example_local_kubernetes_executor.py
[2024-07-01T17:54:26.369+0530] {logging_mixin.py:188} WARNING - /home/bharat/.local/lib/python3.11/site-packages/airflow/serialization/serialized_objects.py:1673 DeprecationWarning: This module is deprecated. The `cncf.kubernetes` provider before version 7.4.0 uses this module - you should migrate to a newer version of `cncf.kubernetes` to get rid of this warning. If you import the module via `airflow.kubernetes` import, please use `cncf.kubernetes' provider 7.4.0+ and switch all your imports to use `apache.airflow.providers.cncf.kubernetes` to get rid of the warning.
[2024-07-01T17:54:26.372+0530] {logging_mixin.py:188} INFO - [2024-07-01T17:54:26.372+0530] {dag.py:3096} INFO - Sync 1 DAGs
[2024-07-01T17:54:26.377+0530] {logging_mixin.py:188} INFO - [2024-07-01T17:54:26.377+0530] {dag.py:3954} INFO - Setting next_dagrun for example_local_kubernetes_executor to None, run_after=None
[2024-07-01T17:54:26.387+0530] {processor.py:183} INFO - Processing /home/bharat/.local/lib/python3.11/site-packages/airflow/example_dags/example_local_kubernetes_executor.py took 0.123 seconds
[2024-07-01T17:55:22.782+0530] {processor.py:161} INFO - Started process (PID=12609) to work on /home/bharat/.local/lib/python3.11/site-packages/airflow/example_dags/example_local_kubernetes_executor.py
[2024-07-01T17:55:22.783+0530] {processor.py:830} INFO - Processing file /home/bharat/.local/lib/python3.11/site-packages/airflow/example_dags/example_local_kubernetes_executor.py for tasks to queue
[2024-07-01T17:55:22.784+0530] {logging_mixin.py:188} INFO - [2024-07-01T17:55:22.784+0530] {dagbag.py:545} INFO - Filling up the DagBag from /home/bharat/.local/lib/python3.11/site-packages/airflow/example_dags/example_local_kubernetes_executor.py
[2024-07-01T17:55:22.864+0530] {processor.py:840} INFO - DAG(s) 'example_local_kubernetes_executor' retrieved from /home/bharat/.local/lib/python3.11/site-packages/airflow/example_dags/example_local_kubernetes_executor.py
[2024-07-01T17:55:22.869+0530] {logging_mixin.py:188} WARNING - /home/bharat/.local/lib/python3.11/site-packages/airflow/serialization/serialized_objects.py:1673 DeprecationWarning: This module is deprecated. The `cncf.kubernetes` provider before version 7.4.0 uses this module - you should migrate to a newer version of `cncf.kubernetes` to get rid of this warning. If you import the module via `airflow.kubernetes` import, please use `cncf.kubernetes' provider 7.4.0+ and switch all your imports to use `apache.airflow.providers.cncf.kubernetes` to get rid of the warning.
[2024-07-01T17:55:22.872+0530] {logging_mixin.py:188} INFO - [2024-07-01T17:55:22.872+0530] {dag.py:3096} INFO - Sync 1 DAGs
[2024-07-01T17:55:22.876+0530] {logging_mixin.py:188} INFO - [2024-07-01T17:55:22.876+0530] {dag.py:3954} INFO - Setting next_dagrun for example_local_kubernetes_executor to None, run_after=None
[2024-07-01T17:55:22.885+0530] {processor.py:183} INFO - Processing /home/bharat/.local/lib/python3.11/site-packages/airflow/example_dags/example_local_kubernetes_executor.py took 0.110 seconds
[2024-07-01T17:56:12.801+0530] {processor.py:161} INFO - Started process (PID=12686) to work on /home/bharat/.local/lib/python3.11/site-packages/airflow/example_dags/example_local_kubernetes_executor.py
[2024-07-01T17:56:12.802+0530] {processor.py:830} INFO - Processing file /home/bharat/.local/lib/python3.11/site-packages/airflow/example_dags/example_local_kubernetes_executor.py for tasks to queue
[2024-07-01T17:56:12.804+0530] {logging_mixin.py:188} INFO - [2024-07-01T17:56:12.803+0530] {dagbag.py:545} INFO - Filling up the DagBag from /home/bharat/.local/lib/python3.11/site-packages/airflow/example_dags/example_local_kubernetes_executor.py
[2024-07-01T17:56:12.885+0530] {processor.py:840} INFO - DAG(s) 'example_local_kubernetes_executor' retrieved from /home/bharat/.local/lib/python3.11/site-packages/airflow/example_dags/example_local_kubernetes_executor.py
[2024-07-01T17:56:12.890+0530] {logging_mixin.py:188} WARNING - /home/bharat/.local/lib/python3.11/site-packages/airflow/serialization/serialized_objects.py:1673 DeprecationWarning: This module is deprecated. The `cncf.kubernetes` provider before version 7.4.0 uses this module - you should migrate to a newer version of `cncf.kubernetes` to get rid of this warning. If you import the module via `airflow.kubernetes` import, please use `cncf.kubernetes' provider 7.4.0+ and switch all your imports to use `apache.airflow.providers.cncf.kubernetes` to get rid of the warning.
[2024-07-01T17:56:12.893+0530] {logging_mixin.py:188} INFO - [2024-07-01T17:56:12.893+0530] {dag.py:3096} INFO - Sync 1 DAGs
[2024-07-01T17:56:12.897+0530] {logging_mixin.py:188} INFO - [2024-07-01T17:56:12.897+0530] {dag.py:3954} INFO - Setting next_dagrun for example_local_kubernetes_executor to None, run_after=None
[2024-07-01T17:56:12.906+0530] {processor.py:183} INFO - Processing /home/bharat/.local/lib/python3.11/site-packages/airflow/example_dags/example_local_kubernetes_executor.py took 0.112 seconds
[2024-07-01T17:57:06.877+0530] {processor.py:161} INFO - Started process (PID=12761) to work on /home/bharat/.local/lib/python3.11/site-packages/airflow/example_dags/example_local_kubernetes_executor.py
[2024-07-01T17:57:06.877+0530] {processor.py:830} INFO - Processing file /home/bharat/.local/lib/python3.11/site-packages/airflow/example_dags/example_local_kubernetes_executor.py for tasks to queue
[2024-07-01T17:57:06.879+0530] {logging_mixin.py:188} INFO - [2024-07-01T17:57:06.878+0530] {dagbag.py:545} INFO - Filling up the DagBag from /home/bharat/.local/lib/python3.11/site-packages/airflow/example_dags/example_local_kubernetes_executor.py
[2024-07-01T17:57:06.963+0530] {processor.py:840} INFO - DAG(s) 'example_local_kubernetes_executor' retrieved from /home/bharat/.local/lib/python3.11/site-packages/airflow/example_dags/example_local_kubernetes_executor.py
[2024-07-01T17:57:06.968+0530] {logging_mixin.py:188} WARNING - /home/bharat/.local/lib/python3.11/site-packages/airflow/serialization/serialized_objects.py:1673 DeprecationWarning: This module is deprecated. The `cncf.kubernetes` provider before version 7.4.0 uses this module - you should migrate to a newer version of `cncf.kubernetes` to get rid of this warning. If you import the module via `airflow.kubernetes` import, please use `cncf.kubernetes' provider 7.4.0+ and switch all your imports to use `apache.airflow.providers.cncf.kubernetes` to get rid of the warning.
[2024-07-01T17:57:06.970+0530] {logging_mixin.py:188} INFO - [2024-07-01T17:57:06.970+0530] {dag.py:3096} INFO - Sync 1 DAGs
[2024-07-01T17:57:06.975+0530] {logging_mixin.py:188} INFO - [2024-07-01T17:57:06.975+0530] {dag.py:3954} INFO - Setting next_dagrun for example_local_kubernetes_executor to None, run_after=None
[2024-07-01T17:57:06.984+0530] {processor.py:183} INFO - Processing /home/bharat/.local/lib/python3.11/site-packages/airflow/example_dags/example_local_kubernetes_executor.py took 0.113 seconds
[2024-07-01T17:57:59.910+0530] {processor.py:161} INFO - Started process (PID=12833) to work on /home/bharat/.local/lib/python3.11/site-packages/airflow/example_dags/example_local_kubernetes_executor.py
[2024-07-01T17:57:59.911+0530] {processor.py:830} INFO - Processing file /home/bharat/.local/lib/python3.11/site-packages/airflow/example_dags/example_local_kubernetes_executor.py for tasks to queue
[2024-07-01T17:57:59.911+0530] {logging_mixin.py:188} INFO - [2024-07-01T17:57:59.911+0530] {dagbag.py:545} INFO - Filling up the DagBag from /home/bharat/.local/lib/python3.11/site-packages/airflow/example_dags/example_local_kubernetes_executor.py
[2024-07-01T17:57:59.992+0530] {processor.py:840} INFO - DAG(s) 'example_local_kubernetes_executor' retrieved from /home/bharat/.local/lib/python3.11/site-packages/airflow/example_dags/example_local_kubernetes_executor.py
[2024-07-01T17:57:59.997+0530] {logging_mixin.py:188} WARNING - /home/bharat/.local/lib/python3.11/site-packages/airflow/serialization/serialized_objects.py:1673 DeprecationWarning: This module is deprecated. The `cncf.kubernetes` provider before version 7.4.0 uses this module - you should migrate to a newer version of `cncf.kubernetes` to get rid of this warning. If you import the module via `airflow.kubernetes` import, please use `cncf.kubernetes' provider 7.4.0+ and switch all your imports to use `apache.airflow.providers.cncf.kubernetes` to get rid of the warning.
[2024-07-01T17:58:00.000+0530] {logging_mixin.py:188} INFO - [2024-07-01T17:57:59.999+0530] {dag.py:3096} INFO - Sync 1 DAGs
[2024-07-01T17:58:00.004+0530] {logging_mixin.py:188} INFO - [2024-07-01T17:58:00.004+0530] {dag.py:3954} INFO - Setting next_dagrun for example_local_kubernetes_executor to None, run_after=None
[2024-07-01T17:58:00.013+0530] {processor.py:183} INFO - Processing /home/bharat/.local/lib/python3.11/site-packages/airflow/example_dags/example_local_kubernetes_executor.py took 0.109 seconds
[2024-07-01T17:58:50.471+0530] {processor.py:161} INFO - Started process (PID=12933) to work on /home/bharat/.local/lib/python3.11/site-packages/airflow/example_dags/example_local_kubernetes_executor.py
[2024-07-01T17:58:50.471+0530] {processor.py:830} INFO - Processing file /home/bharat/.local/lib/python3.11/site-packages/airflow/example_dags/example_local_kubernetes_executor.py for tasks to queue
[2024-07-01T17:58:50.472+0530] {logging_mixin.py:188} INFO - [2024-07-01T17:58:50.472+0530] {dagbag.py:545} INFO - Filling up the DagBag from /home/bharat/.local/lib/python3.11/site-packages/airflow/example_dags/example_local_kubernetes_executor.py
[2024-07-01T17:58:50.553+0530] {processor.py:840} INFO - DAG(s) 'example_local_kubernetes_executor' retrieved from /home/bharat/.local/lib/python3.11/site-packages/airflow/example_dags/example_local_kubernetes_executor.py
[2024-07-01T17:58:50.558+0530] {logging_mixin.py:188} WARNING - /home/bharat/.local/lib/python3.11/site-packages/airflow/serialization/serialized_objects.py:1673 DeprecationWarning: This module is deprecated. The `cncf.kubernetes` provider before version 7.4.0 uses this module - you should migrate to a newer version of `cncf.kubernetes` to get rid of this warning. If you import the module via `airflow.kubernetes` import, please use `cncf.kubernetes' provider 7.4.0+ and switch all your imports to use `apache.airflow.providers.cncf.kubernetes` to get rid of the warning.
[2024-07-01T17:58:50.560+0530] {logging_mixin.py:188} INFO - [2024-07-01T17:58:50.560+0530] {dag.py:3096} INFO - Sync 1 DAGs
[2024-07-01T17:58:50.564+0530] {logging_mixin.py:188} INFO - [2024-07-01T17:58:50.564+0530] {dag.py:3954} INFO - Setting next_dagrun for example_local_kubernetes_executor to None, run_after=None
[2024-07-01T17:58:50.574+0530] {processor.py:183} INFO - Processing /home/bharat/.local/lib/python3.11/site-packages/airflow/example_dags/example_local_kubernetes_executor.py took 0.109 seconds
[2024-07-01T17:59:42.281+0530] {processor.py:161} INFO - Started process (PID=13005) to work on /home/bharat/.local/lib/python3.11/site-packages/airflow/example_dags/example_local_kubernetes_executor.py
[2024-07-01T17:59:42.281+0530] {processor.py:830} INFO - Processing file /home/bharat/.local/lib/python3.11/site-packages/airflow/example_dags/example_local_kubernetes_executor.py for tasks to queue
[2024-07-01T17:59:42.282+0530] {logging_mixin.py:188} INFO - [2024-07-01T17:59:42.282+0530] {dagbag.py:545} INFO - Filling up the DagBag from /home/bharat/.local/lib/python3.11/site-packages/airflow/example_dags/example_local_kubernetes_executor.py
[2024-07-01T17:59:42.366+0530] {processor.py:840} INFO - DAG(s) 'example_local_kubernetes_executor' retrieved from /home/bharat/.local/lib/python3.11/site-packages/airflow/example_dags/example_local_kubernetes_executor.py
[2024-07-01T17:59:42.372+0530] {logging_mixin.py:188} WARNING - /home/bharat/.local/lib/python3.11/site-packages/airflow/serialization/serialized_objects.py:1673 DeprecationWarning: This module is deprecated. The `cncf.kubernetes` provider before version 7.4.0 uses this module - you should migrate to a newer version of `cncf.kubernetes` to get rid of this warning. If you import the module via `airflow.kubernetes` import, please use `cncf.kubernetes' provider 7.4.0+ and switch all your imports to use `apache.airflow.providers.cncf.kubernetes` to get rid of the warning.
[2024-07-01T17:59:42.375+0530] {logging_mixin.py:188} INFO - [2024-07-01T17:59:42.374+0530] {dag.py:3096} INFO - Sync 1 DAGs
[2024-07-01T17:59:42.378+0530] {logging_mixin.py:188} INFO - [2024-07-01T17:59:42.378+0530] {dag.py:3954} INFO - Setting next_dagrun for example_local_kubernetes_executor to None, run_after=None
[2024-07-01T17:59:42.388+0530] {processor.py:183} INFO - Processing /home/bharat/.local/lib/python3.11/site-packages/airflow/example_dags/example_local_kubernetes_executor.py took 0.113 seconds
[2024-07-01T18:00:34.715+0530] {processor.py:161} INFO - Started process (PID=13083) to work on /home/bharat/.local/lib/python3.11/site-packages/airflow/example_dags/example_local_kubernetes_executor.py
[2024-07-01T18:00:34.715+0530] {processor.py:830} INFO - Processing file /home/bharat/.local/lib/python3.11/site-packages/airflow/example_dags/example_local_kubernetes_executor.py for tasks to queue
[2024-07-01T18:00:34.716+0530] {logging_mixin.py:188} INFO - [2024-07-01T18:00:34.716+0530] {dagbag.py:545} INFO - Filling up the DagBag from /home/bharat/.local/lib/python3.11/site-packages/airflow/example_dags/example_local_kubernetes_executor.py
[2024-07-01T18:00:34.798+0530] {processor.py:840} INFO - DAG(s) 'example_local_kubernetes_executor' retrieved from /home/bharat/.local/lib/python3.11/site-packages/airflow/example_dags/example_local_kubernetes_executor.py
[2024-07-01T18:00:34.803+0530] {logging_mixin.py:188} WARNING - /home/bharat/.local/lib/python3.11/site-packages/airflow/serialization/serialized_objects.py:1673 DeprecationWarning: This module is deprecated. The `cncf.kubernetes` provider before version 7.4.0 uses this module - you should migrate to a newer version of `cncf.kubernetes` to get rid of this warning. If you import the module via `airflow.kubernetes` import, please use `cncf.kubernetes' provider 7.4.0+ and switch all your imports to use `apache.airflow.providers.cncf.kubernetes` to get rid of the warning.
[2024-07-01T18:00:34.806+0530] {logging_mixin.py:188} INFO - [2024-07-01T18:00:34.805+0530] {dag.py:3096} INFO - Sync 1 DAGs
[2024-07-01T18:00:34.810+0530] {logging_mixin.py:188} INFO - [2024-07-01T18:00:34.809+0530] {dag.py:3954} INFO - Setting next_dagrun for example_local_kubernetes_executor to None, run_after=None
[2024-07-01T18:00:34.820+0530] {processor.py:183} INFO - Processing /home/bharat/.local/lib/python3.11/site-packages/airflow/example_dags/example_local_kubernetes_executor.py took 0.111 seconds
[2024-07-01T18:01:26.200+0530] {processor.py:161} INFO - Started process (PID=13156) to work on /home/bharat/.local/lib/python3.11/site-packages/airflow/example_dags/example_local_kubernetes_executor.py
[2024-07-01T18:01:26.201+0530] {processor.py:830} INFO - Processing file /home/bharat/.local/lib/python3.11/site-packages/airflow/example_dags/example_local_kubernetes_executor.py for tasks to queue
[2024-07-01T18:01:26.201+0530] {logging_mixin.py:188} INFO - [2024-07-01T18:01:26.201+0530] {dagbag.py:545} INFO - Filling up the DagBag from /home/bharat/.local/lib/python3.11/site-packages/airflow/example_dags/example_local_kubernetes_executor.py
[2024-07-01T18:01:26.284+0530] {processor.py:840} INFO - DAG(s) 'example_local_kubernetes_executor' retrieved from /home/bharat/.local/lib/python3.11/site-packages/airflow/example_dags/example_local_kubernetes_executor.py
[2024-07-01T18:01:26.289+0530] {logging_mixin.py:188} WARNING - /home/bharat/.local/lib/python3.11/site-packages/airflow/serialization/serialized_objects.py:1673 DeprecationWarning: This module is deprecated. The `cncf.kubernetes` provider before version 7.4.0 uses this module - you should migrate to a newer version of `cncf.kubernetes` to get rid of this warning. If you import the module via `airflow.kubernetes` import, please use `cncf.kubernetes' provider 7.4.0+ and switch all your imports to use `apache.airflow.providers.cncf.kubernetes` to get rid of the warning.
[2024-07-01T18:01:26.292+0530] {logging_mixin.py:188} INFO - [2024-07-01T18:01:26.291+0530] {dag.py:3096} INFO - Sync 1 DAGs
[2024-07-01T18:01:26.296+0530] {logging_mixin.py:188} INFO - [2024-07-01T18:01:26.296+0530] {dag.py:3954} INFO - Setting next_dagrun for example_local_kubernetes_executor to None, run_after=None
[2024-07-01T18:01:26.305+0530] {processor.py:183} INFO - Processing /home/bharat/.local/lib/python3.11/site-packages/airflow/example_dags/example_local_kubernetes_executor.py took 0.111 seconds
[2024-07-01T18:02:19.314+0530] {processor.py:161} INFO - Started process (PID=13229) to work on /home/bharat/.local/lib/python3.11/site-packages/airflow/example_dags/example_local_kubernetes_executor.py
[2024-07-01T18:02:19.315+0530] {processor.py:830} INFO - Processing file /home/bharat/.local/lib/python3.11/site-packages/airflow/example_dags/example_local_kubernetes_executor.py for tasks to queue
[2024-07-01T18:02:19.316+0530] {logging_mixin.py:188} INFO - [2024-07-01T18:02:19.316+0530] {dagbag.py:545} INFO - Filling up the DagBag from /home/bharat/.local/lib/python3.11/site-packages/airflow/example_dags/example_local_kubernetes_executor.py
[2024-07-01T18:02:19.401+0530] {processor.py:840} INFO - DAG(s) 'example_local_kubernetes_executor' retrieved from /home/bharat/.local/lib/python3.11/site-packages/airflow/example_dags/example_local_kubernetes_executor.py
[2024-07-01T18:02:19.407+0530] {logging_mixin.py:188} WARNING - /home/bharat/.local/lib/python3.11/site-packages/airflow/serialization/serialized_objects.py:1673 DeprecationWarning: This module is deprecated. The `cncf.kubernetes` provider before version 7.4.0 uses this module - you should migrate to a newer version of `cncf.kubernetes` to get rid of this warning. If you import the module via `airflow.kubernetes` import, please use `cncf.kubernetes' provider 7.4.0+ and switch all your imports to use `apache.airflow.providers.cncf.kubernetes` to get rid of the warning.
[2024-07-01T18:02:19.409+0530] {logging_mixin.py:188} INFO - [2024-07-01T18:02:19.409+0530] {dag.py:3096} INFO - Sync 1 DAGs
[2024-07-01T18:02:19.413+0530] {logging_mixin.py:188} INFO - [2024-07-01T18:02:19.413+0530] {dag.py:3954} INFO - Setting next_dagrun for example_local_kubernetes_executor to None, run_after=None
[2024-07-01T18:02:19.423+0530] {processor.py:183} INFO - Processing /home/bharat/.local/lib/python3.11/site-packages/airflow/example_dags/example_local_kubernetes_executor.py took 0.112 seconds
[2024-07-01T18:03:10.925+0530] {processor.py:161} INFO - Started process (PID=13331) to work on /home/bharat/.local/lib/python3.11/site-packages/airflow/example_dags/example_local_kubernetes_executor.py
[2024-07-01T18:03:10.926+0530] {processor.py:830} INFO - Processing file /home/bharat/.local/lib/python3.11/site-packages/airflow/example_dags/example_local_kubernetes_executor.py for tasks to queue
[2024-07-01T18:03:10.926+0530] {logging_mixin.py:188} INFO - [2024-07-01T18:03:10.926+0530] {dagbag.py:545} INFO - Filling up the DagBag from /home/bharat/.local/lib/python3.11/site-packages/airflow/example_dags/example_local_kubernetes_executor.py
[2024-07-01T18:03:11.008+0530] {processor.py:840} INFO - DAG(s) 'example_local_kubernetes_executor' retrieved from /home/bharat/.local/lib/python3.11/site-packages/airflow/example_dags/example_local_kubernetes_executor.py
[2024-07-01T18:03:11.013+0530] {logging_mixin.py:188} WARNING - /home/bharat/.local/lib/python3.11/site-packages/airflow/serialization/serialized_objects.py:1673 DeprecationWarning: This module is deprecated. The `cncf.kubernetes` provider before version 7.4.0 uses this module - you should migrate to a newer version of `cncf.kubernetes` to get rid of this warning. If you import the module via `airflow.kubernetes` import, please use `cncf.kubernetes' provider 7.4.0+ and switch all your imports to use `apache.airflow.providers.cncf.kubernetes` to get rid of the warning.
[2024-07-01T18:03:11.016+0530] {logging_mixin.py:188} INFO - [2024-07-01T18:03:11.016+0530] {dag.py:3096} INFO - Sync 1 DAGs
[2024-07-01T18:03:11.020+0530] {logging_mixin.py:188} INFO - [2024-07-01T18:03:11.020+0530] {dag.py:3954} INFO - Setting next_dagrun for example_local_kubernetes_executor to None, run_after=None
[2024-07-01T18:03:11.030+0530] {processor.py:183} INFO - Processing /home/bharat/.local/lib/python3.11/site-packages/airflow/example_dags/example_local_kubernetes_executor.py took 0.108 seconds
[2024-07-01T18:04:01.727+0530] {processor.py:161} INFO - Started process (PID=13401) to work on /home/bharat/.local/lib/python3.11/site-packages/airflow/example_dags/example_local_kubernetes_executor.py
[2024-07-01T18:04:01.727+0530] {processor.py:830} INFO - Processing file /home/bharat/.local/lib/python3.11/site-packages/airflow/example_dags/example_local_kubernetes_executor.py for tasks to queue
[2024-07-01T18:04:01.728+0530] {logging_mixin.py:188} INFO - [2024-07-01T18:04:01.728+0530] {dagbag.py:545} INFO - Filling up the DagBag from /home/bharat/.local/lib/python3.11/site-packages/airflow/example_dags/example_local_kubernetes_executor.py
[2024-07-01T18:04:01.809+0530] {processor.py:840} INFO - DAG(s) 'example_local_kubernetes_executor' retrieved from /home/bharat/.local/lib/python3.11/site-packages/airflow/example_dags/example_local_kubernetes_executor.py
[2024-07-01T18:04:01.815+0530] {logging_mixin.py:188} WARNING - /home/bharat/.local/lib/python3.11/site-packages/airflow/serialization/serialized_objects.py:1673 DeprecationWarning: This module is deprecated. The `cncf.kubernetes` provider before version 7.4.0 uses this module - you should migrate to a newer version of `cncf.kubernetes` to get rid of this warning. If you import the module via `airflow.kubernetes` import, please use `cncf.kubernetes' provider 7.4.0+ and switch all your imports to use `apache.airflow.providers.cncf.kubernetes` to get rid of the warning.
[2024-07-01T18:04:01.817+0530] {logging_mixin.py:188} INFO - [2024-07-01T18:04:01.817+0530] {dag.py:3096} INFO - Sync 1 DAGs
[2024-07-01T18:04:01.821+0530] {logging_mixin.py:188} INFO - [2024-07-01T18:04:01.821+0530] {dag.py:3954} INFO - Setting next_dagrun for example_local_kubernetes_executor to None, run_after=None
[2024-07-01T18:04:01.830+0530] {processor.py:183} INFO - Processing /home/bharat/.local/lib/python3.11/site-packages/airflow/example_dags/example_local_kubernetes_executor.py took 0.109 seconds
[2024-07-01T18:04:55.551+0530] {processor.py:161} INFO - Started process (PID=13904) to work on /home/bharat/.local/lib/python3.11/site-packages/airflow/example_dags/example_local_kubernetes_executor.py
[2024-07-01T18:04:55.551+0530] {processor.py:830} INFO - Processing file /home/bharat/.local/lib/python3.11/site-packages/airflow/example_dags/example_local_kubernetes_executor.py for tasks to queue
[2024-07-01T18:04:55.552+0530] {logging_mixin.py:188} INFO - [2024-07-01T18:04:55.552+0530] {dagbag.py:545} INFO - Filling up the DagBag from /home/bharat/.local/lib/python3.11/site-packages/airflow/example_dags/example_local_kubernetes_executor.py
[2024-07-01T18:04:55.635+0530] {processor.py:840} INFO - DAG(s) 'example_local_kubernetes_executor' retrieved from /home/bharat/.local/lib/python3.11/site-packages/airflow/example_dags/example_local_kubernetes_executor.py
[2024-07-01T18:04:55.641+0530] {logging_mixin.py:188} WARNING - /home/bharat/.local/lib/python3.11/site-packages/airflow/serialization/serialized_objects.py:1673 DeprecationWarning: This module is deprecated. The `cncf.kubernetes` provider before version 7.4.0 uses this module - you should migrate to a newer version of `cncf.kubernetes` to get rid of this warning. If you import the module via `airflow.kubernetes` import, please use `cncf.kubernetes' provider 7.4.0+ and switch all your imports to use `apache.airflow.providers.cncf.kubernetes` to get rid of the warning.
[2024-07-01T18:04:55.643+0530] {logging_mixin.py:188} INFO - [2024-07-01T18:04:55.643+0530] {dag.py:3096} INFO - Sync 1 DAGs
[2024-07-01T18:04:55.647+0530] {logging_mixin.py:188} INFO - [2024-07-01T18:04:55.647+0530] {dag.py:3954} INFO - Setting next_dagrun for example_local_kubernetes_executor to None, run_after=None
[2024-07-01T18:04:55.657+0530] {processor.py:183} INFO - Processing /home/bharat/.local/lib/python3.11/site-packages/airflow/example_dags/example_local_kubernetes_executor.py took 0.112 seconds
[2024-07-01T18:05:46.356+0530] {processor.py:161} INFO - Started process (PID=13986) to work on /home/bharat/.local/lib/python3.11/site-packages/airflow/example_dags/example_local_kubernetes_executor.py
[2024-07-01T18:05:46.356+0530] {processor.py:830} INFO - Processing file /home/bharat/.local/lib/python3.11/site-packages/airflow/example_dags/example_local_kubernetes_executor.py for tasks to queue
[2024-07-01T18:05:46.357+0530] {logging_mixin.py:188} INFO - [2024-07-01T18:05:46.357+0530] {dagbag.py:545} INFO - Filling up the DagBag from /home/bharat/.local/lib/python3.11/site-packages/airflow/example_dags/example_local_kubernetes_executor.py
[2024-07-01T18:05:46.444+0530] {processor.py:840} INFO - DAG(s) 'example_local_kubernetes_executor' retrieved from /home/bharat/.local/lib/python3.11/site-packages/airflow/example_dags/example_local_kubernetes_executor.py
[2024-07-01T18:05:46.450+0530] {logging_mixin.py:188} WARNING - /home/bharat/.local/lib/python3.11/site-packages/airflow/serialization/serialized_objects.py:1673 DeprecationWarning: This module is deprecated. The `cncf.kubernetes` provider before version 7.4.0 uses this module - you should migrate to a newer version of `cncf.kubernetes` to get rid of this warning. If you import the module via `airflow.kubernetes` import, please use `cncf.kubernetes' provider 7.4.0+ and switch all your imports to use `apache.airflow.providers.cncf.kubernetes` to get rid of the warning.
[2024-07-01T18:05:46.452+0530] {logging_mixin.py:188} INFO - [2024-07-01T18:05:46.452+0530] {dag.py:3096} INFO - Sync 1 DAGs
[2024-07-01T18:05:46.456+0530] {logging_mixin.py:188} INFO - [2024-07-01T18:05:46.456+0530] {dag.py:3954} INFO - Setting next_dagrun for example_local_kubernetes_executor to None, run_after=None
[2024-07-01T18:05:46.467+0530] {processor.py:183} INFO - Processing /home/bharat/.local/lib/python3.11/site-packages/airflow/example_dags/example_local_kubernetes_executor.py took 0.114 seconds
[2024-07-01T18:06:35.472+0530] {processor.py:161} INFO - Started process (PID=14066) to work on /home/bharat/.local/lib/python3.11/site-packages/airflow/example_dags/example_local_kubernetes_executor.py
[2024-07-01T18:06:35.473+0530] {processor.py:830} INFO - Processing file /home/bharat/.local/lib/python3.11/site-packages/airflow/example_dags/example_local_kubernetes_executor.py for tasks to queue
[2024-07-01T18:06:35.475+0530] {logging_mixin.py:188} INFO - [2024-07-01T18:06:35.474+0530] {dagbag.py:545} INFO - Filling up the DagBag from /home/bharat/.local/lib/python3.11/site-packages/airflow/example_dags/example_local_kubernetes_executor.py
[2024-07-01T18:06:35.557+0530] {processor.py:840} INFO - DAG(s) 'example_local_kubernetes_executor' retrieved from /home/bharat/.local/lib/python3.11/site-packages/airflow/example_dags/example_local_kubernetes_executor.py
[2024-07-01T18:06:35.562+0530] {logging_mixin.py:188} WARNING - /home/bharat/.local/lib/python3.11/site-packages/airflow/serialization/serialized_objects.py:1673 DeprecationWarning: This module is deprecated. The `cncf.kubernetes` provider before version 7.4.0 uses this module - you should migrate to a newer version of `cncf.kubernetes` to get rid of this warning. If you import the module via `airflow.kubernetes` import, please use `cncf.kubernetes' provider 7.4.0+ and switch all your imports to use `apache.airflow.providers.cncf.kubernetes` to get rid of the warning.
[2024-07-01T18:06:35.565+0530] {logging_mixin.py:188} INFO - [2024-07-01T18:06:35.565+0530] {dag.py:3096} INFO - Sync 1 DAGs
[2024-07-01T18:06:35.569+0530] {logging_mixin.py:188} INFO - [2024-07-01T18:06:35.569+0530] {dag.py:3954} INFO - Setting next_dagrun for example_local_kubernetes_executor to None, run_after=None
[2024-07-01T18:06:35.578+0530] {processor.py:183} INFO - Processing /home/bharat/.local/lib/python3.11/site-packages/airflow/example_dags/example_local_kubernetes_executor.py took 0.113 seconds
[2024-07-01T18:07:28.474+0530] {processor.py:161} INFO - Started process (PID=14140) to work on /home/bharat/.local/lib/python3.11/site-packages/airflow/example_dags/example_local_kubernetes_executor.py
[2024-07-01T18:07:28.475+0530] {processor.py:830} INFO - Processing file /home/bharat/.local/lib/python3.11/site-packages/airflow/example_dags/example_local_kubernetes_executor.py for tasks to queue
[2024-07-01T18:07:28.476+0530] {logging_mixin.py:188} INFO - [2024-07-01T18:07:28.475+0530] {dagbag.py:545} INFO - Filling up the DagBag from /home/bharat/.local/lib/python3.11/site-packages/airflow/example_dags/example_local_kubernetes_executor.py
[2024-07-01T18:07:28.557+0530] {processor.py:840} INFO - DAG(s) 'example_local_kubernetes_executor' retrieved from /home/bharat/.local/lib/python3.11/site-packages/airflow/example_dags/example_local_kubernetes_executor.py
[2024-07-01T18:07:28.563+0530] {logging_mixin.py:188} WARNING - /home/bharat/.local/lib/python3.11/site-packages/airflow/serialization/serialized_objects.py:1673 DeprecationWarning: This module is deprecated. The `cncf.kubernetes` provider before version 7.4.0 uses this module - you should migrate to a newer version of `cncf.kubernetes` to get rid of this warning. If you import the module via `airflow.kubernetes` import, please use `cncf.kubernetes' provider 7.4.0+ and switch all your imports to use `apache.airflow.providers.cncf.kubernetes` to get rid of the warning.
[2024-07-01T18:07:28.565+0530] {logging_mixin.py:188} INFO - [2024-07-01T18:07:28.565+0530] {dag.py:3096} INFO - Sync 1 DAGs
[2024-07-01T18:07:28.569+0530] {logging_mixin.py:188} INFO - [2024-07-01T18:07:28.569+0530] {dag.py:3954} INFO - Setting next_dagrun for example_local_kubernetes_executor to None, run_after=None
[2024-07-01T18:07:28.579+0530] {processor.py:183} INFO - Processing /home/bharat/.local/lib/python3.11/site-packages/airflow/example_dags/example_local_kubernetes_executor.py took 0.108 seconds
[2024-07-01T18:08:18.007+0530] {processor.py:161} INFO - Started process (PID=14240) to work on /home/bharat/.local/lib/python3.11/site-packages/airflow/example_dags/example_local_kubernetes_executor.py
[2024-07-01T18:08:18.007+0530] {processor.py:830} INFO - Processing file /home/bharat/.local/lib/python3.11/site-packages/airflow/example_dags/example_local_kubernetes_executor.py for tasks to queue
[2024-07-01T18:08:18.009+0530] {logging_mixin.py:188} INFO - [2024-07-01T18:08:18.008+0530] {dagbag.py:545} INFO - Filling up the DagBag from /home/bharat/.local/lib/python3.11/site-packages/airflow/example_dags/example_local_kubernetes_executor.py
[2024-07-01T18:08:18.094+0530] {processor.py:840} INFO - DAG(s) 'example_local_kubernetes_executor' retrieved from /home/bharat/.local/lib/python3.11/site-packages/airflow/example_dags/example_local_kubernetes_executor.py
[2024-07-01T18:08:18.100+0530] {logging_mixin.py:188} WARNING - /home/bharat/.local/lib/python3.11/site-packages/airflow/serialization/serialized_objects.py:1673 DeprecationWarning: This module is deprecated. The `cncf.kubernetes` provider before version 7.4.0 uses this module - you should migrate to a newer version of `cncf.kubernetes` to get rid of this warning. If you import the module via `airflow.kubernetes` import, please use `cncf.kubernetes' provider 7.4.0+ and switch all your imports to use `apache.airflow.providers.cncf.kubernetes` to get rid of the warning.
[2024-07-01T18:08:18.103+0530] {logging_mixin.py:188} INFO - [2024-07-01T18:08:18.102+0530] {dag.py:3096} INFO - Sync 1 DAGs
[2024-07-01T18:08:18.107+0530] {logging_mixin.py:188} INFO - [2024-07-01T18:08:18.107+0530] {dag.py:3954} INFO - Setting next_dagrun for example_local_kubernetes_executor to None, run_after=None
[2024-07-01T18:08:18.116+0530] {processor.py:183} INFO - Processing /home/bharat/.local/lib/python3.11/site-packages/airflow/example_dags/example_local_kubernetes_executor.py took 0.113 seconds
[2024-07-01T18:09:09.831+0530] {processor.py:161} INFO - Started process (PID=14400) to work on /home/bharat/.local/lib/python3.11/site-packages/airflow/example_dags/example_local_kubernetes_executor.py
[2024-07-01T18:09:09.831+0530] {processor.py:830} INFO - Processing file /home/bharat/.local/lib/python3.11/site-packages/airflow/example_dags/example_local_kubernetes_executor.py for tasks to queue
[2024-07-01T18:09:09.833+0530] {logging_mixin.py:188} INFO - [2024-07-01T18:09:09.832+0530] {dagbag.py:545} INFO - Filling up the DagBag from /home/bharat/.local/lib/python3.11/site-packages/airflow/example_dags/example_local_kubernetes_executor.py
[2024-07-01T18:09:09.917+0530] {processor.py:840} INFO - DAG(s) 'example_local_kubernetes_executor' retrieved from /home/bharat/.local/lib/python3.11/site-packages/airflow/example_dags/example_local_kubernetes_executor.py
[2024-07-01T18:09:09.922+0530] {logging_mixin.py:188} WARNING - /home/bharat/.local/lib/python3.11/site-packages/airflow/serialization/serialized_objects.py:1673 DeprecationWarning: This module is deprecated. The `cncf.kubernetes` provider before version 7.4.0 uses this module - you should migrate to a newer version of `cncf.kubernetes` to get rid of this warning. If you import the module via `airflow.kubernetes` import, please use `cncf.kubernetes' provider 7.4.0+ and switch all your imports to use `apache.airflow.providers.cncf.kubernetes` to get rid of the warning.
[2024-07-01T18:09:09.924+0530] {logging_mixin.py:188} INFO - [2024-07-01T18:09:09.924+0530] {dag.py:3096} INFO - Sync 1 DAGs
[2024-07-01T18:09:09.929+0530] {logging_mixin.py:188} INFO - [2024-07-01T18:09:09.929+0530] {dag.py:3954} INFO - Setting next_dagrun for example_local_kubernetes_executor to None, run_after=None
[2024-07-01T18:09:09.938+0530] {processor.py:183} INFO - Processing /home/bharat/.local/lib/python3.11/site-packages/airflow/example_dags/example_local_kubernetes_executor.py took 0.113 seconds
[2024-07-01T18:10:04.054+0530] {processor.py:161} INFO - Started process (PID=14482) to work on /home/bharat/.local/lib/python3.11/site-packages/airflow/example_dags/example_local_kubernetes_executor.py
[2024-07-01T18:10:04.055+0530] {processor.py:830} INFO - Processing file /home/bharat/.local/lib/python3.11/site-packages/airflow/example_dags/example_local_kubernetes_executor.py for tasks to queue
[2024-07-01T18:10:04.055+0530] {logging_mixin.py:188} INFO - [2024-07-01T18:10:04.055+0530] {dagbag.py:545} INFO - Filling up the DagBag from /home/bharat/.local/lib/python3.11/site-packages/airflow/example_dags/example_local_kubernetes_executor.py
[2024-07-01T18:10:04.138+0530] {processor.py:840} INFO - DAG(s) 'example_local_kubernetes_executor' retrieved from /home/bharat/.local/lib/python3.11/site-packages/airflow/example_dags/example_local_kubernetes_executor.py
[2024-07-01T18:10:04.144+0530] {logging_mixin.py:188} WARNING - /home/bharat/.local/lib/python3.11/site-packages/airflow/serialization/serialized_objects.py:1673 DeprecationWarning: This module is deprecated. The `cncf.kubernetes` provider before version 7.4.0 uses this module - you should migrate to a newer version of `cncf.kubernetes` to get rid of this warning. If you import the module via `airflow.kubernetes` import, please use `cncf.kubernetes' provider 7.4.0+ and switch all your imports to use `apache.airflow.providers.cncf.kubernetes` to get rid of the warning.
[2024-07-01T18:10:04.146+0530] {logging_mixin.py:188} INFO - [2024-07-01T18:10:04.146+0530] {dag.py:3096} INFO - Sync 1 DAGs
[2024-07-01T18:10:04.150+0530] {logging_mixin.py:188} INFO - [2024-07-01T18:10:04.150+0530] {dag.py:3954} INFO - Setting next_dagrun for example_local_kubernetes_executor to None, run_after=None
[2024-07-01T18:10:04.160+0530] {processor.py:183} INFO - Processing /home/bharat/.local/lib/python3.11/site-packages/airflow/example_dags/example_local_kubernetes_executor.py took 0.111 seconds
[2024-07-01T18:10:55.456+0530] {processor.py:161} INFO - Started process (PID=14580) to work on /home/bharat/.local/lib/python3.11/site-packages/airflow/example_dags/example_local_kubernetes_executor.py
[2024-07-01T18:10:55.456+0530] {processor.py:830} INFO - Processing file /home/bharat/.local/lib/python3.11/site-packages/airflow/example_dags/example_local_kubernetes_executor.py for tasks to queue
[2024-07-01T18:10:55.457+0530] {logging_mixin.py:188} INFO - [2024-07-01T18:10:55.457+0530] {dagbag.py:545} INFO - Filling up the DagBag from /home/bharat/.local/lib/python3.11/site-packages/airflow/example_dags/example_local_kubernetes_executor.py
[2024-07-01T18:10:55.550+0530] {processor.py:840} INFO - DAG(s) 'example_local_kubernetes_executor' retrieved from /home/bharat/.local/lib/python3.11/site-packages/airflow/example_dags/example_local_kubernetes_executor.py
[2024-07-01T18:10:55.556+0530] {logging_mixin.py:188} WARNING - /home/bharat/.local/lib/python3.11/site-packages/airflow/serialization/serialized_objects.py:1673 DeprecationWarning: This module is deprecated. The `cncf.kubernetes` provider before version 7.4.0 uses this module - you should migrate to a newer version of `cncf.kubernetes` to get rid of this warning. If you import the module via `airflow.kubernetes` import, please use `cncf.kubernetes' provider 7.4.0+ and switch all your imports to use `apache.airflow.providers.cncf.kubernetes` to get rid of the warning.
[2024-07-01T18:10:55.558+0530] {logging_mixin.py:188} INFO - [2024-07-01T18:10:55.558+0530] {dag.py:3096} INFO - Sync 1 DAGs
[2024-07-01T18:10:55.562+0530] {logging_mixin.py:188} INFO - [2024-07-01T18:10:55.562+0530] {dag.py:3954} INFO - Setting next_dagrun for example_local_kubernetes_executor to None, run_after=None
[2024-07-01T18:10:55.572+0530] {processor.py:183} INFO - Processing /home/bharat/.local/lib/python3.11/site-packages/airflow/example_dags/example_local_kubernetes_executor.py took 0.119 seconds
[2024-07-01T18:11:48.080+0530] {processor.py:161} INFO - Started process (PID=14712) to work on /home/bharat/.local/lib/python3.11/site-packages/airflow/example_dags/example_local_kubernetes_executor.py
[2024-07-01T18:11:48.080+0530] {processor.py:830} INFO - Processing file /home/bharat/.local/lib/python3.11/site-packages/airflow/example_dags/example_local_kubernetes_executor.py for tasks to queue
[2024-07-01T18:11:48.082+0530] {logging_mixin.py:188} INFO - [2024-07-01T18:11:48.081+0530] {dagbag.py:545} INFO - Filling up the DagBag from /home/bharat/.local/lib/python3.11/site-packages/airflow/example_dags/example_local_kubernetes_executor.py
[2024-07-01T18:11:48.168+0530] {processor.py:840} INFO - DAG(s) 'example_local_kubernetes_executor' retrieved from /home/bharat/.local/lib/python3.11/site-packages/airflow/example_dags/example_local_kubernetes_executor.py
[2024-07-01T18:11:48.174+0530] {logging_mixin.py:188} WARNING - /home/bharat/.local/lib/python3.11/site-packages/airflow/serialization/serialized_objects.py:1673 DeprecationWarning: This module is deprecated. The `cncf.kubernetes` provider before version 7.4.0 uses this module - you should migrate to a newer version of `cncf.kubernetes` to get rid of this warning. If you import the module via `airflow.kubernetes` import, please use `cncf.kubernetes' provider 7.4.0+ and switch all your imports to use `apache.airflow.providers.cncf.kubernetes` to get rid of the warning.
[2024-07-01T18:11:48.176+0530] {logging_mixin.py:188} INFO - [2024-07-01T18:11:48.176+0530] {dag.py:3096} INFO - Sync 1 DAGs
[2024-07-01T18:11:48.180+0530] {logging_mixin.py:188} INFO - [2024-07-01T18:11:48.180+0530] {dag.py:3954} INFO - Setting next_dagrun for example_local_kubernetes_executor to None, run_after=None
[2024-07-01T18:11:48.190+0530] {processor.py:183} INFO - Processing /home/bharat/.local/lib/python3.11/site-packages/airflow/example_dags/example_local_kubernetes_executor.py took 0.116 seconds
[2024-07-01T18:12:38.202+0530] {processor.py:161} INFO - Started process (PID=14985) to work on /home/bharat/.local/lib/python3.11/site-packages/airflow/example_dags/example_local_kubernetes_executor.py
[2024-07-01T18:12:38.202+0530] {processor.py:830} INFO - Processing file /home/bharat/.local/lib/python3.11/site-packages/airflow/example_dags/example_local_kubernetes_executor.py for tasks to queue
[2024-07-01T18:12:38.203+0530] {logging_mixin.py:188} INFO - [2024-07-01T18:12:38.203+0530] {dagbag.py:545} INFO - Filling up the DagBag from /home/bharat/.local/lib/python3.11/site-packages/airflow/example_dags/example_local_kubernetes_executor.py
[2024-07-01T18:12:38.283+0530] {processor.py:840} INFO - DAG(s) 'example_local_kubernetes_executor' retrieved from /home/bharat/.local/lib/python3.11/site-packages/airflow/example_dags/example_local_kubernetes_executor.py
[2024-07-01T18:12:38.288+0530] {logging_mixin.py:188} WARNING - /home/bharat/.local/lib/python3.11/site-packages/airflow/serialization/serialized_objects.py:1673 DeprecationWarning: This module is deprecated. The `cncf.kubernetes` provider before version 7.4.0 uses this module - you should migrate to a newer version of `cncf.kubernetes` to get rid of this warning. If you import the module via `airflow.kubernetes` import, please use `cncf.kubernetes' provider 7.4.0+ and switch all your imports to use `apache.airflow.providers.cncf.kubernetes` to get rid of the warning.
[2024-07-01T18:12:38.291+0530] {logging_mixin.py:188} INFO - [2024-07-01T18:12:38.291+0530] {dag.py:3096} INFO - Sync 1 DAGs
[2024-07-01T18:12:38.295+0530] {logging_mixin.py:188} INFO - [2024-07-01T18:12:38.295+0530] {dag.py:3954} INFO - Setting next_dagrun for example_local_kubernetes_executor to None, run_after=None
[2024-07-01T18:12:38.304+0530] {processor.py:183} INFO - Processing /home/bharat/.local/lib/python3.11/site-packages/airflow/example_dags/example_local_kubernetes_executor.py took 0.109 seconds
