[2024-07-01T17:48:45.328+0530] {processor.py:161} INFO - Started process (PID=11035) to work on /home/bharat/.local/lib/python3.11/site-packages/airflow/example_dags/example_branch_operator_decorator.py
[2024-07-01T17:48:45.330+0530] {processor.py:830} INFO - Processing file /home/bharat/.local/lib/python3.11/site-packages/airflow/example_dags/example_branch_operator_decorator.py for tasks to queue
[2024-07-01T17:48:45.333+0530] {logging_mixin.py:188} INFO - [2024-07-01T17:48:45.332+0530] {dagbag.py:545} INFO - Filling up the DagBag from /home/bharat/.local/lib/python3.11/site-packages/airflow/example_dags/example_branch_operator_decorator.py
[2024-07-01T17:48:45.337+0530] {processor.py:842} WARNING - No viable dags retrieved from /home/bharat/.local/lib/python3.11/site-packages/airflow/example_dags/example_branch_operator_decorator.py
[2024-07-01T17:48:45.346+0530] {processor.py:183} INFO - Processing /home/bharat/.local/lib/python3.11/site-packages/airflow/example_dags/example_branch_operator_decorator.py took 0.020 seconds
[2024-07-01T17:50:01.501+0530] {processor.py:161} INFO - Started process (PID=11427) to work on /home/bharat/.local/lib/python3.11/site-packages/airflow/example_dags/example_branch_operator_decorator.py
[2024-07-01T17:50:01.502+0530] {processor.py:830} INFO - Processing file /home/bharat/.local/lib/python3.11/site-packages/airflow/example_dags/example_branch_operator_decorator.py for tasks to queue
[2024-07-01T17:50:01.503+0530] {logging_mixin.py:188} INFO - [2024-07-01T17:50:01.503+0530] {dagbag.py:545} INFO - Filling up the DagBag from /home/bharat/.local/lib/python3.11/site-packages/airflow/example_dags/example_branch_operator_decorator.py
[2024-07-01T17:50:01.505+0530] {processor.py:842} WARNING - No viable dags retrieved from /home/bharat/.local/lib/python3.11/site-packages/airflow/example_dags/example_branch_operator_decorator.py
[2024-07-01T17:50:01.509+0530] {processor.py:183} INFO - Processing /home/bharat/.local/lib/python3.11/site-packages/airflow/example_dags/example_branch_operator_decorator.py took 0.016 seconds
[2024-07-01T17:50:56.911+0530] {processor.py:161} INFO - Started process (PID=11508) to work on /home/bharat/.local/lib/python3.11/site-packages/airflow/example_dags/example_branch_operator_decorator.py
[2024-07-01T17:50:56.912+0530] {processor.py:830} INFO - Processing file /home/bharat/.local/lib/python3.11/site-packages/airflow/example_dags/example_branch_operator_decorator.py for tasks to queue
[2024-07-01T17:50:56.912+0530] {logging_mixin.py:188} INFO - [2024-07-01T17:50:56.912+0530] {dagbag.py:545} INFO - Filling up the DagBag from /home/bharat/.local/lib/python3.11/site-packages/airflow/example_dags/example_branch_operator_decorator.py
[2024-07-01T17:50:56.913+0530] {processor.py:842} WARNING - No viable dags retrieved from /home/bharat/.local/lib/python3.11/site-packages/airflow/example_dags/example_branch_operator_decorator.py
[2024-07-01T17:50:56.917+0530] {processor.py:183} INFO - Processing /home/bharat/.local/lib/python3.11/site-packages/airflow/example_dags/example_branch_operator_decorator.py took 0.012 seconds
[2024-07-01T17:52:04.303+0530] {processor.py:161} INFO - Started process (PID=11981) to work on /home/bharat/.local/lib/python3.11/site-packages/airflow/example_dags/example_branch_operator_decorator.py
[2024-07-01T17:52:04.303+0530] {processor.py:830} INFO - Processing file /home/bharat/.local/lib/python3.11/site-packages/airflow/example_dags/example_branch_operator_decorator.py for tasks to queue
[2024-07-01T17:52:04.304+0530] {logging_mixin.py:188} INFO - [2024-07-01T17:52:04.304+0530] {dagbag.py:545} INFO - Filling up the DagBag from /home/bharat/.local/lib/python3.11/site-packages/airflow/example_dags/example_branch_operator_decorator.py
[2024-07-01T17:52:04.305+0530] {processor.py:842} WARNING - No viable dags retrieved from /home/bharat/.local/lib/python3.11/site-packages/airflow/example_dags/example_branch_operator_decorator.py
[2024-07-01T17:52:04.308+0530] {processor.py:183} INFO - Processing /home/bharat/.local/lib/python3.11/site-packages/airflow/example_dags/example_branch_operator_decorator.py took 0.012 seconds
[2024-07-01T17:53:04.826+0530] {processor.py:161} INFO - Started process (PID=12095) to work on /home/bharat/.local/lib/python3.11/site-packages/airflow/example_dags/example_branch_operator_decorator.py
[2024-07-01T17:53:04.826+0530] {processor.py:830} INFO - Processing file /home/bharat/.local/lib/python3.11/site-packages/airflow/example_dags/example_branch_operator_decorator.py for tasks to queue
[2024-07-01T17:53:04.827+0530] {logging_mixin.py:188} INFO - [2024-07-01T17:53:04.827+0530] {dagbag.py:545} INFO - Filling up the DagBag from /home/bharat/.local/lib/python3.11/site-packages/airflow/example_dags/example_branch_operator_decorator.py
[2024-07-01T17:53:04.828+0530] {processor.py:842} WARNING - No viable dags retrieved from /home/bharat/.local/lib/python3.11/site-packages/airflow/example_dags/example_branch_operator_decorator.py
[2024-07-01T17:53:04.832+0530] {processor.py:183} INFO - Processing /home/bharat/.local/lib/python3.11/site-packages/airflow/example_dags/example_branch_operator_decorator.py took 0.013 seconds
[2024-07-01T17:54:07.976+0530] {processor.py:161} INFO - Started process (PID=12497) to work on /home/bharat/.local/lib/python3.11/site-packages/airflow/example_dags/example_branch_operator_decorator.py
[2024-07-01T17:54:07.976+0530] {processor.py:830} INFO - Processing file /home/bharat/.local/lib/python3.11/site-packages/airflow/example_dags/example_branch_operator_decorator.py for tasks to queue
[2024-07-01T17:54:07.978+0530] {logging_mixin.py:188} INFO - [2024-07-01T17:54:07.977+0530] {dagbag.py:545} INFO - Filling up the DagBag from /home/bharat/.local/lib/python3.11/site-packages/airflow/example_dags/example_branch_operator_decorator.py
[2024-07-01T17:54:07.980+0530] {processor.py:842} WARNING - No viable dags retrieved from /home/bharat/.local/lib/python3.11/site-packages/airflow/example_dags/example_branch_operator_decorator.py
[2024-07-01T17:54:07.990+0530] {processor.py:183} INFO - Processing /home/bharat/.local/lib/python3.11/site-packages/airflow/example_dags/example_branch_operator_decorator.py took 0.018 seconds
[2024-07-01T17:55:11.108+0530] {processor.py:161} INFO - Started process (PID=12596) to work on /home/bharat/.local/lib/python3.11/site-packages/airflow/example_dags/example_branch_operator_decorator.py
[2024-07-01T17:55:11.109+0530] {processor.py:830} INFO - Processing file /home/bharat/.local/lib/python3.11/site-packages/airflow/example_dags/example_branch_operator_decorator.py for tasks to queue
[2024-07-01T17:55:11.111+0530] {logging_mixin.py:188} INFO - [2024-07-01T17:55:11.111+0530] {dagbag.py:545} INFO - Filling up the DagBag from /home/bharat/.local/lib/python3.11/site-packages/airflow/example_dags/example_branch_operator_decorator.py
[2024-07-01T17:55:11.114+0530] {processor.py:842} WARNING - No viable dags retrieved from /home/bharat/.local/lib/python3.11/site-packages/airflow/example_dags/example_branch_operator_decorator.py
[2024-07-01T17:55:11.121+0530] {processor.py:183} INFO - Processing /home/bharat/.local/lib/python3.11/site-packages/airflow/example_dags/example_branch_operator_decorator.py took 0.021 seconds
[2024-07-01T17:56:04.346+0530] {processor.py:161} INFO - Started process (PID=12677) to work on /home/bharat/.local/lib/python3.11/site-packages/airflow/example_dags/example_branch_operator_decorator.py
[2024-07-01T17:56:04.347+0530] {processor.py:830} INFO - Processing file /home/bharat/.local/lib/python3.11/site-packages/airflow/example_dags/example_branch_operator_decorator.py for tasks to queue
[2024-07-01T17:56:04.348+0530] {logging_mixin.py:188} INFO - [2024-07-01T17:56:04.347+0530] {dagbag.py:545} INFO - Filling up the DagBag from /home/bharat/.local/lib/python3.11/site-packages/airflow/example_dags/example_branch_operator_decorator.py
[2024-07-01T17:56:04.349+0530] {processor.py:842} WARNING - No viable dags retrieved from /home/bharat/.local/lib/python3.11/site-packages/airflow/example_dags/example_branch_operator_decorator.py
[2024-07-01T17:56:04.352+0530] {processor.py:183} INFO - Processing /home/bharat/.local/lib/python3.11/site-packages/airflow/example_dags/example_branch_operator_decorator.py took 0.012 seconds
[2024-07-01T17:56:57.085+0530] {processor.py:161} INFO - Started process (PID=12750) to work on /home/bharat/.local/lib/python3.11/site-packages/airflow/example_dags/example_branch_operator_decorator.py
[2024-07-01T17:56:57.086+0530] {processor.py:830} INFO - Processing file /home/bharat/.local/lib/python3.11/site-packages/airflow/example_dags/example_branch_operator_decorator.py for tasks to queue
[2024-07-01T17:56:57.087+0530] {logging_mixin.py:188} INFO - [2024-07-01T17:56:57.086+0530] {dagbag.py:545} INFO - Filling up the DagBag from /home/bharat/.local/lib/python3.11/site-packages/airflow/example_dags/example_branch_operator_decorator.py
[2024-07-01T17:56:57.088+0530] {processor.py:842} WARNING - No viable dags retrieved from /home/bharat/.local/lib/python3.11/site-packages/airflow/example_dags/example_branch_operator_decorator.py
[2024-07-01T17:56:57.092+0530] {processor.py:183} INFO - Processing /home/bharat/.local/lib/python3.11/site-packages/airflow/example_dags/example_branch_operator_decorator.py took 0.011 seconds
[2024-07-01T17:57:50.944+0530] {processor.py:161} INFO - Started process (PID=12824) to work on /home/bharat/.local/lib/python3.11/site-packages/airflow/example_dags/example_branch_operator_decorator.py
[2024-07-01T17:57:50.944+0530] {processor.py:830} INFO - Processing file /home/bharat/.local/lib/python3.11/site-packages/airflow/example_dags/example_branch_operator_decorator.py for tasks to queue
[2024-07-01T17:57:50.945+0530] {logging_mixin.py:188} INFO - [2024-07-01T17:57:50.945+0530] {dagbag.py:545} INFO - Filling up the DagBag from /home/bharat/.local/lib/python3.11/site-packages/airflow/example_dags/example_branch_operator_decorator.py
[2024-07-01T17:57:50.946+0530] {processor.py:842} WARNING - No viable dags retrieved from /home/bharat/.local/lib/python3.11/site-packages/airflow/example_dags/example_branch_operator_decorator.py
[2024-07-01T17:57:50.950+0530] {processor.py:183} INFO - Processing /home/bharat/.local/lib/python3.11/site-packages/airflow/example_dags/example_branch_operator_decorator.py took 0.011 seconds
[2024-07-01T17:58:43.040+0530] {processor.py:161} INFO - Started process (PID=12925) to work on /home/bharat/.local/lib/python3.11/site-packages/airflow/example_dags/example_branch_operator_decorator.py
[2024-07-01T17:58:43.041+0530] {processor.py:830} INFO - Processing file /home/bharat/.local/lib/python3.11/site-packages/airflow/example_dags/example_branch_operator_decorator.py for tasks to queue
[2024-07-01T17:58:43.041+0530] {logging_mixin.py:188} INFO - [2024-07-01T17:58:43.041+0530] {dagbag.py:545} INFO - Filling up the DagBag from /home/bharat/.local/lib/python3.11/site-packages/airflow/example_dags/example_branch_operator_decorator.py
[2024-07-01T17:58:43.042+0530] {processor.py:842} WARNING - No viable dags retrieved from /home/bharat/.local/lib/python3.11/site-packages/airflow/example_dags/example_branch_operator_decorator.py
[2024-07-01T17:58:43.046+0530] {processor.py:183} INFO - Processing /home/bharat/.local/lib/python3.11/site-packages/airflow/example_dags/example_branch_operator_decorator.py took 0.011 seconds
[2024-07-01T17:59:59.783+0530] {processor.py:161} INFO - Started process (PID=13024) to work on /home/bharat/.local/lib/python3.11/site-packages/airflow/example_dags/example_branch_operator_decorator.py
[2024-07-01T17:59:59.783+0530] {processor.py:830} INFO - Processing file /home/bharat/.local/lib/python3.11/site-packages/airflow/example_dags/example_branch_operator_decorator.py for tasks to queue
[2024-07-01T17:59:59.784+0530] {logging_mixin.py:188} INFO - [2024-07-01T17:59:59.784+0530] {dagbag.py:545} INFO - Filling up the DagBag from /home/bharat/.local/lib/python3.11/site-packages/airflow/example_dags/example_branch_operator_decorator.py
[2024-07-01T17:59:59.785+0530] {processor.py:842} WARNING - No viable dags retrieved from /home/bharat/.local/lib/python3.11/site-packages/airflow/example_dags/example_branch_operator_decorator.py
[2024-07-01T17:59:59.789+0530] {processor.py:183} INFO - Processing /home/bharat/.local/lib/python3.11/site-packages/airflow/example_dags/example_branch_operator_decorator.py took 0.011 seconds
[2024-07-01T18:00:50.993+0530] {processor.py:161} INFO - Started process (PID=13101) to work on /home/bharat/.local/lib/python3.11/site-packages/airflow/example_dags/example_branch_operator_decorator.py
[2024-07-01T18:00:50.993+0530] {processor.py:830} INFO - Processing file /home/bharat/.local/lib/python3.11/site-packages/airflow/example_dags/example_branch_operator_decorator.py for tasks to queue
[2024-07-01T18:00:50.995+0530] {logging_mixin.py:188} INFO - [2024-07-01T18:00:50.994+0530] {dagbag.py:545} INFO - Filling up the DagBag from /home/bharat/.local/lib/python3.11/site-packages/airflow/example_dags/example_branch_operator_decorator.py
[2024-07-01T18:00:50.996+0530] {processor.py:842} WARNING - No viable dags retrieved from /home/bharat/.local/lib/python3.11/site-packages/airflow/example_dags/example_branch_operator_decorator.py
[2024-07-01T18:00:51.000+0530] {processor.py:183} INFO - Processing /home/bharat/.local/lib/python3.11/site-packages/airflow/example_dags/example_branch_operator_decorator.py took 0.013 seconds
[2024-07-01T18:01:42.780+0530] {processor.py:161} INFO - Started process (PID=13173) to work on /home/bharat/.local/lib/python3.11/site-packages/airflow/example_dags/example_branch_operator_decorator.py
[2024-07-01T18:01:42.781+0530] {processor.py:830} INFO - Processing file /home/bharat/.local/lib/python3.11/site-packages/airflow/example_dags/example_branch_operator_decorator.py for tasks to queue
[2024-07-01T18:01:42.782+0530] {logging_mixin.py:188} INFO - [2024-07-01T18:01:42.781+0530] {dagbag.py:545} INFO - Filling up the DagBag from /home/bharat/.local/lib/python3.11/site-packages/airflow/example_dags/example_branch_operator_decorator.py
[2024-07-01T18:01:42.783+0530] {processor.py:842} WARNING - No viable dags retrieved from /home/bharat/.local/lib/python3.11/site-packages/airflow/example_dags/example_branch_operator_decorator.py
[2024-07-01T18:01:42.786+0530] {processor.py:183} INFO - Processing /home/bharat/.local/lib/python3.11/site-packages/airflow/example_dags/example_branch_operator_decorator.py took 0.012 seconds
[2024-07-01T18:02:35.868+0530] {processor.py:161} INFO - Started process (PID=13246) to work on /home/bharat/.local/lib/python3.11/site-packages/airflow/example_dags/example_branch_operator_decorator.py
[2024-07-01T18:02:35.869+0530] {processor.py:830} INFO - Processing file /home/bharat/.local/lib/python3.11/site-packages/airflow/example_dags/example_branch_operator_decorator.py for tasks to queue
[2024-07-01T18:02:35.871+0530] {logging_mixin.py:188} INFO - [2024-07-01T18:02:35.870+0530] {dagbag.py:545} INFO - Filling up the DagBag from /home/bharat/.local/lib/python3.11/site-packages/airflow/example_dags/example_branch_operator_decorator.py
[2024-07-01T18:02:35.872+0530] {processor.py:842} WARNING - No viable dags retrieved from /home/bharat/.local/lib/python3.11/site-packages/airflow/example_dags/example_branch_operator_decorator.py
[2024-07-01T18:02:35.877+0530] {processor.py:183} INFO - Processing /home/bharat/.local/lib/python3.11/site-packages/airflow/example_dags/example_branch_operator_decorator.py took 0.017 seconds
[2024-07-01T18:03:28.739+0530] {processor.py:161} INFO - Started process (PID=13348) to work on /home/bharat/.local/lib/python3.11/site-packages/airflow/example_dags/example_branch_operator_decorator.py
[2024-07-01T18:03:28.739+0530] {processor.py:830} INFO - Processing file /home/bharat/.local/lib/python3.11/site-packages/airflow/example_dags/example_branch_operator_decorator.py for tasks to queue
[2024-07-01T18:03:28.740+0530] {logging_mixin.py:188} INFO - [2024-07-01T18:03:28.740+0530] {dagbag.py:545} INFO - Filling up the DagBag from /home/bharat/.local/lib/python3.11/site-packages/airflow/example_dags/example_branch_operator_decorator.py
[2024-07-01T18:03:28.741+0530] {processor.py:842} WARNING - No viable dags retrieved from /home/bharat/.local/lib/python3.11/site-packages/airflow/example_dags/example_branch_operator_decorator.py
[2024-07-01T18:03:28.744+0530] {processor.py:183} INFO - Processing /home/bharat/.local/lib/python3.11/site-packages/airflow/example_dags/example_branch_operator_decorator.py took 0.012 seconds
[2024-07-01T18:04:46.006+0530] {processor.py:161} INFO - Started process (PID=13887) to work on /home/bharat/.local/lib/python3.11/site-packages/airflow/example_dags/example_branch_operator_decorator.py
[2024-07-01T18:04:46.007+0530] {processor.py:830} INFO - Processing file /home/bharat/.local/lib/python3.11/site-packages/airflow/example_dags/example_branch_operator_decorator.py for tasks to queue
[2024-07-01T18:04:46.008+0530] {logging_mixin.py:188} INFO - [2024-07-01T18:04:46.008+0530] {dagbag.py:545} INFO - Filling up the DagBag from /home/bharat/.local/lib/python3.11/site-packages/airflow/example_dags/example_branch_operator_decorator.py
[2024-07-01T18:04:46.009+0530] {processor.py:842} WARNING - No viable dags retrieved from /home/bharat/.local/lib/python3.11/site-packages/airflow/example_dags/example_branch_operator_decorator.py
[2024-07-01T18:04:46.014+0530] {processor.py:183} INFO - Processing /home/bharat/.local/lib/python3.11/site-packages/airflow/example_dags/example_branch_operator_decorator.py took 0.011 seconds
[2024-07-01T18:05:39.454+0530] {processor.py:161} INFO - Started process (PID=13975) to work on /home/bharat/.local/lib/python3.11/site-packages/airflow/example_dags/example_branch_operator_decorator.py
[2024-07-01T18:05:39.455+0530] {processor.py:830} INFO - Processing file /home/bharat/.local/lib/python3.11/site-packages/airflow/example_dags/example_branch_operator_decorator.py for tasks to queue
[2024-07-01T18:05:39.456+0530] {logging_mixin.py:188} INFO - [2024-07-01T18:05:39.456+0530] {dagbag.py:545} INFO - Filling up the DagBag from /home/bharat/.local/lib/python3.11/site-packages/airflow/example_dags/example_branch_operator_decorator.py
[2024-07-01T18:05:39.459+0530] {processor.py:842} WARNING - No viable dags retrieved from /home/bharat/.local/lib/python3.11/site-packages/airflow/example_dags/example_branch_operator_decorator.py
[2024-07-01T18:05:39.465+0530] {processor.py:183} INFO - Processing /home/bharat/.local/lib/python3.11/site-packages/airflow/example_dags/example_branch_operator_decorator.py took 0.015 seconds
[2024-07-01T18:06:53.497+0530] {processor.py:161} INFO - Started process (PID=14085) to work on /home/bharat/.local/lib/python3.11/site-packages/airflow/example_dags/example_branch_operator_decorator.py
[2024-07-01T18:06:53.498+0530] {processor.py:830} INFO - Processing file /home/bharat/.local/lib/python3.11/site-packages/airflow/example_dags/example_branch_operator_decorator.py for tasks to queue
[2024-07-01T18:06:53.500+0530] {logging_mixin.py:188} INFO - [2024-07-01T18:06:53.499+0530] {dagbag.py:545} INFO - Filling up the DagBag from /home/bharat/.local/lib/python3.11/site-packages/airflow/example_dags/example_branch_operator_decorator.py
[2024-07-01T18:06:53.501+0530] {processor.py:842} WARNING - No viable dags retrieved from /home/bharat/.local/lib/python3.11/site-packages/airflow/example_dags/example_branch_operator_decorator.py
[2024-07-01T18:06:53.506+0530] {processor.py:183} INFO - Processing /home/bharat/.local/lib/python3.11/site-packages/airflow/example_dags/example_branch_operator_decorator.py took 0.017 seconds
[2024-07-01T18:08:05.705+0530] {processor.py:161} INFO - Started process (PID=14198) to work on /home/bharat/.local/lib/python3.11/site-packages/airflow/example_dags/example_branch_operator_decorator.py
[2024-07-01T18:08:05.706+0530] {processor.py:830} INFO - Processing file /home/bharat/.local/lib/python3.11/site-packages/airflow/example_dags/example_branch_operator_decorator.py for tasks to queue
[2024-07-01T18:08:05.707+0530] {logging_mixin.py:188} INFO - [2024-07-01T18:08:05.707+0530] {dagbag.py:545} INFO - Filling up the DagBag from /home/bharat/.local/lib/python3.11/site-packages/airflow/example_dags/example_branch_operator_decorator.py
[2024-07-01T18:08:05.709+0530] {processor.py:842} WARNING - No viable dags retrieved from /home/bharat/.local/lib/python3.11/site-packages/airflow/example_dags/example_branch_operator_decorator.py
[2024-07-01T18:08:05.713+0530] {processor.py:183} INFO - Processing /home/bharat/.local/lib/python3.11/site-packages/airflow/example_dags/example_branch_operator_decorator.py took 0.016 seconds
[2024-07-01T18:08:59.687+0530] {processor.py:161} INFO - Started process (PID=14309) to work on /home/bharat/.local/lib/python3.11/site-packages/airflow/example_dags/example_branch_operator_decorator.py
[2024-07-01T18:08:59.687+0530] {processor.py:830} INFO - Processing file /home/bharat/.local/lib/python3.11/site-packages/airflow/example_dags/example_branch_operator_decorator.py for tasks to queue
[2024-07-01T18:08:59.690+0530] {logging_mixin.py:188} INFO - [2024-07-01T18:08:59.689+0530] {dagbag.py:545} INFO - Filling up the DagBag from /home/bharat/.local/lib/python3.11/site-packages/airflow/example_dags/example_branch_operator_decorator.py
[2024-07-01T18:08:59.693+0530] {processor.py:842} WARNING - No viable dags retrieved from /home/bharat/.local/lib/python3.11/site-packages/airflow/example_dags/example_branch_operator_decorator.py
[2024-07-01T18:08:59.700+0530] {processor.py:183} INFO - Processing /home/bharat/.local/lib/python3.11/site-packages/airflow/example_dags/example_branch_operator_decorator.py took 0.019 seconds
[2024-07-01T18:09:53.792+0530] {processor.py:161} INFO - Started process (PID=14471) to work on /home/bharat/.local/lib/python3.11/site-packages/airflow/example_dags/example_branch_operator_decorator.py
[2024-07-01T18:09:53.792+0530] {processor.py:830} INFO - Processing file /home/bharat/.local/lib/python3.11/site-packages/airflow/example_dags/example_branch_operator_decorator.py for tasks to queue
[2024-07-01T18:09:53.794+0530] {logging_mixin.py:188} INFO - [2024-07-01T18:09:53.793+0530] {dagbag.py:545} INFO - Filling up the DagBag from /home/bharat/.local/lib/python3.11/site-packages/airflow/example_dags/example_branch_operator_decorator.py
[2024-07-01T18:09:53.795+0530] {processor.py:842} WARNING - No viable dags retrieved from /home/bharat/.local/lib/python3.11/site-packages/airflow/example_dags/example_branch_operator_decorator.py
[2024-07-01T18:09:53.799+0530] {processor.py:183} INFO - Processing /home/bharat/.local/lib/python3.11/site-packages/airflow/example_dags/example_branch_operator_decorator.py took 0.011 seconds
[2024-07-01T18:10:46.428+0530] {processor.py:161} INFO - Started process (PID=14561) to work on /home/bharat/.local/lib/python3.11/site-packages/airflow/example_dags/example_branch_operator_decorator.py
[2024-07-01T18:10:46.429+0530] {processor.py:830} INFO - Processing file /home/bharat/.local/lib/python3.11/site-packages/airflow/example_dags/example_branch_operator_decorator.py for tasks to queue
[2024-07-01T18:10:46.430+0530] {logging_mixin.py:188} INFO - [2024-07-01T18:10:46.430+0530] {dagbag.py:545} INFO - Filling up the DagBag from /home/bharat/.local/lib/python3.11/site-packages/airflow/example_dags/example_branch_operator_decorator.py
[2024-07-01T18:10:46.433+0530] {processor.py:842} WARNING - No viable dags retrieved from /home/bharat/.local/lib/python3.11/site-packages/airflow/example_dags/example_branch_operator_decorator.py
[2024-07-01T18:10:46.439+0530] {processor.py:183} INFO - Processing /home/bharat/.local/lib/python3.11/site-packages/airflow/example_dags/example_branch_operator_decorator.py took 0.016 seconds
[2024-07-01T18:12:02.325+0530] {processor.py:161} INFO - Started process (PID=14745) to work on /home/bharat/.local/lib/python3.11/site-packages/airflow/example_dags/example_branch_operator_decorator.py
[2024-07-01T18:12:02.326+0530] {processor.py:830} INFO - Processing file /home/bharat/.local/lib/python3.11/site-packages/airflow/example_dags/example_branch_operator_decorator.py for tasks to queue
[2024-07-01T18:12:02.327+0530] {logging_mixin.py:188} INFO - [2024-07-01T18:12:02.326+0530] {dagbag.py:545} INFO - Filling up the DagBag from /home/bharat/.local/lib/python3.11/site-packages/airflow/example_dags/example_branch_operator_decorator.py
[2024-07-01T18:12:02.328+0530] {processor.py:842} WARNING - No viable dags retrieved from /home/bharat/.local/lib/python3.11/site-packages/airflow/example_dags/example_branch_operator_decorator.py
[2024-07-01T18:12:02.332+0530] {processor.py:183} INFO - Processing /home/bharat/.local/lib/python3.11/site-packages/airflow/example_dags/example_branch_operator_decorator.py took 0.014 seconds
[2024-07-01T18:12:53.633+0530] {processor.py:161} INFO - Started process (PID=15099) to work on /home/bharat/.local/lib/python3.11/site-packages/airflow/example_dags/example_branch_operator_decorator.py
[2024-07-01T18:12:53.634+0530] {processor.py:830} INFO - Processing file /home/bharat/.local/lib/python3.11/site-packages/airflow/example_dags/example_branch_operator_decorator.py for tasks to queue
[2024-07-01T18:12:53.635+0530] {logging_mixin.py:188} INFO - [2024-07-01T18:12:53.635+0530] {dagbag.py:545} INFO - Filling up the DagBag from /home/bharat/.local/lib/python3.11/site-packages/airflow/example_dags/example_branch_operator_decorator.py
[2024-07-01T18:12:53.638+0530] {processor.py:842} WARNING - No viable dags retrieved from /home/bharat/.local/lib/python3.11/site-packages/airflow/example_dags/example_branch_operator_decorator.py
[2024-07-01T18:12:53.644+0530] {processor.py:183} INFO - Processing /home/bharat/.local/lib/python3.11/site-packages/airflow/example_dags/example_branch_operator_decorator.py took 0.015 seconds
