[2024-07-01T17:48:09.145+0530] {processor.py:161} INFO - Started process (PID=10830) to work on /home/bharat/.local/lib/python3.11/site-packages/airflow/example_dags/example_trigger_target_dag.py
[2024-07-01T17:48:09.146+0530] {processor.py:830} INFO - Processing file /home/bharat/.local/lib/python3.11/site-packages/airflow/example_dags/example_trigger_target_dag.py for tasks to queue
[2024-07-01T17:48:09.147+0530] {logging_mixin.py:188} INFO - [2024-07-01T17:48:09.146+0530] {dagbag.py:545} INFO - Filling up the DagBag from /home/bharat/.local/lib/python3.11/site-packages/airflow/example_dags/example_trigger_target_dag.py
[2024-07-01T17:48:09.150+0530] {processor.py:840} INFO - DAG(s) 'example_trigger_target_dag' retrieved from /home/bharat/.local/lib/python3.11/site-packages/airflow/example_dags/example_trigger_target_dag.py
[2024-07-01T17:48:09.187+0530] {logging_mixin.py:188} INFO - [2024-07-01T17:48:09.187+0530] {dag.py:3096} INFO - Sync 1 DAGs
[2024-07-01T17:48:09.190+0530] {logging_mixin.py:188} INFO - [2024-07-01T17:48:09.190+0530] {dag.py:3954} INFO - Setting next_dagrun for example_trigger_target_dag to None, run_after=None
[2024-07-01T17:48:09.201+0530] {processor.py:183} INFO - Processing /home/bharat/.local/lib/python3.11/site-packages/airflow/example_dags/example_trigger_target_dag.py took 0.058 seconds
[2024-07-01T17:49:17.438+0530] {processor.py:161} INFO - Started process (PID=11359) to work on /home/bharat/.local/lib/python3.11/site-packages/airflow/example_dags/example_trigger_target_dag.py
[2024-07-01T17:49:17.439+0530] {processor.py:830} INFO - Processing file /home/bharat/.local/lib/python3.11/site-packages/airflow/example_dags/example_trigger_target_dag.py for tasks to queue
[2024-07-01T17:49:17.440+0530] {logging_mixin.py:188} INFO - [2024-07-01T17:49:17.439+0530] {dagbag.py:545} INFO - Filling up the DagBag from /home/bharat/.local/lib/python3.11/site-packages/airflow/example_dags/example_trigger_target_dag.py
[2024-07-01T17:49:17.446+0530] {processor.py:840} INFO - DAG(s) 'example_trigger_target_dag' retrieved from /home/bharat/.local/lib/python3.11/site-packages/airflow/example_dags/example_trigger_target_dag.py
[2024-07-01T17:49:17.453+0530] {logging_mixin.py:188} INFO - [2024-07-01T17:49:17.453+0530] {dag.py:3096} INFO - Sync 1 DAGs
[2024-07-01T17:49:17.512+0530] {logging_mixin.py:188} INFO - [2024-07-01T17:49:17.512+0530] {dag.py:3954} INFO - Setting next_dagrun for example_trigger_target_dag to None, run_after=None
[2024-07-01T17:49:17.521+0530] {processor.py:183} INFO - Processing /home/bharat/.local/lib/python3.11/site-packages/airflow/example_dags/example_trigger_target_dag.py took 0.085 seconds
[2024-07-01T17:49:55.203+0530] {processor.py:161} INFO - Started process (PID=11419) to work on /home/bharat/.local/lib/python3.11/site-packages/airflow/example_dags/example_trigger_target_dag.py
[2024-07-01T17:49:55.204+0530] {processor.py:830} INFO - Processing file /home/bharat/.local/lib/python3.11/site-packages/airflow/example_dags/example_trigger_target_dag.py for tasks to queue
[2024-07-01T17:49:55.205+0530] {logging_mixin.py:188} INFO - [2024-07-01T17:49:55.205+0530] {dagbag.py:545} INFO - Filling up the DagBag from /home/bharat/.local/lib/python3.11/site-packages/airflow/example_dags/example_trigger_target_dag.py
[2024-07-01T17:49:55.211+0530] {processor.py:840} INFO - DAG(s) 'example_trigger_target_dag' retrieved from /home/bharat/.local/lib/python3.11/site-packages/airflow/example_dags/example_trigger_target_dag.py
[2024-07-01T17:49:55.217+0530] {logging_mixin.py:188} INFO - [2024-07-01T17:49:55.217+0530] {dag.py:3096} INFO - Sync 1 DAGs
[2024-07-01T17:49:55.222+0530] {logging_mixin.py:188} INFO - [2024-07-01T17:49:55.222+0530] {dag.py:3954} INFO - Setting next_dagrun for example_trigger_target_dag to None, run_after=None
[2024-07-01T17:49:55.231+0530] {processor.py:183} INFO - Processing /home/bharat/.local/lib/python3.11/site-packages/airflow/example_dags/example_trigger_target_dag.py took 0.032 seconds
[2024-07-01T17:50:45.379+0530] {processor.py:161} INFO - Started process (PID=11478) to work on /home/bharat/.local/lib/python3.11/site-packages/airflow/example_dags/example_trigger_target_dag.py
[2024-07-01T17:50:45.380+0530] {processor.py:830} INFO - Processing file /home/bharat/.local/lib/python3.11/site-packages/airflow/example_dags/example_trigger_target_dag.py for tasks to queue
[2024-07-01T17:50:45.382+0530] {logging_mixin.py:188} INFO - [2024-07-01T17:50:45.381+0530] {dagbag.py:545} INFO - Filling up the DagBag from /home/bharat/.local/lib/python3.11/site-packages/airflow/example_dags/example_trigger_target_dag.py
[2024-07-01T17:50:45.387+0530] {processor.py:840} INFO - DAG(s) 'example_trigger_target_dag' retrieved from /home/bharat/.local/lib/python3.11/site-packages/airflow/example_dags/example_trigger_target_dag.py
[2024-07-01T17:50:45.393+0530] {logging_mixin.py:188} INFO - [2024-07-01T17:50:45.393+0530] {dag.py:3096} INFO - Sync 1 DAGs
[2024-07-01T17:50:45.399+0530] {logging_mixin.py:188} INFO - [2024-07-01T17:50:45.399+0530] {dag.py:3954} INFO - Setting next_dagrun for example_trigger_target_dag to None, run_after=None
[2024-07-01T17:50:45.408+0530] {processor.py:183} INFO - Processing /home/bharat/.local/lib/python3.11/site-packages/airflow/example_dags/example_trigger_target_dag.py took 0.037 seconds
[2024-07-01T17:51:38.042+0530] {processor.py:161} INFO - Started process (PID=11672) to work on /home/bharat/.local/lib/python3.11/site-packages/airflow/example_dags/example_trigger_target_dag.py
[2024-07-01T17:51:38.043+0530] {processor.py:830} INFO - Processing file /home/bharat/.local/lib/python3.11/site-packages/airflow/example_dags/example_trigger_target_dag.py for tasks to queue
[2024-07-01T17:51:38.043+0530] {logging_mixin.py:188} INFO - [2024-07-01T17:51:38.043+0530] {dagbag.py:545} INFO - Filling up the DagBag from /home/bharat/.local/lib/python3.11/site-packages/airflow/example_dags/example_trigger_target_dag.py
[2024-07-01T17:51:38.046+0530] {processor.py:840} INFO - DAG(s) 'example_trigger_target_dag' retrieved from /home/bharat/.local/lib/python3.11/site-packages/airflow/example_dags/example_trigger_target_dag.py
[2024-07-01T17:51:38.052+0530] {logging_mixin.py:188} INFO - [2024-07-01T17:51:38.052+0530] {dag.py:3096} INFO - Sync 1 DAGs
[2024-07-01T17:51:38.057+0530] {logging_mixin.py:188} INFO - [2024-07-01T17:51:38.057+0530] {dag.py:3954} INFO - Setting next_dagrun for example_trigger_target_dag to None, run_after=None
[2024-07-01T17:51:38.066+0530] {processor.py:183} INFO - Processing /home/bharat/.local/lib/python3.11/site-packages/airflow/example_dags/example_trigger_target_dag.py took 0.027 seconds
[2024-07-01T17:52:14.980+0530] {processor.py:161} INFO - Started process (PID=12020) to work on /home/bharat/.local/lib/python3.11/site-packages/airflow/example_dags/example_trigger_target_dag.py
[2024-07-01T17:52:14.981+0530] {processor.py:830} INFO - Processing file /home/bharat/.local/lib/python3.11/site-packages/airflow/example_dags/example_trigger_target_dag.py for tasks to queue
[2024-07-01T17:52:14.981+0530] {logging_mixin.py:188} INFO - [2024-07-01T17:52:14.981+0530] {dagbag.py:545} INFO - Filling up the DagBag from /home/bharat/.local/lib/python3.11/site-packages/airflow/example_dags/example_trigger_target_dag.py
[2024-07-01T17:52:14.984+0530] {processor.py:840} INFO - DAG(s) 'example_trigger_target_dag' retrieved from /home/bharat/.local/lib/python3.11/site-packages/airflow/example_dags/example_trigger_target_dag.py
[2024-07-01T17:52:14.990+0530] {logging_mixin.py:188} INFO - [2024-07-01T17:52:14.990+0530] {dag.py:3096} INFO - Sync 1 DAGs
[2024-07-01T17:52:14.994+0530] {logging_mixin.py:188} INFO - [2024-07-01T17:52:14.994+0530] {dag.py:3954} INFO - Setting next_dagrun for example_trigger_target_dag to None, run_after=None
[2024-07-01T17:52:15.004+0530] {processor.py:183} INFO - Processing /home/bharat/.local/lib/python3.11/site-packages/airflow/example_dags/example_trigger_target_dag.py took 0.030 seconds
[2024-07-01T17:52:51.983+0530] {processor.py:161} INFO - Started process (PID=12059) to work on /home/bharat/.local/lib/python3.11/site-packages/airflow/example_dags/example_trigger_target_dag.py
[2024-07-01T17:52:51.984+0530] {processor.py:830} INFO - Processing file /home/bharat/.local/lib/python3.11/site-packages/airflow/example_dags/example_trigger_target_dag.py for tasks to queue
[2024-07-01T17:52:51.985+0530] {logging_mixin.py:188} INFO - [2024-07-01T17:52:51.985+0530] {dagbag.py:545} INFO - Filling up the DagBag from /home/bharat/.local/lib/python3.11/site-packages/airflow/example_dags/example_trigger_target_dag.py
[2024-07-01T17:52:51.990+0530] {processor.py:840} INFO - DAG(s) 'example_trigger_target_dag' retrieved from /home/bharat/.local/lib/python3.11/site-packages/airflow/example_dags/example_trigger_target_dag.py
[2024-07-01T17:52:51.998+0530] {logging_mixin.py:188} INFO - [2024-07-01T17:52:51.998+0530] {dag.py:3096} INFO - Sync 1 DAGs
[2024-07-01T17:52:52.004+0530] {logging_mixin.py:188} INFO - [2024-07-01T17:52:52.003+0530] {dag.py:3954} INFO - Setting next_dagrun for example_trigger_target_dag to None, run_after=None
[2024-07-01T17:52:52.014+0530] {processor.py:183} INFO - Processing /home/bharat/.local/lib/python3.11/site-packages/airflow/example_dags/example_trigger_target_dag.py took 0.036 seconds
[2024-07-01T17:53:43.821+0530] {processor.py:161} INFO - Started process (PID=12162) to work on /home/bharat/.local/lib/python3.11/site-packages/airflow/example_dags/example_trigger_target_dag.py
[2024-07-01T17:53:43.822+0530] {processor.py:830} INFO - Processing file /home/bharat/.local/lib/python3.11/site-packages/airflow/example_dags/example_trigger_target_dag.py for tasks to queue
[2024-07-01T17:53:43.823+0530] {logging_mixin.py:188} INFO - [2024-07-01T17:53:43.823+0530] {dagbag.py:545} INFO - Filling up the DagBag from /home/bharat/.local/lib/python3.11/site-packages/airflow/example_dags/example_trigger_target_dag.py
[2024-07-01T17:53:43.828+0530] {processor.py:840} INFO - DAG(s) 'example_trigger_target_dag' retrieved from /home/bharat/.local/lib/python3.11/site-packages/airflow/example_dags/example_trigger_target_dag.py
[2024-07-01T17:53:43.835+0530] {logging_mixin.py:188} INFO - [2024-07-01T17:53:43.835+0530] {dag.py:3096} INFO - Sync 1 DAGs
[2024-07-01T17:53:43.839+0530] {logging_mixin.py:188} INFO - [2024-07-01T17:53:43.839+0530] {dag.py:3954} INFO - Setting next_dagrun for example_trigger_target_dag to None, run_after=None
[2024-07-01T17:53:43.850+0530] {processor.py:183} INFO - Processing /home/bharat/.local/lib/python3.11/site-packages/airflow/example_dags/example_trigger_target_dag.py took 0.032 seconds
[2024-07-01T17:54:19.382+0530] {processor.py:161} INFO - Started process (PID=12513) to work on /home/bharat/.local/lib/python3.11/site-packages/airflow/example_dags/example_trigger_target_dag.py
[2024-07-01T17:54:19.382+0530] {processor.py:830} INFO - Processing file /home/bharat/.local/lib/python3.11/site-packages/airflow/example_dags/example_trigger_target_dag.py for tasks to queue
[2024-07-01T17:54:19.383+0530] {logging_mixin.py:188} INFO - [2024-07-01T17:54:19.383+0530] {dagbag.py:545} INFO - Filling up the DagBag from /home/bharat/.local/lib/python3.11/site-packages/airflow/example_dags/example_trigger_target_dag.py
[2024-07-01T17:54:19.385+0530] {processor.py:840} INFO - DAG(s) 'example_trigger_target_dag' retrieved from /home/bharat/.local/lib/python3.11/site-packages/airflow/example_dags/example_trigger_target_dag.py
[2024-07-01T17:54:19.391+0530] {logging_mixin.py:188} INFO - [2024-07-01T17:54:19.391+0530] {dag.py:3096} INFO - Sync 1 DAGs
[2024-07-01T17:54:19.395+0530] {logging_mixin.py:188} INFO - [2024-07-01T17:54:19.395+0530] {dag.py:3954} INFO - Setting next_dagrun for example_trigger_target_dag to None, run_after=None
[2024-07-01T17:54:19.405+0530] {processor.py:183} INFO - Processing /home/bharat/.local/lib/python3.11/site-packages/airflow/example_dags/example_trigger_target_dag.py took 0.029 seconds
[2024-07-01T17:54:55.971+0530] {processor.py:161} INFO - Started process (PID=12560) to work on /home/bharat/.local/lib/python3.11/site-packages/airflow/example_dags/example_trigger_target_dag.py
[2024-07-01T17:54:55.971+0530] {processor.py:830} INFO - Processing file /home/bharat/.local/lib/python3.11/site-packages/airflow/example_dags/example_trigger_target_dag.py for tasks to queue
[2024-07-01T17:54:55.973+0530] {logging_mixin.py:188} INFO - [2024-07-01T17:54:55.972+0530] {dagbag.py:545} INFO - Filling up the DagBag from /home/bharat/.local/lib/python3.11/site-packages/airflow/example_dags/example_trigger_target_dag.py
[2024-07-01T17:54:55.978+0530] {processor.py:840} INFO - DAG(s) 'example_trigger_target_dag' retrieved from /home/bharat/.local/lib/python3.11/site-packages/airflow/example_dags/example_trigger_target_dag.py
[2024-07-01T17:54:55.990+0530] {logging_mixin.py:188} INFO - [2024-07-01T17:54:55.990+0530] {dag.py:3096} INFO - Sync 1 DAGs
[2024-07-01T17:54:55.997+0530] {logging_mixin.py:188} INFO - [2024-07-01T17:54:55.997+0530] {dag.py:3954} INFO - Setting next_dagrun for example_trigger_target_dag to None, run_after=None
[2024-07-01T17:54:56.006+0530] {processor.py:183} INFO - Processing /home/bharat/.local/lib/python3.11/site-packages/airflow/example_dags/example_trigger_target_dag.py took 0.041 seconds
[2024-07-01T17:55:48.806+0530] {processor.py:161} INFO - Started process (PID=12642) to work on /home/bharat/.local/lib/python3.11/site-packages/airflow/example_dags/example_trigger_target_dag.py
[2024-07-01T17:55:48.807+0530] {processor.py:830} INFO - Processing file /home/bharat/.local/lib/python3.11/site-packages/airflow/example_dags/example_trigger_target_dag.py for tasks to queue
[2024-07-01T17:55:48.808+0530] {logging_mixin.py:188} INFO - [2024-07-01T17:55:48.808+0530] {dagbag.py:545} INFO - Filling up the DagBag from /home/bharat/.local/lib/python3.11/site-packages/airflow/example_dags/example_trigger_target_dag.py
[2024-07-01T17:55:48.812+0530] {processor.py:840} INFO - DAG(s) 'example_trigger_target_dag' retrieved from /home/bharat/.local/lib/python3.11/site-packages/airflow/example_dags/example_trigger_target_dag.py
[2024-07-01T17:55:48.818+0530] {logging_mixin.py:188} INFO - [2024-07-01T17:55:48.818+0530] {dag.py:3096} INFO - Sync 1 DAGs
[2024-07-01T17:55:48.822+0530] {logging_mixin.py:188} INFO - [2024-07-01T17:55:48.822+0530] {dag.py:3954} INFO - Setting next_dagrun for example_trigger_target_dag to None, run_after=None
[2024-07-01T17:55:48.831+0530] {processor.py:183} INFO - Processing /home/bharat/.local/lib/python3.11/site-packages/airflow/example_dags/example_trigger_target_dag.py took 0.032 seconds
[2024-07-01T17:56:41.229+0530] {processor.py:161} INFO - Started process (PID=12715) to work on /home/bharat/.local/lib/python3.11/site-packages/airflow/example_dags/example_trigger_target_dag.py
[2024-07-01T17:56:41.230+0530] {processor.py:830} INFO - Processing file /home/bharat/.local/lib/python3.11/site-packages/airflow/example_dags/example_trigger_target_dag.py for tasks to queue
[2024-07-01T17:56:41.231+0530] {logging_mixin.py:188} INFO - [2024-07-01T17:56:41.230+0530] {dagbag.py:545} INFO - Filling up the DagBag from /home/bharat/.local/lib/python3.11/site-packages/airflow/example_dags/example_trigger_target_dag.py
[2024-07-01T17:56:41.233+0530] {processor.py:840} INFO - DAG(s) 'example_trigger_target_dag' retrieved from /home/bharat/.local/lib/python3.11/site-packages/airflow/example_dags/example_trigger_target_dag.py
[2024-07-01T17:56:41.238+0530] {logging_mixin.py:188} INFO - [2024-07-01T17:56:41.238+0530] {dag.py:3096} INFO - Sync 1 DAGs
[2024-07-01T17:56:41.243+0530] {logging_mixin.py:188} INFO - [2024-07-01T17:56:41.243+0530] {dag.py:3954} INFO - Setting next_dagrun for example_trigger_target_dag to None, run_after=None
[2024-07-01T17:56:41.252+0530] {processor.py:183} INFO - Processing /home/bharat/.local/lib/python3.11/site-packages/airflow/example_dags/example_trigger_target_dag.py took 0.030 seconds
[2024-07-01T17:57:34.888+0530] {processor.py:161} INFO - Started process (PID=12789) to work on /home/bharat/.local/lib/python3.11/site-packages/airflow/example_dags/example_trigger_target_dag.py
[2024-07-01T17:57:34.888+0530] {processor.py:830} INFO - Processing file /home/bharat/.local/lib/python3.11/site-packages/airflow/example_dags/example_trigger_target_dag.py for tasks to queue
[2024-07-01T17:57:34.889+0530] {logging_mixin.py:188} INFO - [2024-07-01T17:57:34.889+0530] {dagbag.py:545} INFO - Filling up the DagBag from /home/bharat/.local/lib/python3.11/site-packages/airflow/example_dags/example_trigger_target_dag.py
[2024-07-01T17:57:34.895+0530] {processor.py:840} INFO - DAG(s) 'example_trigger_target_dag' retrieved from /home/bharat/.local/lib/python3.11/site-packages/airflow/example_dags/example_trigger_target_dag.py
[2024-07-01T17:57:34.902+0530] {logging_mixin.py:188} INFO - [2024-07-01T17:57:34.902+0530] {dag.py:3096} INFO - Sync 1 DAGs
[2024-07-01T17:57:34.906+0530] {logging_mixin.py:188} INFO - [2024-07-01T17:57:34.906+0530] {dag.py:3954} INFO - Setting next_dagrun for example_trigger_target_dag to None, run_after=None
[2024-07-01T17:57:34.916+0530] {processor.py:183} INFO - Processing /home/bharat/.local/lib/python3.11/site-packages/airflow/example_dags/example_trigger_target_dag.py took 0.034 seconds
[2024-07-01T17:58:27.398+0530] {processor.py:161} INFO - Started process (PID=12890) to work on /home/bharat/.local/lib/python3.11/site-packages/airflow/example_dags/example_trigger_target_dag.py
[2024-07-01T17:58:27.399+0530] {processor.py:830} INFO - Processing file /home/bharat/.local/lib/python3.11/site-packages/airflow/example_dags/example_trigger_target_dag.py for tasks to queue
[2024-07-01T17:58:27.399+0530] {logging_mixin.py:188} INFO - [2024-07-01T17:58:27.399+0530] {dagbag.py:545} INFO - Filling up the DagBag from /home/bharat/.local/lib/python3.11/site-packages/airflow/example_dags/example_trigger_target_dag.py
[2024-07-01T17:58:27.402+0530] {processor.py:840} INFO - DAG(s) 'example_trigger_target_dag' retrieved from /home/bharat/.local/lib/python3.11/site-packages/airflow/example_dags/example_trigger_target_dag.py
[2024-07-01T17:58:27.408+0530] {logging_mixin.py:188} INFO - [2024-07-01T17:58:27.407+0530] {dag.py:3096} INFO - Sync 1 DAGs
[2024-07-01T17:58:27.412+0530] {logging_mixin.py:188} INFO - [2024-07-01T17:58:27.412+0530] {dag.py:3954} INFO - Setting next_dagrun for example_trigger_target_dag to None, run_after=None
[2024-07-01T17:58:27.422+0530] {processor.py:183} INFO - Processing /home/bharat/.local/lib/python3.11/site-packages/airflow/example_dags/example_trigger_target_dag.py took 0.027 seconds
[2024-07-01T17:59:18.725+0530] {processor.py:161} INFO - Started process (PID=12960) to work on /home/bharat/.local/lib/python3.11/site-packages/airflow/example_dags/example_trigger_target_dag.py
[2024-07-01T17:59:18.726+0530] {processor.py:830} INFO - Processing file /home/bharat/.local/lib/python3.11/site-packages/airflow/example_dags/example_trigger_target_dag.py for tasks to queue
[2024-07-01T17:59:18.728+0530] {logging_mixin.py:188} INFO - [2024-07-01T17:59:18.727+0530] {dagbag.py:545} INFO - Filling up the DagBag from /home/bharat/.local/lib/python3.11/site-packages/airflow/example_dags/example_trigger_target_dag.py
[2024-07-01T17:59:18.734+0530] {processor.py:840} INFO - DAG(s) 'example_trigger_target_dag' retrieved from /home/bharat/.local/lib/python3.11/site-packages/airflow/example_dags/example_trigger_target_dag.py
[2024-07-01T17:59:18.746+0530] {logging_mixin.py:188} INFO - [2024-07-01T17:59:18.746+0530] {dag.py:3096} INFO - Sync 1 DAGs
[2024-07-01T17:59:18.751+0530] {logging_mixin.py:188} INFO - [2024-07-01T17:59:18.750+0530] {dag.py:3954} INFO - Setting next_dagrun for example_trigger_target_dag to None, run_after=None
[2024-07-01T17:59:18.760+0530] {processor.py:183} INFO - Processing /home/bharat/.local/lib/python3.11/site-packages/airflow/example_dags/example_trigger_target_dag.py took 0.038 seconds
[2024-07-01T18:00:09.186+0530] {processor.py:161} INFO - Started process (PID=13036) to work on /home/bharat/.local/lib/python3.11/site-packages/airflow/example_dags/example_trigger_target_dag.py
[2024-07-01T18:00:09.187+0530] {processor.py:830} INFO - Processing file /home/bharat/.local/lib/python3.11/site-packages/airflow/example_dags/example_trigger_target_dag.py for tasks to queue
[2024-07-01T18:00:09.188+0530] {logging_mixin.py:188} INFO - [2024-07-01T18:00:09.187+0530] {dagbag.py:545} INFO - Filling up the DagBag from /home/bharat/.local/lib/python3.11/site-packages/airflow/example_dags/example_trigger_target_dag.py
[2024-07-01T18:00:09.190+0530] {processor.py:840} INFO - DAG(s) 'example_trigger_target_dag' retrieved from /home/bharat/.local/lib/python3.11/site-packages/airflow/example_dags/example_trigger_target_dag.py
[2024-07-01T18:00:09.198+0530] {logging_mixin.py:188} INFO - [2024-07-01T18:00:09.198+0530] {dag.py:3096} INFO - Sync 1 DAGs
[2024-07-01T18:00:09.202+0530] {logging_mixin.py:188} INFO - [2024-07-01T18:00:09.202+0530] {dag.py:3954} INFO - Setting next_dagrun for example_trigger_target_dag to None, run_after=None
[2024-07-01T18:00:09.211+0530] {processor.py:183} INFO - Processing /home/bharat/.local/lib/python3.11/site-packages/airflow/example_dags/example_trigger_target_dag.py took 0.031 seconds
[2024-07-01T18:01:02.258+0530] {processor.py:161} INFO - Started process (PID=13112) to work on /home/bharat/.local/lib/python3.11/site-packages/airflow/example_dags/example_trigger_target_dag.py
[2024-07-01T18:01:02.259+0530] {processor.py:830} INFO - Processing file /home/bharat/.local/lib/python3.11/site-packages/airflow/example_dags/example_trigger_target_dag.py for tasks to queue
[2024-07-01T18:01:02.261+0530] {logging_mixin.py:188} INFO - [2024-07-01T18:01:02.260+0530] {dagbag.py:545} INFO - Filling up the DagBag from /home/bharat/.local/lib/python3.11/site-packages/airflow/example_dags/example_trigger_target_dag.py
[2024-07-01T18:01:02.267+0530] {processor.py:840} INFO - DAG(s) 'example_trigger_target_dag' retrieved from /home/bharat/.local/lib/python3.11/site-packages/airflow/example_dags/example_trigger_target_dag.py
[2024-07-01T18:01:02.272+0530] {logging_mixin.py:188} INFO - [2024-07-01T18:01:02.272+0530] {dag.py:3096} INFO - Sync 1 DAGs
[2024-07-01T18:01:02.277+0530] {logging_mixin.py:188} INFO - [2024-07-01T18:01:02.276+0530] {dag.py:3954} INFO - Setting next_dagrun for example_trigger_target_dag to None, run_after=None
[2024-07-01T18:01:02.286+0530] {processor.py:183} INFO - Processing /home/bharat/.local/lib/python3.11/site-packages/airflow/example_dags/example_trigger_target_dag.py took 0.033 seconds
[2024-07-01T18:01:53.846+0530] {processor.py:161} INFO - Started process (PID=13185) to work on /home/bharat/.local/lib/python3.11/site-packages/airflow/example_dags/example_trigger_target_dag.py
[2024-07-01T18:01:53.847+0530] {processor.py:830} INFO - Processing file /home/bharat/.local/lib/python3.11/site-packages/airflow/example_dags/example_trigger_target_dag.py for tasks to queue
[2024-07-01T18:01:53.847+0530] {logging_mixin.py:188} INFO - [2024-07-01T18:01:53.847+0530] {dagbag.py:545} INFO - Filling up the DagBag from /home/bharat/.local/lib/python3.11/site-packages/airflow/example_dags/example_trigger_target_dag.py
[2024-07-01T18:01:53.850+0530] {processor.py:840} INFO - DAG(s) 'example_trigger_target_dag' retrieved from /home/bharat/.local/lib/python3.11/site-packages/airflow/example_dags/example_trigger_target_dag.py
[2024-07-01T18:01:53.855+0530] {logging_mixin.py:188} INFO - [2024-07-01T18:01:53.855+0530] {dag.py:3096} INFO - Sync 1 DAGs
[2024-07-01T18:01:53.861+0530] {logging_mixin.py:188} INFO - [2024-07-01T18:01:53.861+0530] {dag.py:3954} INFO - Setting next_dagrun for example_trigger_target_dag to None, run_after=None
[2024-07-01T18:01:53.873+0530] {processor.py:183} INFO - Processing /home/bharat/.local/lib/python3.11/site-packages/airflow/example_dags/example_trigger_target_dag.py took 0.031 seconds
[2024-07-01T18:02:47.282+0530] {processor.py:161} INFO - Started process (PID=13258) to work on /home/bharat/.local/lib/python3.11/site-packages/airflow/example_dags/example_trigger_target_dag.py
[2024-07-01T18:02:47.283+0530] {processor.py:830} INFO - Processing file /home/bharat/.local/lib/python3.11/site-packages/airflow/example_dags/example_trigger_target_dag.py for tasks to queue
[2024-07-01T18:02:47.284+0530] {logging_mixin.py:188} INFO - [2024-07-01T18:02:47.284+0530] {dagbag.py:545} INFO - Filling up the DagBag from /home/bharat/.local/lib/python3.11/site-packages/airflow/example_dags/example_trigger_target_dag.py
[2024-07-01T18:02:47.287+0530] {processor.py:840} INFO - DAG(s) 'example_trigger_target_dag' retrieved from /home/bharat/.local/lib/python3.11/site-packages/airflow/example_dags/example_trigger_target_dag.py
[2024-07-01T18:02:47.292+0530] {logging_mixin.py:188} INFO - [2024-07-01T18:02:47.292+0530] {dag.py:3096} INFO - Sync 1 DAGs
[2024-07-01T18:02:47.297+0530] {logging_mixin.py:188} INFO - [2024-07-01T18:02:47.297+0530] {dag.py:3954} INFO - Setting next_dagrun for example_trigger_target_dag to None, run_after=None
[2024-07-01T18:02:47.306+0530] {processor.py:183} INFO - Processing /home/bharat/.local/lib/python3.11/site-packages/airflow/example_dags/example_trigger_target_dag.py took 0.029 seconds
[2024-07-01T18:03:37.739+0530] {processor.py:161} INFO - Started process (PID=13357) to work on /home/bharat/.local/lib/python3.11/site-packages/airflow/example_dags/example_trigger_target_dag.py
[2024-07-01T18:03:37.739+0530] {processor.py:830} INFO - Processing file /home/bharat/.local/lib/python3.11/site-packages/airflow/example_dags/example_trigger_target_dag.py for tasks to queue
[2024-07-01T18:03:37.740+0530] {logging_mixin.py:188} INFO - [2024-07-01T18:03:37.740+0530] {dagbag.py:545} INFO - Filling up the DagBag from /home/bharat/.local/lib/python3.11/site-packages/airflow/example_dags/example_trigger_target_dag.py
[2024-07-01T18:03:37.744+0530] {processor.py:840} INFO - DAG(s) 'example_trigger_target_dag' retrieved from /home/bharat/.local/lib/python3.11/site-packages/airflow/example_dags/example_trigger_target_dag.py
[2024-07-01T18:03:37.749+0530] {logging_mixin.py:188} INFO - [2024-07-01T18:03:37.749+0530] {dag.py:3096} INFO - Sync 1 DAGs
[2024-07-01T18:03:37.753+0530] {logging_mixin.py:188} INFO - [2024-07-01T18:03:37.753+0530] {dag.py:3954} INFO - Setting next_dagrun for example_trigger_target_dag to None, run_after=None
[2024-07-01T18:03:37.763+0530] {processor.py:183} INFO - Processing /home/bharat/.local/lib/python3.11/site-packages/airflow/example_dags/example_trigger_target_dag.py took 0.029 seconds
[2024-07-01T18:04:29.202+0530] {processor.py:161} INFO - Started process (PID=13435) to work on /home/bharat/.local/lib/python3.11/site-packages/airflow/example_dags/example_trigger_target_dag.py
[2024-07-01T18:04:29.202+0530] {processor.py:830} INFO - Processing file /home/bharat/.local/lib/python3.11/site-packages/airflow/example_dags/example_trigger_target_dag.py for tasks to queue
[2024-07-01T18:04:29.204+0530] {logging_mixin.py:188} INFO - [2024-07-01T18:04:29.204+0530] {dagbag.py:545} INFO - Filling up the DagBag from /home/bharat/.local/lib/python3.11/site-packages/airflow/example_dags/example_trigger_target_dag.py
[2024-07-01T18:04:29.209+0530] {processor.py:840} INFO - DAG(s) 'example_trigger_target_dag' retrieved from /home/bharat/.local/lib/python3.11/site-packages/airflow/example_dags/example_trigger_target_dag.py
[2024-07-01T18:04:29.216+0530] {logging_mixin.py:188} INFO - [2024-07-01T18:04:29.216+0530] {dag.py:3096} INFO - Sync 1 DAGs
[2024-07-01T18:04:29.220+0530] {logging_mixin.py:188} INFO - [2024-07-01T18:04:29.220+0530] {dag.py:3954} INFO - Setting next_dagrun for example_trigger_target_dag to None, run_after=None
[2024-07-01T18:04:29.230+0530] {processor.py:183} INFO - Processing /home/bharat/.local/lib/python3.11/site-packages/airflow/example_dags/example_trigger_target_dag.py took 0.032 seconds
[2024-07-01T18:05:22.844+0530] {processor.py:161} INFO - Started process (PID=13934) to work on /home/bharat/.local/lib/python3.11/site-packages/airflow/example_dags/example_trigger_target_dag.py
[2024-07-01T18:05:22.844+0530] {processor.py:830} INFO - Processing file /home/bharat/.local/lib/python3.11/site-packages/airflow/example_dags/example_trigger_target_dag.py for tasks to queue
[2024-07-01T18:05:22.845+0530] {logging_mixin.py:188} INFO - [2024-07-01T18:05:22.845+0530] {dagbag.py:545} INFO - Filling up the DagBag from /home/bharat/.local/lib/python3.11/site-packages/airflow/example_dags/example_trigger_target_dag.py
[2024-07-01T18:05:22.847+0530] {processor.py:840} INFO - DAG(s) 'example_trigger_target_dag' retrieved from /home/bharat/.local/lib/python3.11/site-packages/airflow/example_dags/example_trigger_target_dag.py
[2024-07-01T18:05:22.853+0530] {logging_mixin.py:188} INFO - [2024-07-01T18:05:22.853+0530] {dag.py:3096} INFO - Sync 1 DAGs
[2024-07-01T18:05:22.857+0530] {logging_mixin.py:188} INFO - [2024-07-01T18:05:22.857+0530] {dag.py:3954} INFO - Setting next_dagrun for example_trigger_target_dag to None, run_after=None
[2024-07-01T18:05:22.867+0530] {processor.py:183} INFO - Processing /home/bharat/.local/lib/python3.11/site-packages/airflow/example_dags/example_trigger_target_dag.py took 0.028 seconds
[2024-07-01T18:06:11.134+0530] {processor.py:161} INFO - Started process (PID=14021) to work on /home/bharat/.local/lib/python3.11/site-packages/airflow/example_dags/example_trigger_target_dag.py
[2024-07-01T18:06:11.135+0530] {processor.py:830} INFO - Processing file /home/bharat/.local/lib/python3.11/site-packages/airflow/example_dags/example_trigger_target_dag.py for tasks to queue
[2024-07-01T18:06:11.136+0530] {logging_mixin.py:188} INFO - [2024-07-01T18:06:11.136+0530] {dagbag.py:545} INFO - Filling up the DagBag from /home/bharat/.local/lib/python3.11/site-packages/airflow/example_dags/example_trigger_target_dag.py
[2024-07-01T18:06:11.139+0530] {processor.py:840} INFO - DAG(s) 'example_trigger_target_dag' retrieved from /home/bharat/.local/lib/python3.11/site-packages/airflow/example_dags/example_trigger_target_dag.py
[2024-07-01T18:06:11.145+0530] {logging_mixin.py:188} INFO - [2024-07-01T18:06:11.145+0530] {dag.py:3096} INFO - Sync 1 DAGs
[2024-07-01T18:06:11.150+0530] {logging_mixin.py:188} INFO - [2024-07-01T18:06:11.150+0530] {dag.py:3954} INFO - Setting next_dagrun for example_trigger_target_dag to None, run_after=None
[2024-07-01T18:06:11.160+0530] {processor.py:183} INFO - Processing /home/bharat/.local/lib/python3.11/site-packages/airflow/example_dags/example_trigger_target_dag.py took 0.031 seconds
[2024-07-01T18:07:02.358+0530] {processor.py:161} INFO - Started process (PID=14094) to work on /home/bharat/.local/lib/python3.11/site-packages/airflow/example_dags/example_trigger_target_dag.py
[2024-07-01T18:07:02.359+0530] {processor.py:830} INFO - Processing file /home/bharat/.local/lib/python3.11/site-packages/airflow/example_dags/example_trigger_target_dag.py for tasks to queue
[2024-07-01T18:07:02.361+0530] {logging_mixin.py:188} INFO - [2024-07-01T18:07:02.360+0530] {dagbag.py:545} INFO - Filling up the DagBag from /home/bharat/.local/lib/python3.11/site-packages/airflow/example_dags/example_trigger_target_dag.py
[2024-07-01T18:07:02.365+0530] {processor.py:840} INFO - DAG(s) 'example_trigger_target_dag' retrieved from /home/bharat/.local/lib/python3.11/site-packages/airflow/example_dags/example_trigger_target_dag.py
[2024-07-01T18:07:02.371+0530] {logging_mixin.py:188} INFO - [2024-07-01T18:07:02.370+0530] {dag.py:3096} INFO - Sync 1 DAGs
[2024-07-01T18:07:02.375+0530] {logging_mixin.py:188} INFO - [2024-07-01T18:07:02.375+0530] {dag.py:3954} INFO - Setting next_dagrun for example_trigger_target_dag to None, run_after=None
[2024-07-01T18:07:02.384+0530] {processor.py:183} INFO - Processing /home/bharat/.local/lib/python3.11/site-packages/airflow/example_dags/example_trigger_target_dag.py took 0.034 seconds
[2024-07-01T18:07:51.434+0530] {processor.py:161} INFO - Started process (PID=14165) to work on /home/bharat/.local/lib/python3.11/site-packages/airflow/example_dags/example_trigger_target_dag.py
[2024-07-01T18:07:51.434+0530] {processor.py:830} INFO - Processing file /home/bharat/.local/lib/python3.11/site-packages/airflow/example_dags/example_trigger_target_dag.py for tasks to queue
[2024-07-01T18:07:51.435+0530] {logging_mixin.py:188} INFO - [2024-07-01T18:07:51.435+0530] {dagbag.py:545} INFO - Filling up the DagBag from /home/bharat/.local/lib/python3.11/site-packages/airflow/example_dags/example_trigger_target_dag.py
[2024-07-01T18:07:51.437+0530] {processor.py:840} INFO - DAG(s) 'example_trigger_target_dag' retrieved from /home/bharat/.local/lib/python3.11/site-packages/airflow/example_dags/example_trigger_target_dag.py
[2024-07-01T18:07:51.443+0530] {logging_mixin.py:188} INFO - [2024-07-01T18:07:51.443+0530] {dag.py:3096} INFO - Sync 1 DAGs
[2024-07-01T18:07:51.447+0530] {logging_mixin.py:188} INFO - [2024-07-01T18:07:51.447+0530] {dag.py:3954} INFO - Setting next_dagrun for example_trigger_target_dag to None, run_after=None
[2024-07-01T18:07:51.456+0530] {processor.py:183} INFO - Processing /home/bharat/.local/lib/python3.11/site-packages/airflow/example_dags/example_trigger_target_dag.py took 0.025 seconds
[2024-07-01T18:08:42.853+0530] {processor.py:161} INFO - Started process (PID=14264) to work on /home/bharat/.local/lib/python3.11/site-packages/airflow/example_dags/example_trigger_target_dag.py
[2024-07-01T18:08:42.853+0530] {processor.py:830} INFO - Processing file /home/bharat/.local/lib/python3.11/site-packages/airflow/example_dags/example_trigger_target_dag.py for tasks to queue
[2024-07-01T18:08:42.854+0530] {logging_mixin.py:188} INFO - [2024-07-01T18:08:42.854+0530] {dagbag.py:545} INFO - Filling up the DagBag from /home/bharat/.local/lib/python3.11/site-packages/airflow/example_dags/example_trigger_target_dag.py
[2024-07-01T18:08:42.856+0530] {processor.py:840} INFO - DAG(s) 'example_trigger_target_dag' retrieved from /home/bharat/.local/lib/python3.11/site-packages/airflow/example_dags/example_trigger_target_dag.py
[2024-07-01T18:08:42.863+0530] {logging_mixin.py:188} INFO - [2024-07-01T18:08:42.863+0530] {dag.py:3096} INFO - Sync 1 DAGs
[2024-07-01T18:08:42.871+0530] {logging_mixin.py:188} INFO - [2024-07-01T18:08:42.871+0530] {dag.py:3954} INFO - Setting next_dagrun for example_trigger_target_dag to None, run_after=None
[2024-07-01T18:08:42.881+0530] {processor.py:183} INFO - Processing /home/bharat/.local/lib/python3.11/site-packages/airflow/example_dags/example_trigger_target_dag.py took 0.034 seconds
[2024-07-01T18:09:35.950+0530] {processor.py:161} INFO - Started process (PID=14427) to work on /home/bharat/.local/lib/python3.11/site-packages/airflow/example_dags/example_trigger_target_dag.py
[2024-07-01T18:09:35.951+0530] {processor.py:830} INFO - Processing file /home/bharat/.local/lib/python3.11/site-packages/airflow/example_dags/example_trigger_target_dag.py for tasks to queue
[2024-07-01T18:09:35.952+0530] {logging_mixin.py:188} INFO - [2024-07-01T18:09:35.951+0530] {dagbag.py:545} INFO - Filling up the DagBag from /home/bharat/.local/lib/python3.11/site-packages/airflow/example_dags/example_trigger_target_dag.py
[2024-07-01T18:09:35.954+0530] {processor.py:840} INFO - DAG(s) 'example_trigger_target_dag' retrieved from /home/bharat/.local/lib/python3.11/site-packages/airflow/example_dags/example_trigger_target_dag.py
[2024-07-01T18:09:35.960+0530] {logging_mixin.py:188} INFO - [2024-07-01T18:09:35.960+0530] {dag.py:3096} INFO - Sync 1 DAGs
[2024-07-01T18:09:35.964+0530] {logging_mixin.py:188} INFO - [2024-07-01T18:09:35.964+0530] {dag.py:3954} INFO - Setting next_dagrun for example_trigger_target_dag to None, run_after=None
[2024-07-01T18:09:35.974+0530] {processor.py:183} INFO - Processing /home/bharat/.local/lib/python3.11/site-packages/airflow/example_dags/example_trigger_target_dag.py took 0.026 seconds
[2024-07-01T18:10:28.593+0530] {processor.py:161} INFO - Started process (PID=14510) to work on /home/bharat/.local/lib/python3.11/site-packages/airflow/example_dags/example_trigger_target_dag.py
[2024-07-01T18:10:28.594+0530] {processor.py:830} INFO - Processing file /home/bharat/.local/lib/python3.11/site-packages/airflow/example_dags/example_trigger_target_dag.py for tasks to queue
[2024-07-01T18:10:28.596+0530] {logging_mixin.py:188} INFO - [2024-07-01T18:10:28.595+0530] {dagbag.py:545} INFO - Filling up the DagBag from /home/bharat/.local/lib/python3.11/site-packages/airflow/example_dags/example_trigger_target_dag.py
[2024-07-01T18:10:28.600+0530] {processor.py:840} INFO - DAG(s) 'example_trigger_target_dag' retrieved from /home/bharat/.local/lib/python3.11/site-packages/airflow/example_dags/example_trigger_target_dag.py
[2024-07-01T18:10:28.606+0530] {logging_mixin.py:188} INFO - [2024-07-01T18:10:28.606+0530] {dag.py:3096} INFO - Sync 1 DAGs
[2024-07-01T18:10:28.611+0530] {logging_mixin.py:188} INFO - [2024-07-01T18:10:28.611+0530] {dag.py:3954} INFO - Setting next_dagrun for example_trigger_target_dag to None, run_after=None
[2024-07-01T18:10:28.621+0530] {processor.py:183} INFO - Processing /home/bharat/.local/lib/python3.11/site-packages/airflow/example_dags/example_trigger_target_dag.py took 0.035 seconds
[2024-07-01T18:11:20.048+0530] {processor.py:161} INFO - Started process (PID=14627) to work on /home/bharat/.local/lib/python3.11/site-packages/airflow/example_dags/example_trigger_target_dag.py
[2024-07-01T18:11:20.049+0530] {processor.py:830} INFO - Processing file /home/bharat/.local/lib/python3.11/site-packages/airflow/example_dags/example_trigger_target_dag.py for tasks to queue
[2024-07-01T18:11:20.051+0530] {logging_mixin.py:188} INFO - [2024-07-01T18:11:20.050+0530] {dagbag.py:545} INFO - Filling up the DagBag from /home/bharat/.local/lib/python3.11/site-packages/airflow/example_dags/example_trigger_target_dag.py
[2024-07-01T18:11:20.055+0530] {processor.py:840} INFO - DAG(s) 'example_trigger_target_dag' retrieved from /home/bharat/.local/lib/python3.11/site-packages/airflow/example_dags/example_trigger_target_dag.py
[2024-07-01T18:11:20.061+0530] {logging_mixin.py:188} INFO - [2024-07-01T18:11:20.061+0530] {dag.py:3096} INFO - Sync 1 DAGs
[2024-07-01T18:11:20.065+0530] {logging_mixin.py:188} INFO - [2024-07-01T18:11:20.065+0530] {dag.py:3954} INFO - Setting next_dagrun for example_trigger_target_dag to None, run_after=None
[2024-07-01T18:11:20.075+0530] {processor.py:183} INFO - Processing /home/bharat/.local/lib/python3.11/site-packages/airflow/example_dags/example_trigger_target_dag.py took 0.036 seconds
[2024-07-01T18:12:13.601+0530] {processor.py:161} INFO - Started process (PID=14767) to work on /home/bharat/.local/lib/python3.11/site-packages/airflow/example_dags/example_trigger_target_dag.py
[2024-07-01T18:12:13.602+0530] {processor.py:830} INFO - Processing file /home/bharat/.local/lib/python3.11/site-packages/airflow/example_dags/example_trigger_target_dag.py for tasks to queue
[2024-07-01T18:12:13.603+0530] {logging_mixin.py:188} INFO - [2024-07-01T18:12:13.603+0530] {dagbag.py:545} INFO - Filling up the DagBag from /home/bharat/.local/lib/python3.11/site-packages/airflow/example_dags/example_trigger_target_dag.py
[2024-07-01T18:12:13.607+0530] {processor.py:840} INFO - DAG(s) 'example_trigger_target_dag' retrieved from /home/bharat/.local/lib/python3.11/site-packages/airflow/example_dags/example_trigger_target_dag.py
[2024-07-01T18:12:13.613+0530] {logging_mixin.py:188} INFO - [2024-07-01T18:12:13.613+0530] {dag.py:3096} INFO - Sync 1 DAGs
[2024-07-01T18:12:13.618+0530] {logging_mixin.py:188} INFO - [2024-07-01T18:12:13.618+0530] {dag.py:3954} INFO - Setting next_dagrun for example_trigger_target_dag to None, run_after=None
[2024-07-01T18:12:13.627+0530] {processor.py:183} INFO - Processing /home/bharat/.local/lib/python3.11/site-packages/airflow/example_dags/example_trigger_target_dag.py took 0.034 seconds
[2024-07-01T18:13:02.784+0530] {processor.py:161} INFO - Started process (PID=15158) to work on /home/bharat/.local/lib/python3.11/site-packages/airflow/example_dags/example_trigger_target_dag.py
[2024-07-01T18:13:02.785+0530] {processor.py:830} INFO - Processing file /home/bharat/.local/lib/python3.11/site-packages/airflow/example_dags/example_trigger_target_dag.py for tasks to queue
[2024-07-01T18:13:02.787+0530] {logging_mixin.py:188} INFO - [2024-07-01T18:13:02.786+0530] {dagbag.py:545} INFO - Filling up the DagBag from /home/bharat/.local/lib/python3.11/site-packages/airflow/example_dags/example_trigger_target_dag.py
[2024-07-01T18:13:02.792+0530] {processor.py:840} INFO - DAG(s) 'example_trigger_target_dag' retrieved from /home/bharat/.local/lib/python3.11/site-packages/airflow/example_dags/example_trigger_target_dag.py
[2024-07-01T18:13:02.801+0530] {logging_mixin.py:188} INFO - [2024-07-01T18:13:02.801+0530] {dag.py:3096} INFO - Sync 1 DAGs
[2024-07-01T18:13:02.806+0530] {logging_mixin.py:188} INFO - [2024-07-01T18:13:02.806+0530] {dag.py:3954} INFO - Setting next_dagrun for example_trigger_target_dag to None, run_after=None
[2024-07-01T18:13:02.816+0530] {processor.py:183} INFO - Processing /home/bharat/.local/lib/python3.11/site-packages/airflow/example_dags/example_trigger_target_dag.py took 0.036 seconds
