[2024-07-01T17:49:06.643+0530] {processor.py:161} INFO - Started process (PID=11348) to work on /home/bharat/.local/lib/python3.11/site-packages/airflow/example_dags/example_bash_decorator.py
[2024-07-01T17:49:06.644+0530] {processor.py:830} INFO - Processing file /home/bharat/.local/lib/python3.11/site-packages/airflow/example_dags/example_bash_decorator.py for tasks to queue
[2024-07-01T17:49:06.646+0530] {logging_mixin.py:188} INFO - [2024-07-01T17:49:06.645+0530] {dagbag.py:545} INFO - Filling up the DagBag from /home/bharat/.local/lib/python3.11/site-packages/airflow/example_dags/example_bash_decorator.py
[2024-07-01T17:49:06.654+0530] {processor.py:840} INFO - DAG(s) 'example_bash_decorator' retrieved from /home/bharat/.local/lib/python3.11/site-packages/airflow/example_dags/example_bash_decorator.py
[2024-07-01T17:49:06.731+0530] {logging_mixin.py:188} INFO - [2024-07-01T17:49:06.731+0530] {dag.py:3096} INFO - Sync 1 DAGs
[2024-07-01T17:49:06.734+0530] {logging_mixin.py:188} INFO - [2024-07-01T17:49:06.734+0530] {dag.py:3954} INFO - Setting next_dagrun for example_bash_decorator to None, run_after=None
[2024-07-01T17:49:06.744+0530] {processor.py:183} INFO - Processing /home/bharat/.local/lib/python3.11/site-packages/airflow/example_dags/example_bash_decorator.py took 0.109 seconds
[2024-07-01T17:50:09.409+0530] {processor.py:161} INFO - Started process (PID=11436) to work on /home/bharat/.local/lib/python3.11/site-packages/airflow/example_dags/example_bash_decorator.py
[2024-07-01T17:50:09.410+0530] {processor.py:830} INFO - Processing file /home/bharat/.local/lib/python3.11/site-packages/airflow/example_dags/example_bash_decorator.py for tasks to queue
[2024-07-01T17:50:09.411+0530] {logging_mixin.py:188} INFO - [2024-07-01T17:50:09.411+0530] {dagbag.py:545} INFO - Filling up the DagBag from /home/bharat/.local/lib/python3.11/site-packages/airflow/example_dags/example_bash_decorator.py
[2024-07-01T17:50:09.418+0530] {processor.py:840} INFO - DAG(s) 'example_bash_decorator' retrieved from /home/bharat/.local/lib/python3.11/site-packages/airflow/example_dags/example_bash_decorator.py
[2024-07-01T17:50:09.425+0530] {logging_mixin.py:188} INFO - [2024-07-01T17:50:09.425+0530] {dag.py:3096} INFO - Sync 1 DAGs
[2024-07-01T17:50:09.429+0530] {logging_mixin.py:188} INFO - [2024-07-01T17:50:09.429+0530] {dag.py:3954} INFO - Setting next_dagrun for example_bash_decorator to None, run_after=None
[2024-07-01T17:50:09.438+0530] {processor.py:183} INFO - Processing /home/bharat/.local/lib/python3.11/site-packages/airflow/example_dags/example_bash_decorator.py took 0.036 seconds
[2024-07-01T17:51:04.544+0530] {processor.py:161} INFO - Started process (PID=11517) to work on /home/bharat/.local/lib/python3.11/site-packages/airflow/example_dags/example_bash_decorator.py
[2024-07-01T17:51:04.545+0530] {processor.py:830} INFO - Processing file /home/bharat/.local/lib/python3.11/site-packages/airflow/example_dags/example_bash_decorator.py for tasks to queue
[2024-07-01T17:51:04.547+0530] {logging_mixin.py:188} INFO - [2024-07-01T17:51:04.546+0530] {dagbag.py:545} INFO - Filling up the DagBag from /home/bharat/.local/lib/python3.11/site-packages/airflow/example_dags/example_bash_decorator.py
[2024-07-01T17:51:04.556+0530] {processor.py:840} INFO - DAG(s) 'example_bash_decorator' retrieved from /home/bharat/.local/lib/python3.11/site-packages/airflow/example_dags/example_bash_decorator.py
[2024-07-01T17:51:04.563+0530] {logging_mixin.py:188} INFO - [2024-07-01T17:51:04.563+0530] {dag.py:3096} INFO - Sync 1 DAGs
[2024-07-01T17:51:04.567+0530] {logging_mixin.py:188} INFO - [2024-07-01T17:51:04.567+0530] {dag.py:3954} INFO - Setting next_dagrun for example_bash_decorator to None, run_after=None
[2024-07-01T17:51:04.578+0530] {processor.py:183} INFO - Processing /home/bharat/.local/lib/python3.11/site-packages/airflow/example_dags/example_bash_decorator.py took 0.037 seconds
[2024-07-01T17:52:40.803+0530] {processor.py:161} INFO - Started process (PID=12048) to work on /home/bharat/.local/lib/python3.11/site-packages/airflow/example_dags/example_bash_decorator.py
[2024-07-01T17:52:40.804+0530] {processor.py:830} INFO - Processing file /home/bharat/.local/lib/python3.11/site-packages/airflow/example_dags/example_bash_decorator.py for tasks to queue
[2024-07-01T17:52:40.807+0530] {logging_mixin.py:188} INFO - [2024-07-01T17:52:40.806+0530] {dagbag.py:545} INFO - Filling up the DagBag from /home/bharat/.local/lib/python3.11/site-packages/airflow/example_dags/example_bash_decorator.py
[2024-07-01T17:52:40.820+0530] {processor.py:840} INFO - DAG(s) 'example_bash_decorator' retrieved from /home/bharat/.local/lib/python3.11/site-packages/airflow/example_dags/example_bash_decorator.py
[2024-07-01T17:52:40.827+0530] {logging_mixin.py:188} INFO - [2024-07-01T17:52:40.827+0530] {dag.py:3096} INFO - Sync 1 DAGs
[2024-07-01T17:52:40.832+0530] {logging_mixin.py:188} INFO - [2024-07-01T17:52:40.832+0530] {dag.py:3954} INFO - Setting next_dagrun for example_bash_decorator to None, run_after=None
[2024-07-01T17:52:40.841+0530] {processor.py:183} INFO - Processing /home/bharat/.local/lib/python3.11/site-packages/airflow/example_dags/example_bash_decorator.py took 0.045 seconds
[2024-07-01T17:53:36.371+0530] {processor.py:161} INFO - Started process (PID=12155) to work on /home/bharat/.local/lib/python3.11/site-packages/airflow/example_dags/example_bash_decorator.py
[2024-07-01T17:53:36.371+0530] {processor.py:830} INFO - Processing file /home/bharat/.local/lib/python3.11/site-packages/airflow/example_dags/example_bash_decorator.py for tasks to queue
[2024-07-01T17:53:36.373+0530] {logging_mixin.py:188} INFO - [2024-07-01T17:53:36.373+0530] {dagbag.py:545} INFO - Filling up the DagBag from /home/bharat/.local/lib/python3.11/site-packages/airflow/example_dags/example_bash_decorator.py
[2024-07-01T17:53:36.382+0530] {processor.py:840} INFO - DAG(s) 'example_bash_decorator' retrieved from /home/bharat/.local/lib/python3.11/site-packages/airflow/example_dags/example_bash_decorator.py
[2024-07-01T17:53:36.389+0530] {logging_mixin.py:188} INFO - [2024-07-01T17:53:36.389+0530] {dag.py:3096} INFO - Sync 1 DAGs
[2024-07-01T17:53:36.394+0530] {logging_mixin.py:188} INFO - [2024-07-01T17:53:36.393+0530] {dag.py:3954} INFO - Setting next_dagrun for example_bash_decorator to None, run_after=None
[2024-07-01T17:53:36.403+0530] {processor.py:183} INFO - Processing /home/bharat/.local/lib/python3.11/site-packages/airflow/example_dags/example_bash_decorator.py took 0.037 seconds
[2024-07-01T17:54:49.251+0530] {processor.py:161} INFO - Started process (PID=12553) to work on /home/bharat/.local/lib/python3.11/site-packages/airflow/example_dags/example_bash_decorator.py
[2024-07-01T17:54:49.251+0530] {processor.py:830} INFO - Processing file /home/bharat/.local/lib/python3.11/site-packages/airflow/example_dags/example_bash_decorator.py for tasks to queue
[2024-07-01T17:54:49.253+0530] {logging_mixin.py:188} INFO - [2024-07-01T17:54:49.252+0530] {dagbag.py:545} INFO - Filling up the DagBag from /home/bharat/.local/lib/python3.11/site-packages/airflow/example_dags/example_bash_decorator.py
[2024-07-01T17:54:49.263+0530] {processor.py:840} INFO - DAG(s) 'example_bash_decorator' retrieved from /home/bharat/.local/lib/python3.11/site-packages/airflow/example_dags/example_bash_decorator.py
[2024-07-01T17:54:49.270+0530] {logging_mixin.py:188} INFO - [2024-07-01T17:54:49.270+0530] {dag.py:3096} INFO - Sync 1 DAGs
[2024-07-01T17:54:49.274+0530] {logging_mixin.py:188} INFO - [2024-07-01T17:54:49.274+0530] {dag.py:3954} INFO - Setting next_dagrun for example_bash_decorator to None, run_after=None
[2024-07-01T17:54:49.284+0530] {processor.py:183} INFO - Processing /home/bharat/.local/lib/python3.11/site-packages/airflow/example_dags/example_bash_decorator.py took 0.036 seconds
[2024-07-01T17:56:06.376+0530] {processor.py:161} INFO - Started process (PID=12680) to work on /home/bharat/.local/lib/python3.11/site-packages/airflow/example_dags/example_bash_decorator.py
[2024-07-01T17:56:06.377+0530] {processor.py:830} INFO - Processing file /home/bharat/.local/lib/python3.11/site-packages/airflow/example_dags/example_bash_decorator.py for tasks to queue
[2024-07-01T17:56:06.379+0530] {logging_mixin.py:188} INFO - [2024-07-01T17:56:06.378+0530] {dagbag.py:545} INFO - Filling up the DagBag from /home/bharat/.local/lib/python3.11/site-packages/airflow/example_dags/example_bash_decorator.py
[2024-07-01T17:56:06.386+0530] {processor.py:840} INFO - DAG(s) 'example_bash_decorator' retrieved from /home/bharat/.local/lib/python3.11/site-packages/airflow/example_dags/example_bash_decorator.py
[2024-07-01T17:56:06.393+0530] {logging_mixin.py:188} INFO - [2024-07-01T17:56:06.393+0530] {dag.py:3096} INFO - Sync 1 DAGs
[2024-07-01T17:56:06.397+0530] {logging_mixin.py:188} INFO - [2024-07-01T17:56:06.397+0530] {dag.py:3954} INFO - Setting next_dagrun for example_bash_decorator to None, run_after=None
[2024-07-01T17:56:06.406+0530] {processor.py:183} INFO - Processing /home/bharat/.local/lib/python3.11/site-packages/airflow/example_dags/example_bash_decorator.py took 0.038 seconds
[2024-07-01T17:57:25.738+0530] {processor.py:161} INFO - Started process (PID=12780) to work on /home/bharat/.local/lib/python3.11/site-packages/airflow/example_dags/example_bash_decorator.py
[2024-07-01T17:57:25.739+0530] {processor.py:830} INFO - Processing file /home/bharat/.local/lib/python3.11/site-packages/airflow/example_dags/example_bash_decorator.py for tasks to queue
[2024-07-01T17:57:25.741+0530] {logging_mixin.py:188} INFO - [2024-07-01T17:57:25.741+0530] {dagbag.py:545} INFO - Filling up the DagBag from /home/bharat/.local/lib/python3.11/site-packages/airflow/example_dags/example_bash_decorator.py
[2024-07-01T17:57:25.751+0530] {processor.py:840} INFO - DAG(s) 'example_bash_decorator' retrieved from /home/bharat/.local/lib/python3.11/site-packages/airflow/example_dags/example_bash_decorator.py
[2024-07-01T17:57:25.758+0530] {logging_mixin.py:188} INFO - [2024-07-01T17:57:25.758+0530] {dag.py:3096} INFO - Sync 1 DAGs
[2024-07-01T17:57:25.763+0530] {logging_mixin.py:188} INFO - [2024-07-01T17:57:25.762+0530] {dag.py:3954} INFO - Setting next_dagrun for example_bash_decorator to None, run_after=None
[2024-07-01T17:57:25.772+0530] {processor.py:183} INFO - Processing /home/bharat/.local/lib/python3.11/site-packages/airflow/example_dags/example_bash_decorator.py took 0.038 seconds
[2024-07-01T17:58:20.171+0530] {processor.py:161} INFO - Started process (PID=12883) to work on /home/bharat/.local/lib/python3.11/site-packages/airflow/example_dags/example_bash_decorator.py
[2024-07-01T17:58:20.172+0530] {processor.py:830} INFO - Processing file /home/bharat/.local/lib/python3.11/site-packages/airflow/example_dags/example_bash_decorator.py for tasks to queue
[2024-07-01T17:58:20.172+0530] {logging_mixin.py:188} INFO - [2024-07-01T17:58:20.172+0530] {dagbag.py:545} INFO - Filling up the DagBag from /home/bharat/.local/lib/python3.11/site-packages/airflow/example_dags/example_bash_decorator.py
[2024-07-01T17:58:20.178+0530] {processor.py:840} INFO - DAG(s) 'example_bash_decorator' retrieved from /home/bharat/.local/lib/python3.11/site-packages/airflow/example_dags/example_bash_decorator.py
[2024-07-01T17:58:20.185+0530] {logging_mixin.py:188} INFO - [2024-07-01T17:58:20.185+0530] {dag.py:3096} INFO - Sync 1 DAGs
[2024-07-01T17:58:20.189+0530] {logging_mixin.py:188} INFO - [2024-07-01T17:58:20.189+0530] {dag.py:3954} INFO - Setting next_dagrun for example_bash_decorator to None, run_after=None
[2024-07-01T17:58:20.198+0530] {processor.py:183} INFO - Processing /home/bharat/.local/lib/python3.11/site-packages/airflow/example_dags/example_bash_decorator.py took 0.033 seconds
[2024-07-01T17:59:36.983+0530] {processor.py:161} INFO - Started process (PID=12999) to work on /home/bharat/.local/lib/python3.11/site-packages/airflow/example_dags/example_bash_decorator.py
[2024-07-01T17:59:36.983+0530] {processor.py:830} INFO - Processing file /home/bharat/.local/lib/python3.11/site-packages/airflow/example_dags/example_bash_decorator.py for tasks to queue
[2024-07-01T17:59:36.985+0530] {logging_mixin.py:188} INFO - [2024-07-01T17:59:36.984+0530] {dagbag.py:545} INFO - Filling up the DagBag from /home/bharat/.local/lib/python3.11/site-packages/airflow/example_dags/example_bash_decorator.py
[2024-07-01T17:59:36.995+0530] {processor.py:840} INFO - DAG(s) 'example_bash_decorator' retrieved from /home/bharat/.local/lib/python3.11/site-packages/airflow/example_dags/example_bash_decorator.py
[2024-07-01T17:59:37.002+0530] {logging_mixin.py:188} INFO - [2024-07-01T17:59:37.002+0530] {dag.py:3096} INFO - Sync 1 DAGs
[2024-07-01T17:59:37.006+0530] {logging_mixin.py:188} INFO - [2024-07-01T17:59:37.006+0530] {dag.py:3954} INFO - Setting next_dagrun for example_bash_decorator to None, run_after=None
[2024-07-01T17:59:37.015+0530] {processor.py:183} INFO - Processing /home/bharat/.local/lib/python3.11/site-packages/airflow/example_dags/example_bash_decorator.py took 0.038 seconds
[2024-07-01T18:00:55.284+0530] {processor.py:161} INFO - Started process (PID=13105) to work on /home/bharat/.local/lib/python3.11/site-packages/airflow/example_dags/example_bash_decorator.py
[2024-07-01T18:00:55.285+0530] {processor.py:830} INFO - Processing file /home/bharat/.local/lib/python3.11/site-packages/airflow/example_dags/example_bash_decorator.py for tasks to queue
[2024-07-01T18:00:55.287+0530] {logging_mixin.py:188} INFO - [2024-07-01T18:00:55.287+0530] {dagbag.py:545} INFO - Filling up the DagBag from /home/bharat/.local/lib/python3.11/site-packages/airflow/example_dags/example_bash_decorator.py
[2024-07-01T18:00:55.295+0530] {processor.py:840} INFO - DAG(s) 'example_bash_decorator' retrieved from /home/bharat/.local/lib/python3.11/site-packages/airflow/example_dags/example_bash_decorator.py
[2024-07-01T18:00:55.302+0530] {logging_mixin.py:188} INFO - [2024-07-01T18:00:55.302+0530] {dag.py:3096} INFO - Sync 1 DAGs
[2024-07-01T18:00:55.306+0530] {logging_mixin.py:188} INFO - [2024-07-01T18:00:55.306+0530] {dag.py:3954} INFO - Setting next_dagrun for example_bash_decorator to None, run_after=None
[2024-07-01T18:00:55.315+0530] {processor.py:183} INFO - Processing /home/bharat/.local/lib/python3.11/site-packages/airflow/example_dags/example_bash_decorator.py took 0.039 seconds
[2024-07-01T18:02:13.176+0530] {processor.py:161} INFO - Started process (PID=13223) to work on /home/bharat/.local/lib/python3.11/site-packages/airflow/example_dags/example_bash_decorator.py
[2024-07-01T18:02:13.177+0530] {processor.py:830} INFO - Processing file /home/bharat/.local/lib/python3.11/site-packages/airflow/example_dags/example_bash_decorator.py for tasks to queue
[2024-07-01T18:02:13.177+0530] {logging_mixin.py:188} INFO - [2024-07-01T18:02:13.177+0530] {dagbag.py:545} INFO - Filling up the DagBag from /home/bharat/.local/lib/python3.11/site-packages/airflow/example_dags/example_bash_decorator.py
[2024-07-01T18:02:13.183+0530] {processor.py:840} INFO - DAG(s) 'example_bash_decorator' retrieved from /home/bharat/.local/lib/python3.11/site-packages/airflow/example_dags/example_bash_decorator.py
[2024-07-01T18:02:13.190+0530] {logging_mixin.py:188} INFO - [2024-07-01T18:02:13.190+0530] {dag.py:3096} INFO - Sync 1 DAGs
[2024-07-01T18:02:13.194+0530] {logging_mixin.py:188} INFO - [2024-07-01T18:02:13.194+0530] {dag.py:3954} INFO - Setting next_dagrun for example_bash_decorator to None, run_after=None
[2024-07-01T18:02:13.203+0530] {processor.py:183} INFO - Processing /home/bharat/.local/lib/python3.11/site-packages/airflow/example_dags/example_bash_decorator.py took 0.031 seconds
[2024-07-01T18:03:30.314+0530] {processor.py:161} INFO - Started process (PID=13350) to work on /home/bharat/.local/lib/python3.11/site-packages/airflow/example_dags/example_bash_decorator.py
[2024-07-01T18:03:30.314+0530] {processor.py:830} INFO - Processing file /home/bharat/.local/lib/python3.11/site-packages/airflow/example_dags/example_bash_decorator.py for tasks to queue
[2024-07-01T18:03:30.315+0530] {logging_mixin.py:188} INFO - [2024-07-01T18:03:30.315+0530] {dagbag.py:545} INFO - Filling up the DagBag from /home/bharat/.local/lib/python3.11/site-packages/airflow/example_dags/example_bash_decorator.py
[2024-07-01T18:03:30.320+0530] {processor.py:840} INFO - DAG(s) 'example_bash_decorator' retrieved from /home/bharat/.local/lib/python3.11/site-packages/airflow/example_dags/example_bash_decorator.py
[2024-07-01T18:03:30.327+0530] {logging_mixin.py:188} INFO - [2024-07-01T18:03:30.327+0530] {dag.py:3096} INFO - Sync 1 DAGs
[2024-07-01T18:03:30.331+0530] {logging_mixin.py:188} INFO - [2024-07-01T18:03:30.331+0530] {dag.py:3954} INFO - Setting next_dagrun for example_bash_decorator to None, run_after=None
[2024-07-01T18:03:30.340+0530] {processor.py:183} INFO - Processing /home/bharat/.local/lib/python3.11/site-packages/airflow/example_dags/example_bash_decorator.py took 0.029 seconds
[2024-07-01T18:04:49.713+0530] {processor.py:161} INFO - Started process (PID=13898) to work on /home/bharat/.local/lib/python3.11/site-packages/airflow/example_dags/example_bash_decorator.py
[2024-07-01T18:04:49.714+0530] {processor.py:830} INFO - Processing file /home/bharat/.local/lib/python3.11/site-packages/airflow/example_dags/example_bash_decorator.py for tasks to queue
[2024-07-01T18:04:49.715+0530] {logging_mixin.py:188} INFO - [2024-07-01T18:04:49.715+0530] {dagbag.py:545} INFO - Filling up the DagBag from /home/bharat/.local/lib/python3.11/site-packages/airflow/example_dags/example_bash_decorator.py
[2024-07-01T18:04:49.723+0530] {processor.py:840} INFO - DAG(s) 'example_bash_decorator' retrieved from /home/bharat/.local/lib/python3.11/site-packages/airflow/example_dags/example_bash_decorator.py
[2024-07-01T18:04:49.731+0530] {logging_mixin.py:188} INFO - [2024-07-01T18:04:49.731+0530] {dag.py:3096} INFO - Sync 1 DAGs
[2024-07-01T18:04:49.736+0530] {logging_mixin.py:188} INFO - [2024-07-01T18:04:49.736+0530] {dag.py:3954} INFO - Setting next_dagrun for example_bash_decorator to None, run_after=None
[2024-07-01T18:04:49.746+0530] {processor.py:183} INFO - Processing /home/bharat/.local/lib/python3.11/site-packages/airflow/example_dags/example_bash_decorator.py took 0.037 seconds
[2024-07-01T18:06:05.208+0530] {processor.py:161} INFO - Started process (PID=14010) to work on /home/bharat/.local/lib/python3.11/site-packages/airflow/example_dags/example_bash_decorator.py
[2024-07-01T18:06:05.209+0530] {processor.py:830} INFO - Processing file /home/bharat/.local/lib/python3.11/site-packages/airflow/example_dags/example_bash_decorator.py for tasks to queue
[2024-07-01T18:06:05.211+0530] {logging_mixin.py:188} INFO - [2024-07-01T18:06:05.210+0530] {dagbag.py:545} INFO - Filling up the DagBag from /home/bharat/.local/lib/python3.11/site-packages/airflow/example_dags/example_bash_decorator.py
[2024-07-01T18:06:05.218+0530] {processor.py:840} INFO - DAG(s) 'example_bash_decorator' retrieved from /home/bharat/.local/lib/python3.11/site-packages/airflow/example_dags/example_bash_decorator.py
[2024-07-01T18:06:05.225+0530] {logging_mixin.py:188} INFO - [2024-07-01T18:06:05.225+0530] {dag.py:3096} INFO - Sync 1 DAGs
[2024-07-01T18:06:05.229+0530] {logging_mixin.py:188} INFO - [2024-07-01T18:06:05.229+0530] {dag.py:3954} INFO - Setting next_dagrun for example_bash_decorator to None, run_after=None
[2024-07-01T18:06:05.238+0530] {processor.py:183} INFO - Processing /home/bharat/.local/lib/python3.11/site-packages/airflow/example_dags/example_bash_decorator.py took 0.037 seconds
[2024-07-01T18:07:21.484+0530] {processor.py:161} INFO - Started process (PID=14133) to work on /home/bharat/.local/lib/python3.11/site-packages/airflow/example_dags/example_bash_decorator.py
[2024-07-01T18:07:21.485+0530] {processor.py:830} INFO - Processing file /home/bharat/.local/lib/python3.11/site-packages/airflow/example_dags/example_bash_decorator.py for tasks to queue
[2024-07-01T18:07:21.487+0530] {logging_mixin.py:188} INFO - [2024-07-01T18:07:21.486+0530] {dagbag.py:545} INFO - Filling up the DagBag from /home/bharat/.local/lib/python3.11/site-packages/airflow/example_dags/example_bash_decorator.py
[2024-07-01T18:07:21.494+0530] {processor.py:840} INFO - DAG(s) 'example_bash_decorator' retrieved from /home/bharat/.local/lib/python3.11/site-packages/airflow/example_dags/example_bash_decorator.py
[2024-07-01T18:07:21.501+0530] {logging_mixin.py:188} INFO - [2024-07-01T18:07:21.501+0530] {dag.py:3096} INFO - Sync 1 DAGs
[2024-07-01T18:07:21.505+0530] {logging_mixin.py:188} INFO - [2024-07-01T18:07:21.505+0530] {dag.py:3954} INFO - Setting next_dagrun for example_bash_decorator to None, run_after=None
[2024-07-01T18:07:21.514+0530] {processor.py:183} INFO - Processing /home/bharat/.local/lib/python3.11/site-packages/airflow/example_dags/example_bash_decorator.py took 0.038 seconds
[2024-07-01T18:08:36.592+0530] {processor.py:161} INFO - Started process (PID=14258) to work on /home/bharat/.local/lib/python3.11/site-packages/airflow/example_dags/example_bash_decorator.py
[2024-07-01T18:08:36.592+0530] {processor.py:830} INFO - Processing file /home/bharat/.local/lib/python3.11/site-packages/airflow/example_dags/example_bash_decorator.py for tasks to queue
[2024-07-01T18:08:36.594+0530] {logging_mixin.py:188} INFO - [2024-07-01T18:08:36.594+0530] {dagbag.py:545} INFO - Filling up the DagBag from /home/bharat/.local/lib/python3.11/site-packages/airflow/example_dags/example_bash_decorator.py
[2024-07-01T18:08:36.604+0530] {processor.py:840} INFO - DAG(s) 'example_bash_decorator' retrieved from /home/bharat/.local/lib/python3.11/site-packages/airflow/example_dags/example_bash_decorator.py
[2024-07-01T18:08:36.611+0530] {logging_mixin.py:188} INFO - [2024-07-01T18:08:36.610+0530] {dag.py:3096} INFO - Sync 1 DAGs
[2024-07-01T18:08:36.615+0530] {logging_mixin.py:188} INFO - [2024-07-01T18:08:36.615+0530] {dag.py:3954} INFO - Setting next_dagrun for example_bash_decorator to None, run_after=None
[2024-07-01T18:08:36.624+0530] {processor.py:183} INFO - Processing /home/bharat/.local/lib/python3.11/site-packages/airflow/example_dags/example_bash_decorator.py took 0.037 seconds
[2024-07-01T18:09:57.202+0530] {processor.py:161} INFO - Started process (PID=14474) to work on /home/bharat/.local/lib/python3.11/site-packages/airflow/example_dags/example_bash_decorator.py
[2024-07-01T18:09:57.202+0530] {processor.py:830} INFO - Processing file /home/bharat/.local/lib/python3.11/site-packages/airflow/example_dags/example_bash_decorator.py for tasks to queue
[2024-07-01T18:09:57.204+0530] {logging_mixin.py:188} INFO - [2024-07-01T18:09:57.203+0530] {dagbag.py:545} INFO - Filling up the DagBag from /home/bharat/.local/lib/python3.11/site-packages/airflow/example_dags/example_bash_decorator.py
[2024-07-01T18:09:57.213+0530] {processor.py:840} INFO - DAG(s) 'example_bash_decorator' retrieved from /home/bharat/.local/lib/python3.11/site-packages/airflow/example_dags/example_bash_decorator.py
[2024-07-01T18:09:57.220+0530] {logging_mixin.py:188} INFO - [2024-07-01T18:09:57.220+0530] {dag.py:3096} INFO - Sync 1 DAGs
[2024-07-01T18:09:57.225+0530] {logging_mixin.py:188} INFO - [2024-07-01T18:09:57.225+0530] {dag.py:3954} INFO - Setting next_dagrun for example_bash_decorator to None, run_after=None
[2024-07-01T18:09:57.234+0530] {processor.py:183} INFO - Processing /home/bharat/.local/lib/python3.11/site-packages/airflow/example_dags/example_bash_decorator.py took 0.037 seconds
[2024-07-01T18:11:14.331+0530] {processor.py:161} INFO - Started process (PID=14615) to work on /home/bharat/.local/lib/python3.11/site-packages/airflow/example_dags/example_bash_decorator.py
[2024-07-01T18:11:14.331+0530] {processor.py:830} INFO - Processing file /home/bharat/.local/lib/python3.11/site-packages/airflow/example_dags/example_bash_decorator.py for tasks to queue
[2024-07-01T18:11:14.332+0530] {logging_mixin.py:188} INFO - [2024-07-01T18:11:14.332+0530] {dagbag.py:545} INFO - Filling up the DagBag from /home/bharat/.local/lib/python3.11/site-packages/airflow/example_dags/example_bash_decorator.py
[2024-07-01T18:11:14.337+0530] {processor.py:840} INFO - DAG(s) 'example_bash_decorator' retrieved from /home/bharat/.local/lib/python3.11/site-packages/airflow/example_dags/example_bash_decorator.py
[2024-07-01T18:11:14.346+0530] {logging_mixin.py:188} INFO - [2024-07-01T18:11:14.346+0530] {dag.py:3096} INFO - Sync 1 DAGs
[2024-07-01T18:11:14.352+0530] {logging_mixin.py:188} INFO - [2024-07-01T18:11:14.351+0530] {dag.py:3954} INFO - Setting next_dagrun for example_bash_decorator to None, run_after=None
[2024-07-01T18:11:14.361+0530] {processor.py:183} INFO - Processing /home/bharat/.local/lib/python3.11/site-packages/airflow/example_dags/example_bash_decorator.py took 0.034 seconds
[2024-07-01T18:12:31.908+0530] {processor.py:161} INFO - Started process (PID=14949) to work on /home/bharat/.local/lib/python3.11/site-packages/airflow/example_dags/example_bash_decorator.py
[2024-07-01T18:12:31.909+0530] {processor.py:830} INFO - Processing file /home/bharat/.local/lib/python3.11/site-packages/airflow/example_dags/example_bash_decorator.py for tasks to queue
[2024-07-01T18:12:31.911+0530] {logging_mixin.py:188} INFO - [2024-07-01T18:12:31.910+0530] {dagbag.py:545} INFO - Filling up the DagBag from /home/bharat/.local/lib/python3.11/site-packages/airflow/example_dags/example_bash_decorator.py
[2024-07-01T18:12:31.918+0530] {processor.py:840} INFO - DAG(s) 'example_bash_decorator' retrieved from /home/bharat/.local/lib/python3.11/site-packages/airflow/example_dags/example_bash_decorator.py
[2024-07-01T18:12:31.925+0530] {logging_mixin.py:188} INFO - [2024-07-01T18:12:31.925+0530] {dag.py:3096} INFO - Sync 1 DAGs
[2024-07-01T18:12:31.929+0530] {logging_mixin.py:188} INFO - [2024-07-01T18:12:31.929+0530] {dag.py:3954} INFO - Setting next_dagrun for example_bash_decorator to None, run_after=None
[2024-07-01T18:12:31.938+0530] {processor.py:183} INFO - Processing /home/bharat/.local/lib/python3.11/site-packages/airflow/example_dags/example_bash_decorator.py took 0.037 seconds
