[2024-07-01T17:49:03.518+0530] {processor.py:161} INFO - Started process (PID=11331) to work on /home/bharat/.local/lib/python3.11/site-packages/airflow/example_dags/example_dynamic_task_mapping.py
[2024-07-01T17:49:03.520+0530] {processor.py:830} INFO - Processing file /home/bharat/.local/lib/python3.11/site-packages/airflow/example_dags/example_dynamic_task_mapping.py for tasks to queue
[2024-07-01T17:49:03.521+0530] {logging_mixin.py:188} INFO - [2024-07-01T17:49:03.521+0530] {dagbag.py:545} INFO - Filling up the DagBag from /home/bharat/.local/lib/python3.11/site-packages/airflow/example_dags/example_dynamic_task_mapping.py
[2024-07-01T17:49:03.526+0530] {processor.py:840} INFO - DAG(s) 'example_dynamic_task_mapping' retrieved from /home/bharat/.local/lib/python3.11/site-packages/airflow/example_dags/example_dynamic_task_mapping.py
[2024-07-01T17:49:03.606+0530] {logging_mixin.py:188} INFO - [2024-07-01T17:49:03.606+0530] {dag.py:3096} INFO - Sync 1 DAGs
[2024-07-01T17:49:03.612+0530] {logging_mixin.py:188} INFO - [2024-07-01T17:49:03.612+0530] {dag.py:3954} INFO - Setting next_dagrun for example_dynamic_task_mapping to 2022-03-04 00:00:00+00:00, run_after=2022-03-05 00:00:00+00:00
[2024-07-01T17:49:03.621+0530] {processor.py:183} INFO - Processing /home/bharat/.local/lib/python3.11/site-packages/airflow/example_dags/example_dynamic_task_mapping.py took 0.112 seconds
[2024-07-01T17:50:06.641+0530] {processor.py:161} INFO - Started process (PID=11433) to work on /home/bharat/.local/lib/python3.11/site-packages/airflow/example_dags/example_dynamic_task_mapping.py
[2024-07-01T17:50:06.642+0530] {processor.py:830} INFO - Processing file /home/bharat/.local/lib/python3.11/site-packages/airflow/example_dags/example_dynamic_task_mapping.py for tasks to queue
[2024-07-01T17:50:06.642+0530] {logging_mixin.py:188} INFO - [2024-07-01T17:50:06.642+0530] {dagbag.py:545} INFO - Filling up the DagBag from /home/bharat/.local/lib/python3.11/site-packages/airflow/example_dags/example_dynamic_task_mapping.py
[2024-07-01T17:50:06.645+0530] {processor.py:840} INFO - DAG(s) 'example_dynamic_task_mapping' retrieved from /home/bharat/.local/lib/python3.11/site-packages/airflow/example_dags/example_dynamic_task_mapping.py
[2024-07-01T17:50:06.651+0530] {logging_mixin.py:188} INFO - [2024-07-01T17:50:06.650+0530] {dag.py:3096} INFO - Sync 1 DAGs
[2024-07-01T17:50:06.657+0530] {logging_mixin.py:188} INFO - [2024-07-01T17:50:06.657+0530] {dag.py:3954} INFO - Setting next_dagrun for example_dynamic_task_mapping to 2022-03-04 00:00:00+00:00, run_after=2022-03-05 00:00:00+00:00
[2024-07-01T17:50:06.668+0530] {processor.py:183} INFO - Processing /home/bharat/.local/lib/python3.11/site-packages/airflow/example_dags/example_dynamic_task_mapping.py took 0.032 seconds
[2024-07-01T17:51:02.067+0530] {processor.py:161} INFO - Started process (PID=11514) to work on /home/bharat/.local/lib/python3.11/site-packages/airflow/example_dags/example_dynamic_task_mapping.py
[2024-07-01T17:51:02.067+0530] {processor.py:830} INFO - Processing file /home/bharat/.local/lib/python3.11/site-packages/airflow/example_dags/example_dynamic_task_mapping.py for tasks to queue
[2024-07-01T17:51:02.068+0530] {logging_mixin.py:188} INFO - [2024-07-01T17:51:02.068+0530] {dagbag.py:545} INFO - Filling up the DagBag from /home/bharat/.local/lib/python3.11/site-packages/airflow/example_dags/example_dynamic_task_mapping.py
[2024-07-01T17:51:02.071+0530] {processor.py:840} INFO - DAG(s) 'example_dynamic_task_mapping' retrieved from /home/bharat/.local/lib/python3.11/site-packages/airflow/example_dags/example_dynamic_task_mapping.py
[2024-07-01T17:51:02.077+0530] {logging_mixin.py:188} INFO - [2024-07-01T17:51:02.077+0530] {dag.py:3096} INFO - Sync 1 DAGs
[2024-07-01T17:51:02.085+0530] {logging_mixin.py:188} INFO - [2024-07-01T17:51:02.085+0530] {dag.py:3954} INFO - Setting next_dagrun for example_dynamic_task_mapping to 2022-03-04 00:00:00+00:00, run_after=2022-03-05 00:00:00+00:00
[2024-07-01T17:51:02.095+0530] {processor.py:183} INFO - Processing /home/bharat/.local/lib/python3.11/site-packages/airflow/example_dags/example_dynamic_task_mapping.py took 0.032 seconds
[2024-07-01T17:52:09.841+0530] {processor.py:161} INFO - Started process (PID=12014) to work on /home/bharat/.local/lib/python3.11/site-packages/airflow/example_dags/example_dynamic_task_mapping.py
[2024-07-01T17:52:09.841+0530] {processor.py:830} INFO - Processing file /home/bharat/.local/lib/python3.11/site-packages/airflow/example_dags/example_dynamic_task_mapping.py for tasks to queue
[2024-07-01T17:52:09.842+0530] {logging_mixin.py:188} INFO - [2024-07-01T17:52:09.842+0530] {dagbag.py:545} INFO - Filling up the DagBag from /home/bharat/.local/lib/python3.11/site-packages/airflow/example_dags/example_dynamic_task_mapping.py
[2024-07-01T17:52:09.845+0530] {processor.py:840} INFO - DAG(s) 'example_dynamic_task_mapping' retrieved from /home/bharat/.local/lib/python3.11/site-packages/airflow/example_dags/example_dynamic_task_mapping.py
[2024-07-01T17:52:09.851+0530] {logging_mixin.py:188} INFO - [2024-07-01T17:52:09.850+0530] {dag.py:3096} INFO - Sync 1 DAGs
[2024-07-01T17:52:09.858+0530] {logging_mixin.py:188} INFO - [2024-07-01T17:52:09.858+0530] {dag.py:3954} INFO - Setting next_dagrun for example_dynamic_task_mapping to 2022-03-04 00:00:00+00:00, run_after=2022-03-05 00:00:00+00:00
[2024-07-01T17:52:09.867+0530] {processor.py:183} INFO - Processing /home/bharat/.local/lib/python3.11/site-packages/airflow/example_dags/example_dynamic_task_mapping.py took 0.029 seconds
[2024-07-01T17:53:11.681+0530] {processor.py:161} INFO - Started process (PID=12128) to work on /home/bharat/.local/lib/python3.11/site-packages/airflow/example_dags/example_dynamic_task_mapping.py
[2024-07-01T17:53:11.681+0530] {processor.py:830} INFO - Processing file /home/bharat/.local/lib/python3.11/site-packages/airflow/example_dags/example_dynamic_task_mapping.py for tasks to queue
[2024-07-01T17:53:11.683+0530] {logging_mixin.py:188} INFO - [2024-07-01T17:53:11.683+0530] {dagbag.py:545} INFO - Filling up the DagBag from /home/bharat/.local/lib/python3.11/site-packages/airflow/example_dags/example_dynamic_task_mapping.py
[2024-07-01T17:53:11.692+0530] {processor.py:840} INFO - DAG(s) 'example_dynamic_task_mapping' retrieved from /home/bharat/.local/lib/python3.11/site-packages/airflow/example_dags/example_dynamic_task_mapping.py
[2024-07-01T17:53:11.700+0530] {logging_mixin.py:188} INFO - [2024-07-01T17:53:11.700+0530] {dag.py:3096} INFO - Sync 1 DAGs
[2024-07-01T17:53:11.707+0530] {logging_mixin.py:188} INFO - [2024-07-01T17:53:11.707+0530] {dag.py:3954} INFO - Setting next_dagrun for example_dynamic_task_mapping to 2022-03-04 00:00:00+00:00, run_after=2022-03-05 00:00:00+00:00
[2024-07-01T17:53:11.716+0530] {processor.py:183} INFO - Processing /home/bharat/.local/lib/python3.11/site-packages/airflow/example_dags/example_dynamic_task_mapping.py took 0.044 seconds
[2024-07-01T17:54:45.983+0530] {processor.py:161} INFO - Started process (PID=12549) to work on /home/bharat/.local/lib/python3.11/site-packages/airflow/example_dags/example_dynamic_task_mapping.py
[2024-07-01T17:54:45.984+0530] {processor.py:830} INFO - Processing file /home/bharat/.local/lib/python3.11/site-packages/airflow/example_dags/example_dynamic_task_mapping.py for tasks to queue
[2024-07-01T17:54:45.985+0530] {logging_mixin.py:188} INFO - [2024-07-01T17:54:45.985+0530] {dagbag.py:545} INFO - Filling up the DagBag from /home/bharat/.local/lib/python3.11/site-packages/airflow/example_dags/example_dynamic_task_mapping.py
[2024-07-01T17:54:45.989+0530] {processor.py:840} INFO - DAG(s) 'example_dynamic_task_mapping' retrieved from /home/bharat/.local/lib/python3.11/site-packages/airflow/example_dags/example_dynamic_task_mapping.py
[2024-07-01T17:54:45.995+0530] {logging_mixin.py:188} INFO - [2024-07-01T17:54:45.995+0530] {dag.py:3096} INFO - Sync 1 DAGs
[2024-07-01T17:54:46.002+0530] {logging_mixin.py:188} INFO - [2024-07-01T17:54:46.002+0530] {dag.py:3954} INFO - Setting next_dagrun for example_dynamic_task_mapping to 2022-03-04 00:00:00+00:00, run_after=2022-03-05 00:00:00+00:00
[2024-07-01T17:54:46.012+0530] {processor.py:183} INFO - Processing /home/bharat/.local/lib/python3.11/site-packages/airflow/example_dags/example_dynamic_task_mapping.py took 0.038 seconds
[2024-07-01T17:55:40.611+0530] {processor.py:161} INFO - Started process (PID=12634) to work on /home/bharat/.local/lib/python3.11/site-packages/airflow/example_dags/example_dynamic_task_mapping.py
[2024-07-01T17:55:40.612+0530] {processor.py:830} INFO - Processing file /home/bharat/.local/lib/python3.11/site-packages/airflow/example_dags/example_dynamic_task_mapping.py for tasks to queue
[2024-07-01T17:55:40.613+0530] {logging_mixin.py:188} INFO - [2024-07-01T17:55:40.613+0530] {dagbag.py:545} INFO - Filling up the DagBag from /home/bharat/.local/lib/python3.11/site-packages/airflow/example_dags/example_dynamic_task_mapping.py
[2024-07-01T17:55:40.616+0530] {processor.py:840} INFO - DAG(s) 'example_dynamic_task_mapping' retrieved from /home/bharat/.local/lib/python3.11/site-packages/airflow/example_dags/example_dynamic_task_mapping.py
[2024-07-01T17:55:40.624+0530] {logging_mixin.py:188} INFO - [2024-07-01T17:55:40.624+0530] {dag.py:3096} INFO - Sync 1 DAGs
[2024-07-01T17:55:40.631+0530] {logging_mixin.py:188} INFO - [2024-07-01T17:55:40.631+0530] {dag.py:3954} INFO - Setting next_dagrun for example_dynamic_task_mapping to 2022-03-04 00:00:00+00:00, run_after=2022-03-05 00:00:00+00:00
[2024-07-01T17:55:40.640+0530] {processor.py:183} INFO - Processing /home/bharat/.local/lib/python3.11/site-packages/airflow/example_dags/example_dynamic_task_mapping.py took 0.033 seconds
[2024-07-01T17:57:00.592+0530] {processor.py:161} INFO - Started process (PID=12754) to work on /home/bharat/.local/lib/python3.11/site-packages/airflow/example_dags/example_dynamic_task_mapping.py
[2024-07-01T17:57:00.592+0530] {processor.py:830} INFO - Processing file /home/bharat/.local/lib/python3.11/site-packages/airflow/example_dags/example_dynamic_task_mapping.py for tasks to queue
[2024-07-01T17:57:00.594+0530] {logging_mixin.py:188} INFO - [2024-07-01T17:57:00.593+0530] {dagbag.py:545} INFO - Filling up the DagBag from /home/bharat/.local/lib/python3.11/site-packages/airflow/example_dags/example_dynamic_task_mapping.py
[2024-07-01T17:57:00.597+0530] {processor.py:840} INFO - DAG(s) 'example_dynamic_task_mapping' retrieved from /home/bharat/.local/lib/python3.11/site-packages/airflow/example_dags/example_dynamic_task_mapping.py
[2024-07-01T17:57:00.603+0530] {logging_mixin.py:188} INFO - [2024-07-01T17:57:00.603+0530] {dag.py:3096} INFO - Sync 1 DAGs
[2024-07-01T17:57:00.610+0530] {logging_mixin.py:188} INFO - [2024-07-01T17:57:00.610+0530] {dag.py:3954} INFO - Setting next_dagrun for example_dynamic_task_mapping to 2022-03-04 00:00:00+00:00, run_after=2022-03-05 00:00:00+00:00
[2024-07-01T17:57:00.620+0530] {processor.py:183} INFO - Processing /home/bharat/.local/lib/python3.11/site-packages/airflow/example_dags/example_dynamic_task_mapping.py took 0.035 seconds
[2024-07-01T17:58:17.723+0530] {processor.py:161} INFO - Started process (PID=12880) to work on /home/bharat/.local/lib/python3.11/site-packages/airflow/example_dags/example_dynamic_task_mapping.py
[2024-07-01T17:58:17.724+0530] {processor.py:830} INFO - Processing file /home/bharat/.local/lib/python3.11/site-packages/airflow/example_dags/example_dynamic_task_mapping.py for tasks to queue
[2024-07-01T17:58:17.725+0530] {logging_mixin.py:188} INFO - [2024-07-01T17:58:17.725+0530] {dagbag.py:545} INFO - Filling up the DagBag from /home/bharat/.local/lib/python3.11/site-packages/airflow/example_dags/example_dynamic_task_mapping.py
[2024-07-01T17:58:17.729+0530] {processor.py:840} INFO - DAG(s) 'example_dynamic_task_mapping' retrieved from /home/bharat/.local/lib/python3.11/site-packages/airflow/example_dags/example_dynamic_task_mapping.py
[2024-07-01T17:58:17.734+0530] {logging_mixin.py:188} INFO - [2024-07-01T17:58:17.734+0530] {dag.py:3096} INFO - Sync 1 DAGs
[2024-07-01T17:58:17.741+0530] {logging_mixin.py:188} INFO - [2024-07-01T17:58:17.741+0530] {dag.py:3954} INFO - Setting next_dagrun for example_dynamic_task_mapping to 2022-03-04 00:00:00+00:00, run_after=2022-03-05 00:00:00+00:00
[2024-07-01T17:58:17.751+0530] {processor.py:183} INFO - Processing /home/bharat/.local/lib/python3.11/site-packages/airflow/example_dags/example_dynamic_task_mapping.py took 0.035 seconds
[2024-07-01T17:59:34.403+0530] {processor.py:161} INFO - Started process (PID=12996) to work on /home/bharat/.local/lib/python3.11/site-packages/airflow/example_dags/example_dynamic_task_mapping.py
[2024-07-01T17:59:34.404+0530] {processor.py:830} INFO - Processing file /home/bharat/.local/lib/python3.11/site-packages/airflow/example_dags/example_dynamic_task_mapping.py for tasks to queue
[2024-07-01T17:59:34.404+0530] {logging_mixin.py:188} INFO - [2024-07-01T17:59:34.404+0530] {dagbag.py:545} INFO - Filling up the DagBag from /home/bharat/.local/lib/python3.11/site-packages/airflow/example_dags/example_dynamic_task_mapping.py
[2024-07-01T17:59:34.407+0530] {processor.py:840} INFO - DAG(s) 'example_dynamic_task_mapping' retrieved from /home/bharat/.local/lib/python3.11/site-packages/airflow/example_dags/example_dynamic_task_mapping.py
[2024-07-01T17:59:34.413+0530] {logging_mixin.py:188} INFO - [2024-07-01T17:59:34.413+0530] {dag.py:3096} INFO - Sync 1 DAGs
[2024-07-01T17:59:34.420+0530] {logging_mixin.py:188} INFO - [2024-07-01T17:59:34.420+0530] {dag.py:3954} INFO - Setting next_dagrun for example_dynamic_task_mapping to 2022-03-04 00:00:00+00:00, run_after=2022-03-05 00:00:00+00:00
[2024-07-01T17:59:34.430+0530] {processor.py:183} INFO - Processing /home/bharat/.local/lib/python3.11/site-packages/airflow/example_dags/example_dynamic_task_mapping.py took 0.032 seconds
[2024-07-01T18:00:27.310+0530] {processor.py:161} INFO - Started process (PID=13075) to work on /home/bharat/.local/lib/python3.11/site-packages/airflow/example_dags/example_dynamic_task_mapping.py
[2024-07-01T18:00:27.311+0530] {processor.py:830} INFO - Processing file /home/bharat/.local/lib/python3.11/site-packages/airflow/example_dags/example_dynamic_task_mapping.py for tasks to queue
[2024-07-01T18:00:27.311+0530] {logging_mixin.py:188} INFO - [2024-07-01T18:00:27.311+0530] {dagbag.py:545} INFO - Filling up the DagBag from /home/bharat/.local/lib/python3.11/site-packages/airflow/example_dags/example_dynamic_task_mapping.py
[2024-07-01T18:00:27.314+0530] {processor.py:840} INFO - DAG(s) 'example_dynamic_task_mapping' retrieved from /home/bharat/.local/lib/python3.11/site-packages/airflow/example_dags/example_dynamic_task_mapping.py
[2024-07-01T18:00:27.320+0530] {logging_mixin.py:188} INFO - [2024-07-01T18:00:27.320+0530] {dag.py:3096} INFO - Sync 1 DAGs
[2024-07-01T18:00:27.327+0530] {logging_mixin.py:188} INFO - [2024-07-01T18:00:27.327+0530] {dag.py:3954} INFO - Setting next_dagrun for example_dynamic_task_mapping to 2022-03-04 00:00:00+00:00, run_after=2022-03-05 00:00:00+00:00
[2024-07-01T18:00:27.337+0530] {processor.py:183} INFO - Processing /home/bharat/.local/lib/python3.11/site-packages/airflow/example_dags/example_dynamic_task_mapping.py took 0.030 seconds
[2024-07-01T18:01:44.502+0530] {processor.py:161} INFO - Started process (PID=13175) to work on /home/bharat/.local/lib/python3.11/site-packages/airflow/example_dags/example_dynamic_task_mapping.py
[2024-07-01T18:01:44.503+0530] {processor.py:830} INFO - Processing file /home/bharat/.local/lib/python3.11/site-packages/airflow/example_dags/example_dynamic_task_mapping.py for tasks to queue
[2024-07-01T18:01:44.504+0530] {logging_mixin.py:188} INFO - [2024-07-01T18:01:44.503+0530] {dagbag.py:545} INFO - Filling up the DagBag from /home/bharat/.local/lib/python3.11/site-packages/airflow/example_dags/example_dynamic_task_mapping.py
[2024-07-01T18:01:44.507+0530] {processor.py:840} INFO - DAG(s) 'example_dynamic_task_mapping' retrieved from /home/bharat/.local/lib/python3.11/site-packages/airflow/example_dags/example_dynamic_task_mapping.py
[2024-07-01T18:01:44.513+0530] {logging_mixin.py:188} INFO - [2024-07-01T18:01:44.512+0530] {dag.py:3096} INFO - Sync 1 DAGs
[2024-07-01T18:01:44.520+0530] {logging_mixin.py:188} INFO - [2024-07-01T18:01:44.519+0530] {dag.py:3954} INFO - Setting next_dagrun for example_dynamic_task_mapping to 2022-03-04 00:00:00+00:00, run_after=2022-03-05 00:00:00+00:00
[2024-07-01T18:01:44.529+0530] {processor.py:183} INFO - Processing /home/bharat/.local/lib/python3.11/site-packages/airflow/example_dags/example_dynamic_task_mapping.py took 0.032 seconds
[2024-07-01T18:02:39.870+0530] {processor.py:161} INFO - Started process (PID=13250) to work on /home/bharat/.local/lib/python3.11/site-packages/airflow/example_dags/example_dynamic_task_mapping.py
[2024-07-01T18:02:39.871+0530] {processor.py:830} INFO - Processing file /home/bharat/.local/lib/python3.11/site-packages/airflow/example_dags/example_dynamic_task_mapping.py for tasks to queue
[2024-07-01T18:02:39.873+0530] {logging_mixin.py:188} INFO - [2024-07-01T18:02:39.872+0530] {dagbag.py:545} INFO - Filling up the DagBag from /home/bharat/.local/lib/python3.11/site-packages/airflow/example_dags/example_dynamic_task_mapping.py
[2024-07-01T18:02:39.877+0530] {processor.py:840} INFO - DAG(s) 'example_dynamic_task_mapping' retrieved from /home/bharat/.local/lib/python3.11/site-packages/airflow/example_dags/example_dynamic_task_mapping.py
[2024-07-01T18:02:39.883+0530] {logging_mixin.py:188} INFO - [2024-07-01T18:02:39.883+0530] {dag.py:3096} INFO - Sync 1 DAGs
[2024-07-01T18:02:39.890+0530] {logging_mixin.py:188} INFO - [2024-07-01T18:02:39.890+0530] {dag.py:3954} INFO - Setting next_dagrun for example_dynamic_task_mapping to 2022-03-04 00:00:00+00:00, run_after=2022-03-05 00:00:00+00:00
[2024-07-01T18:02:39.899+0530] {processor.py:183} INFO - Processing /home/bharat/.local/lib/python3.11/site-packages/airflow/example_dags/example_dynamic_task_mapping.py took 0.037 seconds
[2024-07-01T18:03:54.608+0530] {processor.py:161} INFO - Started process (PID=13394) to work on /home/bharat/.local/lib/python3.11/site-packages/airflow/example_dags/example_dynamic_task_mapping.py
[2024-07-01T18:03:54.609+0530] {processor.py:830} INFO - Processing file /home/bharat/.local/lib/python3.11/site-packages/airflow/example_dags/example_dynamic_task_mapping.py for tasks to queue
[2024-07-01T18:03:54.610+0530] {logging_mixin.py:188} INFO - [2024-07-01T18:03:54.610+0530] {dagbag.py:545} INFO - Filling up the DagBag from /home/bharat/.local/lib/python3.11/site-packages/airflow/example_dags/example_dynamic_task_mapping.py
[2024-07-01T18:03:54.616+0530] {processor.py:840} INFO - DAG(s) 'example_dynamic_task_mapping' retrieved from /home/bharat/.local/lib/python3.11/site-packages/airflow/example_dags/example_dynamic_task_mapping.py
[2024-07-01T18:03:54.622+0530] {logging_mixin.py:188} INFO - [2024-07-01T18:03:54.622+0530] {dag.py:3096} INFO - Sync 1 DAGs
[2024-07-01T18:03:54.629+0530] {logging_mixin.py:188} INFO - [2024-07-01T18:03:54.629+0530] {dag.py:3954} INFO - Setting next_dagrun for example_dynamic_task_mapping to 2022-03-04 00:00:00+00:00, run_after=2022-03-05 00:00:00+00:00
[2024-07-01T18:03:54.639+0530] {processor.py:183} INFO - Processing /home/bharat/.local/lib/python3.11/site-packages/airflow/example_dags/example_dynamic_task_mapping.py took 0.033 seconds
[2024-07-01T18:05:13.685+0530] {processor.py:161} INFO - Started process (PID=13923) to work on /home/bharat/.local/lib/python3.11/site-packages/airflow/example_dags/example_dynamic_task_mapping.py
[2024-07-01T18:05:13.686+0530] {processor.py:830} INFO - Processing file /home/bharat/.local/lib/python3.11/site-packages/airflow/example_dags/example_dynamic_task_mapping.py for tasks to queue
[2024-07-01T18:05:13.688+0530] {logging_mixin.py:188} INFO - [2024-07-01T18:05:13.687+0530] {dagbag.py:545} INFO - Filling up the DagBag from /home/bharat/.local/lib/python3.11/site-packages/airflow/example_dags/example_dynamic_task_mapping.py
[2024-07-01T18:05:13.692+0530] {processor.py:840} INFO - DAG(s) 'example_dynamic_task_mapping' retrieved from /home/bharat/.local/lib/python3.11/site-packages/airflow/example_dags/example_dynamic_task_mapping.py
[2024-07-01T18:05:13.698+0530] {logging_mixin.py:188} INFO - [2024-07-01T18:05:13.698+0530] {dag.py:3096} INFO - Sync 1 DAGs
[2024-07-01T18:05:13.705+0530] {logging_mixin.py:188} INFO - [2024-07-01T18:05:13.705+0530] {dag.py:3954} INFO - Setting next_dagrun for example_dynamic_task_mapping to 2022-03-04 00:00:00+00:00, run_after=2022-03-05 00:00:00+00:00
[2024-07-01T18:05:13.715+0530] {processor.py:183} INFO - Processing /home/bharat/.local/lib/python3.11/site-packages/airflow/example_dags/example_dynamic_task_mapping.py took 0.039 seconds
[2024-07-01T18:06:25.490+0530] {processor.py:161} INFO - Started process (PID=14056) to work on /home/bharat/.local/lib/python3.11/site-packages/airflow/example_dags/example_dynamic_task_mapping.py
[2024-07-01T18:06:25.491+0530] {processor.py:830} INFO - Processing file /home/bharat/.local/lib/python3.11/site-packages/airflow/example_dags/example_dynamic_task_mapping.py for tasks to queue
[2024-07-01T18:06:25.491+0530] {logging_mixin.py:188} INFO - [2024-07-01T18:06:25.491+0530] {dagbag.py:545} INFO - Filling up the DagBag from /home/bharat/.local/lib/python3.11/site-packages/airflow/example_dags/example_dynamic_task_mapping.py
[2024-07-01T18:06:25.494+0530] {processor.py:840} INFO - DAG(s) 'example_dynamic_task_mapping' retrieved from /home/bharat/.local/lib/python3.11/site-packages/airflow/example_dags/example_dynamic_task_mapping.py
[2024-07-01T18:06:25.500+0530] {logging_mixin.py:188} INFO - [2024-07-01T18:06:25.500+0530] {dag.py:3096} INFO - Sync 1 DAGs
[2024-07-01T18:06:25.507+0530] {logging_mixin.py:188} INFO - [2024-07-01T18:06:25.507+0530] {dag.py:3954} INFO - Setting next_dagrun for example_dynamic_task_mapping to 2022-03-04 00:00:00+00:00, run_after=2022-03-05 00:00:00+00:00
[2024-07-01T18:06:25.516+0530] {processor.py:183} INFO - Processing /home/bharat/.local/lib/python3.11/site-packages/airflow/example_dags/example_dynamic_task_mapping.py took 0.031 seconds
[2024-07-01T18:07:18.073+0530] {processor.py:161} INFO - Started process (PID=14130) to work on /home/bharat/.local/lib/python3.11/site-packages/airflow/example_dags/example_dynamic_task_mapping.py
[2024-07-01T18:07:18.073+0530] {processor.py:830} INFO - Processing file /home/bharat/.local/lib/python3.11/site-packages/airflow/example_dags/example_dynamic_task_mapping.py for tasks to queue
[2024-07-01T18:07:18.074+0530] {logging_mixin.py:188} INFO - [2024-07-01T18:07:18.074+0530] {dagbag.py:545} INFO - Filling up the DagBag from /home/bharat/.local/lib/python3.11/site-packages/airflow/example_dags/example_dynamic_task_mapping.py
[2024-07-01T18:07:18.077+0530] {processor.py:840} INFO - DAG(s) 'example_dynamic_task_mapping' retrieved from /home/bharat/.local/lib/python3.11/site-packages/airflow/example_dags/example_dynamic_task_mapping.py
[2024-07-01T18:07:18.083+0530] {logging_mixin.py:188} INFO - [2024-07-01T18:07:18.083+0530] {dag.py:3096} INFO - Sync 1 DAGs
[2024-07-01T18:07:18.090+0530] {logging_mixin.py:188} INFO - [2024-07-01T18:07:18.090+0530] {dag.py:3954} INFO - Setting next_dagrun for example_dynamic_task_mapping to 2022-03-04 00:00:00+00:00, run_after=2022-03-05 00:00:00+00:00
[2024-07-01T18:07:18.099+0530] {processor.py:183} INFO - Processing /home/bharat/.local/lib/python3.11/site-packages/airflow/example_dags/example_dynamic_task_mapping.py took 0.033 seconds
[2024-07-01T18:08:33.251+0530] {processor.py:161} INFO - Started process (PID=14255) to work on /home/bharat/.local/lib/python3.11/site-packages/airflow/example_dags/example_dynamic_task_mapping.py
[2024-07-01T18:08:33.252+0530] {processor.py:830} INFO - Processing file /home/bharat/.local/lib/python3.11/site-packages/airflow/example_dags/example_dynamic_task_mapping.py for tasks to queue
[2024-07-01T18:08:33.253+0530] {logging_mixin.py:188} INFO - [2024-07-01T18:08:33.253+0530] {dagbag.py:545} INFO - Filling up the DagBag from /home/bharat/.local/lib/python3.11/site-packages/airflow/example_dags/example_dynamic_task_mapping.py
[2024-07-01T18:08:33.260+0530] {processor.py:840} INFO - DAG(s) 'example_dynamic_task_mapping' retrieved from /home/bharat/.local/lib/python3.11/site-packages/airflow/example_dags/example_dynamic_task_mapping.py
[2024-07-01T18:08:33.267+0530] {logging_mixin.py:188} INFO - [2024-07-01T18:08:33.267+0530] {dag.py:3096} INFO - Sync 1 DAGs
[2024-07-01T18:08:33.274+0530] {logging_mixin.py:188} INFO - [2024-07-01T18:08:33.274+0530] {dag.py:3954} INFO - Setting next_dagrun for example_dynamic_task_mapping to 2022-03-04 00:00:00+00:00, run_after=2022-03-05 00:00:00+00:00
[2024-07-01T18:08:33.283+0530] {processor.py:183} INFO - Processing /home/bharat/.local/lib/python3.11/site-packages/airflow/example_dags/example_dynamic_task_mapping.py took 0.037 seconds
[2024-07-01T18:09:26.865+0530] {processor.py:161} INFO - Started process (PID=14418) to work on /home/bharat/.local/lib/python3.11/site-packages/airflow/example_dags/example_dynamic_task_mapping.py
[2024-07-01T18:09:26.866+0530] {processor.py:830} INFO - Processing file /home/bharat/.local/lib/python3.11/site-packages/airflow/example_dags/example_dynamic_task_mapping.py for tasks to queue
[2024-07-01T18:09:26.867+0530] {logging_mixin.py:188} INFO - [2024-07-01T18:09:26.867+0530] {dagbag.py:545} INFO - Filling up the DagBag from /home/bharat/.local/lib/python3.11/site-packages/airflow/example_dags/example_dynamic_task_mapping.py
[2024-07-01T18:09:26.869+0530] {processor.py:840} INFO - DAG(s) 'example_dynamic_task_mapping' retrieved from /home/bharat/.local/lib/python3.11/site-packages/airflow/example_dags/example_dynamic_task_mapping.py
[2024-07-01T18:09:26.875+0530] {logging_mixin.py:188} INFO - [2024-07-01T18:09:26.875+0530] {dag.py:3096} INFO - Sync 1 DAGs
[2024-07-01T18:09:26.882+0530] {logging_mixin.py:188} INFO - [2024-07-01T18:09:26.882+0530] {dag.py:3954} INFO - Setting next_dagrun for example_dynamic_task_mapping to 2022-03-04 00:00:00+00:00, run_after=2022-03-05 00:00:00+00:00
[2024-07-01T18:09:26.892+0530] {processor.py:183} INFO - Processing /home/bharat/.local/lib/python3.11/site-packages/airflow/example_dags/example_dynamic_task_mapping.py took 0.030 seconds
[2024-07-01T18:10:20.437+0530] {processor.py:161} INFO - Started process (PID=14501) to work on /home/bharat/.local/lib/python3.11/site-packages/airflow/example_dags/example_dynamic_task_mapping.py
[2024-07-01T18:10:20.437+0530] {processor.py:830} INFO - Processing file /home/bharat/.local/lib/python3.11/site-packages/airflow/example_dags/example_dynamic_task_mapping.py for tasks to queue
[2024-07-01T18:10:20.438+0530] {logging_mixin.py:188} INFO - [2024-07-01T18:10:20.438+0530] {dagbag.py:545} INFO - Filling up the DagBag from /home/bharat/.local/lib/python3.11/site-packages/airflow/example_dags/example_dynamic_task_mapping.py
[2024-07-01T18:10:20.441+0530] {processor.py:840} INFO - DAG(s) 'example_dynamic_task_mapping' retrieved from /home/bharat/.local/lib/python3.11/site-packages/airflow/example_dags/example_dynamic_task_mapping.py
[2024-07-01T18:10:20.446+0530] {logging_mixin.py:188} INFO - [2024-07-01T18:10:20.446+0530] {dag.py:3096} INFO - Sync 1 DAGs
[2024-07-01T18:10:20.454+0530] {logging_mixin.py:188} INFO - [2024-07-01T18:10:20.454+0530] {dag.py:3954} INFO - Setting next_dagrun for example_dynamic_task_mapping to 2022-03-04 00:00:00+00:00, run_after=2022-03-05 00:00:00+00:00
[2024-07-01T18:10:20.464+0530] {processor.py:183} INFO - Processing /home/bharat/.local/lib/python3.11/site-packages/airflow/example_dags/example_dynamic_task_mapping.py took 0.030 seconds
[2024-07-01T18:11:38.920+0530] {processor.py:161} INFO - Started process (PID=14693) to work on /home/bharat/.local/lib/python3.11/site-packages/airflow/example_dags/example_dynamic_task_mapping.py
[2024-07-01T18:11:38.921+0530] {processor.py:830} INFO - Processing file /home/bharat/.local/lib/python3.11/site-packages/airflow/example_dags/example_dynamic_task_mapping.py for tasks to queue
[2024-07-01T18:11:38.922+0530] {logging_mixin.py:188} INFO - [2024-07-01T18:11:38.921+0530] {dagbag.py:545} INFO - Filling up the DagBag from /home/bharat/.local/lib/python3.11/site-packages/airflow/example_dags/example_dynamic_task_mapping.py
[2024-07-01T18:11:38.925+0530] {processor.py:840} INFO - DAG(s) 'example_dynamic_task_mapping' retrieved from /home/bharat/.local/lib/python3.11/site-packages/airflow/example_dags/example_dynamic_task_mapping.py
[2024-07-01T18:11:38.936+0530] {logging_mixin.py:188} INFO - [2024-07-01T18:11:38.936+0530] {dag.py:3096} INFO - Sync 1 DAGs
[2024-07-01T18:11:38.943+0530] {logging_mixin.py:188} INFO - [2024-07-01T18:11:38.943+0530] {dag.py:3954} INFO - Setting next_dagrun for example_dynamic_task_mapping to 2022-03-04 00:00:00+00:00, run_after=2022-03-05 00:00:00+00:00
[2024-07-01T18:11:38.953+0530] {processor.py:183} INFO - Processing /home/bharat/.local/lib/python3.11/site-packages/airflow/example_dags/example_dynamic_task_mapping.py took 0.035 seconds
[2024-07-01T18:12:31.619+0530] {processor.py:161} INFO - Started process (PID=14947) to work on /home/bharat/.local/lib/python3.11/site-packages/airflow/example_dags/example_dynamic_task_mapping.py
[2024-07-01T18:12:31.619+0530] {processor.py:830} INFO - Processing file /home/bharat/.local/lib/python3.11/site-packages/airflow/example_dags/example_dynamic_task_mapping.py for tasks to queue
[2024-07-01T18:12:31.620+0530] {logging_mixin.py:188} INFO - [2024-07-01T18:12:31.620+0530] {dagbag.py:545} INFO - Filling up the DagBag from /home/bharat/.local/lib/python3.11/site-packages/airflow/example_dags/example_dynamic_task_mapping.py
[2024-07-01T18:12:31.623+0530] {processor.py:840} INFO - DAG(s) 'example_dynamic_task_mapping' retrieved from /home/bharat/.local/lib/python3.11/site-packages/airflow/example_dags/example_dynamic_task_mapping.py
[2024-07-01T18:12:31.628+0530] {logging_mixin.py:188} INFO - [2024-07-01T18:12:31.628+0530] {dag.py:3096} INFO - Sync 1 DAGs
[2024-07-01T18:12:31.636+0530] {logging_mixin.py:188} INFO - [2024-07-01T18:12:31.635+0530] {dag.py:3954} INFO - Setting next_dagrun for example_dynamic_task_mapping to 2022-03-04 00:00:00+00:00, run_after=2022-03-05 00:00:00+00:00
[2024-07-01T18:12:31.645+0530] {processor.py:183} INFO - Processing /home/bharat/.local/lib/python3.11/site-packages/airflow/example_dags/example_dynamic_task_mapping.py took 0.029 seconds
