[2024-07-01T17:48:17.561+0530] {processor.py:161} INFO - Started process (PID=10952) to work on /home/bharat/.local/lib/python3.11/site-packages/airflow/example_dags/example_short_circuit_decorator.py
[2024-07-01T17:48:17.562+0530] {processor.py:830} INFO - Processing file /home/bharat/.local/lib/python3.11/site-packages/airflow/example_dags/example_short_circuit_decorator.py for tasks to queue
[2024-07-01T17:48:17.564+0530] {logging_mixin.py:188} INFO - [2024-07-01T17:48:17.564+0530] {dagbag.py:545} INFO - Filling up the DagBag from /home/bharat/.local/lib/python3.11/site-packages/airflow/example_dags/example_short_circuit_decorator.py
[2024-07-01T17:48:17.578+0530] {processor.py:840} INFO - DAG(s) 'example_short_circuit_decorator' retrieved from /home/bharat/.local/lib/python3.11/site-packages/airflow/example_dags/example_short_circuit_decorator.py
[2024-07-01T17:48:17.615+0530] {logging_mixin.py:188} INFO - [2024-07-01T17:48:17.615+0530] {dag.py:3096} INFO - Sync 1 DAGs
[2024-07-01T17:48:17.621+0530] {logging_mixin.py:188} INFO - [2024-07-01T17:48:17.621+0530] {dag.py:3954} INFO - Setting next_dagrun for example_short_circuit_decorator to 2024-06-30 00:00:00+00:00, run_after=2024-07-01 00:00:00+00:00
[2024-07-01T17:48:17.631+0530] {processor.py:183} INFO - Processing /home/bharat/.local/lib/python3.11/site-packages/airflow/example_dags/example_short_circuit_decorator.py took 0.080 seconds
[2024-07-01T17:49:24.318+0530] {processor.py:161} INFO - Started process (PID=11368) to work on /home/bharat/.local/lib/python3.11/site-packages/airflow/example_dags/example_short_circuit_decorator.py
[2024-07-01T17:49:24.319+0530] {processor.py:830} INFO - Processing file /home/bharat/.local/lib/python3.11/site-packages/airflow/example_dags/example_short_circuit_decorator.py for tasks to queue
[2024-07-01T17:49:24.319+0530] {logging_mixin.py:188} INFO - [2024-07-01T17:49:24.319+0530] {dagbag.py:545} INFO - Filling up the DagBag from /home/bharat/.local/lib/python3.11/site-packages/airflow/example_dags/example_short_circuit_decorator.py
[2024-07-01T17:49:24.323+0530] {processor.py:840} INFO - DAG(s) 'example_short_circuit_decorator' retrieved from /home/bharat/.local/lib/python3.11/site-packages/airflow/example_dags/example_short_circuit_decorator.py
[2024-07-01T17:49:24.330+0530] {logging_mixin.py:188} INFO - [2024-07-01T17:49:24.330+0530] {dag.py:3096} INFO - Sync 1 DAGs
[2024-07-01T17:49:24.382+0530] {logging_mixin.py:188} INFO - [2024-07-01T17:49:24.382+0530] {dag.py:3954} INFO - Setting next_dagrun for example_short_circuit_decorator to 2024-06-30 00:00:00+00:00, run_after=2024-07-01 00:00:00+00:00
[2024-07-01T17:49:24.391+0530] {processor.py:183} INFO - Processing /home/bharat/.local/lib/python3.11/site-packages/airflow/example_dags/example_short_circuit_decorator.py took 0.079 seconds
[2024-07-01T17:50:19.542+0530] {processor.py:161} INFO - Started process (PID=11446) to work on /home/bharat/.local/lib/python3.11/site-packages/airflow/example_dags/example_short_circuit_decorator.py
[2024-07-01T17:50:19.543+0530] {processor.py:830} INFO - Processing file /home/bharat/.local/lib/python3.11/site-packages/airflow/example_dags/example_short_circuit_decorator.py for tasks to queue
[2024-07-01T17:50:19.544+0530] {logging_mixin.py:188} INFO - [2024-07-01T17:50:19.543+0530] {dagbag.py:545} INFO - Filling up the DagBag from /home/bharat/.local/lib/python3.11/site-packages/airflow/example_dags/example_short_circuit_decorator.py
[2024-07-01T17:50:19.551+0530] {processor.py:840} INFO - DAG(s) 'example_short_circuit_decorator' retrieved from /home/bharat/.local/lib/python3.11/site-packages/airflow/example_dags/example_short_circuit_decorator.py
[2024-07-01T17:50:19.559+0530] {logging_mixin.py:188} INFO - [2024-07-01T17:50:19.559+0530] {dag.py:3096} INFO - Sync 1 DAGs
[2024-07-01T17:50:19.566+0530] {logging_mixin.py:188} INFO - [2024-07-01T17:50:19.566+0530] {dag.py:3954} INFO - Setting next_dagrun for example_short_circuit_decorator to 2024-06-30 00:00:00+00:00, run_after=2024-07-01 00:00:00+00:00
[2024-07-01T17:50:19.576+0530] {processor.py:183} INFO - Processing /home/bharat/.local/lib/python3.11/site-packages/airflow/example_dags/example_short_circuit_decorator.py took 0.038 seconds
[2024-07-01T17:51:10.330+0530] {processor.py:161} INFO - Started process (PID=11571) to work on /home/bharat/.local/lib/python3.11/site-packages/airflow/example_dags/example_short_circuit_decorator.py
[2024-07-01T17:51:10.331+0530] {processor.py:830} INFO - Processing file /home/bharat/.local/lib/python3.11/site-packages/airflow/example_dags/example_short_circuit_decorator.py for tasks to queue
[2024-07-01T17:51:10.332+0530] {logging_mixin.py:188} INFO - [2024-07-01T17:51:10.332+0530] {dagbag.py:545} INFO - Filling up the DagBag from /home/bharat/.local/lib/python3.11/site-packages/airflow/example_dags/example_short_circuit_decorator.py
[2024-07-01T17:51:10.337+0530] {processor.py:840} INFO - DAG(s) 'example_short_circuit_decorator' retrieved from /home/bharat/.local/lib/python3.11/site-packages/airflow/example_dags/example_short_circuit_decorator.py
[2024-07-01T17:51:10.345+0530] {logging_mixin.py:188} INFO - [2024-07-01T17:51:10.345+0530] {dag.py:3096} INFO - Sync 1 DAGs
[2024-07-01T17:51:10.354+0530] {logging_mixin.py:188} INFO - [2024-07-01T17:51:10.354+0530] {dag.py:3954} INFO - Setting next_dagrun for example_short_circuit_decorator to 2024-06-30 00:00:00+00:00, run_after=2024-07-01 00:00:00+00:00
[2024-07-01T17:51:10.366+0530] {processor.py:183} INFO - Processing /home/bharat/.local/lib/python3.11/site-packages/airflow/example_dags/example_short_circuit_decorator.py took 0.040 seconds
[2024-07-01T17:52:21.543+0530] {processor.py:161} INFO - Started process (PID=12028) to work on /home/bharat/.local/lib/python3.11/site-packages/airflow/example_dags/example_short_circuit_decorator.py
[2024-07-01T17:52:21.544+0530] {processor.py:830} INFO - Processing file /home/bharat/.local/lib/python3.11/site-packages/airflow/example_dags/example_short_circuit_decorator.py for tasks to queue
[2024-07-01T17:52:21.545+0530] {logging_mixin.py:188} INFO - [2024-07-01T17:52:21.545+0530] {dagbag.py:545} INFO - Filling up the DagBag from /home/bharat/.local/lib/python3.11/site-packages/airflow/example_dags/example_short_circuit_decorator.py
[2024-07-01T17:52:21.550+0530] {processor.py:840} INFO - DAG(s) 'example_short_circuit_decorator' retrieved from /home/bharat/.local/lib/python3.11/site-packages/airflow/example_dags/example_short_circuit_decorator.py
[2024-07-01T17:52:21.556+0530] {logging_mixin.py:188} INFO - [2024-07-01T17:52:21.556+0530] {dag.py:3096} INFO - Sync 1 DAGs
[2024-07-01T17:52:21.563+0530] {logging_mixin.py:188} INFO - [2024-07-01T17:52:21.563+0530] {dag.py:3954} INFO - Setting next_dagrun for example_short_circuit_decorator to 2024-06-30 00:00:00+00:00, run_after=2024-07-01 00:00:00+00:00
[2024-07-01T17:52:21.573+0530] {processor.py:183} INFO - Processing /home/bharat/.local/lib/python3.11/site-packages/airflow/example_dags/example_short_circuit_decorator.py took 0.037 seconds
[2024-07-01T17:53:17.980+0530] {processor.py:161} INFO - Started process (PID=12134) to work on /home/bharat/.local/lib/python3.11/site-packages/airflow/example_dags/example_short_circuit_decorator.py
[2024-07-01T17:53:17.980+0530] {processor.py:830} INFO - Processing file /home/bharat/.local/lib/python3.11/site-packages/airflow/example_dags/example_short_circuit_decorator.py for tasks to queue
[2024-07-01T17:53:17.982+0530] {logging_mixin.py:188} INFO - [2024-07-01T17:53:17.981+0530] {dagbag.py:545} INFO - Filling up the DagBag from /home/bharat/.local/lib/python3.11/site-packages/airflow/example_dags/example_short_circuit_decorator.py
[2024-07-01T17:53:17.989+0530] {processor.py:840} INFO - DAG(s) 'example_short_circuit_decorator' retrieved from /home/bharat/.local/lib/python3.11/site-packages/airflow/example_dags/example_short_circuit_decorator.py
[2024-07-01T17:53:17.997+0530] {logging_mixin.py:188} INFO - [2024-07-01T17:53:17.996+0530] {dag.py:3096} INFO - Sync 1 DAGs
[2024-07-01T17:53:18.004+0530] {logging_mixin.py:188} INFO - [2024-07-01T17:53:18.004+0530] {dag.py:3954} INFO - Setting next_dagrun for example_short_circuit_decorator to 2024-06-30 00:00:00+00:00, run_after=2024-07-01 00:00:00+00:00
[2024-07-01T17:53:18.013+0530] {processor.py:183} INFO - Processing /home/bharat/.local/lib/python3.11/site-packages/airflow/example_dags/example_short_circuit_decorator.py took 0.040 seconds
[2024-07-01T17:54:25.697+0530] {processor.py:161} INFO - Started process (PID=12523) to work on /home/bharat/.local/lib/python3.11/site-packages/airflow/example_dags/example_short_circuit_decorator.py
[2024-07-01T17:54:25.698+0530] {processor.py:830} INFO - Processing file /home/bharat/.local/lib/python3.11/site-packages/airflow/example_dags/example_short_circuit_decorator.py for tasks to queue
[2024-07-01T17:54:25.700+0530] {logging_mixin.py:188} INFO - [2024-07-01T17:54:25.699+0530] {dagbag.py:545} INFO - Filling up the DagBag from /home/bharat/.local/lib/python3.11/site-packages/airflow/example_dags/example_short_circuit_decorator.py
[2024-07-01T17:54:25.706+0530] {processor.py:840} INFO - DAG(s) 'example_short_circuit_decorator' retrieved from /home/bharat/.local/lib/python3.11/site-packages/airflow/example_dags/example_short_circuit_decorator.py
[2024-07-01T17:54:25.714+0530] {logging_mixin.py:188} INFO - [2024-07-01T17:54:25.714+0530] {dag.py:3096} INFO - Sync 1 DAGs
[2024-07-01T17:54:25.722+0530] {logging_mixin.py:188} INFO - [2024-07-01T17:54:25.722+0530] {dag.py:3954} INFO - Setting next_dagrun for example_short_circuit_decorator to 2024-06-30 00:00:00+00:00, run_after=2024-07-01 00:00:00+00:00
[2024-07-01T17:54:25.731+0530] {processor.py:183} INFO - Processing /home/bharat/.local/lib/python3.11/site-packages/airflow/example_dags/example_short_circuit_decorator.py took 0.044 seconds
[2024-07-01T17:55:22.176+0530] {processor.py:161} INFO - Started process (PID=12607) to work on /home/bharat/.local/lib/python3.11/site-packages/airflow/example_dags/example_short_circuit_decorator.py
[2024-07-01T17:55:22.177+0530] {processor.py:830} INFO - Processing file /home/bharat/.local/lib/python3.11/site-packages/airflow/example_dags/example_short_circuit_decorator.py for tasks to queue
[2024-07-01T17:55:22.178+0530] {logging_mixin.py:188} INFO - [2024-07-01T17:55:22.178+0530] {dagbag.py:545} INFO - Filling up the DagBag from /home/bharat/.local/lib/python3.11/site-packages/airflow/example_dags/example_short_circuit_decorator.py
[2024-07-01T17:55:22.186+0530] {processor.py:840} INFO - DAG(s) 'example_short_circuit_decorator' retrieved from /home/bharat/.local/lib/python3.11/site-packages/airflow/example_dags/example_short_circuit_decorator.py
[2024-07-01T17:55:22.193+0530] {logging_mixin.py:188} INFO - [2024-07-01T17:55:22.193+0530] {dag.py:3096} INFO - Sync 1 DAGs
[2024-07-01T17:55:22.200+0530] {logging_mixin.py:188} INFO - [2024-07-01T17:55:22.200+0530] {dag.py:3954} INFO - Setting next_dagrun for example_short_circuit_decorator to 2024-06-30 00:00:00+00:00, run_after=2024-07-01 00:00:00+00:00
[2024-07-01T17:55:22.210+0530] {processor.py:183} INFO - Processing /home/bharat/.local/lib/python3.11/site-packages/airflow/example_dags/example_short_circuit_decorator.py took 0.039 seconds
[2024-07-01T17:56:11.664+0530] {processor.py:161} INFO - Started process (PID=12685) to work on /home/bharat/.local/lib/python3.11/site-packages/airflow/example_dags/example_short_circuit_decorator.py
[2024-07-01T17:56:11.665+0530] {processor.py:830} INFO - Processing file /home/bharat/.local/lib/python3.11/site-packages/airflow/example_dags/example_short_circuit_decorator.py for tasks to queue
[2024-07-01T17:56:11.667+0530] {logging_mixin.py:188} INFO - [2024-07-01T17:56:11.666+0530] {dagbag.py:545} INFO - Filling up the DagBag from /home/bharat/.local/lib/python3.11/site-packages/airflow/example_dags/example_short_circuit_decorator.py
[2024-07-01T17:56:11.675+0530] {processor.py:840} INFO - DAG(s) 'example_short_circuit_decorator' retrieved from /home/bharat/.local/lib/python3.11/site-packages/airflow/example_dags/example_short_circuit_decorator.py
[2024-07-01T17:56:11.682+0530] {logging_mixin.py:188} INFO - [2024-07-01T17:56:11.682+0530] {dag.py:3096} INFO - Sync 1 DAGs
[2024-07-01T17:56:11.689+0530] {logging_mixin.py:188} INFO - [2024-07-01T17:56:11.689+0530] {dag.py:3954} INFO - Setting next_dagrun for example_short_circuit_decorator to 2024-06-30 00:00:00+00:00, run_after=2024-07-01 00:00:00+00:00
[2024-07-01T17:56:11.699+0530] {processor.py:183} INFO - Processing /home/bharat/.local/lib/python3.11/site-packages/airflow/example_dags/example_short_circuit_decorator.py took 0.040 seconds
[2024-07-01T17:57:05.736+0530] {processor.py:161} INFO - Started process (PID=12760) to work on /home/bharat/.local/lib/python3.11/site-packages/airflow/example_dags/example_short_circuit_decorator.py
[2024-07-01T17:57:05.737+0530] {processor.py:830} INFO - Processing file /home/bharat/.local/lib/python3.11/site-packages/airflow/example_dags/example_short_circuit_decorator.py for tasks to queue
[2024-07-01T17:57:05.738+0530] {logging_mixin.py:188} INFO - [2024-07-01T17:57:05.738+0530] {dagbag.py:545} INFO - Filling up the DagBag from /home/bharat/.local/lib/python3.11/site-packages/airflow/example_dags/example_short_circuit_decorator.py
[2024-07-01T17:57:05.744+0530] {processor.py:840} INFO - DAG(s) 'example_short_circuit_decorator' retrieved from /home/bharat/.local/lib/python3.11/site-packages/airflow/example_dags/example_short_circuit_decorator.py
[2024-07-01T17:57:05.753+0530] {logging_mixin.py:188} INFO - [2024-07-01T17:57:05.753+0530] {dag.py:3096} INFO - Sync 1 DAGs
[2024-07-01T17:57:05.760+0530] {logging_mixin.py:188} INFO - [2024-07-01T17:57:05.760+0530] {dag.py:3954} INFO - Setting next_dagrun for example_short_circuit_decorator to 2024-06-30 00:00:00+00:00, run_after=2024-07-01 00:00:00+00:00
[2024-07-01T17:57:05.769+0530] {processor.py:183} INFO - Processing /home/bharat/.local/lib/python3.11/site-packages/airflow/example_dags/example_short_circuit_decorator.py took 0.039 seconds
[2024-07-01T17:57:58.763+0530] {processor.py:161} INFO - Started process (PID=12832) to work on /home/bharat/.local/lib/python3.11/site-packages/airflow/example_dags/example_short_circuit_decorator.py
[2024-07-01T17:57:58.764+0530] {processor.py:830} INFO - Processing file /home/bharat/.local/lib/python3.11/site-packages/airflow/example_dags/example_short_circuit_decorator.py for tasks to queue
[2024-07-01T17:57:58.765+0530] {logging_mixin.py:188} INFO - [2024-07-01T17:57:58.765+0530] {dagbag.py:545} INFO - Filling up the DagBag from /home/bharat/.local/lib/python3.11/site-packages/airflow/example_dags/example_short_circuit_decorator.py
[2024-07-01T17:57:58.768+0530] {processor.py:840} INFO - DAG(s) 'example_short_circuit_decorator' retrieved from /home/bharat/.local/lib/python3.11/site-packages/airflow/example_dags/example_short_circuit_decorator.py
[2024-07-01T17:57:58.775+0530] {logging_mixin.py:188} INFO - [2024-07-01T17:57:58.775+0530] {dag.py:3096} INFO - Sync 1 DAGs
[2024-07-01T17:57:58.782+0530] {logging_mixin.py:188} INFO - [2024-07-01T17:57:58.782+0530] {dag.py:3954} INFO - Setting next_dagrun for example_short_circuit_decorator to 2024-06-30 00:00:00+00:00, run_after=2024-07-01 00:00:00+00:00
[2024-07-01T17:57:58.794+0530] {processor.py:183} INFO - Processing /home/bharat/.local/lib/python3.11/site-packages/airflow/example_dags/example_short_circuit_decorator.py took 0.037 seconds
[2024-07-01T17:58:49.324+0530] {processor.py:161} INFO - Started process (PID=12932) to work on /home/bharat/.local/lib/python3.11/site-packages/airflow/example_dags/example_short_circuit_decorator.py
[2024-07-01T17:58:49.325+0530] {processor.py:830} INFO - Processing file /home/bharat/.local/lib/python3.11/site-packages/airflow/example_dags/example_short_circuit_decorator.py for tasks to queue
[2024-07-01T17:58:49.326+0530] {logging_mixin.py:188} INFO - [2024-07-01T17:58:49.326+0530] {dagbag.py:545} INFO - Filling up the DagBag from /home/bharat/.local/lib/python3.11/site-packages/airflow/example_dags/example_short_circuit_decorator.py
[2024-07-01T17:58:49.332+0530] {processor.py:840} INFO - DAG(s) 'example_short_circuit_decorator' retrieved from /home/bharat/.local/lib/python3.11/site-packages/airflow/example_dags/example_short_circuit_decorator.py
[2024-07-01T17:58:49.339+0530] {logging_mixin.py:188} INFO - [2024-07-01T17:58:49.339+0530] {dag.py:3096} INFO - Sync 1 DAGs
[2024-07-01T17:58:49.346+0530] {logging_mixin.py:188} INFO - [2024-07-01T17:58:49.346+0530] {dag.py:3954} INFO - Setting next_dagrun for example_short_circuit_decorator to 2024-06-30 00:00:00+00:00, run_after=2024-07-01 00:00:00+00:00
[2024-07-01T17:58:49.355+0530] {processor.py:183} INFO - Processing /home/bharat/.local/lib/python3.11/site-packages/airflow/example_dags/example_short_circuit_decorator.py took 0.039 seconds
[2024-07-01T17:59:41.149+0530] {processor.py:161} INFO - Started process (PID=13004) to work on /home/bharat/.local/lib/python3.11/site-packages/airflow/example_dags/example_short_circuit_decorator.py
[2024-07-01T17:59:41.149+0530] {processor.py:830} INFO - Processing file /home/bharat/.local/lib/python3.11/site-packages/airflow/example_dags/example_short_circuit_decorator.py for tasks to queue
[2024-07-01T17:59:41.150+0530] {logging_mixin.py:188} INFO - [2024-07-01T17:59:41.150+0530] {dagbag.py:545} INFO - Filling up the DagBag from /home/bharat/.local/lib/python3.11/site-packages/airflow/example_dags/example_short_circuit_decorator.py
[2024-07-01T17:59:41.154+0530] {processor.py:840} INFO - DAG(s) 'example_short_circuit_decorator' retrieved from /home/bharat/.local/lib/python3.11/site-packages/airflow/example_dags/example_short_circuit_decorator.py
[2024-07-01T17:59:41.161+0530] {logging_mixin.py:188} INFO - [2024-07-01T17:59:41.161+0530] {dag.py:3096} INFO - Sync 1 DAGs
[2024-07-01T17:59:41.168+0530] {logging_mixin.py:188} INFO - [2024-07-01T17:59:41.168+0530] {dag.py:3954} INFO - Setting next_dagrun for example_short_circuit_decorator to 2024-06-30 00:00:00+00:00, run_after=2024-07-01 00:00:00+00:00
[2024-07-01T17:59:41.177+0530] {processor.py:183} INFO - Processing /home/bharat/.local/lib/python3.11/site-packages/airflow/example_dags/example_short_circuit_decorator.py took 0.034 seconds
[2024-07-01T18:00:33.583+0530] {processor.py:161} INFO - Started process (PID=13082) to work on /home/bharat/.local/lib/python3.11/site-packages/airflow/example_dags/example_short_circuit_decorator.py
[2024-07-01T18:00:33.584+0530] {processor.py:830} INFO - Processing file /home/bharat/.local/lib/python3.11/site-packages/airflow/example_dags/example_short_circuit_decorator.py for tasks to queue
[2024-07-01T18:00:33.586+0530] {logging_mixin.py:188} INFO - [2024-07-01T18:00:33.585+0530] {dagbag.py:545} INFO - Filling up the DagBag from /home/bharat/.local/lib/python3.11/site-packages/airflow/example_dags/example_short_circuit_decorator.py
[2024-07-01T18:00:33.593+0530] {processor.py:840} INFO - DAG(s) 'example_short_circuit_decorator' retrieved from /home/bharat/.local/lib/python3.11/site-packages/airflow/example_dags/example_short_circuit_decorator.py
[2024-07-01T18:00:33.600+0530] {logging_mixin.py:188} INFO - [2024-07-01T18:00:33.600+0530] {dag.py:3096} INFO - Sync 1 DAGs
[2024-07-01T18:00:33.608+0530] {logging_mixin.py:188} INFO - [2024-07-01T18:00:33.608+0530] {dag.py:3954} INFO - Setting next_dagrun for example_short_circuit_decorator to 2024-06-30 00:00:00+00:00, run_after=2024-07-01 00:00:00+00:00
[2024-07-01T18:00:33.618+0530] {processor.py:183} INFO - Processing /home/bharat/.local/lib/python3.11/site-packages/airflow/example_dags/example_short_circuit_decorator.py took 0.039 seconds
[2024-07-01T18:01:25.068+0530] {processor.py:161} INFO - Started process (PID=13155) to work on /home/bharat/.local/lib/python3.11/site-packages/airflow/example_dags/example_short_circuit_decorator.py
[2024-07-01T18:01:25.069+0530] {processor.py:830} INFO - Processing file /home/bharat/.local/lib/python3.11/site-packages/airflow/example_dags/example_short_circuit_decorator.py for tasks to queue
[2024-07-01T18:01:25.069+0530] {logging_mixin.py:188} INFO - [2024-07-01T18:01:25.069+0530] {dagbag.py:545} INFO - Filling up the DagBag from /home/bharat/.local/lib/python3.11/site-packages/airflow/example_dags/example_short_circuit_decorator.py
[2024-07-01T18:01:25.073+0530] {processor.py:840} INFO - DAG(s) 'example_short_circuit_decorator' retrieved from /home/bharat/.local/lib/python3.11/site-packages/airflow/example_dags/example_short_circuit_decorator.py
[2024-07-01T18:01:25.080+0530] {logging_mixin.py:188} INFO - [2024-07-01T18:01:25.080+0530] {dag.py:3096} INFO - Sync 1 DAGs
[2024-07-01T18:01:25.087+0530] {logging_mixin.py:188} INFO - [2024-07-01T18:01:25.087+0530] {dag.py:3954} INFO - Setting next_dagrun for example_short_circuit_decorator to 2024-06-30 00:00:00+00:00, run_after=2024-07-01 00:00:00+00:00
[2024-07-01T18:01:25.096+0530] {processor.py:183} INFO - Processing /home/bharat/.local/lib/python3.11/site-packages/airflow/example_dags/example_short_circuit_decorator.py took 0.031 seconds
[2024-07-01T18:02:18.185+0530] {processor.py:161} INFO - Started process (PID=13228) to work on /home/bharat/.local/lib/python3.11/site-packages/airflow/example_dags/example_short_circuit_decorator.py
[2024-07-01T18:02:18.186+0530] {processor.py:830} INFO - Processing file /home/bharat/.local/lib/python3.11/site-packages/airflow/example_dags/example_short_circuit_decorator.py for tasks to queue
[2024-07-01T18:02:18.187+0530] {logging_mixin.py:188} INFO - [2024-07-01T18:02:18.187+0530] {dagbag.py:545} INFO - Filling up the DagBag from /home/bharat/.local/lib/python3.11/site-packages/airflow/example_dags/example_short_circuit_decorator.py
[2024-07-01T18:02:18.193+0530] {processor.py:840} INFO - DAG(s) 'example_short_circuit_decorator' retrieved from /home/bharat/.local/lib/python3.11/site-packages/airflow/example_dags/example_short_circuit_decorator.py
[2024-07-01T18:02:18.200+0530] {logging_mixin.py:188} INFO - [2024-07-01T18:02:18.200+0530] {dag.py:3096} INFO - Sync 1 DAGs
[2024-07-01T18:02:18.206+0530] {logging_mixin.py:188} INFO - [2024-07-01T18:02:18.206+0530] {dag.py:3954} INFO - Setting next_dagrun for example_short_circuit_decorator to 2024-06-30 00:00:00+00:00, run_after=2024-07-01 00:00:00+00:00
[2024-07-01T18:02:18.216+0530] {processor.py:183} INFO - Processing /home/bharat/.local/lib/python3.11/site-packages/airflow/example_dags/example_short_circuit_decorator.py took 0.038 seconds
[2024-07-01T18:03:10.736+0530] {processor.py:161} INFO - Started process (PID=13330) to work on /home/bharat/.local/lib/python3.11/site-packages/airflow/example_dags/example_short_circuit_decorator.py
[2024-07-01T18:03:10.736+0530] {processor.py:830} INFO - Processing file /home/bharat/.local/lib/python3.11/site-packages/airflow/example_dags/example_short_circuit_decorator.py for tasks to queue
[2024-07-01T18:03:10.738+0530] {logging_mixin.py:188} INFO - [2024-07-01T18:03:10.738+0530] {dagbag.py:545} INFO - Filling up the DagBag from /home/bharat/.local/lib/python3.11/site-packages/airflow/example_dags/example_short_circuit_decorator.py
[2024-07-01T18:03:10.745+0530] {processor.py:840} INFO - DAG(s) 'example_short_circuit_decorator' retrieved from /home/bharat/.local/lib/python3.11/site-packages/airflow/example_dags/example_short_circuit_decorator.py
[2024-07-01T18:03:10.753+0530] {logging_mixin.py:188} INFO - [2024-07-01T18:03:10.753+0530] {dag.py:3096} INFO - Sync 1 DAGs
[2024-07-01T18:03:10.760+0530] {logging_mixin.py:188} INFO - [2024-07-01T18:03:10.760+0530] {dag.py:3954} INFO - Setting next_dagrun for example_short_circuit_decorator to 2024-06-30 00:00:00+00:00, run_after=2024-07-01 00:00:00+00:00
[2024-07-01T18:03:10.769+0530] {processor.py:183} INFO - Processing /home/bharat/.local/lib/python3.11/site-packages/airflow/example_dags/example_short_circuit_decorator.py took 0.038 seconds
[2024-07-01T18:04:00.591+0530] {processor.py:161} INFO - Started process (PID=13400) to work on /home/bharat/.local/lib/python3.11/site-packages/airflow/example_dags/example_short_circuit_decorator.py
[2024-07-01T18:04:00.592+0530] {processor.py:830} INFO - Processing file /home/bharat/.local/lib/python3.11/site-packages/airflow/example_dags/example_short_circuit_decorator.py for tasks to queue
[2024-07-01T18:04:00.594+0530] {logging_mixin.py:188} INFO - [2024-07-01T18:04:00.593+0530] {dagbag.py:545} INFO - Filling up the DagBag from /home/bharat/.local/lib/python3.11/site-packages/airflow/example_dags/example_short_circuit_decorator.py
[2024-07-01T18:04:00.603+0530] {processor.py:840} INFO - DAG(s) 'example_short_circuit_decorator' retrieved from /home/bharat/.local/lib/python3.11/site-packages/airflow/example_dags/example_short_circuit_decorator.py
[2024-07-01T18:04:00.610+0530] {logging_mixin.py:188} INFO - [2024-07-01T18:04:00.610+0530] {dag.py:3096} INFO - Sync 1 DAGs
[2024-07-01T18:04:00.618+0530] {logging_mixin.py:188} INFO - [2024-07-01T18:04:00.618+0530] {dag.py:3954} INFO - Setting next_dagrun for example_short_circuit_decorator to 2024-06-30 00:00:00+00:00, run_after=2024-07-01 00:00:00+00:00
[2024-07-01T18:04:00.627+0530] {processor.py:183} INFO - Processing /home/bharat/.local/lib/python3.11/site-packages/airflow/example_dags/example_short_circuit_decorator.py took 0.041 seconds
[2024-07-01T18:04:54.405+0530] {processor.py:161} INFO - Started process (PID=13903) to work on /home/bharat/.local/lib/python3.11/site-packages/airflow/example_dags/example_short_circuit_decorator.py
[2024-07-01T18:04:54.406+0530] {processor.py:830} INFO - Processing file /home/bharat/.local/lib/python3.11/site-packages/airflow/example_dags/example_short_circuit_decorator.py for tasks to queue
[2024-07-01T18:04:54.407+0530] {logging_mixin.py:188} INFO - [2024-07-01T18:04:54.407+0530] {dagbag.py:545} INFO - Filling up the DagBag from /home/bharat/.local/lib/python3.11/site-packages/airflow/example_dags/example_short_circuit_decorator.py
[2024-07-01T18:04:54.412+0530] {processor.py:840} INFO - DAG(s) 'example_short_circuit_decorator' retrieved from /home/bharat/.local/lib/python3.11/site-packages/airflow/example_dags/example_short_circuit_decorator.py
[2024-07-01T18:04:54.419+0530] {logging_mixin.py:188} INFO - [2024-07-01T18:04:54.419+0530] {dag.py:3096} INFO - Sync 1 DAGs
[2024-07-01T18:04:54.426+0530] {logging_mixin.py:188} INFO - [2024-07-01T18:04:54.426+0530] {dag.py:3954} INFO - Setting next_dagrun for example_short_circuit_decorator to 2024-06-30 00:00:00+00:00, run_after=2024-07-01 00:00:00+00:00
[2024-07-01T18:04:54.436+0530] {processor.py:183} INFO - Processing /home/bharat/.local/lib/python3.11/site-packages/airflow/example_dags/example_short_circuit_decorator.py took 0.038 seconds
[2024-07-01T18:05:45.195+0530] {processor.py:161} INFO - Started process (PID=13985) to work on /home/bharat/.local/lib/python3.11/site-packages/airflow/example_dags/example_short_circuit_decorator.py
[2024-07-01T18:05:45.195+0530] {processor.py:830} INFO - Processing file /home/bharat/.local/lib/python3.11/site-packages/airflow/example_dags/example_short_circuit_decorator.py for tasks to queue
[2024-07-01T18:05:45.196+0530] {logging_mixin.py:188} INFO - [2024-07-01T18:05:45.196+0530] {dagbag.py:545} INFO - Filling up the DagBag from /home/bharat/.local/lib/python3.11/site-packages/airflow/example_dags/example_short_circuit_decorator.py
[2024-07-01T18:05:45.200+0530] {processor.py:840} INFO - DAG(s) 'example_short_circuit_decorator' retrieved from /home/bharat/.local/lib/python3.11/site-packages/airflow/example_dags/example_short_circuit_decorator.py
[2024-07-01T18:05:45.207+0530] {logging_mixin.py:188} INFO - [2024-07-01T18:05:45.206+0530] {dag.py:3096} INFO - Sync 1 DAGs
[2024-07-01T18:05:45.214+0530] {logging_mixin.py:188} INFO - [2024-07-01T18:05:45.214+0530] {dag.py:3954} INFO - Setting next_dagrun for example_short_circuit_decorator to 2024-06-30 00:00:00+00:00, run_after=2024-07-01 00:00:00+00:00
[2024-07-01T18:05:45.223+0530] {processor.py:183} INFO - Processing /home/bharat/.local/lib/python3.11/site-packages/airflow/example_dags/example_short_circuit_decorator.py took 0.031 seconds
[2024-07-01T18:06:34.338+0530] {processor.py:161} INFO - Started process (PID=14065) to work on /home/bharat/.local/lib/python3.11/site-packages/airflow/example_dags/example_short_circuit_decorator.py
[2024-07-01T18:06:34.339+0530] {processor.py:830} INFO - Processing file /home/bharat/.local/lib/python3.11/site-packages/airflow/example_dags/example_short_circuit_decorator.py for tasks to queue
[2024-07-01T18:06:34.340+0530] {logging_mixin.py:188} INFO - [2024-07-01T18:06:34.339+0530] {dagbag.py:545} INFO - Filling up the DagBag from /home/bharat/.local/lib/python3.11/site-packages/airflow/example_dags/example_short_circuit_decorator.py
[2024-07-01T18:06:34.343+0530] {processor.py:840} INFO - DAG(s) 'example_short_circuit_decorator' retrieved from /home/bharat/.local/lib/python3.11/site-packages/airflow/example_dags/example_short_circuit_decorator.py
[2024-07-01T18:06:34.356+0530] {logging_mixin.py:188} INFO - [2024-07-01T18:06:34.356+0530] {dag.py:3096} INFO - Sync 1 DAGs
[2024-07-01T18:06:34.363+0530] {logging_mixin.py:188} INFO - [2024-07-01T18:06:34.363+0530] {dag.py:3954} INFO - Setting next_dagrun for example_short_circuit_decorator to 2024-06-30 00:00:00+00:00, run_after=2024-07-01 00:00:00+00:00
[2024-07-01T18:06:34.373+0530] {processor.py:183} INFO - Processing /home/bharat/.local/lib/python3.11/site-packages/airflow/example_dags/example_short_circuit_decorator.py took 0.040 seconds
[2024-07-01T18:07:27.343+0530] {processor.py:161} INFO - Started process (PID=14139) to work on /home/bharat/.local/lib/python3.11/site-packages/airflow/example_dags/example_short_circuit_decorator.py
[2024-07-01T18:07:27.343+0530] {processor.py:830} INFO - Processing file /home/bharat/.local/lib/python3.11/site-packages/airflow/example_dags/example_short_circuit_decorator.py for tasks to queue
[2024-07-01T18:07:27.344+0530] {logging_mixin.py:188} INFO - [2024-07-01T18:07:27.344+0530] {dagbag.py:545} INFO - Filling up the DagBag from /home/bharat/.local/lib/python3.11/site-packages/airflow/example_dags/example_short_circuit_decorator.py
[2024-07-01T18:07:27.349+0530] {processor.py:840} INFO - DAG(s) 'example_short_circuit_decorator' retrieved from /home/bharat/.local/lib/python3.11/site-packages/airflow/example_dags/example_short_circuit_decorator.py
[2024-07-01T18:07:27.355+0530] {logging_mixin.py:188} INFO - [2024-07-01T18:07:27.355+0530] {dag.py:3096} INFO - Sync 1 DAGs
[2024-07-01T18:07:27.362+0530] {logging_mixin.py:188} INFO - [2024-07-01T18:07:27.362+0530] {dag.py:3954} INFO - Setting next_dagrun for example_short_circuit_decorator to 2024-06-30 00:00:00+00:00, run_after=2024-07-01 00:00:00+00:00
[2024-07-01T18:07:27.371+0530] {processor.py:183} INFO - Processing /home/bharat/.local/lib/python3.11/site-packages/airflow/example_dags/example_short_circuit_decorator.py took 0.034 seconds
[2024-07-01T18:08:16.871+0530] {processor.py:161} INFO - Started process (PID=14239) to work on /home/bharat/.local/lib/python3.11/site-packages/airflow/example_dags/example_short_circuit_decorator.py
[2024-07-01T18:08:16.871+0530] {processor.py:830} INFO - Processing file /home/bharat/.local/lib/python3.11/site-packages/airflow/example_dags/example_short_circuit_decorator.py for tasks to queue
[2024-07-01T18:08:16.872+0530] {logging_mixin.py:188} INFO - [2024-07-01T18:08:16.872+0530] {dagbag.py:545} INFO - Filling up the DagBag from /home/bharat/.local/lib/python3.11/site-packages/airflow/example_dags/example_short_circuit_decorator.py
[2024-07-01T18:08:16.876+0530] {processor.py:840} INFO - DAG(s) 'example_short_circuit_decorator' retrieved from /home/bharat/.local/lib/python3.11/site-packages/airflow/example_dags/example_short_circuit_decorator.py
[2024-07-01T18:08:16.883+0530] {logging_mixin.py:188} INFO - [2024-07-01T18:08:16.882+0530] {dag.py:3096} INFO - Sync 1 DAGs
[2024-07-01T18:08:16.890+0530] {logging_mixin.py:188} INFO - [2024-07-01T18:08:16.889+0530] {dag.py:3954} INFO - Setting next_dagrun for example_short_circuit_decorator to 2024-06-30 00:00:00+00:00, run_after=2024-07-01 00:00:00+00:00
[2024-07-01T18:08:16.899+0530] {processor.py:183} INFO - Processing /home/bharat/.local/lib/python3.11/site-packages/airflow/example_dags/example_short_circuit_decorator.py took 0.034 seconds
[2024-07-01T18:09:08.700+0530] {processor.py:161} INFO - Started process (PID=14399) to work on /home/bharat/.local/lib/python3.11/site-packages/airflow/example_dags/example_short_circuit_decorator.py
[2024-07-01T18:09:08.700+0530] {processor.py:830} INFO - Processing file /home/bharat/.local/lib/python3.11/site-packages/airflow/example_dags/example_short_circuit_decorator.py for tasks to queue
[2024-07-01T18:09:08.702+0530] {logging_mixin.py:188} INFO - [2024-07-01T18:09:08.701+0530] {dagbag.py:545} INFO - Filling up the DagBag from /home/bharat/.local/lib/python3.11/site-packages/airflow/example_dags/example_short_circuit_decorator.py
[2024-07-01T18:09:08.709+0530] {processor.py:840} INFO - DAG(s) 'example_short_circuit_decorator' retrieved from /home/bharat/.local/lib/python3.11/site-packages/airflow/example_dags/example_short_circuit_decorator.py
[2024-07-01T18:09:08.718+0530] {logging_mixin.py:188} INFO - [2024-07-01T18:09:08.718+0530] {dag.py:3096} INFO - Sync 1 DAGs
[2024-07-01T18:09:08.725+0530] {logging_mixin.py:188} INFO - [2024-07-01T18:09:08.725+0530] {dag.py:3954} INFO - Setting next_dagrun for example_short_circuit_decorator to 2024-06-30 00:00:00+00:00, run_after=2024-07-01 00:00:00+00:00
[2024-07-01T18:09:08.734+0530] {processor.py:183} INFO - Processing /home/bharat/.local/lib/python3.11/site-packages/airflow/example_dags/example_short_circuit_decorator.py took 0.041 seconds
[2024-07-01T18:10:02.933+0530] {processor.py:161} INFO - Started process (PID=14481) to work on /home/bharat/.local/lib/python3.11/site-packages/airflow/example_dags/example_short_circuit_decorator.py
[2024-07-01T18:10:02.934+0530] {processor.py:830} INFO - Processing file /home/bharat/.local/lib/python3.11/site-packages/airflow/example_dags/example_short_circuit_decorator.py for tasks to queue
[2024-07-01T18:10:02.935+0530] {logging_mixin.py:188} INFO - [2024-07-01T18:10:02.935+0530] {dagbag.py:545} INFO - Filling up the DagBag from /home/bharat/.local/lib/python3.11/site-packages/airflow/example_dags/example_short_circuit_decorator.py
[2024-07-01T18:10:02.943+0530] {processor.py:840} INFO - DAG(s) 'example_short_circuit_decorator' retrieved from /home/bharat/.local/lib/python3.11/site-packages/airflow/example_dags/example_short_circuit_decorator.py
[2024-07-01T18:10:02.951+0530] {logging_mixin.py:188} INFO - [2024-07-01T18:10:02.951+0530] {dag.py:3096} INFO - Sync 1 DAGs
[2024-07-01T18:10:02.962+0530] {logging_mixin.py:188} INFO - [2024-07-01T18:10:02.962+0530] {dag.py:3954} INFO - Setting next_dagrun for example_short_circuit_decorator to 2024-06-30 00:00:00+00:00, run_after=2024-07-01 00:00:00+00:00
[2024-07-01T18:10:02.972+0530] {processor.py:183} INFO - Processing /home/bharat/.local/lib/python3.11/site-packages/airflow/example_dags/example_short_circuit_decorator.py took 0.044 seconds
[2024-07-01T18:10:54.304+0530] {processor.py:161} INFO - Started process (PID=14578) to work on /home/bharat/.local/lib/python3.11/site-packages/airflow/example_dags/example_short_circuit_decorator.py
[2024-07-01T18:10:54.304+0530] {processor.py:830} INFO - Processing file /home/bharat/.local/lib/python3.11/site-packages/airflow/example_dags/example_short_circuit_decorator.py for tasks to queue
[2024-07-01T18:10:54.305+0530] {logging_mixin.py:188} INFO - [2024-07-01T18:10:54.305+0530] {dagbag.py:545} INFO - Filling up the DagBag from /home/bharat/.local/lib/python3.11/site-packages/airflow/example_dags/example_short_circuit_decorator.py
[2024-07-01T18:10:54.309+0530] {processor.py:840} INFO - DAG(s) 'example_short_circuit_decorator' retrieved from /home/bharat/.local/lib/python3.11/site-packages/airflow/example_dags/example_short_circuit_decorator.py
[2024-07-01T18:10:54.316+0530] {logging_mixin.py:188} INFO - [2024-07-01T18:10:54.316+0530] {dag.py:3096} INFO - Sync 1 DAGs
[2024-07-01T18:10:54.323+0530] {logging_mixin.py:188} INFO - [2024-07-01T18:10:54.323+0530] {dag.py:3954} INFO - Setting next_dagrun for example_short_circuit_decorator to 2024-06-30 00:00:00+00:00, run_after=2024-07-01 00:00:00+00:00
[2024-07-01T18:10:54.335+0530] {processor.py:183} INFO - Processing /home/bharat/.local/lib/python3.11/site-packages/airflow/example_dags/example_short_circuit_decorator.py took 0.037 seconds
[2024-07-01T18:11:46.944+0530] {processor.py:161} INFO - Started process (PID=14710) to work on /home/bharat/.local/lib/python3.11/site-packages/airflow/example_dags/example_short_circuit_decorator.py
[2024-07-01T18:11:46.945+0530] {processor.py:830} INFO - Processing file /home/bharat/.local/lib/python3.11/site-packages/airflow/example_dags/example_short_circuit_decorator.py for tasks to queue
[2024-07-01T18:11:46.947+0530] {logging_mixin.py:188} INFO - [2024-07-01T18:11:46.947+0530] {dagbag.py:545} INFO - Filling up the DagBag from /home/bharat/.local/lib/python3.11/site-packages/airflow/example_dags/example_short_circuit_decorator.py
[2024-07-01T18:11:46.961+0530] {processor.py:840} INFO - DAG(s) 'example_short_circuit_decorator' retrieved from /home/bharat/.local/lib/python3.11/site-packages/airflow/example_dags/example_short_circuit_decorator.py
[2024-07-01T18:11:46.972+0530] {logging_mixin.py:188} INFO - [2024-07-01T18:11:46.971+0530] {dag.py:3096} INFO - Sync 1 DAGs
[2024-07-01T18:11:46.979+0530] {logging_mixin.py:188} INFO - [2024-07-01T18:11:46.979+0530] {dag.py:3954} INFO - Setting next_dagrun for example_short_circuit_decorator to 2024-06-30 00:00:00+00:00, run_after=2024-07-01 00:00:00+00:00
[2024-07-01T18:11:46.989+0530] {processor.py:183} INFO - Processing /home/bharat/.local/lib/python3.11/site-packages/airflow/example_dags/example_short_circuit_decorator.py took 0.054 seconds
[2024-07-01T18:12:37.051+0530] {processor.py:161} INFO - Started process (PID=14984) to work on /home/bharat/.local/lib/python3.11/site-packages/airflow/example_dags/example_short_circuit_decorator.py
[2024-07-01T18:12:37.053+0530] {processor.py:830} INFO - Processing file /home/bharat/.local/lib/python3.11/site-packages/airflow/example_dags/example_short_circuit_decorator.py for tasks to queue
[2024-07-01T18:12:37.054+0530] {logging_mixin.py:188} INFO - [2024-07-01T18:12:37.054+0530] {dagbag.py:545} INFO - Filling up the DagBag from /home/bharat/.local/lib/python3.11/site-packages/airflow/example_dags/example_short_circuit_decorator.py
[2024-07-01T18:12:37.057+0530] {processor.py:840} INFO - DAG(s) 'example_short_circuit_decorator' retrieved from /home/bharat/.local/lib/python3.11/site-packages/airflow/example_dags/example_short_circuit_decorator.py
[2024-07-01T18:12:37.064+0530] {logging_mixin.py:188} INFO - [2024-07-01T18:12:37.064+0530] {dag.py:3096} INFO - Sync 1 DAGs
[2024-07-01T18:12:37.071+0530] {logging_mixin.py:188} INFO - [2024-07-01T18:12:37.071+0530] {dag.py:3954} INFO - Setting next_dagrun for example_short_circuit_decorator to 2024-06-30 00:00:00+00:00, run_after=2024-07-01 00:00:00+00:00
[2024-07-01T18:12:37.081+0530] {processor.py:183} INFO - Processing /home/bharat/.local/lib/python3.11/site-packages/airflow/example_dags/example_short_circuit_decorator.py took 0.039 seconds
