[2024-07-01T17:48:21.576+0530] {processor.py:161} INFO - Started process (PID=10992) to work on /home/bharat/.local/lib/python3.11/site-packages/airflow/example_dags/example_sensor_decorator.py
[2024-07-01T17:48:21.577+0530] {processor.py:830} INFO - Processing file /home/bharat/.local/lib/python3.11/site-packages/airflow/example_dags/example_sensor_decorator.py for tasks to queue
[2024-07-01T17:48:21.578+0530] {logging_mixin.py:188} INFO - [2024-07-01T17:48:21.578+0530] {dagbag.py:545} INFO - Filling up the DagBag from /home/bharat/.local/lib/python3.11/site-packages/airflow/example_dags/example_sensor_decorator.py
[2024-07-01T17:48:21.585+0530] {processor.py:840} INFO - DAG(s) 'example_sensor_decorator' retrieved from /home/bharat/.local/lib/python3.11/site-packages/airflow/example_dags/example_sensor_decorator.py
[2024-07-01T17:48:21.627+0530] {logging_mixin.py:188} INFO - [2024-07-01T17:48:21.627+0530] {dag.py:3096} INFO - Sync 1 DAGs
[2024-07-01T17:48:21.631+0530] {logging_mixin.py:188} INFO - [2024-07-01T17:48:21.630+0530] {dag.py:3954} INFO - Setting next_dagrun for example_sensor_decorator to None, run_after=None
[2024-07-01T17:48:21.641+0530] {processor.py:183} INFO - Processing /home/bharat/.local/lib/python3.11/site-packages/airflow/example_dags/example_sensor_decorator.py took 0.073 seconds
[2024-07-01T17:49:28.881+0530] {processor.py:161} INFO - Started process (PID=11374) to work on /home/bharat/.local/lib/python3.11/site-packages/airflow/example_dags/example_sensor_decorator.py
[2024-07-01T17:49:28.882+0530] {processor.py:830} INFO - Processing file /home/bharat/.local/lib/python3.11/site-packages/airflow/example_dags/example_sensor_decorator.py for tasks to queue
[2024-07-01T17:49:28.883+0530] {logging_mixin.py:188} INFO - [2024-07-01T17:49:28.882+0530] {dagbag.py:545} INFO - Filling up the DagBag from /home/bharat/.local/lib/python3.11/site-packages/airflow/example_dags/example_sensor_decorator.py
[2024-07-01T17:49:28.885+0530] {processor.py:840} INFO - DAG(s) 'example_sensor_decorator' retrieved from /home/bharat/.local/lib/python3.11/site-packages/airflow/example_dags/example_sensor_decorator.py
[2024-07-01T17:49:28.891+0530] {logging_mixin.py:188} INFO - [2024-07-01T17:49:28.891+0530] {dag.py:3096} INFO - Sync 1 DAGs
[2024-07-01T17:49:28.940+0530] {logging_mixin.py:188} INFO - [2024-07-01T17:49:28.940+0530] {dag.py:3954} INFO - Setting next_dagrun for example_sensor_decorator to None, run_after=None
[2024-07-01T17:49:28.949+0530] {processor.py:183} INFO - Processing /home/bharat/.local/lib/python3.11/site-packages/airflow/example_dags/example_sensor_decorator.py took 0.071 seconds
[2024-07-01T17:50:25.340+0530] {processor.py:161} INFO - Started process (PID=11452) to work on /home/bharat/.local/lib/python3.11/site-packages/airflow/example_dags/example_sensor_decorator.py
[2024-07-01T17:50:25.340+0530] {processor.py:830} INFO - Processing file /home/bharat/.local/lib/python3.11/site-packages/airflow/example_dags/example_sensor_decorator.py for tasks to queue
[2024-07-01T17:50:25.341+0530] {logging_mixin.py:188} INFO - [2024-07-01T17:50:25.341+0530] {dagbag.py:545} INFO - Filling up the DagBag from /home/bharat/.local/lib/python3.11/site-packages/airflow/example_dags/example_sensor_decorator.py
[2024-07-01T17:50:25.344+0530] {processor.py:840} INFO - DAG(s) 'example_sensor_decorator' retrieved from /home/bharat/.local/lib/python3.11/site-packages/airflow/example_dags/example_sensor_decorator.py
[2024-07-01T17:50:25.349+0530] {logging_mixin.py:188} INFO - [2024-07-01T17:50:25.349+0530] {dag.py:3096} INFO - Sync 1 DAGs
[2024-07-01T17:50:25.354+0530] {logging_mixin.py:188} INFO - [2024-07-01T17:50:25.354+0530] {dag.py:3954} INFO - Setting next_dagrun for example_sensor_decorator to None, run_after=None
[2024-07-01T17:50:25.364+0530] {processor.py:183} INFO - Processing /home/bharat/.local/lib/python3.11/site-packages/airflow/example_dags/example_sensor_decorator.py took 0.027 seconds
[2024-07-01T17:51:15.652+0530] {processor.py:161} INFO - Started process (PID=11618) to work on /home/bharat/.local/lib/python3.11/site-packages/airflow/example_dags/example_sensor_decorator.py
[2024-07-01T17:51:15.653+0530] {processor.py:830} INFO - Processing file /home/bharat/.local/lib/python3.11/site-packages/airflow/example_dags/example_sensor_decorator.py for tasks to queue
[2024-07-01T17:51:15.653+0530] {logging_mixin.py:188} INFO - [2024-07-01T17:51:15.653+0530] {dagbag.py:545} INFO - Filling up the DagBag from /home/bharat/.local/lib/python3.11/site-packages/airflow/example_dags/example_sensor_decorator.py
[2024-07-01T17:51:15.656+0530] {processor.py:840} INFO - DAG(s) 'example_sensor_decorator' retrieved from /home/bharat/.local/lib/python3.11/site-packages/airflow/example_dags/example_sensor_decorator.py
[2024-07-01T17:51:15.662+0530] {logging_mixin.py:188} INFO - [2024-07-01T17:51:15.662+0530] {dag.py:3096} INFO - Sync 1 DAGs
[2024-07-01T17:51:15.670+0530] {logging_mixin.py:188} INFO - [2024-07-01T17:51:15.670+0530] {dag.py:3954} INFO - Setting next_dagrun for example_sensor_decorator to None, run_after=None
[2024-07-01T17:51:15.680+0530] {processor.py:183} INFO - Processing /home/bharat/.local/lib/python3.11/site-packages/airflow/example_dags/example_sensor_decorator.py took 0.031 seconds
[2024-07-01T17:52:26.517+0530] {processor.py:161} INFO - Started process (PID=12033) to work on /home/bharat/.local/lib/python3.11/site-packages/airflow/example_dags/example_sensor_decorator.py
[2024-07-01T17:52:26.518+0530] {processor.py:830} INFO - Processing file /home/bharat/.local/lib/python3.11/site-packages/airflow/example_dags/example_sensor_decorator.py for tasks to queue
[2024-07-01T17:52:26.521+0530] {logging_mixin.py:188} INFO - [2024-07-01T17:52:26.520+0530] {dagbag.py:545} INFO - Filling up the DagBag from /home/bharat/.local/lib/python3.11/site-packages/airflow/example_dags/example_sensor_decorator.py
[2024-07-01T17:52:26.527+0530] {processor.py:840} INFO - DAG(s) 'example_sensor_decorator' retrieved from /home/bharat/.local/lib/python3.11/site-packages/airflow/example_dags/example_sensor_decorator.py
[2024-07-01T17:52:26.534+0530] {logging_mixin.py:188} INFO - [2024-07-01T17:52:26.534+0530] {dag.py:3096} INFO - Sync 1 DAGs
[2024-07-01T17:52:26.539+0530] {logging_mixin.py:188} INFO - [2024-07-01T17:52:26.539+0530] {dag.py:3954} INFO - Setting next_dagrun for example_sensor_decorator to None, run_after=None
[2024-07-01T17:52:26.548+0530] {processor.py:183} INFO - Processing /home/bharat/.local/lib/python3.11/site-packages/airflow/example_dags/example_sensor_decorator.py took 0.040 seconds
[2024-07-01T17:53:22.404+0530] {processor.py:161} INFO - Started process (PID=12139) to work on /home/bharat/.local/lib/python3.11/site-packages/airflow/example_dags/example_sensor_decorator.py
[2024-07-01T17:53:22.404+0530] {processor.py:830} INFO - Processing file /home/bharat/.local/lib/python3.11/site-packages/airflow/example_dags/example_sensor_decorator.py for tasks to queue
[2024-07-01T17:53:22.405+0530] {logging_mixin.py:188} INFO - [2024-07-01T17:53:22.405+0530] {dagbag.py:545} INFO - Filling up the DagBag from /home/bharat/.local/lib/python3.11/site-packages/airflow/example_dags/example_sensor_decorator.py
[2024-07-01T17:53:22.408+0530] {processor.py:840} INFO - DAG(s) 'example_sensor_decorator' retrieved from /home/bharat/.local/lib/python3.11/site-packages/airflow/example_dags/example_sensor_decorator.py
[2024-07-01T17:53:22.413+0530] {logging_mixin.py:188} INFO - [2024-07-01T17:53:22.413+0530] {dag.py:3096} INFO - Sync 1 DAGs
[2024-07-01T17:53:22.418+0530] {logging_mixin.py:188} INFO - [2024-07-01T17:53:22.418+0530] {dag.py:3954} INFO - Setting next_dagrun for example_sensor_decorator to None, run_after=None
[2024-07-01T17:53:22.431+0530] {processor.py:183} INFO - Processing /home/bharat/.local/lib/python3.11/site-packages/airflow/example_dags/example_sensor_decorator.py took 0.031 seconds
[2024-07-01T17:54:30.943+0530] {processor.py:161} INFO - Started process (PID=12530) to work on /home/bharat/.local/lib/python3.11/site-packages/airflow/example_dags/example_sensor_decorator.py
[2024-07-01T17:54:30.943+0530] {processor.py:830} INFO - Processing file /home/bharat/.local/lib/python3.11/site-packages/airflow/example_dags/example_sensor_decorator.py for tasks to queue
[2024-07-01T17:54:30.944+0530] {logging_mixin.py:188} INFO - [2024-07-01T17:54:30.944+0530] {dagbag.py:545} INFO - Filling up the DagBag from /home/bharat/.local/lib/python3.11/site-packages/airflow/example_dags/example_sensor_decorator.py
[2024-07-01T17:54:30.946+0530] {processor.py:840} INFO - DAG(s) 'example_sensor_decorator' retrieved from /home/bharat/.local/lib/python3.11/site-packages/airflow/example_dags/example_sensor_decorator.py
[2024-07-01T17:54:30.952+0530] {logging_mixin.py:188} INFO - [2024-07-01T17:54:30.952+0530] {dag.py:3096} INFO - Sync 1 DAGs
[2024-07-01T17:54:30.959+0530] {logging_mixin.py:188} INFO - [2024-07-01T17:54:30.959+0530] {dag.py:3954} INFO - Setting next_dagrun for example_sensor_decorator to None, run_after=None
[2024-07-01T17:54:30.973+0530] {processor.py:183} INFO - Processing /home/bharat/.local/lib/python3.11/site-packages/airflow/example_dags/example_sensor_decorator.py took 0.034 seconds
[2024-07-01T17:55:26.634+0530] {processor.py:161} INFO - Started process (PID=12613) to work on /home/bharat/.local/lib/python3.11/site-packages/airflow/example_dags/example_sensor_decorator.py
[2024-07-01T17:55:26.635+0530] {processor.py:830} INFO - Processing file /home/bharat/.local/lib/python3.11/site-packages/airflow/example_dags/example_sensor_decorator.py for tasks to queue
[2024-07-01T17:55:26.636+0530] {logging_mixin.py:188} INFO - [2024-07-01T17:55:26.636+0530] {dagbag.py:545} INFO - Filling up the DagBag from /home/bharat/.local/lib/python3.11/site-packages/airflow/example_dags/example_sensor_decorator.py
[2024-07-01T17:55:26.639+0530] {processor.py:840} INFO - DAG(s) 'example_sensor_decorator' retrieved from /home/bharat/.local/lib/python3.11/site-packages/airflow/example_dags/example_sensor_decorator.py
[2024-07-01T17:55:26.645+0530] {logging_mixin.py:188} INFO - [2024-07-01T17:55:26.645+0530] {dag.py:3096} INFO - Sync 1 DAGs
[2024-07-01T17:55:26.650+0530] {logging_mixin.py:188} INFO - [2024-07-01T17:55:26.649+0530] {dag.py:3954} INFO - Setting next_dagrun for example_sensor_decorator to None, run_after=None
[2024-07-01T17:55:26.659+0530] {processor.py:183} INFO - Processing /home/bharat/.local/lib/python3.11/site-packages/airflow/example_dags/example_sensor_decorator.py took 0.032 seconds
[2024-07-01T17:56:16.904+0530] {processor.py:161} INFO - Started process (PID=12690) to work on /home/bharat/.local/lib/python3.11/site-packages/airflow/example_dags/example_sensor_decorator.py
[2024-07-01T17:56:16.905+0530] {processor.py:830} INFO - Processing file /home/bharat/.local/lib/python3.11/site-packages/airflow/example_dags/example_sensor_decorator.py for tasks to queue
[2024-07-01T17:56:16.905+0530] {logging_mixin.py:188} INFO - [2024-07-01T17:56:16.905+0530] {dagbag.py:545} INFO - Filling up the DagBag from /home/bharat/.local/lib/python3.11/site-packages/airflow/example_dags/example_sensor_decorator.py
[2024-07-01T17:56:16.908+0530] {processor.py:840} INFO - DAG(s) 'example_sensor_decorator' retrieved from /home/bharat/.local/lib/python3.11/site-packages/airflow/example_dags/example_sensor_decorator.py
[2024-07-01T17:56:16.914+0530] {logging_mixin.py:188} INFO - [2024-07-01T17:56:16.914+0530] {dag.py:3096} INFO - Sync 1 DAGs
[2024-07-01T17:56:16.918+0530] {logging_mixin.py:188} INFO - [2024-07-01T17:56:16.918+0530] {dag.py:3954} INFO - Setting next_dagrun for example_sensor_decorator to None, run_after=None
[2024-07-01T17:56:16.928+0530] {processor.py:183} INFO - Processing /home/bharat/.local/lib/python3.11/site-packages/airflow/example_dags/example_sensor_decorator.py took 0.029 seconds
[2024-07-01T17:57:10.877+0530] {processor.py:161} INFO - Started process (PID=12765) to work on /home/bharat/.local/lib/python3.11/site-packages/airflow/example_dags/example_sensor_decorator.py
[2024-07-01T17:57:10.877+0530] {processor.py:830} INFO - Processing file /home/bharat/.local/lib/python3.11/site-packages/airflow/example_dags/example_sensor_decorator.py for tasks to queue
[2024-07-01T17:57:10.878+0530] {logging_mixin.py:188} INFO - [2024-07-01T17:57:10.878+0530] {dagbag.py:545} INFO - Filling up the DagBag from /home/bharat/.local/lib/python3.11/site-packages/airflow/example_dags/example_sensor_decorator.py
[2024-07-01T17:57:10.880+0530] {processor.py:840} INFO - DAG(s) 'example_sensor_decorator' retrieved from /home/bharat/.local/lib/python3.11/site-packages/airflow/example_dags/example_sensor_decorator.py
[2024-07-01T17:57:10.886+0530] {logging_mixin.py:188} INFO - [2024-07-01T17:57:10.886+0530] {dag.py:3096} INFO - Sync 1 DAGs
[2024-07-01T17:57:10.891+0530] {logging_mixin.py:188} INFO - [2024-07-01T17:57:10.891+0530] {dag.py:3954} INFO - Setting next_dagrun for example_sensor_decorator to None, run_after=None
[2024-07-01T17:57:10.903+0530] {processor.py:183} INFO - Processing /home/bharat/.local/lib/python3.11/site-packages/airflow/example_dags/example_sensor_decorator.py took 0.032 seconds
[2024-07-01T17:58:04.314+0530] {processor.py:161} INFO - Started process (PID=12837) to work on /home/bharat/.local/lib/python3.11/site-packages/airflow/example_dags/example_sensor_decorator.py
[2024-07-01T17:58:04.315+0530] {processor.py:830} INFO - Processing file /home/bharat/.local/lib/python3.11/site-packages/airflow/example_dags/example_sensor_decorator.py for tasks to queue
[2024-07-01T17:58:04.316+0530] {logging_mixin.py:188} INFO - [2024-07-01T17:58:04.315+0530] {dagbag.py:545} INFO - Filling up the DagBag from /home/bharat/.local/lib/python3.11/site-packages/airflow/example_dags/example_sensor_decorator.py
[2024-07-01T17:58:04.318+0530] {processor.py:840} INFO - DAG(s) 'example_sensor_decorator' retrieved from /home/bharat/.local/lib/python3.11/site-packages/airflow/example_dags/example_sensor_decorator.py
[2024-07-01T17:58:04.324+0530] {logging_mixin.py:188} INFO - [2024-07-01T17:58:04.324+0530] {dag.py:3096} INFO - Sync 1 DAGs
[2024-07-01T17:58:04.328+0530] {logging_mixin.py:188} INFO - [2024-07-01T17:58:04.328+0530] {dag.py:3954} INFO - Setting next_dagrun for example_sensor_decorator to None, run_after=None
[2024-07-01T17:58:04.338+0530] {processor.py:183} INFO - Processing /home/bharat/.local/lib/python3.11/site-packages/airflow/example_dags/example_sensor_decorator.py took 0.026 seconds
[2024-07-01T17:58:54.858+0530] {processor.py:161} INFO - Started process (PID=12937) to work on /home/bharat/.local/lib/python3.11/site-packages/airflow/example_dags/example_sensor_decorator.py
[2024-07-01T17:58:54.859+0530] {processor.py:830} INFO - Processing file /home/bharat/.local/lib/python3.11/site-packages/airflow/example_dags/example_sensor_decorator.py for tasks to queue
[2024-07-01T17:58:54.860+0530] {logging_mixin.py:188} INFO - [2024-07-01T17:58:54.860+0530] {dagbag.py:545} INFO - Filling up the DagBag from /home/bharat/.local/lib/python3.11/site-packages/airflow/example_dags/example_sensor_decorator.py
[2024-07-01T17:58:54.864+0530] {processor.py:840} INFO - DAG(s) 'example_sensor_decorator' retrieved from /home/bharat/.local/lib/python3.11/site-packages/airflow/example_dags/example_sensor_decorator.py
[2024-07-01T17:58:54.870+0530] {logging_mixin.py:188} INFO - [2024-07-01T17:58:54.870+0530] {dag.py:3096} INFO - Sync 1 DAGs
[2024-07-01T17:58:54.874+0530] {logging_mixin.py:188} INFO - [2024-07-01T17:58:54.874+0530] {dag.py:3954} INFO - Setting next_dagrun for example_sensor_decorator to None, run_after=None
[2024-07-01T17:58:54.883+0530] {processor.py:183} INFO - Processing /home/bharat/.local/lib/python3.11/site-packages/airflow/example_dags/example_sensor_decorator.py took 0.032 seconds
[2024-07-01T17:59:46.142+0530] {processor.py:161} INFO - Started process (PID=13009) to work on /home/bharat/.local/lib/python3.11/site-packages/airflow/example_dags/example_sensor_decorator.py
[2024-07-01T17:59:46.143+0530] {processor.py:830} INFO - Processing file /home/bharat/.local/lib/python3.11/site-packages/airflow/example_dags/example_sensor_decorator.py for tasks to queue
[2024-07-01T17:59:46.145+0530] {logging_mixin.py:188} INFO - [2024-07-01T17:59:46.144+0530] {dagbag.py:545} INFO - Filling up the DagBag from /home/bharat/.local/lib/python3.11/site-packages/airflow/example_dags/example_sensor_decorator.py
[2024-07-01T17:59:46.149+0530] {processor.py:840} INFO - DAG(s) 'example_sensor_decorator' retrieved from /home/bharat/.local/lib/python3.11/site-packages/airflow/example_dags/example_sensor_decorator.py
[2024-07-01T17:59:46.155+0530] {logging_mixin.py:188} INFO - [2024-07-01T17:59:46.155+0530] {dag.py:3096} INFO - Sync 1 DAGs
[2024-07-01T17:59:46.159+0530] {logging_mixin.py:188} INFO - [2024-07-01T17:59:46.159+0530] {dag.py:3954} INFO - Setting next_dagrun for example_sensor_decorator to None, run_after=None
[2024-07-01T17:59:46.168+0530] {processor.py:183} INFO - Processing /home/bharat/.local/lib/python3.11/site-packages/airflow/example_dags/example_sensor_decorator.py took 0.033 seconds
[2024-07-01T18:00:38.731+0530] {processor.py:161} INFO - Started process (PID=13087) to work on /home/bharat/.local/lib/python3.11/site-packages/airflow/example_dags/example_sensor_decorator.py
[2024-07-01T18:00:38.732+0530] {processor.py:830} INFO - Processing file /home/bharat/.local/lib/python3.11/site-packages/airflow/example_dags/example_sensor_decorator.py for tasks to queue
[2024-07-01T18:00:38.733+0530] {logging_mixin.py:188} INFO - [2024-07-01T18:00:38.733+0530] {dagbag.py:545} INFO - Filling up the DagBag from /home/bharat/.local/lib/python3.11/site-packages/airflow/example_dags/example_sensor_decorator.py
[2024-07-01T18:00:38.739+0530] {processor.py:840} INFO - DAG(s) 'example_sensor_decorator' retrieved from /home/bharat/.local/lib/python3.11/site-packages/airflow/example_dags/example_sensor_decorator.py
[2024-07-01T18:00:38.746+0530] {logging_mixin.py:188} INFO - [2024-07-01T18:00:38.746+0530] {dag.py:3096} INFO - Sync 1 DAGs
[2024-07-01T18:00:38.750+0530] {logging_mixin.py:188} INFO - [2024-07-01T18:00:38.750+0530] {dag.py:3954} INFO - Setting next_dagrun for example_sensor_decorator to None, run_after=None
[2024-07-01T18:00:38.760+0530] {processor.py:183} INFO - Processing /home/bharat/.local/lib/python3.11/site-packages/airflow/example_dags/example_sensor_decorator.py took 0.032 seconds
[2024-07-01T18:01:29.458+0530] {processor.py:161} INFO - Started process (PID=13160) to work on /home/bharat/.local/lib/python3.11/site-packages/airflow/example_dags/example_sensor_decorator.py
[2024-07-01T18:01:29.459+0530] {processor.py:830} INFO - Processing file /home/bharat/.local/lib/python3.11/site-packages/airflow/example_dags/example_sensor_decorator.py for tasks to queue
[2024-07-01T18:01:29.461+0530] {logging_mixin.py:188} INFO - [2024-07-01T18:01:29.460+0530] {dagbag.py:545} INFO - Filling up the DagBag from /home/bharat/.local/lib/python3.11/site-packages/airflow/example_dags/example_sensor_decorator.py
[2024-07-01T18:01:29.465+0530] {processor.py:840} INFO - DAG(s) 'example_sensor_decorator' retrieved from /home/bharat/.local/lib/python3.11/site-packages/airflow/example_dags/example_sensor_decorator.py
[2024-07-01T18:01:29.471+0530] {logging_mixin.py:188} INFO - [2024-07-01T18:01:29.471+0530] {dag.py:3096} INFO - Sync 1 DAGs
[2024-07-01T18:01:29.475+0530] {logging_mixin.py:188} INFO - [2024-07-01T18:01:29.475+0530] {dag.py:3954} INFO - Setting next_dagrun for example_sensor_decorator to None, run_after=None
[2024-07-01T18:01:29.484+0530] {processor.py:183} INFO - Processing /home/bharat/.local/lib/python3.11/site-packages/airflow/example_dags/example_sensor_decorator.py took 0.034 seconds
[2024-07-01T18:02:23.311+0530] {processor.py:161} INFO - Started process (PID=13233) to work on /home/bharat/.local/lib/python3.11/site-packages/airflow/example_dags/example_sensor_decorator.py
[2024-07-01T18:02:23.312+0530] {processor.py:830} INFO - Processing file /home/bharat/.local/lib/python3.11/site-packages/airflow/example_dags/example_sensor_decorator.py for tasks to queue
[2024-07-01T18:02:23.313+0530] {logging_mixin.py:188} INFO - [2024-07-01T18:02:23.313+0530] {dagbag.py:545} INFO - Filling up the DagBag from /home/bharat/.local/lib/python3.11/site-packages/airflow/example_dags/example_sensor_decorator.py
[2024-07-01T18:02:23.316+0530] {processor.py:840} INFO - DAG(s) 'example_sensor_decorator' retrieved from /home/bharat/.local/lib/python3.11/site-packages/airflow/example_dags/example_sensor_decorator.py
[2024-07-01T18:02:23.322+0530] {logging_mixin.py:188} INFO - [2024-07-01T18:02:23.322+0530] {dag.py:3096} INFO - Sync 1 DAGs
[2024-07-01T18:02:23.326+0530] {logging_mixin.py:188} INFO - [2024-07-01T18:02:23.326+0530] {dag.py:3954} INFO - Setting next_dagrun for example_sensor_decorator to None, run_after=None
[2024-07-01T18:02:23.335+0530] {processor.py:183} INFO - Processing /home/bharat/.local/lib/python3.11/site-packages/airflow/example_dags/example_sensor_decorator.py took 0.030 seconds
[2024-07-01T18:03:15.186+0530] {processor.py:161} INFO - Started process (PID=13335) to work on /home/bharat/.local/lib/python3.11/site-packages/airflow/example_dags/example_sensor_decorator.py
[2024-07-01T18:03:15.187+0530] {processor.py:830} INFO - Processing file /home/bharat/.local/lib/python3.11/site-packages/airflow/example_dags/example_sensor_decorator.py for tasks to queue
[2024-07-01T18:03:15.189+0530] {logging_mixin.py:188} INFO - [2024-07-01T18:03:15.188+0530] {dagbag.py:545} INFO - Filling up the DagBag from /home/bharat/.local/lib/python3.11/site-packages/airflow/example_dags/example_sensor_decorator.py
[2024-07-01T18:03:15.192+0530] {processor.py:840} INFO - DAG(s) 'example_sensor_decorator' retrieved from /home/bharat/.local/lib/python3.11/site-packages/airflow/example_dags/example_sensor_decorator.py
[2024-07-01T18:03:15.198+0530] {logging_mixin.py:188} INFO - [2024-07-01T18:03:15.198+0530] {dag.py:3096} INFO - Sync 1 DAGs
[2024-07-01T18:03:15.203+0530] {logging_mixin.py:188} INFO - [2024-07-01T18:03:15.203+0530] {dag.py:3954} INFO - Setting next_dagrun for example_sensor_decorator to None, run_after=None
[2024-07-01T18:03:15.212+0530] {processor.py:183} INFO - Processing /home/bharat/.local/lib/python3.11/site-packages/airflow/example_dags/example_sensor_decorator.py took 0.033 seconds
[2024-07-01T18:04:05.417+0530] {processor.py:161} INFO - Started process (PID=13405) to work on /home/bharat/.local/lib/python3.11/site-packages/airflow/example_dags/example_sensor_decorator.py
[2024-07-01T18:04:05.418+0530] {processor.py:830} INFO - Processing file /home/bharat/.local/lib/python3.11/site-packages/airflow/example_dags/example_sensor_decorator.py for tasks to queue
[2024-07-01T18:04:05.419+0530] {logging_mixin.py:188} INFO - [2024-07-01T18:04:05.419+0530] {dagbag.py:545} INFO - Filling up the DagBag from /home/bharat/.local/lib/python3.11/site-packages/airflow/example_dags/example_sensor_decorator.py
[2024-07-01T18:04:05.423+0530] {processor.py:840} INFO - DAG(s) 'example_sensor_decorator' retrieved from /home/bharat/.local/lib/python3.11/site-packages/airflow/example_dags/example_sensor_decorator.py
[2024-07-01T18:04:05.429+0530] {logging_mixin.py:188} INFO - [2024-07-01T18:04:05.429+0530] {dag.py:3096} INFO - Sync 1 DAGs
[2024-07-01T18:04:05.433+0530] {logging_mixin.py:188} INFO - [2024-07-01T18:04:05.433+0530] {dag.py:3954} INFO - Setting next_dagrun for example_sensor_decorator to None, run_after=None
[2024-07-01T18:04:05.442+0530] {processor.py:183} INFO - Processing /home/bharat/.local/lib/python3.11/site-packages/airflow/example_dags/example_sensor_decorator.py took 0.033 seconds
[2024-07-01T18:04:59.995+0530] {processor.py:161} INFO - Started process (PID=13908) to work on /home/bharat/.local/lib/python3.11/site-packages/airflow/example_dags/example_sensor_decorator.py
[2024-07-01T18:04:59.996+0530] {processor.py:830} INFO - Processing file /home/bharat/.local/lib/python3.11/site-packages/airflow/example_dags/example_sensor_decorator.py for tasks to queue
[2024-07-01T18:04:59.997+0530] {logging_mixin.py:188} INFO - [2024-07-01T18:04:59.996+0530] {dagbag.py:545} INFO - Filling up the DagBag from /home/bharat/.local/lib/python3.11/site-packages/airflow/example_dags/example_sensor_decorator.py
[2024-07-01T18:05:00.000+0530] {processor.py:840} INFO - DAG(s) 'example_sensor_decorator' retrieved from /home/bharat/.local/lib/python3.11/site-packages/airflow/example_dags/example_sensor_decorator.py
[2024-07-01T18:05:00.005+0530] {logging_mixin.py:188} INFO - [2024-07-01T18:05:00.005+0530] {dag.py:3096} INFO - Sync 1 DAGs
[2024-07-01T18:05:00.010+0530] {logging_mixin.py:188} INFO - [2024-07-01T18:05:00.009+0530] {dag.py:3954} INFO - Setting next_dagrun for example_sensor_decorator to None, run_after=None
[2024-07-01T18:05:00.019+0530] {processor.py:183} INFO - Processing /home/bharat/.local/lib/python3.11/site-packages/airflow/example_dags/example_sensor_decorator.py took 0.029 seconds
[2024-07-01T18:05:50.174+0530] {processor.py:161} INFO - Started process (PID=13990) to work on /home/bharat/.local/lib/python3.11/site-packages/airflow/example_dags/example_sensor_decorator.py
[2024-07-01T18:05:50.175+0530] {processor.py:830} INFO - Processing file /home/bharat/.local/lib/python3.11/site-packages/airflow/example_dags/example_sensor_decorator.py for tasks to queue
[2024-07-01T18:05:50.176+0530] {logging_mixin.py:188} INFO - [2024-07-01T18:05:50.176+0530] {dagbag.py:545} INFO - Filling up the DagBag from /home/bharat/.local/lib/python3.11/site-packages/airflow/example_dags/example_sensor_decorator.py
[2024-07-01T18:05:50.179+0530] {processor.py:840} INFO - DAG(s) 'example_sensor_decorator' retrieved from /home/bharat/.local/lib/python3.11/site-packages/airflow/example_dags/example_sensor_decorator.py
[2024-07-01T18:05:50.186+0530] {logging_mixin.py:188} INFO - [2024-07-01T18:05:50.185+0530] {dag.py:3096} INFO - Sync 1 DAGs
[2024-07-01T18:05:50.190+0530] {logging_mixin.py:188} INFO - [2024-07-01T18:05:50.190+0530] {dag.py:3954} INFO - Setting next_dagrun for example_sensor_decorator to None, run_after=None
[2024-07-01T18:05:50.202+0530] {processor.py:183} INFO - Processing /home/bharat/.local/lib/python3.11/site-packages/airflow/example_dags/example_sensor_decorator.py took 0.033 seconds
[2024-07-01T18:06:39.195+0530] {processor.py:161} INFO - Started process (PID=14070) to work on /home/bharat/.local/lib/python3.11/site-packages/airflow/example_dags/example_sensor_decorator.py
[2024-07-01T18:06:39.195+0530] {processor.py:830} INFO - Processing file /home/bharat/.local/lib/python3.11/site-packages/airflow/example_dags/example_sensor_decorator.py for tasks to queue
[2024-07-01T18:06:39.197+0530] {logging_mixin.py:188} INFO - [2024-07-01T18:06:39.196+0530] {dagbag.py:545} INFO - Filling up the DagBag from /home/bharat/.local/lib/python3.11/site-packages/airflow/example_dags/example_sensor_decorator.py
[2024-07-01T18:06:39.200+0530] {processor.py:840} INFO - DAG(s) 'example_sensor_decorator' retrieved from /home/bharat/.local/lib/python3.11/site-packages/airflow/example_dags/example_sensor_decorator.py
[2024-07-01T18:06:39.206+0530] {logging_mixin.py:188} INFO - [2024-07-01T18:06:39.206+0530] {dag.py:3096} INFO - Sync 1 DAGs
[2024-07-01T18:06:39.210+0530] {logging_mixin.py:188} INFO - [2024-07-01T18:06:39.210+0530] {dag.py:3954} INFO - Setting next_dagrun for example_sensor_decorator to None, run_after=None
[2024-07-01T18:06:39.219+0530] {processor.py:183} INFO - Processing /home/bharat/.local/lib/python3.11/site-packages/airflow/example_dags/example_sensor_decorator.py took 0.031 seconds
[2024-07-01T18:07:32.633+0530] {processor.py:161} INFO - Started process (PID=14144) to work on /home/bharat/.local/lib/python3.11/site-packages/airflow/example_dags/example_sensor_decorator.py
[2024-07-01T18:07:32.634+0530] {processor.py:830} INFO - Processing file /home/bharat/.local/lib/python3.11/site-packages/airflow/example_dags/example_sensor_decorator.py for tasks to queue
[2024-07-01T18:07:32.636+0530] {logging_mixin.py:188} INFO - [2024-07-01T18:07:32.635+0530] {dagbag.py:545} INFO - Filling up the DagBag from /home/bharat/.local/lib/python3.11/site-packages/airflow/example_dags/example_sensor_decorator.py
[2024-07-01T18:07:32.641+0530] {processor.py:840} INFO - DAG(s) 'example_sensor_decorator' retrieved from /home/bharat/.local/lib/python3.11/site-packages/airflow/example_dags/example_sensor_decorator.py
[2024-07-01T18:07:32.648+0530] {logging_mixin.py:188} INFO - [2024-07-01T18:07:32.648+0530] {dag.py:3096} INFO - Sync 1 DAGs
[2024-07-01T18:07:32.652+0530] {logging_mixin.py:188} INFO - [2024-07-01T18:07:32.652+0530] {dag.py:3954} INFO - Setting next_dagrun for example_sensor_decorator to None, run_after=None
[2024-07-01T18:07:32.661+0530] {processor.py:183} INFO - Processing /home/bharat/.local/lib/python3.11/site-packages/airflow/example_dags/example_sensor_decorator.py took 0.032 seconds
[2024-07-01T18:08:22.319+0530] {processor.py:161} INFO - Started process (PID=14244) to work on /home/bharat/.local/lib/python3.11/site-packages/airflow/example_dags/example_sensor_decorator.py
[2024-07-01T18:08:22.319+0530] {processor.py:830} INFO - Processing file /home/bharat/.local/lib/python3.11/site-packages/airflow/example_dags/example_sensor_decorator.py for tasks to queue
[2024-07-01T18:08:22.321+0530] {logging_mixin.py:188} INFO - [2024-07-01T18:08:22.320+0530] {dagbag.py:545} INFO - Filling up the DagBag from /home/bharat/.local/lib/python3.11/site-packages/airflow/example_dags/example_sensor_decorator.py
[2024-07-01T18:08:22.326+0530] {processor.py:840} INFO - DAG(s) 'example_sensor_decorator' retrieved from /home/bharat/.local/lib/python3.11/site-packages/airflow/example_dags/example_sensor_decorator.py
[2024-07-01T18:08:22.333+0530] {logging_mixin.py:188} INFO - [2024-07-01T18:08:22.333+0530] {dag.py:3096} INFO - Sync 1 DAGs
[2024-07-01T18:08:22.337+0530] {logging_mixin.py:188} INFO - [2024-07-01T18:08:22.337+0530] {dag.py:3954} INFO - Setting next_dagrun for example_sensor_decorator to None, run_after=None
[2024-07-01T18:08:22.347+0530] {processor.py:183} INFO - Processing /home/bharat/.local/lib/python3.11/site-packages/airflow/example_dags/example_sensor_decorator.py took 0.034 seconds
[2024-07-01T18:09:13.706+0530] {processor.py:161} INFO - Started process (PID=14404) to work on /home/bharat/.local/lib/python3.11/site-packages/airflow/example_dags/example_sensor_decorator.py
[2024-07-01T18:09:13.707+0530] {processor.py:830} INFO - Processing file /home/bharat/.local/lib/python3.11/site-packages/airflow/example_dags/example_sensor_decorator.py for tasks to queue
[2024-07-01T18:09:13.708+0530] {logging_mixin.py:188} INFO - [2024-07-01T18:09:13.708+0530] {dagbag.py:545} INFO - Filling up the DagBag from /home/bharat/.local/lib/python3.11/site-packages/airflow/example_dags/example_sensor_decorator.py
[2024-07-01T18:09:13.710+0530] {processor.py:840} INFO - DAG(s) 'example_sensor_decorator' retrieved from /home/bharat/.local/lib/python3.11/site-packages/airflow/example_dags/example_sensor_decorator.py
[2024-07-01T18:09:13.718+0530] {logging_mixin.py:188} INFO - [2024-07-01T18:09:13.717+0530] {dag.py:3096} INFO - Sync 1 DAGs
[2024-07-01T18:09:13.724+0530] {logging_mixin.py:188} INFO - [2024-07-01T18:09:13.724+0530] {dag.py:3954} INFO - Setting next_dagrun for example_sensor_decorator to None, run_after=None
[2024-07-01T18:09:13.734+0530] {processor.py:183} INFO - Processing /home/bharat/.local/lib/python3.11/site-packages/airflow/example_dags/example_sensor_decorator.py took 0.031 seconds
[2024-07-01T18:10:07.155+0530] {processor.py:161} INFO - Started process (PID=14486) to work on /home/bharat/.local/lib/python3.11/site-packages/airflow/example_dags/example_sensor_decorator.py
[2024-07-01T18:10:07.155+0530] {processor.py:830} INFO - Processing file /home/bharat/.local/lib/python3.11/site-packages/airflow/example_dags/example_sensor_decorator.py for tasks to queue
[2024-07-01T18:10:07.156+0530] {logging_mixin.py:188} INFO - [2024-07-01T18:10:07.156+0530] {dagbag.py:545} INFO - Filling up the DagBag from /home/bharat/.local/lib/python3.11/site-packages/airflow/example_dags/example_sensor_decorator.py
[2024-07-01T18:10:07.158+0530] {processor.py:840} INFO - DAG(s) 'example_sensor_decorator' retrieved from /home/bharat/.local/lib/python3.11/site-packages/airflow/example_dags/example_sensor_decorator.py
[2024-07-01T18:10:07.164+0530] {logging_mixin.py:188} INFO - [2024-07-01T18:10:07.164+0530] {dag.py:3096} INFO - Sync 1 DAGs
[2024-07-01T18:10:07.169+0530] {logging_mixin.py:188} INFO - [2024-07-01T18:10:07.169+0530] {dag.py:3954} INFO - Setting next_dagrun for example_sensor_decorator to None, run_after=None
[2024-07-01T18:10:07.178+0530] {processor.py:183} INFO - Processing /home/bharat/.local/lib/python3.11/site-packages/airflow/example_dags/example_sensor_decorator.py took 0.027 seconds
[2024-07-01T18:10:59.302+0530] {processor.py:161} INFO - Started process (PID=14588) to work on /home/bharat/.local/lib/python3.11/site-packages/airflow/example_dags/example_sensor_decorator.py
[2024-07-01T18:10:59.302+0530] {processor.py:830} INFO - Processing file /home/bharat/.local/lib/python3.11/site-packages/airflow/example_dags/example_sensor_decorator.py for tasks to queue
[2024-07-01T18:10:59.303+0530] {logging_mixin.py:188} INFO - [2024-07-01T18:10:59.303+0530] {dagbag.py:545} INFO - Filling up the DagBag from /home/bharat/.local/lib/python3.11/site-packages/airflow/example_dags/example_sensor_decorator.py
[2024-07-01T18:10:59.308+0530] {processor.py:840} INFO - DAG(s) 'example_sensor_decorator' retrieved from /home/bharat/.local/lib/python3.11/site-packages/airflow/example_dags/example_sensor_decorator.py
[2024-07-01T18:10:59.314+0530] {logging_mixin.py:188} INFO - [2024-07-01T18:10:59.314+0530] {dag.py:3096} INFO - Sync 1 DAGs
[2024-07-01T18:10:59.318+0530] {logging_mixin.py:188} INFO - [2024-07-01T18:10:59.318+0530] {dag.py:3954} INFO - Setting next_dagrun for example_sensor_decorator to None, run_after=None
[2024-07-01T18:10:59.328+0530] {processor.py:183} INFO - Processing /home/bharat/.local/lib/python3.11/site-packages/airflow/example_dags/example_sensor_decorator.py took 0.031 seconds
[2024-07-01T18:11:50.952+0530] {processor.py:161} INFO - Started process (PID=14718) to work on /home/bharat/.local/lib/python3.11/site-packages/airflow/example_dags/example_sensor_decorator.py
[2024-07-01T18:11:50.954+0530] {processor.py:830} INFO - Processing file /home/bharat/.local/lib/python3.11/site-packages/airflow/example_dags/example_sensor_decorator.py for tasks to queue
[2024-07-01T18:11:50.957+0530] {logging_mixin.py:188} INFO - [2024-07-01T18:11:50.956+0530] {dagbag.py:545} INFO - Filling up the DagBag from /home/bharat/.local/lib/python3.11/site-packages/airflow/example_dags/example_sensor_decorator.py
[2024-07-01T18:11:50.964+0530] {processor.py:840} INFO - DAG(s) 'example_sensor_decorator' retrieved from /home/bharat/.local/lib/python3.11/site-packages/airflow/example_dags/example_sensor_decorator.py
[2024-07-01T18:11:50.971+0530] {logging_mixin.py:188} INFO - [2024-07-01T18:11:50.971+0530] {dag.py:3096} INFO - Sync 1 DAGs
[2024-07-01T18:11:50.976+0530] {logging_mixin.py:188} INFO - [2024-07-01T18:11:50.976+0530] {dag.py:3954} INFO - Setting next_dagrun for example_sensor_decorator to None, run_after=None
[2024-07-01T18:11:50.986+0530] {processor.py:183} INFO - Processing /home/bharat/.local/lib/python3.11/site-packages/airflow/example_dags/example_sensor_decorator.py took 0.044 seconds
[2024-07-01T18:12:42.203+0530] {processor.py:161} INFO - Started process (PID=14996) to work on /home/bharat/.local/lib/python3.11/site-packages/airflow/example_dags/example_sensor_decorator.py
[2024-07-01T18:12:42.205+0530] {processor.py:830} INFO - Processing file /home/bharat/.local/lib/python3.11/site-packages/airflow/example_dags/example_sensor_decorator.py for tasks to queue
[2024-07-01T18:12:42.206+0530] {logging_mixin.py:188} INFO - [2024-07-01T18:12:42.206+0530] {dagbag.py:545} INFO - Filling up the DagBag from /home/bharat/.local/lib/python3.11/site-packages/airflow/example_dags/example_sensor_decorator.py
[2024-07-01T18:12:42.211+0530] {processor.py:840} INFO - DAG(s) 'example_sensor_decorator' retrieved from /home/bharat/.local/lib/python3.11/site-packages/airflow/example_dags/example_sensor_decorator.py
[2024-07-01T18:12:42.218+0530] {logging_mixin.py:188} INFO - [2024-07-01T18:12:42.218+0530] {dag.py:3096} INFO - Sync 1 DAGs
[2024-07-01T18:12:42.222+0530] {logging_mixin.py:188} INFO - [2024-07-01T18:12:42.222+0530] {dag.py:3954} INFO - Setting next_dagrun for example_sensor_decorator to None, run_after=None
[2024-07-01T18:12:42.231+0530] {processor.py:183} INFO - Processing /home/bharat/.local/lib/python3.11/site-packages/airflow/example_dags/example_sensor_decorator.py took 0.037 seconds
