[2024-07-01T17:48:28.050+0530] {processor.py:161} INFO - Started process (PID=10998) to work on /home/bharat/.local/lib/python3.11/site-packages/airflow/example_dags/example_setup_teardown_taskflow.py
[2024-07-01T17:48:28.051+0530] {processor.py:830} INFO - Processing file /home/bharat/.local/lib/python3.11/site-packages/airflow/example_dags/example_setup_teardown_taskflow.py for tasks to queue
[2024-07-01T17:48:28.052+0530] {logging_mixin.py:188} INFO - [2024-07-01T17:48:28.051+0530] {dagbag.py:545} INFO - Filling up the DagBag from /home/bharat/.local/lib/python3.11/site-packages/airflow/example_dags/example_setup_teardown_taskflow.py
[2024-07-01T17:48:28.059+0530] {processor.py:840} INFO - DAG(s) 'example_setup_teardown_taskflow' retrieved from /home/bharat/.local/lib/python3.11/site-packages/airflow/example_dags/example_setup_teardown_taskflow.py
[2024-07-01T17:48:28.172+0530] {logging_mixin.py:188} INFO - [2024-07-01T17:48:28.172+0530] {dag.py:3096} INFO - Sync 1 DAGs
[2024-07-01T17:48:28.179+0530] {logging_mixin.py:188} INFO - [2024-07-01T17:48:28.179+0530] {dag.py:3954} INFO - Setting next_dagrun for example_setup_teardown_taskflow to 2024-06-30 00:00:00+00:00, run_after=2024-07-01 00:00:00+00:00
[2024-07-01T17:48:28.190+0530] {processor.py:183} INFO - Processing /home/bharat/.local/lib/python3.11/site-packages/airflow/example_dags/example_setup_teardown_taskflow.py took 0.142 seconds
[2024-07-01T17:49:34.592+0530] {processor.py:161} INFO - Started process (PID=11380) to work on /home/bharat/.local/lib/python3.11/site-packages/airflow/example_dags/example_setup_teardown_taskflow.py
[2024-07-01T17:49:34.593+0530] {processor.py:830} INFO - Processing file /home/bharat/.local/lib/python3.11/site-packages/airflow/example_dags/example_setup_teardown_taskflow.py for tasks to queue
[2024-07-01T17:49:34.594+0530] {logging_mixin.py:188} INFO - [2024-07-01T17:49:34.594+0530] {dagbag.py:545} INFO - Filling up the DagBag from /home/bharat/.local/lib/python3.11/site-packages/airflow/example_dags/example_setup_teardown_taskflow.py
[2024-07-01T17:49:34.599+0530] {processor.py:840} INFO - DAG(s) 'example_setup_teardown_taskflow' retrieved from /home/bharat/.local/lib/python3.11/site-packages/airflow/example_dags/example_setup_teardown_taskflow.py
[2024-07-01T17:49:34.657+0530] {logging_mixin.py:188} INFO - [2024-07-01T17:49:34.657+0530] {dag.py:3096} INFO - Sync 1 DAGs
[2024-07-01T17:49:34.663+0530] {logging_mixin.py:188} INFO - [2024-07-01T17:49:34.663+0530] {dag.py:3954} INFO - Setting next_dagrun for example_setup_teardown_taskflow to 2024-06-30 00:00:00+00:00, run_after=2024-07-01 00:00:00+00:00
[2024-07-01T17:49:34.672+0530] {processor.py:183} INFO - Processing /home/bharat/.local/lib/python3.11/site-packages/airflow/example_dags/example_setup_teardown_taskflow.py took 0.086 seconds
[2024-07-01T17:50:30.832+0530] {processor.py:161} INFO - Started process (PID=11458) to work on /home/bharat/.local/lib/python3.11/site-packages/airflow/example_dags/example_setup_teardown_taskflow.py
[2024-07-01T17:50:30.833+0530] {processor.py:830} INFO - Processing file /home/bharat/.local/lib/python3.11/site-packages/airflow/example_dags/example_setup_teardown_taskflow.py for tasks to queue
[2024-07-01T17:50:30.833+0530] {logging_mixin.py:188} INFO - [2024-07-01T17:50:30.833+0530] {dagbag.py:545} INFO - Filling up the DagBag from /home/bharat/.local/lib/python3.11/site-packages/airflow/example_dags/example_setup_teardown_taskflow.py
[2024-07-01T17:50:30.837+0530] {processor.py:840} INFO - DAG(s) 'example_setup_teardown_taskflow' retrieved from /home/bharat/.local/lib/python3.11/site-packages/airflow/example_dags/example_setup_teardown_taskflow.py
[2024-07-01T17:50:30.844+0530] {logging_mixin.py:188} INFO - [2024-07-01T17:50:30.844+0530] {dag.py:3096} INFO - Sync 1 DAGs
[2024-07-01T17:50:30.851+0530] {logging_mixin.py:188} INFO - [2024-07-01T17:50:30.851+0530] {dag.py:3954} INFO - Setting next_dagrun for example_setup_teardown_taskflow to 2024-06-30 00:00:00+00:00, run_after=2024-07-01 00:00:00+00:00
[2024-07-01T17:50:30.861+0530] {processor.py:183} INFO - Processing /home/bharat/.local/lib/python3.11/site-packages/airflow/example_dags/example_setup_teardown_taskflow.py took 0.032 seconds
[2024-07-01T17:51:21.615+0530] {processor.py:161} INFO - Started process (PID=11627) to work on /home/bharat/.local/lib/python3.11/site-packages/airflow/example_dags/example_setup_teardown_taskflow.py
[2024-07-01T17:51:21.616+0530] {processor.py:830} INFO - Processing file /home/bharat/.local/lib/python3.11/site-packages/airflow/example_dags/example_setup_teardown_taskflow.py for tasks to queue
[2024-07-01T17:51:21.618+0530] {logging_mixin.py:188} INFO - [2024-07-01T17:51:21.617+0530] {dagbag.py:545} INFO - Filling up the DagBag from /home/bharat/.local/lib/python3.11/site-packages/airflow/example_dags/example_setup_teardown_taskflow.py
[2024-07-01T17:51:21.626+0530] {processor.py:840} INFO - DAG(s) 'example_setup_teardown_taskflow' retrieved from /home/bharat/.local/lib/python3.11/site-packages/airflow/example_dags/example_setup_teardown_taskflow.py
[2024-07-01T17:51:21.633+0530] {logging_mixin.py:188} INFO - [2024-07-01T17:51:21.633+0530] {dag.py:3096} INFO - Sync 1 DAGs
[2024-07-01T17:51:21.640+0530] {logging_mixin.py:188} INFO - [2024-07-01T17:51:21.640+0530] {dag.py:3954} INFO - Setting next_dagrun for example_setup_teardown_taskflow to 2024-06-30 00:00:00+00:00, run_after=2024-07-01 00:00:00+00:00
[2024-07-01T17:51:21.650+0530] {processor.py:183} INFO - Processing /home/bharat/.local/lib/python3.11/site-packages/airflow/example_dags/example_setup_teardown_taskflow.py took 0.040 seconds
[2024-07-01T17:52:31.687+0530] {processor.py:161} INFO - Started process (PID=12039) to work on /home/bharat/.local/lib/python3.11/site-packages/airflow/example_dags/example_setup_teardown_taskflow.py
[2024-07-01T17:52:31.688+0530] {processor.py:830} INFO - Processing file /home/bharat/.local/lib/python3.11/site-packages/airflow/example_dags/example_setup_teardown_taskflow.py for tasks to queue
[2024-07-01T17:52:31.689+0530] {logging_mixin.py:188} INFO - [2024-07-01T17:52:31.689+0530] {dagbag.py:545} INFO - Filling up the DagBag from /home/bharat/.local/lib/python3.11/site-packages/airflow/example_dags/example_setup_teardown_taskflow.py
[2024-07-01T17:52:31.699+0530] {processor.py:840} INFO - DAG(s) 'example_setup_teardown_taskflow' retrieved from /home/bharat/.local/lib/python3.11/site-packages/airflow/example_dags/example_setup_teardown_taskflow.py
[2024-07-01T17:52:31.707+0530] {logging_mixin.py:188} INFO - [2024-07-01T17:52:31.707+0530] {dag.py:3096} INFO - Sync 1 DAGs
[2024-07-01T17:52:31.714+0530] {logging_mixin.py:188} INFO - [2024-07-01T17:52:31.714+0530] {dag.py:3954} INFO - Setting next_dagrun for example_setup_teardown_taskflow to 2024-06-30 00:00:00+00:00, run_after=2024-07-01 00:00:00+00:00
[2024-07-01T17:52:31.724+0530] {processor.py:183} INFO - Processing /home/bharat/.local/lib/python3.11/site-packages/airflow/example_dags/example_setup_teardown_taskflow.py took 0.041 seconds
[2024-07-01T17:53:28.371+0530] {processor.py:161} INFO - Started process (PID=12145) to work on /home/bharat/.local/lib/python3.11/site-packages/airflow/example_dags/example_setup_teardown_taskflow.py
[2024-07-01T17:53:28.373+0530] {processor.py:830} INFO - Processing file /home/bharat/.local/lib/python3.11/site-packages/airflow/example_dags/example_setup_teardown_taskflow.py for tasks to queue
[2024-07-01T17:53:28.376+0530] {logging_mixin.py:188} INFO - [2024-07-01T17:53:28.375+0530] {dagbag.py:545} INFO - Filling up the DagBag from /home/bharat/.local/lib/python3.11/site-packages/airflow/example_dags/example_setup_teardown_taskflow.py
[2024-07-01T17:53:28.386+0530] {processor.py:840} INFO - DAG(s) 'example_setup_teardown_taskflow' retrieved from /home/bharat/.local/lib/python3.11/site-packages/airflow/example_dags/example_setup_teardown_taskflow.py
[2024-07-01T17:53:28.392+0530] {logging_mixin.py:188} INFO - [2024-07-01T17:53:28.392+0530] {dag.py:3096} INFO - Sync 1 DAGs
[2024-07-01T17:53:28.399+0530] {logging_mixin.py:188} INFO - [2024-07-01T17:53:28.399+0530] {dag.py:3954} INFO - Setting next_dagrun for example_setup_teardown_taskflow to 2024-06-30 00:00:00+00:00, run_after=2024-07-01 00:00:00+00:00
[2024-07-01T17:53:28.409+0530] {processor.py:183} INFO - Processing /home/bharat/.local/lib/python3.11/site-packages/airflow/example_dags/example_setup_teardown_taskflow.py took 0.047 seconds
[2024-07-01T17:54:36.665+0530] {processor.py:161} INFO - Started process (PID=12538) to work on /home/bharat/.local/lib/python3.11/site-packages/airflow/example_dags/example_setup_teardown_taskflow.py
[2024-07-01T17:54:36.665+0530] {processor.py:830} INFO - Processing file /home/bharat/.local/lib/python3.11/site-packages/airflow/example_dags/example_setup_teardown_taskflow.py for tasks to queue
[2024-07-01T17:54:36.666+0530] {logging_mixin.py:188} INFO - [2024-07-01T17:54:36.666+0530] {dagbag.py:545} INFO - Filling up the DagBag from /home/bharat/.local/lib/python3.11/site-packages/airflow/example_dags/example_setup_teardown_taskflow.py
[2024-07-01T17:54:36.670+0530] {processor.py:840} INFO - DAG(s) 'example_setup_teardown_taskflow' retrieved from /home/bharat/.local/lib/python3.11/site-packages/airflow/example_dags/example_setup_teardown_taskflow.py
[2024-07-01T17:54:36.677+0530] {logging_mixin.py:188} INFO - [2024-07-01T17:54:36.677+0530] {dag.py:3096} INFO - Sync 1 DAGs
[2024-07-01T17:54:36.685+0530] {logging_mixin.py:188} INFO - [2024-07-01T17:54:36.685+0530] {dag.py:3954} INFO - Setting next_dagrun for example_setup_teardown_taskflow to 2024-06-30 00:00:00+00:00, run_after=2024-07-01 00:00:00+00:00
[2024-07-01T17:54:36.695+0530] {processor.py:183} INFO - Processing /home/bharat/.local/lib/python3.11/site-packages/airflow/example_dags/example_setup_teardown_taskflow.py took 0.033 seconds
[2024-07-01T17:55:32.593+0530] {processor.py:161} INFO - Started process (PID=12622) to work on /home/bharat/.local/lib/python3.11/site-packages/airflow/example_dags/example_setup_teardown_taskflow.py
[2024-07-01T17:55:32.593+0530] {processor.py:830} INFO - Processing file /home/bharat/.local/lib/python3.11/site-packages/airflow/example_dags/example_setup_teardown_taskflow.py for tasks to queue
[2024-07-01T17:55:32.594+0530] {logging_mixin.py:188} INFO - [2024-07-01T17:55:32.594+0530] {dagbag.py:545} INFO - Filling up the DagBag from /home/bharat/.local/lib/python3.11/site-packages/airflow/example_dags/example_setup_teardown_taskflow.py
[2024-07-01T17:55:32.602+0530] {processor.py:840} INFO - DAG(s) 'example_setup_teardown_taskflow' retrieved from /home/bharat/.local/lib/python3.11/site-packages/airflow/example_dags/example_setup_teardown_taskflow.py
[2024-07-01T17:55:32.609+0530] {logging_mixin.py:188} INFO - [2024-07-01T17:55:32.609+0530] {dag.py:3096} INFO - Sync 1 DAGs
[2024-07-01T17:55:32.616+0530] {logging_mixin.py:188} INFO - [2024-07-01T17:55:32.616+0530] {dag.py:3954} INFO - Setting next_dagrun for example_setup_teardown_taskflow to 2024-06-30 00:00:00+00:00, run_after=2024-07-01 00:00:00+00:00
[2024-07-01T17:55:32.626+0530] {processor.py:183} INFO - Processing /home/bharat/.local/lib/python3.11/site-packages/airflow/example_dags/example_setup_teardown_taskflow.py took 0.035 seconds
[2024-07-01T17:56:23.178+0530] {processor.py:161} INFO - Started process (PID=12696) to work on /home/bharat/.local/lib/python3.11/site-packages/airflow/example_dags/example_setup_teardown_taskflow.py
[2024-07-01T17:56:23.178+0530] {processor.py:830} INFO - Processing file /home/bharat/.local/lib/python3.11/site-packages/airflow/example_dags/example_setup_teardown_taskflow.py for tasks to queue
[2024-07-01T17:56:23.179+0530] {logging_mixin.py:188} INFO - [2024-07-01T17:56:23.179+0530] {dagbag.py:545} INFO - Filling up the DagBag from /home/bharat/.local/lib/python3.11/site-packages/airflow/example_dags/example_setup_teardown_taskflow.py
[2024-07-01T17:56:23.183+0530] {processor.py:840} INFO - DAG(s) 'example_setup_teardown_taskflow' retrieved from /home/bharat/.local/lib/python3.11/site-packages/airflow/example_dags/example_setup_teardown_taskflow.py
[2024-07-01T17:56:23.195+0530] {logging_mixin.py:188} INFO - [2024-07-01T17:56:23.195+0530] {dag.py:3096} INFO - Sync 1 DAGs
[2024-07-01T17:56:23.202+0530] {logging_mixin.py:188} INFO - [2024-07-01T17:56:23.202+0530] {dag.py:3954} INFO - Setting next_dagrun for example_setup_teardown_taskflow to 2024-06-30 00:00:00+00:00, run_after=2024-07-01 00:00:00+00:00
[2024-07-01T17:56:23.212+0530] {processor.py:183} INFO - Processing /home/bharat/.local/lib/python3.11/site-packages/airflow/example_dags/example_setup_teardown_taskflow.py took 0.040 seconds
[2024-07-01T17:57:16.030+0530] {processor.py:161} INFO - Started process (PID=12771) to work on /home/bharat/.local/lib/python3.11/site-packages/airflow/example_dags/example_setup_teardown_taskflow.py
[2024-07-01T17:57:16.031+0530] {processor.py:830} INFO - Processing file /home/bharat/.local/lib/python3.11/site-packages/airflow/example_dags/example_setup_teardown_taskflow.py for tasks to queue
[2024-07-01T17:57:16.032+0530] {logging_mixin.py:188} INFO - [2024-07-01T17:57:16.032+0530] {dagbag.py:545} INFO - Filling up the DagBag from /home/bharat/.local/lib/python3.11/site-packages/airflow/example_dags/example_setup_teardown_taskflow.py
[2024-07-01T17:57:16.037+0530] {processor.py:840} INFO - DAG(s) 'example_setup_teardown_taskflow' retrieved from /home/bharat/.local/lib/python3.11/site-packages/airflow/example_dags/example_setup_teardown_taskflow.py
[2024-07-01T17:57:16.043+0530] {logging_mixin.py:188} INFO - [2024-07-01T17:57:16.043+0530] {dag.py:3096} INFO - Sync 1 DAGs
[2024-07-01T17:57:16.050+0530] {logging_mixin.py:188} INFO - [2024-07-01T17:57:16.050+0530] {dag.py:3954} INFO - Setting next_dagrun for example_setup_teardown_taskflow to 2024-06-30 00:00:00+00:00, run_after=2024-07-01 00:00:00+00:00
[2024-07-01T17:57:16.060+0530] {processor.py:183} INFO - Processing /home/bharat/.local/lib/python3.11/site-packages/airflow/example_dags/example_setup_teardown_taskflow.py took 0.036 seconds
[2024-07-01T17:58:08.911+0530] {processor.py:161} INFO - Started process (PID=12870) to work on /home/bharat/.local/lib/python3.11/site-packages/airflow/example_dags/example_setup_teardown_taskflow.py
[2024-07-01T17:58:08.912+0530] {processor.py:830} INFO - Processing file /home/bharat/.local/lib/python3.11/site-packages/airflow/example_dags/example_setup_teardown_taskflow.py for tasks to queue
[2024-07-01T17:58:08.913+0530] {logging_mixin.py:188} INFO - [2024-07-01T17:58:08.912+0530] {dagbag.py:545} INFO - Filling up the DagBag from /home/bharat/.local/lib/python3.11/site-packages/airflow/example_dags/example_setup_teardown_taskflow.py
[2024-07-01T17:58:08.917+0530] {processor.py:840} INFO - DAG(s) 'example_setup_teardown_taskflow' retrieved from /home/bharat/.local/lib/python3.11/site-packages/airflow/example_dags/example_setup_teardown_taskflow.py
[2024-07-01T17:58:08.924+0530] {logging_mixin.py:188} INFO - [2024-07-01T17:58:08.924+0530] {dag.py:3096} INFO - Sync 1 DAGs
[2024-07-01T17:58:08.931+0530] {logging_mixin.py:188} INFO - [2024-07-01T17:58:08.931+0530] {dag.py:3954} INFO - Setting next_dagrun for example_setup_teardown_taskflow to 2024-06-30 00:00:00+00:00, run_after=2024-07-01 00:00:00+00:00
[2024-07-01T17:58:08.940+0530] {processor.py:183} INFO - Processing /home/bharat/.local/lib/python3.11/site-packages/airflow/example_dags/example_setup_teardown_taskflow.py took 0.035 seconds
[2024-07-01T17:59:00.604+0530] {processor.py:161} INFO - Started process (PID=12943) to work on /home/bharat/.local/lib/python3.11/site-packages/airflow/example_dags/example_setup_teardown_taskflow.py
[2024-07-01T17:59:00.605+0530] {processor.py:830} INFO - Processing file /home/bharat/.local/lib/python3.11/site-packages/airflow/example_dags/example_setup_teardown_taskflow.py for tasks to queue
[2024-07-01T17:59:00.606+0530] {logging_mixin.py:188} INFO - [2024-07-01T17:59:00.605+0530] {dagbag.py:545} INFO - Filling up the DagBag from /home/bharat/.local/lib/python3.11/site-packages/airflow/example_dags/example_setup_teardown_taskflow.py
[2024-07-01T17:59:00.614+0530] {processor.py:840} INFO - DAG(s) 'example_setup_teardown_taskflow' retrieved from /home/bharat/.local/lib/python3.11/site-packages/airflow/example_dags/example_setup_teardown_taskflow.py
[2024-07-01T17:59:00.621+0530] {logging_mixin.py:188} INFO - [2024-07-01T17:59:00.621+0530] {dag.py:3096} INFO - Sync 1 DAGs
[2024-07-01T17:59:00.628+0530] {logging_mixin.py:188} INFO - [2024-07-01T17:59:00.628+0530] {dag.py:3954} INFO - Setting next_dagrun for example_setup_teardown_taskflow to 2024-06-30 00:00:00+00:00, run_after=2024-07-01 00:00:00+00:00
[2024-07-01T17:59:00.637+0530] {processor.py:183} INFO - Processing /home/bharat/.local/lib/python3.11/site-packages/airflow/example_dags/example_setup_teardown_taskflow.py took 0.038 seconds
[2024-07-01T17:59:52.414+0530] {processor.py:161} INFO - Started process (PID=13016) to work on /home/bharat/.local/lib/python3.11/site-packages/airflow/example_dags/example_setup_teardown_taskflow.py
[2024-07-01T17:59:52.415+0530] {processor.py:830} INFO - Processing file /home/bharat/.local/lib/python3.11/site-packages/airflow/example_dags/example_setup_teardown_taskflow.py for tasks to queue
[2024-07-01T17:59:52.417+0530] {logging_mixin.py:188} INFO - [2024-07-01T17:59:52.416+0530] {dagbag.py:545} INFO - Filling up the DagBag from /home/bharat/.local/lib/python3.11/site-packages/airflow/example_dags/example_setup_teardown_taskflow.py
[2024-07-01T17:59:52.424+0530] {processor.py:840} INFO - DAG(s) 'example_setup_teardown_taskflow' retrieved from /home/bharat/.local/lib/python3.11/site-packages/airflow/example_dags/example_setup_teardown_taskflow.py
[2024-07-01T17:59:52.431+0530] {logging_mixin.py:188} INFO - [2024-07-01T17:59:52.431+0530] {dag.py:3096} INFO - Sync 1 DAGs
[2024-07-01T17:59:52.438+0530] {logging_mixin.py:188} INFO - [2024-07-01T17:59:52.438+0530] {dag.py:3954} INFO - Setting next_dagrun for example_setup_teardown_taskflow to 2024-06-30 00:00:00+00:00, run_after=2024-07-01 00:00:00+00:00
[2024-07-01T17:59:52.448+0530] {processor.py:183} INFO - Processing /home/bharat/.local/lib/python3.11/site-packages/airflow/example_dags/example_setup_teardown_taskflow.py took 0.038 seconds
[2024-07-01T18:00:44.051+0530] {processor.py:161} INFO - Started process (PID=13093) to work on /home/bharat/.local/lib/python3.11/site-packages/airflow/example_dags/example_setup_teardown_taskflow.py
[2024-07-01T18:00:44.052+0530] {processor.py:830} INFO - Processing file /home/bharat/.local/lib/python3.11/site-packages/airflow/example_dags/example_setup_teardown_taskflow.py for tasks to queue
[2024-07-01T18:00:44.053+0530] {logging_mixin.py:188} INFO - [2024-07-01T18:00:44.053+0530] {dagbag.py:545} INFO - Filling up the DagBag from /home/bharat/.local/lib/python3.11/site-packages/airflow/example_dags/example_setup_teardown_taskflow.py
[2024-07-01T18:00:44.061+0530] {processor.py:840} INFO - DAG(s) 'example_setup_teardown_taskflow' retrieved from /home/bharat/.local/lib/python3.11/site-packages/airflow/example_dags/example_setup_teardown_taskflow.py
[2024-07-01T18:00:44.068+0530] {logging_mixin.py:188} INFO - [2024-07-01T18:00:44.068+0530] {dag.py:3096} INFO - Sync 1 DAGs
[2024-07-01T18:00:44.075+0530] {logging_mixin.py:188} INFO - [2024-07-01T18:00:44.075+0530] {dag.py:3954} INFO - Setting next_dagrun for example_setup_teardown_taskflow to 2024-06-30 00:00:00+00:00, run_after=2024-07-01 00:00:00+00:00
[2024-07-01T18:00:44.085+0530] {processor.py:183} INFO - Processing /home/bharat/.local/lib/python3.11/site-packages/airflow/example_dags/example_setup_teardown_taskflow.py took 0.040 seconds
[2024-07-01T18:01:35.352+0530] {processor.py:161} INFO - Started process (PID=13166) to work on /home/bharat/.local/lib/python3.11/site-packages/airflow/example_dags/example_setup_teardown_taskflow.py
[2024-07-01T18:01:35.353+0530] {processor.py:830} INFO - Processing file /home/bharat/.local/lib/python3.11/site-packages/airflow/example_dags/example_setup_teardown_taskflow.py for tasks to queue
[2024-07-01T18:01:35.355+0530] {logging_mixin.py:188} INFO - [2024-07-01T18:01:35.354+0530] {dagbag.py:545} INFO - Filling up the DagBag from /home/bharat/.local/lib/python3.11/site-packages/airflow/example_dags/example_setup_teardown_taskflow.py
[2024-07-01T18:01:35.361+0530] {processor.py:840} INFO - DAG(s) 'example_setup_teardown_taskflow' retrieved from /home/bharat/.local/lib/python3.11/site-packages/airflow/example_dags/example_setup_teardown_taskflow.py
[2024-07-01T18:01:35.367+0530] {logging_mixin.py:188} INFO - [2024-07-01T18:01:35.367+0530] {dag.py:3096} INFO - Sync 1 DAGs
[2024-07-01T18:01:35.374+0530] {logging_mixin.py:188} INFO - [2024-07-01T18:01:35.374+0530] {dag.py:3954} INFO - Setting next_dagrun for example_setup_teardown_taskflow to 2024-06-30 00:00:00+00:00, run_after=2024-07-01 00:00:00+00:00
[2024-07-01T18:01:35.384+0530] {processor.py:183} INFO - Processing /home/bharat/.local/lib/python3.11/site-packages/airflow/example_dags/example_setup_teardown_taskflow.py took 0.040 seconds
[2024-07-01T18:02:29.578+0530] {processor.py:161} INFO - Started process (PID=13239) to work on /home/bharat/.local/lib/python3.11/site-packages/airflow/example_dags/example_setup_teardown_taskflow.py
[2024-07-01T18:02:29.578+0530] {processor.py:830} INFO - Processing file /home/bharat/.local/lib/python3.11/site-packages/airflow/example_dags/example_setup_teardown_taskflow.py for tasks to queue
[2024-07-01T18:02:29.579+0530] {logging_mixin.py:188} INFO - [2024-07-01T18:02:29.579+0530] {dagbag.py:545} INFO - Filling up the DagBag from /home/bharat/.local/lib/python3.11/site-packages/airflow/example_dags/example_setup_teardown_taskflow.py
[2024-07-01T18:02:29.583+0530] {processor.py:840} INFO - DAG(s) 'example_setup_teardown_taskflow' retrieved from /home/bharat/.local/lib/python3.11/site-packages/airflow/example_dags/example_setup_teardown_taskflow.py
[2024-07-01T18:02:29.589+0530] {logging_mixin.py:188} INFO - [2024-07-01T18:02:29.589+0530] {dag.py:3096} INFO - Sync 1 DAGs
[2024-07-01T18:02:29.596+0530] {logging_mixin.py:188} INFO - [2024-07-01T18:02:29.596+0530] {dag.py:3954} INFO - Setting next_dagrun for example_setup_teardown_taskflow to 2024-06-30 00:00:00+00:00, run_after=2024-07-01 00:00:00+00:00
[2024-07-01T18:02:29.606+0530] {processor.py:183} INFO - Processing /home/bharat/.local/lib/python3.11/site-packages/airflow/example_dags/example_setup_teardown_taskflow.py took 0.031 seconds
[2024-07-01T18:03:21.310+0530] {processor.py:161} INFO - Started process (PID=13341) to work on /home/bharat/.local/lib/python3.11/site-packages/airflow/example_dags/example_setup_teardown_taskflow.py
[2024-07-01T18:03:21.311+0530] {processor.py:830} INFO - Processing file /home/bharat/.local/lib/python3.11/site-packages/airflow/example_dags/example_setup_teardown_taskflow.py for tasks to queue
[2024-07-01T18:03:21.311+0530] {logging_mixin.py:188} INFO - [2024-07-01T18:03:21.311+0530] {dagbag.py:545} INFO - Filling up the DagBag from /home/bharat/.local/lib/python3.11/site-packages/airflow/example_dags/example_setup_teardown_taskflow.py
[2024-07-01T18:03:21.315+0530] {processor.py:840} INFO - DAG(s) 'example_setup_teardown_taskflow' retrieved from /home/bharat/.local/lib/python3.11/site-packages/airflow/example_dags/example_setup_teardown_taskflow.py
[2024-07-01T18:03:21.322+0530] {logging_mixin.py:188} INFO - [2024-07-01T18:03:21.322+0530] {dag.py:3096} INFO - Sync 1 DAGs
[2024-07-01T18:03:21.329+0530] {logging_mixin.py:188} INFO - [2024-07-01T18:03:21.329+0530] {dag.py:3954} INFO - Setting next_dagrun for example_setup_teardown_taskflow to 2024-06-30 00:00:00+00:00, run_after=2024-07-01 00:00:00+00:00
[2024-07-01T18:03:21.339+0530] {processor.py:183} INFO - Processing /home/bharat/.local/lib/python3.11/site-packages/airflow/example_dags/example_setup_teardown_taskflow.py took 0.033 seconds
[2024-07-01T18:04:12.009+0530] {processor.py:161} INFO - Started process (PID=13411) to work on /home/bharat/.local/lib/python3.11/site-packages/airflow/example_dags/example_setup_teardown_taskflow.py
[2024-07-01T18:04:12.010+0530] {processor.py:830} INFO - Processing file /home/bharat/.local/lib/python3.11/site-packages/airflow/example_dags/example_setup_teardown_taskflow.py for tasks to queue
[2024-07-01T18:04:12.011+0530] {logging_mixin.py:188} INFO - [2024-07-01T18:04:12.011+0530] {dagbag.py:545} INFO - Filling up the DagBag from /home/bharat/.local/lib/python3.11/site-packages/airflow/example_dags/example_setup_teardown_taskflow.py
[2024-07-01T18:04:12.016+0530] {processor.py:840} INFO - DAG(s) 'example_setup_teardown_taskflow' retrieved from /home/bharat/.local/lib/python3.11/site-packages/airflow/example_dags/example_setup_teardown_taskflow.py
[2024-07-01T18:04:12.023+0530] {logging_mixin.py:188} INFO - [2024-07-01T18:04:12.023+0530] {dag.py:3096} INFO - Sync 1 DAGs
[2024-07-01T18:04:12.031+0530] {logging_mixin.py:188} INFO - [2024-07-01T18:04:12.031+0530] {dag.py:3954} INFO - Setting next_dagrun for example_setup_teardown_taskflow to 2024-06-30 00:00:00+00:00, run_after=2024-07-01 00:00:00+00:00
[2024-07-01T18:04:12.041+0530] {processor.py:183} INFO - Processing /home/bharat/.local/lib/python3.11/site-packages/airflow/example_dags/example_setup_teardown_taskflow.py took 0.038 seconds
[2024-07-01T18:05:05.685+0530] {processor.py:161} INFO - Started process (PID=13914) to work on /home/bharat/.local/lib/python3.11/site-packages/airflow/example_dags/example_setup_teardown_taskflow.py
[2024-07-01T18:05:05.686+0530] {processor.py:830} INFO - Processing file /home/bharat/.local/lib/python3.11/site-packages/airflow/example_dags/example_setup_teardown_taskflow.py for tasks to queue
[2024-07-01T18:05:05.687+0530] {logging_mixin.py:188} INFO - [2024-07-01T18:05:05.687+0530] {dagbag.py:545} INFO - Filling up the DagBag from /home/bharat/.local/lib/python3.11/site-packages/airflow/example_dags/example_setup_teardown_taskflow.py
[2024-07-01T18:05:05.692+0530] {processor.py:840} INFO - DAG(s) 'example_setup_teardown_taskflow' retrieved from /home/bharat/.local/lib/python3.11/site-packages/airflow/example_dags/example_setup_teardown_taskflow.py
[2024-07-01T18:05:05.698+0530] {logging_mixin.py:188} INFO - [2024-07-01T18:05:05.698+0530] {dag.py:3096} INFO - Sync 1 DAGs
[2024-07-01T18:05:05.705+0530] {logging_mixin.py:188} INFO - [2024-07-01T18:05:05.705+0530] {dag.py:3954} INFO - Setting next_dagrun for example_setup_teardown_taskflow to 2024-06-30 00:00:00+00:00, run_after=2024-07-01 00:00:00+00:00
[2024-07-01T18:05:05.715+0530] {processor.py:183} INFO - Processing /home/bharat/.local/lib/python3.11/site-packages/airflow/example_dags/example_setup_teardown_taskflow.py took 0.036 seconds
[2024-07-01T18:05:55.183+0530] {processor.py:161} INFO - Started process (PID=13998) to work on /home/bharat/.local/lib/python3.11/site-packages/airflow/example_dags/example_setup_teardown_taskflow.py
[2024-07-01T18:05:55.184+0530] {processor.py:830} INFO - Processing file /home/bharat/.local/lib/python3.11/site-packages/airflow/example_dags/example_setup_teardown_taskflow.py for tasks to queue
[2024-07-01T18:05:55.185+0530] {logging_mixin.py:188} INFO - [2024-07-01T18:05:55.185+0530] {dagbag.py:545} INFO - Filling up the DagBag from /home/bharat/.local/lib/python3.11/site-packages/airflow/example_dags/example_setup_teardown_taskflow.py
[2024-07-01T18:05:55.193+0530] {processor.py:840} INFO - DAG(s) 'example_setup_teardown_taskflow' retrieved from /home/bharat/.local/lib/python3.11/site-packages/airflow/example_dags/example_setup_teardown_taskflow.py
[2024-07-01T18:05:55.200+0530] {logging_mixin.py:188} INFO - [2024-07-01T18:05:55.200+0530] {dag.py:3096} INFO - Sync 1 DAGs
[2024-07-01T18:05:55.207+0530] {logging_mixin.py:188} INFO - [2024-07-01T18:05:55.207+0530] {dag.py:3954} INFO - Setting next_dagrun for example_setup_teardown_taskflow to 2024-06-30 00:00:00+00:00, run_after=2024-07-01 00:00:00+00:00
[2024-07-01T18:05:55.217+0530] {processor.py:183} INFO - Processing /home/bharat/.local/lib/python3.11/site-packages/airflow/example_dags/example_setup_teardown_taskflow.py took 0.037 seconds
[2024-07-01T18:06:45.463+0530] {processor.py:161} INFO - Started process (PID=14076) to work on /home/bharat/.local/lib/python3.11/site-packages/airflow/example_dags/example_setup_teardown_taskflow.py
[2024-07-01T18:06:45.463+0530] {processor.py:830} INFO - Processing file /home/bharat/.local/lib/python3.11/site-packages/airflow/example_dags/example_setup_teardown_taskflow.py for tasks to queue
[2024-07-01T18:06:45.464+0530] {logging_mixin.py:188} INFO - [2024-07-01T18:06:45.464+0530] {dagbag.py:545} INFO - Filling up the DagBag from /home/bharat/.local/lib/python3.11/site-packages/airflow/example_dags/example_setup_teardown_taskflow.py
[2024-07-01T18:06:45.468+0530] {processor.py:840} INFO - DAG(s) 'example_setup_teardown_taskflow' retrieved from /home/bharat/.local/lib/python3.11/site-packages/airflow/example_dags/example_setup_teardown_taskflow.py
[2024-07-01T18:06:45.474+0530] {logging_mixin.py:188} INFO - [2024-07-01T18:06:45.474+0530] {dag.py:3096} INFO - Sync 1 DAGs
[2024-07-01T18:06:45.482+0530] {logging_mixin.py:188} INFO - [2024-07-01T18:06:45.481+0530] {dag.py:3954} INFO - Setting next_dagrun for example_setup_teardown_taskflow to 2024-06-30 00:00:00+00:00, run_after=2024-07-01 00:00:00+00:00
[2024-07-01T18:06:45.491+0530] {processor.py:183} INFO - Processing /home/bharat/.local/lib/python3.11/site-packages/airflow/example_dags/example_setup_teardown_taskflow.py took 0.034 seconds
[2024-07-01T18:07:38.618+0530] {processor.py:161} INFO - Started process (PID=14150) to work on /home/bharat/.local/lib/python3.11/site-packages/airflow/example_dags/example_setup_teardown_taskflow.py
[2024-07-01T18:07:38.619+0530] {processor.py:830} INFO - Processing file /home/bharat/.local/lib/python3.11/site-packages/airflow/example_dags/example_setup_teardown_taskflow.py for tasks to queue
[2024-07-01T18:07:38.620+0530] {logging_mixin.py:188} INFO - [2024-07-01T18:07:38.619+0530] {dagbag.py:545} INFO - Filling up the DagBag from /home/bharat/.local/lib/python3.11/site-packages/airflow/example_dags/example_setup_teardown_taskflow.py
[2024-07-01T18:07:38.623+0530] {processor.py:840} INFO - DAG(s) 'example_setup_teardown_taskflow' retrieved from /home/bharat/.local/lib/python3.11/site-packages/airflow/example_dags/example_setup_teardown_taskflow.py
[2024-07-01T18:07:38.630+0530] {logging_mixin.py:188} INFO - [2024-07-01T18:07:38.630+0530] {dag.py:3096} INFO - Sync 1 DAGs
[2024-07-01T18:07:38.637+0530] {logging_mixin.py:188} INFO - [2024-07-01T18:07:38.637+0530] {dag.py:3954} INFO - Setting next_dagrun for example_setup_teardown_taskflow to 2024-06-30 00:00:00+00:00, run_after=2024-07-01 00:00:00+00:00
[2024-07-01T18:07:38.646+0530] {processor.py:183} INFO - Processing /home/bharat/.local/lib/python3.11/site-packages/airflow/example_dags/example_setup_teardown_taskflow.py took 0.034 seconds
[2024-07-01T18:08:28.145+0530] {processor.py:161} INFO - Started process (PID=14250) to work on /home/bharat/.local/lib/python3.11/site-packages/airflow/example_dags/example_setup_teardown_taskflow.py
[2024-07-01T18:08:28.146+0530] {processor.py:830} INFO - Processing file /home/bharat/.local/lib/python3.11/site-packages/airflow/example_dags/example_setup_teardown_taskflow.py for tasks to queue
[2024-07-01T18:08:28.148+0530] {logging_mixin.py:188} INFO - [2024-07-01T18:08:28.148+0530] {dagbag.py:545} INFO - Filling up the DagBag from /home/bharat/.local/lib/python3.11/site-packages/airflow/example_dags/example_setup_teardown_taskflow.py
[2024-07-01T18:08:28.156+0530] {processor.py:840} INFO - DAG(s) 'example_setup_teardown_taskflow' retrieved from /home/bharat/.local/lib/python3.11/site-packages/airflow/example_dags/example_setup_teardown_taskflow.py
[2024-07-01T18:08:28.163+0530] {logging_mixin.py:188} INFO - [2024-07-01T18:08:28.163+0530] {dag.py:3096} INFO - Sync 1 DAGs
[2024-07-01T18:08:28.170+0530] {logging_mixin.py:188} INFO - [2024-07-01T18:08:28.170+0530] {dag.py:3954} INFO - Setting next_dagrun for example_setup_teardown_taskflow to 2024-06-30 00:00:00+00:00, run_after=2024-07-01 00:00:00+00:00
[2024-07-01T18:08:28.180+0530] {processor.py:183} INFO - Processing /home/bharat/.local/lib/python3.11/site-packages/airflow/example_dags/example_setup_teardown_taskflow.py took 0.040 seconds
[2024-07-01T18:09:19.674+0530] {processor.py:161} INFO - Started process (PID=14411) to work on /home/bharat/.local/lib/python3.11/site-packages/airflow/example_dags/example_setup_teardown_taskflow.py
[2024-07-01T18:09:19.674+0530] {processor.py:830} INFO - Processing file /home/bharat/.local/lib/python3.11/site-packages/airflow/example_dags/example_setup_teardown_taskflow.py for tasks to queue
[2024-07-01T18:09:19.675+0530] {logging_mixin.py:188} INFO - [2024-07-01T18:09:19.675+0530] {dagbag.py:545} INFO - Filling up the DagBag from /home/bharat/.local/lib/python3.11/site-packages/airflow/example_dags/example_setup_teardown_taskflow.py
[2024-07-01T18:09:19.679+0530] {processor.py:840} INFO - DAG(s) 'example_setup_teardown_taskflow' retrieved from /home/bharat/.local/lib/python3.11/site-packages/airflow/example_dags/example_setup_teardown_taskflow.py
[2024-07-01T18:09:19.685+0530] {logging_mixin.py:188} INFO - [2024-07-01T18:09:19.685+0530] {dag.py:3096} INFO - Sync 1 DAGs
[2024-07-01T18:09:19.692+0530] {logging_mixin.py:188} INFO - [2024-07-01T18:09:19.692+0530] {dag.py:3954} INFO - Setting next_dagrun for example_setup_teardown_taskflow to 2024-06-30 00:00:00+00:00, run_after=2024-07-01 00:00:00+00:00
[2024-07-01T18:09:19.702+0530] {processor.py:183} INFO - Processing /home/bharat/.local/lib/python3.11/site-packages/airflow/example_dags/example_setup_teardown_taskflow.py took 0.032 seconds
[2024-07-01T18:10:13.150+0530] {processor.py:161} INFO - Started process (PID=14492) to work on /home/bharat/.local/lib/python3.11/site-packages/airflow/example_dags/example_setup_teardown_taskflow.py
[2024-07-01T18:10:13.151+0530] {processor.py:830} INFO - Processing file /home/bharat/.local/lib/python3.11/site-packages/airflow/example_dags/example_setup_teardown_taskflow.py for tasks to queue
[2024-07-01T18:10:13.152+0530] {logging_mixin.py:188} INFO - [2024-07-01T18:10:13.152+0530] {dagbag.py:545} INFO - Filling up the DagBag from /home/bharat/.local/lib/python3.11/site-packages/airflow/example_dags/example_setup_teardown_taskflow.py
[2024-07-01T18:10:13.164+0530] {processor.py:840} INFO - DAG(s) 'example_setup_teardown_taskflow' retrieved from /home/bharat/.local/lib/python3.11/site-packages/airflow/example_dags/example_setup_teardown_taskflow.py
[2024-07-01T18:10:13.175+0530] {logging_mixin.py:188} INFO - [2024-07-01T18:10:13.174+0530] {dag.py:3096} INFO - Sync 1 DAGs
[2024-07-01T18:10:13.182+0530] {logging_mixin.py:188} INFO - [2024-07-01T18:10:13.182+0530] {dag.py:3954} INFO - Setting next_dagrun for example_setup_teardown_taskflow to 2024-06-30 00:00:00+00:00, run_after=2024-07-01 00:00:00+00:00
[2024-07-01T18:10:13.191+0530] {processor.py:183} INFO - Processing /home/bharat/.local/lib/python3.11/site-packages/airflow/example_dags/example_setup_teardown_taskflow.py took 0.045 seconds
[2024-07-01T18:11:04.613+0530] {processor.py:161} INFO - Started process (PID=14598) to work on /home/bharat/.local/lib/python3.11/site-packages/airflow/example_dags/example_setup_teardown_taskflow.py
[2024-07-01T18:11:04.614+0530] {processor.py:830} INFO - Processing file /home/bharat/.local/lib/python3.11/site-packages/airflow/example_dags/example_setup_teardown_taskflow.py for tasks to queue
[2024-07-01T18:11:04.616+0530] {logging_mixin.py:188} INFO - [2024-07-01T18:11:04.615+0530] {dagbag.py:545} INFO - Filling up the DagBag from /home/bharat/.local/lib/python3.11/site-packages/airflow/example_dags/example_setup_teardown_taskflow.py
[2024-07-01T18:11:04.621+0530] {processor.py:840} INFO - DAG(s) 'example_setup_teardown_taskflow' retrieved from /home/bharat/.local/lib/python3.11/site-packages/airflow/example_dags/example_setup_teardown_taskflow.py
[2024-07-01T18:11:04.627+0530] {logging_mixin.py:188} INFO - [2024-07-01T18:11:04.627+0530] {dag.py:3096} INFO - Sync 1 DAGs
[2024-07-01T18:11:04.634+0530] {logging_mixin.py:188} INFO - [2024-07-01T18:11:04.634+0530] {dag.py:3954} INFO - Setting next_dagrun for example_setup_teardown_taskflow to 2024-06-30 00:00:00+00:00, run_after=2024-07-01 00:00:00+00:00
[2024-07-01T18:11:04.644+0530] {processor.py:183} INFO - Processing /home/bharat/.local/lib/python3.11/site-packages/airflow/example_dags/example_setup_teardown_taskflow.py took 0.038 seconds
[2024-07-01T18:11:57.252+0530] {processor.py:161} INFO - Started process (PID=14731) to work on /home/bharat/.local/lib/python3.11/site-packages/airflow/example_dags/example_setup_teardown_taskflow.py
[2024-07-01T18:11:57.253+0530] {processor.py:830} INFO - Processing file /home/bharat/.local/lib/python3.11/site-packages/airflow/example_dags/example_setup_teardown_taskflow.py for tasks to queue
[2024-07-01T18:11:57.255+0530] {logging_mixin.py:188} INFO - [2024-07-01T18:11:57.255+0530] {dagbag.py:545} INFO - Filling up the DagBag from /home/bharat/.local/lib/python3.11/site-packages/airflow/example_dags/example_setup_teardown_taskflow.py
[2024-07-01T18:11:57.263+0530] {processor.py:840} INFO - DAG(s) 'example_setup_teardown_taskflow' retrieved from /home/bharat/.local/lib/python3.11/site-packages/airflow/example_dags/example_setup_teardown_taskflow.py
[2024-07-01T18:11:57.269+0530] {logging_mixin.py:188} INFO - [2024-07-01T18:11:57.269+0530] {dag.py:3096} INFO - Sync 1 DAGs
[2024-07-01T18:11:57.277+0530] {logging_mixin.py:188} INFO - [2024-07-01T18:11:57.276+0530] {dag.py:3954} INFO - Setting next_dagrun for example_setup_teardown_taskflow to 2024-06-30 00:00:00+00:00, run_after=2024-07-01 00:00:00+00:00
[2024-07-01T18:11:57.286+0530] {processor.py:183} INFO - Processing /home/bharat/.local/lib/python3.11/site-packages/airflow/example_dags/example_setup_teardown_taskflow.py took 0.040 seconds
[2024-07-01T18:12:48.493+0530] {processor.py:161} INFO - Started process (PID=15050) to work on /home/bharat/.local/lib/python3.11/site-packages/airflow/example_dags/example_setup_teardown_taskflow.py
[2024-07-01T18:12:48.493+0530] {processor.py:830} INFO - Processing file /home/bharat/.local/lib/python3.11/site-packages/airflow/example_dags/example_setup_teardown_taskflow.py for tasks to queue
[2024-07-01T18:12:48.494+0530] {logging_mixin.py:188} INFO - [2024-07-01T18:12:48.494+0530] {dagbag.py:545} INFO - Filling up the DagBag from /home/bharat/.local/lib/python3.11/site-packages/airflow/example_dags/example_setup_teardown_taskflow.py
[2024-07-01T18:12:48.498+0530] {processor.py:840} INFO - DAG(s) 'example_setup_teardown_taskflow' retrieved from /home/bharat/.local/lib/python3.11/site-packages/airflow/example_dags/example_setup_teardown_taskflow.py
[2024-07-01T18:12:48.508+0530] {logging_mixin.py:188} INFO - [2024-07-01T18:12:48.508+0530] {dag.py:3096} INFO - Sync 1 DAGs
[2024-07-01T18:12:48.517+0530] {logging_mixin.py:188} INFO - [2024-07-01T18:12:48.516+0530] {dag.py:3954} INFO - Setting next_dagrun for example_setup_teardown_taskflow to 2024-06-30 00:00:00+00:00, run_after=2024-07-01 00:00:00+00:00
[2024-07-01T18:12:48.526+0530] {processor.py:183} INFO - Processing /home/bharat/.local/lib/python3.11/site-packages/airflow/example_dags/example_setup_teardown_taskflow.py took 0.038 seconds
