[2024-07-01T17:48:46.469+0530] {processor.py:161} INFO - Started process (PID=11036) to work on /home/bharat/.local/lib/python3.11/site-packages/airflow/example_dags/example_display_name.py
[2024-07-01T17:48:46.470+0530] {processor.py:830} INFO - Processing file /home/bharat/.local/lib/python3.11/site-packages/airflow/example_dags/example_display_name.py for tasks to queue
[2024-07-01T17:48:46.470+0530] {logging_mixin.py:188} INFO - [2024-07-01T17:48:46.470+0530] {dagbag.py:545} INFO - Filling up the DagBag from /home/bharat/.local/lib/python3.11/site-packages/airflow/example_dags/example_display_name.py
[2024-07-01T17:48:46.473+0530] {processor.py:840} INFO - DAG(s) 'example_display_name' retrieved from /home/bharat/.local/lib/python3.11/site-packages/airflow/example_dags/example_display_name.py
[2024-07-01T17:48:46.554+0530] {logging_mixin.py:188} INFO - [2024-07-01T17:48:46.554+0530] {dag.py:3096} INFO - Sync 1 DAGs
[2024-07-01T17:48:46.557+0530] {logging_mixin.py:188} INFO - [2024-07-01T17:48:46.557+0530] {dag.py:3954} INFO - Setting next_dagrun for example_display_name to None, run_after=None
[2024-07-01T17:48:46.566+0530] {processor.py:183} INFO - Processing /home/bharat/.local/lib/python3.11/site-packages/airflow/example_dags/example_display_name.py took 0.102 seconds
[2024-07-01T17:50:02.630+0530] {processor.py:161} INFO - Started process (PID=11428) to work on /home/bharat/.local/lib/python3.11/site-packages/airflow/example_dags/example_display_name.py
[2024-07-01T17:50:02.630+0530] {processor.py:830} INFO - Processing file /home/bharat/.local/lib/python3.11/site-packages/airflow/example_dags/example_display_name.py for tasks to queue
[2024-07-01T17:50:02.631+0530] {logging_mixin.py:188} INFO - [2024-07-01T17:50:02.631+0530] {dagbag.py:545} INFO - Filling up the DagBag from /home/bharat/.local/lib/python3.11/site-packages/airflow/example_dags/example_display_name.py
[2024-07-01T17:50:02.634+0530] {processor.py:840} INFO - DAG(s) 'example_display_name' retrieved from /home/bharat/.local/lib/python3.11/site-packages/airflow/example_dags/example_display_name.py
[2024-07-01T17:50:02.640+0530] {logging_mixin.py:188} INFO - [2024-07-01T17:50:02.640+0530] {dag.py:3096} INFO - Sync 1 DAGs
[2024-07-01T17:50:02.645+0530] {logging_mixin.py:188} INFO - [2024-07-01T17:50:02.644+0530] {dag.py:3954} INFO - Setting next_dagrun for example_display_name to None, run_after=None
[2024-07-01T17:50:02.654+0530] {processor.py:183} INFO - Processing /home/bharat/.local/lib/python3.11/site-packages/airflow/example_dags/example_display_name.py took 0.029 seconds
[2024-07-01T17:50:58.068+0530] {processor.py:161} INFO - Started process (PID=11509) to work on /home/bharat/.local/lib/python3.11/site-packages/airflow/example_dags/example_display_name.py
[2024-07-01T17:50:58.070+0530] {processor.py:830} INFO - Processing file /home/bharat/.local/lib/python3.11/site-packages/airflow/example_dags/example_display_name.py for tasks to queue
[2024-07-01T17:50:58.073+0530] {logging_mixin.py:188} INFO - [2024-07-01T17:50:58.072+0530] {dagbag.py:545} INFO - Filling up the DagBag from /home/bharat/.local/lib/python3.11/site-packages/airflow/example_dags/example_display_name.py
[2024-07-01T17:50:58.080+0530] {processor.py:840} INFO - DAG(s) 'example_display_name' retrieved from /home/bharat/.local/lib/python3.11/site-packages/airflow/example_dags/example_display_name.py
[2024-07-01T17:50:58.087+0530] {logging_mixin.py:188} INFO - [2024-07-01T17:50:58.087+0530] {dag.py:3096} INFO - Sync 1 DAGs
[2024-07-01T17:50:58.091+0530] {logging_mixin.py:188} INFO - [2024-07-01T17:50:58.091+0530] {dag.py:3954} INFO - Setting next_dagrun for example_display_name to None, run_after=None
[2024-07-01T17:50:58.101+0530] {processor.py:183} INFO - Processing /home/bharat/.local/lib/python3.11/site-packages/airflow/example_dags/example_display_name.py took 0.036 seconds
[2024-07-01T17:52:04.679+0530] {processor.py:161} INFO - Started process (PID=11982) to work on /home/bharat/.local/lib/python3.11/site-packages/airflow/example_dags/example_display_name.py
[2024-07-01T17:52:04.680+0530] {processor.py:830} INFO - Processing file /home/bharat/.local/lib/python3.11/site-packages/airflow/example_dags/example_display_name.py for tasks to queue
[2024-07-01T17:52:04.681+0530] {logging_mixin.py:188} INFO - [2024-07-01T17:52:04.681+0530] {dagbag.py:545} INFO - Filling up the DagBag from /home/bharat/.local/lib/python3.11/site-packages/airflow/example_dags/example_display_name.py
[2024-07-01T17:52:04.689+0530] {processor.py:840} INFO - DAG(s) 'example_display_name' retrieved from /home/bharat/.local/lib/python3.11/site-packages/airflow/example_dags/example_display_name.py
[2024-07-01T17:52:04.702+0530] {logging_mixin.py:188} INFO - [2024-07-01T17:52:04.702+0530] {dag.py:3096} INFO - Sync 1 DAGs
[2024-07-01T17:52:04.707+0530] {logging_mixin.py:188} INFO - [2024-07-01T17:52:04.707+0530] {dag.py:3954} INFO - Setting next_dagrun for example_display_name to None, run_after=None
[2024-07-01T17:52:04.716+0530] {processor.py:183} INFO - Processing /home/bharat/.local/lib/python3.11/site-packages/airflow/example_dags/example_display_name.py took 0.041 seconds
[2024-07-01T17:53:05.971+0530] {processor.py:161} INFO - Started process (PID=12110) to work on /home/bharat/.local/lib/python3.11/site-packages/airflow/example_dags/example_display_name.py
[2024-07-01T17:53:05.971+0530] {processor.py:830} INFO - Processing file /home/bharat/.local/lib/python3.11/site-packages/airflow/example_dags/example_display_name.py for tasks to queue
[2024-07-01T17:53:05.973+0530] {logging_mixin.py:188} INFO - [2024-07-01T17:53:05.972+0530] {dagbag.py:545} INFO - Filling up the DagBag from /home/bharat/.local/lib/python3.11/site-packages/airflow/example_dags/example_display_name.py
[2024-07-01T17:53:05.979+0530] {processor.py:840} INFO - DAG(s) 'example_display_name' retrieved from /home/bharat/.local/lib/python3.11/site-packages/airflow/example_dags/example_display_name.py
[2024-07-01T17:53:05.986+0530] {logging_mixin.py:188} INFO - [2024-07-01T17:53:05.986+0530] {dag.py:3096} INFO - Sync 1 DAGs
[2024-07-01T17:53:05.990+0530] {logging_mixin.py:188} INFO - [2024-07-01T17:53:05.990+0530] {dag.py:3954} INFO - Setting next_dagrun for example_display_name to None, run_after=None
[2024-07-01T17:53:06.000+0530] {processor.py:183} INFO - Processing /home/bharat/.local/lib/python3.11/site-packages/airflow/example_dags/example_display_name.py took 0.033 seconds
[2024-07-01T17:54:09.113+0530] {processor.py:161} INFO - Started process (PID=12498) to work on /home/bharat/.local/lib/python3.11/site-packages/airflow/example_dags/example_display_name.py
[2024-07-01T17:54:09.115+0530] {processor.py:830} INFO - Processing file /home/bharat/.local/lib/python3.11/site-packages/airflow/example_dags/example_display_name.py for tasks to queue
[2024-07-01T17:54:09.118+0530] {logging_mixin.py:188} INFO - [2024-07-01T17:54:09.117+0530] {dagbag.py:545} INFO - Filling up the DagBag from /home/bharat/.local/lib/python3.11/site-packages/airflow/example_dags/example_display_name.py
[2024-07-01T17:54:09.125+0530] {processor.py:840} INFO - DAG(s) 'example_display_name' retrieved from /home/bharat/.local/lib/python3.11/site-packages/airflow/example_dags/example_display_name.py
[2024-07-01T17:54:09.133+0530] {logging_mixin.py:188} INFO - [2024-07-01T17:54:09.133+0530] {dag.py:3096} INFO - Sync 1 DAGs
[2024-07-01T17:54:09.138+0530] {logging_mixin.py:188} INFO - [2024-07-01T17:54:09.138+0530] {dag.py:3954} INFO - Setting next_dagrun for example_display_name to None, run_after=None
[2024-07-01T17:54:09.147+0530] {processor.py:183} INFO - Processing /home/bharat/.local/lib/python3.11/site-packages/airflow/example_dags/example_display_name.py took 0.041 seconds
[2024-07-01T17:55:12.255+0530] {processor.py:161} INFO - Started process (PID=12597) to work on /home/bharat/.local/lib/python3.11/site-packages/airflow/example_dags/example_display_name.py
[2024-07-01T17:55:12.256+0530] {processor.py:830} INFO - Processing file /home/bharat/.local/lib/python3.11/site-packages/airflow/example_dags/example_display_name.py for tasks to queue
[2024-07-01T17:55:12.258+0530] {logging_mixin.py:188} INFO - [2024-07-01T17:55:12.258+0530] {dagbag.py:545} INFO - Filling up the DagBag from /home/bharat/.local/lib/python3.11/site-packages/airflow/example_dags/example_display_name.py
[2024-07-01T17:55:12.262+0530] {processor.py:840} INFO - DAG(s) 'example_display_name' retrieved from /home/bharat/.local/lib/python3.11/site-packages/airflow/example_dags/example_display_name.py
[2024-07-01T17:55:12.268+0530] {logging_mixin.py:188} INFO - [2024-07-01T17:55:12.268+0530] {dag.py:3096} INFO - Sync 1 DAGs
[2024-07-01T17:55:12.273+0530] {logging_mixin.py:188} INFO - [2024-07-01T17:55:12.273+0530] {dag.py:3954} INFO - Setting next_dagrun for example_display_name to None, run_after=None
[2024-07-01T17:55:12.282+0530] {processor.py:183} INFO - Processing /home/bharat/.local/lib/python3.11/site-packages/airflow/example_dags/example_display_name.py took 0.036 seconds
[2024-07-01T17:56:04.671+0530] {processor.py:161} INFO - Started process (PID=12678) to work on /home/bharat/.local/lib/python3.11/site-packages/airflow/example_dags/example_display_name.py
[2024-07-01T17:56:04.672+0530] {processor.py:830} INFO - Processing file /home/bharat/.local/lib/python3.11/site-packages/airflow/example_dags/example_display_name.py for tasks to queue
[2024-07-01T17:56:04.673+0530] {logging_mixin.py:188} INFO - [2024-07-01T17:56:04.672+0530] {dagbag.py:545} INFO - Filling up the DagBag from /home/bharat/.local/lib/python3.11/site-packages/airflow/example_dags/example_display_name.py
[2024-07-01T17:56:04.675+0530] {processor.py:840} INFO - DAG(s) 'example_display_name' retrieved from /home/bharat/.local/lib/python3.11/site-packages/airflow/example_dags/example_display_name.py
[2024-07-01T17:56:04.681+0530] {logging_mixin.py:188} INFO - [2024-07-01T17:56:04.681+0530] {dag.py:3096} INFO - Sync 1 DAGs
[2024-07-01T17:56:04.687+0530] {logging_mixin.py:188} INFO - [2024-07-01T17:56:04.687+0530] {dag.py:3954} INFO - Setting next_dagrun for example_display_name to None, run_after=None
[2024-07-01T17:56:04.696+0530] {processor.py:183} INFO - Processing /home/bharat/.local/lib/python3.11/site-packages/airflow/example_dags/example_display_name.py took 0.028 seconds
[2024-07-01T17:56:58.071+0530] {processor.py:161} INFO - Started process (PID=12751) to work on /home/bharat/.local/lib/python3.11/site-packages/airflow/example_dags/example_display_name.py
[2024-07-01T17:56:58.072+0530] {processor.py:830} INFO - Processing file /home/bharat/.local/lib/python3.11/site-packages/airflow/example_dags/example_display_name.py for tasks to queue
[2024-07-01T17:56:58.073+0530] {logging_mixin.py:188} INFO - [2024-07-01T17:56:58.073+0530] {dagbag.py:545} INFO - Filling up the DagBag from /home/bharat/.local/lib/python3.11/site-packages/airflow/example_dags/example_display_name.py
[2024-07-01T17:56:58.076+0530] {processor.py:840} INFO - DAG(s) 'example_display_name' retrieved from /home/bharat/.local/lib/python3.11/site-packages/airflow/example_dags/example_display_name.py
[2024-07-01T17:56:58.082+0530] {logging_mixin.py:188} INFO - [2024-07-01T17:56:58.082+0530] {dag.py:3096} INFO - Sync 1 DAGs
[2024-07-01T17:56:58.086+0530] {logging_mixin.py:188} INFO - [2024-07-01T17:56:58.086+0530] {dag.py:3954} INFO - Setting next_dagrun for example_display_name to None, run_after=None
[2024-07-01T17:56:58.096+0530] {processor.py:183} INFO - Processing /home/bharat/.local/lib/python3.11/site-packages/airflow/example_dags/example_display_name.py took 0.032 seconds
[2024-07-01T17:57:52.064+0530] {processor.py:161} INFO - Started process (PID=12825) to work on /home/bharat/.local/lib/python3.11/site-packages/airflow/example_dags/example_display_name.py
[2024-07-01T17:57:52.065+0530] {processor.py:830} INFO - Processing file /home/bharat/.local/lib/python3.11/site-packages/airflow/example_dags/example_display_name.py for tasks to queue
[2024-07-01T17:57:52.065+0530] {logging_mixin.py:188} INFO - [2024-07-01T17:57:52.065+0530] {dagbag.py:545} INFO - Filling up the DagBag from /home/bharat/.local/lib/python3.11/site-packages/airflow/example_dags/example_display_name.py
[2024-07-01T17:57:52.068+0530] {processor.py:840} INFO - DAG(s) 'example_display_name' retrieved from /home/bharat/.local/lib/python3.11/site-packages/airflow/example_dags/example_display_name.py
[2024-07-01T17:57:52.073+0530] {logging_mixin.py:188} INFO - [2024-07-01T17:57:52.073+0530] {dag.py:3096} INFO - Sync 1 DAGs
[2024-07-01T17:57:52.078+0530] {logging_mixin.py:188} INFO - [2024-07-01T17:57:52.077+0530] {dag.py:3954} INFO - Setting next_dagrun for example_display_name to None, run_after=None
[2024-07-01T17:57:52.087+0530] {processor.py:183} INFO - Processing /home/bharat/.local/lib/python3.11/site-packages/airflow/example_dags/example_display_name.py took 0.029 seconds
[2024-07-01T17:58:43.429+0530] {processor.py:161} INFO - Started process (PID=12926) to work on /home/bharat/.local/lib/python3.11/site-packages/airflow/example_dags/example_display_name.py
[2024-07-01T17:58:43.429+0530] {processor.py:830} INFO - Processing file /home/bharat/.local/lib/python3.11/site-packages/airflow/example_dags/example_display_name.py for tasks to queue
[2024-07-01T17:58:43.430+0530] {logging_mixin.py:188} INFO - [2024-07-01T17:58:43.430+0530] {dagbag.py:545} INFO - Filling up the DagBag from /home/bharat/.local/lib/python3.11/site-packages/airflow/example_dags/example_display_name.py
[2024-07-01T17:58:43.432+0530] {processor.py:840} INFO - DAG(s) 'example_display_name' retrieved from /home/bharat/.local/lib/python3.11/site-packages/airflow/example_dags/example_display_name.py
[2024-07-01T17:58:43.439+0530] {logging_mixin.py:188} INFO - [2024-07-01T17:58:43.439+0530] {dag.py:3096} INFO - Sync 1 DAGs
[2024-07-01T17:58:43.447+0530] {logging_mixin.py:188} INFO - [2024-07-01T17:58:43.447+0530] {dag.py:3954} INFO - Setting next_dagrun for example_display_name to None, run_after=None
[2024-07-01T17:58:43.457+0530] {processor.py:183} INFO - Processing /home/bharat/.local/lib/python3.11/site-packages/airflow/example_dags/example_display_name.py took 0.032 seconds
[2024-07-01T18:00:00.287+0530] {processor.py:161} INFO - Started process (PID=13025) to work on /home/bharat/.local/lib/python3.11/site-packages/airflow/example_dags/example_display_name.py
[2024-07-01T18:00:00.288+0530] {processor.py:830} INFO - Processing file /home/bharat/.local/lib/python3.11/site-packages/airflow/example_dags/example_display_name.py for tasks to queue
[2024-07-01T18:00:00.289+0530] {logging_mixin.py:188} INFO - [2024-07-01T18:00:00.289+0530] {dagbag.py:545} INFO - Filling up the DagBag from /home/bharat/.local/lib/python3.11/site-packages/airflow/example_dags/example_display_name.py
[2024-07-01T18:00:00.293+0530] {processor.py:840} INFO - DAG(s) 'example_display_name' retrieved from /home/bharat/.local/lib/python3.11/site-packages/airflow/example_dags/example_display_name.py
[2024-07-01T18:00:00.299+0530] {logging_mixin.py:188} INFO - [2024-07-01T18:00:00.299+0530] {dag.py:3096} INFO - Sync 1 DAGs
[2024-07-01T18:00:00.303+0530] {logging_mixin.py:188} INFO - [2024-07-01T18:00:00.303+0530] {dag.py:3954} INFO - Setting next_dagrun for example_display_name to None, run_after=None
[2024-07-01T18:00:00.312+0530] {processor.py:183} INFO - Processing /home/bharat/.local/lib/python3.11/site-packages/airflow/example_dags/example_display_name.py took 0.034 seconds
[2024-07-01T18:00:51.882+0530] {processor.py:161} INFO - Started process (PID=13102) to work on /home/bharat/.local/lib/python3.11/site-packages/airflow/example_dags/example_display_name.py
[2024-07-01T18:00:51.883+0530] {processor.py:830} INFO - Processing file /home/bharat/.local/lib/python3.11/site-packages/airflow/example_dags/example_display_name.py for tasks to queue
[2024-07-01T18:00:51.884+0530] {logging_mixin.py:188} INFO - [2024-07-01T18:00:51.884+0530] {dagbag.py:545} INFO - Filling up the DagBag from /home/bharat/.local/lib/python3.11/site-packages/airflow/example_dags/example_display_name.py
[2024-07-01T18:00:51.887+0530] {processor.py:840} INFO - DAG(s) 'example_display_name' retrieved from /home/bharat/.local/lib/python3.11/site-packages/airflow/example_dags/example_display_name.py
[2024-07-01T18:00:51.893+0530] {logging_mixin.py:188} INFO - [2024-07-01T18:00:51.893+0530] {dag.py:3096} INFO - Sync 1 DAGs
[2024-07-01T18:00:51.897+0530] {logging_mixin.py:188} INFO - [2024-07-01T18:00:51.897+0530] {dag.py:3954} INFO - Setting next_dagrun for example_display_name to None, run_after=None
[2024-07-01T18:00:51.907+0530] {processor.py:183} INFO - Processing /home/bharat/.local/lib/python3.11/site-packages/airflow/example_dags/example_display_name.py took 0.030 seconds
[2024-07-01T18:01:43.362+0530] {processor.py:161} INFO - Started process (PID=13174) to work on /home/bharat/.local/lib/python3.11/site-packages/airflow/example_dags/example_display_name.py
[2024-07-01T18:01:43.362+0530] {processor.py:830} INFO - Processing file /home/bharat/.local/lib/python3.11/site-packages/airflow/example_dags/example_display_name.py for tasks to queue
[2024-07-01T18:01:43.363+0530] {logging_mixin.py:188} INFO - [2024-07-01T18:01:43.363+0530] {dagbag.py:545} INFO - Filling up the DagBag from /home/bharat/.local/lib/python3.11/site-packages/airflow/example_dags/example_display_name.py
[2024-07-01T18:01:43.369+0530] {processor.py:840} INFO - DAG(s) 'example_display_name' retrieved from /home/bharat/.local/lib/python3.11/site-packages/airflow/example_dags/example_display_name.py
[2024-07-01T18:01:43.382+0530] {logging_mixin.py:188} INFO - [2024-07-01T18:01:43.382+0530] {dag.py:3096} INFO - Sync 1 DAGs
[2024-07-01T18:01:43.386+0530] {logging_mixin.py:188} INFO - [2024-07-01T18:01:43.386+0530] {dag.py:3954} INFO - Setting next_dagrun for example_display_name to None, run_after=None
[2024-07-01T18:01:43.396+0530] {processor.py:183} INFO - Processing /home/bharat/.local/lib/python3.11/site-packages/airflow/example_dags/example_display_name.py took 0.039 seconds
[2024-07-01T18:02:36.994+0530] {processor.py:161} INFO - Started process (PID=13247) to work on /home/bharat/.local/lib/python3.11/site-packages/airflow/example_dags/example_display_name.py
[2024-07-01T18:02:36.994+0530] {processor.py:830} INFO - Processing file /home/bharat/.local/lib/python3.11/site-packages/airflow/example_dags/example_display_name.py for tasks to queue
[2024-07-01T18:02:36.995+0530] {logging_mixin.py:188} INFO - [2024-07-01T18:02:36.995+0530] {dagbag.py:545} INFO - Filling up the DagBag from /home/bharat/.local/lib/python3.11/site-packages/airflow/example_dags/example_display_name.py
[2024-07-01T18:02:36.998+0530] {processor.py:840} INFO - DAG(s) 'example_display_name' retrieved from /home/bharat/.local/lib/python3.11/site-packages/airflow/example_dags/example_display_name.py
[2024-07-01T18:02:37.004+0530] {logging_mixin.py:188} INFO - [2024-07-01T18:02:37.004+0530] {dag.py:3096} INFO - Sync 1 DAGs
[2024-07-01T18:02:37.008+0530] {logging_mixin.py:188} INFO - [2024-07-01T18:02:37.008+0530] {dag.py:3954} INFO - Setting next_dagrun for example_display_name to None, run_after=None
[2024-07-01T18:02:37.018+0530] {processor.py:183} INFO - Processing /home/bharat/.local/lib/python3.11/site-packages/airflow/example_dags/example_display_name.py took 0.026 seconds
[2024-07-01T18:03:29.870+0530] {processor.py:161} INFO - Started process (PID=13349) to work on /home/bharat/.local/lib/python3.11/site-packages/airflow/example_dags/example_display_name.py
[2024-07-01T18:03:29.871+0530] {processor.py:830} INFO - Processing file /home/bharat/.local/lib/python3.11/site-packages/airflow/example_dags/example_display_name.py for tasks to queue
[2024-07-01T18:03:29.871+0530] {logging_mixin.py:188} INFO - [2024-07-01T18:03:29.871+0530] {dagbag.py:545} INFO - Filling up the DagBag from /home/bharat/.local/lib/python3.11/site-packages/airflow/example_dags/example_display_name.py
[2024-07-01T18:03:29.874+0530] {processor.py:840} INFO - DAG(s) 'example_display_name' retrieved from /home/bharat/.local/lib/python3.11/site-packages/airflow/example_dags/example_display_name.py
[2024-07-01T18:03:29.879+0530] {logging_mixin.py:188} INFO - [2024-07-01T18:03:29.879+0530] {dag.py:3096} INFO - Sync 1 DAGs
[2024-07-01T18:03:29.883+0530] {logging_mixin.py:188} INFO - [2024-07-01T18:03:29.883+0530] {dag.py:3954} INFO - Setting next_dagrun for example_display_name to None, run_after=None
[2024-07-01T18:03:29.893+0530] {processor.py:183} INFO - Processing /home/bharat/.local/lib/python3.11/site-packages/airflow/example_dags/example_display_name.py took 0.029 seconds
[2024-07-01T18:04:47.139+0530] {processor.py:161} INFO - Started process (PID=13888) to work on /home/bharat/.local/lib/python3.11/site-packages/airflow/example_dags/example_display_name.py
[2024-07-01T18:04:47.140+0530] {processor.py:830} INFO - Processing file /home/bharat/.local/lib/python3.11/site-packages/airflow/example_dags/example_display_name.py for tasks to queue
[2024-07-01T18:04:47.141+0530] {logging_mixin.py:188} INFO - [2024-07-01T18:04:47.141+0530] {dagbag.py:545} INFO - Filling up the DagBag from /home/bharat/.local/lib/python3.11/site-packages/airflow/example_dags/example_display_name.py
[2024-07-01T18:04:47.146+0530] {processor.py:840} INFO - DAG(s) 'example_display_name' retrieved from /home/bharat/.local/lib/python3.11/site-packages/airflow/example_dags/example_display_name.py
[2024-07-01T18:04:47.158+0530] {logging_mixin.py:188} INFO - [2024-07-01T18:04:47.158+0530] {dag.py:3096} INFO - Sync 1 DAGs
[2024-07-01T18:04:47.164+0530] {logging_mixin.py:188} INFO - [2024-07-01T18:04:47.164+0530] {dag.py:3954} INFO - Setting next_dagrun for example_display_name to None, run_after=None
[2024-07-01T18:04:47.174+0530] {processor.py:183} INFO - Processing /home/bharat/.local/lib/python3.11/site-packages/airflow/example_dags/example_display_name.py took 0.037 seconds
[2024-07-01T18:05:40.034+0530] {processor.py:161} INFO - Started process (PID=13976) to work on /home/bharat/.local/lib/python3.11/site-packages/airflow/example_dags/example_display_name.py
[2024-07-01T18:05:40.034+0530] {processor.py:830} INFO - Processing file /home/bharat/.local/lib/python3.11/site-packages/airflow/example_dags/example_display_name.py for tasks to queue
[2024-07-01T18:05:40.036+0530] {logging_mixin.py:188} INFO - [2024-07-01T18:05:40.036+0530] {dagbag.py:545} INFO - Filling up the DagBag from /home/bharat/.local/lib/python3.11/site-packages/airflow/example_dags/example_display_name.py
[2024-07-01T18:05:40.042+0530] {processor.py:840} INFO - DAG(s) 'example_display_name' retrieved from /home/bharat/.local/lib/python3.11/site-packages/airflow/example_dags/example_display_name.py
[2024-07-01T18:05:40.047+0530] {logging_mixin.py:188} INFO - [2024-07-01T18:05:40.047+0530] {dag.py:3096} INFO - Sync 1 DAGs
[2024-07-01T18:05:40.051+0530] {logging_mixin.py:188} INFO - [2024-07-01T18:05:40.051+0530] {dag.py:3954} INFO - Setting next_dagrun for example_display_name to None, run_after=None
[2024-07-01T18:05:40.061+0530] {processor.py:183} INFO - Processing /home/bharat/.local/lib/python3.11/site-packages/airflow/example_dags/example_display_name.py took 0.029 seconds
[2024-07-01T18:06:54.624+0530] {processor.py:161} INFO - Started process (PID=14086) to work on /home/bharat/.local/lib/python3.11/site-packages/airflow/example_dags/example_display_name.py
[2024-07-01T18:06:54.625+0530] {processor.py:830} INFO - Processing file /home/bharat/.local/lib/python3.11/site-packages/airflow/example_dags/example_display_name.py for tasks to queue
[2024-07-01T18:06:54.625+0530] {logging_mixin.py:188} INFO - [2024-07-01T18:06:54.625+0530] {dagbag.py:545} INFO - Filling up the DagBag from /home/bharat/.local/lib/python3.11/site-packages/airflow/example_dags/example_display_name.py
[2024-07-01T18:06:54.628+0530] {processor.py:840} INFO - DAG(s) 'example_display_name' retrieved from /home/bharat/.local/lib/python3.11/site-packages/airflow/example_dags/example_display_name.py
[2024-07-01T18:06:54.633+0530] {logging_mixin.py:188} INFO - [2024-07-01T18:06:54.633+0530] {dag.py:3096} INFO - Sync 1 DAGs
[2024-07-01T18:06:54.638+0530] {logging_mixin.py:188} INFO - [2024-07-01T18:06:54.637+0530] {dag.py:3954} INFO - Setting next_dagrun for example_display_name to None, run_after=None
[2024-07-01T18:06:54.647+0530] {processor.py:183} INFO - Processing /home/bharat/.local/lib/python3.11/site-packages/airflow/example_dags/example_display_name.py took 0.026 seconds
[2024-07-01T18:08:06.739+0530] {processor.py:161} INFO - Started process (PID=14214) to work on /home/bharat/.local/lib/python3.11/site-packages/airflow/example_dags/example_display_name.py
[2024-07-01T18:08:06.739+0530] {processor.py:830} INFO - Processing file /home/bharat/.local/lib/python3.11/site-packages/airflow/example_dags/example_display_name.py for tasks to queue
[2024-07-01T18:08:06.741+0530] {logging_mixin.py:188} INFO - [2024-07-01T18:08:06.740+0530] {dagbag.py:545} INFO - Filling up the DagBag from /home/bharat/.local/lib/python3.11/site-packages/airflow/example_dags/example_display_name.py
[2024-07-01T18:08:06.744+0530] {processor.py:840} INFO - DAG(s) 'example_display_name' retrieved from /home/bharat/.local/lib/python3.11/site-packages/airflow/example_dags/example_display_name.py
[2024-07-01T18:08:06.749+0530] {logging_mixin.py:188} INFO - [2024-07-01T18:08:06.749+0530] {dag.py:3096} INFO - Sync 1 DAGs
[2024-07-01T18:08:06.754+0530] {logging_mixin.py:188} INFO - [2024-07-01T18:08:06.754+0530] {dag.py:3954} INFO - Setting next_dagrun for example_display_name to None, run_after=None
[2024-07-01T18:08:06.763+0530] {processor.py:183} INFO - Processing /home/bharat/.local/lib/python3.11/site-packages/airflow/example_dags/example_display_name.py took 0.031 seconds
[2024-07-01T18:09:00.817+0530] {processor.py:161} INFO - Started process (PID=14310) to work on /home/bharat/.local/lib/python3.11/site-packages/airflow/example_dags/example_display_name.py
[2024-07-01T18:09:00.818+0530] {processor.py:830} INFO - Processing file /home/bharat/.local/lib/python3.11/site-packages/airflow/example_dags/example_display_name.py for tasks to queue
[2024-07-01T18:09:00.819+0530] {logging_mixin.py:188} INFO - [2024-07-01T18:09:00.819+0530] {dagbag.py:545} INFO - Filling up the DagBag from /home/bharat/.local/lib/python3.11/site-packages/airflow/example_dags/example_display_name.py
[2024-07-01T18:09:00.824+0530] {processor.py:840} INFO - DAG(s) 'example_display_name' retrieved from /home/bharat/.local/lib/python3.11/site-packages/airflow/example_dags/example_display_name.py
[2024-07-01T18:09:00.831+0530] {logging_mixin.py:188} INFO - [2024-07-01T18:09:00.831+0530] {dag.py:3096} INFO - Sync 1 DAGs
[2024-07-01T18:09:00.835+0530] {logging_mixin.py:188} INFO - [2024-07-01T18:09:00.835+0530] {dag.py:3954} INFO - Setting next_dagrun for example_display_name to None, run_after=None
[2024-07-01T18:09:00.845+0530] {processor.py:183} INFO - Processing /home/bharat/.local/lib/python3.11/site-packages/airflow/example_dags/example_display_name.py took 0.033 seconds
[2024-07-01T18:09:54.939+0530] {processor.py:161} INFO - Started process (PID=14472) to work on /home/bharat/.local/lib/python3.11/site-packages/airflow/example_dags/example_display_name.py
[2024-07-01T18:09:54.939+0530] {processor.py:830} INFO - Processing file /home/bharat/.local/lib/python3.11/site-packages/airflow/example_dags/example_display_name.py for tasks to queue
[2024-07-01T18:09:54.940+0530] {logging_mixin.py:188} INFO - [2024-07-01T18:09:54.940+0530] {dagbag.py:545} INFO - Filling up the DagBag from /home/bharat/.local/lib/python3.11/site-packages/airflow/example_dags/example_display_name.py
[2024-07-01T18:09:54.942+0530] {processor.py:840} INFO - DAG(s) 'example_display_name' retrieved from /home/bharat/.local/lib/python3.11/site-packages/airflow/example_dags/example_display_name.py
[2024-07-01T18:09:54.948+0530] {logging_mixin.py:188} INFO - [2024-07-01T18:09:54.948+0530] {dag.py:3096} INFO - Sync 1 DAGs
[2024-07-01T18:09:54.953+0530] {logging_mixin.py:188} INFO - [2024-07-01T18:09:54.953+0530] {dag.py:3954} INFO - Setting next_dagrun for example_display_name to None, run_after=None
[2024-07-01T18:09:54.962+0530] {processor.py:183} INFO - Processing /home/bharat/.local/lib/python3.11/site-packages/airflow/example_dags/example_display_name.py took 0.026 seconds
[2024-07-01T18:11:09.436+0530] {processor.py:161} INFO - Started process (PID=14605) to work on /home/bharat/.local/lib/python3.11/site-packages/airflow/example_dags/example_display_name.py
[2024-07-01T18:11:09.437+0530] {processor.py:830} INFO - Processing file /home/bharat/.local/lib/python3.11/site-packages/airflow/example_dags/example_display_name.py for tasks to queue
[2024-07-01T18:11:09.438+0530] {logging_mixin.py:188} INFO - [2024-07-01T18:11:09.438+0530] {dagbag.py:545} INFO - Filling up the DagBag from /home/bharat/.local/lib/python3.11/site-packages/airflow/example_dags/example_display_name.py
[2024-07-01T18:11:09.442+0530] {processor.py:840} INFO - DAG(s) 'example_display_name' retrieved from /home/bharat/.local/lib/python3.11/site-packages/airflow/example_dags/example_display_name.py
[2024-07-01T18:11:09.448+0530] {logging_mixin.py:188} INFO - [2024-07-01T18:11:09.448+0530] {dag.py:3096} INFO - Sync 1 DAGs
[2024-07-01T18:11:09.452+0530] {logging_mixin.py:188} INFO - [2024-07-01T18:11:09.452+0530] {dag.py:3954} INFO - Setting next_dagrun for example_display_name to None, run_after=None
[2024-07-01T18:11:09.462+0530] {processor.py:183} INFO - Processing /home/bharat/.local/lib/python3.11/site-packages/airflow/example_dags/example_display_name.py took 0.032 seconds
[2024-07-01T18:12:03.456+0530] {processor.py:161} INFO - Started process (PID=14746) to work on /home/bharat/.local/lib/python3.11/site-packages/airflow/example_dags/example_display_name.py
[2024-07-01T18:12:03.457+0530] {processor.py:830} INFO - Processing file /home/bharat/.local/lib/python3.11/site-packages/airflow/example_dags/example_display_name.py for tasks to queue
[2024-07-01T18:12:03.457+0530] {logging_mixin.py:188} INFO - [2024-07-01T18:12:03.457+0530] {dagbag.py:545} INFO - Filling up the DagBag from /home/bharat/.local/lib/python3.11/site-packages/airflow/example_dags/example_display_name.py
[2024-07-01T18:12:03.460+0530] {processor.py:840} INFO - DAG(s) 'example_display_name' retrieved from /home/bharat/.local/lib/python3.11/site-packages/airflow/example_dags/example_display_name.py
[2024-07-01T18:12:03.465+0530] {logging_mixin.py:188} INFO - [2024-07-01T18:12:03.465+0530] {dag.py:3096} INFO - Sync 1 DAGs
[2024-07-01T18:12:03.470+0530] {logging_mixin.py:188} INFO - [2024-07-01T18:12:03.470+0530] {dag.py:3954} INFO - Setting next_dagrun for example_display_name to None, run_after=None
[2024-07-01T18:12:03.480+0530] {processor.py:183} INFO - Processing /home/bharat/.local/lib/python3.11/site-packages/airflow/example_dags/example_display_name.py took 0.030 seconds
[2024-07-01T18:12:54.764+0530] {processor.py:161} INFO - Started process (PID=15106) to work on /home/bharat/.local/lib/python3.11/site-packages/airflow/example_dags/example_display_name.py
[2024-07-01T18:12:54.765+0530] {processor.py:830} INFO - Processing file /home/bharat/.local/lib/python3.11/site-packages/airflow/example_dags/example_display_name.py for tasks to queue
[2024-07-01T18:12:54.766+0530] {logging_mixin.py:188} INFO - [2024-07-01T18:12:54.765+0530] {dagbag.py:545} INFO - Filling up the DagBag from /home/bharat/.local/lib/python3.11/site-packages/airflow/example_dags/example_display_name.py
[2024-07-01T18:12:54.768+0530] {processor.py:840} INFO - DAG(s) 'example_display_name' retrieved from /home/bharat/.local/lib/python3.11/site-packages/airflow/example_dags/example_display_name.py
[2024-07-01T18:12:54.774+0530] {logging_mixin.py:188} INFO - [2024-07-01T18:12:54.774+0530] {dag.py:3096} INFO - Sync 1 DAGs
[2024-07-01T18:12:54.778+0530] {logging_mixin.py:188} INFO - [2024-07-01T18:12:54.778+0530] {dag.py:3954} INFO - Setting next_dagrun for example_display_name to None, run_after=None
[2024-07-01T18:12:54.788+0530] {processor.py:183} INFO - Processing /home/bharat/.local/lib/python3.11/site-packages/airflow/example_dags/example_display_name.py took 0.030 seconds
