[2024-07-01T17:49:00.144+0530] {processor.py:161} INFO - Started process (PID=11313) to work on /home/bharat/.local/lib/python3.11/site-packages/airflow/example_dags/example_bash_operator.py
[2024-07-01T17:49:00.144+0530] {processor.py:830} INFO - Processing file /home/bharat/.local/lib/python3.11/site-packages/airflow/example_dags/example_bash_operator.py for tasks to queue
[2024-07-01T17:49:00.145+0530] {logging_mixin.py:188} INFO - [2024-07-01T17:49:00.145+0530] {dagbag.py:545} INFO - Filling up the DagBag from /home/bharat/.local/lib/python3.11/site-packages/airflow/example_dags/example_bash_operator.py
[2024-07-01T17:49:00.150+0530] {processor.py:840} INFO - DAG(s) 'example_bash_operator' retrieved from /home/bharat/.local/lib/python3.11/site-packages/airflow/example_dags/example_bash_operator.py
[2024-07-01T17:49:00.232+0530] {logging_mixin.py:188} INFO - [2024-07-01T17:49:00.232+0530] {dag.py:3096} INFO - Sync 1 DAGs
[2024-07-01T17:49:00.239+0530] {logging_mixin.py:188} INFO - [2024-07-01T17:49:00.238+0530] {dag.py:3954} INFO - Setting next_dagrun for example_bash_operator to 2024-06-30 00:00:00+00:00, run_after=2024-07-01 00:00:00+00:00
[2024-07-01T17:49:00.247+0530] {processor.py:183} INFO - Processing /home/bharat/.local/lib/python3.11/site-packages/airflow/example_dags/example_bash_operator.py took 0.106 seconds
[2024-07-01T17:50:04.158+0530] {processor.py:161} INFO - Started process (PID=11430) to work on /home/bharat/.local/lib/python3.11/site-packages/airflow/example_dags/example_bash_operator.py
[2024-07-01T17:50:04.159+0530] {processor.py:830} INFO - Processing file /home/bharat/.local/lib/python3.11/site-packages/airflow/example_dags/example_bash_operator.py for tasks to queue
[2024-07-01T17:50:04.160+0530] {logging_mixin.py:188} INFO - [2024-07-01T17:50:04.160+0530] {dagbag.py:545} INFO - Filling up the DagBag from /home/bharat/.local/lib/python3.11/site-packages/airflow/example_dags/example_bash_operator.py
[2024-07-01T17:50:04.165+0530] {processor.py:840} INFO - DAG(s) 'example_bash_operator' retrieved from /home/bharat/.local/lib/python3.11/site-packages/airflow/example_dags/example_bash_operator.py
[2024-07-01T17:50:04.173+0530] {logging_mixin.py:188} INFO - [2024-07-01T17:50:04.173+0530] {dag.py:3096} INFO - Sync 1 DAGs
[2024-07-01T17:50:04.181+0530] {logging_mixin.py:188} INFO - [2024-07-01T17:50:04.181+0530] {dag.py:3954} INFO - Setting next_dagrun for example_bash_operator to 2024-06-30 00:00:00+00:00, run_after=2024-07-01 00:00:00+00:00
[2024-07-01T17:50:04.191+0530] {processor.py:183} INFO - Processing /home/bharat/.local/lib/python3.11/site-packages/airflow/example_dags/example_bash_operator.py took 0.038 seconds
[2024-07-01T17:50:59.382+0530] {processor.py:161} INFO - Started process (PID=11511) to work on /home/bharat/.local/lib/python3.11/site-packages/airflow/example_dags/example_bash_operator.py
[2024-07-01T17:50:59.382+0530] {processor.py:830} INFO - Processing file /home/bharat/.local/lib/python3.11/site-packages/airflow/example_dags/example_bash_operator.py for tasks to queue
[2024-07-01T17:50:59.383+0530] {logging_mixin.py:188} INFO - [2024-07-01T17:50:59.383+0530] {dagbag.py:545} INFO - Filling up the DagBag from /home/bharat/.local/lib/python3.11/site-packages/airflow/example_dags/example_bash_operator.py
[2024-07-01T17:50:59.389+0530] {processor.py:840} INFO - DAG(s) 'example_bash_operator' retrieved from /home/bharat/.local/lib/python3.11/site-packages/airflow/example_dags/example_bash_operator.py
[2024-07-01T17:50:59.397+0530] {logging_mixin.py:188} INFO - [2024-07-01T17:50:59.397+0530] {dag.py:3096} INFO - Sync 1 DAGs
[2024-07-01T17:50:59.405+0530] {logging_mixin.py:188} INFO - [2024-07-01T17:50:59.405+0530] {dag.py:3954} INFO - Setting next_dagrun for example_bash_operator to 2024-06-30 00:00:00+00:00, run_after=2024-07-01 00:00:00+00:00
[2024-07-01T17:50:59.414+0530] {processor.py:183} INFO - Processing /home/bharat/.local/lib/python3.11/site-packages/airflow/example_dags/example_bash_operator.py took 0.038 seconds
[2024-07-01T17:52:06.405+0530] {processor.py:161} INFO - Started process (PID=11998) to work on /home/bharat/.local/lib/python3.11/site-packages/airflow/example_dags/example_bash_operator.py
[2024-07-01T17:52:06.405+0530] {processor.py:830} INFO - Processing file /home/bharat/.local/lib/python3.11/site-packages/airflow/example_dags/example_bash_operator.py for tasks to queue
[2024-07-01T17:52:06.406+0530] {logging_mixin.py:188} INFO - [2024-07-01T17:52:06.406+0530] {dagbag.py:545} INFO - Filling up the DagBag from /home/bharat/.local/lib/python3.11/site-packages/airflow/example_dags/example_bash_operator.py
[2024-07-01T17:52:06.411+0530] {processor.py:840} INFO - DAG(s) 'example_bash_operator' retrieved from /home/bharat/.local/lib/python3.11/site-packages/airflow/example_dags/example_bash_operator.py
[2024-07-01T17:52:06.419+0530] {logging_mixin.py:188} INFO - [2024-07-01T17:52:06.419+0530] {dag.py:3096} INFO - Sync 1 DAGs
[2024-07-01T17:52:06.427+0530] {logging_mixin.py:188} INFO - [2024-07-01T17:52:06.427+0530] {dag.py:3954} INFO - Setting next_dagrun for example_bash_operator to 2024-06-30 00:00:00+00:00, run_after=2024-07-01 00:00:00+00:00
[2024-07-01T17:52:06.437+0530] {processor.py:183} INFO - Processing /home/bharat/.local/lib/python3.11/site-packages/airflow/example_dags/example_bash_operator.py took 0.035 seconds
[2024-07-01T17:53:08.249+0530] {processor.py:161} INFO - Started process (PID=12125) to work on /home/bharat/.local/lib/python3.11/site-packages/airflow/example_dags/example_bash_operator.py
[2024-07-01T17:53:08.250+0530] {processor.py:830} INFO - Processing file /home/bharat/.local/lib/python3.11/site-packages/airflow/example_dags/example_bash_operator.py for tasks to queue
[2024-07-01T17:53:08.253+0530] {logging_mixin.py:188} INFO - [2024-07-01T17:53:08.253+0530] {dagbag.py:545} INFO - Filling up the DagBag from /home/bharat/.local/lib/python3.11/site-packages/airflow/example_dags/example_bash_operator.py
[2024-07-01T17:53:08.264+0530] {processor.py:840} INFO - DAG(s) 'example_bash_operator' retrieved from /home/bharat/.local/lib/python3.11/site-packages/airflow/example_dags/example_bash_operator.py
[2024-07-01T17:53:08.272+0530] {logging_mixin.py:188} INFO - [2024-07-01T17:53:08.272+0530] {dag.py:3096} INFO - Sync 1 DAGs
[2024-07-01T17:53:08.280+0530] {logging_mixin.py:188} INFO - [2024-07-01T17:53:08.280+0530] {dag.py:3954} INFO - Setting next_dagrun for example_bash_operator to 2024-06-30 00:00:00+00:00, run_after=2024-07-01 00:00:00+00:00
[2024-07-01T17:53:08.290+0530] {processor.py:183} INFO - Processing /home/bharat/.local/lib/python3.11/site-packages/airflow/example_dags/example_bash_operator.py took 0.051 seconds
[2024-07-01T17:54:10.543+0530] {processor.py:161} INFO - Started process (PID=12500) to work on /home/bharat/.local/lib/python3.11/site-packages/airflow/example_dags/example_bash_operator.py
[2024-07-01T17:54:10.543+0530] {processor.py:830} INFO - Processing file /home/bharat/.local/lib/python3.11/site-packages/airflow/example_dags/example_bash_operator.py for tasks to queue
[2024-07-01T17:54:10.545+0530] {logging_mixin.py:188} INFO - [2024-07-01T17:54:10.544+0530] {dagbag.py:545} INFO - Filling up the DagBag from /home/bharat/.local/lib/python3.11/site-packages/airflow/example_dags/example_bash_operator.py
[2024-07-01T17:54:10.550+0530] {processor.py:840} INFO - DAG(s) 'example_bash_operator' retrieved from /home/bharat/.local/lib/python3.11/site-packages/airflow/example_dags/example_bash_operator.py
[2024-07-01T17:54:10.559+0530] {logging_mixin.py:188} INFO - [2024-07-01T17:54:10.559+0530] {dag.py:3096} INFO - Sync 1 DAGs
[2024-07-01T17:54:10.566+0530] {logging_mixin.py:188} INFO - [2024-07-01T17:54:10.566+0530] {dag.py:3954} INFO - Setting next_dagrun for example_bash_operator to 2024-06-30 00:00:00+00:00, run_after=2024-07-01 00:00:00+00:00
[2024-07-01T17:54:10.576+0530] {processor.py:183} INFO - Processing /home/bharat/.local/lib/python3.11/site-packages/airflow/example_dags/example_bash_operator.py took 0.039 seconds
[2024-07-01T17:55:13.773+0530] {processor.py:161} INFO - Started process (PID=12599) to work on /home/bharat/.local/lib/python3.11/site-packages/airflow/example_dags/example_bash_operator.py
[2024-07-01T17:55:13.774+0530] {processor.py:830} INFO - Processing file /home/bharat/.local/lib/python3.11/site-packages/airflow/example_dags/example_bash_operator.py for tasks to queue
[2024-07-01T17:55:13.775+0530] {logging_mixin.py:188} INFO - [2024-07-01T17:55:13.775+0530] {dagbag.py:545} INFO - Filling up the DagBag from /home/bharat/.local/lib/python3.11/site-packages/airflow/example_dags/example_bash_operator.py
[2024-07-01T17:55:13.784+0530] {processor.py:840} INFO - DAG(s) 'example_bash_operator' retrieved from /home/bharat/.local/lib/python3.11/site-packages/airflow/example_dags/example_bash_operator.py
[2024-07-01T17:55:13.793+0530] {logging_mixin.py:188} INFO - [2024-07-01T17:55:13.793+0530] {dag.py:3096} INFO - Sync 1 DAGs
[2024-07-01T17:55:13.801+0530] {logging_mixin.py:188} INFO - [2024-07-01T17:55:13.801+0530] {dag.py:3954} INFO - Setting next_dagrun for example_bash_operator to 2024-06-30 00:00:00+00:00, run_after=2024-07-01 00:00:00+00:00
[2024-07-01T17:55:13.811+0530] {processor.py:183} INFO - Processing /home/bharat/.local/lib/python3.11/site-packages/airflow/example_dags/example_bash_operator.py took 0.041 seconds
[2024-07-01T17:56:29.929+0530] {processor.py:161} INFO - Started process (PID=12703) to work on /home/bharat/.local/lib/python3.11/site-packages/airflow/example_dags/example_bash_operator.py
[2024-07-01T17:56:29.930+0530] {processor.py:830} INFO - Processing file /home/bharat/.local/lib/python3.11/site-packages/airflow/example_dags/example_bash_operator.py for tasks to queue
[2024-07-01T17:56:29.931+0530] {logging_mixin.py:188} INFO - [2024-07-01T17:56:29.931+0530] {dagbag.py:545} INFO - Filling up the DagBag from /home/bharat/.local/lib/python3.11/site-packages/airflow/example_dags/example_bash_operator.py
[2024-07-01T17:56:29.935+0530] {processor.py:840} INFO - DAG(s) 'example_bash_operator' retrieved from /home/bharat/.local/lib/python3.11/site-packages/airflow/example_dags/example_bash_operator.py
[2024-07-01T17:56:29.944+0530] {logging_mixin.py:188} INFO - [2024-07-01T17:56:29.944+0530] {dag.py:3096} INFO - Sync 1 DAGs
[2024-07-01T17:56:29.951+0530] {logging_mixin.py:188} INFO - [2024-07-01T17:56:29.951+0530] {dag.py:3954} INFO - Setting next_dagrun for example_bash_operator to 2024-06-30 00:00:00+00:00, run_after=2024-07-01 00:00:00+00:00
[2024-07-01T17:56:29.961+0530] {processor.py:183} INFO - Processing /home/bharat/.local/lib/python3.11/site-packages/airflow/example_dags/example_bash_operator.py took 0.038 seconds
[2024-07-01T17:57:23.462+0530] {processor.py:161} INFO - Started process (PID=12778) to work on /home/bharat/.local/lib/python3.11/site-packages/airflow/example_dags/example_bash_operator.py
[2024-07-01T17:57:23.462+0530] {processor.py:830} INFO - Processing file /home/bharat/.local/lib/python3.11/site-packages/airflow/example_dags/example_bash_operator.py for tasks to queue
[2024-07-01T17:57:23.465+0530] {logging_mixin.py:188} INFO - [2024-07-01T17:57:23.464+0530] {dagbag.py:545} INFO - Filling up the DagBag from /home/bharat/.local/lib/python3.11/site-packages/airflow/example_dags/example_bash_operator.py
[2024-07-01T17:57:23.472+0530] {processor.py:840} INFO - DAG(s) 'example_bash_operator' retrieved from /home/bharat/.local/lib/python3.11/site-packages/airflow/example_dags/example_bash_operator.py
[2024-07-01T17:57:23.481+0530] {logging_mixin.py:188} INFO - [2024-07-01T17:57:23.481+0530] {dag.py:3096} INFO - Sync 1 DAGs
[2024-07-01T17:57:23.489+0530] {logging_mixin.py:188} INFO - [2024-07-01T17:57:23.489+0530] {dag.py:3954} INFO - Setting next_dagrun for example_bash_operator to 2024-06-30 00:00:00+00:00, run_after=2024-07-01 00:00:00+00:00
[2024-07-01T17:57:23.498+0530] {processor.py:183} INFO - Processing /home/bharat/.local/lib/python3.11/site-packages/airflow/example_dags/example_bash_operator.py took 0.040 seconds
[2024-07-01T17:58:15.040+0530] {processor.py:161} INFO - Started process (PID=12877) to work on /home/bharat/.local/lib/python3.11/site-packages/airflow/example_dags/example_bash_operator.py
[2024-07-01T17:58:15.040+0530] {processor.py:830} INFO - Processing file /home/bharat/.local/lib/python3.11/site-packages/airflow/example_dags/example_bash_operator.py for tasks to queue
[2024-07-01T17:58:15.041+0530] {logging_mixin.py:188} INFO - [2024-07-01T17:58:15.041+0530] {dagbag.py:545} INFO - Filling up the DagBag from /home/bharat/.local/lib/python3.11/site-packages/airflow/example_dags/example_bash_operator.py
[2024-07-01T17:58:15.045+0530] {processor.py:840} INFO - DAG(s) 'example_bash_operator' retrieved from /home/bharat/.local/lib/python3.11/site-packages/airflow/example_dags/example_bash_operator.py
[2024-07-01T17:58:15.054+0530] {logging_mixin.py:188} INFO - [2024-07-01T17:58:15.054+0530] {dag.py:3096} INFO - Sync 1 DAGs
[2024-07-01T17:58:15.061+0530] {logging_mixin.py:188} INFO - [2024-07-01T17:58:15.061+0530] {dag.py:3954} INFO - Setting next_dagrun for example_bash_operator to 2024-06-30 00:00:00+00:00, run_after=2024-07-01 00:00:00+00:00
[2024-07-01T17:58:15.070+0530] {processor.py:183} INFO - Processing /home/bharat/.local/lib/python3.11/site-packages/airflow/example_dags/example_bash_operator.py took 0.037 seconds
[2024-07-01T17:59:09.051+0530] {processor.py:161} INFO - Started process (PID=12951) to work on /home/bharat/.local/lib/python3.11/site-packages/airflow/example_dags/example_bash_operator.py
[2024-07-01T17:59:09.052+0530] {processor.py:830} INFO - Processing file /home/bharat/.local/lib/python3.11/site-packages/airflow/example_dags/example_bash_operator.py for tasks to queue
[2024-07-01T17:59:09.053+0530] {logging_mixin.py:188} INFO - [2024-07-01T17:59:09.052+0530] {dagbag.py:545} INFO - Filling up the DagBag from /home/bharat/.local/lib/python3.11/site-packages/airflow/example_dags/example_bash_operator.py
[2024-07-01T17:59:09.057+0530] {processor.py:840} INFO - DAG(s) 'example_bash_operator' retrieved from /home/bharat/.local/lib/python3.11/site-packages/airflow/example_dags/example_bash_operator.py
[2024-07-01T17:59:09.066+0530] {logging_mixin.py:188} INFO - [2024-07-01T17:59:09.066+0530] {dag.py:3096} INFO - Sync 1 DAGs
[2024-07-01T17:59:09.073+0530] {logging_mixin.py:188} INFO - [2024-07-01T17:59:09.073+0530] {dag.py:3954} INFO - Setting next_dagrun for example_bash_operator to 2024-06-30 00:00:00+00:00, run_after=2024-07-01 00:00:00+00:00
[2024-07-01T17:59:09.083+0530] {processor.py:183} INFO - Processing /home/bharat/.local/lib/python3.11/site-packages/airflow/example_dags/example_bash_operator.py took 0.035 seconds
[2024-07-01T18:00:01.578+0530] {processor.py:161} INFO - Started process (PID=13028) to work on /home/bharat/.local/lib/python3.11/site-packages/airflow/example_dags/example_bash_operator.py
[2024-07-01T18:00:01.578+0530] {processor.py:830} INFO - Processing file /home/bharat/.local/lib/python3.11/site-packages/airflow/example_dags/example_bash_operator.py for tasks to queue
[2024-07-01T18:00:01.579+0530] {logging_mixin.py:188} INFO - [2024-07-01T18:00:01.579+0530] {dagbag.py:545} INFO - Filling up the DagBag from /home/bharat/.local/lib/python3.11/site-packages/airflow/example_dags/example_bash_operator.py
[2024-07-01T18:00:01.584+0530] {processor.py:840} INFO - DAG(s) 'example_bash_operator' retrieved from /home/bharat/.local/lib/python3.11/site-packages/airflow/example_dags/example_bash_operator.py
[2024-07-01T18:00:01.592+0530] {logging_mixin.py:188} INFO - [2024-07-01T18:00:01.592+0530] {dag.py:3096} INFO - Sync 1 DAGs
[2024-07-01T18:00:01.600+0530] {logging_mixin.py:188} INFO - [2024-07-01T18:00:01.600+0530] {dag.py:3954} INFO - Setting next_dagrun for example_bash_operator to 2024-06-30 00:00:00+00:00, run_after=2024-07-01 00:00:00+00:00
[2024-07-01T18:00:01.609+0530] {processor.py:183} INFO - Processing /home/bharat/.local/lib/python3.11/site-packages/airflow/example_dags/example_bash_operator.py took 0.037 seconds
[2024-07-01T18:01:17.655+0530] {processor.py:161} INFO - Started process (PID=13147) to work on /home/bharat/.local/lib/python3.11/site-packages/airflow/example_dags/example_bash_operator.py
[2024-07-01T18:01:17.655+0530] {processor.py:830} INFO - Processing file /home/bharat/.local/lib/python3.11/site-packages/airflow/example_dags/example_bash_operator.py for tasks to queue
[2024-07-01T18:01:17.656+0530] {logging_mixin.py:188} INFO - [2024-07-01T18:01:17.656+0530] {dagbag.py:545} INFO - Filling up the DagBag from /home/bharat/.local/lib/python3.11/site-packages/airflow/example_dags/example_bash_operator.py
[2024-07-01T18:01:17.662+0530] {processor.py:840} INFO - DAG(s) 'example_bash_operator' retrieved from /home/bharat/.local/lib/python3.11/site-packages/airflow/example_dags/example_bash_operator.py
[2024-07-01T18:01:17.670+0530] {logging_mixin.py:188} INFO - [2024-07-01T18:01:17.670+0530] {dag.py:3096} INFO - Sync 1 DAGs
[2024-07-01T18:01:17.677+0530] {logging_mixin.py:188} INFO - [2024-07-01T18:01:17.677+0530] {dag.py:3954} INFO - Setting next_dagrun for example_bash_operator to 2024-06-30 00:00:00+00:00, run_after=2024-07-01 00:00:00+00:00
[2024-07-01T18:01:17.687+0530] {processor.py:183} INFO - Processing /home/bharat/.local/lib/python3.11/site-packages/airflow/example_dags/example_bash_operator.py took 0.038 seconds
[2024-07-01T18:02:11.565+0530] {processor.py:161} INFO - Started process (PID=13221) to work on /home/bharat/.local/lib/python3.11/site-packages/airflow/example_dags/example_bash_operator.py
[2024-07-01T18:02:11.566+0530] {processor.py:830} INFO - Processing file /home/bharat/.local/lib/python3.11/site-packages/airflow/example_dags/example_bash_operator.py for tasks to queue
[2024-07-01T18:02:11.567+0530] {logging_mixin.py:188} INFO - [2024-07-01T18:02:11.567+0530] {dagbag.py:545} INFO - Filling up the DagBag from /home/bharat/.local/lib/python3.11/site-packages/airflow/example_dags/example_bash_operator.py
[2024-07-01T18:02:11.574+0530] {processor.py:840} INFO - DAG(s) 'example_bash_operator' retrieved from /home/bharat/.local/lib/python3.11/site-packages/airflow/example_dags/example_bash_operator.py
[2024-07-01T18:02:11.582+0530] {logging_mixin.py:188} INFO - [2024-07-01T18:02:11.582+0530] {dag.py:3096} INFO - Sync 1 DAGs
[2024-07-01T18:02:11.590+0530] {logging_mixin.py:188} INFO - [2024-07-01T18:02:11.589+0530] {dag.py:3954} INFO - Setting next_dagrun for example_bash_operator to 2024-06-30 00:00:00+00:00, run_after=2024-07-01 00:00:00+00:00
[2024-07-01T18:02:11.599+0530] {processor.py:183} INFO - Processing /home/bharat/.local/lib/python3.11/site-packages/airflow/example_dags/example_bash_operator.py took 0.042 seconds
[2024-07-01T18:03:03.921+0530] {processor.py:161} INFO - Started process (PID=13294) to work on /home/bharat/.local/lib/python3.11/site-packages/airflow/example_dags/example_bash_operator.py
[2024-07-01T18:03:03.922+0530] {processor.py:830} INFO - Processing file /home/bharat/.local/lib/python3.11/site-packages/airflow/example_dags/example_bash_operator.py for tasks to queue
[2024-07-01T18:03:03.923+0530] {logging_mixin.py:188} INFO - [2024-07-01T18:03:03.923+0530] {dagbag.py:545} INFO - Filling up the DagBag from /home/bharat/.local/lib/python3.11/site-packages/airflow/example_dags/example_bash_operator.py
[2024-07-01T18:03:03.930+0530] {processor.py:840} INFO - DAG(s) 'example_bash_operator' retrieved from /home/bharat/.local/lib/python3.11/site-packages/airflow/example_dags/example_bash_operator.py
[2024-07-01T18:03:03.938+0530] {logging_mixin.py:188} INFO - [2024-07-01T18:03:03.938+0530] {dag.py:3096} INFO - Sync 1 DAGs
[2024-07-01T18:03:03.946+0530] {logging_mixin.py:188} INFO - [2024-07-01T18:03:03.946+0530] {dag.py:3954} INFO - Setting next_dagrun for example_bash_operator to 2024-06-30 00:00:00+00:00, run_after=2024-07-01 00:00:00+00:00
[2024-07-01T18:03:03.956+0530] {processor.py:183} INFO - Processing /home/bharat/.local/lib/python3.11/site-packages/airflow/example_dags/example_bash_operator.py took 0.043 seconds
[2024-07-01T18:04:18.900+0530] {processor.py:161} INFO - Started process (PID=13418) to work on /home/bharat/.local/lib/python3.11/site-packages/airflow/example_dags/example_bash_operator.py
[2024-07-01T18:04:18.901+0530] {processor.py:830} INFO - Processing file /home/bharat/.local/lib/python3.11/site-packages/airflow/example_dags/example_bash_operator.py for tasks to queue
[2024-07-01T18:04:18.901+0530] {logging_mixin.py:188} INFO - [2024-07-01T18:04:18.901+0530] {dagbag.py:545} INFO - Filling up the DagBag from /home/bharat/.local/lib/python3.11/site-packages/airflow/example_dags/example_bash_operator.py
[2024-07-01T18:04:18.910+0530] {processor.py:840} INFO - DAG(s) 'example_bash_operator' retrieved from /home/bharat/.local/lib/python3.11/site-packages/airflow/example_dags/example_bash_operator.py
[2024-07-01T18:04:18.921+0530] {logging_mixin.py:188} INFO - [2024-07-01T18:04:18.921+0530] {dag.py:3096} INFO - Sync 1 DAGs
[2024-07-01T18:04:18.929+0530] {logging_mixin.py:188} INFO - [2024-07-01T18:04:18.929+0530] {dag.py:3954} INFO - Setting next_dagrun for example_bash_operator to 2024-06-30 00:00:00+00:00, run_after=2024-07-01 00:00:00+00:00
[2024-07-01T18:04:18.938+0530] {processor.py:183} INFO - Processing /home/bharat/.local/lib/python3.11/site-packages/airflow/example_dags/example_bash_operator.py took 0.044 seconds
[2024-07-01T18:05:12.550+0530] {processor.py:161} INFO - Started process (PID=13922) to work on /home/bharat/.local/lib/python3.11/site-packages/airflow/example_dags/example_bash_operator.py
[2024-07-01T18:05:12.550+0530] {processor.py:830} INFO - Processing file /home/bharat/.local/lib/python3.11/site-packages/airflow/example_dags/example_bash_operator.py for tasks to queue
[2024-07-01T18:05:12.551+0530] {logging_mixin.py:188} INFO - [2024-07-01T18:05:12.551+0530] {dagbag.py:545} INFO - Filling up the DagBag from /home/bharat/.local/lib/python3.11/site-packages/airflow/example_dags/example_bash_operator.py
[2024-07-01T18:05:12.556+0530] {processor.py:840} INFO - DAG(s) 'example_bash_operator' retrieved from /home/bharat/.local/lib/python3.11/site-packages/airflow/example_dags/example_bash_operator.py
[2024-07-01T18:05:12.564+0530] {logging_mixin.py:188} INFO - [2024-07-01T18:05:12.564+0530] {dag.py:3096} INFO - Sync 1 DAGs
[2024-07-01T18:05:12.572+0530] {logging_mixin.py:188} INFO - [2024-07-01T18:05:12.572+0530] {dag.py:3954} INFO - Setting next_dagrun for example_bash_operator to 2024-06-30 00:00:00+00:00, run_after=2024-07-01 00:00:00+00:00
[2024-07-01T18:05:12.583+0530] {processor.py:183} INFO - Processing /home/bharat/.local/lib/python3.11/site-packages/airflow/example_dags/example_bash_operator.py took 0.035 seconds
[2024-07-01T18:06:01.790+0530] {processor.py:161} INFO - Started process (PID=14006) to work on /home/bharat/.local/lib/python3.11/site-packages/airflow/example_dags/example_bash_operator.py
[2024-07-01T18:06:01.791+0530] {processor.py:830} INFO - Processing file /home/bharat/.local/lib/python3.11/site-packages/airflow/example_dags/example_bash_operator.py for tasks to queue
[2024-07-01T18:06:01.792+0530] {logging_mixin.py:188} INFO - [2024-07-01T18:06:01.791+0530] {dagbag.py:545} INFO - Filling up the DagBag from /home/bharat/.local/lib/python3.11/site-packages/airflow/example_dags/example_bash_operator.py
[2024-07-01T18:06:01.796+0530] {processor.py:840} INFO - DAG(s) 'example_bash_operator' retrieved from /home/bharat/.local/lib/python3.11/site-packages/airflow/example_dags/example_bash_operator.py
[2024-07-01T18:06:01.806+0530] {logging_mixin.py:188} INFO - [2024-07-01T18:06:01.806+0530] {dag.py:3096} INFO - Sync 1 DAGs
[2024-07-01T18:06:01.814+0530] {logging_mixin.py:188} INFO - [2024-07-01T18:06:01.814+0530] {dag.py:3954} INFO - Setting next_dagrun for example_bash_operator to 2024-06-30 00:00:00+00:00, run_after=2024-07-01 00:00:00+00:00
[2024-07-01T18:06:01.823+0530] {processor.py:183} INFO - Processing /home/bharat/.local/lib/python3.11/site-packages/airflow/example_dags/example_bash_operator.py took 0.037 seconds
[2024-07-01T18:07:16.067+0530] {processor.py:161} INFO - Started process (PID=14127) to work on /home/bharat/.local/lib/python3.11/site-packages/airflow/example_dags/example_bash_operator.py
[2024-07-01T18:07:16.068+0530] {processor.py:830} INFO - Processing file /home/bharat/.local/lib/python3.11/site-packages/airflow/example_dags/example_bash_operator.py for tasks to queue
[2024-07-01T18:07:16.069+0530] {logging_mixin.py:188} INFO - [2024-07-01T18:07:16.069+0530] {dagbag.py:545} INFO - Filling up the DagBag from /home/bharat/.local/lib/python3.11/site-packages/airflow/example_dags/example_bash_operator.py
[2024-07-01T18:07:16.074+0530] {processor.py:840} INFO - DAG(s) 'example_bash_operator' retrieved from /home/bharat/.local/lib/python3.11/site-packages/airflow/example_dags/example_bash_operator.py
[2024-07-01T18:07:16.083+0530] {logging_mixin.py:188} INFO - [2024-07-01T18:07:16.083+0530] {dag.py:3096} INFO - Sync 1 DAGs
[2024-07-01T18:07:16.090+0530] {logging_mixin.py:188} INFO - [2024-07-01T18:07:16.090+0530] {dag.py:3954} INFO - Setting next_dagrun for example_bash_operator to 2024-06-30 00:00:00+00:00, run_after=2024-07-01 00:00:00+00:00
[2024-07-01T18:07:16.100+0530] {processor.py:183} INFO - Processing /home/bharat/.local/lib/python3.11/site-packages/airflow/example_dags/example_bash_operator.py took 0.039 seconds
[2024-07-01T18:08:08.026+0530] {processor.py:161} INFO - Started process (PID=14230) to work on /home/bharat/.local/lib/python3.11/site-packages/airflow/example_dags/example_bash_operator.py
[2024-07-01T18:08:08.027+0530] {processor.py:830} INFO - Processing file /home/bharat/.local/lib/python3.11/site-packages/airflow/example_dags/example_bash_operator.py for tasks to queue
[2024-07-01T18:08:08.029+0530] {logging_mixin.py:188} INFO - [2024-07-01T18:08:08.028+0530] {dagbag.py:545} INFO - Filling up the DagBag from /home/bharat/.local/lib/python3.11/site-packages/airflow/example_dags/example_bash_operator.py
[2024-07-01T18:08:08.035+0530] {processor.py:840} INFO - DAG(s) 'example_bash_operator' retrieved from /home/bharat/.local/lib/python3.11/site-packages/airflow/example_dags/example_bash_operator.py
[2024-07-01T18:08:08.043+0530] {logging_mixin.py:188} INFO - [2024-07-01T18:08:08.043+0530] {dag.py:3096} INFO - Sync 1 DAGs
[2024-07-01T18:08:08.051+0530] {logging_mixin.py:188} INFO - [2024-07-01T18:08:08.050+0530] {dag.py:3954} INFO - Setting next_dagrun for example_bash_operator to 2024-06-30 00:00:00+00:00, run_after=2024-07-01 00:00:00+00:00
[2024-07-01T18:08:08.060+0530] {processor.py:183} INFO - Processing /home/bharat/.local/lib/python3.11/site-packages/airflow/example_dags/example_bash_operator.py took 0.041 seconds
[2024-07-01T18:09:02.270+0530] {processor.py:161} INFO - Started process (PID=14363) to work on /home/bharat/.local/lib/python3.11/site-packages/airflow/example_dags/example_bash_operator.py
[2024-07-01T18:09:02.270+0530] {processor.py:830} INFO - Processing file /home/bharat/.local/lib/python3.11/site-packages/airflow/example_dags/example_bash_operator.py for tasks to queue
[2024-07-01T18:09:02.271+0530] {logging_mixin.py:188} INFO - [2024-07-01T18:09:02.271+0530] {dagbag.py:545} INFO - Filling up the DagBag from /home/bharat/.local/lib/python3.11/site-packages/airflow/example_dags/example_bash_operator.py
[2024-07-01T18:09:02.276+0530] {processor.py:840} INFO - DAG(s) 'example_bash_operator' retrieved from /home/bharat/.local/lib/python3.11/site-packages/airflow/example_dags/example_bash_operator.py
[2024-07-01T18:09:02.284+0530] {logging_mixin.py:188} INFO - [2024-07-01T18:09:02.284+0530] {dag.py:3096} INFO - Sync 1 DAGs
[2024-07-01T18:09:02.292+0530] {logging_mixin.py:188} INFO - [2024-07-01T18:09:02.292+0530] {dag.py:3954} INFO - Setting next_dagrun for example_bash_operator to 2024-06-30 00:00:00+00:00, run_after=2024-07-01 00:00:00+00:00
[2024-07-01T18:09:02.302+0530] {processor.py:183} INFO - Processing /home/bharat/.local/lib/python3.11/site-packages/airflow/example_dags/example_bash_operator.py took 0.035 seconds
[2024-07-01T18:10:18.294+0530] {processor.py:161} INFO - Started process (PID=14498) to work on /home/bharat/.local/lib/python3.11/site-packages/airflow/example_dags/example_bash_operator.py
[2024-07-01T18:10:18.295+0530] {processor.py:830} INFO - Processing file /home/bharat/.local/lib/python3.11/site-packages/airflow/example_dags/example_bash_operator.py for tasks to queue
[2024-07-01T18:10:18.297+0530] {logging_mixin.py:188} INFO - [2024-07-01T18:10:18.296+0530] {dagbag.py:545} INFO - Filling up the DagBag from /home/bharat/.local/lib/python3.11/site-packages/airflow/example_dags/example_bash_operator.py
[2024-07-01T18:10:18.303+0530] {processor.py:840} INFO - DAG(s) 'example_bash_operator' retrieved from /home/bharat/.local/lib/python3.11/site-packages/airflow/example_dags/example_bash_operator.py
[2024-07-01T18:10:18.311+0530] {logging_mixin.py:188} INFO - [2024-07-01T18:10:18.311+0530] {dag.py:3096} INFO - Sync 1 DAGs
[2024-07-01T18:10:18.319+0530] {logging_mixin.py:188} INFO - [2024-07-01T18:10:18.319+0530] {dag.py:3954} INFO - Setting next_dagrun for example_bash_operator to 2024-06-30 00:00:00+00:00, run_after=2024-07-01 00:00:00+00:00
[2024-07-01T18:10:18.328+0530] {processor.py:183} INFO - Processing /home/bharat/.local/lib/python3.11/site-packages/airflow/example_dags/example_bash_operator.py took 0.041 seconds
[2024-07-01T18:11:10.915+0530] {processor.py:161} INFO - Started process (PID=14609) to work on /home/bharat/.local/lib/python3.11/site-packages/airflow/example_dags/example_bash_operator.py
[2024-07-01T18:11:10.916+0530] {processor.py:830} INFO - Processing file /home/bharat/.local/lib/python3.11/site-packages/airflow/example_dags/example_bash_operator.py for tasks to queue
[2024-07-01T18:11:10.916+0530] {logging_mixin.py:188} INFO - [2024-07-01T18:11:10.916+0530] {dagbag.py:545} INFO - Filling up the DagBag from /home/bharat/.local/lib/python3.11/site-packages/airflow/example_dags/example_bash_operator.py
[2024-07-01T18:11:10.921+0530] {processor.py:840} INFO - DAG(s) 'example_bash_operator' retrieved from /home/bharat/.local/lib/python3.11/site-packages/airflow/example_dags/example_bash_operator.py
[2024-07-01T18:11:10.930+0530] {logging_mixin.py:188} INFO - [2024-07-01T18:11:10.929+0530] {dag.py:3096} INFO - Sync 1 DAGs
[2024-07-01T18:11:10.938+0530] {logging_mixin.py:188} INFO - [2024-07-01T18:11:10.937+0530] {dag.py:3954} INFO - Setting next_dagrun for example_bash_operator to 2024-06-30 00:00:00+00:00, run_after=2024-07-01 00:00:00+00:00
[2024-07-01T18:11:10.948+0530] {processor.py:183} INFO - Processing /home/bharat/.local/lib/python3.11/site-packages/airflow/example_dags/example_bash_operator.py took 0.036 seconds
[2024-07-01T18:12:05.383+0530] {processor.py:161} INFO - Started process (PID=14750) to work on /home/bharat/.local/lib/python3.11/site-packages/airflow/example_dags/example_bash_operator.py
[2024-07-01T18:12:05.383+0530] {processor.py:830} INFO - Processing file /home/bharat/.local/lib/python3.11/site-packages/airflow/example_dags/example_bash_operator.py for tasks to queue
[2024-07-01T18:12:05.384+0530] {logging_mixin.py:188} INFO - [2024-07-01T18:12:05.384+0530] {dagbag.py:545} INFO - Filling up the DagBag from /home/bharat/.local/lib/python3.11/site-packages/airflow/example_dags/example_bash_operator.py
[2024-07-01T18:12:05.390+0530] {processor.py:840} INFO - DAG(s) 'example_bash_operator' retrieved from /home/bharat/.local/lib/python3.11/site-packages/airflow/example_dags/example_bash_operator.py
[2024-07-01T18:12:05.400+0530] {logging_mixin.py:188} INFO - [2024-07-01T18:12:05.399+0530] {dag.py:3096} INFO - Sync 1 DAGs
[2024-07-01T18:12:05.407+0530] {logging_mixin.py:188} INFO - [2024-07-01T18:12:05.407+0530] {dag.py:3954} INFO - Setting next_dagrun for example_bash_operator to 2024-06-30 00:00:00+00:00, run_after=2024-07-01 00:00:00+00:00
[2024-07-01T18:12:05.417+0530] {processor.py:183} INFO - Processing /home/bharat/.local/lib/python3.11/site-packages/airflow/example_dags/example_bash_operator.py took 0.038 seconds
