[2024-07-01T17:49:07.888+0530] {processor.py:161} INFO - Started process (PID=11349) to work on /home/bharat/.local/lib/python3.11/site-packages/airflow/example_dags/example_branch_day_of_week_operator.py
[2024-07-01T17:49:07.888+0530] {processor.py:830} INFO - Processing file /home/bharat/.local/lib/python3.11/site-packages/airflow/example_dags/example_branch_day_of_week_operator.py for tasks to queue
[2024-07-01T17:49:07.889+0530] {logging_mixin.py:188} INFO - [2024-07-01T17:49:07.889+0530] {dagbag.py:545} INFO - Filling up the DagBag from /home/bharat/.local/lib/python3.11/site-packages/airflow/example_dags/example_branch_day_of_week_operator.py
[2024-07-01T17:49:07.892+0530] {processor.py:840} INFO - DAG(s) 'example_weekday_branch_operator' retrieved from /home/bharat/.local/lib/python3.11/site-packages/airflow/example_dags/example_branch_day_of_week_operator.py
[2024-07-01T17:49:07.977+0530] {logging_mixin.py:188} INFO - [2024-07-01T17:49:07.977+0530] {dag.py:3096} INFO - Sync 1 DAGs
[2024-07-01T17:49:07.983+0530] {logging_mixin.py:188} INFO - [2024-07-01T17:49:07.983+0530] {dag.py:3954} INFO - Setting next_dagrun for example_weekday_branch_operator to 2024-06-30 00:00:00+00:00, run_after=2024-07-01 00:00:00+00:00
[2024-07-01T17:49:07.993+0530] {processor.py:183} INFO - Processing /home/bharat/.local/lib/python3.11/site-packages/airflow/example_dags/example_branch_day_of_week_operator.py took 0.108 seconds
[2024-07-01T17:50:10.544+0530] {processor.py:161} INFO - Started process (PID=11437) to work on /home/bharat/.local/lib/python3.11/site-packages/airflow/example_dags/example_branch_day_of_week_operator.py
[2024-07-01T17:50:10.545+0530] {processor.py:830} INFO - Processing file /home/bharat/.local/lib/python3.11/site-packages/airflow/example_dags/example_branch_day_of_week_operator.py for tasks to queue
[2024-07-01T17:50:10.547+0530] {logging_mixin.py:188} INFO - [2024-07-01T17:50:10.546+0530] {dagbag.py:545} INFO - Filling up the DagBag from /home/bharat/.local/lib/python3.11/site-packages/airflow/example_dags/example_branch_day_of_week_operator.py
[2024-07-01T17:50:10.552+0530] {processor.py:840} INFO - DAG(s) 'example_weekday_branch_operator' retrieved from /home/bharat/.local/lib/python3.11/site-packages/airflow/example_dags/example_branch_day_of_week_operator.py
[2024-07-01T17:50:10.559+0530] {logging_mixin.py:188} INFO - [2024-07-01T17:50:10.559+0530] {dag.py:3096} INFO - Sync 1 DAGs
[2024-07-01T17:50:10.566+0530] {logging_mixin.py:188} INFO - [2024-07-01T17:50:10.566+0530] {dag.py:3954} INFO - Setting next_dagrun for example_weekday_branch_operator to 2024-06-30 00:00:00+00:00, run_after=2024-07-01 00:00:00+00:00
[2024-07-01T17:50:10.576+0530] {processor.py:183} INFO - Processing /home/bharat/.local/lib/python3.11/site-packages/airflow/example_dags/example_branch_day_of_week_operator.py took 0.040 seconds
[2024-07-01T17:51:05.682+0530] {processor.py:161} INFO - Started process (PID=11518) to work on /home/bharat/.local/lib/python3.11/site-packages/airflow/example_dags/example_branch_day_of_week_operator.py
[2024-07-01T17:51:05.682+0530] {processor.py:830} INFO - Processing file /home/bharat/.local/lib/python3.11/site-packages/airflow/example_dags/example_branch_day_of_week_operator.py for tasks to queue
[2024-07-01T17:51:05.684+0530] {logging_mixin.py:188} INFO - [2024-07-01T17:51:05.683+0530] {dagbag.py:545} INFO - Filling up the DagBag from /home/bharat/.local/lib/python3.11/site-packages/airflow/example_dags/example_branch_day_of_week_operator.py
[2024-07-01T17:51:05.691+0530] {processor.py:840} INFO - DAG(s) 'example_weekday_branch_operator' retrieved from /home/bharat/.local/lib/python3.11/site-packages/airflow/example_dags/example_branch_day_of_week_operator.py
[2024-07-01T17:51:05.698+0530] {logging_mixin.py:188} INFO - [2024-07-01T17:51:05.698+0530] {dag.py:3096} INFO - Sync 1 DAGs
[2024-07-01T17:51:05.705+0530] {logging_mixin.py:188} INFO - [2024-07-01T17:51:05.705+0530] {dag.py:3954} INFO - Setting next_dagrun for example_weekday_branch_operator to 2024-06-30 00:00:00+00:00, run_after=2024-07-01 00:00:00+00:00
[2024-07-01T17:51:05.714+0530] {processor.py:183} INFO - Processing /home/bharat/.local/lib/python3.11/site-packages/airflow/example_dags/example_branch_day_of_week_operator.py took 0.038 seconds
[2024-07-01T17:52:41.838+0530] {processor.py:161} INFO - Started process (PID=12049) to work on /home/bharat/.local/lib/python3.11/site-packages/airflow/example_dags/example_branch_day_of_week_operator.py
[2024-07-01T17:52:41.838+0530] {processor.py:830} INFO - Processing file /home/bharat/.local/lib/python3.11/site-packages/airflow/example_dags/example_branch_day_of_week_operator.py for tasks to queue
[2024-07-01T17:52:41.839+0530] {logging_mixin.py:188} INFO - [2024-07-01T17:52:41.839+0530] {dagbag.py:545} INFO - Filling up the DagBag from /home/bharat/.local/lib/python3.11/site-packages/airflow/example_dags/example_branch_day_of_week_operator.py
[2024-07-01T17:52:41.845+0530] {processor.py:840} INFO - DAG(s) 'example_weekday_branch_operator' retrieved from /home/bharat/.local/lib/python3.11/site-packages/airflow/example_dags/example_branch_day_of_week_operator.py
[2024-07-01T17:52:41.857+0530] {logging_mixin.py:188} INFO - [2024-07-01T17:52:41.856+0530] {dag.py:3096} INFO - Sync 1 DAGs
[2024-07-01T17:52:41.867+0530] {logging_mixin.py:188} INFO - [2024-07-01T17:52:41.867+0530] {dag.py:3954} INFO - Setting next_dagrun for example_weekday_branch_operator to 2024-06-30 00:00:00+00:00, run_after=2024-07-01 00:00:00+00:00
[2024-07-01T17:52:41.877+0530] {processor.py:183} INFO - Processing /home/bharat/.local/lib/python3.11/site-packages/airflow/example_dags/example_branch_day_of_week_operator.py took 0.042 seconds
[2024-07-01T17:53:37.502+0530] {processor.py:161} INFO - Started process (PID=12156) to work on /home/bharat/.local/lib/python3.11/site-packages/airflow/example_dags/example_branch_day_of_week_operator.py
[2024-07-01T17:53:37.503+0530] {processor.py:830} INFO - Processing file /home/bharat/.local/lib/python3.11/site-packages/airflow/example_dags/example_branch_day_of_week_operator.py for tasks to queue
[2024-07-01T17:53:37.504+0530] {logging_mixin.py:188} INFO - [2024-07-01T17:53:37.504+0530] {dagbag.py:545} INFO - Filling up the DagBag from /home/bharat/.local/lib/python3.11/site-packages/airflow/example_dags/example_branch_day_of_week_operator.py
[2024-07-01T17:53:37.507+0530] {processor.py:840} INFO - DAG(s) 'example_weekday_branch_operator' retrieved from /home/bharat/.local/lib/python3.11/site-packages/airflow/example_dags/example_branch_day_of_week_operator.py
[2024-07-01T17:53:37.514+0530] {logging_mixin.py:188} INFO - [2024-07-01T17:53:37.513+0530] {dag.py:3096} INFO - Sync 1 DAGs
[2024-07-01T17:53:37.521+0530] {logging_mixin.py:188} INFO - [2024-07-01T17:53:37.521+0530] {dag.py:3954} INFO - Setting next_dagrun for example_weekday_branch_operator to 2024-06-30 00:00:00+00:00, run_after=2024-07-01 00:00:00+00:00
[2024-07-01T17:53:37.531+0530] {processor.py:183} INFO - Processing /home/bharat/.local/lib/python3.11/site-packages/airflow/example_dags/example_branch_day_of_week_operator.py took 0.033 seconds
[2024-07-01T17:54:50.390+0530] {processor.py:161} INFO - Started process (PID=12554) to work on /home/bharat/.local/lib/python3.11/site-packages/airflow/example_dags/example_branch_day_of_week_operator.py
[2024-07-01T17:54:50.391+0530] {processor.py:830} INFO - Processing file /home/bharat/.local/lib/python3.11/site-packages/airflow/example_dags/example_branch_day_of_week_operator.py for tasks to queue
[2024-07-01T17:54:50.391+0530] {logging_mixin.py:188} INFO - [2024-07-01T17:54:50.391+0530] {dagbag.py:545} INFO - Filling up the DagBag from /home/bharat/.local/lib/python3.11/site-packages/airflow/example_dags/example_branch_day_of_week_operator.py
[2024-07-01T17:54:50.395+0530] {processor.py:840} INFO - DAG(s) 'example_weekday_branch_operator' retrieved from /home/bharat/.local/lib/python3.11/site-packages/airflow/example_dags/example_branch_day_of_week_operator.py
[2024-07-01T17:54:50.404+0530] {logging_mixin.py:188} INFO - [2024-07-01T17:54:50.403+0530] {dag.py:3096} INFO - Sync 1 DAGs
[2024-07-01T17:54:50.413+0530] {logging_mixin.py:188} INFO - [2024-07-01T17:54:50.412+0530] {dag.py:3954} INFO - Setting next_dagrun for example_weekday_branch_operator to 2024-06-30 00:00:00+00:00, run_after=2024-07-01 00:00:00+00:00
[2024-07-01T17:54:50.423+0530] {processor.py:183} INFO - Processing /home/bharat/.local/lib/python3.11/site-packages/airflow/example_dags/example_branch_day_of_week_operator.py took 0.040 seconds
[2024-07-01T17:56:07.382+0530] {processor.py:161} INFO - Started process (PID=12681) to work on /home/bharat/.local/lib/python3.11/site-packages/airflow/example_dags/example_branch_day_of_week_operator.py
[2024-07-01T17:56:07.383+0530] {processor.py:830} INFO - Processing file /home/bharat/.local/lib/python3.11/site-packages/airflow/example_dags/example_branch_day_of_week_operator.py for tasks to queue
[2024-07-01T17:56:07.384+0530] {logging_mixin.py:188} INFO - [2024-07-01T17:56:07.384+0530] {dagbag.py:545} INFO - Filling up the DagBag from /home/bharat/.local/lib/python3.11/site-packages/airflow/example_dags/example_branch_day_of_week_operator.py
[2024-07-01T17:56:07.388+0530] {processor.py:840} INFO - DAG(s) 'example_weekday_branch_operator' retrieved from /home/bharat/.local/lib/python3.11/site-packages/airflow/example_dags/example_branch_day_of_week_operator.py
[2024-07-01T17:56:07.394+0530] {logging_mixin.py:188} INFO - [2024-07-01T17:56:07.394+0530] {dag.py:3096} INFO - Sync 1 DAGs
[2024-07-01T17:56:07.402+0530] {logging_mixin.py:188} INFO - [2024-07-01T17:56:07.402+0530] {dag.py:3954} INFO - Setting next_dagrun for example_weekday_branch_operator to 2024-06-30 00:00:00+00:00, run_after=2024-07-01 00:00:00+00:00
[2024-07-01T17:56:07.411+0530] {processor.py:183} INFO - Processing /home/bharat/.local/lib/python3.11/site-packages/airflow/example_dags/example_branch_day_of_week_operator.py took 0.035 seconds
[2024-07-01T17:57:26.320+0530] {processor.py:161} INFO - Started process (PID=12781) to work on /home/bharat/.local/lib/python3.11/site-packages/airflow/example_dags/example_branch_day_of_week_operator.py
[2024-07-01T17:57:26.320+0530] {processor.py:830} INFO - Processing file /home/bharat/.local/lib/python3.11/site-packages/airflow/example_dags/example_branch_day_of_week_operator.py for tasks to queue
[2024-07-01T17:57:26.321+0530] {logging_mixin.py:188} INFO - [2024-07-01T17:57:26.321+0530] {dagbag.py:545} INFO - Filling up the DagBag from /home/bharat/.local/lib/python3.11/site-packages/airflow/example_dags/example_branch_day_of_week_operator.py
[2024-07-01T17:57:26.324+0530] {processor.py:840} INFO - DAG(s) 'example_weekday_branch_operator' retrieved from /home/bharat/.local/lib/python3.11/site-packages/airflow/example_dags/example_branch_day_of_week_operator.py
[2024-07-01T17:57:26.330+0530] {logging_mixin.py:188} INFO - [2024-07-01T17:57:26.330+0530] {dag.py:3096} INFO - Sync 1 DAGs
[2024-07-01T17:57:26.338+0530] {logging_mixin.py:188} INFO - [2024-07-01T17:57:26.338+0530] {dag.py:3954} INFO - Setting next_dagrun for example_weekday_branch_operator to 2024-06-30 00:00:00+00:00, run_after=2024-07-01 00:00:00+00:00
[2024-07-01T17:57:26.348+0530] {processor.py:183} INFO - Processing /home/bharat/.local/lib/python3.11/site-packages/airflow/example_dags/example_branch_day_of_week_operator.py took 0.034 seconds
[2024-07-01T17:58:21.312+0530] {processor.py:161} INFO - Started process (PID=12884) to work on /home/bharat/.local/lib/python3.11/site-packages/airflow/example_dags/example_branch_day_of_week_operator.py
[2024-07-01T17:58:21.313+0530] {processor.py:830} INFO - Processing file /home/bharat/.local/lib/python3.11/site-packages/airflow/example_dags/example_branch_day_of_week_operator.py for tasks to queue
[2024-07-01T17:58:21.314+0530] {logging_mixin.py:188} INFO - [2024-07-01T17:58:21.313+0530] {dagbag.py:545} INFO - Filling up the DagBag from /home/bharat/.local/lib/python3.11/site-packages/airflow/example_dags/example_branch_day_of_week_operator.py
[2024-07-01T17:58:21.317+0530] {processor.py:840} INFO - DAG(s) 'example_weekday_branch_operator' retrieved from /home/bharat/.local/lib/python3.11/site-packages/airflow/example_dags/example_branch_day_of_week_operator.py
[2024-07-01T17:58:21.323+0530] {logging_mixin.py:188} INFO - [2024-07-01T17:58:21.323+0530] {dag.py:3096} INFO - Sync 1 DAGs
[2024-07-01T17:58:21.331+0530] {logging_mixin.py:188} INFO - [2024-07-01T17:58:21.331+0530] {dag.py:3954} INFO - Setting next_dagrun for example_weekday_branch_operator to 2024-06-30 00:00:00+00:00, run_after=2024-07-01 00:00:00+00:00
[2024-07-01T17:58:21.340+0530] {processor.py:183} INFO - Processing /home/bharat/.local/lib/python3.11/site-packages/airflow/example_dags/example_branch_day_of_week_operator.py took 0.031 seconds
[2024-07-01T17:59:38.115+0530] {processor.py:161} INFO - Started process (PID=13000) to work on /home/bharat/.local/lib/python3.11/site-packages/airflow/example_dags/example_branch_day_of_week_operator.py
[2024-07-01T17:59:38.116+0530] {processor.py:830} INFO - Processing file /home/bharat/.local/lib/python3.11/site-packages/airflow/example_dags/example_branch_day_of_week_operator.py for tasks to queue
[2024-07-01T17:59:38.119+0530] {logging_mixin.py:188} INFO - [2024-07-01T17:59:38.118+0530] {dagbag.py:545} INFO - Filling up the DagBag from /home/bharat/.local/lib/python3.11/site-packages/airflow/example_dags/example_branch_day_of_week_operator.py
[2024-07-01T17:59:38.123+0530] {processor.py:840} INFO - DAG(s) 'example_weekday_branch_operator' retrieved from /home/bharat/.local/lib/python3.11/site-packages/airflow/example_dags/example_branch_day_of_week_operator.py
[2024-07-01T17:59:38.129+0530] {logging_mixin.py:188} INFO - [2024-07-01T17:59:38.129+0530] {dag.py:3096} INFO - Sync 1 DAGs
[2024-07-01T17:59:38.137+0530] {logging_mixin.py:188} INFO - [2024-07-01T17:59:38.136+0530] {dag.py:3954} INFO - Setting next_dagrun for example_weekday_branch_operator to 2024-06-30 00:00:00+00:00, run_after=2024-07-01 00:00:00+00:00
[2024-07-01T17:59:38.146+0530] {processor.py:183} INFO - Processing /home/bharat/.local/lib/python3.11/site-packages/airflow/example_dags/example_branch_day_of_week_operator.py took 0.035 seconds
[2024-07-01T18:00:56.415+0530] {processor.py:161} INFO - Started process (PID=13106) to work on /home/bharat/.local/lib/python3.11/site-packages/airflow/example_dags/example_branch_day_of_week_operator.py
[2024-07-01T18:00:56.415+0530] {processor.py:830} INFO - Processing file /home/bharat/.local/lib/python3.11/site-packages/airflow/example_dags/example_branch_day_of_week_operator.py for tasks to queue
[2024-07-01T18:00:56.416+0530] {logging_mixin.py:188} INFO - [2024-07-01T18:00:56.416+0530] {dagbag.py:545} INFO - Filling up the DagBag from /home/bharat/.local/lib/python3.11/site-packages/airflow/example_dags/example_branch_day_of_week_operator.py
[2024-07-01T18:00:56.420+0530] {processor.py:840} INFO - DAG(s) 'example_weekday_branch_operator' retrieved from /home/bharat/.local/lib/python3.11/site-packages/airflow/example_dags/example_branch_day_of_week_operator.py
[2024-07-01T18:00:56.426+0530] {logging_mixin.py:188} INFO - [2024-07-01T18:00:56.426+0530] {dag.py:3096} INFO - Sync 1 DAGs
[2024-07-01T18:00:56.434+0530] {logging_mixin.py:188} INFO - [2024-07-01T18:00:56.434+0530] {dag.py:3954} INFO - Setting next_dagrun for example_weekday_branch_operator to 2024-06-30 00:00:00+00:00, run_after=2024-07-01 00:00:00+00:00
[2024-07-01T18:00:56.443+0530] {processor.py:183} INFO - Processing /home/bharat/.local/lib/python3.11/site-packages/airflow/example_dags/example_branch_day_of_week_operator.py took 0.034 seconds
[2024-07-01T18:02:14.307+0530] {processor.py:161} INFO - Started process (PID=13224) to work on /home/bharat/.local/lib/python3.11/site-packages/airflow/example_dags/example_branch_day_of_week_operator.py
[2024-07-01T18:02:14.307+0530] {processor.py:830} INFO - Processing file /home/bharat/.local/lib/python3.11/site-packages/airflow/example_dags/example_branch_day_of_week_operator.py for tasks to queue
[2024-07-01T18:02:14.308+0530] {logging_mixin.py:188} INFO - [2024-07-01T18:02:14.308+0530] {dagbag.py:545} INFO - Filling up the DagBag from /home/bharat/.local/lib/python3.11/site-packages/airflow/example_dags/example_branch_day_of_week_operator.py
[2024-07-01T18:02:14.311+0530] {processor.py:840} INFO - DAG(s) 'example_weekday_branch_operator' retrieved from /home/bharat/.local/lib/python3.11/site-packages/airflow/example_dags/example_branch_day_of_week_operator.py
[2024-07-01T18:02:14.317+0530] {logging_mixin.py:188} INFO - [2024-07-01T18:02:14.317+0530] {dag.py:3096} INFO - Sync 1 DAGs
[2024-07-01T18:02:14.324+0530] {logging_mixin.py:188} INFO - [2024-07-01T18:02:14.324+0530] {dag.py:3954} INFO - Setting next_dagrun for example_weekday_branch_operator to 2024-06-30 00:00:00+00:00, run_after=2024-07-01 00:00:00+00:00
[2024-07-01T18:02:14.334+0530] {processor.py:183} INFO - Processing /home/bharat/.local/lib/python3.11/site-packages/airflow/example_dags/example_branch_day_of_week_operator.py took 0.031 seconds
[2024-07-01T18:03:31.465+0530] {processor.py:161} INFO - Started process (PID=13351) to work on /home/bharat/.local/lib/python3.11/site-packages/airflow/example_dags/example_branch_day_of_week_operator.py
[2024-07-01T18:03:31.466+0530] {processor.py:830} INFO - Processing file /home/bharat/.local/lib/python3.11/site-packages/airflow/example_dags/example_branch_day_of_week_operator.py for tasks to queue
[2024-07-01T18:03:31.467+0530] {logging_mixin.py:188} INFO - [2024-07-01T18:03:31.467+0530] {dagbag.py:545} INFO - Filling up the DagBag from /home/bharat/.local/lib/python3.11/site-packages/airflow/example_dags/example_branch_day_of_week_operator.py
[2024-07-01T18:03:31.472+0530] {processor.py:840} INFO - DAG(s) 'example_weekday_branch_operator' retrieved from /home/bharat/.local/lib/python3.11/site-packages/airflow/example_dags/example_branch_day_of_week_operator.py
[2024-07-01T18:03:31.479+0530] {logging_mixin.py:188} INFO - [2024-07-01T18:03:31.479+0530] {dag.py:3096} INFO - Sync 1 DAGs
[2024-07-01T18:03:31.486+0530] {logging_mixin.py:188} INFO - [2024-07-01T18:03:31.486+0530] {dag.py:3954} INFO - Setting next_dagrun for example_weekday_branch_operator to 2024-06-30 00:00:00+00:00, run_after=2024-07-01 00:00:00+00:00
[2024-07-01T18:03:31.495+0530] {processor.py:183} INFO - Processing /home/bharat/.local/lib/python3.11/site-packages/airflow/example_dags/example_branch_day_of_week_operator.py took 0.039 seconds
[2024-07-01T18:04:50.854+0530] {processor.py:161} INFO - Started process (PID=13899) to work on /home/bharat/.local/lib/python3.11/site-packages/airflow/example_dags/example_branch_day_of_week_operator.py
[2024-07-01T18:04:50.855+0530] {processor.py:830} INFO - Processing file /home/bharat/.local/lib/python3.11/site-packages/airflow/example_dags/example_branch_day_of_week_operator.py for tasks to queue
[2024-07-01T18:04:50.856+0530] {logging_mixin.py:188} INFO - [2024-07-01T18:04:50.855+0530] {dagbag.py:545} INFO - Filling up the DagBag from /home/bharat/.local/lib/python3.11/site-packages/airflow/example_dags/example_branch_day_of_week_operator.py
[2024-07-01T18:04:50.859+0530] {processor.py:840} INFO - DAG(s) 'example_weekday_branch_operator' retrieved from /home/bharat/.local/lib/python3.11/site-packages/airflow/example_dags/example_branch_day_of_week_operator.py
[2024-07-01T18:04:50.865+0530] {logging_mixin.py:188} INFO - [2024-07-01T18:04:50.865+0530] {dag.py:3096} INFO - Sync 1 DAGs
[2024-07-01T18:04:50.873+0530] {logging_mixin.py:188} INFO - [2024-07-01T18:04:50.873+0530] {dag.py:3954} INFO - Setting next_dagrun for example_weekday_branch_operator to 2024-06-30 00:00:00+00:00, run_after=2024-07-01 00:00:00+00:00
[2024-07-01T18:04:50.883+0530] {processor.py:183} INFO - Processing /home/bharat/.local/lib/python3.11/site-packages/airflow/example_dags/example_branch_day_of_week_operator.py took 0.035 seconds
[2024-07-01T18:06:05.560+0530] {processor.py:161} INFO - Started process (PID=14011) to work on /home/bharat/.local/lib/python3.11/site-packages/airflow/example_dags/example_branch_day_of_week_operator.py
[2024-07-01T18:06:05.561+0530] {processor.py:830} INFO - Processing file /home/bharat/.local/lib/python3.11/site-packages/airflow/example_dags/example_branch_day_of_week_operator.py for tasks to queue
[2024-07-01T18:06:05.562+0530] {logging_mixin.py:188} INFO - [2024-07-01T18:06:05.562+0530] {dagbag.py:545} INFO - Filling up the DagBag from /home/bharat/.local/lib/python3.11/site-packages/airflow/example_dags/example_branch_day_of_week_operator.py
[2024-07-01T18:06:05.567+0530] {processor.py:840} INFO - DAG(s) 'example_weekday_branch_operator' retrieved from /home/bharat/.local/lib/python3.11/site-packages/airflow/example_dags/example_branch_day_of_week_operator.py
[2024-07-01T18:06:05.573+0530] {logging_mixin.py:188} INFO - [2024-07-01T18:06:05.573+0530] {dag.py:3096} INFO - Sync 1 DAGs
[2024-07-01T18:06:05.582+0530] {logging_mixin.py:188} INFO - [2024-07-01T18:06:05.582+0530] {dag.py:3954} INFO - Setting next_dagrun for example_weekday_branch_operator to 2024-06-30 00:00:00+00:00, run_after=2024-07-01 00:00:00+00:00
[2024-07-01T18:06:05.592+0530] {processor.py:183} INFO - Processing /home/bharat/.local/lib/python3.11/site-packages/airflow/example_dags/example_branch_day_of_week_operator.py took 0.039 seconds
[2024-07-01T18:07:22.613+0530] {processor.py:161} INFO - Started process (PID=14134) to work on /home/bharat/.local/lib/python3.11/site-packages/airflow/example_dags/example_branch_day_of_week_operator.py
[2024-07-01T18:07:22.613+0530] {processor.py:830} INFO - Processing file /home/bharat/.local/lib/python3.11/site-packages/airflow/example_dags/example_branch_day_of_week_operator.py for tasks to queue
[2024-07-01T18:07:22.616+0530] {logging_mixin.py:188} INFO - [2024-07-01T18:07:22.615+0530] {dagbag.py:545} INFO - Filling up the DagBag from /home/bharat/.local/lib/python3.11/site-packages/airflow/example_dags/example_branch_day_of_week_operator.py
[2024-07-01T18:07:22.625+0530] {processor.py:840} INFO - DAG(s) 'example_weekday_branch_operator' retrieved from /home/bharat/.local/lib/python3.11/site-packages/airflow/example_dags/example_branch_day_of_week_operator.py
[2024-07-01T18:07:22.634+0530] {logging_mixin.py:188} INFO - [2024-07-01T18:07:22.634+0530] {dag.py:3096} INFO - Sync 1 DAGs
[2024-07-01T18:07:22.641+0530] {logging_mixin.py:188} INFO - [2024-07-01T18:07:22.641+0530] {dag.py:3954} INFO - Setting next_dagrun for example_weekday_branch_operator to 2024-06-30 00:00:00+00:00, run_after=2024-07-01 00:00:00+00:00
[2024-07-01T18:07:22.651+0530] {processor.py:183} INFO - Processing /home/bharat/.local/lib/python3.11/site-packages/airflow/example_dags/example_branch_day_of_week_operator.py took 0.042 seconds
[2024-07-01T18:08:37.145+0530] {processor.py:161} INFO - Started process (PID=14259) to work on /home/bharat/.local/lib/python3.11/site-packages/airflow/example_dags/example_branch_day_of_week_operator.py
[2024-07-01T18:08:37.145+0530] {processor.py:830} INFO - Processing file /home/bharat/.local/lib/python3.11/site-packages/airflow/example_dags/example_branch_day_of_week_operator.py for tasks to queue
[2024-07-01T18:08:37.146+0530] {logging_mixin.py:188} INFO - [2024-07-01T18:08:37.146+0530] {dagbag.py:545} INFO - Filling up the DagBag from /home/bharat/.local/lib/python3.11/site-packages/airflow/example_dags/example_branch_day_of_week_operator.py
[2024-07-01T18:08:37.149+0530] {processor.py:840} INFO - DAG(s) 'example_weekday_branch_operator' retrieved from /home/bharat/.local/lib/python3.11/site-packages/airflow/example_dags/example_branch_day_of_week_operator.py
[2024-07-01T18:08:37.155+0530] {logging_mixin.py:188} INFO - [2024-07-01T18:08:37.155+0530] {dag.py:3096} INFO - Sync 1 DAGs
[2024-07-01T18:08:37.163+0530] {logging_mixin.py:188} INFO - [2024-07-01T18:08:37.163+0530] {dag.py:3954} INFO - Setting next_dagrun for example_weekday_branch_operator to 2024-06-30 00:00:00+00:00, run_after=2024-07-01 00:00:00+00:00
[2024-07-01T18:08:37.172+0530] {processor.py:183} INFO - Processing /home/bharat/.local/lib/python3.11/site-packages/airflow/example_dags/example_branch_day_of_week_operator.py took 0.033 seconds
[2024-07-01T18:09:57.794+0530] {processor.py:161} INFO - Started process (PID=14475) to work on /home/bharat/.local/lib/python3.11/site-packages/airflow/example_dags/example_branch_day_of_week_operator.py
[2024-07-01T18:09:57.795+0530] {processor.py:830} INFO - Processing file /home/bharat/.local/lib/python3.11/site-packages/airflow/example_dags/example_branch_day_of_week_operator.py for tasks to queue
[2024-07-01T18:09:57.796+0530] {logging_mixin.py:188} INFO - [2024-07-01T18:09:57.796+0530] {dagbag.py:545} INFO - Filling up the DagBag from /home/bharat/.local/lib/python3.11/site-packages/airflow/example_dags/example_branch_day_of_week_operator.py
[2024-07-01T18:09:57.799+0530] {processor.py:840} INFO - DAG(s) 'example_weekday_branch_operator' retrieved from /home/bharat/.local/lib/python3.11/site-packages/airflow/example_dags/example_branch_day_of_week_operator.py
[2024-07-01T18:09:57.805+0530] {logging_mixin.py:188} INFO - [2024-07-01T18:09:57.805+0530] {dag.py:3096} INFO - Sync 1 DAGs
[2024-07-01T18:09:57.813+0530] {logging_mixin.py:188} INFO - [2024-07-01T18:09:57.813+0530] {dag.py:3954} INFO - Setting next_dagrun for example_weekday_branch_operator to 2024-06-30 00:00:00+00:00, run_after=2024-07-01 00:00:00+00:00
[2024-07-01T18:09:57.823+0530] {processor.py:183} INFO - Processing /home/bharat/.local/lib/python3.11/site-packages/airflow/example_dags/example_branch_day_of_week_operator.py took 0.035 seconds
[2024-07-01T18:11:14.904+0530] {processor.py:161} INFO - Started process (PID=14617) to work on /home/bharat/.local/lib/python3.11/site-packages/airflow/example_dags/example_branch_day_of_week_operator.py
[2024-07-01T18:11:14.904+0530] {processor.py:830} INFO - Processing file /home/bharat/.local/lib/python3.11/site-packages/airflow/example_dags/example_branch_day_of_week_operator.py for tasks to queue
[2024-07-01T18:11:14.905+0530] {logging_mixin.py:188} INFO - [2024-07-01T18:11:14.905+0530] {dagbag.py:545} INFO - Filling up the DagBag from /home/bharat/.local/lib/python3.11/site-packages/airflow/example_dags/example_branch_day_of_week_operator.py
[2024-07-01T18:11:14.910+0530] {processor.py:840} INFO - DAG(s) 'example_weekday_branch_operator' retrieved from /home/bharat/.local/lib/python3.11/site-packages/airflow/example_dags/example_branch_day_of_week_operator.py
[2024-07-01T18:11:14.916+0530] {logging_mixin.py:188} INFO - [2024-07-01T18:11:14.916+0530] {dag.py:3096} INFO - Sync 1 DAGs
[2024-07-01T18:11:14.924+0530] {logging_mixin.py:188} INFO - [2024-07-01T18:11:14.924+0530] {dag.py:3954} INFO - Setting next_dagrun for example_weekday_branch_operator to 2024-06-30 00:00:00+00:00, run_after=2024-07-01 00:00:00+00:00
[2024-07-01T18:11:14.934+0530] {processor.py:183} INFO - Processing /home/bharat/.local/lib/python3.11/site-packages/airflow/example_dags/example_branch_day_of_week_operator.py took 0.034 seconds
[2024-07-01T18:12:33.049+0530] {processor.py:161} INFO - Started process (PID=14954) to work on /home/bharat/.local/lib/python3.11/site-packages/airflow/example_dags/example_branch_day_of_week_operator.py
[2024-07-01T18:12:33.050+0530] {processor.py:830} INFO - Processing file /home/bharat/.local/lib/python3.11/site-packages/airflow/example_dags/example_branch_day_of_week_operator.py for tasks to queue
[2024-07-01T18:12:33.051+0530] {logging_mixin.py:188} INFO - [2024-07-01T18:12:33.051+0530] {dagbag.py:545} INFO - Filling up the DagBag from /home/bharat/.local/lib/python3.11/site-packages/airflow/example_dags/example_branch_day_of_week_operator.py
[2024-07-01T18:12:33.055+0530] {processor.py:840} INFO - DAG(s) 'example_weekday_branch_operator' retrieved from /home/bharat/.local/lib/python3.11/site-packages/airflow/example_dags/example_branch_day_of_week_operator.py
[2024-07-01T18:12:33.061+0530] {logging_mixin.py:188} INFO - [2024-07-01T18:12:33.061+0530] {dag.py:3096} INFO - Sync 1 DAGs
[2024-07-01T18:12:33.069+0530] {logging_mixin.py:188} INFO - [2024-07-01T18:12:33.069+0530] {dag.py:3954} INFO - Setting next_dagrun for example_weekday_branch_operator to 2024-06-30 00:00:00+00:00, run_after=2024-07-01 00:00:00+00:00
[2024-07-01T18:12:33.078+0530] {processor.py:183} INFO - Processing /home/bharat/.local/lib/python3.11/site-packages/airflow/example_dags/example_branch_day_of_week_operator.py took 0.036 seconds
