[2024-07-01T17:48:30.828+0530] {processor.py:161} INFO - Started process (PID=11001) to work on /home/bharat/.local/lib/python3.11/site-packages/airflow/example_dags/example_latest_only_with_trigger.py
[2024-07-01T17:48:30.828+0530] {processor.py:830} INFO - Processing file /home/bharat/.local/lib/python3.11/site-packages/airflow/example_dags/example_latest_only_with_trigger.py for tasks to queue
[2024-07-01T17:48:30.829+0530] {logging_mixin.py:188} INFO - [2024-07-01T17:48:30.829+0530] {dagbag.py:545} INFO - Filling up the DagBag from /home/bharat/.local/lib/python3.11/site-packages/airflow/example_dags/example_latest_only_with_trigger.py
[2024-07-01T17:48:30.832+0530] {processor.py:840} INFO - DAG(s) 'latest_only_with_trigger' retrieved from /home/bharat/.local/lib/python3.11/site-packages/airflow/example_dags/example_latest_only_with_trigger.py
[2024-07-01T17:48:30.911+0530] {logging_mixin.py:188} INFO - [2024-07-01T17:48:30.911+0530] {dag.py:3096} INFO - Sync 1 DAGs
[2024-07-01T17:48:30.916+0530] {logging_mixin.py:188} INFO - [2024-07-01T17:48:30.916+0530] {dag.py:3954} INFO - Setting next_dagrun for latest_only_with_trigger to 2024-07-01 08:00:00+00:00, run_after=2024-07-01 12:00:00+00:00
[2024-07-01T17:48:30.926+0530] {processor.py:183} INFO - Processing /home/bharat/.local/lib/python3.11/site-packages/airflow/example_dags/example_latest_only_with_trigger.py took 0.103 seconds
[2024-07-01T17:49:37.995+0530] {processor.py:161} INFO - Started process (PID=11383) to work on /home/bharat/.local/lib/python3.11/site-packages/airflow/example_dags/example_latest_only_with_trigger.py
[2024-07-01T17:49:37.995+0530] {processor.py:830} INFO - Processing file /home/bharat/.local/lib/python3.11/site-packages/airflow/example_dags/example_latest_only_with_trigger.py for tasks to queue
[2024-07-01T17:49:37.996+0530] {logging_mixin.py:188} INFO - [2024-07-01T17:49:37.996+0530] {dagbag.py:545} INFO - Filling up the DagBag from /home/bharat/.local/lib/python3.11/site-packages/airflow/example_dags/example_latest_only_with_trigger.py
[2024-07-01T17:49:37.999+0530] {processor.py:840} INFO - DAG(s) 'latest_only_with_trigger' retrieved from /home/bharat/.local/lib/python3.11/site-packages/airflow/example_dags/example_latest_only_with_trigger.py
[2024-07-01T17:49:38.056+0530] {logging_mixin.py:188} INFO - [2024-07-01T17:49:38.056+0530] {dag.py:3096} INFO - Sync 1 DAGs
[2024-07-01T17:49:38.062+0530] {logging_mixin.py:188} INFO - [2024-07-01T17:49:38.062+0530] {dag.py:3954} INFO - Setting next_dagrun for latest_only_with_trigger to 2024-07-01 08:00:00+00:00, run_after=2024-07-01 12:00:00+00:00
[2024-07-01T17:49:38.071+0530] {processor.py:183} INFO - Processing /home/bharat/.local/lib/python3.11/site-packages/airflow/example_dags/example_latest_only_with_trigger.py took 0.081 seconds
[2024-07-01T17:50:33.366+0530] {processor.py:161} INFO - Started process (PID=11461) to work on /home/bharat/.local/lib/python3.11/site-packages/airflow/example_dags/example_latest_only_with_trigger.py
[2024-07-01T17:50:33.366+0530] {processor.py:830} INFO - Processing file /home/bharat/.local/lib/python3.11/site-packages/airflow/example_dags/example_latest_only_with_trigger.py for tasks to queue
[2024-07-01T17:50:33.368+0530] {logging_mixin.py:188} INFO - [2024-07-01T17:50:33.367+0530] {dagbag.py:545} INFO - Filling up the DagBag from /home/bharat/.local/lib/python3.11/site-packages/airflow/example_dags/example_latest_only_with_trigger.py
[2024-07-01T17:50:33.371+0530] {processor.py:840} INFO - DAG(s) 'latest_only_with_trigger' retrieved from /home/bharat/.local/lib/python3.11/site-packages/airflow/example_dags/example_latest_only_with_trigger.py
[2024-07-01T17:50:33.378+0530] {logging_mixin.py:188} INFO - [2024-07-01T17:50:33.378+0530] {dag.py:3096} INFO - Sync 1 DAGs
[2024-07-01T17:50:33.386+0530] {logging_mixin.py:188} INFO - [2024-07-01T17:50:33.386+0530] {dag.py:3954} INFO - Setting next_dagrun for latest_only_with_trigger to 2024-07-01 08:00:00+00:00, run_after=2024-07-01 12:00:00+00:00
[2024-07-01T17:50:33.396+0530] {processor.py:183} INFO - Processing /home/bharat/.local/lib/python3.11/site-packages/airflow/example_dags/example_latest_only_with_trigger.py took 0.037 seconds
[2024-07-01T17:51:24.933+0530] {processor.py:161} INFO - Started process (PID=11630) to work on /home/bharat/.local/lib/python3.11/site-packages/airflow/example_dags/example_latest_only_with_trigger.py
[2024-07-01T17:51:24.934+0530] {processor.py:830} INFO - Processing file /home/bharat/.local/lib/python3.11/site-packages/airflow/example_dags/example_latest_only_with_trigger.py for tasks to queue
[2024-07-01T17:51:24.935+0530] {logging_mixin.py:188} INFO - [2024-07-01T17:51:24.934+0530] {dagbag.py:545} INFO - Filling up the DagBag from /home/bharat/.local/lib/python3.11/site-packages/airflow/example_dags/example_latest_only_with_trigger.py
[2024-07-01T17:51:24.938+0530] {processor.py:840} INFO - DAG(s) 'latest_only_with_trigger' retrieved from /home/bharat/.local/lib/python3.11/site-packages/airflow/example_dags/example_latest_only_with_trigger.py
[2024-07-01T17:51:24.944+0530] {logging_mixin.py:188} INFO - [2024-07-01T17:51:24.944+0530] {dag.py:3096} INFO - Sync 1 DAGs
[2024-07-01T17:51:24.951+0530] {logging_mixin.py:188} INFO - [2024-07-01T17:51:24.951+0530] {dag.py:3954} INFO - Setting next_dagrun for latest_only_with_trigger to 2024-07-01 08:00:00+00:00, run_after=2024-07-01 12:00:00+00:00
[2024-07-01T17:51:24.961+0530] {processor.py:183} INFO - Processing /home/bharat/.local/lib/python3.11/site-packages/airflow/example_dags/example_latest_only_with_trigger.py took 0.033 seconds
[2024-07-01T17:52:34.519+0530] {processor.py:161} INFO - Started process (PID=12042) to work on /home/bharat/.local/lib/python3.11/site-packages/airflow/example_dags/example_latest_only_with_trigger.py
[2024-07-01T17:52:34.520+0530] {processor.py:830} INFO - Processing file /home/bharat/.local/lib/python3.11/site-packages/airflow/example_dags/example_latest_only_with_trigger.py for tasks to queue
[2024-07-01T17:52:34.521+0530] {logging_mixin.py:188} INFO - [2024-07-01T17:52:34.521+0530] {dagbag.py:545} INFO - Filling up the DagBag from /home/bharat/.local/lib/python3.11/site-packages/airflow/example_dags/example_latest_only_with_trigger.py
[2024-07-01T17:52:34.528+0530] {processor.py:840} INFO - DAG(s) 'latest_only_with_trigger' retrieved from /home/bharat/.local/lib/python3.11/site-packages/airflow/example_dags/example_latest_only_with_trigger.py
[2024-07-01T17:52:34.539+0530] {logging_mixin.py:188} INFO - [2024-07-01T17:52:34.539+0530] {dag.py:3096} INFO - Sync 1 DAGs
[2024-07-01T17:52:34.547+0530] {logging_mixin.py:188} INFO - [2024-07-01T17:52:34.547+0530] {dag.py:3954} INFO - Setting next_dagrun for latest_only_with_trigger to 2024-07-01 08:00:00+00:00, run_after=2024-07-01 12:00:00+00:00
[2024-07-01T17:52:34.557+0530] {processor.py:183} INFO - Processing /home/bharat/.local/lib/python3.11/site-packages/airflow/example_dags/example_latest_only_with_trigger.py took 0.041 seconds
[2024-07-01T17:53:31.231+0530] {processor.py:161} INFO - Started process (PID=12148) to work on /home/bharat/.local/lib/python3.11/site-packages/airflow/example_dags/example_latest_only_with_trigger.py
[2024-07-01T17:53:31.231+0530] {processor.py:830} INFO - Processing file /home/bharat/.local/lib/python3.11/site-packages/airflow/example_dags/example_latest_only_with_trigger.py for tasks to queue
[2024-07-01T17:53:31.232+0530] {logging_mixin.py:188} INFO - [2024-07-01T17:53:31.232+0530] {dagbag.py:545} INFO - Filling up the DagBag from /home/bharat/.local/lib/python3.11/site-packages/airflow/example_dags/example_latest_only_with_trigger.py
[2024-07-01T17:53:31.237+0530] {processor.py:840} INFO - DAG(s) 'latest_only_with_trigger' retrieved from /home/bharat/.local/lib/python3.11/site-packages/airflow/example_dags/example_latest_only_with_trigger.py
[2024-07-01T17:53:31.246+0530] {logging_mixin.py:188} INFO - [2024-07-01T17:53:31.245+0530] {dag.py:3096} INFO - Sync 1 DAGs
[2024-07-01T17:53:31.254+0530] {logging_mixin.py:188} INFO - [2024-07-01T17:53:31.254+0530] {dag.py:3954} INFO - Setting next_dagrun for latest_only_with_trigger to 2024-07-01 08:00:00+00:00, run_after=2024-07-01 12:00:00+00:00
[2024-07-01T17:53:31.268+0530] {processor.py:183} INFO - Processing /home/bharat/.local/lib/python3.11/site-packages/airflow/example_dags/example_latest_only_with_trigger.py took 0.040 seconds
[2024-07-01T17:54:40.092+0530] {processor.py:161} INFO - Started process (PID=12542) to work on /home/bharat/.local/lib/python3.11/site-packages/airflow/example_dags/example_latest_only_with_trigger.py
[2024-07-01T17:54:40.092+0530] {processor.py:830} INFO - Processing file /home/bharat/.local/lib/python3.11/site-packages/airflow/example_dags/example_latest_only_with_trigger.py for tasks to queue
[2024-07-01T17:54:40.093+0530] {logging_mixin.py:188} INFO - [2024-07-01T17:54:40.093+0530] {dagbag.py:545} INFO - Filling up the DagBag from /home/bharat/.local/lib/python3.11/site-packages/airflow/example_dags/example_latest_only_with_trigger.py
[2024-07-01T17:54:40.096+0530] {processor.py:840} INFO - DAG(s) 'latest_only_with_trigger' retrieved from /home/bharat/.local/lib/python3.11/site-packages/airflow/example_dags/example_latest_only_with_trigger.py
[2024-07-01T17:54:40.102+0530] {logging_mixin.py:188} INFO - [2024-07-01T17:54:40.102+0530] {dag.py:3096} INFO - Sync 1 DAGs
[2024-07-01T17:54:40.110+0530] {logging_mixin.py:188} INFO - [2024-07-01T17:54:40.110+0530] {dag.py:3954} INFO - Setting next_dagrun for latest_only_with_trigger to 2024-07-01 08:00:00+00:00, run_after=2024-07-01 12:00:00+00:00
[2024-07-01T17:54:40.121+0530] {processor.py:183} INFO - Processing /home/bharat/.local/lib/python3.11/site-packages/airflow/example_dags/example_latest_only_with_trigger.py took 0.032 seconds
[2024-07-01T17:55:35.442+0530] {processor.py:161} INFO - Started process (PID=12627) to work on /home/bharat/.local/lib/python3.11/site-packages/airflow/example_dags/example_latest_only_with_trigger.py
[2024-07-01T17:55:35.443+0530] {processor.py:830} INFO - Processing file /home/bharat/.local/lib/python3.11/site-packages/airflow/example_dags/example_latest_only_with_trigger.py for tasks to queue
[2024-07-01T17:55:35.444+0530] {logging_mixin.py:188} INFO - [2024-07-01T17:55:35.443+0530] {dagbag.py:545} INFO - Filling up the DagBag from /home/bharat/.local/lib/python3.11/site-packages/airflow/example_dags/example_latest_only_with_trigger.py
[2024-07-01T17:55:35.449+0530] {processor.py:840} INFO - DAG(s) 'latest_only_with_trigger' retrieved from /home/bharat/.local/lib/python3.11/site-packages/airflow/example_dags/example_latest_only_with_trigger.py
[2024-07-01T17:55:35.457+0530] {logging_mixin.py:188} INFO - [2024-07-01T17:55:35.457+0530] {dag.py:3096} INFO - Sync 1 DAGs
[2024-07-01T17:55:35.468+0530] {logging_mixin.py:188} INFO - [2024-07-01T17:55:35.468+0530] {dag.py:3954} INFO - Setting next_dagrun for latest_only_with_trigger to 2024-07-01 08:00:00+00:00, run_after=2024-07-01 12:00:00+00:00
[2024-07-01T17:55:35.478+0530] {processor.py:183} INFO - Processing /home/bharat/.local/lib/python3.11/site-packages/airflow/example_dags/example_latest_only_with_trigger.py took 0.040 seconds
[2024-07-01T17:56:26.056+0530] {processor.py:161} INFO - Started process (PID=12699) to work on /home/bharat/.local/lib/python3.11/site-packages/airflow/example_dags/example_latest_only_with_trigger.py
[2024-07-01T17:56:26.057+0530] {processor.py:830} INFO - Processing file /home/bharat/.local/lib/python3.11/site-packages/airflow/example_dags/example_latest_only_with_trigger.py for tasks to queue
[2024-07-01T17:56:26.057+0530] {logging_mixin.py:188} INFO - [2024-07-01T17:56:26.057+0530] {dagbag.py:545} INFO - Filling up the DagBag from /home/bharat/.local/lib/python3.11/site-packages/airflow/example_dags/example_latest_only_with_trigger.py
[2024-07-01T17:56:26.060+0530] {processor.py:840} INFO - DAG(s) 'latest_only_with_trigger' retrieved from /home/bharat/.local/lib/python3.11/site-packages/airflow/example_dags/example_latest_only_with_trigger.py
[2024-07-01T17:56:26.066+0530] {logging_mixin.py:188} INFO - [2024-07-01T17:56:26.066+0530] {dag.py:3096} INFO - Sync 1 DAGs
[2024-07-01T17:56:26.073+0530] {logging_mixin.py:188} INFO - [2024-07-01T17:56:26.073+0530] {dag.py:3954} INFO - Setting next_dagrun for latest_only_with_trigger to 2024-07-01 08:00:00+00:00, run_after=2024-07-01 12:00:00+00:00
[2024-07-01T17:56:26.082+0530] {processor.py:183} INFO - Processing /home/bharat/.local/lib/python3.11/site-packages/airflow/example_dags/example_latest_only_with_trigger.py took 0.033 seconds
[2024-07-01T17:57:19.386+0530] {processor.py:161} INFO - Started process (PID=12774) to work on /home/bharat/.local/lib/python3.11/site-packages/airflow/example_dags/example_latest_only_with_trigger.py
[2024-07-01T17:57:19.387+0530] {processor.py:830} INFO - Processing file /home/bharat/.local/lib/python3.11/site-packages/airflow/example_dags/example_latest_only_with_trigger.py for tasks to queue
[2024-07-01T17:57:19.388+0530] {logging_mixin.py:188} INFO - [2024-07-01T17:57:19.388+0530] {dagbag.py:545} INFO - Filling up the DagBag from /home/bharat/.local/lib/python3.11/site-packages/airflow/example_dags/example_latest_only_with_trigger.py
[2024-07-01T17:57:19.391+0530] {processor.py:840} INFO - DAG(s) 'latest_only_with_trigger' retrieved from /home/bharat/.local/lib/python3.11/site-packages/airflow/example_dags/example_latest_only_with_trigger.py
[2024-07-01T17:57:19.397+0530] {logging_mixin.py:188} INFO - [2024-07-01T17:57:19.397+0530] {dag.py:3096} INFO - Sync 1 DAGs
[2024-07-01T17:57:19.404+0530] {logging_mixin.py:188} INFO - [2024-07-01T17:57:19.404+0530] {dag.py:3954} INFO - Setting next_dagrun for latest_only_with_trigger to 2024-07-01 08:00:00+00:00, run_after=2024-07-01 12:00:00+00:00
[2024-07-01T17:57:19.413+0530] {processor.py:183} INFO - Processing /home/bharat/.local/lib/python3.11/site-packages/airflow/example_dags/example_latest_only_with_trigger.py took 0.033 seconds
[2024-07-01T17:58:12.318+0530] {processor.py:161} INFO - Started process (PID=12873) to work on /home/bharat/.local/lib/python3.11/site-packages/airflow/example_dags/example_latest_only_with_trigger.py
[2024-07-01T17:58:12.319+0530] {processor.py:830} INFO - Processing file /home/bharat/.local/lib/python3.11/site-packages/airflow/example_dags/example_latest_only_with_trigger.py for tasks to queue
[2024-07-01T17:58:12.321+0530] {logging_mixin.py:188} INFO - [2024-07-01T17:58:12.320+0530] {dagbag.py:545} INFO - Filling up the DagBag from /home/bharat/.local/lib/python3.11/site-packages/airflow/example_dags/example_latest_only_with_trigger.py
[2024-07-01T17:58:12.326+0530] {processor.py:840} INFO - DAG(s) 'latest_only_with_trigger' retrieved from /home/bharat/.local/lib/python3.11/site-packages/airflow/example_dags/example_latest_only_with_trigger.py
[2024-07-01T17:58:12.333+0530] {logging_mixin.py:188} INFO - [2024-07-01T17:58:12.333+0530] {dag.py:3096} INFO - Sync 1 DAGs
[2024-07-01T17:58:12.341+0530] {logging_mixin.py:188} INFO - [2024-07-01T17:58:12.341+0530] {dag.py:3954} INFO - Setting next_dagrun for latest_only_with_trigger to 2024-07-01 08:00:00+00:00, run_after=2024-07-01 12:00:00+00:00
[2024-07-01T17:58:12.350+0530] {processor.py:183} INFO - Processing /home/bharat/.local/lib/python3.11/site-packages/airflow/example_dags/example_latest_only_with_trigger.py took 0.035 seconds
[2024-07-01T17:59:03.996+0530] {processor.py:161} INFO - Started process (PID=12946) to work on /home/bharat/.local/lib/python3.11/site-packages/airflow/example_dags/example_latest_only_with_trigger.py
[2024-07-01T17:59:03.996+0530] {processor.py:830} INFO - Processing file /home/bharat/.local/lib/python3.11/site-packages/airflow/example_dags/example_latest_only_with_trigger.py for tasks to queue
[2024-07-01T17:59:03.998+0530] {logging_mixin.py:188} INFO - [2024-07-01T17:59:03.997+0530] {dagbag.py:545} INFO - Filling up the DagBag from /home/bharat/.local/lib/python3.11/site-packages/airflow/example_dags/example_latest_only_with_trigger.py
[2024-07-01T17:59:04.003+0530] {processor.py:840} INFO - DAG(s) 'latest_only_with_trigger' retrieved from /home/bharat/.local/lib/python3.11/site-packages/airflow/example_dags/example_latest_only_with_trigger.py
[2024-07-01T17:59:04.011+0530] {logging_mixin.py:188} INFO - [2024-07-01T17:59:04.011+0530] {dag.py:3096} INFO - Sync 1 DAGs
[2024-07-01T17:59:04.018+0530] {logging_mixin.py:188} INFO - [2024-07-01T17:59:04.018+0530] {dag.py:3954} INFO - Setting next_dagrun for latest_only_with_trigger to 2024-07-01 08:00:00+00:00, run_after=2024-07-01 12:00:00+00:00
[2024-07-01T17:59:04.027+0530] {processor.py:183} INFO - Processing /home/bharat/.local/lib/python3.11/site-packages/airflow/example_dags/example_latest_only_with_trigger.py took 0.037 seconds
[2024-07-01T17:59:55.279+0530] {processor.py:161} INFO - Started process (PID=13019) to work on /home/bharat/.local/lib/python3.11/site-packages/airflow/example_dags/example_latest_only_with_trigger.py
[2024-07-01T17:59:55.280+0530] {processor.py:830} INFO - Processing file /home/bharat/.local/lib/python3.11/site-packages/airflow/example_dags/example_latest_only_with_trigger.py for tasks to queue
[2024-07-01T17:59:55.281+0530] {logging_mixin.py:188} INFO - [2024-07-01T17:59:55.280+0530] {dagbag.py:545} INFO - Filling up the DagBag from /home/bharat/.local/lib/python3.11/site-packages/airflow/example_dags/example_latest_only_with_trigger.py
[2024-07-01T17:59:55.283+0530] {processor.py:840} INFO - DAG(s) 'latest_only_with_trigger' retrieved from /home/bharat/.local/lib/python3.11/site-packages/airflow/example_dags/example_latest_only_with_trigger.py
[2024-07-01T17:59:55.289+0530] {logging_mixin.py:188} INFO - [2024-07-01T17:59:55.289+0530] {dag.py:3096} INFO - Sync 1 DAGs
[2024-07-01T17:59:55.296+0530] {logging_mixin.py:188} INFO - [2024-07-01T17:59:55.296+0530] {dag.py:3954} INFO - Setting next_dagrun for latest_only_with_trigger to 2024-07-01 08:00:00+00:00, run_after=2024-07-01 12:00:00+00:00
[2024-07-01T17:59:55.306+0530] {processor.py:183} INFO - Processing /home/bharat/.local/lib/python3.11/site-packages/airflow/example_dags/example_latest_only_with_trigger.py took 0.030 seconds
[2024-07-01T18:00:46.741+0530] {processor.py:161} INFO - Started process (PID=13097) to work on /home/bharat/.local/lib/python3.11/site-packages/airflow/example_dags/example_latest_only_with_trigger.py
[2024-07-01T18:00:46.742+0530] {processor.py:830} INFO - Processing file /home/bharat/.local/lib/python3.11/site-packages/airflow/example_dags/example_latest_only_with_trigger.py for tasks to queue
[2024-07-01T18:00:46.743+0530] {logging_mixin.py:188} INFO - [2024-07-01T18:00:46.743+0530] {dagbag.py:545} INFO - Filling up the DagBag from /home/bharat/.local/lib/python3.11/site-packages/airflow/example_dags/example_latest_only_with_trigger.py
[2024-07-01T18:00:46.747+0530] {processor.py:840} INFO - DAG(s) 'latest_only_with_trigger' retrieved from /home/bharat/.local/lib/python3.11/site-packages/airflow/example_dags/example_latest_only_with_trigger.py
[2024-07-01T18:00:46.753+0530] {logging_mixin.py:188} INFO - [2024-07-01T18:00:46.753+0530] {dag.py:3096} INFO - Sync 1 DAGs
[2024-07-01T18:00:46.761+0530] {logging_mixin.py:188} INFO - [2024-07-01T18:00:46.761+0530] {dag.py:3954} INFO - Setting next_dagrun for latest_only_with_trigger to 2024-07-01 08:00:00+00:00, run_after=2024-07-01 12:00:00+00:00
[2024-07-01T18:00:46.770+0530] {processor.py:183} INFO - Processing /home/bharat/.local/lib/python3.11/site-packages/airflow/example_dags/example_latest_only_with_trigger.py took 0.037 seconds
[2024-07-01T18:01:38.223+0530] {processor.py:161} INFO - Started process (PID=13169) to work on /home/bharat/.local/lib/python3.11/site-packages/airflow/example_dags/example_latest_only_with_trigger.py
[2024-07-01T18:01:38.224+0530] {processor.py:830} INFO - Processing file /home/bharat/.local/lib/python3.11/site-packages/airflow/example_dags/example_latest_only_with_trigger.py for tasks to queue
[2024-07-01T18:01:38.225+0530] {logging_mixin.py:188} INFO - [2024-07-01T18:01:38.225+0530] {dagbag.py:545} INFO - Filling up the DagBag from /home/bharat/.local/lib/python3.11/site-packages/airflow/example_dags/example_latest_only_with_trigger.py
[2024-07-01T18:01:38.229+0530] {processor.py:840} INFO - DAG(s) 'latest_only_with_trigger' retrieved from /home/bharat/.local/lib/python3.11/site-packages/airflow/example_dags/example_latest_only_with_trigger.py
[2024-07-01T18:01:38.235+0530] {logging_mixin.py:188} INFO - [2024-07-01T18:01:38.235+0530] {dag.py:3096} INFO - Sync 1 DAGs
[2024-07-01T18:01:38.242+0530] {logging_mixin.py:188} INFO - [2024-07-01T18:01:38.242+0530] {dag.py:3954} INFO - Setting next_dagrun for latest_only_with_trigger to 2024-07-01 08:00:00+00:00, run_after=2024-07-01 12:00:00+00:00
[2024-07-01T18:01:38.252+0530] {processor.py:183} INFO - Processing /home/bharat/.local/lib/python3.11/site-packages/airflow/example_dags/example_latest_only_with_trigger.py took 0.036 seconds
[2024-07-01T18:02:32.181+0530] {processor.py:161} INFO - Started process (PID=13242) to work on /home/bharat/.local/lib/python3.11/site-packages/airflow/example_dags/example_latest_only_with_trigger.py
[2024-07-01T18:02:32.182+0530] {processor.py:830} INFO - Processing file /home/bharat/.local/lib/python3.11/site-packages/airflow/example_dags/example_latest_only_with_trigger.py for tasks to queue
[2024-07-01T18:02:32.183+0530] {logging_mixin.py:188} INFO - [2024-07-01T18:02:32.183+0530] {dagbag.py:545} INFO - Filling up the DagBag from /home/bharat/.local/lib/python3.11/site-packages/airflow/example_dags/example_latest_only_with_trigger.py
[2024-07-01T18:02:32.187+0530] {processor.py:840} INFO - DAG(s) 'latest_only_with_trigger' retrieved from /home/bharat/.local/lib/python3.11/site-packages/airflow/example_dags/example_latest_only_with_trigger.py
[2024-07-01T18:02:32.193+0530] {logging_mixin.py:188} INFO - [2024-07-01T18:02:32.193+0530] {dag.py:3096} INFO - Sync 1 DAGs
[2024-07-01T18:02:32.200+0530] {logging_mixin.py:188} INFO - [2024-07-01T18:02:32.200+0530] {dag.py:3954} INFO - Setting next_dagrun for latest_only_with_trigger to 2024-07-01 08:00:00+00:00, run_after=2024-07-01 12:00:00+00:00
[2024-07-01T18:02:32.210+0530] {processor.py:183} INFO - Processing /home/bharat/.local/lib/python3.11/site-packages/airflow/example_dags/example_latest_only_with_trigger.py took 0.036 seconds
[2024-07-01T18:03:24.201+0530] {processor.py:161} INFO - Started process (PID=13344) to work on /home/bharat/.local/lib/python3.11/site-packages/airflow/example_dags/example_latest_only_with_trigger.py
[2024-07-01T18:03:24.202+0530] {processor.py:830} INFO - Processing file /home/bharat/.local/lib/python3.11/site-packages/airflow/example_dags/example_latest_only_with_trigger.py for tasks to queue
[2024-07-01T18:03:24.203+0530] {logging_mixin.py:188} INFO - [2024-07-01T18:03:24.203+0530] {dagbag.py:545} INFO - Filling up the DagBag from /home/bharat/.local/lib/python3.11/site-packages/airflow/example_dags/example_latest_only_with_trigger.py
[2024-07-01T18:03:24.207+0530] {processor.py:840} INFO - DAG(s) 'latest_only_with_trigger' retrieved from /home/bharat/.local/lib/python3.11/site-packages/airflow/example_dags/example_latest_only_with_trigger.py
[2024-07-01T18:03:24.214+0530] {logging_mixin.py:188} INFO - [2024-07-01T18:03:24.213+0530] {dag.py:3096} INFO - Sync 1 DAGs
[2024-07-01T18:03:24.221+0530] {logging_mixin.py:188} INFO - [2024-07-01T18:03:24.220+0530] {dag.py:3954} INFO - Setting next_dagrun for latest_only_with_trigger to 2024-07-01 08:00:00+00:00, run_after=2024-07-01 12:00:00+00:00
[2024-07-01T18:03:24.230+0530] {processor.py:183} INFO - Processing /home/bharat/.local/lib/python3.11/site-packages/airflow/example_dags/example_latest_only_with_trigger.py took 0.036 seconds
[2024-07-01T18:04:14.768+0530] {processor.py:161} INFO - Started process (PID=13414) to work on /home/bharat/.local/lib/python3.11/site-packages/airflow/example_dags/example_latest_only_with_trigger.py
[2024-07-01T18:04:14.768+0530] {processor.py:830} INFO - Processing file /home/bharat/.local/lib/python3.11/site-packages/airflow/example_dags/example_latest_only_with_trigger.py for tasks to queue
[2024-07-01T18:04:14.769+0530] {logging_mixin.py:188} INFO - [2024-07-01T18:04:14.769+0530] {dagbag.py:545} INFO - Filling up the DagBag from /home/bharat/.local/lib/python3.11/site-packages/airflow/example_dags/example_latest_only_with_trigger.py
[2024-07-01T18:04:14.775+0530] {processor.py:840} INFO - DAG(s) 'latest_only_with_trigger' retrieved from /home/bharat/.local/lib/python3.11/site-packages/airflow/example_dags/example_latest_only_with_trigger.py
[2024-07-01T18:04:14.787+0530] {logging_mixin.py:188} INFO - [2024-07-01T18:04:14.787+0530] {dag.py:3096} INFO - Sync 1 DAGs
[2024-07-01T18:04:14.795+0530] {logging_mixin.py:188} INFO - [2024-07-01T18:04:14.795+0530] {dag.py:3954} INFO - Setting next_dagrun for latest_only_with_trigger to 2024-07-01 08:00:00+00:00, run_after=2024-07-01 12:00:00+00:00
[2024-07-01T18:04:14.806+0530] {processor.py:183} INFO - Processing /home/bharat/.local/lib/python3.11/site-packages/airflow/example_dags/example_latest_only_with_trigger.py took 0.042 seconds
[2024-07-01T18:05:08.730+0530] {processor.py:161} INFO - Started process (PID=13917) to work on /home/bharat/.local/lib/python3.11/site-packages/airflow/example_dags/example_latest_only_with_trigger.py
[2024-07-01T18:05:08.731+0530] {processor.py:830} INFO - Processing file /home/bharat/.local/lib/python3.11/site-packages/airflow/example_dags/example_latest_only_with_trigger.py for tasks to queue
[2024-07-01T18:05:08.731+0530] {logging_mixin.py:188} INFO - [2024-07-01T18:05:08.731+0530] {dagbag.py:545} INFO - Filling up the DagBag from /home/bharat/.local/lib/python3.11/site-packages/airflow/example_dags/example_latest_only_with_trigger.py
[2024-07-01T18:05:08.734+0530] {processor.py:840} INFO - DAG(s) 'latest_only_with_trigger' retrieved from /home/bharat/.local/lib/python3.11/site-packages/airflow/example_dags/example_latest_only_with_trigger.py
[2024-07-01T18:05:08.740+0530] {logging_mixin.py:188} INFO - [2024-07-01T18:05:08.740+0530] {dag.py:3096} INFO - Sync 1 DAGs
[2024-07-01T18:05:08.747+0530] {logging_mixin.py:188} INFO - [2024-07-01T18:05:08.747+0530] {dag.py:3954} INFO - Setting next_dagrun for latest_only_with_trigger to 2024-07-01 08:00:00+00:00, run_after=2024-07-01 12:00:00+00:00
[2024-07-01T18:05:08.757+0530] {processor.py:183} INFO - Processing /home/bharat/.local/lib/python3.11/site-packages/airflow/example_dags/example_latest_only_with_trigger.py took 0.030 seconds
[2024-07-01T18:05:57.777+0530] {processor.py:161} INFO - Started process (PID=14001) to work on /home/bharat/.local/lib/python3.11/site-packages/airflow/example_dags/example_latest_only_with_trigger.py
[2024-07-01T18:05:57.778+0530] {processor.py:830} INFO - Processing file /home/bharat/.local/lib/python3.11/site-packages/airflow/example_dags/example_latest_only_with_trigger.py for tasks to queue
[2024-07-01T18:05:57.778+0530] {logging_mixin.py:188} INFO - [2024-07-01T18:05:57.778+0530] {dagbag.py:545} INFO - Filling up the DagBag from /home/bharat/.local/lib/python3.11/site-packages/airflow/example_dags/example_latest_only_with_trigger.py
[2024-07-01T18:05:57.781+0530] {processor.py:840} INFO - DAG(s) 'latest_only_with_trigger' retrieved from /home/bharat/.local/lib/python3.11/site-packages/airflow/example_dags/example_latest_only_with_trigger.py
[2024-07-01T18:05:57.787+0530] {logging_mixin.py:188} INFO - [2024-07-01T18:05:57.787+0530] {dag.py:3096} INFO - Sync 1 DAGs
[2024-07-01T18:05:57.795+0530] {logging_mixin.py:188} INFO - [2024-07-01T18:05:57.795+0530] {dag.py:3954} INFO - Setting next_dagrun for latest_only_with_trigger to 2024-07-01 08:00:00+00:00, run_after=2024-07-01 12:00:00+00:00
[2024-07-01T18:05:57.805+0530] {processor.py:183} INFO - Processing /home/bharat/.local/lib/python3.11/site-packages/airflow/example_dags/example_latest_only_with_trigger.py took 0.030 seconds
[2024-07-01T18:06:47.200+0530] {processor.py:161} INFO - Started process (PID=14079) to work on /home/bharat/.local/lib/python3.11/site-packages/airflow/example_dags/example_latest_only_with_trigger.py
[2024-07-01T18:06:47.201+0530] {processor.py:830} INFO - Processing file /home/bharat/.local/lib/python3.11/site-packages/airflow/example_dags/example_latest_only_with_trigger.py for tasks to queue
[2024-07-01T18:06:47.201+0530] {logging_mixin.py:188} INFO - [2024-07-01T18:06:47.201+0530] {dagbag.py:545} INFO - Filling up the DagBag from /home/bharat/.local/lib/python3.11/site-packages/airflow/example_dags/example_latest_only_with_trigger.py
[2024-07-01T18:06:47.204+0530] {processor.py:840} INFO - DAG(s) 'latest_only_with_trigger' retrieved from /home/bharat/.local/lib/python3.11/site-packages/airflow/example_dags/example_latest_only_with_trigger.py
[2024-07-01T18:06:47.210+0530] {logging_mixin.py:188} INFO - [2024-07-01T18:06:47.210+0530] {dag.py:3096} INFO - Sync 1 DAGs
[2024-07-01T18:06:47.218+0530] {logging_mixin.py:188} INFO - [2024-07-01T18:06:47.218+0530] {dag.py:3954} INFO - Setting next_dagrun for latest_only_with_trigger to 2024-07-01 08:00:00+00:00, run_after=2024-07-01 12:00:00+00:00
[2024-07-01T18:06:47.228+0530] {processor.py:183} INFO - Processing /home/bharat/.local/lib/python3.11/site-packages/airflow/example_dags/example_latest_only_with_trigger.py took 0.034 seconds
[2024-07-01T18:07:41.162+0530] {processor.py:161} INFO - Started process (PID=14153) to work on /home/bharat/.local/lib/python3.11/site-packages/airflow/example_dags/example_latest_only_with_trigger.py
[2024-07-01T18:07:41.163+0530] {processor.py:830} INFO - Processing file /home/bharat/.local/lib/python3.11/site-packages/airflow/example_dags/example_latest_only_with_trigger.py for tasks to queue
[2024-07-01T18:07:41.164+0530] {logging_mixin.py:188} INFO - [2024-07-01T18:07:41.164+0530] {dagbag.py:545} INFO - Filling up the DagBag from /home/bharat/.local/lib/python3.11/site-packages/airflow/example_dags/example_latest_only_with_trigger.py
[2024-07-01T18:07:41.167+0530] {processor.py:840} INFO - DAG(s) 'latest_only_with_trigger' retrieved from /home/bharat/.local/lib/python3.11/site-packages/airflow/example_dags/example_latest_only_with_trigger.py
[2024-07-01T18:07:41.173+0530] {logging_mixin.py:188} INFO - [2024-07-01T18:07:41.173+0530] {dag.py:3096} INFO - Sync 1 DAGs
[2024-07-01T18:07:41.180+0530] {logging_mixin.py:188} INFO - [2024-07-01T18:07:41.180+0530] {dag.py:3954} INFO - Setting next_dagrun for latest_only_with_trigger to 2024-07-01 08:00:00+00:00, run_after=2024-07-01 12:00:00+00:00
[2024-07-01T18:07:41.190+0530] {processor.py:183} INFO - Processing /home/bharat/.local/lib/python3.11/site-packages/airflow/example_dags/example_latest_only_with_trigger.py took 0.033 seconds
[2024-07-01T18:08:31.460+0530] {processor.py:161} INFO - Started process (PID=14253) to work on /home/bharat/.local/lib/python3.11/site-packages/airflow/example_dags/example_latest_only_with_trigger.py
[2024-07-01T18:08:31.461+0530] {processor.py:830} INFO - Processing file /home/bharat/.local/lib/python3.11/site-packages/airflow/example_dags/example_latest_only_with_trigger.py for tasks to queue
[2024-07-01T18:08:31.461+0530] {logging_mixin.py:188} INFO - [2024-07-01T18:08:31.461+0530] {dagbag.py:545} INFO - Filling up the DagBag from /home/bharat/.local/lib/python3.11/site-packages/airflow/example_dags/example_latest_only_with_trigger.py
[2024-07-01T18:08:31.464+0530] {processor.py:840} INFO - DAG(s) 'latest_only_with_trigger' retrieved from /home/bharat/.local/lib/python3.11/site-packages/airflow/example_dags/example_latest_only_with_trigger.py
[2024-07-01T18:08:31.470+0530] {logging_mixin.py:188} INFO - [2024-07-01T18:08:31.470+0530] {dag.py:3096} INFO - Sync 1 DAGs
[2024-07-01T18:08:31.477+0530] {logging_mixin.py:188} INFO - [2024-07-01T18:08:31.477+0530] {dag.py:3954} INFO - Setting next_dagrun for latest_only_with_trigger to 2024-07-01 08:00:00+00:00, run_after=2024-07-01 12:00:00+00:00
[2024-07-01T18:08:31.488+0530] {processor.py:183} INFO - Processing /home/bharat/.local/lib/python3.11/site-packages/airflow/example_dags/example_latest_only_with_trigger.py took 0.031 seconds
[2024-07-01T18:09:22.869+0530] {processor.py:161} INFO - Started process (PID=14414) to work on /home/bharat/.local/lib/python3.11/site-packages/airflow/example_dags/example_latest_only_with_trigger.py
[2024-07-01T18:09:22.870+0530] {processor.py:830} INFO - Processing file /home/bharat/.local/lib/python3.11/site-packages/airflow/example_dags/example_latest_only_with_trigger.py for tasks to queue
[2024-07-01T18:09:22.872+0530] {logging_mixin.py:188} INFO - [2024-07-01T18:09:22.871+0530] {dagbag.py:545} INFO - Filling up the DagBag from /home/bharat/.local/lib/python3.11/site-packages/airflow/example_dags/example_latest_only_with_trigger.py
[2024-07-01T18:09:22.875+0530] {processor.py:840} INFO - DAG(s) 'latest_only_with_trigger' retrieved from /home/bharat/.local/lib/python3.11/site-packages/airflow/example_dags/example_latest_only_with_trigger.py
[2024-07-01T18:09:22.882+0530] {logging_mixin.py:188} INFO - [2024-07-01T18:09:22.882+0530] {dag.py:3096} INFO - Sync 1 DAGs
[2024-07-01T18:09:22.889+0530] {logging_mixin.py:188} INFO - [2024-07-01T18:09:22.889+0530] {dag.py:3954} INFO - Setting next_dagrun for latest_only_with_trigger to 2024-07-01 08:00:00+00:00, run_after=2024-07-01 12:00:00+00:00
[2024-07-01T18:09:22.899+0530] {processor.py:183} INFO - Processing /home/bharat/.local/lib/python3.11/site-packages/airflow/example_dags/example_latest_only_with_trigger.py took 0.037 seconds
[2024-07-01T18:10:16.575+0530] {processor.py:161} INFO - Started process (PID=14496) to work on /home/bharat/.local/lib/python3.11/site-packages/airflow/example_dags/example_latest_only_with_trigger.py
[2024-07-01T18:10:16.575+0530] {processor.py:830} INFO - Processing file /home/bharat/.local/lib/python3.11/site-packages/airflow/example_dags/example_latest_only_with_trigger.py for tasks to queue
[2024-07-01T18:10:16.576+0530] {logging_mixin.py:188} INFO - [2024-07-01T18:10:16.576+0530] {dagbag.py:545} INFO - Filling up the DagBag from /home/bharat/.local/lib/python3.11/site-packages/airflow/example_dags/example_latest_only_with_trigger.py
[2024-07-01T18:10:16.579+0530] {processor.py:840} INFO - DAG(s) 'latest_only_with_trigger' retrieved from /home/bharat/.local/lib/python3.11/site-packages/airflow/example_dags/example_latest_only_with_trigger.py
[2024-07-01T18:10:16.587+0530] {logging_mixin.py:188} INFO - [2024-07-01T18:10:16.587+0530] {dag.py:3096} INFO - Sync 1 DAGs
[2024-07-01T18:10:16.595+0530] {logging_mixin.py:188} INFO - [2024-07-01T18:10:16.595+0530] {dag.py:3954} INFO - Setting next_dagrun for latest_only_with_trigger to 2024-07-01 08:00:00+00:00, run_after=2024-07-01 12:00:00+00:00
[2024-07-01T18:10:16.604+0530] {processor.py:183} INFO - Processing /home/bharat/.local/lib/python3.11/site-packages/airflow/example_dags/example_latest_only_with_trigger.py took 0.035 seconds
[2024-07-01T18:11:07.187+0530] {processor.py:161} INFO - Started process (PID=14602) to work on /home/bharat/.local/lib/python3.11/site-packages/airflow/example_dags/example_latest_only_with_trigger.py
[2024-07-01T18:11:07.187+0530] {processor.py:830} INFO - Processing file /home/bharat/.local/lib/python3.11/site-packages/airflow/example_dags/example_latest_only_with_trigger.py for tasks to queue
[2024-07-01T18:11:07.189+0530] {logging_mixin.py:188} INFO - [2024-07-01T18:11:07.188+0530] {dagbag.py:545} INFO - Filling up the DagBag from /home/bharat/.local/lib/python3.11/site-packages/airflow/example_dags/example_latest_only_with_trigger.py
[2024-07-01T18:11:07.192+0530] {processor.py:840} INFO - DAG(s) 'latest_only_with_trigger' retrieved from /home/bharat/.local/lib/python3.11/site-packages/airflow/example_dags/example_latest_only_with_trigger.py
[2024-07-01T18:11:07.199+0530] {logging_mixin.py:188} INFO - [2024-07-01T18:11:07.199+0530] {dag.py:3096} INFO - Sync 1 DAGs
[2024-07-01T18:11:07.208+0530] {logging_mixin.py:188} INFO - [2024-07-01T18:11:07.208+0530] {dag.py:3954} INFO - Setting next_dagrun for latest_only_with_trigger to 2024-07-01 08:00:00+00:00, run_after=2024-07-01 12:00:00+00:00
[2024-07-01T18:11:07.218+0530] {processor.py:183} INFO - Processing /home/bharat/.local/lib/python3.11/site-packages/airflow/example_dags/example_latest_only_with_trigger.py took 0.038 seconds
[2024-07-01T18:12:00.016+0530] {processor.py:161} INFO - Started process (PID=14739) to work on /home/bharat/.local/lib/python3.11/site-packages/airflow/example_dags/example_latest_only_with_trigger.py
[2024-07-01T18:12:00.016+0530] {processor.py:830} INFO - Processing file /home/bharat/.local/lib/python3.11/site-packages/airflow/example_dags/example_latest_only_with_trigger.py for tasks to queue
[2024-07-01T18:12:00.017+0530] {logging_mixin.py:188} INFO - [2024-07-01T18:12:00.017+0530] {dagbag.py:545} INFO - Filling up the DagBag from /home/bharat/.local/lib/python3.11/site-packages/airflow/example_dags/example_latest_only_with_trigger.py
[2024-07-01T18:12:00.021+0530] {processor.py:840} INFO - DAG(s) 'latest_only_with_trigger' retrieved from /home/bharat/.local/lib/python3.11/site-packages/airflow/example_dags/example_latest_only_with_trigger.py
[2024-07-01T18:12:00.029+0530] {logging_mixin.py:188} INFO - [2024-07-01T18:12:00.029+0530] {dag.py:3096} INFO - Sync 1 DAGs
[2024-07-01T18:12:00.038+0530] {logging_mixin.py:188} INFO - [2024-07-01T18:12:00.038+0530] {dag.py:3954} INFO - Setting next_dagrun for latest_only_with_trigger to 2024-07-01 08:00:00+00:00, run_after=2024-07-01 12:00:00+00:00
[2024-07-01T18:12:00.049+0530] {processor.py:183} INFO - Processing /home/bharat/.local/lib/python3.11/site-packages/airflow/example_dags/example_latest_only_with_trigger.py took 0.037 seconds
[2024-07-01T18:12:51.835+0530] {processor.py:161} INFO - Started process (PID=15083) to work on /home/bharat/.local/lib/python3.11/site-packages/airflow/example_dags/example_latest_only_with_trigger.py
[2024-07-01T18:12:51.835+0530] {processor.py:830} INFO - Processing file /home/bharat/.local/lib/python3.11/site-packages/airflow/example_dags/example_latest_only_with_trigger.py for tasks to queue
[2024-07-01T18:12:51.836+0530] {logging_mixin.py:188} INFO - [2024-07-01T18:12:51.836+0530] {dagbag.py:545} INFO - Filling up the DagBag from /home/bharat/.local/lib/python3.11/site-packages/airflow/example_dags/example_latest_only_with_trigger.py
[2024-07-01T18:12:51.838+0530] {processor.py:840} INFO - DAG(s) 'latest_only_with_trigger' retrieved from /home/bharat/.local/lib/python3.11/site-packages/airflow/example_dags/example_latest_only_with_trigger.py
[2024-07-01T18:12:51.844+0530] {logging_mixin.py:188} INFO - [2024-07-01T18:12:51.844+0530] {dag.py:3096} INFO - Sync 1 DAGs
[2024-07-01T18:12:51.852+0530] {logging_mixin.py:188} INFO - [2024-07-01T18:12:51.851+0530] {dag.py:3954} INFO - Setting next_dagrun for latest_only_with_trigger to 2024-07-01 08:00:00+00:00, run_after=2024-07-01 12:00:00+00:00
[2024-07-01T18:12:51.861+0530] {processor.py:183} INFO - Processing /home/bharat/.local/lib/python3.11/site-packages/airflow/example_dags/example_latest_only_with_trigger.py took 0.030 seconds
