[2024-07-01T17:48:16.424+0530] {processor.py:161} INFO - Started process (PID=10940) to work on /home/bharat/.local/lib/python3.11/site-packages/airflow/example_dags/example_trigger_controller_dag.py
[2024-07-01T17:48:16.425+0530] {processor.py:830} INFO - Processing file /home/bharat/.local/lib/python3.11/site-packages/airflow/example_dags/example_trigger_controller_dag.py for tasks to queue
[2024-07-01T17:48:16.427+0530] {logging_mixin.py:188} INFO - [2024-07-01T17:48:16.426+0530] {dagbag.py:545} INFO - Filling up the DagBag from /home/bharat/.local/lib/python3.11/site-packages/airflow/example_dags/example_trigger_controller_dag.py
[2024-07-01T17:48:16.432+0530] {processor.py:840} INFO - DAG(s) 'example_trigger_controller_dag' retrieved from /home/bharat/.local/lib/python3.11/site-packages/airflow/example_dags/example_trigger_controller_dag.py
[2024-07-01T17:48:16.466+0530] {logging_mixin.py:188} INFO - [2024-07-01T17:48:16.466+0530] {dag.py:3096} INFO - Sync 1 DAGs
[2024-07-01T17:48:16.472+0530] {logging_mixin.py:188} INFO - [2024-07-01T17:48:16.472+0530] {dag.py:3954} INFO - Setting next_dagrun for example_trigger_controller_dag to 2021-01-01 00:00:00+00:00, run_after=2021-01-01 00:00:00+00:00
[2024-07-01T17:48:16.481+0530] {processor.py:183} INFO - Processing /home/bharat/.local/lib/python3.11/site-packages/airflow/example_dags/example_trigger_controller_dag.py took 0.064 seconds
[2024-07-01T17:49:23.714+0530] {processor.py:161} INFO - Started process (PID=11367) to work on /home/bharat/.local/lib/python3.11/site-packages/airflow/example_dags/example_trigger_controller_dag.py
[2024-07-01T17:49:23.714+0530] {processor.py:830} INFO - Processing file /home/bharat/.local/lib/python3.11/site-packages/airflow/example_dags/example_trigger_controller_dag.py for tasks to queue
[2024-07-01T17:49:23.716+0530] {logging_mixin.py:188} INFO - [2024-07-01T17:49:23.715+0530] {dagbag.py:545} INFO - Filling up the DagBag from /home/bharat/.local/lib/python3.11/site-packages/airflow/example_dags/example_trigger_controller_dag.py
[2024-07-01T17:49:23.720+0530] {processor.py:840} INFO - DAG(s) 'example_trigger_controller_dag' retrieved from /home/bharat/.local/lib/python3.11/site-packages/airflow/example_dags/example_trigger_controller_dag.py
[2024-07-01T17:49:23.728+0530] {logging_mixin.py:188} INFO - [2024-07-01T17:49:23.728+0530] {dag.py:3096} INFO - Sync 1 DAGs
[2024-07-01T17:49:23.782+0530] {logging_mixin.py:188} INFO - [2024-07-01T17:49:23.782+0530] {dag.py:3954} INFO - Setting next_dagrun for example_trigger_controller_dag to 2021-01-01 00:00:00+00:00, run_after=2021-01-01 00:00:00+00:00
[2024-07-01T17:49:23.791+0530] {processor.py:183} INFO - Processing /home/bharat/.local/lib/python3.11/site-packages/airflow/example_dags/example_trigger_controller_dag.py took 0.082 seconds
[2024-07-01T17:50:19.105+0530] {processor.py:161} INFO - Started process (PID=11445) to work on /home/bharat/.local/lib/python3.11/site-packages/airflow/example_dags/example_trigger_controller_dag.py
[2024-07-01T17:50:19.106+0530] {processor.py:830} INFO - Processing file /home/bharat/.local/lib/python3.11/site-packages/airflow/example_dags/example_trigger_controller_dag.py for tasks to queue
[2024-07-01T17:50:19.108+0530] {logging_mixin.py:188} INFO - [2024-07-01T17:50:19.107+0530] {dagbag.py:545} INFO - Filling up the DagBag from /home/bharat/.local/lib/python3.11/site-packages/airflow/example_dags/example_trigger_controller_dag.py
[2024-07-01T17:50:19.115+0530] {processor.py:840} INFO - DAG(s) 'example_trigger_controller_dag' retrieved from /home/bharat/.local/lib/python3.11/site-packages/airflow/example_dags/example_trigger_controller_dag.py
[2024-07-01T17:50:19.124+0530] {logging_mixin.py:188} INFO - [2024-07-01T17:50:19.124+0530] {dag.py:3096} INFO - Sync 1 DAGs
[2024-07-01T17:50:19.131+0530] {logging_mixin.py:188} INFO - [2024-07-01T17:50:19.131+0530] {dag.py:3954} INFO - Setting next_dagrun for example_trigger_controller_dag to 2021-01-01 00:00:00+00:00, run_after=2021-01-01 00:00:00+00:00
[2024-07-01T17:50:19.141+0530] {processor.py:183} INFO - Processing /home/bharat/.local/lib/python3.11/site-packages/airflow/example_dags/example_trigger_controller_dag.py took 0.038 seconds
[2024-07-01T17:51:09.487+0530] {processor.py:161} INFO - Started process (PID=11560) to work on /home/bharat/.local/lib/python3.11/site-packages/airflow/example_dags/example_trigger_controller_dag.py
[2024-07-01T17:51:09.488+0530] {processor.py:830} INFO - Processing file /home/bharat/.local/lib/python3.11/site-packages/airflow/example_dags/example_trigger_controller_dag.py for tasks to queue
[2024-07-01T17:51:09.488+0530] {logging_mixin.py:188} INFO - [2024-07-01T17:51:09.488+0530] {dagbag.py:545} INFO - Filling up the DagBag from /home/bharat/.local/lib/python3.11/site-packages/airflow/example_dags/example_trigger_controller_dag.py
[2024-07-01T17:51:09.491+0530] {processor.py:840} INFO - DAG(s) 'example_trigger_controller_dag' retrieved from /home/bharat/.local/lib/python3.11/site-packages/airflow/example_dags/example_trigger_controller_dag.py
[2024-07-01T17:51:09.498+0530] {logging_mixin.py:188} INFO - [2024-07-01T17:51:09.498+0530] {dag.py:3096} INFO - Sync 1 DAGs
[2024-07-01T17:51:09.507+0530] {logging_mixin.py:188} INFO - [2024-07-01T17:51:09.507+0530] {dag.py:3954} INFO - Setting next_dagrun for example_trigger_controller_dag to 2021-01-01 00:00:00+00:00, run_after=2021-01-01 00:00:00+00:00
[2024-07-01T17:51:09.519+0530] {processor.py:183} INFO - Processing /home/bharat/.local/lib/python3.11/site-packages/airflow/example_dags/example_trigger_controller_dag.py took 0.034 seconds
[2024-07-01T17:52:21.272+0530] {processor.py:161} INFO - Started process (PID=12027) to work on /home/bharat/.local/lib/python3.11/site-packages/airflow/example_dags/example_trigger_controller_dag.py
[2024-07-01T17:52:21.273+0530] {processor.py:830} INFO - Processing file /home/bharat/.local/lib/python3.11/site-packages/airflow/example_dags/example_trigger_controller_dag.py for tasks to queue
[2024-07-01T17:52:21.274+0530] {logging_mixin.py:188} INFO - [2024-07-01T17:52:21.274+0530] {dagbag.py:545} INFO - Filling up the DagBag from /home/bharat/.local/lib/python3.11/site-packages/airflow/example_dags/example_trigger_controller_dag.py
[2024-07-01T17:52:21.278+0530] {processor.py:840} INFO - DAG(s) 'example_trigger_controller_dag' retrieved from /home/bharat/.local/lib/python3.11/site-packages/airflow/example_dags/example_trigger_controller_dag.py
[2024-07-01T17:52:21.284+0530] {logging_mixin.py:188} INFO - [2024-07-01T17:52:21.284+0530] {dag.py:3096} INFO - Sync 1 DAGs
[2024-07-01T17:52:21.291+0530] {logging_mixin.py:188} INFO - [2024-07-01T17:52:21.291+0530] {dag.py:3954} INFO - Setting next_dagrun for example_trigger_controller_dag to 2021-01-01 00:00:00+00:00, run_after=2021-01-01 00:00:00+00:00
[2024-07-01T17:52:21.301+0530] {processor.py:183} INFO - Processing /home/bharat/.local/lib/python3.11/site-packages/airflow/example_dags/example_trigger_controller_dag.py took 0.035 seconds
[2024-07-01T17:53:16.835+0530] {processor.py:161} INFO - Started process (PID=12133) to work on /home/bharat/.local/lib/python3.11/site-packages/airflow/example_dags/example_trigger_controller_dag.py
[2024-07-01T17:53:16.836+0530] {processor.py:830} INFO - Processing file /home/bharat/.local/lib/python3.11/site-packages/airflow/example_dags/example_trigger_controller_dag.py for tasks to queue
[2024-07-01T17:53:16.837+0530] {logging_mixin.py:188} INFO - [2024-07-01T17:53:16.836+0530] {dagbag.py:545} INFO - Filling up the DagBag from /home/bharat/.local/lib/python3.11/site-packages/airflow/example_dags/example_trigger_controller_dag.py
[2024-07-01T17:53:16.839+0530] {processor.py:840} INFO - DAG(s) 'example_trigger_controller_dag' retrieved from /home/bharat/.local/lib/python3.11/site-packages/airflow/example_dags/example_trigger_controller_dag.py
[2024-07-01T17:53:16.844+0530] {logging_mixin.py:188} INFO - [2024-07-01T17:53:16.844+0530] {dag.py:3096} INFO - Sync 1 DAGs
[2024-07-01T17:53:16.852+0530] {logging_mixin.py:188} INFO - [2024-07-01T17:53:16.852+0530] {dag.py:3954} INFO - Setting next_dagrun for example_trigger_controller_dag to 2021-01-01 00:00:00+00:00, run_after=2021-01-01 00:00:00+00:00
[2024-07-01T17:53:16.861+0530] {processor.py:183} INFO - Processing /home/bharat/.local/lib/python3.11/site-packages/airflow/example_dags/example_trigger_controller_dag.py took 0.032 seconds
[2024-07-01T17:54:24.558+0530] {processor.py:161} INFO - Started process (PID=12521) to work on /home/bharat/.local/lib/python3.11/site-packages/airflow/example_dags/example_trigger_controller_dag.py
[2024-07-01T17:54:24.559+0530] {processor.py:830} INFO - Processing file /home/bharat/.local/lib/python3.11/site-packages/airflow/example_dags/example_trigger_controller_dag.py for tasks to queue
[2024-07-01T17:54:24.559+0530] {logging_mixin.py:188} INFO - [2024-07-01T17:54:24.559+0530] {dagbag.py:545} INFO - Filling up the DagBag from /home/bharat/.local/lib/python3.11/site-packages/airflow/example_dags/example_trigger_controller_dag.py
[2024-07-01T17:54:24.562+0530] {processor.py:840} INFO - DAG(s) 'example_trigger_controller_dag' retrieved from /home/bharat/.local/lib/python3.11/site-packages/airflow/example_dags/example_trigger_controller_dag.py
[2024-07-01T17:54:24.571+0530] {logging_mixin.py:188} INFO - [2024-07-01T17:54:24.571+0530] {dag.py:3096} INFO - Sync 1 DAGs
[2024-07-01T17:54:24.582+0530] {logging_mixin.py:188} INFO - [2024-07-01T17:54:24.582+0530] {dag.py:3954} INFO - Setting next_dagrun for example_trigger_controller_dag to 2021-01-01 00:00:00+00:00, run_after=2021-01-01 00:00:00+00:00
[2024-07-01T17:54:24.592+0530] {processor.py:183} INFO - Processing /home/bharat/.local/lib/python3.11/site-packages/airflow/example_dags/example_trigger_controller_dag.py took 0.036 seconds
[2024-07-01T17:55:21.045+0530] {processor.py:161} INFO - Started process (PID=12606) to work on /home/bharat/.local/lib/python3.11/site-packages/airflow/example_dags/example_trigger_controller_dag.py
[2024-07-01T17:55:21.046+0530] {processor.py:830} INFO - Processing file /home/bharat/.local/lib/python3.11/site-packages/airflow/example_dags/example_trigger_controller_dag.py for tasks to queue
[2024-07-01T17:55:21.047+0530] {logging_mixin.py:188} INFO - [2024-07-01T17:55:21.047+0530] {dagbag.py:545} INFO - Filling up the DagBag from /home/bharat/.local/lib/python3.11/site-packages/airflow/example_dags/example_trigger_controller_dag.py
[2024-07-01T17:55:21.050+0530] {processor.py:840} INFO - DAG(s) 'example_trigger_controller_dag' retrieved from /home/bharat/.local/lib/python3.11/site-packages/airflow/example_dags/example_trigger_controller_dag.py
[2024-07-01T17:55:21.056+0530] {logging_mixin.py:188} INFO - [2024-07-01T17:55:21.056+0530] {dag.py:3096} INFO - Sync 1 DAGs
[2024-07-01T17:55:21.063+0530] {logging_mixin.py:188} INFO - [2024-07-01T17:55:21.063+0530] {dag.py:3954} INFO - Setting next_dagrun for example_trigger_controller_dag to 2021-01-01 00:00:00+00:00, run_after=2021-01-01 00:00:00+00:00
[2024-07-01T17:55:21.072+0530] {processor.py:183} INFO - Processing /home/bharat/.local/lib/python3.11/site-packages/airflow/example_dags/example_trigger_controller_dag.py took 0.033 seconds
[2024-07-01T17:56:10.630+0530] {processor.py:161} INFO - Started process (PID=12684) to work on /home/bharat/.local/lib/python3.11/site-packages/airflow/example_dags/example_trigger_controller_dag.py
[2024-07-01T17:56:10.631+0530] {processor.py:830} INFO - Processing file /home/bharat/.local/lib/python3.11/site-packages/airflow/example_dags/example_trigger_controller_dag.py for tasks to queue
[2024-07-01T17:56:10.631+0530] {logging_mixin.py:188} INFO - [2024-07-01T17:56:10.631+0530] {dagbag.py:545} INFO - Filling up the DagBag from /home/bharat/.local/lib/python3.11/site-packages/airflow/example_dags/example_trigger_controller_dag.py
[2024-07-01T17:56:10.634+0530] {processor.py:840} INFO - DAG(s) 'example_trigger_controller_dag' retrieved from /home/bharat/.local/lib/python3.11/site-packages/airflow/example_dags/example_trigger_controller_dag.py
[2024-07-01T17:56:10.641+0530] {logging_mixin.py:188} INFO - [2024-07-01T17:56:10.640+0530] {dag.py:3096} INFO - Sync 1 DAGs
[2024-07-01T17:56:10.648+0530] {logging_mixin.py:188} INFO - [2024-07-01T17:56:10.647+0530] {dag.py:3954} INFO - Setting next_dagrun for example_trigger_controller_dag to 2021-01-01 00:00:00+00:00, run_after=2021-01-01 00:00:00+00:00
[2024-07-01T17:56:10.657+0530] {processor.py:183} INFO - Processing /home/bharat/.local/lib/python3.11/site-packages/airflow/example_dags/example_trigger_controller_dag.py took 0.032 seconds
[2024-07-01T17:57:05.377+0530] {processor.py:161} INFO - Started process (PID=12759) to work on /home/bharat/.local/lib/python3.11/site-packages/airflow/example_dags/example_trigger_controller_dag.py
[2024-07-01T17:57:05.378+0530] {processor.py:830} INFO - Processing file /home/bharat/.local/lib/python3.11/site-packages/airflow/example_dags/example_trigger_controller_dag.py for tasks to queue
[2024-07-01T17:57:05.380+0530] {logging_mixin.py:188} INFO - [2024-07-01T17:57:05.379+0530] {dagbag.py:545} INFO - Filling up the DagBag from /home/bharat/.local/lib/python3.11/site-packages/airflow/example_dags/example_trigger_controller_dag.py
[2024-07-01T17:57:05.383+0530] {processor.py:840} INFO - DAG(s) 'example_trigger_controller_dag' retrieved from /home/bharat/.local/lib/python3.11/site-packages/airflow/example_dags/example_trigger_controller_dag.py
[2024-07-01T17:57:05.389+0530] {logging_mixin.py:188} INFO - [2024-07-01T17:57:05.389+0530] {dag.py:3096} INFO - Sync 1 DAGs
[2024-07-01T17:57:05.396+0530] {logging_mixin.py:188} INFO - [2024-07-01T17:57:05.396+0530] {dag.py:3954} INFO - Setting next_dagrun for example_trigger_controller_dag to 2021-01-01 00:00:00+00:00, run_after=2021-01-01 00:00:00+00:00
[2024-07-01T17:57:05.406+0530] {processor.py:183} INFO - Processing /home/bharat/.local/lib/python3.11/site-packages/airflow/example_dags/example_trigger_controller_dag.py took 0.038 seconds
[2024-07-01T17:57:57.628+0530] {processor.py:161} INFO - Started process (PID=12831) to work on /home/bharat/.local/lib/python3.11/site-packages/airflow/example_dags/example_trigger_controller_dag.py
[2024-07-01T17:57:57.629+0530] {processor.py:830} INFO - Processing file /home/bharat/.local/lib/python3.11/site-packages/airflow/example_dags/example_trigger_controller_dag.py for tasks to queue
[2024-07-01T17:57:57.630+0530] {logging_mixin.py:188} INFO - [2024-07-01T17:57:57.630+0530] {dagbag.py:545} INFO - Filling up the DagBag from /home/bharat/.local/lib/python3.11/site-packages/airflow/example_dags/example_trigger_controller_dag.py
[2024-07-01T17:57:57.632+0530] {processor.py:840} INFO - DAG(s) 'example_trigger_controller_dag' retrieved from /home/bharat/.local/lib/python3.11/site-packages/airflow/example_dags/example_trigger_controller_dag.py
[2024-07-01T17:57:57.637+0530] {logging_mixin.py:188} INFO - [2024-07-01T17:57:57.637+0530] {dag.py:3096} INFO - Sync 1 DAGs
[2024-07-01T17:57:57.644+0530] {logging_mixin.py:188} INFO - [2024-07-01T17:57:57.644+0530] {dag.py:3954} INFO - Setting next_dagrun for example_trigger_controller_dag to 2021-01-01 00:00:00+00:00, run_after=2021-01-01 00:00:00+00:00
[2024-07-01T17:57:57.655+0530] {processor.py:183} INFO - Processing /home/bharat/.local/lib/python3.11/site-packages/airflow/example_dags/example_trigger_controller_dag.py took 0.029 seconds
[2024-07-01T17:58:48.575+0530] {processor.py:161} INFO - Started process (PID=12931) to work on /home/bharat/.local/lib/python3.11/site-packages/airflow/example_dags/example_trigger_controller_dag.py
[2024-07-01T17:58:48.576+0530] {processor.py:830} INFO - Processing file /home/bharat/.local/lib/python3.11/site-packages/airflow/example_dags/example_trigger_controller_dag.py for tasks to queue
[2024-07-01T17:58:48.577+0530] {logging_mixin.py:188} INFO - [2024-07-01T17:58:48.577+0530] {dagbag.py:545} INFO - Filling up the DagBag from /home/bharat/.local/lib/python3.11/site-packages/airflow/example_dags/example_trigger_controller_dag.py
[2024-07-01T17:58:48.581+0530] {processor.py:840} INFO - DAG(s) 'example_trigger_controller_dag' retrieved from /home/bharat/.local/lib/python3.11/site-packages/airflow/example_dags/example_trigger_controller_dag.py
[2024-07-01T17:58:48.587+0530] {logging_mixin.py:188} INFO - [2024-07-01T17:58:48.587+0530] {dag.py:3096} INFO - Sync 1 DAGs
[2024-07-01T17:58:48.594+0530] {logging_mixin.py:188} INFO - [2024-07-01T17:58:48.594+0530] {dag.py:3954} INFO - Setting next_dagrun for example_trigger_controller_dag to 2021-01-01 00:00:00+00:00, run_after=2021-01-01 00:00:00+00:00
[2024-07-01T17:58:48.603+0530] {processor.py:183} INFO - Processing /home/bharat/.local/lib/python3.11/site-packages/airflow/example_dags/example_trigger_controller_dag.py took 0.037 seconds
[2024-07-01T17:59:40.014+0530] {processor.py:161} INFO - Started process (PID=13003) to work on /home/bharat/.local/lib/python3.11/site-packages/airflow/example_dags/example_trigger_controller_dag.py
[2024-07-01T17:59:40.014+0530] {processor.py:830} INFO - Processing file /home/bharat/.local/lib/python3.11/site-packages/airflow/example_dags/example_trigger_controller_dag.py for tasks to queue
[2024-07-01T17:59:40.015+0530] {logging_mixin.py:188} INFO - [2024-07-01T17:59:40.015+0530] {dagbag.py:545} INFO - Filling up the DagBag from /home/bharat/.local/lib/python3.11/site-packages/airflow/example_dags/example_trigger_controller_dag.py
[2024-07-01T17:59:40.017+0530] {processor.py:840} INFO - DAG(s) 'example_trigger_controller_dag' retrieved from /home/bharat/.local/lib/python3.11/site-packages/airflow/example_dags/example_trigger_controller_dag.py
[2024-07-01T17:59:40.022+0530] {logging_mixin.py:188} INFO - [2024-07-01T17:59:40.022+0530] {dag.py:3096} INFO - Sync 1 DAGs
[2024-07-01T17:59:40.030+0530] {logging_mixin.py:188} INFO - [2024-07-01T17:59:40.029+0530] {dag.py:3954} INFO - Setting next_dagrun for example_trigger_controller_dag to 2021-01-01 00:00:00+00:00, run_after=2021-01-01 00:00:00+00:00
[2024-07-01T17:59:40.039+0530] {processor.py:183} INFO - Processing /home/bharat/.local/lib/python3.11/site-packages/airflow/example_dags/example_trigger_controller_dag.py took 0.027 seconds
[2024-07-01T18:00:32.452+0530] {processor.py:161} INFO - Started process (PID=13081) to work on /home/bharat/.local/lib/python3.11/site-packages/airflow/example_dags/example_trigger_controller_dag.py
[2024-07-01T18:00:32.453+0530] {processor.py:830} INFO - Processing file /home/bharat/.local/lib/python3.11/site-packages/airflow/example_dags/example_trigger_controller_dag.py for tasks to queue
[2024-07-01T18:00:32.453+0530] {logging_mixin.py:188} INFO - [2024-07-01T18:00:32.453+0530] {dagbag.py:545} INFO - Filling up the DagBag from /home/bharat/.local/lib/python3.11/site-packages/airflow/example_dags/example_trigger_controller_dag.py
[2024-07-01T18:00:32.455+0530] {processor.py:840} INFO - DAG(s) 'example_trigger_controller_dag' retrieved from /home/bharat/.local/lib/python3.11/site-packages/airflow/example_dags/example_trigger_controller_dag.py
[2024-07-01T18:00:32.461+0530] {logging_mixin.py:188} INFO - [2024-07-01T18:00:32.461+0530] {dag.py:3096} INFO - Sync 1 DAGs
[2024-07-01T18:00:32.468+0530] {logging_mixin.py:188} INFO - [2024-07-01T18:00:32.468+0530] {dag.py:3954} INFO - Setting next_dagrun for example_trigger_controller_dag to 2021-01-01 00:00:00+00:00, run_after=2021-01-01 00:00:00+00:00
[2024-07-01T18:00:32.477+0530] {processor.py:183} INFO - Processing /home/bharat/.local/lib/python3.11/site-packages/airflow/example_dags/example_trigger_controller_dag.py took 0.032 seconds
[2024-07-01T18:01:23.937+0530] {processor.py:161} INFO - Started process (PID=13154) to work on /home/bharat/.local/lib/python3.11/site-packages/airflow/example_dags/example_trigger_controller_dag.py
[2024-07-01T18:01:23.938+0530] {processor.py:830} INFO - Processing file /home/bharat/.local/lib/python3.11/site-packages/airflow/example_dags/example_trigger_controller_dag.py for tasks to queue
[2024-07-01T18:01:23.938+0530] {logging_mixin.py:188} INFO - [2024-07-01T18:01:23.938+0530] {dagbag.py:545} INFO - Filling up the DagBag from /home/bharat/.local/lib/python3.11/site-packages/airflow/example_dags/example_trigger_controller_dag.py
[2024-07-01T18:01:23.940+0530] {processor.py:840} INFO - DAG(s) 'example_trigger_controller_dag' retrieved from /home/bharat/.local/lib/python3.11/site-packages/airflow/example_dags/example_trigger_controller_dag.py
[2024-07-01T18:01:23.946+0530] {logging_mixin.py:188} INFO - [2024-07-01T18:01:23.946+0530] {dag.py:3096} INFO - Sync 1 DAGs
[2024-07-01T18:01:23.953+0530] {logging_mixin.py:188} INFO - [2024-07-01T18:01:23.953+0530] {dag.py:3954} INFO - Setting next_dagrun for example_trigger_controller_dag to 2021-01-01 00:00:00+00:00, run_after=2021-01-01 00:00:00+00:00
[2024-07-01T18:01:23.962+0530] {processor.py:183} INFO - Processing /home/bharat/.local/lib/python3.11/site-packages/airflow/example_dags/example_trigger_controller_dag.py took 0.029 seconds
[2024-07-01T18:02:17.041+0530] {processor.py:161} INFO - Started process (PID=13227) to work on /home/bharat/.local/lib/python3.11/site-packages/airflow/example_dags/example_trigger_controller_dag.py
[2024-07-01T18:02:17.041+0530] {processor.py:830} INFO - Processing file /home/bharat/.local/lib/python3.11/site-packages/airflow/example_dags/example_trigger_controller_dag.py for tasks to queue
[2024-07-01T18:02:17.042+0530] {logging_mixin.py:188} INFO - [2024-07-01T18:02:17.042+0530] {dagbag.py:545} INFO - Filling up the DagBag from /home/bharat/.local/lib/python3.11/site-packages/airflow/example_dags/example_trigger_controller_dag.py
[2024-07-01T18:02:17.044+0530] {processor.py:840} INFO - DAG(s) 'example_trigger_controller_dag' retrieved from /home/bharat/.local/lib/python3.11/site-packages/airflow/example_dags/example_trigger_controller_dag.py
[2024-07-01T18:02:17.049+0530] {logging_mixin.py:188} INFO - [2024-07-01T18:02:17.049+0530] {dag.py:3096} INFO - Sync 1 DAGs
[2024-07-01T18:02:17.056+0530] {logging_mixin.py:188} INFO - [2024-07-01T18:02:17.056+0530] {dag.py:3954} INFO - Setting next_dagrun for example_trigger_controller_dag to 2021-01-01 00:00:00+00:00, run_after=2021-01-01 00:00:00+00:00
[2024-07-01T18:02:17.066+0530] {processor.py:183} INFO - Processing /home/bharat/.local/lib/python3.11/site-packages/airflow/example_dags/example_trigger_controller_dag.py took 0.029 seconds
[2024-07-01T18:03:09.595+0530] {processor.py:161} INFO - Started process (PID=13329) to work on /home/bharat/.local/lib/python3.11/site-packages/airflow/example_dags/example_trigger_controller_dag.py
[2024-07-01T18:03:09.595+0530] {processor.py:830} INFO - Processing file /home/bharat/.local/lib/python3.11/site-packages/airflow/example_dags/example_trigger_controller_dag.py for tasks to queue
[2024-07-01T18:03:09.596+0530] {logging_mixin.py:188} INFO - [2024-07-01T18:03:09.596+0530] {dagbag.py:545} INFO - Filling up the DagBag from /home/bharat/.local/lib/python3.11/site-packages/airflow/example_dags/example_trigger_controller_dag.py
[2024-07-01T18:03:09.598+0530] {processor.py:840} INFO - DAG(s) 'example_trigger_controller_dag' retrieved from /home/bharat/.local/lib/python3.11/site-packages/airflow/example_dags/example_trigger_controller_dag.py
[2024-07-01T18:03:09.604+0530] {logging_mixin.py:188} INFO - [2024-07-01T18:03:09.603+0530] {dag.py:3096} INFO - Sync 1 DAGs
[2024-07-01T18:03:09.611+0530] {logging_mixin.py:188} INFO - [2024-07-01T18:03:09.611+0530] {dag.py:3954} INFO - Setting next_dagrun for example_trigger_controller_dag to 2021-01-01 00:00:00+00:00, run_after=2021-01-01 00:00:00+00:00
[2024-07-01T18:03:09.620+0530] {processor.py:183} INFO - Processing /home/bharat/.local/lib/python3.11/site-packages/airflow/example_dags/example_trigger_controller_dag.py took 0.028 seconds
[2024-07-01T18:03:59.463+0530] {processor.py:161} INFO - Started process (PID=13399) to work on /home/bharat/.local/lib/python3.11/site-packages/airflow/example_dags/example_trigger_controller_dag.py
[2024-07-01T18:03:59.463+0530] {processor.py:830} INFO - Processing file /home/bharat/.local/lib/python3.11/site-packages/airflow/example_dags/example_trigger_controller_dag.py for tasks to queue
[2024-07-01T18:03:59.465+0530] {logging_mixin.py:188} INFO - [2024-07-01T18:03:59.464+0530] {dagbag.py:545} INFO - Filling up the DagBag from /home/bharat/.local/lib/python3.11/site-packages/airflow/example_dags/example_trigger_controller_dag.py
[2024-07-01T18:03:59.468+0530] {processor.py:840} INFO - DAG(s) 'example_trigger_controller_dag' retrieved from /home/bharat/.local/lib/python3.11/site-packages/airflow/example_dags/example_trigger_controller_dag.py
[2024-07-01T18:03:59.474+0530] {logging_mixin.py:188} INFO - [2024-07-01T18:03:59.473+0530] {dag.py:3096} INFO - Sync 1 DAGs
[2024-07-01T18:03:59.480+0530] {logging_mixin.py:188} INFO - [2024-07-01T18:03:59.480+0530] {dag.py:3954} INFO - Setting next_dagrun for example_trigger_controller_dag to 2021-01-01 00:00:00+00:00, run_after=2021-01-01 00:00:00+00:00
[2024-07-01T18:03:59.490+0530] {processor.py:183} INFO - Processing /home/bharat/.local/lib/python3.11/site-packages/airflow/example_dags/example_trigger_controller_dag.py took 0.035 seconds
[2024-07-01T18:04:53.710+0530] {processor.py:161} INFO - Started process (PID=13902) to work on /home/bharat/.local/lib/python3.11/site-packages/airflow/example_dags/example_trigger_controller_dag.py
[2024-07-01T18:04:53.711+0530] {processor.py:830} INFO - Processing file /home/bharat/.local/lib/python3.11/site-packages/airflow/example_dags/example_trigger_controller_dag.py for tasks to queue
[2024-07-01T18:04:53.712+0530] {logging_mixin.py:188} INFO - [2024-07-01T18:04:53.712+0530] {dagbag.py:545} INFO - Filling up the DagBag from /home/bharat/.local/lib/python3.11/site-packages/airflow/example_dags/example_trigger_controller_dag.py
[2024-07-01T18:04:53.716+0530] {processor.py:840} INFO - DAG(s) 'example_trigger_controller_dag' retrieved from /home/bharat/.local/lib/python3.11/site-packages/airflow/example_dags/example_trigger_controller_dag.py
[2024-07-01T18:04:53.721+0530] {logging_mixin.py:188} INFO - [2024-07-01T18:04:53.721+0530] {dag.py:3096} INFO - Sync 1 DAGs
[2024-07-01T18:04:53.728+0530] {logging_mixin.py:188} INFO - [2024-07-01T18:04:53.728+0530] {dag.py:3954} INFO - Setting next_dagrun for example_trigger_controller_dag to 2021-01-01 00:00:00+00:00, run_after=2021-01-01 00:00:00+00:00
[2024-07-01T18:04:53.738+0530] {processor.py:183} INFO - Processing /home/bharat/.local/lib/python3.11/site-packages/airflow/example_dags/example_trigger_controller_dag.py took 0.035 seconds
[2024-07-01T18:05:45.043+0530] {processor.py:161} INFO - Started process (PID=13984) to work on /home/bharat/.local/lib/python3.11/site-packages/airflow/example_dags/example_trigger_controller_dag.py
[2024-07-01T18:05:45.044+0530] {processor.py:830} INFO - Processing file /home/bharat/.local/lib/python3.11/site-packages/airflow/example_dags/example_trigger_controller_dag.py for tasks to queue
[2024-07-01T18:05:45.045+0530] {logging_mixin.py:188} INFO - [2024-07-01T18:05:45.045+0530] {dagbag.py:545} INFO - Filling up the DagBag from /home/bharat/.local/lib/python3.11/site-packages/airflow/example_dags/example_trigger_controller_dag.py
[2024-07-01T18:05:45.048+0530] {processor.py:840} INFO - DAG(s) 'example_trigger_controller_dag' retrieved from /home/bharat/.local/lib/python3.11/site-packages/airflow/example_dags/example_trigger_controller_dag.py
[2024-07-01T18:05:45.054+0530] {logging_mixin.py:188} INFO - [2024-07-01T18:05:45.054+0530] {dag.py:3096} INFO - Sync 1 DAGs
[2024-07-01T18:05:45.061+0530] {logging_mixin.py:188} INFO - [2024-07-01T18:05:45.061+0530] {dag.py:3954} INFO - Setting next_dagrun for example_trigger_controller_dag to 2021-01-01 00:00:00+00:00, run_after=2021-01-01 00:00:00+00:00
[2024-07-01T18:05:45.070+0530] {processor.py:183} INFO - Processing /home/bharat/.local/lib/python3.11/site-packages/airflow/example_dags/example_trigger_controller_dag.py took 0.034 seconds
[2024-07-01T18:06:33.209+0530] {processor.py:161} INFO - Started process (PID=14064) to work on /home/bharat/.local/lib/python3.11/site-packages/airflow/example_dags/example_trigger_controller_dag.py
[2024-07-01T18:06:33.210+0530] {processor.py:830} INFO - Processing file /home/bharat/.local/lib/python3.11/site-packages/airflow/example_dags/example_trigger_controller_dag.py for tasks to queue
[2024-07-01T18:06:33.212+0530] {logging_mixin.py:188} INFO - [2024-07-01T18:06:33.211+0530] {dagbag.py:545} INFO - Filling up the DagBag from /home/bharat/.local/lib/python3.11/site-packages/airflow/example_dags/example_trigger_controller_dag.py
[2024-07-01T18:06:33.215+0530] {processor.py:840} INFO - DAG(s) 'example_trigger_controller_dag' retrieved from /home/bharat/.local/lib/python3.11/site-packages/airflow/example_dags/example_trigger_controller_dag.py
[2024-07-01T18:06:33.221+0530] {logging_mixin.py:188} INFO - [2024-07-01T18:06:33.221+0530] {dag.py:3096} INFO - Sync 1 DAGs
[2024-07-01T18:06:33.228+0530] {logging_mixin.py:188} INFO - [2024-07-01T18:06:33.228+0530] {dag.py:3954} INFO - Setting next_dagrun for example_trigger_controller_dag to 2021-01-01 00:00:00+00:00, run_after=2021-01-01 00:00:00+00:00
[2024-07-01T18:06:33.237+0530] {processor.py:183} INFO - Processing /home/bharat/.local/lib/python3.11/site-packages/airflow/example_dags/example_trigger_controller_dag.py took 0.036 seconds
[2024-07-01T18:07:26.202+0530] {processor.py:161} INFO - Started process (PID=14138) to work on /home/bharat/.local/lib/python3.11/site-packages/airflow/example_dags/example_trigger_controller_dag.py
[2024-07-01T18:07:26.203+0530] {processor.py:830} INFO - Processing file /home/bharat/.local/lib/python3.11/site-packages/airflow/example_dags/example_trigger_controller_dag.py for tasks to queue
[2024-07-01T18:07:26.205+0530] {logging_mixin.py:188} INFO - [2024-07-01T18:07:26.204+0530] {dagbag.py:545} INFO - Filling up the DagBag from /home/bharat/.local/lib/python3.11/site-packages/airflow/example_dags/example_trigger_controller_dag.py
[2024-07-01T18:07:26.208+0530] {processor.py:840} INFO - DAG(s) 'example_trigger_controller_dag' retrieved from /home/bharat/.local/lib/python3.11/site-packages/airflow/example_dags/example_trigger_controller_dag.py
[2024-07-01T18:07:26.213+0530] {logging_mixin.py:188} INFO - [2024-07-01T18:07:26.213+0530] {dag.py:3096} INFO - Sync 1 DAGs
[2024-07-01T18:07:26.220+0530] {logging_mixin.py:188} INFO - [2024-07-01T18:07:26.220+0530] {dag.py:3954} INFO - Setting next_dagrun for example_trigger_controller_dag to 2021-01-01 00:00:00+00:00, run_after=2021-01-01 00:00:00+00:00
[2024-07-01T18:07:26.230+0530] {processor.py:183} INFO - Processing /home/bharat/.local/lib/python3.11/site-packages/airflow/example_dags/example_trigger_controller_dag.py took 0.035 seconds
[2024-07-01T18:08:16.037+0530] {processor.py:161} INFO - Started process (PID=14238) to work on /home/bharat/.local/lib/python3.11/site-packages/airflow/example_dags/example_trigger_controller_dag.py
[2024-07-01T18:08:16.038+0530] {processor.py:830} INFO - Processing file /home/bharat/.local/lib/python3.11/site-packages/airflow/example_dags/example_trigger_controller_dag.py for tasks to queue
[2024-07-01T18:08:16.040+0530] {logging_mixin.py:188} INFO - [2024-07-01T18:08:16.039+0530] {dagbag.py:545} INFO - Filling up the DagBag from /home/bharat/.local/lib/python3.11/site-packages/airflow/example_dags/example_trigger_controller_dag.py
[2024-07-01T18:08:16.043+0530] {processor.py:840} INFO - DAG(s) 'example_trigger_controller_dag' retrieved from /home/bharat/.local/lib/python3.11/site-packages/airflow/example_dags/example_trigger_controller_dag.py
[2024-07-01T18:08:16.049+0530] {logging_mixin.py:188} INFO - [2024-07-01T18:08:16.049+0530] {dag.py:3096} INFO - Sync 1 DAGs
[2024-07-01T18:08:16.056+0530] {logging_mixin.py:188} INFO - [2024-07-01T18:08:16.056+0530] {dag.py:3954} INFO - Setting next_dagrun for example_trigger_controller_dag to 2021-01-01 00:00:00+00:00, run_after=2021-01-01 00:00:00+00:00
[2024-07-01T18:08:16.065+0530] {processor.py:183} INFO - Processing /home/bharat/.local/lib/python3.11/site-packages/airflow/example_dags/example_trigger_controller_dag.py took 0.036 seconds
[2024-07-01T18:09:07.549+0530] {processor.py:161} INFO - Started process (PID=14398) to work on /home/bharat/.local/lib/python3.11/site-packages/airflow/example_dags/example_trigger_controller_dag.py
[2024-07-01T18:09:07.550+0530] {processor.py:830} INFO - Processing file /home/bharat/.local/lib/python3.11/site-packages/airflow/example_dags/example_trigger_controller_dag.py for tasks to queue
[2024-07-01T18:09:07.551+0530] {logging_mixin.py:188} INFO - [2024-07-01T18:09:07.550+0530] {dagbag.py:545} INFO - Filling up the DagBag from /home/bharat/.local/lib/python3.11/site-packages/airflow/example_dags/example_trigger_controller_dag.py
[2024-07-01T18:09:07.553+0530] {processor.py:840} INFO - DAG(s) 'example_trigger_controller_dag' retrieved from /home/bharat/.local/lib/python3.11/site-packages/airflow/example_dags/example_trigger_controller_dag.py
[2024-07-01T18:09:07.560+0530] {logging_mixin.py:188} INFO - [2024-07-01T18:09:07.560+0530] {dag.py:3096} INFO - Sync 1 DAGs
[2024-07-01T18:09:07.567+0530] {logging_mixin.py:188} INFO - [2024-07-01T18:09:07.567+0530] {dag.py:3954} INFO - Setting next_dagrun for example_trigger_controller_dag to 2021-01-01 00:00:00+00:00, run_after=2021-01-01 00:00:00+00:00
[2024-07-01T18:09:07.578+0530] {processor.py:183} INFO - Processing /home/bharat/.local/lib/python3.11/site-packages/airflow/example_dags/example_trigger_controller_dag.py took 0.031 seconds
[2024-07-01T18:10:01.876+0530] {processor.py:161} INFO - Started process (PID=14480) to work on /home/bharat/.local/lib/python3.11/site-packages/airflow/example_dags/example_trigger_controller_dag.py
[2024-07-01T18:10:01.877+0530] {processor.py:830} INFO - Processing file /home/bharat/.local/lib/python3.11/site-packages/airflow/example_dags/example_trigger_controller_dag.py for tasks to queue
[2024-07-01T18:10:01.879+0530] {logging_mixin.py:188} INFO - [2024-07-01T18:10:01.878+0530] {dagbag.py:545} INFO - Filling up the DagBag from /home/bharat/.local/lib/python3.11/site-packages/airflow/example_dags/example_trigger_controller_dag.py
[2024-07-01T18:10:01.882+0530] {processor.py:840} INFO - DAG(s) 'example_trigger_controller_dag' retrieved from /home/bharat/.local/lib/python3.11/site-packages/airflow/example_dags/example_trigger_controller_dag.py
[2024-07-01T18:10:01.888+0530] {logging_mixin.py:188} INFO - [2024-07-01T18:10:01.888+0530] {dag.py:3096} INFO - Sync 1 DAGs
[2024-07-01T18:10:01.895+0530] {logging_mixin.py:188} INFO - [2024-07-01T18:10:01.895+0530] {dag.py:3954} INFO - Setting next_dagrun for example_trigger_controller_dag to 2021-01-01 00:00:00+00:00, run_after=2021-01-01 00:00:00+00:00
[2024-07-01T18:10:01.905+0530] {processor.py:183} INFO - Processing /home/bharat/.local/lib/python3.11/site-packages/airflow/example_dags/example_trigger_controller_dag.py took 0.035 seconds
[2024-07-01T18:10:53.171+0530] {processor.py:161} INFO - Started process (PID=14576) to work on /home/bharat/.local/lib/python3.11/site-packages/airflow/example_dags/example_trigger_controller_dag.py
[2024-07-01T18:10:53.172+0530] {processor.py:830} INFO - Processing file /home/bharat/.local/lib/python3.11/site-packages/airflow/example_dags/example_trigger_controller_dag.py for tasks to queue
[2024-07-01T18:10:53.174+0530] {logging_mixin.py:188} INFO - [2024-07-01T18:10:53.173+0530] {dagbag.py:545} INFO - Filling up the DagBag from /home/bharat/.local/lib/python3.11/site-packages/airflow/example_dags/example_trigger_controller_dag.py
[2024-07-01T18:10:53.180+0530] {processor.py:840} INFO - DAG(s) 'example_trigger_controller_dag' retrieved from /home/bharat/.local/lib/python3.11/site-packages/airflow/example_dags/example_trigger_controller_dag.py
[2024-07-01T18:10:53.191+0530] {logging_mixin.py:188} INFO - [2024-07-01T18:10:53.191+0530] {dag.py:3096} INFO - Sync 1 DAGs
[2024-07-01T18:10:53.198+0530] {logging_mixin.py:188} INFO - [2024-07-01T18:10:53.198+0530] {dag.py:3954} INFO - Setting next_dagrun for example_trigger_controller_dag to 2021-01-01 00:00:00+00:00, run_after=2021-01-01 00:00:00+00:00
[2024-07-01T18:10:53.207+0530] {processor.py:183} INFO - Processing /home/bharat/.local/lib/python3.11/site-packages/airflow/example_dags/example_trigger_controller_dag.py took 0.042 seconds
[2024-07-01T18:11:45.795+0530] {processor.py:161} INFO - Started process (PID=14708) to work on /home/bharat/.local/lib/python3.11/site-packages/airflow/example_dags/example_trigger_controller_dag.py
[2024-07-01T18:11:45.796+0530] {processor.py:830} INFO - Processing file /home/bharat/.local/lib/python3.11/site-packages/airflow/example_dags/example_trigger_controller_dag.py for tasks to queue
[2024-07-01T18:11:45.798+0530] {logging_mixin.py:188} INFO - [2024-07-01T18:11:45.797+0530] {dagbag.py:545} INFO - Filling up the DagBag from /home/bharat/.local/lib/python3.11/site-packages/airflow/example_dags/example_trigger_controller_dag.py
[2024-07-01T18:11:45.802+0530] {processor.py:840} INFO - DAG(s) 'example_trigger_controller_dag' retrieved from /home/bharat/.local/lib/python3.11/site-packages/airflow/example_dags/example_trigger_controller_dag.py
[2024-07-01T18:11:45.810+0530] {logging_mixin.py:188} INFO - [2024-07-01T18:11:45.809+0530] {dag.py:3096} INFO - Sync 1 DAGs
[2024-07-01T18:11:45.817+0530] {logging_mixin.py:188} INFO - [2024-07-01T18:11:45.817+0530] {dag.py:3954} INFO - Setting next_dagrun for example_trigger_controller_dag to 2021-01-01 00:00:00+00:00, run_after=2021-01-01 00:00:00+00:00
[2024-07-01T18:11:45.829+0530] {processor.py:183} INFO - Processing /home/bharat/.local/lib/python3.11/site-packages/airflow/example_dags/example_trigger_controller_dag.py took 0.037 seconds
[2024-07-01T18:12:36.806+0530] {processor.py:161} INFO - Started process (PID=14979) to work on /home/bharat/.local/lib/python3.11/site-packages/airflow/example_dags/example_trigger_controller_dag.py
[2024-07-01T18:12:36.806+0530] {processor.py:830} INFO - Processing file /home/bharat/.local/lib/python3.11/site-packages/airflow/example_dags/example_trigger_controller_dag.py for tasks to queue
[2024-07-01T18:12:36.807+0530] {logging_mixin.py:188} INFO - [2024-07-01T18:12:36.807+0530] {dagbag.py:545} INFO - Filling up the DagBag from /home/bharat/.local/lib/python3.11/site-packages/airflow/example_dags/example_trigger_controller_dag.py
[2024-07-01T18:12:36.809+0530] {processor.py:840} INFO - DAG(s) 'example_trigger_controller_dag' retrieved from /home/bharat/.local/lib/python3.11/site-packages/airflow/example_dags/example_trigger_controller_dag.py
[2024-07-01T18:12:36.814+0530] {logging_mixin.py:188} INFO - [2024-07-01T18:12:36.814+0530] {dag.py:3096} INFO - Sync 1 DAGs
[2024-07-01T18:12:36.821+0530] {logging_mixin.py:188} INFO - [2024-07-01T18:12:36.821+0530] {dag.py:3954} INFO - Setting next_dagrun for example_trigger_controller_dag to 2021-01-01 00:00:00+00:00, run_after=2021-01-01 00:00:00+00:00
[2024-07-01T18:12:36.830+0530] {processor.py:183} INFO - Processing /home/bharat/.local/lib/python3.11/site-packages/airflow/example_dags/example_trigger_controller_dag.py took 0.030 seconds
