[2024-07-01T17:48:58.502+0530] {processor.py:161} INFO - Started process (PID=11277) to work on /home/bharat/.local/lib/python3.11/site-packages/airflow/example_dags/example_datasets.py
[2024-07-01T17:48:58.502+0530] {processor.py:830} INFO - Processing file /home/bharat/.local/lib/python3.11/site-packages/airflow/example_dags/example_datasets.py for tasks to queue
[2024-07-01T17:48:58.503+0530] {logging_mixin.py:188} INFO - [2024-07-01T17:48:58.503+0530] {dagbag.py:545} INFO - Filling up the DagBag from /home/bharat/.local/lib/python3.11/site-packages/airflow/example_dags/example_datasets.py
[2024-07-01T17:48:58.509+0530] {processor.py:840} INFO - DAG(s) 'consume_1_and_2_with_dataset_expressions', 'dataset_consumes_unknown_never_scheduled', 'consume_1_or_2_with_dataset_expressions', 'consume_1_or_both_2_and_3_with_dataset_expressions', 'dataset_consumes_1_never_scheduled', 'dataset_produces_2', 'dataset_consumes_1', 'conditional_dataset_and_time_based_timetable', 'dataset_consumes_1_and_2', 'dataset_produces_1' retrieved from /home/bharat/.local/lib/python3.11/site-packages/airflow/example_dags/example_datasets.py
[2024-07-01T17:48:58.621+0530] {logging_mixin.py:188} INFO - [2024-07-01T17:48:58.621+0530] {dag.py:3096} INFO - Sync 10 DAGs
[2024-07-01T17:48:58.628+0530] {logging_mixin.py:188} INFO - [2024-07-01T17:48:58.628+0530] {dag.py:3954} INFO - Setting next_dagrun for conditional_dataset_and_time_based_timetable to 2024-06-26 01:00:00+00:00, run_after=2024-06-26 01:00:00+00:00
[2024-07-01T17:48:58.629+0530] {logging_mixin.py:188} INFO - [2024-07-01T17:48:58.629+0530] {dag.py:3954} INFO - Setting next_dagrun for consume_1_and_2_with_dataset_expressions to None, run_after=None
[2024-07-01T17:48:58.630+0530] {logging_mixin.py:188} INFO - [2024-07-01T17:48:58.630+0530] {dag.py:3954} INFO - Setting next_dagrun for consume_1_or_2_with_dataset_expressions to None, run_after=None
[2024-07-01T17:48:58.630+0530] {logging_mixin.py:188} INFO - [2024-07-01T17:48:58.630+0530] {dag.py:3954} INFO - Setting next_dagrun for consume_1_or_both_2_and_3_with_dataset_expressions to None, run_after=None
[2024-07-01T17:48:58.631+0530] {logging_mixin.py:188} INFO - [2024-07-01T17:48:58.630+0530] {dag.py:3954} INFO - Setting next_dagrun for dataset_consumes_1 to None, run_after=None
[2024-07-01T17:48:58.631+0530] {logging_mixin.py:188} INFO - [2024-07-01T17:48:58.631+0530] {dag.py:3954} INFO - Setting next_dagrun for dataset_consumes_1_and_2 to None, run_after=None
[2024-07-01T17:48:58.631+0530] {logging_mixin.py:188} INFO - [2024-07-01T17:48:58.631+0530] {dag.py:3954} INFO - Setting next_dagrun for dataset_consumes_1_never_scheduled to None, run_after=None
[2024-07-01T17:48:58.631+0530] {logging_mixin.py:188} INFO - [2024-07-01T17:48:58.631+0530] {dag.py:3954} INFO - Setting next_dagrun for dataset_consumes_unknown_never_scheduled to None, run_after=None
[2024-07-01T17:48:58.632+0530] {logging_mixin.py:188} INFO - [2024-07-01T17:48:58.632+0530] {dag.py:3954} INFO - Setting next_dagrun for dataset_produces_1 to 2024-06-30 00:00:00+00:00, run_after=2024-07-01 00:00:00+00:00
[2024-07-01T17:48:58.633+0530] {logging_mixin.py:188} INFO - [2024-07-01T17:48:58.632+0530] {dag.py:3954} INFO - Setting next_dagrun for dataset_produces_2 to None, run_after=None
[2024-07-01T17:48:58.645+0530] {processor.py:183} INFO - Processing /home/bharat/.local/lib/python3.11/site-packages/airflow/example_dags/example_datasets.py took 0.146 seconds
[2024-07-01T17:50:03.764+0530] {processor.py:161} INFO - Started process (PID=11429) to work on /home/bharat/.local/lib/python3.11/site-packages/airflow/example_dags/example_datasets.py
[2024-07-01T17:50:03.765+0530] {processor.py:830} INFO - Processing file /home/bharat/.local/lib/python3.11/site-packages/airflow/example_dags/example_datasets.py for tasks to queue
[2024-07-01T17:50:03.767+0530] {logging_mixin.py:188} INFO - [2024-07-01T17:50:03.767+0530] {dagbag.py:545} INFO - Filling up the DagBag from /home/bharat/.local/lib/python3.11/site-packages/airflow/example_dags/example_datasets.py
[2024-07-01T17:50:03.774+0530] {processor.py:840} INFO - DAG(s) 'consume_1_or_both_2_and_3_with_dataset_expressions', 'dataset_produces_1', 'dataset_consumes_1_never_scheduled', 'dataset_consumes_1_and_2', 'conditional_dataset_and_time_based_timetable', 'dataset_consumes_unknown_never_scheduled', 'dataset_produces_2', 'dataset_consumes_1', 'consume_1_or_2_with_dataset_expressions', 'consume_1_and_2_with_dataset_expressions' retrieved from /home/bharat/.local/lib/python3.11/site-packages/airflow/example_dags/example_datasets.py
[2024-07-01T17:50:03.788+0530] {logging_mixin.py:188} INFO - [2024-07-01T17:50:03.788+0530] {dag.py:3096} INFO - Sync 10 DAGs
[2024-07-01T17:50:03.797+0530] {logging_mixin.py:188} INFO - [2024-07-01T17:50:03.797+0530] {dag.py:3954} INFO - Setting next_dagrun for conditional_dataset_and_time_based_timetable to 2024-06-26 01:00:00+00:00, run_after=2024-06-26 01:00:00+00:00
[2024-07-01T17:50:03.798+0530] {logging_mixin.py:188} INFO - [2024-07-01T17:50:03.798+0530] {dag.py:3954} INFO - Setting next_dagrun for consume_1_and_2_with_dataset_expressions to None, run_after=None
[2024-07-01T17:50:03.798+0530] {logging_mixin.py:188} INFO - [2024-07-01T17:50:03.798+0530] {dag.py:3954} INFO - Setting next_dagrun for consume_1_or_2_with_dataset_expressions to None, run_after=None
[2024-07-01T17:50:03.799+0530] {logging_mixin.py:188} INFO - [2024-07-01T17:50:03.799+0530] {dag.py:3954} INFO - Setting next_dagrun for consume_1_or_both_2_and_3_with_dataset_expressions to None, run_after=None
[2024-07-01T17:50:03.799+0530] {logging_mixin.py:188} INFO - [2024-07-01T17:50:03.799+0530] {dag.py:3954} INFO - Setting next_dagrun for dataset_consumes_1 to None, run_after=None
[2024-07-01T17:50:03.799+0530] {logging_mixin.py:188} INFO - [2024-07-01T17:50:03.799+0530] {dag.py:3954} INFO - Setting next_dagrun for dataset_consumes_1_and_2 to None, run_after=None
[2024-07-01T17:50:03.800+0530] {logging_mixin.py:188} INFO - [2024-07-01T17:50:03.800+0530] {dag.py:3954} INFO - Setting next_dagrun for dataset_consumes_1_never_scheduled to None, run_after=None
[2024-07-01T17:50:03.800+0530] {logging_mixin.py:188} INFO - [2024-07-01T17:50:03.800+0530] {dag.py:3954} INFO - Setting next_dagrun for dataset_consumes_unknown_never_scheduled to None, run_after=None
[2024-07-01T17:50:03.801+0530] {logging_mixin.py:188} INFO - [2024-07-01T17:50:03.801+0530] {dag.py:3954} INFO - Setting next_dagrun for dataset_produces_1 to 2024-06-30 00:00:00+00:00, run_after=2024-07-01 00:00:00+00:00
[2024-07-01T17:50:03.801+0530] {logging_mixin.py:188} INFO - [2024-07-01T17:50:03.801+0530] {dag.py:3954} INFO - Setting next_dagrun for dataset_produces_2 to None, run_after=None
[2024-07-01T17:50:03.814+0530] {processor.py:183} INFO - Processing /home/bharat/.local/lib/python3.11/site-packages/airflow/example_dags/example_datasets.py took 0.058 seconds
[2024-07-01T17:50:59.218+0530] {processor.py:161} INFO - Started process (PID=11510) to work on /home/bharat/.local/lib/python3.11/site-packages/airflow/example_dags/example_datasets.py
[2024-07-01T17:50:59.219+0530] {processor.py:830} INFO - Processing file /home/bharat/.local/lib/python3.11/site-packages/airflow/example_dags/example_datasets.py for tasks to queue
[2024-07-01T17:50:59.221+0530] {logging_mixin.py:188} INFO - [2024-07-01T17:50:59.220+0530] {dagbag.py:545} INFO - Filling up the DagBag from /home/bharat/.local/lib/python3.11/site-packages/airflow/example_dags/example_datasets.py
[2024-07-01T17:50:59.229+0530] {processor.py:840} INFO - DAG(s) 'conditional_dataset_and_time_based_timetable', 'dataset_produces_1', 'consume_1_or_both_2_and_3_with_dataset_expressions', 'dataset_consumes_1_and_2', 'dataset_consumes_1_never_scheduled', 'dataset_consumes_unknown_never_scheduled', 'dataset_consumes_1', 'consume_1_or_2_with_dataset_expressions', 'consume_1_and_2_with_dataset_expressions', 'dataset_produces_2' retrieved from /home/bharat/.local/lib/python3.11/site-packages/airflow/example_dags/example_datasets.py
[2024-07-01T17:50:59.243+0530] {logging_mixin.py:188} INFO - [2024-07-01T17:50:59.243+0530] {dag.py:3096} INFO - Sync 10 DAGs
[2024-07-01T17:50:59.251+0530] {logging_mixin.py:188} INFO - [2024-07-01T17:50:59.251+0530] {dag.py:3954} INFO - Setting next_dagrun for conditional_dataset_and_time_based_timetable to 2024-06-26 01:00:00+00:00, run_after=2024-06-26 01:00:00+00:00
[2024-07-01T17:50:59.252+0530] {logging_mixin.py:188} INFO - [2024-07-01T17:50:59.252+0530] {dag.py:3954} INFO - Setting next_dagrun for consume_1_and_2_with_dataset_expressions to None, run_after=None
[2024-07-01T17:50:59.253+0530] {logging_mixin.py:188} INFO - [2024-07-01T17:50:59.253+0530] {dag.py:3954} INFO - Setting next_dagrun for consume_1_or_2_with_dataset_expressions to None, run_after=None
[2024-07-01T17:50:59.254+0530] {logging_mixin.py:188} INFO - [2024-07-01T17:50:59.254+0530] {dag.py:3954} INFO - Setting next_dagrun for consume_1_or_both_2_and_3_with_dataset_expressions to None, run_after=None
[2024-07-01T17:50:59.254+0530] {logging_mixin.py:188} INFO - [2024-07-01T17:50:59.254+0530] {dag.py:3954} INFO - Setting next_dagrun for dataset_consumes_1 to None, run_after=None
[2024-07-01T17:50:59.254+0530] {logging_mixin.py:188} INFO - [2024-07-01T17:50:59.254+0530] {dag.py:3954} INFO - Setting next_dagrun for dataset_consumes_1_and_2 to None, run_after=None
[2024-07-01T17:50:59.255+0530] {logging_mixin.py:188} INFO - [2024-07-01T17:50:59.255+0530] {dag.py:3954} INFO - Setting next_dagrun for dataset_consumes_1_never_scheduled to None, run_after=None
[2024-07-01T17:50:59.255+0530] {logging_mixin.py:188} INFO - [2024-07-01T17:50:59.255+0530] {dag.py:3954} INFO - Setting next_dagrun for dataset_consumes_unknown_never_scheduled to None, run_after=None
[2024-07-01T17:50:59.256+0530] {logging_mixin.py:188} INFO - [2024-07-01T17:50:59.256+0530] {dag.py:3954} INFO - Setting next_dagrun for dataset_produces_1 to 2024-06-30 00:00:00+00:00, run_after=2024-07-01 00:00:00+00:00
[2024-07-01T17:50:59.256+0530] {logging_mixin.py:188} INFO - [2024-07-01T17:50:59.256+0530] {dag.py:3954} INFO - Setting next_dagrun for dataset_produces_2 to None, run_after=None
[2024-07-01T17:50:59.269+0530] {processor.py:183} INFO - Processing /home/bharat/.local/lib/python3.11/site-packages/airflow/example_dags/example_datasets.py took 0.060 seconds
[2024-07-01T17:52:05.827+0530] {processor.py:161} INFO - Started process (PID=11997) to work on /home/bharat/.local/lib/python3.11/site-packages/airflow/example_dags/example_datasets.py
[2024-07-01T17:52:05.827+0530] {processor.py:830} INFO - Processing file /home/bharat/.local/lib/python3.11/site-packages/airflow/example_dags/example_datasets.py for tasks to queue
[2024-07-01T17:52:05.829+0530] {logging_mixin.py:188} INFO - [2024-07-01T17:52:05.828+0530] {dagbag.py:545} INFO - Filling up the DagBag from /home/bharat/.local/lib/python3.11/site-packages/airflow/example_dags/example_datasets.py
[2024-07-01T17:52:05.839+0530] {processor.py:840} INFO - DAG(s) 'dataset_consumes_unknown_never_scheduled', 'dataset_consumes_1_and_2', 'dataset_consumes_1_never_scheduled', 'conditional_dataset_and_time_based_timetable', 'dataset_produces_1', 'dataset_consumes_1', 'consume_1_or_2_with_dataset_expressions', 'consume_1_and_2_with_dataset_expressions', 'consume_1_or_both_2_and_3_with_dataset_expressions', 'dataset_produces_2' retrieved from /home/bharat/.local/lib/python3.11/site-packages/airflow/example_dags/example_datasets.py
[2024-07-01T17:52:05.853+0530] {logging_mixin.py:188} INFO - [2024-07-01T17:52:05.853+0530] {dag.py:3096} INFO - Sync 10 DAGs
[2024-07-01T17:52:05.861+0530] {logging_mixin.py:188} INFO - [2024-07-01T17:52:05.861+0530] {dag.py:3954} INFO - Setting next_dagrun for conditional_dataset_and_time_based_timetable to 2024-06-26 01:00:00+00:00, run_after=2024-06-26 01:00:00+00:00
[2024-07-01T17:52:05.863+0530] {logging_mixin.py:188} INFO - [2024-07-01T17:52:05.863+0530] {dag.py:3954} INFO - Setting next_dagrun for consume_1_and_2_with_dataset_expressions to None, run_after=None
[2024-07-01T17:52:05.863+0530] {logging_mixin.py:188} INFO - [2024-07-01T17:52:05.863+0530] {dag.py:3954} INFO - Setting next_dagrun for consume_1_or_2_with_dataset_expressions to None, run_after=None
[2024-07-01T17:52:05.863+0530] {logging_mixin.py:188} INFO - [2024-07-01T17:52:05.863+0530] {dag.py:3954} INFO - Setting next_dagrun for consume_1_or_both_2_and_3_with_dataset_expressions to None, run_after=None
[2024-07-01T17:52:05.864+0530] {logging_mixin.py:188} INFO - [2024-07-01T17:52:05.864+0530] {dag.py:3954} INFO - Setting next_dagrun for dataset_consumes_1 to None, run_after=None
[2024-07-01T17:52:05.864+0530] {logging_mixin.py:188} INFO - [2024-07-01T17:52:05.864+0530] {dag.py:3954} INFO - Setting next_dagrun for dataset_consumes_1_and_2 to None, run_after=None
[2024-07-01T17:52:05.864+0530] {logging_mixin.py:188} INFO - [2024-07-01T17:52:05.864+0530] {dag.py:3954} INFO - Setting next_dagrun for dataset_consumes_1_never_scheduled to None, run_after=None
[2024-07-01T17:52:05.865+0530] {logging_mixin.py:188} INFO - [2024-07-01T17:52:05.865+0530] {dag.py:3954} INFO - Setting next_dagrun for dataset_consumes_unknown_never_scheduled to None, run_after=None
[2024-07-01T17:52:05.865+0530] {logging_mixin.py:188} INFO - [2024-07-01T17:52:05.865+0530] {dag.py:3954} INFO - Setting next_dagrun for dataset_produces_1 to 2024-06-30 00:00:00+00:00, run_after=2024-07-01 00:00:00+00:00
[2024-07-01T17:52:05.866+0530] {logging_mixin.py:188} INFO - [2024-07-01T17:52:05.866+0530] {dag.py:3954} INFO - Setting next_dagrun for dataset_produces_2 to None, run_after=None
[2024-07-01T17:52:05.879+0530] {processor.py:183} INFO - Processing /home/bharat/.local/lib/python3.11/site-packages/airflow/example_dags/example_datasets.py took 0.057 seconds
[2024-07-01T17:53:07.112+0530] {processor.py:161} INFO - Started process (PID=12124) to work on /home/bharat/.local/lib/python3.11/site-packages/airflow/example_dags/example_datasets.py
[2024-07-01T17:53:07.113+0530] {processor.py:830} INFO - Processing file /home/bharat/.local/lib/python3.11/site-packages/airflow/example_dags/example_datasets.py for tasks to queue
[2024-07-01T17:53:07.114+0530] {logging_mixin.py:188} INFO - [2024-07-01T17:53:07.113+0530] {dagbag.py:545} INFO - Filling up the DagBag from /home/bharat/.local/lib/python3.11/site-packages/airflow/example_dags/example_datasets.py
[2024-07-01T17:53:07.119+0530] {processor.py:840} INFO - DAG(s) 'consume_1_or_both_2_and_3_with_dataset_expressions', 'conditional_dataset_and_time_based_timetable', 'dataset_produces_1', 'dataset_consumes_unknown_never_scheduled', 'dataset_consumes_1', 'dataset_produces_2', 'consume_1_or_2_with_dataset_expressions', 'dataset_consumes_1_never_scheduled', 'consume_1_and_2_with_dataset_expressions', 'dataset_consumes_1_and_2' retrieved from /home/bharat/.local/lib/python3.11/site-packages/airflow/example_dags/example_datasets.py
[2024-07-01T17:53:07.132+0530] {logging_mixin.py:188} INFO - [2024-07-01T17:53:07.132+0530] {dag.py:3096} INFO - Sync 10 DAGs
[2024-07-01T17:53:07.141+0530] {logging_mixin.py:188} INFO - [2024-07-01T17:53:07.141+0530] {dag.py:3954} INFO - Setting next_dagrun for conditional_dataset_and_time_based_timetable to 2024-06-26 01:00:00+00:00, run_after=2024-06-26 01:00:00+00:00
[2024-07-01T17:53:07.142+0530] {logging_mixin.py:188} INFO - [2024-07-01T17:53:07.142+0530] {dag.py:3954} INFO - Setting next_dagrun for consume_1_and_2_with_dataset_expressions to None, run_after=None
[2024-07-01T17:53:07.142+0530] {logging_mixin.py:188} INFO - [2024-07-01T17:53:07.142+0530] {dag.py:3954} INFO - Setting next_dagrun for consume_1_or_2_with_dataset_expressions to None, run_after=None
[2024-07-01T17:53:07.143+0530] {logging_mixin.py:188} INFO - [2024-07-01T17:53:07.143+0530] {dag.py:3954} INFO - Setting next_dagrun for consume_1_or_both_2_and_3_with_dataset_expressions to None, run_after=None
[2024-07-01T17:53:07.143+0530] {logging_mixin.py:188} INFO - [2024-07-01T17:53:07.143+0530] {dag.py:3954} INFO - Setting next_dagrun for dataset_consumes_1 to None, run_after=None
[2024-07-01T17:53:07.143+0530] {logging_mixin.py:188} INFO - [2024-07-01T17:53:07.143+0530] {dag.py:3954} INFO - Setting next_dagrun for dataset_consumes_1_and_2 to None, run_after=None
[2024-07-01T17:53:07.144+0530] {logging_mixin.py:188} INFO - [2024-07-01T17:53:07.144+0530] {dag.py:3954} INFO - Setting next_dagrun for dataset_consumes_1_never_scheduled to None, run_after=None
[2024-07-01T17:53:07.144+0530] {logging_mixin.py:188} INFO - [2024-07-01T17:53:07.144+0530] {dag.py:3954} INFO - Setting next_dagrun for dataset_consumes_unknown_never_scheduled to None, run_after=None
[2024-07-01T17:53:07.145+0530] {logging_mixin.py:188} INFO - [2024-07-01T17:53:07.145+0530] {dag.py:3954} INFO - Setting next_dagrun for dataset_produces_1 to 2024-06-30 00:00:00+00:00, run_after=2024-07-01 00:00:00+00:00
[2024-07-01T17:53:07.145+0530] {logging_mixin.py:188} INFO - [2024-07-01T17:53:07.145+0530] {dag.py:3954} INFO - Setting next_dagrun for dataset_produces_2 to None, run_after=None
[2024-07-01T17:53:07.158+0530] {processor.py:183} INFO - Processing /home/bharat/.local/lib/python3.11/site-packages/airflow/example_dags/example_datasets.py took 0.051 seconds
[2024-07-01T17:54:10.248+0530] {processor.py:161} INFO - Started process (PID=12499) to work on /home/bharat/.local/lib/python3.11/site-packages/airflow/example_dags/example_datasets.py
[2024-07-01T17:54:10.249+0530] {processor.py:830} INFO - Processing file /home/bharat/.local/lib/python3.11/site-packages/airflow/example_dags/example_datasets.py for tasks to queue
[2024-07-01T17:54:10.250+0530] {logging_mixin.py:188} INFO - [2024-07-01T17:54:10.250+0530] {dagbag.py:545} INFO - Filling up the DagBag from /home/bharat/.local/lib/python3.11/site-packages/airflow/example_dags/example_datasets.py
[2024-07-01T17:54:10.255+0530] {processor.py:840} INFO - DAG(s) 'dataset_consumes_1_never_scheduled', 'dataset_produces_2', 'conditional_dataset_and_time_based_timetable', 'dataset_consumes_unknown_never_scheduled', 'consume_1_or_both_2_and_3_with_dataset_expressions', 'dataset_produces_1', 'consume_1_and_2_with_dataset_expressions', 'dataset_consumes_1', 'dataset_consumes_1_and_2', 'consume_1_or_2_with_dataset_expressions' retrieved from /home/bharat/.local/lib/python3.11/site-packages/airflow/example_dags/example_datasets.py
[2024-07-01T17:54:10.270+0530] {logging_mixin.py:188} INFO - [2024-07-01T17:54:10.270+0530] {dag.py:3096} INFO - Sync 10 DAGs
[2024-07-01T17:54:10.280+0530] {logging_mixin.py:188} INFO - [2024-07-01T17:54:10.279+0530] {dag.py:3954} INFO - Setting next_dagrun for conditional_dataset_and_time_based_timetable to 2024-06-26 01:00:00+00:00, run_after=2024-06-26 01:00:00+00:00
[2024-07-01T17:54:10.281+0530] {logging_mixin.py:188} INFO - [2024-07-01T17:54:10.281+0530] {dag.py:3954} INFO - Setting next_dagrun for consume_1_and_2_with_dataset_expressions to None, run_after=None
[2024-07-01T17:54:10.281+0530] {logging_mixin.py:188} INFO - [2024-07-01T17:54:10.281+0530] {dag.py:3954} INFO - Setting next_dagrun for consume_1_or_2_with_dataset_expressions to None, run_after=None
[2024-07-01T17:54:10.282+0530] {logging_mixin.py:188} INFO - [2024-07-01T17:54:10.282+0530] {dag.py:3954} INFO - Setting next_dagrun for consume_1_or_both_2_and_3_with_dataset_expressions to None, run_after=None
[2024-07-01T17:54:10.282+0530] {logging_mixin.py:188} INFO - [2024-07-01T17:54:10.282+0530] {dag.py:3954} INFO - Setting next_dagrun for dataset_consumes_1 to None, run_after=None
[2024-07-01T17:54:10.282+0530] {logging_mixin.py:188} INFO - [2024-07-01T17:54:10.282+0530] {dag.py:3954} INFO - Setting next_dagrun for dataset_consumes_1_and_2 to None, run_after=None
[2024-07-01T17:54:10.283+0530] {logging_mixin.py:188} INFO - [2024-07-01T17:54:10.283+0530] {dag.py:3954} INFO - Setting next_dagrun for dataset_consumes_1_never_scheduled to None, run_after=None
[2024-07-01T17:54:10.283+0530] {logging_mixin.py:188} INFO - [2024-07-01T17:54:10.283+0530] {dag.py:3954} INFO - Setting next_dagrun for dataset_consumes_unknown_never_scheduled to None, run_after=None
[2024-07-01T17:54:10.284+0530] {logging_mixin.py:188} INFO - [2024-07-01T17:54:10.284+0530] {dag.py:3954} INFO - Setting next_dagrun for dataset_produces_1 to 2024-06-30 00:00:00+00:00, run_after=2024-07-01 00:00:00+00:00
[2024-07-01T17:54:10.284+0530] {logging_mixin.py:188} INFO - [2024-07-01T17:54:10.284+0530] {dag.py:3954} INFO - Setting next_dagrun for dataset_produces_2 to None, run_after=None
[2024-07-01T17:54:10.297+0530] {processor.py:183} INFO - Processing /home/bharat/.local/lib/python3.11/site-packages/airflow/example_dags/example_datasets.py took 0.052 seconds
[2024-07-01T17:55:12.629+0530] {processor.py:161} INFO - Started process (PID=12598) to work on /home/bharat/.local/lib/python3.11/site-packages/airflow/example_dags/example_datasets.py
[2024-07-01T17:55:12.630+0530] {processor.py:830} INFO - Processing file /home/bharat/.local/lib/python3.11/site-packages/airflow/example_dags/example_datasets.py for tasks to queue
[2024-07-01T17:55:12.631+0530] {logging_mixin.py:188} INFO - [2024-07-01T17:55:12.630+0530] {dagbag.py:545} INFO - Filling up the DagBag from /home/bharat/.local/lib/python3.11/site-packages/airflow/example_dags/example_datasets.py
[2024-07-01T17:55:12.637+0530] {processor.py:840} INFO - DAG(s) 'dataset_produces_2', 'dataset_consumes_1_and_2', 'consume_1_or_2_with_dataset_expressions', 'conditional_dataset_and_time_based_timetable', 'dataset_consumes_1', 'dataset_produces_1', 'consume_1_and_2_with_dataset_expressions', 'dataset_consumes_1_never_scheduled', 'dataset_consumes_unknown_never_scheduled', 'consume_1_or_both_2_and_3_with_dataset_expressions' retrieved from /home/bharat/.local/lib/python3.11/site-packages/airflow/example_dags/example_datasets.py
[2024-07-01T17:55:12.651+0530] {logging_mixin.py:188} INFO - [2024-07-01T17:55:12.651+0530] {dag.py:3096} INFO - Sync 10 DAGs
[2024-07-01T17:55:12.659+0530] {logging_mixin.py:188} INFO - [2024-07-01T17:55:12.659+0530] {dag.py:3954} INFO - Setting next_dagrun for conditional_dataset_and_time_based_timetable to 2024-06-26 01:00:00+00:00, run_after=2024-06-26 01:00:00+00:00
[2024-07-01T17:55:12.661+0530] {logging_mixin.py:188} INFO - [2024-07-01T17:55:12.660+0530] {dag.py:3954} INFO - Setting next_dagrun for consume_1_and_2_with_dataset_expressions to None, run_after=None
[2024-07-01T17:55:12.661+0530] {logging_mixin.py:188} INFO - [2024-07-01T17:55:12.661+0530] {dag.py:3954} INFO - Setting next_dagrun for consume_1_or_2_with_dataset_expressions to None, run_after=None
[2024-07-01T17:55:12.661+0530] {logging_mixin.py:188} INFO - [2024-07-01T17:55:12.661+0530] {dag.py:3954} INFO - Setting next_dagrun for consume_1_or_both_2_and_3_with_dataset_expressions to None, run_after=None
[2024-07-01T17:55:12.662+0530] {logging_mixin.py:188} INFO - [2024-07-01T17:55:12.662+0530] {dag.py:3954} INFO - Setting next_dagrun for dataset_consumes_1 to None, run_after=None
[2024-07-01T17:55:12.662+0530] {logging_mixin.py:188} INFO - [2024-07-01T17:55:12.662+0530] {dag.py:3954} INFO - Setting next_dagrun for dataset_consumes_1_and_2 to None, run_after=None
[2024-07-01T17:55:12.662+0530] {logging_mixin.py:188} INFO - [2024-07-01T17:55:12.662+0530] {dag.py:3954} INFO - Setting next_dagrun for dataset_consumes_1_never_scheduled to None, run_after=None
[2024-07-01T17:55:12.663+0530] {logging_mixin.py:188} INFO - [2024-07-01T17:55:12.663+0530] {dag.py:3954} INFO - Setting next_dagrun for dataset_consumes_unknown_never_scheduled to None, run_after=None
[2024-07-01T17:55:12.663+0530] {logging_mixin.py:188} INFO - [2024-07-01T17:55:12.663+0530] {dag.py:3954} INFO - Setting next_dagrun for dataset_produces_1 to 2024-06-30 00:00:00+00:00, run_after=2024-07-01 00:00:00+00:00
[2024-07-01T17:55:12.664+0530] {logging_mixin.py:188} INFO - [2024-07-01T17:55:12.664+0530] {dag.py:3954} INFO - Setting next_dagrun for dataset_produces_2 to None, run_after=None
[2024-07-01T17:55:12.680+0530] {processor.py:183} INFO - Processing /home/bharat/.local/lib/python3.11/site-packages/airflow/example_dags/example_datasets.py took 0.058 seconds
[2024-07-01T17:56:05.238+0530] {processor.py:161} INFO - Started process (PID=12679) to work on /home/bharat/.local/lib/python3.11/site-packages/airflow/example_dags/example_datasets.py
[2024-07-01T17:56:05.238+0530] {processor.py:830} INFO - Processing file /home/bharat/.local/lib/python3.11/site-packages/airflow/example_dags/example_datasets.py for tasks to queue
[2024-07-01T17:56:05.239+0530] {logging_mixin.py:188} INFO - [2024-07-01T17:56:05.239+0530] {dagbag.py:545} INFO - Filling up the DagBag from /home/bharat/.local/lib/python3.11/site-packages/airflow/example_dags/example_datasets.py
[2024-07-01T17:56:05.245+0530] {processor.py:840} INFO - DAG(s) 'conditional_dataset_and_time_based_timetable', 'consume_1_and_2_with_dataset_expressions', 'consume_1_or_2_with_dataset_expressions', 'dataset_consumes_1_never_scheduled', 'dataset_produces_2', 'dataset_produces_1', 'dataset_consumes_1_and_2', 'consume_1_or_both_2_and_3_with_dataset_expressions', 'dataset_consumes_unknown_never_scheduled', 'dataset_consumes_1' retrieved from /home/bharat/.local/lib/python3.11/site-packages/airflow/example_dags/example_datasets.py
[2024-07-01T17:56:05.259+0530] {logging_mixin.py:188} INFO - [2024-07-01T17:56:05.259+0530] {dag.py:3096} INFO - Sync 10 DAGs
[2024-07-01T17:56:05.267+0530] {logging_mixin.py:188} INFO - [2024-07-01T17:56:05.267+0530] {dag.py:3954} INFO - Setting next_dagrun for conditional_dataset_and_time_based_timetable to 2024-06-26 01:00:00+00:00, run_after=2024-06-26 01:00:00+00:00
[2024-07-01T17:56:05.268+0530] {logging_mixin.py:188} INFO - [2024-07-01T17:56:05.268+0530] {dag.py:3954} INFO - Setting next_dagrun for consume_1_and_2_with_dataset_expressions to None, run_after=None
[2024-07-01T17:56:05.269+0530] {logging_mixin.py:188} INFO - [2024-07-01T17:56:05.269+0530] {dag.py:3954} INFO - Setting next_dagrun for consume_1_or_2_with_dataset_expressions to None, run_after=None
[2024-07-01T17:56:05.269+0530] {logging_mixin.py:188} INFO - [2024-07-01T17:56:05.269+0530] {dag.py:3954} INFO - Setting next_dagrun for consume_1_or_both_2_and_3_with_dataset_expressions to None, run_after=None
[2024-07-01T17:56:05.269+0530] {logging_mixin.py:188} INFO - [2024-07-01T17:56:05.269+0530] {dag.py:3954} INFO - Setting next_dagrun for dataset_consumes_1 to None, run_after=None
[2024-07-01T17:56:05.270+0530] {logging_mixin.py:188} INFO - [2024-07-01T17:56:05.270+0530] {dag.py:3954} INFO - Setting next_dagrun for dataset_consumes_1_and_2 to None, run_after=None
[2024-07-01T17:56:05.270+0530] {logging_mixin.py:188} INFO - [2024-07-01T17:56:05.270+0530] {dag.py:3954} INFO - Setting next_dagrun for dataset_consumes_1_never_scheduled to None, run_after=None
[2024-07-01T17:56:05.270+0530] {logging_mixin.py:188} INFO - [2024-07-01T17:56:05.270+0530] {dag.py:3954} INFO - Setting next_dagrun for dataset_consumes_unknown_never_scheduled to None, run_after=None
[2024-07-01T17:56:05.271+0530] {logging_mixin.py:188} INFO - [2024-07-01T17:56:05.271+0530] {dag.py:3954} INFO - Setting next_dagrun for dataset_produces_1 to 2024-06-30 00:00:00+00:00, run_after=2024-07-01 00:00:00+00:00
[2024-07-01T17:56:05.271+0530] {logging_mixin.py:188} INFO - [2024-07-01T17:56:05.271+0530] {dag.py:3954} INFO - Setting next_dagrun for dataset_produces_2 to None, run_after=None
[2024-07-01T17:56:05.284+0530] {processor.py:183} INFO - Processing /home/bharat/.local/lib/python3.11/site-packages/airflow/example_dags/example_datasets.py took 0.051 seconds
[2024-07-01T17:56:59.198+0530] {processor.py:161} INFO - Started process (PID=12752) to work on /home/bharat/.local/lib/python3.11/site-packages/airflow/example_dags/example_datasets.py
[2024-07-01T17:56:59.198+0530] {processor.py:830} INFO - Processing file /home/bharat/.local/lib/python3.11/site-packages/airflow/example_dags/example_datasets.py for tasks to queue
[2024-07-01T17:56:59.199+0530] {logging_mixin.py:188} INFO - [2024-07-01T17:56:59.199+0530] {dagbag.py:545} INFO - Filling up the DagBag from /home/bharat/.local/lib/python3.11/site-packages/airflow/example_dags/example_datasets.py
[2024-07-01T17:56:59.204+0530] {processor.py:840} INFO - DAG(s) 'consume_1_and_2_with_dataset_expressions', 'dataset_consumes_1_and_2', 'dataset_produces_2', 'consume_1_or_2_with_dataset_expressions', 'conditional_dataset_and_time_based_timetable', 'dataset_produces_1', 'consume_1_or_both_2_and_3_with_dataset_expressions', 'dataset_consumes_1', 'dataset_consumes_1_never_scheduled', 'dataset_consumes_unknown_never_scheduled' retrieved from /home/bharat/.local/lib/python3.11/site-packages/airflow/example_dags/example_datasets.py
[2024-07-01T17:56:59.217+0530] {logging_mixin.py:188} INFO - [2024-07-01T17:56:59.217+0530] {dag.py:3096} INFO - Sync 10 DAGs
[2024-07-01T17:56:59.226+0530] {logging_mixin.py:188} INFO - [2024-07-01T17:56:59.226+0530] {dag.py:3954} INFO - Setting next_dagrun for conditional_dataset_and_time_based_timetable to 2024-06-26 01:00:00+00:00, run_after=2024-06-26 01:00:00+00:00
[2024-07-01T17:56:59.227+0530] {logging_mixin.py:188} INFO - [2024-07-01T17:56:59.227+0530] {dag.py:3954} INFO - Setting next_dagrun for consume_1_and_2_with_dataset_expressions to None, run_after=None
[2024-07-01T17:56:59.227+0530] {logging_mixin.py:188} INFO - [2024-07-01T17:56:59.227+0530] {dag.py:3954} INFO - Setting next_dagrun for consume_1_or_2_with_dataset_expressions to None, run_after=None
[2024-07-01T17:56:59.228+0530] {logging_mixin.py:188} INFO - [2024-07-01T17:56:59.228+0530] {dag.py:3954} INFO - Setting next_dagrun for consume_1_or_both_2_and_3_with_dataset_expressions to None, run_after=None
[2024-07-01T17:56:59.228+0530] {logging_mixin.py:188} INFO - [2024-07-01T17:56:59.228+0530] {dag.py:3954} INFO - Setting next_dagrun for dataset_consumes_1 to None, run_after=None
[2024-07-01T17:56:59.228+0530] {logging_mixin.py:188} INFO - [2024-07-01T17:56:59.228+0530] {dag.py:3954} INFO - Setting next_dagrun for dataset_consumes_1_and_2 to None, run_after=None
[2024-07-01T17:56:59.229+0530] {logging_mixin.py:188} INFO - [2024-07-01T17:56:59.229+0530] {dag.py:3954} INFO - Setting next_dagrun for dataset_consumes_1_never_scheduled to None, run_after=None
[2024-07-01T17:56:59.229+0530] {logging_mixin.py:188} INFO - [2024-07-01T17:56:59.229+0530] {dag.py:3954} INFO - Setting next_dagrun for dataset_consumes_unknown_never_scheduled to None, run_after=None
[2024-07-01T17:56:59.230+0530] {logging_mixin.py:188} INFO - [2024-07-01T17:56:59.230+0530] {dag.py:3954} INFO - Setting next_dagrun for dataset_produces_1 to 2024-06-30 00:00:00+00:00, run_after=2024-07-01 00:00:00+00:00
[2024-07-01T17:56:59.230+0530] {logging_mixin.py:188} INFO - [2024-07-01T17:56:59.230+0530] {dag.py:3954} INFO - Setting next_dagrun for dataset_produces_2 to None, run_after=None
[2024-07-01T17:56:59.242+0530] {processor.py:183} INFO - Processing /home/bharat/.local/lib/python3.11/site-packages/airflow/example_dags/example_datasets.py took 0.047 seconds
[2024-07-01T17:57:53.207+0530] {processor.py:161} INFO - Started process (PID=12826) to work on /home/bharat/.local/lib/python3.11/site-packages/airflow/example_dags/example_datasets.py
[2024-07-01T17:57:53.207+0530] {processor.py:830} INFO - Processing file /home/bharat/.local/lib/python3.11/site-packages/airflow/example_dags/example_datasets.py for tasks to queue
[2024-07-01T17:57:53.208+0530] {logging_mixin.py:188} INFO - [2024-07-01T17:57:53.208+0530] {dagbag.py:545} INFO - Filling up the DagBag from /home/bharat/.local/lib/python3.11/site-packages/airflow/example_dags/example_datasets.py
[2024-07-01T17:57:53.213+0530] {processor.py:840} INFO - DAG(s) 'dataset_consumes_1', 'conditional_dataset_and_time_based_timetable', 'consume_1_or_2_with_dataset_expressions', 'consume_1_or_both_2_and_3_with_dataset_expressions', 'dataset_consumes_unknown_never_scheduled', 'dataset_consumes_1_and_2', 'consume_1_and_2_with_dataset_expressions', 'dataset_consumes_1_never_scheduled', 'dataset_produces_1', 'dataset_produces_2' retrieved from /home/bharat/.local/lib/python3.11/site-packages/airflow/example_dags/example_datasets.py
[2024-07-01T17:57:53.228+0530] {logging_mixin.py:188} INFO - [2024-07-01T17:57:53.228+0530] {dag.py:3096} INFO - Sync 10 DAGs
[2024-07-01T17:57:53.237+0530] {logging_mixin.py:188} INFO - [2024-07-01T17:57:53.237+0530] {dag.py:3954} INFO - Setting next_dagrun for conditional_dataset_and_time_based_timetable to 2024-06-26 01:00:00+00:00, run_after=2024-06-26 01:00:00+00:00
[2024-07-01T17:57:53.238+0530] {logging_mixin.py:188} INFO - [2024-07-01T17:57:53.238+0530] {dag.py:3954} INFO - Setting next_dagrun for consume_1_and_2_with_dataset_expressions to None, run_after=None
[2024-07-01T17:57:53.239+0530] {logging_mixin.py:188} INFO - [2024-07-01T17:57:53.238+0530] {dag.py:3954} INFO - Setting next_dagrun for consume_1_or_2_with_dataset_expressions to None, run_after=None
[2024-07-01T17:57:53.239+0530] {logging_mixin.py:188} INFO - [2024-07-01T17:57:53.239+0530] {dag.py:3954} INFO - Setting next_dagrun for consume_1_or_both_2_and_3_with_dataset_expressions to None, run_after=None
[2024-07-01T17:57:53.239+0530] {logging_mixin.py:188} INFO - [2024-07-01T17:57:53.239+0530] {dag.py:3954} INFO - Setting next_dagrun for dataset_consumes_1 to None, run_after=None
[2024-07-01T17:57:53.240+0530] {logging_mixin.py:188} INFO - [2024-07-01T17:57:53.239+0530] {dag.py:3954} INFO - Setting next_dagrun for dataset_consumes_1_and_2 to None, run_after=None
[2024-07-01T17:57:53.240+0530] {logging_mixin.py:188} INFO - [2024-07-01T17:57:53.240+0530] {dag.py:3954} INFO - Setting next_dagrun for dataset_consumes_1_never_scheduled to None, run_after=None
[2024-07-01T17:57:53.240+0530] {logging_mixin.py:188} INFO - [2024-07-01T17:57:53.240+0530] {dag.py:3954} INFO - Setting next_dagrun for dataset_consumes_unknown_never_scheduled to None, run_after=None
[2024-07-01T17:57:53.241+0530] {logging_mixin.py:188} INFO - [2024-07-01T17:57:53.241+0530] {dag.py:3954} INFO - Setting next_dagrun for dataset_produces_1 to 2024-06-30 00:00:00+00:00, run_after=2024-07-01 00:00:00+00:00
[2024-07-01T17:57:53.241+0530] {logging_mixin.py:188} INFO - [2024-07-01T17:57:53.241+0530] {dag.py:3954} INFO - Setting next_dagrun for dataset_produces_2 to None, run_after=None
[2024-07-01T17:57:53.255+0530] {processor.py:183} INFO - Processing /home/bharat/.local/lib/python3.11/site-packages/airflow/example_dags/example_datasets.py took 0.054 seconds
[2024-07-01T17:59:07.919+0530] {processor.py:161} INFO - Started process (PID=12950) to work on /home/bharat/.local/lib/python3.11/site-packages/airflow/example_dags/example_datasets.py
[2024-07-01T17:59:07.920+0530] {processor.py:830} INFO - Processing file /home/bharat/.local/lib/python3.11/site-packages/airflow/example_dags/example_datasets.py for tasks to queue
[2024-07-01T17:59:07.920+0530] {logging_mixin.py:188} INFO - [2024-07-01T17:59:07.920+0530] {dagbag.py:545} INFO - Filling up the DagBag from /home/bharat/.local/lib/python3.11/site-packages/airflow/example_dags/example_datasets.py
[2024-07-01T17:59:07.925+0530] {processor.py:840} INFO - DAG(s) 'dataset_consumes_1_and_2', 'consume_1_or_2_with_dataset_expressions', 'dataset_produces_1', 'dataset_consumes_1', 'consume_1_and_2_with_dataset_expressions', 'dataset_consumes_unknown_never_scheduled', 'conditional_dataset_and_time_based_timetable', 'dataset_produces_2', 'dataset_consumes_1_never_scheduled', 'consume_1_or_both_2_and_3_with_dataset_expressions' retrieved from /home/bharat/.local/lib/python3.11/site-packages/airflow/example_dags/example_datasets.py
[2024-07-01T17:59:07.940+0530] {logging_mixin.py:188} INFO - [2024-07-01T17:59:07.939+0530] {dag.py:3096} INFO - Sync 10 DAGs
[2024-07-01T17:59:07.948+0530] {logging_mixin.py:188} INFO - [2024-07-01T17:59:07.948+0530] {dag.py:3954} INFO - Setting next_dagrun for conditional_dataset_and_time_based_timetable to 2024-06-26 01:00:00+00:00, run_after=2024-06-26 01:00:00+00:00
[2024-07-01T17:59:07.949+0530] {logging_mixin.py:188} INFO - [2024-07-01T17:59:07.949+0530] {dag.py:3954} INFO - Setting next_dagrun for consume_1_and_2_with_dataset_expressions to None, run_after=None
[2024-07-01T17:59:07.949+0530] {logging_mixin.py:188} INFO - [2024-07-01T17:59:07.949+0530] {dag.py:3954} INFO - Setting next_dagrun for consume_1_or_2_with_dataset_expressions to None, run_after=None
[2024-07-01T17:59:07.950+0530] {logging_mixin.py:188} INFO - [2024-07-01T17:59:07.950+0530] {dag.py:3954} INFO - Setting next_dagrun for consume_1_or_both_2_and_3_with_dataset_expressions to None, run_after=None
[2024-07-01T17:59:07.951+0530] {logging_mixin.py:188} INFO - [2024-07-01T17:59:07.951+0530] {dag.py:3954} INFO - Setting next_dagrun for dataset_consumes_1 to None, run_after=None
[2024-07-01T17:59:07.951+0530] {logging_mixin.py:188} INFO - [2024-07-01T17:59:07.951+0530] {dag.py:3954} INFO - Setting next_dagrun for dataset_consumes_1_and_2 to None, run_after=None
[2024-07-01T17:59:07.951+0530] {logging_mixin.py:188} INFO - [2024-07-01T17:59:07.951+0530] {dag.py:3954} INFO - Setting next_dagrun for dataset_consumes_1_never_scheduled to None, run_after=None
[2024-07-01T17:59:07.952+0530] {logging_mixin.py:188} INFO - [2024-07-01T17:59:07.952+0530] {dag.py:3954} INFO - Setting next_dagrun for dataset_consumes_unknown_never_scheduled to None, run_after=None
[2024-07-01T17:59:07.952+0530] {logging_mixin.py:188} INFO - [2024-07-01T17:59:07.952+0530] {dag.py:3954} INFO - Setting next_dagrun for dataset_produces_1 to 2024-06-30 00:00:00+00:00, run_after=2024-07-01 00:00:00+00:00
[2024-07-01T17:59:07.953+0530] {logging_mixin.py:188} INFO - [2024-07-01T17:59:07.953+0530] {dag.py:3954} INFO - Setting next_dagrun for dataset_produces_2 to None, run_after=None
[2024-07-01T17:59:07.966+0530] {processor.py:183} INFO - Processing /home/bharat/.local/lib/python3.11/site-packages/airflow/example_dags/example_datasets.py took 0.052 seconds
[2024-07-01T18:00:00.428+0530] {processor.py:161} INFO - Started process (PID=13026) to work on /home/bharat/.local/lib/python3.11/site-packages/airflow/example_dags/example_datasets.py
[2024-07-01T18:00:00.428+0530] {processor.py:830} INFO - Processing file /home/bharat/.local/lib/python3.11/site-packages/airflow/example_dags/example_datasets.py for tasks to queue
[2024-07-01T18:00:00.429+0530] {logging_mixin.py:188} INFO - [2024-07-01T18:00:00.429+0530] {dagbag.py:545} INFO - Filling up the DagBag from /home/bharat/.local/lib/python3.11/site-packages/airflow/example_dags/example_datasets.py
[2024-07-01T18:00:00.434+0530] {processor.py:840} INFO - DAG(s) 'dataset_consumes_1_and_2', 'dataset_consumes_unknown_never_scheduled', 'dataset_produces_2', 'conditional_dataset_and_time_based_timetable', 'dataset_consumes_1_never_scheduled', 'consume_1_and_2_with_dataset_expressions', 'dataset_produces_1', 'consume_1_or_2_with_dataset_expressions', 'consume_1_or_both_2_and_3_with_dataset_expressions', 'dataset_consumes_1' retrieved from /home/bharat/.local/lib/python3.11/site-packages/airflow/example_dags/example_datasets.py
[2024-07-01T18:00:00.448+0530] {logging_mixin.py:188} INFO - [2024-07-01T18:00:00.448+0530] {dag.py:3096} INFO - Sync 10 DAGs
[2024-07-01T18:00:00.456+0530] {logging_mixin.py:188} INFO - [2024-07-01T18:00:00.456+0530] {dag.py:3954} INFO - Setting next_dagrun for conditional_dataset_and_time_based_timetable to 2024-06-26 01:00:00+00:00, run_after=2024-06-26 01:00:00+00:00
[2024-07-01T18:00:00.457+0530] {logging_mixin.py:188} INFO - [2024-07-01T18:00:00.457+0530] {dag.py:3954} INFO - Setting next_dagrun for consume_1_and_2_with_dataset_expressions to None, run_after=None
[2024-07-01T18:00:00.458+0530] {logging_mixin.py:188} INFO - [2024-07-01T18:00:00.458+0530] {dag.py:3954} INFO - Setting next_dagrun for consume_1_or_2_with_dataset_expressions to None, run_after=None
[2024-07-01T18:00:00.458+0530] {logging_mixin.py:188} INFO - [2024-07-01T18:00:00.458+0530] {dag.py:3954} INFO - Setting next_dagrun for consume_1_or_both_2_and_3_with_dataset_expressions to None, run_after=None
[2024-07-01T18:00:00.459+0530] {logging_mixin.py:188} INFO - [2024-07-01T18:00:00.458+0530] {dag.py:3954} INFO - Setting next_dagrun for dataset_consumes_1 to None, run_after=None
[2024-07-01T18:00:00.459+0530] {logging_mixin.py:188} INFO - [2024-07-01T18:00:00.459+0530] {dag.py:3954} INFO - Setting next_dagrun for dataset_consumes_1_and_2 to None, run_after=None
[2024-07-01T18:00:00.459+0530] {logging_mixin.py:188} INFO - [2024-07-01T18:00:00.459+0530] {dag.py:3954} INFO - Setting next_dagrun for dataset_consumes_1_never_scheduled to None, run_after=None
[2024-07-01T18:00:00.460+0530] {logging_mixin.py:188} INFO - [2024-07-01T18:00:00.459+0530] {dag.py:3954} INFO - Setting next_dagrun for dataset_consumes_unknown_never_scheduled to None, run_after=None
[2024-07-01T18:00:00.460+0530] {logging_mixin.py:188} INFO - [2024-07-01T18:00:00.460+0530] {dag.py:3954} INFO - Setting next_dagrun for dataset_produces_1 to 2024-06-30 00:00:00+00:00, run_after=2024-07-01 00:00:00+00:00
[2024-07-01T18:00:00.461+0530] {logging_mixin.py:188} INFO - [2024-07-01T18:00:00.461+0530] {dag.py:3954} INFO - Setting next_dagrun for dataset_produces_2 to None, run_after=None
[2024-07-01T18:00:00.473+0530] {processor.py:183} INFO - Processing /home/bharat/.local/lib/python3.11/site-packages/airflow/example_dags/example_datasets.py took 0.048 seconds
[2024-07-01T18:00:53.025+0530] {processor.py:161} INFO - Started process (PID=13103) to work on /home/bharat/.local/lib/python3.11/site-packages/airflow/example_dags/example_datasets.py
[2024-07-01T18:00:53.026+0530] {processor.py:830} INFO - Processing file /home/bharat/.local/lib/python3.11/site-packages/airflow/example_dags/example_datasets.py for tasks to queue
[2024-07-01T18:00:53.027+0530] {logging_mixin.py:188} INFO - [2024-07-01T18:00:53.027+0530] {dagbag.py:545} INFO - Filling up the DagBag from /home/bharat/.local/lib/python3.11/site-packages/airflow/example_dags/example_datasets.py
[2024-07-01T18:00:53.033+0530] {processor.py:840} INFO - DAG(s) 'dataset_consumes_1_never_scheduled', 'dataset_consumes_unknown_never_scheduled', 'dataset_consumes_1', 'consume_1_and_2_with_dataset_expressions', 'consume_1_or_both_2_and_3_with_dataset_expressions', 'dataset_produces_2', 'consume_1_or_2_with_dataset_expressions', 'dataset_consumes_1_and_2', 'dataset_produces_1', 'conditional_dataset_and_time_based_timetable' retrieved from /home/bharat/.local/lib/python3.11/site-packages/airflow/example_dags/example_datasets.py
[2024-07-01T18:00:53.048+0530] {logging_mixin.py:188} INFO - [2024-07-01T18:00:53.048+0530] {dag.py:3096} INFO - Sync 10 DAGs
[2024-07-01T18:00:53.056+0530] {logging_mixin.py:188} INFO - [2024-07-01T18:00:53.056+0530] {dag.py:3954} INFO - Setting next_dagrun for conditional_dataset_and_time_based_timetable to 2024-06-26 01:00:00+00:00, run_after=2024-06-26 01:00:00+00:00
[2024-07-01T18:00:53.057+0530] {logging_mixin.py:188} INFO - [2024-07-01T18:00:53.057+0530] {dag.py:3954} INFO - Setting next_dagrun for consume_1_and_2_with_dataset_expressions to None, run_after=None
[2024-07-01T18:00:53.058+0530] {logging_mixin.py:188} INFO - [2024-07-01T18:00:53.057+0530] {dag.py:3954} INFO - Setting next_dagrun for consume_1_or_2_with_dataset_expressions to None, run_after=None
[2024-07-01T18:00:53.058+0530] {logging_mixin.py:188} INFO - [2024-07-01T18:00:53.058+0530] {dag.py:3954} INFO - Setting next_dagrun for consume_1_or_both_2_and_3_with_dataset_expressions to None, run_after=None
[2024-07-01T18:00:53.058+0530] {logging_mixin.py:188} INFO - [2024-07-01T18:00:53.058+0530] {dag.py:3954} INFO - Setting next_dagrun for dataset_consumes_1 to None, run_after=None
[2024-07-01T18:00:53.059+0530] {logging_mixin.py:188} INFO - [2024-07-01T18:00:53.059+0530] {dag.py:3954} INFO - Setting next_dagrun for dataset_consumes_1_and_2 to None, run_after=None
[2024-07-01T18:00:53.059+0530] {logging_mixin.py:188} INFO - [2024-07-01T18:00:53.059+0530] {dag.py:3954} INFO - Setting next_dagrun for dataset_consumes_1_never_scheduled to None, run_after=None
[2024-07-01T18:00:53.059+0530] {logging_mixin.py:188} INFO - [2024-07-01T18:00:53.059+0530] {dag.py:3954} INFO - Setting next_dagrun for dataset_consumes_unknown_never_scheduled to None, run_after=None
[2024-07-01T18:00:53.060+0530] {logging_mixin.py:188} INFO - [2024-07-01T18:00:53.060+0530] {dag.py:3954} INFO - Setting next_dagrun for dataset_produces_1 to 2024-06-30 00:00:00+00:00, run_after=2024-07-01 00:00:00+00:00
[2024-07-01T18:00:53.060+0530] {logging_mixin.py:188} INFO - [2024-07-01T18:00:53.060+0530] {dag.py:3954} INFO - Setting next_dagrun for dataset_produces_2 to None, run_after=None
[2024-07-01T18:00:53.073+0530] {processor.py:183} INFO - Processing /home/bharat/.local/lib/python3.11/site-packages/airflow/example_dags/example_datasets.py took 0.054 seconds
[2024-07-01T18:02:10.433+0530] {processor.py:161} INFO - Started process (PID=13220) to work on /home/bharat/.local/lib/python3.11/site-packages/airflow/example_dags/example_datasets.py
[2024-07-01T18:02:10.434+0530] {processor.py:830} INFO - Processing file /home/bharat/.local/lib/python3.11/site-packages/airflow/example_dags/example_datasets.py for tasks to queue
[2024-07-01T18:02:10.435+0530] {logging_mixin.py:188} INFO - [2024-07-01T18:02:10.435+0530] {dagbag.py:545} INFO - Filling up the DagBag from /home/bharat/.local/lib/python3.11/site-packages/airflow/example_dags/example_datasets.py
[2024-07-01T18:02:10.441+0530] {processor.py:840} INFO - DAG(s) 'dataset_consumes_unknown_never_scheduled', 'dataset_produces_1', 'consume_1_and_2_with_dataset_expressions', 'consume_1_or_2_with_dataset_expressions', 'dataset_consumes_1_never_scheduled', 'consume_1_or_both_2_and_3_with_dataset_expressions', 'dataset_consumes_1', 'dataset_consumes_1_and_2', 'dataset_produces_2', 'conditional_dataset_and_time_based_timetable' retrieved from /home/bharat/.local/lib/python3.11/site-packages/airflow/example_dags/example_datasets.py
[2024-07-01T18:02:10.454+0530] {logging_mixin.py:188} INFO - [2024-07-01T18:02:10.454+0530] {dag.py:3096} INFO - Sync 10 DAGs
[2024-07-01T18:02:10.463+0530] {logging_mixin.py:188} INFO - [2024-07-01T18:02:10.463+0530] {dag.py:3954} INFO - Setting next_dagrun for conditional_dataset_and_time_based_timetable to 2024-06-26 01:00:00+00:00, run_after=2024-06-26 01:00:00+00:00
[2024-07-01T18:02:10.464+0530] {logging_mixin.py:188} INFO - [2024-07-01T18:02:10.464+0530] {dag.py:3954} INFO - Setting next_dagrun for consume_1_and_2_with_dataset_expressions to None, run_after=None
[2024-07-01T18:02:10.464+0530] {logging_mixin.py:188} INFO - [2024-07-01T18:02:10.464+0530] {dag.py:3954} INFO - Setting next_dagrun for consume_1_or_2_with_dataset_expressions to None, run_after=None
[2024-07-01T18:02:10.465+0530] {logging_mixin.py:188} INFO - [2024-07-01T18:02:10.464+0530] {dag.py:3954} INFO - Setting next_dagrun for consume_1_or_both_2_and_3_with_dataset_expressions to None, run_after=None
[2024-07-01T18:02:10.465+0530] {logging_mixin.py:188} INFO - [2024-07-01T18:02:10.465+0530] {dag.py:3954} INFO - Setting next_dagrun for dataset_consumes_1 to None, run_after=None
[2024-07-01T18:02:10.465+0530] {logging_mixin.py:188} INFO - [2024-07-01T18:02:10.465+0530] {dag.py:3954} INFO - Setting next_dagrun for dataset_consumes_1_and_2 to None, run_after=None
[2024-07-01T18:02:10.465+0530] {logging_mixin.py:188} INFO - [2024-07-01T18:02:10.465+0530] {dag.py:3954} INFO - Setting next_dagrun for dataset_consumes_1_never_scheduled to None, run_after=None
[2024-07-01T18:02:10.466+0530] {logging_mixin.py:188} INFO - [2024-07-01T18:02:10.466+0530] {dag.py:3954} INFO - Setting next_dagrun for dataset_consumes_unknown_never_scheduled to None, run_after=None
[2024-07-01T18:02:10.467+0530] {logging_mixin.py:188} INFO - [2024-07-01T18:02:10.467+0530] {dag.py:3954} INFO - Setting next_dagrun for dataset_produces_1 to 2024-06-30 00:00:00+00:00, run_after=2024-07-01 00:00:00+00:00
[2024-07-01T18:02:10.467+0530] {logging_mixin.py:188} INFO - [2024-07-01T18:02:10.467+0530] {dag.py:3954} INFO - Setting next_dagrun for dataset_produces_2 to None, run_after=None
[2024-07-01T18:02:10.479+0530] {processor.py:183} INFO - Processing /home/bharat/.local/lib/python3.11/site-packages/airflow/example_dags/example_datasets.py took 0.051 seconds
[2024-07-01T18:03:02.785+0530] {processor.py:161} INFO - Started process (PID=13293) to work on /home/bharat/.local/lib/python3.11/site-packages/airflow/example_dags/example_datasets.py
[2024-07-01T18:03:02.785+0530] {processor.py:830} INFO - Processing file /home/bharat/.local/lib/python3.11/site-packages/airflow/example_dags/example_datasets.py for tasks to queue
[2024-07-01T18:03:02.787+0530] {logging_mixin.py:188} INFO - [2024-07-01T18:03:02.786+0530] {dagbag.py:545} INFO - Filling up the DagBag from /home/bharat/.local/lib/python3.11/site-packages/airflow/example_dags/example_datasets.py
[2024-07-01T18:03:02.793+0530] {processor.py:840} INFO - DAG(s) 'dataset_produces_1', 'consume_1_and_2_with_dataset_expressions', 'consume_1_or_both_2_and_3_with_dataset_expressions', 'dataset_consumes_1_never_scheduled', 'conditional_dataset_and_time_based_timetable', 'dataset_produces_2', 'dataset_consumes_unknown_never_scheduled', 'dataset_consumes_1_and_2', 'consume_1_or_2_with_dataset_expressions', 'dataset_consumes_1' retrieved from /home/bharat/.local/lib/python3.11/site-packages/airflow/example_dags/example_datasets.py
[2024-07-01T18:03:02.807+0530] {logging_mixin.py:188} INFO - [2024-07-01T18:03:02.807+0530] {dag.py:3096} INFO - Sync 10 DAGs
[2024-07-01T18:03:02.815+0530] {logging_mixin.py:188} INFO - [2024-07-01T18:03:02.815+0530] {dag.py:3954} INFO - Setting next_dagrun for conditional_dataset_and_time_based_timetable to 2024-06-26 01:00:00+00:00, run_after=2024-06-26 01:00:00+00:00
[2024-07-01T18:03:02.816+0530] {logging_mixin.py:188} INFO - [2024-07-01T18:03:02.816+0530] {dag.py:3954} INFO - Setting next_dagrun for consume_1_and_2_with_dataset_expressions to None, run_after=None
[2024-07-01T18:03:02.817+0530] {logging_mixin.py:188} INFO - [2024-07-01T18:03:02.817+0530] {dag.py:3954} INFO - Setting next_dagrun for consume_1_or_2_with_dataset_expressions to None, run_after=None
[2024-07-01T18:03:02.817+0530] {logging_mixin.py:188} INFO - [2024-07-01T18:03:02.817+0530] {dag.py:3954} INFO - Setting next_dagrun for consume_1_or_both_2_and_3_with_dataset_expressions to None, run_after=None
[2024-07-01T18:03:02.817+0530] {logging_mixin.py:188} INFO - [2024-07-01T18:03:02.817+0530] {dag.py:3954} INFO - Setting next_dagrun for dataset_consumes_1 to None, run_after=None
[2024-07-01T18:03:02.818+0530] {logging_mixin.py:188} INFO - [2024-07-01T18:03:02.818+0530] {dag.py:3954} INFO - Setting next_dagrun for dataset_consumes_1_and_2 to None, run_after=None
[2024-07-01T18:03:02.818+0530] {logging_mixin.py:188} INFO - [2024-07-01T18:03:02.818+0530] {dag.py:3954} INFO - Setting next_dagrun for dataset_consumes_1_never_scheduled to None, run_after=None
[2024-07-01T18:03:02.818+0530] {logging_mixin.py:188} INFO - [2024-07-01T18:03:02.818+0530] {dag.py:3954} INFO - Setting next_dagrun for dataset_consumes_unknown_never_scheduled to None, run_after=None
[2024-07-01T18:03:02.819+0530] {logging_mixin.py:188} INFO - [2024-07-01T18:03:02.819+0530] {dag.py:3954} INFO - Setting next_dagrun for dataset_produces_1 to 2024-06-30 00:00:00+00:00, run_after=2024-07-01 00:00:00+00:00
[2024-07-01T18:03:02.819+0530] {logging_mixin.py:188} INFO - [2024-07-01T18:03:02.819+0530] {dag.py:3954} INFO - Setting next_dagrun for dataset_produces_2 to None, run_after=None
[2024-07-01T18:03:02.832+0530] {processor.py:183} INFO - Processing /home/bharat/.local/lib/python3.11/site-packages/airflow/example_dags/example_datasets.py took 0.054 seconds
[2024-07-01T18:04:17.757+0530] {processor.py:161} INFO - Started process (PID=13417) to work on /home/bharat/.local/lib/python3.11/site-packages/airflow/example_dags/example_datasets.py
[2024-07-01T18:04:17.758+0530] {processor.py:830} INFO - Processing file /home/bharat/.local/lib/python3.11/site-packages/airflow/example_dags/example_datasets.py for tasks to queue
[2024-07-01T18:04:17.759+0530] {logging_mixin.py:188} INFO - [2024-07-01T18:04:17.758+0530] {dagbag.py:545} INFO - Filling up the DagBag from /home/bharat/.local/lib/python3.11/site-packages/airflow/example_dags/example_datasets.py
[2024-07-01T18:04:17.765+0530] {processor.py:840} INFO - DAG(s) 'dataset_produces_1', 'dataset_consumes_1_and_2', 'consume_1_or_both_2_and_3_with_dataset_expressions', 'dataset_consumes_1_never_scheduled', 'dataset_consumes_1', 'dataset_consumes_unknown_never_scheduled', 'dataset_produces_2', 'conditional_dataset_and_time_based_timetable', 'consume_1_or_2_with_dataset_expressions', 'consume_1_and_2_with_dataset_expressions' retrieved from /home/bharat/.local/lib/python3.11/site-packages/airflow/example_dags/example_datasets.py
[2024-07-01T18:04:17.779+0530] {logging_mixin.py:188} INFO - [2024-07-01T18:04:17.779+0530] {dag.py:3096} INFO - Sync 10 DAGs
[2024-07-01T18:04:17.787+0530] {logging_mixin.py:188} INFO - [2024-07-01T18:04:17.787+0530] {dag.py:3954} INFO - Setting next_dagrun for conditional_dataset_and_time_based_timetable to 2024-06-26 01:00:00+00:00, run_after=2024-06-26 01:00:00+00:00
[2024-07-01T18:04:17.789+0530] {logging_mixin.py:188} INFO - [2024-07-01T18:04:17.788+0530] {dag.py:3954} INFO - Setting next_dagrun for consume_1_and_2_with_dataset_expressions to None, run_after=None
[2024-07-01T18:04:17.789+0530] {logging_mixin.py:188} INFO - [2024-07-01T18:04:17.789+0530] {dag.py:3954} INFO - Setting next_dagrun for consume_1_or_2_with_dataset_expressions to None, run_after=None
[2024-07-01T18:04:17.789+0530] {logging_mixin.py:188} INFO - [2024-07-01T18:04:17.789+0530] {dag.py:3954} INFO - Setting next_dagrun for consume_1_or_both_2_and_3_with_dataset_expressions to None, run_after=None
[2024-07-01T18:04:17.790+0530] {logging_mixin.py:188} INFO - [2024-07-01T18:04:17.790+0530] {dag.py:3954} INFO - Setting next_dagrun for dataset_consumes_1 to None, run_after=None
[2024-07-01T18:04:17.790+0530] {logging_mixin.py:188} INFO - [2024-07-01T18:04:17.790+0530] {dag.py:3954} INFO - Setting next_dagrun for dataset_consumes_1_and_2 to None, run_after=None
[2024-07-01T18:04:17.790+0530] {logging_mixin.py:188} INFO - [2024-07-01T18:04:17.790+0530] {dag.py:3954} INFO - Setting next_dagrun for dataset_consumes_1_never_scheduled to None, run_after=None
[2024-07-01T18:04:17.791+0530] {logging_mixin.py:188} INFO - [2024-07-01T18:04:17.791+0530] {dag.py:3954} INFO - Setting next_dagrun for dataset_consumes_unknown_never_scheduled to None, run_after=None
[2024-07-01T18:04:17.791+0530] {logging_mixin.py:188} INFO - [2024-07-01T18:04:17.791+0530] {dag.py:3954} INFO - Setting next_dagrun for dataset_produces_1 to 2024-06-30 00:00:00+00:00, run_after=2024-07-01 00:00:00+00:00
[2024-07-01T18:04:17.792+0530] {logging_mixin.py:188} INFO - [2024-07-01T18:04:17.792+0530] {dag.py:3954} INFO - Setting next_dagrun for dataset_produces_2 to None, run_after=None
[2024-07-01T18:04:17.804+0530] {processor.py:183} INFO - Processing /home/bharat/.local/lib/python3.11/site-packages/airflow/example_dags/example_datasets.py took 0.053 seconds
[2024-07-01T18:05:11.417+0530] {processor.py:161} INFO - Started process (PID=13921) to work on /home/bharat/.local/lib/python3.11/site-packages/airflow/example_dags/example_datasets.py
[2024-07-01T18:05:11.418+0530] {processor.py:830} INFO - Processing file /home/bharat/.local/lib/python3.11/site-packages/airflow/example_dags/example_datasets.py for tasks to queue
[2024-07-01T18:05:11.419+0530] {logging_mixin.py:188} INFO - [2024-07-01T18:05:11.419+0530] {dagbag.py:545} INFO - Filling up the DagBag from /home/bharat/.local/lib/python3.11/site-packages/airflow/example_dags/example_datasets.py
[2024-07-01T18:05:11.426+0530] {processor.py:840} INFO - DAG(s) 'conditional_dataset_and_time_based_timetable', 'consume_1_or_2_with_dataset_expressions', 'consume_1_and_2_with_dataset_expressions', 'dataset_consumes_unknown_never_scheduled', 'dataset_consumes_1', 'dataset_produces_1', 'dataset_consumes_1_never_scheduled', 'consume_1_or_both_2_and_3_with_dataset_expressions', 'dataset_consumes_1_and_2', 'dataset_produces_2' retrieved from /home/bharat/.local/lib/python3.11/site-packages/airflow/example_dags/example_datasets.py
[2024-07-01T18:05:11.440+0530] {logging_mixin.py:188} INFO - [2024-07-01T18:05:11.439+0530] {dag.py:3096} INFO - Sync 10 DAGs
[2024-07-01T18:05:11.448+0530] {logging_mixin.py:188} INFO - [2024-07-01T18:05:11.448+0530] {dag.py:3954} INFO - Setting next_dagrun for conditional_dataset_and_time_based_timetable to 2024-06-26 01:00:00+00:00, run_after=2024-06-26 01:00:00+00:00
[2024-07-01T18:05:11.449+0530] {logging_mixin.py:188} INFO - [2024-07-01T18:05:11.449+0530] {dag.py:3954} INFO - Setting next_dagrun for consume_1_and_2_with_dataset_expressions to None, run_after=None
[2024-07-01T18:05:11.450+0530] {logging_mixin.py:188} INFO - [2024-07-01T18:05:11.450+0530] {dag.py:3954} INFO - Setting next_dagrun for consume_1_or_2_with_dataset_expressions to None, run_after=None
[2024-07-01T18:05:11.450+0530] {logging_mixin.py:188} INFO - [2024-07-01T18:05:11.450+0530] {dag.py:3954} INFO - Setting next_dagrun for consume_1_or_both_2_and_3_with_dataset_expressions to None, run_after=None
[2024-07-01T18:05:11.450+0530] {logging_mixin.py:188} INFO - [2024-07-01T18:05:11.450+0530] {dag.py:3954} INFO - Setting next_dagrun for dataset_consumes_1 to None, run_after=None
[2024-07-01T18:05:11.451+0530] {logging_mixin.py:188} INFO - [2024-07-01T18:05:11.451+0530] {dag.py:3954} INFO - Setting next_dagrun for dataset_consumes_1_and_2 to None, run_after=None
[2024-07-01T18:05:11.451+0530] {logging_mixin.py:188} INFO - [2024-07-01T18:05:11.451+0530] {dag.py:3954} INFO - Setting next_dagrun for dataset_consumes_1_never_scheduled to None, run_after=None
[2024-07-01T18:05:11.451+0530] {logging_mixin.py:188} INFO - [2024-07-01T18:05:11.451+0530] {dag.py:3954} INFO - Setting next_dagrun for dataset_consumes_unknown_never_scheduled to None, run_after=None
[2024-07-01T18:05:11.452+0530] {logging_mixin.py:188} INFO - [2024-07-01T18:05:11.452+0530] {dag.py:3954} INFO - Setting next_dagrun for dataset_produces_1 to 2024-06-30 00:00:00+00:00, run_after=2024-07-01 00:00:00+00:00
[2024-07-01T18:05:11.452+0530] {logging_mixin.py:188} INFO - [2024-07-01T18:05:11.452+0530] {dag.py:3954} INFO - Setting next_dagrun for dataset_produces_2 to None, run_after=None
[2024-07-01T18:05:11.465+0530] {processor.py:183} INFO - Processing /home/bharat/.local/lib/python3.11/site-packages/airflow/example_dags/example_datasets.py took 0.056 seconds
[2024-07-01T18:06:00.646+0530] {processor.py:161} INFO - Started process (PID=14004) to work on /home/bharat/.local/lib/python3.11/site-packages/airflow/example_dags/example_datasets.py
[2024-07-01T18:06:00.647+0530] {processor.py:830} INFO - Processing file /home/bharat/.local/lib/python3.11/site-packages/airflow/example_dags/example_datasets.py for tasks to queue
[2024-07-01T18:06:00.648+0530] {logging_mixin.py:188} INFO - [2024-07-01T18:06:00.648+0530] {dagbag.py:545} INFO - Filling up the DagBag from /home/bharat/.local/lib/python3.11/site-packages/airflow/example_dags/example_datasets.py
[2024-07-01T18:06:00.656+0530] {processor.py:840} INFO - DAG(s) 'consume_1_and_2_with_dataset_expressions', 'dataset_consumes_unknown_never_scheduled', 'conditional_dataset_and_time_based_timetable', 'consume_1_or_2_with_dataset_expressions', 'consume_1_or_both_2_and_3_with_dataset_expressions', 'dataset_consumes_1_never_scheduled', 'dataset_consumes_1_and_2', 'dataset_produces_1', 'dataset_consumes_1', 'dataset_produces_2' retrieved from /home/bharat/.local/lib/python3.11/site-packages/airflow/example_dags/example_datasets.py
[2024-07-01T18:06:00.672+0530] {logging_mixin.py:188} INFO - [2024-07-01T18:06:00.672+0530] {dag.py:3096} INFO - Sync 10 DAGs
[2024-07-01T18:06:00.682+0530] {logging_mixin.py:188} INFO - [2024-07-01T18:06:00.682+0530] {dag.py:3954} INFO - Setting next_dagrun for conditional_dataset_and_time_based_timetable to 2024-06-26 01:00:00+00:00, run_after=2024-06-26 01:00:00+00:00
[2024-07-01T18:06:00.683+0530] {logging_mixin.py:188} INFO - [2024-07-01T18:06:00.683+0530] {dag.py:3954} INFO - Setting next_dagrun for consume_1_and_2_with_dataset_expressions to None, run_after=None
[2024-07-01T18:06:00.684+0530] {logging_mixin.py:188} INFO - [2024-07-01T18:06:00.684+0530] {dag.py:3954} INFO - Setting next_dagrun for consume_1_or_2_with_dataset_expressions to None, run_after=None
[2024-07-01T18:06:00.684+0530] {logging_mixin.py:188} INFO - [2024-07-01T18:06:00.684+0530] {dag.py:3954} INFO - Setting next_dagrun for consume_1_or_both_2_and_3_with_dataset_expressions to None, run_after=None
[2024-07-01T18:06:00.685+0530] {logging_mixin.py:188} INFO - [2024-07-01T18:06:00.685+0530] {dag.py:3954} INFO - Setting next_dagrun for dataset_consumes_1 to None, run_after=None
[2024-07-01T18:06:00.685+0530] {logging_mixin.py:188} INFO - [2024-07-01T18:06:00.685+0530] {dag.py:3954} INFO - Setting next_dagrun for dataset_consumes_1_and_2 to None, run_after=None
[2024-07-01T18:06:00.685+0530] {logging_mixin.py:188} INFO - [2024-07-01T18:06:00.685+0530] {dag.py:3954} INFO - Setting next_dagrun for dataset_consumes_1_never_scheduled to None, run_after=None
[2024-07-01T18:06:00.686+0530] {logging_mixin.py:188} INFO - [2024-07-01T18:06:00.686+0530] {dag.py:3954} INFO - Setting next_dagrun for dataset_consumes_unknown_never_scheduled to None, run_after=None
[2024-07-01T18:06:00.686+0530] {logging_mixin.py:188} INFO - [2024-07-01T18:06:00.686+0530] {dag.py:3954} INFO - Setting next_dagrun for dataset_produces_1 to 2024-06-30 00:00:00+00:00, run_after=2024-07-01 00:00:00+00:00
[2024-07-01T18:06:00.687+0530] {logging_mixin.py:188} INFO - [2024-07-01T18:06:00.687+0530] {dag.py:3954} INFO - Setting next_dagrun for dataset_produces_2 to None, run_after=None
[2024-07-01T18:06:00.700+0530] {processor.py:183} INFO - Processing /home/bharat/.local/lib/python3.11/site-packages/airflow/example_dags/example_datasets.py took 0.060 seconds
[2024-07-01T18:06:55.768+0530] {processor.py:161} INFO - Started process (PID=14087) to work on /home/bharat/.local/lib/python3.11/site-packages/airflow/example_dags/example_datasets.py
[2024-07-01T18:06:55.769+0530] {processor.py:830} INFO - Processing file /home/bharat/.local/lib/python3.11/site-packages/airflow/example_dags/example_datasets.py for tasks to queue
[2024-07-01T18:06:55.771+0530] {logging_mixin.py:188} INFO - [2024-07-01T18:06:55.770+0530] {dagbag.py:545} INFO - Filling up the DagBag from /home/bharat/.local/lib/python3.11/site-packages/airflow/example_dags/example_datasets.py
[2024-07-01T18:06:55.784+0530] {processor.py:840} INFO - DAG(s) 'dataset_produces_1', 'consume_1_or_2_with_dataset_expressions', 'consume_1_or_both_2_and_3_with_dataset_expressions', 'dataset_consumes_1_and_2', 'dataset_consumes_unknown_never_scheduled', 'dataset_consumes_1_never_scheduled', 'consume_1_and_2_with_dataset_expressions', 'dataset_produces_2', 'conditional_dataset_and_time_based_timetable', 'dataset_consumes_1' retrieved from /home/bharat/.local/lib/python3.11/site-packages/airflow/example_dags/example_datasets.py
[2024-07-01T18:06:55.798+0530] {logging_mixin.py:188} INFO - [2024-07-01T18:06:55.798+0530] {dag.py:3096} INFO - Sync 10 DAGs
[2024-07-01T18:06:55.806+0530] {logging_mixin.py:188} INFO - [2024-07-01T18:06:55.806+0530] {dag.py:3954} INFO - Setting next_dagrun for conditional_dataset_and_time_based_timetable to 2024-06-26 01:00:00+00:00, run_after=2024-06-26 01:00:00+00:00
[2024-07-01T18:06:55.808+0530] {logging_mixin.py:188} INFO - [2024-07-01T18:06:55.808+0530] {dag.py:3954} INFO - Setting next_dagrun for consume_1_and_2_with_dataset_expressions to None, run_after=None
[2024-07-01T18:06:55.808+0530] {logging_mixin.py:188} INFO - [2024-07-01T18:06:55.808+0530] {dag.py:3954} INFO - Setting next_dagrun for consume_1_or_2_with_dataset_expressions to None, run_after=None
[2024-07-01T18:06:55.808+0530] {logging_mixin.py:188} INFO - [2024-07-01T18:06:55.808+0530] {dag.py:3954} INFO - Setting next_dagrun for consume_1_or_both_2_and_3_with_dataset_expressions to None, run_after=None
[2024-07-01T18:06:55.809+0530] {logging_mixin.py:188} INFO - [2024-07-01T18:06:55.809+0530] {dag.py:3954} INFO - Setting next_dagrun for dataset_consumes_1 to None, run_after=None
[2024-07-01T18:06:55.809+0530] {logging_mixin.py:188} INFO - [2024-07-01T18:06:55.809+0530] {dag.py:3954} INFO - Setting next_dagrun for dataset_consumes_1_and_2 to None, run_after=None
[2024-07-01T18:06:55.809+0530] {logging_mixin.py:188} INFO - [2024-07-01T18:06:55.809+0530] {dag.py:3954} INFO - Setting next_dagrun for dataset_consumes_1_never_scheduled to None, run_after=None
[2024-07-01T18:06:55.810+0530] {logging_mixin.py:188} INFO - [2024-07-01T18:06:55.810+0530] {dag.py:3954} INFO - Setting next_dagrun for dataset_consumes_unknown_never_scheduled to None, run_after=None
[2024-07-01T18:06:55.810+0530] {logging_mixin.py:188} INFO - [2024-07-01T18:06:55.810+0530] {dag.py:3954} INFO - Setting next_dagrun for dataset_produces_1 to 2024-06-30 00:00:00+00:00, run_after=2024-07-01 00:00:00+00:00
[2024-07-01T18:06:55.811+0530] {logging_mixin.py:188} INFO - [2024-07-01T18:06:55.811+0530] {dag.py:3954} INFO - Setting next_dagrun for dataset_produces_2 to None, run_after=None
[2024-07-01T18:06:55.823+0530] {processor.py:183} INFO - Processing /home/bharat/.local/lib/python3.11/site-packages/airflow/example_dags/example_datasets.py took 0.063 seconds
[2024-07-01T18:08:06.875+0530] {processor.py:161} INFO - Started process (PID=14229) to work on /home/bharat/.local/lib/python3.11/site-packages/airflow/example_dags/example_datasets.py
[2024-07-01T18:08:06.876+0530] {processor.py:830} INFO - Processing file /home/bharat/.local/lib/python3.11/site-packages/airflow/example_dags/example_datasets.py for tasks to queue
[2024-07-01T18:08:06.877+0530] {logging_mixin.py:188} INFO - [2024-07-01T18:08:06.876+0530] {dagbag.py:545} INFO - Filling up the DagBag from /home/bharat/.local/lib/python3.11/site-packages/airflow/example_dags/example_datasets.py
[2024-07-01T18:08:06.886+0530] {processor.py:840} INFO - DAG(s) 'conditional_dataset_and_time_based_timetable', 'consume_1_or_both_2_and_3_with_dataset_expressions', 'dataset_consumes_1_never_scheduled', 'dataset_produces_1', 'dataset_consumes_1_and_2', 'dataset_produces_2', 'dataset_consumes_1', 'consume_1_or_2_with_dataset_expressions', 'dataset_consumes_unknown_never_scheduled', 'consume_1_and_2_with_dataset_expressions' retrieved from /home/bharat/.local/lib/python3.11/site-packages/airflow/example_dags/example_datasets.py
[2024-07-01T18:08:06.900+0530] {logging_mixin.py:188} INFO - [2024-07-01T18:08:06.900+0530] {dag.py:3096} INFO - Sync 10 DAGs
[2024-07-01T18:08:06.909+0530] {logging_mixin.py:188} INFO - [2024-07-01T18:08:06.908+0530] {dag.py:3954} INFO - Setting next_dagrun for conditional_dataset_and_time_based_timetable to 2024-06-26 01:00:00+00:00, run_after=2024-06-26 01:00:00+00:00
[2024-07-01T18:08:06.910+0530] {logging_mixin.py:188} INFO - [2024-07-01T18:08:06.910+0530] {dag.py:3954} INFO - Setting next_dagrun for consume_1_and_2_with_dataset_expressions to None, run_after=None
[2024-07-01T18:08:06.910+0530] {logging_mixin.py:188} INFO - [2024-07-01T18:08:06.910+0530] {dag.py:3954} INFO - Setting next_dagrun for consume_1_or_2_with_dataset_expressions to None, run_after=None
[2024-07-01T18:08:06.911+0530] {logging_mixin.py:188} INFO - [2024-07-01T18:08:06.910+0530] {dag.py:3954} INFO - Setting next_dagrun for consume_1_or_both_2_and_3_with_dataset_expressions to None, run_after=None
[2024-07-01T18:08:06.911+0530] {logging_mixin.py:188} INFO - [2024-07-01T18:08:06.911+0530] {dag.py:3954} INFO - Setting next_dagrun for dataset_consumes_1 to None, run_after=None
[2024-07-01T18:08:06.911+0530] {logging_mixin.py:188} INFO - [2024-07-01T18:08:06.911+0530] {dag.py:3954} INFO - Setting next_dagrun for dataset_consumes_1_and_2 to None, run_after=None
[2024-07-01T18:08:06.912+0530] {logging_mixin.py:188} INFO - [2024-07-01T18:08:06.912+0530] {dag.py:3954} INFO - Setting next_dagrun for dataset_consumes_1_never_scheduled to None, run_after=None
[2024-07-01T18:08:06.912+0530] {logging_mixin.py:188} INFO - [2024-07-01T18:08:06.912+0530] {dag.py:3954} INFO - Setting next_dagrun for dataset_consumes_unknown_never_scheduled to None, run_after=None
[2024-07-01T18:08:06.913+0530] {logging_mixin.py:188} INFO - [2024-07-01T18:08:06.913+0530] {dag.py:3954} INFO - Setting next_dagrun for dataset_produces_1 to 2024-06-30 00:00:00+00:00, run_after=2024-07-01 00:00:00+00:00
[2024-07-01T18:08:06.913+0530] {logging_mixin.py:188} INFO - [2024-07-01T18:08:06.913+0530] {dag.py:3954} INFO - Setting next_dagrun for dataset_produces_2 to None, run_after=None
[2024-07-01T18:08:06.926+0530] {processor.py:183} INFO - Processing /home/bharat/.local/lib/python3.11/site-packages/airflow/example_dags/example_datasets.py took 0.056 seconds
[2024-07-01T18:09:01.128+0530] {processor.py:161} INFO - Started process (PID=14340) to work on /home/bharat/.local/lib/python3.11/site-packages/airflow/example_dags/example_datasets.py
[2024-07-01T18:09:01.129+0530] {processor.py:830} INFO - Processing file /home/bharat/.local/lib/python3.11/site-packages/airflow/example_dags/example_datasets.py for tasks to queue
[2024-07-01T18:09:01.129+0530] {logging_mixin.py:188} INFO - [2024-07-01T18:09:01.129+0530] {dagbag.py:545} INFO - Filling up the DagBag from /home/bharat/.local/lib/python3.11/site-packages/airflow/example_dags/example_datasets.py
[2024-07-01T18:09:01.136+0530] {processor.py:840} INFO - DAG(s) 'dataset_produces_1', 'consume_1_and_2_with_dataset_expressions', 'consume_1_or_2_with_dataset_expressions', 'dataset_consumes_1_and_2', 'dataset_produces_2', 'conditional_dataset_and_time_based_timetable', 'dataset_consumes_unknown_never_scheduled', 'consume_1_or_both_2_and_3_with_dataset_expressions', 'dataset_consumes_1', 'dataset_consumes_1_never_scheduled' retrieved from /home/bharat/.local/lib/python3.11/site-packages/airflow/example_dags/example_datasets.py
[2024-07-01T18:09:01.151+0530] {logging_mixin.py:188} INFO - [2024-07-01T18:09:01.151+0530] {dag.py:3096} INFO - Sync 10 DAGs
[2024-07-01T18:09:01.160+0530] {logging_mixin.py:188} INFO - [2024-07-01T18:09:01.160+0530] {dag.py:3954} INFO - Setting next_dagrun for conditional_dataset_and_time_based_timetable to 2024-06-26 01:00:00+00:00, run_after=2024-06-26 01:00:00+00:00
[2024-07-01T18:09:01.161+0530] {logging_mixin.py:188} INFO - [2024-07-01T18:09:01.161+0530] {dag.py:3954} INFO - Setting next_dagrun for consume_1_and_2_with_dataset_expressions to None, run_after=None
[2024-07-01T18:09:01.162+0530] {logging_mixin.py:188} INFO - [2024-07-01T18:09:01.162+0530] {dag.py:3954} INFO - Setting next_dagrun for consume_1_or_2_with_dataset_expressions to None, run_after=None
[2024-07-01T18:09:01.162+0530] {logging_mixin.py:188} INFO - [2024-07-01T18:09:01.162+0530] {dag.py:3954} INFO - Setting next_dagrun for consume_1_or_both_2_and_3_with_dataset_expressions to None, run_after=None
[2024-07-01T18:09:01.163+0530] {logging_mixin.py:188} INFO - [2024-07-01T18:09:01.163+0530] {dag.py:3954} INFO - Setting next_dagrun for dataset_consumes_1 to None, run_after=None
[2024-07-01T18:09:01.163+0530] {logging_mixin.py:188} INFO - [2024-07-01T18:09:01.163+0530] {dag.py:3954} INFO - Setting next_dagrun for dataset_consumes_1_and_2 to None, run_after=None
[2024-07-01T18:09:01.163+0530] {logging_mixin.py:188} INFO - [2024-07-01T18:09:01.163+0530] {dag.py:3954} INFO - Setting next_dagrun for dataset_consumes_1_never_scheduled to None, run_after=None
[2024-07-01T18:09:01.164+0530] {logging_mixin.py:188} INFO - [2024-07-01T18:09:01.164+0530] {dag.py:3954} INFO - Setting next_dagrun for dataset_consumes_unknown_never_scheduled to None, run_after=None
[2024-07-01T18:09:01.164+0530] {logging_mixin.py:188} INFO - [2024-07-01T18:09:01.164+0530] {dag.py:3954} INFO - Setting next_dagrun for dataset_produces_1 to 2024-06-30 00:00:00+00:00, run_after=2024-07-01 00:00:00+00:00
[2024-07-01T18:09:01.165+0530] {logging_mixin.py:188} INFO - [2024-07-01T18:09:01.165+0530] {dag.py:3954} INFO - Setting next_dagrun for dataset_produces_2 to None, run_after=None
[2024-07-01T18:09:01.177+0530] {processor.py:183} INFO - Processing /home/bharat/.local/lib/python3.11/site-packages/airflow/example_dags/example_datasets.py took 0.052 seconds
[2024-07-01T18:09:56.070+0530] {processor.py:161} INFO - Started process (PID=14473) to work on /home/bharat/.local/lib/python3.11/site-packages/airflow/example_dags/example_datasets.py
[2024-07-01T18:09:56.070+0530] {processor.py:830} INFO - Processing file /home/bharat/.local/lib/python3.11/site-packages/airflow/example_dags/example_datasets.py for tasks to queue
[2024-07-01T18:09:56.071+0530] {logging_mixin.py:188} INFO - [2024-07-01T18:09:56.071+0530] {dagbag.py:545} INFO - Filling up the DagBag from /home/bharat/.local/lib/python3.11/site-packages/airflow/example_dags/example_datasets.py
[2024-07-01T18:09:56.081+0530] {processor.py:840} INFO - DAG(s) 'dataset_consumes_1_and_2', 'dataset_consumes_1', 'consume_1_and_2_with_dataset_expressions', 'dataset_consumes_1_never_scheduled', 'dataset_produces_1', 'dataset_produces_2', 'consume_1_or_2_with_dataset_expressions', 'conditional_dataset_and_time_based_timetable', 'consume_1_or_both_2_and_3_with_dataset_expressions', 'dataset_consumes_unknown_never_scheduled' retrieved from /home/bharat/.local/lib/python3.11/site-packages/airflow/example_dags/example_datasets.py
[2024-07-01T18:09:56.096+0530] {logging_mixin.py:188} INFO - [2024-07-01T18:09:56.096+0530] {dag.py:3096} INFO - Sync 10 DAGs
[2024-07-01T18:09:56.104+0530] {logging_mixin.py:188} INFO - [2024-07-01T18:09:56.104+0530] {dag.py:3954} INFO - Setting next_dagrun for conditional_dataset_and_time_based_timetable to 2024-06-26 01:00:00+00:00, run_after=2024-06-26 01:00:00+00:00
[2024-07-01T18:09:56.105+0530] {logging_mixin.py:188} INFO - [2024-07-01T18:09:56.105+0530] {dag.py:3954} INFO - Setting next_dagrun for consume_1_and_2_with_dataset_expressions to None, run_after=None
[2024-07-01T18:09:56.106+0530] {logging_mixin.py:188} INFO - [2024-07-01T18:09:56.106+0530] {dag.py:3954} INFO - Setting next_dagrun for consume_1_or_2_with_dataset_expressions to None, run_after=None
[2024-07-01T18:09:56.106+0530] {logging_mixin.py:188} INFO - [2024-07-01T18:09:56.106+0530] {dag.py:3954} INFO - Setting next_dagrun for consume_1_or_both_2_and_3_with_dataset_expressions to None, run_after=None
[2024-07-01T18:09:56.106+0530] {logging_mixin.py:188} INFO - [2024-07-01T18:09:56.106+0530] {dag.py:3954} INFO - Setting next_dagrun for dataset_consumes_1 to None, run_after=None
[2024-07-01T18:09:56.107+0530] {logging_mixin.py:188} INFO - [2024-07-01T18:09:56.107+0530] {dag.py:3954} INFO - Setting next_dagrun for dataset_consumes_1_and_2 to None, run_after=None
[2024-07-01T18:09:56.107+0530] {logging_mixin.py:188} INFO - [2024-07-01T18:09:56.107+0530] {dag.py:3954} INFO - Setting next_dagrun for dataset_consumes_1_never_scheduled to None, run_after=None
[2024-07-01T18:09:56.107+0530] {logging_mixin.py:188} INFO - [2024-07-01T18:09:56.107+0530] {dag.py:3954} INFO - Setting next_dagrun for dataset_consumes_unknown_never_scheduled to None, run_after=None
[2024-07-01T18:09:56.108+0530] {logging_mixin.py:188} INFO - [2024-07-01T18:09:56.108+0530] {dag.py:3954} INFO - Setting next_dagrun for dataset_produces_1 to 2024-06-30 00:00:00+00:00, run_after=2024-07-01 00:00:00+00:00
[2024-07-01T18:09:56.109+0530] {logging_mixin.py:188} INFO - [2024-07-01T18:09:56.108+0530] {dag.py:3954} INFO - Setting next_dagrun for dataset_produces_2 to None, run_after=None
[2024-07-01T18:09:56.121+0530] {processor.py:183} INFO - Processing /home/bharat/.local/lib/python3.11/site-packages/airflow/example_dags/example_datasets.py took 0.055 seconds
[2024-07-01T18:11:09.765+0530] {processor.py:161} INFO - Started process (PID=14607) to work on /home/bharat/.local/lib/python3.11/site-packages/airflow/example_dags/example_datasets.py
[2024-07-01T18:11:09.766+0530] {processor.py:830} INFO - Processing file /home/bharat/.local/lib/python3.11/site-packages/airflow/example_dags/example_datasets.py for tasks to queue
[2024-07-01T18:11:09.767+0530] {logging_mixin.py:188} INFO - [2024-07-01T18:11:09.767+0530] {dagbag.py:545} INFO - Filling up the DagBag from /home/bharat/.local/lib/python3.11/site-packages/airflow/example_dags/example_datasets.py
[2024-07-01T18:11:09.774+0530] {processor.py:840} INFO - DAG(s) 'dataset_consumes_1_and_2', 'conditional_dataset_and_time_based_timetable', 'consume_1_or_both_2_and_3_with_dataset_expressions', 'dataset_produces_1', 'consume_1_and_2_with_dataset_expressions', 'dataset_consumes_unknown_never_scheduled', 'dataset_consumes_1', 'dataset_produces_2', 'consume_1_or_2_with_dataset_expressions', 'dataset_consumes_1_never_scheduled' retrieved from /home/bharat/.local/lib/python3.11/site-packages/airflow/example_dags/example_datasets.py
[2024-07-01T18:11:09.788+0530] {logging_mixin.py:188} INFO - [2024-07-01T18:11:09.788+0530] {dag.py:3096} INFO - Sync 10 DAGs
[2024-07-01T18:11:09.797+0530] {logging_mixin.py:188} INFO - [2024-07-01T18:11:09.797+0530] {dag.py:3954} INFO - Setting next_dagrun for conditional_dataset_and_time_based_timetable to 2024-06-26 01:00:00+00:00, run_after=2024-06-26 01:00:00+00:00
[2024-07-01T18:11:09.798+0530] {logging_mixin.py:188} INFO - [2024-07-01T18:11:09.798+0530] {dag.py:3954} INFO - Setting next_dagrun for consume_1_and_2_with_dataset_expressions to None, run_after=None
[2024-07-01T18:11:09.798+0530] {logging_mixin.py:188} INFO - [2024-07-01T18:11:09.798+0530] {dag.py:3954} INFO - Setting next_dagrun for consume_1_or_2_with_dataset_expressions to None, run_after=None
[2024-07-01T18:11:09.799+0530] {logging_mixin.py:188} INFO - [2024-07-01T18:11:09.798+0530] {dag.py:3954} INFO - Setting next_dagrun for consume_1_or_both_2_and_3_with_dataset_expressions to None, run_after=None
[2024-07-01T18:11:09.799+0530] {logging_mixin.py:188} INFO - [2024-07-01T18:11:09.799+0530] {dag.py:3954} INFO - Setting next_dagrun for dataset_consumes_1 to None, run_after=None
[2024-07-01T18:11:09.800+0530] {logging_mixin.py:188} INFO - [2024-07-01T18:11:09.800+0530] {dag.py:3954} INFO - Setting next_dagrun for dataset_consumes_1_and_2 to None, run_after=None
[2024-07-01T18:11:09.800+0530] {logging_mixin.py:188} INFO - [2024-07-01T18:11:09.800+0530] {dag.py:3954} INFO - Setting next_dagrun for dataset_consumes_1_never_scheduled to None, run_after=None
[2024-07-01T18:11:09.800+0530] {logging_mixin.py:188} INFO - [2024-07-01T18:11:09.800+0530] {dag.py:3954} INFO - Setting next_dagrun for dataset_consumes_unknown_never_scheduled to None, run_after=None
[2024-07-01T18:11:09.801+0530] {logging_mixin.py:188} INFO - [2024-07-01T18:11:09.801+0530] {dag.py:3954} INFO - Setting next_dagrun for dataset_produces_1 to 2024-06-30 00:00:00+00:00, run_after=2024-07-01 00:00:00+00:00
[2024-07-01T18:11:09.802+0530] {logging_mixin.py:188} INFO - [2024-07-01T18:11:09.801+0530] {dag.py:3954} INFO - Setting next_dagrun for dataset_produces_2 to None, run_after=None
[2024-07-01T18:11:09.814+0530] {processor.py:183} INFO - Processing /home/bharat/.local/lib/python3.11/site-packages/airflow/example_dags/example_datasets.py took 0.057 seconds
[2024-07-01T18:12:04.597+0530] {processor.py:161} INFO - Started process (PID=14748) to work on /home/bharat/.local/lib/python3.11/site-packages/airflow/example_dags/example_datasets.py
[2024-07-01T18:12:04.598+0530] {processor.py:830} INFO - Processing file /home/bharat/.local/lib/python3.11/site-packages/airflow/example_dags/example_datasets.py for tasks to queue
[2024-07-01T18:12:04.599+0530] {logging_mixin.py:188} INFO - [2024-07-01T18:12:04.598+0530] {dagbag.py:545} INFO - Filling up the DagBag from /home/bharat/.local/lib/python3.11/site-packages/airflow/example_dags/example_datasets.py
[2024-07-01T18:12:04.605+0530] {processor.py:840} INFO - DAG(s) 'dataset_consumes_unknown_never_scheduled', 'consume_1_or_2_with_dataset_expressions', 'dataset_consumes_1_never_scheduled', 'dataset_produces_1', 'conditional_dataset_and_time_based_timetable', 'consume_1_and_2_with_dataset_expressions', 'consume_1_or_both_2_and_3_with_dataset_expressions', 'dataset_consumes_1', 'dataset_consumes_1_and_2', 'dataset_produces_2' retrieved from /home/bharat/.local/lib/python3.11/site-packages/airflow/example_dags/example_datasets.py
[2024-07-01T18:12:04.619+0530] {logging_mixin.py:188} INFO - [2024-07-01T18:12:04.619+0530] {dag.py:3096} INFO - Sync 10 DAGs
[2024-07-01T18:12:04.627+0530] {logging_mixin.py:188} INFO - [2024-07-01T18:12:04.627+0530] {dag.py:3954} INFO - Setting next_dagrun for conditional_dataset_and_time_based_timetable to 2024-06-26 01:00:00+00:00, run_after=2024-06-26 01:00:00+00:00
[2024-07-01T18:12:04.629+0530] {logging_mixin.py:188} INFO - [2024-07-01T18:12:04.628+0530] {dag.py:3954} INFO - Setting next_dagrun for consume_1_and_2_with_dataset_expressions to None, run_after=None
[2024-07-01T18:12:04.629+0530] {logging_mixin.py:188} INFO - [2024-07-01T18:12:04.629+0530] {dag.py:3954} INFO - Setting next_dagrun for consume_1_or_2_with_dataset_expressions to None, run_after=None
[2024-07-01T18:12:04.629+0530] {logging_mixin.py:188} INFO - [2024-07-01T18:12:04.629+0530] {dag.py:3954} INFO - Setting next_dagrun for consume_1_or_both_2_and_3_with_dataset_expressions to None, run_after=None
[2024-07-01T18:12:04.630+0530] {logging_mixin.py:188} INFO - [2024-07-01T18:12:04.630+0530] {dag.py:3954} INFO - Setting next_dagrun for dataset_consumes_1 to None, run_after=None
[2024-07-01T18:12:04.630+0530] {logging_mixin.py:188} INFO - [2024-07-01T18:12:04.630+0530] {dag.py:3954} INFO - Setting next_dagrun for dataset_consumes_1_and_2 to None, run_after=None
[2024-07-01T18:12:04.630+0530] {logging_mixin.py:188} INFO - [2024-07-01T18:12:04.630+0530] {dag.py:3954} INFO - Setting next_dagrun for dataset_consumes_1_never_scheduled to None, run_after=None
[2024-07-01T18:12:04.631+0530] {logging_mixin.py:188} INFO - [2024-07-01T18:12:04.630+0530] {dag.py:3954} INFO - Setting next_dagrun for dataset_consumes_unknown_never_scheduled to None, run_after=None
[2024-07-01T18:12:04.631+0530] {logging_mixin.py:188} INFO - [2024-07-01T18:12:04.631+0530] {dag.py:3954} INFO - Setting next_dagrun for dataset_produces_1 to 2024-06-30 00:00:00+00:00, run_after=2024-07-01 00:00:00+00:00
[2024-07-01T18:12:04.632+0530] {logging_mixin.py:188} INFO - [2024-07-01T18:12:04.632+0530] {dag.py:3954} INFO - Setting next_dagrun for dataset_produces_2 to None, run_after=None
[2024-07-01T18:12:04.644+0530] {processor.py:183} INFO - Processing /home/bharat/.local/lib/python3.11/site-packages/airflow/example_dags/example_datasets.py took 0.053 seconds
