[2024-07-01T17:48:15.291+0530] {processor.py:161} INFO - Started process (PID=10917) to work on /home/bharat/.local/lib/python3.11/site-packages/airflow/example_dags/example_xcomargs.py
[2024-07-01T17:48:15.291+0530] {processor.py:830} INFO - Processing file /home/bharat/.local/lib/python3.11/site-packages/airflow/example_dags/example_xcomargs.py for tasks to queue
[2024-07-01T17:48:15.292+0530] {logging_mixin.py:188} INFO - [2024-07-01T17:48:15.292+0530] {dagbag.py:545} INFO - Filling up the DagBag from /home/bharat/.local/lib/python3.11/site-packages/airflow/example_dags/example_xcomargs.py
[2024-07-01T17:48:15.296+0530] {processor.py:840} INFO - DAG(s) 'example_xcom_args', 'example_xcom_args_with_operators' retrieved from /home/bharat/.local/lib/python3.11/site-packages/airflow/example_dags/example_xcomargs.py
[2024-07-01T17:48:15.336+0530] {logging_mixin.py:188} INFO - [2024-07-01T17:48:15.336+0530] {dag.py:3096} INFO - Sync 2 DAGs
[2024-07-01T17:48:15.340+0530] {logging_mixin.py:188} INFO - [2024-07-01T17:48:15.340+0530] {dag.py:3954} INFO - Setting next_dagrun for example_xcom_args to None, run_after=None
[2024-07-01T17:48:15.341+0530] {logging_mixin.py:188} INFO - [2024-07-01T17:48:15.341+0530] {dag.py:3954} INFO - Setting next_dagrun for example_xcom_args_with_operators to None, run_after=None
[2024-07-01T17:48:15.350+0530] {processor.py:183} INFO - Processing /home/bharat/.local/lib/python3.11/site-packages/airflow/example_dags/example_xcomargs.py took 0.061 seconds
[2024-07-01T17:49:22.584+0530] {processor.py:161} INFO - Started process (PID=11365) to work on /home/bharat/.local/lib/python3.11/site-packages/airflow/example_dags/example_xcomargs.py
[2024-07-01T17:49:22.585+0530] {processor.py:830} INFO - Processing file /home/bharat/.local/lib/python3.11/site-packages/airflow/example_dags/example_xcomargs.py for tasks to queue
[2024-07-01T17:49:22.586+0530] {logging_mixin.py:188} INFO - [2024-07-01T17:49:22.586+0530] {dagbag.py:545} INFO - Filling up the DagBag from /home/bharat/.local/lib/python3.11/site-packages/airflow/example_dags/example_xcomargs.py
[2024-07-01T17:49:22.589+0530] {processor.py:840} INFO - DAG(s) 'example_xcom_args_with_operators', 'example_xcom_args' retrieved from /home/bharat/.local/lib/python3.11/site-packages/airflow/example_dags/example_xcomargs.py
[2024-07-01T17:49:22.596+0530] {logging_mixin.py:188} INFO - [2024-07-01T17:49:22.596+0530] {dag.py:3096} INFO - Sync 2 DAGs
[2024-07-01T17:49:22.646+0530] {logging_mixin.py:188} INFO - [2024-07-01T17:49:22.646+0530] {dag.py:3954} INFO - Setting next_dagrun for example_xcom_args to None, run_after=None
[2024-07-01T17:49:22.648+0530] {logging_mixin.py:188} INFO - [2024-07-01T17:49:22.648+0530] {dag.py:3954} INFO - Setting next_dagrun for example_xcom_args_with_operators to None, run_after=None
[2024-07-01T17:49:22.656+0530] {processor.py:183} INFO - Processing /home/bharat/.local/lib/python3.11/site-packages/airflow/example_dags/example_xcomargs.py took 0.074 seconds
[2024-07-01T17:50:17.972+0530] {processor.py:161} INFO - Started process (PID=11444) to work on /home/bharat/.local/lib/python3.11/site-packages/airflow/example_dags/example_xcomargs.py
[2024-07-01T17:50:17.972+0530] {processor.py:830} INFO - Processing file /home/bharat/.local/lib/python3.11/site-packages/airflow/example_dags/example_xcomargs.py for tasks to queue
[2024-07-01T17:50:17.973+0530] {logging_mixin.py:188} INFO - [2024-07-01T17:50:17.973+0530] {dagbag.py:545} INFO - Filling up the DagBag from /home/bharat/.local/lib/python3.11/site-packages/airflow/example_dags/example_xcomargs.py
[2024-07-01T17:50:17.977+0530] {processor.py:840} INFO - DAG(s) 'example_xcom_args_with_operators', 'example_xcom_args' retrieved from /home/bharat/.local/lib/python3.11/site-packages/airflow/example_dags/example_xcomargs.py
[2024-07-01T17:50:17.983+0530] {logging_mixin.py:188} INFO - [2024-07-01T17:50:17.983+0530] {dag.py:3096} INFO - Sync 2 DAGs
[2024-07-01T17:50:17.988+0530] {logging_mixin.py:188} INFO - [2024-07-01T17:50:17.988+0530] {dag.py:3954} INFO - Setting next_dagrun for example_xcom_args to None, run_after=None
[2024-07-01T17:50:17.989+0530] {logging_mixin.py:188} INFO - [2024-07-01T17:50:17.989+0530] {dag.py:3954} INFO - Setting next_dagrun for example_xcom_args_with_operators to None, run_after=None
[2024-07-01T17:50:17.998+0530] {processor.py:183} INFO - Processing /home/bharat/.local/lib/python3.11/site-packages/airflow/example_dags/example_xcomargs.py took 0.030 seconds
[2024-07-01T17:51:08.355+0530] {processor.py:161} INFO - Started process (PID=11525) to work on /home/bharat/.local/lib/python3.11/site-packages/airflow/example_dags/example_xcomargs.py
[2024-07-01T17:51:08.355+0530] {processor.py:830} INFO - Processing file /home/bharat/.local/lib/python3.11/site-packages/airflow/example_dags/example_xcomargs.py for tasks to queue
[2024-07-01T17:51:08.356+0530] {logging_mixin.py:188} INFO - [2024-07-01T17:51:08.356+0530] {dagbag.py:545} INFO - Filling up the DagBag from /home/bharat/.local/lib/python3.11/site-packages/airflow/example_dags/example_xcomargs.py
[2024-07-01T17:51:08.360+0530] {processor.py:840} INFO - DAG(s) 'example_xcom_args_with_operators', 'example_xcom_args' retrieved from /home/bharat/.local/lib/python3.11/site-packages/airflow/example_dags/example_xcomargs.py
[2024-07-01T17:51:08.367+0530] {logging_mixin.py:188} INFO - [2024-07-01T17:51:08.367+0530] {dag.py:3096} INFO - Sync 2 DAGs
[2024-07-01T17:51:08.372+0530] {logging_mixin.py:188} INFO - [2024-07-01T17:51:08.372+0530] {dag.py:3954} INFO - Setting next_dagrun for example_xcom_args to None, run_after=None
[2024-07-01T17:51:08.373+0530] {logging_mixin.py:188} INFO - [2024-07-01T17:51:08.373+0530] {dag.py:3954} INFO - Setting next_dagrun for example_xcom_args_with_operators to None, run_after=None
[2024-07-01T17:51:08.382+0530] {processor.py:183} INFO - Processing /home/bharat/.local/lib/python3.11/site-packages/airflow/example_dags/example_xcomargs.py took 0.033 seconds
[2024-07-01T17:52:20.122+0530] {processor.py:161} INFO - Started process (PID=12026) to work on /home/bharat/.local/lib/python3.11/site-packages/airflow/example_dags/example_xcomargs.py
[2024-07-01T17:52:20.122+0530] {processor.py:830} INFO - Processing file /home/bharat/.local/lib/python3.11/site-packages/airflow/example_dags/example_xcomargs.py for tasks to queue
[2024-07-01T17:52:20.124+0530] {logging_mixin.py:188} INFO - [2024-07-01T17:52:20.123+0530] {dagbag.py:545} INFO - Filling up the DagBag from /home/bharat/.local/lib/python3.11/site-packages/airflow/example_dags/example_xcomargs.py
[2024-07-01T17:52:20.133+0530] {processor.py:840} INFO - DAG(s) 'example_xcom_args_with_operators', 'example_xcom_args' retrieved from /home/bharat/.local/lib/python3.11/site-packages/airflow/example_dags/example_xcomargs.py
[2024-07-01T17:52:20.145+0530] {logging_mixin.py:188} INFO - [2024-07-01T17:52:20.145+0530] {dag.py:3096} INFO - Sync 2 DAGs
[2024-07-01T17:52:20.149+0530] {logging_mixin.py:188} INFO - [2024-07-01T17:52:20.149+0530] {dag.py:3954} INFO - Setting next_dagrun for example_xcom_args to None, run_after=None
[2024-07-01T17:52:20.151+0530] {logging_mixin.py:188} INFO - [2024-07-01T17:52:20.151+0530] {dag.py:3954} INFO - Setting next_dagrun for example_xcom_args_with_operators to None, run_after=None
[2024-07-01T17:52:20.159+0530] {processor.py:183} INFO - Processing /home/bharat/.local/lib/python3.11/site-packages/airflow/example_dags/example_xcomargs.py took 0.043 seconds
[2024-07-01T17:53:15.693+0530] {processor.py:161} INFO - Started process (PID=12132) to work on /home/bharat/.local/lib/python3.11/site-packages/airflow/example_dags/example_xcomargs.py
[2024-07-01T17:53:15.694+0530] {processor.py:830} INFO - Processing file /home/bharat/.local/lib/python3.11/site-packages/airflow/example_dags/example_xcomargs.py for tasks to queue
[2024-07-01T17:53:15.695+0530] {logging_mixin.py:188} INFO - [2024-07-01T17:53:15.695+0530] {dagbag.py:545} INFO - Filling up the DagBag from /home/bharat/.local/lib/python3.11/site-packages/airflow/example_dags/example_xcomargs.py
[2024-07-01T17:53:15.702+0530] {processor.py:840} INFO - DAG(s) 'example_xcom_args', 'example_xcom_args_with_operators' retrieved from /home/bharat/.local/lib/python3.11/site-packages/airflow/example_dags/example_xcomargs.py
[2024-07-01T17:53:15.709+0530] {logging_mixin.py:188} INFO - [2024-07-01T17:53:15.709+0530] {dag.py:3096} INFO - Sync 2 DAGs
[2024-07-01T17:53:15.714+0530] {logging_mixin.py:188} INFO - [2024-07-01T17:53:15.714+0530] {dag.py:3954} INFO - Setting next_dagrun for example_xcom_args to None, run_after=None
[2024-07-01T17:53:15.715+0530] {logging_mixin.py:188} INFO - [2024-07-01T17:53:15.715+0530] {dag.py:3954} INFO - Setting next_dagrun for example_xcom_args_with_operators to None, run_after=None
[2024-07-01T17:53:15.723+0530] {processor.py:183} INFO - Processing /home/bharat/.local/lib/python3.11/site-packages/airflow/example_dags/example_xcomargs.py took 0.036 seconds
[2024-07-01T17:54:23.411+0530] {processor.py:161} INFO - Started process (PID=12518) to work on /home/bharat/.local/lib/python3.11/site-packages/airflow/example_dags/example_xcomargs.py
[2024-07-01T17:54:23.412+0530] {processor.py:830} INFO - Processing file /home/bharat/.local/lib/python3.11/site-packages/airflow/example_dags/example_xcomargs.py for tasks to queue
[2024-07-01T17:54:23.412+0530] {logging_mixin.py:188} INFO - [2024-07-01T17:54:23.412+0530] {dagbag.py:545} INFO - Filling up the DagBag from /home/bharat/.local/lib/python3.11/site-packages/airflow/example_dags/example_xcomargs.py
[2024-07-01T17:54:23.416+0530] {processor.py:840} INFO - DAG(s) 'example_xcom_args', 'example_xcom_args_with_operators' retrieved from /home/bharat/.local/lib/python3.11/site-packages/airflow/example_dags/example_xcomargs.py
[2024-07-01T17:54:23.423+0530] {logging_mixin.py:188} INFO - [2024-07-01T17:54:23.423+0530] {dag.py:3096} INFO - Sync 2 DAGs
[2024-07-01T17:54:23.427+0530] {logging_mixin.py:188} INFO - [2024-07-01T17:54:23.427+0530] {dag.py:3954} INFO - Setting next_dagrun for example_xcom_args to None, run_after=None
[2024-07-01T17:54:23.429+0530] {logging_mixin.py:188} INFO - [2024-07-01T17:54:23.429+0530] {dag.py:3954} INFO - Setting next_dagrun for example_xcom_args_with_operators to None, run_after=None
[2024-07-01T17:54:23.438+0530] {processor.py:183} INFO - Processing /home/bharat/.local/lib/python3.11/site-packages/airflow/example_dags/example_xcomargs.py took 0.032 seconds
[2024-07-01T17:55:19.914+0530] {processor.py:161} INFO - Started process (PID=12605) to work on /home/bharat/.local/lib/python3.11/site-packages/airflow/example_dags/example_xcomargs.py
[2024-07-01T17:55:19.915+0530] {processor.py:830} INFO - Processing file /home/bharat/.local/lib/python3.11/site-packages/airflow/example_dags/example_xcomargs.py for tasks to queue
[2024-07-01T17:55:19.916+0530] {logging_mixin.py:188} INFO - [2024-07-01T17:55:19.916+0530] {dagbag.py:545} INFO - Filling up the DagBag from /home/bharat/.local/lib/python3.11/site-packages/airflow/example_dags/example_xcomargs.py
[2024-07-01T17:55:19.920+0530] {processor.py:840} INFO - DAG(s) 'example_xcom_args', 'example_xcom_args_with_operators' retrieved from /home/bharat/.local/lib/python3.11/site-packages/airflow/example_dags/example_xcomargs.py
[2024-07-01T17:55:19.927+0530] {logging_mixin.py:188} INFO - [2024-07-01T17:55:19.927+0530] {dag.py:3096} INFO - Sync 2 DAGs
[2024-07-01T17:55:19.931+0530] {logging_mixin.py:188} INFO - [2024-07-01T17:55:19.931+0530] {dag.py:3954} INFO - Setting next_dagrun for example_xcom_args to None, run_after=None
[2024-07-01T17:55:19.933+0530] {logging_mixin.py:188} INFO - [2024-07-01T17:55:19.932+0530] {dag.py:3954} INFO - Setting next_dagrun for example_xcom_args_with_operators to None, run_after=None
[2024-07-01T17:55:19.941+0530] {processor.py:183} INFO - Processing /home/bharat/.local/lib/python3.11/site-packages/airflow/example_dags/example_xcomargs.py took 0.032 seconds
[2024-07-01T17:56:09.488+0530] {processor.py:161} INFO - Started process (PID=12683) to work on /home/bharat/.local/lib/python3.11/site-packages/airflow/example_dags/example_xcomargs.py
[2024-07-01T17:56:09.489+0530] {processor.py:830} INFO - Processing file /home/bharat/.local/lib/python3.11/site-packages/airflow/example_dags/example_xcomargs.py for tasks to queue
[2024-07-01T17:56:09.490+0530] {logging_mixin.py:188} INFO - [2024-07-01T17:56:09.490+0530] {dagbag.py:545} INFO - Filling up the DagBag from /home/bharat/.local/lib/python3.11/site-packages/airflow/example_dags/example_xcomargs.py
[2024-07-01T17:56:09.497+0530] {processor.py:840} INFO - DAG(s) 'example_xcom_args_with_operators', 'example_xcom_args' retrieved from /home/bharat/.local/lib/python3.11/site-packages/airflow/example_dags/example_xcomargs.py
[2024-07-01T17:56:09.505+0530] {logging_mixin.py:188} INFO - [2024-07-01T17:56:09.505+0530] {dag.py:3096} INFO - Sync 2 DAGs
[2024-07-01T17:56:09.509+0530] {logging_mixin.py:188} INFO - [2024-07-01T17:56:09.509+0530] {dag.py:3954} INFO - Setting next_dagrun for example_xcom_args to None, run_after=None
[2024-07-01T17:56:09.511+0530] {logging_mixin.py:188} INFO - [2024-07-01T17:56:09.510+0530] {dag.py:3954} INFO - Setting next_dagrun for example_xcom_args_with_operators to None, run_after=None
[2024-07-01T17:56:09.519+0530] {processor.py:183} INFO - Processing /home/bharat/.local/lib/python3.11/site-packages/airflow/example_dags/example_xcomargs.py took 0.036 seconds
[2024-07-01T17:57:05.130+0530] {processor.py:161} INFO - Started process (PID=12758) to work on /home/bharat/.local/lib/python3.11/site-packages/airflow/example_dags/example_xcomargs.py
[2024-07-01T17:57:05.131+0530] {processor.py:830} INFO - Processing file /home/bharat/.local/lib/python3.11/site-packages/airflow/example_dags/example_xcomargs.py for tasks to queue
[2024-07-01T17:57:05.132+0530] {logging_mixin.py:188} INFO - [2024-07-01T17:57:05.132+0530] {dagbag.py:545} INFO - Filling up the DagBag from /home/bharat/.local/lib/python3.11/site-packages/airflow/example_dags/example_xcomargs.py
[2024-07-01T17:57:05.137+0530] {processor.py:840} INFO - DAG(s) 'example_xcom_args_with_operators', 'example_xcom_args' retrieved from /home/bharat/.local/lib/python3.11/site-packages/airflow/example_dags/example_xcomargs.py
[2024-07-01T17:57:05.144+0530] {logging_mixin.py:188} INFO - [2024-07-01T17:57:05.143+0530] {dag.py:3096} INFO - Sync 2 DAGs
[2024-07-01T17:57:05.148+0530] {logging_mixin.py:188} INFO - [2024-07-01T17:57:05.148+0530] {dag.py:3954} INFO - Setting next_dagrun for example_xcom_args to None, run_after=None
[2024-07-01T17:57:05.149+0530] {logging_mixin.py:188} INFO - [2024-07-01T17:57:05.149+0530] {dag.py:3954} INFO - Setting next_dagrun for example_xcom_args_with_operators to None, run_after=None
[2024-07-01T17:57:05.158+0530] {processor.py:183} INFO - Processing /home/bharat/.local/lib/python3.11/site-packages/airflow/example_dags/example_xcomargs.py took 0.033 seconds
[2024-07-01T17:57:57.207+0530] {processor.py:161} INFO - Started process (PID=12830) to work on /home/bharat/.local/lib/python3.11/site-packages/airflow/example_dags/example_xcomargs.py
[2024-07-01T17:57:57.207+0530] {processor.py:830} INFO - Processing file /home/bharat/.local/lib/python3.11/site-packages/airflow/example_dags/example_xcomargs.py for tasks to queue
[2024-07-01T17:57:57.208+0530] {logging_mixin.py:188} INFO - [2024-07-01T17:57:57.208+0530] {dagbag.py:545} INFO - Filling up the DagBag from /home/bharat/.local/lib/python3.11/site-packages/airflow/example_dags/example_xcomargs.py
[2024-07-01T17:57:57.211+0530] {processor.py:840} INFO - DAG(s) 'example_xcom_args_with_operators', 'example_xcom_args' retrieved from /home/bharat/.local/lib/python3.11/site-packages/airflow/example_dags/example_xcomargs.py
[2024-07-01T17:57:57.219+0530] {logging_mixin.py:188} INFO - [2024-07-01T17:57:57.218+0530] {dag.py:3096} INFO - Sync 2 DAGs
[2024-07-01T17:57:57.223+0530] {logging_mixin.py:188} INFO - [2024-07-01T17:57:57.223+0530] {dag.py:3954} INFO - Setting next_dagrun for example_xcom_args to None, run_after=None
[2024-07-01T17:57:57.224+0530] {logging_mixin.py:188} INFO - [2024-07-01T17:57:57.224+0530] {dag.py:3954} INFO - Setting next_dagrun for example_xcom_args_with_operators to None, run_after=None
[2024-07-01T17:57:57.233+0530] {processor.py:183} INFO - Processing /home/bharat/.local/lib/python3.11/site-packages/airflow/example_dags/example_xcomargs.py took 0.030 seconds
[2024-07-01T17:58:47.979+0530] {processor.py:161} INFO - Started process (PID=12930) to work on /home/bharat/.local/lib/python3.11/site-packages/airflow/example_dags/example_xcomargs.py
[2024-07-01T17:58:47.980+0530] {processor.py:830} INFO - Processing file /home/bharat/.local/lib/python3.11/site-packages/airflow/example_dags/example_xcomargs.py for tasks to queue
[2024-07-01T17:58:47.981+0530] {logging_mixin.py:188} INFO - [2024-07-01T17:58:47.981+0530] {dagbag.py:545} INFO - Filling up the DagBag from /home/bharat/.local/lib/python3.11/site-packages/airflow/example_dags/example_xcomargs.py
[2024-07-01T17:58:47.986+0530] {processor.py:840} INFO - DAG(s) 'example_xcom_args_with_operators', 'example_xcom_args' retrieved from /home/bharat/.local/lib/python3.11/site-packages/airflow/example_dags/example_xcomargs.py
[2024-07-01T17:58:47.993+0530] {logging_mixin.py:188} INFO - [2024-07-01T17:58:47.992+0530] {dag.py:3096} INFO - Sync 2 DAGs
[2024-07-01T17:58:47.997+0530] {logging_mixin.py:188} INFO - [2024-07-01T17:58:47.997+0530] {dag.py:3954} INFO - Setting next_dagrun for example_xcom_args to None, run_after=None
[2024-07-01T17:58:47.998+0530] {logging_mixin.py:188} INFO - [2024-07-01T17:58:47.998+0530] {dag.py:3954} INFO - Setting next_dagrun for example_xcom_args_with_operators to None, run_after=None
[2024-07-01T17:58:48.007+0530] {processor.py:183} INFO - Processing /home/bharat/.local/lib/python3.11/site-packages/airflow/example_dags/example_xcomargs.py took 0.035 seconds
[2024-07-01T17:59:39.855+0530] {processor.py:161} INFO - Started process (PID=13002) to work on /home/bharat/.local/lib/python3.11/site-packages/airflow/example_dags/example_xcomargs.py
[2024-07-01T17:59:39.855+0530] {processor.py:830} INFO - Processing file /home/bharat/.local/lib/python3.11/site-packages/airflow/example_dags/example_xcomargs.py for tasks to queue
[2024-07-01T17:59:39.856+0530] {logging_mixin.py:188} INFO - [2024-07-01T17:59:39.856+0530] {dagbag.py:545} INFO - Filling up the DagBag from /home/bharat/.local/lib/python3.11/site-packages/airflow/example_dags/example_xcomargs.py
[2024-07-01T17:59:39.859+0530] {processor.py:840} INFO - DAG(s) 'example_xcom_args_with_operators', 'example_xcom_args' retrieved from /home/bharat/.local/lib/python3.11/site-packages/airflow/example_dags/example_xcomargs.py
[2024-07-01T17:59:39.866+0530] {logging_mixin.py:188} INFO - [2024-07-01T17:59:39.866+0530] {dag.py:3096} INFO - Sync 2 DAGs
[2024-07-01T17:59:39.871+0530] {logging_mixin.py:188} INFO - [2024-07-01T17:59:39.871+0530] {dag.py:3954} INFO - Setting next_dagrun for example_xcom_args to None, run_after=None
[2024-07-01T17:59:39.872+0530] {logging_mixin.py:188} INFO - [2024-07-01T17:59:39.872+0530] {dag.py:3954} INFO - Setting next_dagrun for example_xcom_args_with_operators to None, run_after=None
[2024-07-01T17:59:39.880+0530] {processor.py:183} INFO - Processing /home/bharat/.local/lib/python3.11/site-packages/airflow/example_dags/example_xcomargs.py took 0.031 seconds
[2024-07-01T18:00:31.310+0530] {processor.py:161} INFO - Started process (PID=13080) to work on /home/bharat/.local/lib/python3.11/site-packages/airflow/example_dags/example_xcomargs.py
[2024-07-01T18:00:31.311+0530] {processor.py:830} INFO - Processing file /home/bharat/.local/lib/python3.11/site-packages/airflow/example_dags/example_xcomargs.py for tasks to queue
[2024-07-01T18:00:31.311+0530] {logging_mixin.py:188} INFO - [2024-07-01T18:00:31.311+0530] {dagbag.py:545} INFO - Filling up the DagBag from /home/bharat/.local/lib/python3.11/site-packages/airflow/example_dags/example_xcomargs.py
[2024-07-01T18:00:31.315+0530] {processor.py:840} INFO - DAG(s) 'example_xcom_args', 'example_xcom_args_with_operators' retrieved from /home/bharat/.local/lib/python3.11/site-packages/airflow/example_dags/example_xcomargs.py
[2024-07-01T18:00:31.322+0530] {logging_mixin.py:188} INFO - [2024-07-01T18:00:31.322+0530] {dag.py:3096} INFO - Sync 2 DAGs
[2024-07-01T18:00:31.326+0530] {logging_mixin.py:188} INFO - [2024-07-01T18:00:31.326+0530] {dag.py:3954} INFO - Setting next_dagrun for example_xcom_args to None, run_after=None
[2024-07-01T18:00:31.327+0530] {logging_mixin.py:188} INFO - [2024-07-01T18:00:31.327+0530] {dag.py:3954} INFO - Setting next_dagrun for example_xcom_args_with_operators to None, run_after=None
[2024-07-01T18:00:31.337+0530] {processor.py:183} INFO - Processing /home/bharat/.local/lib/python3.11/site-packages/airflow/example_dags/example_xcomargs.py took 0.032 seconds
[2024-07-01T18:01:22.795+0530] {processor.py:161} INFO - Started process (PID=13153) to work on /home/bharat/.local/lib/python3.11/site-packages/airflow/example_dags/example_xcomargs.py
[2024-07-01T18:01:22.796+0530] {processor.py:830} INFO - Processing file /home/bharat/.local/lib/python3.11/site-packages/airflow/example_dags/example_xcomargs.py for tasks to queue
[2024-07-01T18:01:22.797+0530] {logging_mixin.py:188} INFO - [2024-07-01T18:01:22.797+0530] {dagbag.py:545} INFO - Filling up the DagBag from /home/bharat/.local/lib/python3.11/site-packages/airflow/example_dags/example_xcomargs.py
[2024-07-01T18:01:22.804+0530] {processor.py:840} INFO - DAG(s) 'example_xcom_args', 'example_xcom_args_with_operators' retrieved from /home/bharat/.local/lib/python3.11/site-packages/airflow/example_dags/example_xcomargs.py
[2024-07-01T18:01:22.812+0530] {logging_mixin.py:188} INFO - [2024-07-01T18:01:22.812+0530] {dag.py:3096} INFO - Sync 2 DAGs
[2024-07-01T18:01:22.816+0530] {logging_mixin.py:188} INFO - [2024-07-01T18:01:22.816+0530] {dag.py:3954} INFO - Setting next_dagrun for example_xcom_args to None, run_after=None
[2024-07-01T18:01:22.818+0530] {logging_mixin.py:188} INFO - [2024-07-01T18:01:22.817+0530] {dag.py:3954} INFO - Setting next_dagrun for example_xcom_args_with_operators to None, run_after=None
[2024-07-01T18:01:22.828+0530] {processor.py:183} INFO - Processing /home/bharat/.local/lib/python3.11/site-packages/airflow/example_dags/example_xcomargs.py took 0.037 seconds
[2024-07-01T18:02:15.911+0530] {processor.py:161} INFO - Started process (PID=13226) to work on /home/bharat/.local/lib/python3.11/site-packages/airflow/example_dags/example_xcomargs.py
[2024-07-01T18:02:15.911+0530] {processor.py:830} INFO - Processing file /home/bharat/.local/lib/python3.11/site-packages/airflow/example_dags/example_xcomargs.py for tasks to queue
[2024-07-01T18:02:15.912+0530] {logging_mixin.py:188} INFO - [2024-07-01T18:02:15.912+0530] {dagbag.py:545} INFO - Filling up the DagBag from /home/bharat/.local/lib/python3.11/site-packages/airflow/example_dags/example_xcomargs.py
[2024-07-01T18:02:15.917+0530] {processor.py:840} INFO - DAG(s) 'example_xcom_args', 'example_xcom_args_with_operators' retrieved from /home/bharat/.local/lib/python3.11/site-packages/airflow/example_dags/example_xcomargs.py
[2024-07-01T18:02:15.924+0530] {logging_mixin.py:188} INFO - [2024-07-01T18:02:15.923+0530] {dag.py:3096} INFO - Sync 2 DAGs
[2024-07-01T18:02:15.928+0530] {logging_mixin.py:188} INFO - [2024-07-01T18:02:15.928+0530] {dag.py:3954} INFO - Setting next_dagrun for example_xcom_args to None, run_after=None
[2024-07-01T18:02:15.929+0530] {logging_mixin.py:188} INFO - [2024-07-01T18:02:15.929+0530] {dag.py:3954} INFO - Setting next_dagrun for example_xcom_args_with_operators to None, run_after=None
[2024-07-01T18:02:15.937+0530] {processor.py:183} INFO - Processing /home/bharat/.local/lib/python3.11/site-packages/airflow/example_dags/example_xcomargs.py took 0.032 seconds
[2024-07-01T18:03:08.462+0530] {processor.py:161} INFO - Started process (PID=13328) to work on /home/bharat/.local/lib/python3.11/site-packages/airflow/example_dags/example_xcomargs.py
[2024-07-01T18:03:08.463+0530] {processor.py:830} INFO - Processing file /home/bharat/.local/lib/python3.11/site-packages/airflow/example_dags/example_xcomargs.py for tasks to queue
[2024-07-01T18:03:08.464+0530] {logging_mixin.py:188} INFO - [2024-07-01T18:03:08.464+0530] {dagbag.py:545} INFO - Filling up the DagBag from /home/bharat/.local/lib/python3.11/site-packages/airflow/example_dags/example_xcomargs.py
[2024-07-01T18:03:08.469+0530] {processor.py:840} INFO - DAG(s) 'example_xcom_args', 'example_xcom_args_with_operators' retrieved from /home/bharat/.local/lib/python3.11/site-packages/airflow/example_dags/example_xcomargs.py
[2024-07-01T18:03:08.476+0530] {logging_mixin.py:188} INFO - [2024-07-01T18:03:08.476+0530] {dag.py:3096} INFO - Sync 2 DAGs
[2024-07-01T18:03:08.481+0530] {logging_mixin.py:188} INFO - [2024-07-01T18:03:08.481+0530] {dag.py:3954} INFO - Setting next_dagrun for example_xcom_args to None, run_after=None
[2024-07-01T18:03:08.482+0530] {logging_mixin.py:188} INFO - [2024-07-01T18:03:08.482+0530] {dag.py:3954} INFO - Setting next_dagrun for example_xcom_args_with_operators to None, run_after=None
[2024-07-01T18:03:08.490+0530] {processor.py:183} INFO - Processing /home/bharat/.local/lib/python3.11/site-packages/airflow/example_dags/example_xcomargs.py took 0.036 seconds
[2024-07-01T18:03:58.317+0530] {processor.py:161} INFO - Started process (PID=13398) to work on /home/bharat/.local/lib/python3.11/site-packages/airflow/example_dags/example_xcomargs.py
[2024-07-01T18:03:58.318+0530] {processor.py:830} INFO - Processing file /home/bharat/.local/lib/python3.11/site-packages/airflow/example_dags/example_xcomargs.py for tasks to queue
[2024-07-01T18:03:58.318+0530] {logging_mixin.py:188} INFO - [2024-07-01T18:03:58.318+0530] {dagbag.py:545} INFO - Filling up the DagBag from /home/bharat/.local/lib/python3.11/site-packages/airflow/example_dags/example_xcomargs.py
[2024-07-01T18:03:58.322+0530] {processor.py:840} INFO - DAG(s) 'example_xcom_args', 'example_xcom_args_with_operators' retrieved from /home/bharat/.local/lib/python3.11/site-packages/airflow/example_dags/example_xcomargs.py
[2024-07-01T18:03:58.329+0530] {logging_mixin.py:188} INFO - [2024-07-01T18:03:58.329+0530] {dag.py:3096} INFO - Sync 2 DAGs
[2024-07-01T18:03:58.333+0530] {logging_mixin.py:188} INFO - [2024-07-01T18:03:58.333+0530] {dag.py:3954} INFO - Setting next_dagrun for example_xcom_args to None, run_after=None
[2024-07-01T18:03:58.334+0530] {logging_mixin.py:188} INFO - [2024-07-01T18:03:58.334+0530] {dag.py:3954} INFO - Setting next_dagrun for example_xcom_args_with_operators to None, run_after=None
[2024-07-01T18:03:58.343+0530] {processor.py:183} INFO - Processing /home/bharat/.local/lib/python3.11/site-packages/airflow/example_dags/example_xcomargs.py took 0.030 seconds
[2024-07-01T18:04:53.129+0530] {processor.py:161} INFO - Started process (PID=13901) to work on /home/bharat/.local/lib/python3.11/site-packages/airflow/example_dags/example_xcomargs.py
[2024-07-01T18:04:53.130+0530] {processor.py:830} INFO - Processing file /home/bharat/.local/lib/python3.11/site-packages/airflow/example_dags/example_xcomargs.py for tasks to queue
[2024-07-01T18:04:53.131+0530] {logging_mixin.py:188} INFO - [2024-07-01T18:04:53.131+0530] {dagbag.py:545} INFO - Filling up the DagBag from /home/bharat/.local/lib/python3.11/site-packages/airflow/example_dags/example_xcomargs.py
[2024-07-01T18:04:53.136+0530] {processor.py:840} INFO - DAG(s) 'example_xcom_args_with_operators', 'example_xcom_args' retrieved from /home/bharat/.local/lib/python3.11/site-packages/airflow/example_dags/example_xcomargs.py
[2024-07-01T18:04:53.143+0530] {logging_mixin.py:188} INFO - [2024-07-01T18:04:53.143+0530] {dag.py:3096} INFO - Sync 2 DAGs
[2024-07-01T18:04:53.147+0530] {logging_mixin.py:188} INFO - [2024-07-01T18:04:53.147+0530] {dag.py:3954} INFO - Setting next_dagrun for example_xcom_args to None, run_after=None
[2024-07-01T18:04:53.148+0530] {logging_mixin.py:188} INFO - [2024-07-01T18:04:53.148+0530] {dag.py:3954} INFO - Setting next_dagrun for example_xcom_args_with_operators to None, run_after=None
[2024-07-01T18:04:53.157+0530] {processor.py:183} INFO - Processing /home/bharat/.local/lib/python3.11/site-packages/airflow/example_dags/example_xcomargs.py took 0.034 seconds
[2024-07-01T18:05:44.575+0530] {processor.py:161} INFO - Started process (PID=13983) to work on /home/bharat/.local/lib/python3.11/site-packages/airflow/example_dags/example_xcomargs.py
[2024-07-01T18:05:44.576+0530] {processor.py:830} INFO - Processing file /home/bharat/.local/lib/python3.11/site-packages/airflow/example_dags/example_xcomargs.py for tasks to queue
[2024-07-01T18:05:44.577+0530] {logging_mixin.py:188} INFO - [2024-07-01T18:05:44.577+0530] {dagbag.py:545} INFO - Filling up the DagBag from /home/bharat/.local/lib/python3.11/site-packages/airflow/example_dags/example_xcomargs.py
[2024-07-01T18:05:44.587+0530] {processor.py:840} INFO - DAG(s) 'example_xcom_args', 'example_xcom_args_with_operators' retrieved from /home/bharat/.local/lib/python3.11/site-packages/airflow/example_dags/example_xcomargs.py
[2024-07-01T18:05:44.596+0530] {logging_mixin.py:188} INFO - [2024-07-01T18:05:44.596+0530] {dag.py:3096} INFO - Sync 2 DAGs
[2024-07-01T18:05:44.601+0530] {logging_mixin.py:188} INFO - [2024-07-01T18:05:44.601+0530] {dag.py:3954} INFO - Setting next_dagrun for example_xcom_args to None, run_after=None
[2024-07-01T18:05:44.602+0530] {logging_mixin.py:188} INFO - [2024-07-01T18:05:44.602+0530] {dag.py:3954} INFO - Setting next_dagrun for example_xcom_args_with_operators to None, run_after=None
[2024-07-01T18:05:44.611+0530] {processor.py:183} INFO - Processing /home/bharat/.local/lib/python3.11/site-packages/airflow/example_dags/example_xcomargs.py took 0.039 seconds
[2024-07-01T18:06:32.075+0530] {processor.py:161} INFO - Started process (PID=14063) to work on /home/bharat/.local/lib/python3.11/site-packages/airflow/example_dags/example_xcomargs.py
[2024-07-01T18:06:32.075+0530] {processor.py:830} INFO - Processing file /home/bharat/.local/lib/python3.11/site-packages/airflow/example_dags/example_xcomargs.py for tasks to queue
[2024-07-01T18:06:32.077+0530] {logging_mixin.py:188} INFO - [2024-07-01T18:06:32.077+0530] {dagbag.py:545} INFO - Filling up the DagBag from /home/bharat/.local/lib/python3.11/site-packages/airflow/example_dags/example_xcomargs.py
[2024-07-01T18:06:32.084+0530] {processor.py:840} INFO - DAG(s) 'example_xcom_args', 'example_xcom_args_with_operators' retrieved from /home/bharat/.local/lib/python3.11/site-packages/airflow/example_dags/example_xcomargs.py
[2024-07-01T18:06:32.091+0530] {logging_mixin.py:188} INFO - [2024-07-01T18:06:32.091+0530] {dag.py:3096} INFO - Sync 2 DAGs
[2024-07-01T18:06:32.096+0530] {logging_mixin.py:188} INFO - [2024-07-01T18:06:32.096+0530] {dag.py:3954} INFO - Setting next_dagrun for example_xcom_args to None, run_after=None
[2024-07-01T18:06:32.097+0530] {logging_mixin.py:188} INFO - [2024-07-01T18:06:32.097+0530] {dag.py:3954} INFO - Setting next_dagrun for example_xcom_args_with_operators to None, run_after=None
[2024-07-01T18:06:32.105+0530] {processor.py:183} INFO - Processing /home/bharat/.local/lib/python3.11/site-packages/airflow/example_dags/example_xcomargs.py took 0.035 seconds
[2024-07-01T18:07:25.710+0530] {processor.py:161} INFO - Started process (PID=14137) to work on /home/bharat/.local/lib/python3.11/site-packages/airflow/example_dags/example_xcomargs.py
[2024-07-01T18:07:25.711+0530] {processor.py:830} INFO - Processing file /home/bharat/.local/lib/python3.11/site-packages/airflow/example_dags/example_xcomargs.py for tasks to queue
[2024-07-01T18:07:25.712+0530] {logging_mixin.py:188} INFO - [2024-07-01T18:07:25.712+0530] {dagbag.py:545} INFO - Filling up the DagBag from /home/bharat/.local/lib/python3.11/site-packages/airflow/example_dags/example_xcomargs.py
[2024-07-01T18:07:25.717+0530] {processor.py:840} INFO - DAG(s) 'example_xcom_args_with_operators', 'example_xcom_args' retrieved from /home/bharat/.local/lib/python3.11/site-packages/airflow/example_dags/example_xcomargs.py
[2024-07-01T18:07:25.724+0530] {logging_mixin.py:188} INFO - [2024-07-01T18:07:25.724+0530] {dag.py:3096} INFO - Sync 2 DAGs
[2024-07-01T18:07:25.728+0530] {logging_mixin.py:188} INFO - [2024-07-01T18:07:25.728+0530] {dag.py:3954} INFO - Setting next_dagrun for example_xcom_args to None, run_after=None
[2024-07-01T18:07:25.729+0530] {logging_mixin.py:188} INFO - [2024-07-01T18:07:25.729+0530] {dag.py:3954} INFO - Setting next_dagrun for example_xcom_args_with_operators to None, run_after=None
[2024-07-01T18:07:25.738+0530] {processor.py:183} INFO - Processing /home/bharat/.local/lib/python3.11/site-packages/airflow/example_dags/example_xcomargs.py took 0.035 seconds
[2024-07-01T18:08:14.894+0530] {processor.py:161} INFO - Started process (PID=14237) to work on /home/bharat/.local/lib/python3.11/site-packages/airflow/example_dags/example_xcomargs.py
[2024-07-01T18:08:14.895+0530] {processor.py:830} INFO - Processing file /home/bharat/.local/lib/python3.11/site-packages/airflow/example_dags/example_xcomargs.py for tasks to queue
[2024-07-01T18:08:14.896+0530] {logging_mixin.py:188} INFO - [2024-07-01T18:08:14.896+0530] {dagbag.py:545} INFO - Filling up the DagBag from /home/bharat/.local/lib/python3.11/site-packages/airflow/example_dags/example_xcomargs.py
[2024-07-01T18:08:14.900+0530] {processor.py:840} INFO - DAG(s) 'example_xcom_args_with_operators', 'example_xcom_args' retrieved from /home/bharat/.local/lib/python3.11/site-packages/airflow/example_dags/example_xcomargs.py
[2024-07-01T18:08:14.907+0530] {logging_mixin.py:188} INFO - [2024-07-01T18:08:14.907+0530] {dag.py:3096} INFO - Sync 2 DAGs
[2024-07-01T18:08:14.911+0530] {logging_mixin.py:188} INFO - [2024-07-01T18:08:14.911+0530] {dag.py:3954} INFO - Setting next_dagrun for example_xcom_args to None, run_after=None
[2024-07-01T18:08:14.912+0530] {logging_mixin.py:188} INFO - [2024-07-01T18:08:14.912+0530] {dag.py:3954} INFO - Setting next_dagrun for example_xcom_args_with_operators to None, run_after=None
[2024-07-01T18:08:14.921+0530] {processor.py:183} INFO - Processing /home/bharat/.local/lib/python3.11/site-packages/airflow/example_dags/example_xcomargs.py took 0.032 seconds
[2024-07-01T18:09:07.020+0530] {processor.py:161} INFO - Started process (PID=14368) to work on /home/bharat/.local/lib/python3.11/site-packages/airflow/example_dags/example_xcomargs.py
[2024-07-01T18:09:07.021+0530] {processor.py:830} INFO - Processing file /home/bharat/.local/lib/python3.11/site-packages/airflow/example_dags/example_xcomargs.py for tasks to queue
[2024-07-01T18:09:07.022+0530] {logging_mixin.py:188} INFO - [2024-07-01T18:09:07.021+0530] {dagbag.py:545} INFO - Filling up the DagBag from /home/bharat/.local/lib/python3.11/site-packages/airflow/example_dags/example_xcomargs.py
[2024-07-01T18:09:07.029+0530] {processor.py:840} INFO - DAG(s) 'example_xcom_args_with_operators', 'example_xcom_args' retrieved from /home/bharat/.local/lib/python3.11/site-packages/airflow/example_dags/example_xcomargs.py
[2024-07-01T18:09:07.036+0530] {logging_mixin.py:188} INFO - [2024-07-01T18:09:07.036+0530] {dag.py:3096} INFO - Sync 2 DAGs
[2024-07-01T18:09:07.041+0530] {logging_mixin.py:188} INFO - [2024-07-01T18:09:07.041+0530] {dag.py:3954} INFO - Setting next_dagrun for example_xcom_args to None, run_after=None
[2024-07-01T18:09:07.042+0530] {logging_mixin.py:188} INFO - [2024-07-01T18:09:07.042+0530] {dag.py:3954} INFO - Setting next_dagrun for example_xcom_args_with_operators to None, run_after=None
[2024-07-01T18:09:07.052+0530] {processor.py:183} INFO - Processing /home/bharat/.local/lib/python3.11/site-packages/airflow/example_dags/example_xcomargs.py took 0.037 seconds
[2024-07-01T18:10:00.736+0530] {processor.py:161} INFO - Started process (PID=14479) to work on /home/bharat/.local/lib/python3.11/site-packages/airflow/example_dags/example_xcomargs.py
[2024-07-01T18:10:00.736+0530] {processor.py:830} INFO - Processing file /home/bharat/.local/lib/python3.11/site-packages/airflow/example_dags/example_xcomargs.py for tasks to queue
[2024-07-01T18:10:00.738+0530] {logging_mixin.py:188} INFO - [2024-07-01T18:10:00.737+0530] {dagbag.py:545} INFO - Filling up the DagBag from /home/bharat/.local/lib/python3.11/site-packages/airflow/example_dags/example_xcomargs.py
[2024-07-01T18:10:00.744+0530] {processor.py:840} INFO - DAG(s) 'example_xcom_args_with_operators', 'example_xcom_args' retrieved from /home/bharat/.local/lib/python3.11/site-packages/airflow/example_dags/example_xcomargs.py
[2024-07-01T18:10:00.752+0530] {logging_mixin.py:188} INFO - [2024-07-01T18:10:00.752+0530] {dag.py:3096} INFO - Sync 2 DAGs
[2024-07-01T18:10:00.757+0530] {logging_mixin.py:188} INFO - [2024-07-01T18:10:00.757+0530] {dag.py:3954} INFO - Setting next_dagrun for example_xcom_args to None, run_after=None
[2024-07-01T18:10:00.758+0530] {logging_mixin.py:188} INFO - [2024-07-01T18:10:00.758+0530] {dag.py:3954} INFO - Setting next_dagrun for example_xcom_args_with_operators to None, run_after=None
[2024-07-01T18:10:00.769+0530] {processor.py:183} INFO - Processing /home/bharat/.local/lib/python3.11/site-packages/airflow/example_dags/example_xcomargs.py took 0.038 seconds
[2024-07-01T18:10:52.033+0530] {processor.py:161} INFO - Started process (PID=14571) to work on /home/bharat/.local/lib/python3.11/site-packages/airflow/example_dags/example_xcomargs.py
[2024-07-01T18:10:52.034+0530] {processor.py:830} INFO - Processing file /home/bharat/.local/lib/python3.11/site-packages/airflow/example_dags/example_xcomargs.py for tasks to queue
[2024-07-01T18:10:52.035+0530] {logging_mixin.py:188} INFO - [2024-07-01T18:10:52.035+0530] {dagbag.py:545} INFO - Filling up the DagBag from /home/bharat/.local/lib/python3.11/site-packages/airflow/example_dags/example_xcomargs.py
[2024-07-01T18:10:52.039+0530] {processor.py:840} INFO - DAG(s) 'example_xcom_args_with_operators', 'example_xcom_args' retrieved from /home/bharat/.local/lib/python3.11/site-packages/airflow/example_dags/example_xcomargs.py
[2024-07-01T18:10:52.055+0530] {logging_mixin.py:188} INFO - [2024-07-01T18:10:52.055+0530] {dag.py:3096} INFO - Sync 2 DAGs
[2024-07-01T18:10:52.061+0530] {logging_mixin.py:188} INFO - [2024-07-01T18:10:52.061+0530] {dag.py:3954} INFO - Setting next_dagrun for example_xcom_args to None, run_after=None
[2024-07-01T18:10:52.062+0530] {logging_mixin.py:188} INFO - [2024-07-01T18:10:52.062+0530] {dag.py:3954} INFO - Setting next_dagrun for example_xcom_args_with_operators to None, run_after=None
[2024-07-01T18:10:52.073+0530] {processor.py:183} INFO - Processing /home/bharat/.local/lib/python3.11/site-packages/airflow/example_dags/example_xcomargs.py took 0.042 seconds
[2024-07-01T18:11:45.410+0530] {processor.py:161} INFO - Started process (PID=14706) to work on /home/bharat/.local/lib/python3.11/site-packages/airflow/example_dags/example_xcomargs.py
[2024-07-01T18:11:45.411+0530] {processor.py:830} INFO - Processing file /home/bharat/.local/lib/python3.11/site-packages/airflow/example_dags/example_xcomargs.py for tasks to queue
[2024-07-01T18:11:45.412+0530] {logging_mixin.py:188} INFO - [2024-07-01T18:11:45.412+0530] {dagbag.py:545} INFO - Filling up the DagBag from /home/bharat/.local/lib/python3.11/site-packages/airflow/example_dags/example_xcomargs.py
[2024-07-01T18:11:45.416+0530] {processor.py:840} INFO - DAG(s) 'example_xcom_args', 'example_xcom_args_with_operators' retrieved from /home/bharat/.local/lib/python3.11/site-packages/airflow/example_dags/example_xcomargs.py
[2024-07-01T18:11:45.423+0530] {logging_mixin.py:188} INFO - [2024-07-01T18:11:45.423+0530] {dag.py:3096} INFO - Sync 2 DAGs
[2024-07-01T18:11:45.428+0530] {logging_mixin.py:188} INFO - [2024-07-01T18:11:45.428+0530] {dag.py:3954} INFO - Setting next_dagrun for example_xcom_args to None, run_after=None
[2024-07-01T18:11:45.429+0530] {logging_mixin.py:188} INFO - [2024-07-01T18:11:45.429+0530] {dag.py:3954} INFO - Setting next_dagrun for example_xcom_args_with_operators to None, run_after=None
[2024-07-01T18:11:45.438+0530] {processor.py:183} INFO - Processing /home/bharat/.local/lib/python3.11/site-packages/airflow/example_dags/example_xcomargs.py took 0.033 seconds
[2024-07-01T18:12:35.671+0530] {processor.py:161} INFO - Started process (PID=14966) to work on /home/bharat/.local/lib/python3.11/site-packages/airflow/example_dags/example_xcomargs.py
[2024-07-01T18:12:35.672+0530] {processor.py:830} INFO - Processing file /home/bharat/.local/lib/python3.11/site-packages/airflow/example_dags/example_xcomargs.py for tasks to queue
[2024-07-01T18:12:35.673+0530] {logging_mixin.py:188} INFO - [2024-07-01T18:12:35.672+0530] {dagbag.py:545} INFO - Filling up the DagBag from /home/bharat/.local/lib/python3.11/site-packages/airflow/example_dags/example_xcomargs.py
[2024-07-01T18:12:35.676+0530] {processor.py:840} INFO - DAG(s) 'example_xcom_args_with_operators', 'example_xcom_args' retrieved from /home/bharat/.local/lib/python3.11/site-packages/airflow/example_dags/example_xcomargs.py
[2024-07-01T18:12:35.683+0530] {logging_mixin.py:188} INFO - [2024-07-01T18:12:35.683+0530] {dag.py:3096} INFO - Sync 2 DAGs
[2024-07-01T18:12:35.688+0530] {logging_mixin.py:188} INFO - [2024-07-01T18:12:35.688+0530] {dag.py:3954} INFO - Setting next_dagrun for example_xcom_args to None, run_after=None
[2024-07-01T18:12:35.689+0530] {logging_mixin.py:188} INFO - [2024-07-01T18:12:35.689+0530] {dag.py:3954} INFO - Setting next_dagrun for example_xcom_args_with_operators to None, run_after=None
[2024-07-01T18:12:35.698+0530] {processor.py:183} INFO - Processing /home/bharat/.local/lib/python3.11/site-packages/airflow/example_dags/example_xcomargs.py took 0.029 seconds
