[2024-07-01T17:49:04.153+0530] {processor.py:161} INFO - Started process (PID=11346) to work on /home/bharat/.local/lib/python3.11/site-packages/airflow/example_dags/example_branch_datetime_operator.py
[2024-07-01T17:49:04.154+0530] {processor.py:830} INFO - Processing file /home/bharat/.local/lib/python3.11/site-packages/airflow/example_dags/example_branch_datetime_operator.py for tasks to queue
[2024-07-01T17:49:04.155+0530] {logging_mixin.py:188} INFO - [2024-07-01T17:49:04.155+0530] {dagbag.py:545} INFO - Filling up the DagBag from /home/bharat/.local/lib/python3.11/site-packages/airflow/example_dags/example_branch_datetime_operator.py
[2024-07-01T17:49:04.160+0530] {processor.py:840} INFO - DAG(s) 'example_branch_datetime_operator', 'example_branch_datetime_operator_2', 'example_branch_datetime_operator_3' retrieved from /home/bharat/.local/lib/python3.11/site-packages/airflow/example_dags/example_branch_datetime_operator.py
[2024-07-01T17:49:04.241+0530] {logging_mixin.py:188} INFO - [2024-07-01T17:49:04.241+0530] {dag.py:3096} INFO - Sync 3 DAGs
[2024-07-01T17:49:04.248+0530] {logging_mixin.py:188} INFO - [2024-07-01T17:49:04.248+0530] {dag.py:3954} INFO - Setting next_dagrun for example_branch_datetime_operator to 2024-06-30 00:00:00+00:00, run_after=2024-07-01 00:00:00+00:00
[2024-07-01T17:49:04.249+0530] {logging_mixin.py:188} INFO - [2024-07-01T17:49:04.249+0530] {dag.py:3954} INFO - Setting next_dagrun for example_branch_datetime_operator_2 to 2024-06-30 00:00:00+00:00, run_after=2024-07-01 00:00:00+00:00
[2024-07-01T17:49:04.250+0530] {logging_mixin.py:188} INFO - [2024-07-01T17:49:04.250+0530] {dag.py:3954} INFO - Setting next_dagrun for example_branch_datetime_operator_3 to 2024-06-30 00:00:00+00:00, run_after=2024-07-01 00:00:00+00:00
[2024-07-01T17:49:04.259+0530] {processor.py:183} INFO - Processing /home/bharat/.local/lib/python3.11/site-packages/airflow/example_dags/example_branch_datetime_operator.py took 0.112 seconds
[2024-07-01T17:50:07.792+0530] {processor.py:161} INFO - Started process (PID=11434) to work on /home/bharat/.local/lib/python3.11/site-packages/airflow/example_dags/example_branch_datetime_operator.py
[2024-07-01T17:50:07.793+0530] {processor.py:830} INFO - Processing file /home/bharat/.local/lib/python3.11/site-packages/airflow/example_dags/example_branch_datetime_operator.py for tasks to queue
[2024-07-01T17:50:07.794+0530] {logging_mixin.py:188} INFO - [2024-07-01T17:50:07.793+0530] {dagbag.py:545} INFO - Filling up the DagBag from /home/bharat/.local/lib/python3.11/site-packages/airflow/example_dags/example_branch_datetime_operator.py
[2024-07-01T17:50:07.798+0530] {processor.py:840} INFO - DAG(s) 'example_branch_datetime_operator_2', 'example_branch_datetime_operator_3', 'example_branch_datetime_operator' retrieved from /home/bharat/.local/lib/python3.11/site-packages/airflow/example_dags/example_branch_datetime_operator.py
[2024-07-01T17:50:07.810+0530] {logging_mixin.py:188} INFO - [2024-07-01T17:50:07.810+0530] {dag.py:3096} INFO - Sync 3 DAGs
[2024-07-01T17:50:07.818+0530] {logging_mixin.py:188} INFO - [2024-07-01T17:50:07.818+0530] {dag.py:3954} INFO - Setting next_dagrun for example_branch_datetime_operator to 2024-06-30 00:00:00+00:00, run_after=2024-07-01 00:00:00+00:00
[2024-07-01T17:50:07.821+0530] {logging_mixin.py:188} INFO - [2024-07-01T17:50:07.821+0530] {dag.py:3954} INFO - Setting next_dagrun for example_branch_datetime_operator_2 to 2024-06-30 00:00:00+00:00, run_after=2024-07-01 00:00:00+00:00
[2024-07-01T17:50:07.821+0530] {logging_mixin.py:188} INFO - [2024-07-01T17:50:07.821+0530] {dag.py:3954} INFO - Setting next_dagrun for example_branch_datetime_operator_3 to 2024-06-30 00:00:00+00:00, run_after=2024-07-01 00:00:00+00:00
[2024-07-01T17:50:07.830+0530] {processor.py:183} INFO - Processing /home/bharat/.local/lib/python3.11/site-packages/airflow/example_dags/example_branch_datetime_operator.py took 0.041 seconds
[2024-07-01T17:51:03.208+0530] {processor.py:161} INFO - Started process (PID=11515) to work on /home/bharat/.local/lib/python3.11/site-packages/airflow/example_dags/example_branch_datetime_operator.py
[2024-07-01T17:51:03.209+0530] {processor.py:830} INFO - Processing file /home/bharat/.local/lib/python3.11/site-packages/airflow/example_dags/example_branch_datetime_operator.py for tasks to queue
[2024-07-01T17:51:03.211+0530] {logging_mixin.py:188} INFO - [2024-07-01T17:51:03.211+0530] {dagbag.py:545} INFO - Filling up the DagBag from /home/bharat/.local/lib/python3.11/site-packages/airflow/example_dags/example_branch_datetime_operator.py
[2024-07-01T17:51:03.218+0530] {processor.py:840} INFO - DAG(s) 'example_branch_datetime_operator', 'example_branch_datetime_operator_3', 'example_branch_datetime_operator_2' retrieved from /home/bharat/.local/lib/python3.11/site-packages/airflow/example_dags/example_branch_datetime_operator.py
[2024-07-01T17:51:03.225+0530] {logging_mixin.py:188} INFO - [2024-07-01T17:51:03.225+0530] {dag.py:3096} INFO - Sync 3 DAGs
[2024-07-01T17:51:03.233+0530] {logging_mixin.py:188} INFO - [2024-07-01T17:51:03.233+0530] {dag.py:3954} INFO - Setting next_dagrun for example_branch_datetime_operator to 2024-06-30 00:00:00+00:00, run_after=2024-07-01 00:00:00+00:00
[2024-07-01T17:51:03.235+0530] {logging_mixin.py:188} INFO - [2024-07-01T17:51:03.235+0530] {dag.py:3954} INFO - Setting next_dagrun for example_branch_datetime_operator_2 to 2024-06-30 00:00:00+00:00, run_after=2024-07-01 00:00:00+00:00
[2024-07-01T17:51:03.236+0530] {logging_mixin.py:188} INFO - [2024-07-01T17:51:03.236+0530] {dag.py:3954} INFO - Setting next_dagrun for example_branch_datetime_operator_3 to 2024-06-30 00:00:00+00:00, run_after=2024-07-01 00:00:00+00:00
[2024-07-01T17:51:03.244+0530] {processor.py:183} INFO - Processing /home/bharat/.local/lib/python3.11/site-packages/airflow/example_dags/example_branch_datetime_operator.py took 0.044 seconds
[2024-07-01T17:52:38.525+0530] {processor.py:161} INFO - Started process (PID=12046) to work on /home/bharat/.local/lib/python3.11/site-packages/airflow/example_dags/example_branch_datetime_operator.py
[2024-07-01T17:52:38.527+0530] {processor.py:830} INFO - Processing file /home/bharat/.local/lib/python3.11/site-packages/airflow/example_dags/example_branch_datetime_operator.py for tasks to queue
[2024-07-01T17:52:38.530+0530] {logging_mixin.py:188} INFO - [2024-07-01T17:52:38.529+0530] {dagbag.py:545} INFO - Filling up the DagBag from /home/bharat/.local/lib/python3.11/site-packages/airflow/example_dags/example_branch_datetime_operator.py
[2024-07-01T17:52:38.540+0530] {processor.py:840} INFO - DAG(s) 'example_branch_datetime_operator_3', 'example_branch_datetime_operator', 'example_branch_datetime_operator_2' retrieved from /home/bharat/.local/lib/python3.11/site-packages/airflow/example_dags/example_branch_datetime_operator.py
[2024-07-01T17:52:38.549+0530] {logging_mixin.py:188} INFO - [2024-07-01T17:52:38.548+0530] {dag.py:3096} INFO - Sync 3 DAGs
[2024-07-01T17:52:38.557+0530] {logging_mixin.py:188} INFO - [2024-07-01T17:52:38.557+0530] {dag.py:3954} INFO - Setting next_dagrun for example_branch_datetime_operator to 2024-06-30 00:00:00+00:00, run_after=2024-07-01 00:00:00+00:00
[2024-07-01T17:52:38.559+0530] {logging_mixin.py:188} INFO - [2024-07-01T17:52:38.559+0530] {dag.py:3954} INFO - Setting next_dagrun for example_branch_datetime_operator_2 to 2024-06-30 00:00:00+00:00, run_after=2024-07-01 00:00:00+00:00
[2024-07-01T17:52:38.560+0530] {logging_mixin.py:188} INFO - [2024-07-01T17:52:38.559+0530] {dag.py:3954} INFO - Setting next_dagrun for example_branch_datetime_operator_3 to 2024-06-30 00:00:00+00:00, run_after=2024-07-01 00:00:00+00:00
[2024-07-01T17:52:38.568+0530] {processor.py:183} INFO - Processing /home/bharat/.local/lib/python3.11/site-packages/airflow/example_dags/example_branch_datetime_operator.py took 0.052 seconds
[2024-07-01T17:53:34.089+0530] {processor.py:161} INFO - Started process (PID=12153) to work on /home/bharat/.local/lib/python3.11/site-packages/airflow/example_dags/example_branch_datetime_operator.py
[2024-07-01T17:53:34.090+0530] {processor.py:830} INFO - Processing file /home/bharat/.local/lib/python3.11/site-packages/airflow/example_dags/example_branch_datetime_operator.py for tasks to queue
[2024-07-01T17:53:34.091+0530] {logging_mixin.py:188} INFO - [2024-07-01T17:53:34.090+0530] {dagbag.py:545} INFO - Filling up the DagBag from /home/bharat/.local/lib/python3.11/site-packages/airflow/example_dags/example_branch_datetime_operator.py
[2024-07-01T17:53:34.095+0530] {processor.py:840} INFO - DAG(s) 'example_branch_datetime_operator_3', 'example_branch_datetime_operator_2', 'example_branch_datetime_operator' retrieved from /home/bharat/.local/lib/python3.11/site-packages/airflow/example_dags/example_branch_datetime_operator.py
[2024-07-01T17:53:34.102+0530] {logging_mixin.py:188} INFO - [2024-07-01T17:53:34.102+0530] {dag.py:3096} INFO - Sync 3 DAGs
[2024-07-01T17:53:34.110+0530] {logging_mixin.py:188} INFO - [2024-07-01T17:53:34.110+0530] {dag.py:3954} INFO - Setting next_dagrun for example_branch_datetime_operator to 2024-06-30 00:00:00+00:00, run_after=2024-07-01 00:00:00+00:00
[2024-07-01T17:53:34.112+0530] {logging_mixin.py:188} INFO - [2024-07-01T17:53:34.112+0530] {dag.py:3954} INFO - Setting next_dagrun for example_branch_datetime_operator_2 to 2024-06-30 00:00:00+00:00, run_after=2024-07-01 00:00:00+00:00
[2024-07-01T17:53:34.113+0530] {logging_mixin.py:188} INFO - [2024-07-01T17:53:34.113+0530] {dag.py:3954} INFO - Setting next_dagrun for example_branch_datetime_operator_3 to 2024-06-30 00:00:00+00:00, run_after=2024-07-01 00:00:00+00:00
[2024-07-01T17:53:34.122+0530] {processor.py:183} INFO - Processing /home/bharat/.local/lib/python3.11/site-packages/airflow/example_dags/example_branch_datetime_operator.py took 0.037 seconds
[2024-07-01T17:54:46.972+0530] {processor.py:161} INFO - Started process (PID=12550) to work on /home/bharat/.local/lib/python3.11/site-packages/airflow/example_dags/example_branch_datetime_operator.py
[2024-07-01T17:54:46.972+0530] {processor.py:830} INFO - Processing file /home/bharat/.local/lib/python3.11/site-packages/airflow/example_dags/example_branch_datetime_operator.py for tasks to queue
[2024-07-01T17:54:46.973+0530] {logging_mixin.py:188} INFO - [2024-07-01T17:54:46.973+0530] {dagbag.py:545} INFO - Filling up the DagBag from /home/bharat/.local/lib/python3.11/site-packages/airflow/example_dags/example_branch_datetime_operator.py
[2024-07-01T17:54:46.977+0530] {processor.py:840} INFO - DAG(s) 'example_branch_datetime_operator', 'example_branch_datetime_operator_3', 'example_branch_datetime_operator_2' retrieved from /home/bharat/.local/lib/python3.11/site-packages/airflow/example_dags/example_branch_datetime_operator.py
[2024-07-01T17:54:46.986+0530] {logging_mixin.py:188} INFO - [2024-07-01T17:54:46.986+0530] {dag.py:3096} INFO - Sync 3 DAGs
[2024-07-01T17:54:46.994+0530] {logging_mixin.py:188} INFO - [2024-07-01T17:54:46.994+0530] {dag.py:3954} INFO - Setting next_dagrun for example_branch_datetime_operator to 2024-06-30 00:00:00+00:00, run_after=2024-07-01 00:00:00+00:00
[2024-07-01T17:54:46.996+0530] {logging_mixin.py:188} INFO - [2024-07-01T17:54:46.996+0530] {dag.py:3954} INFO - Setting next_dagrun for example_branch_datetime_operator_2 to 2024-06-30 00:00:00+00:00, run_after=2024-07-01 00:00:00+00:00
[2024-07-01T17:54:46.997+0530] {logging_mixin.py:188} INFO - [2024-07-01T17:54:46.997+0530] {dag.py:3954} INFO - Setting next_dagrun for example_branch_datetime_operator_3 to 2024-06-30 00:00:00+00:00, run_after=2024-07-01 00:00:00+00:00
[2024-07-01T17:54:47.007+0530] {processor.py:183} INFO - Processing /home/bharat/.local/lib/python3.11/site-packages/airflow/example_dags/example_branch_datetime_operator.py took 0.038 seconds
[2024-07-01T17:55:41.389+0530] {processor.py:161} INFO - Started process (PID=12635) to work on /home/bharat/.local/lib/python3.11/site-packages/airflow/example_dags/example_branch_datetime_operator.py
[2024-07-01T17:55:41.389+0530] {processor.py:830} INFO - Processing file /home/bharat/.local/lib/python3.11/site-packages/airflow/example_dags/example_branch_datetime_operator.py for tasks to queue
[2024-07-01T17:55:41.392+0530] {logging_mixin.py:188} INFO - [2024-07-01T17:55:41.391+0530] {dagbag.py:545} INFO - Filling up the DagBag from /home/bharat/.local/lib/python3.11/site-packages/airflow/example_dags/example_branch_datetime_operator.py
[2024-07-01T17:55:41.403+0530] {processor.py:840} INFO - DAG(s) 'example_branch_datetime_operator', 'example_branch_datetime_operator_2', 'example_branch_datetime_operator_3' retrieved from /home/bharat/.local/lib/python3.11/site-packages/airflow/example_dags/example_branch_datetime_operator.py
[2024-07-01T17:55:41.412+0530] {logging_mixin.py:188} INFO - [2024-07-01T17:55:41.412+0530] {dag.py:3096} INFO - Sync 3 DAGs
[2024-07-01T17:55:41.420+0530] {logging_mixin.py:188} INFO - [2024-07-01T17:55:41.420+0530] {dag.py:3954} INFO - Setting next_dagrun for example_branch_datetime_operator to 2024-06-30 00:00:00+00:00, run_after=2024-07-01 00:00:00+00:00
[2024-07-01T17:55:41.421+0530] {logging_mixin.py:188} INFO - [2024-07-01T17:55:41.421+0530] {dag.py:3954} INFO - Setting next_dagrun for example_branch_datetime_operator_2 to 2024-06-30 00:00:00+00:00, run_after=2024-07-01 00:00:00+00:00
[2024-07-01T17:55:41.422+0530] {logging_mixin.py:188} INFO - [2024-07-01T17:55:41.422+0530] {dag.py:3954} INFO - Setting next_dagrun for example_branch_datetime_operator_3 to 2024-06-30 00:00:00+00:00, run_after=2024-07-01 00:00:00+00:00
[2024-07-01T17:55:41.431+0530] {processor.py:183} INFO - Processing /home/bharat/.local/lib/python3.11/site-packages/airflow/example_dags/example_branch_datetime_operator.py took 0.051 seconds
[2024-07-01T17:57:01.738+0530] {processor.py:161} INFO - Started process (PID=12755) to work on /home/bharat/.local/lib/python3.11/site-packages/airflow/example_dags/example_branch_datetime_operator.py
[2024-07-01T17:57:01.739+0530] {processor.py:830} INFO - Processing file /home/bharat/.local/lib/python3.11/site-packages/airflow/example_dags/example_branch_datetime_operator.py for tasks to queue
[2024-07-01T17:57:01.740+0530] {logging_mixin.py:188} INFO - [2024-07-01T17:57:01.739+0530] {dagbag.py:545} INFO - Filling up the DagBag from /home/bharat/.local/lib/python3.11/site-packages/airflow/example_dags/example_branch_datetime_operator.py
[2024-07-01T17:57:01.744+0530] {processor.py:840} INFO - DAG(s) 'example_branch_datetime_operator', 'example_branch_datetime_operator_3', 'example_branch_datetime_operator_2' retrieved from /home/bharat/.local/lib/python3.11/site-packages/airflow/example_dags/example_branch_datetime_operator.py
[2024-07-01T17:57:01.752+0530] {logging_mixin.py:188} INFO - [2024-07-01T17:57:01.752+0530] {dag.py:3096} INFO - Sync 3 DAGs
[2024-07-01T17:57:01.761+0530] {logging_mixin.py:188} INFO - [2024-07-01T17:57:01.761+0530] {dag.py:3954} INFO - Setting next_dagrun for example_branch_datetime_operator to 2024-06-30 00:00:00+00:00, run_after=2024-07-01 00:00:00+00:00
[2024-07-01T17:57:01.763+0530] {logging_mixin.py:188} INFO - [2024-07-01T17:57:01.763+0530] {dag.py:3954} INFO - Setting next_dagrun for example_branch_datetime_operator_2 to 2024-06-30 00:00:00+00:00, run_after=2024-07-01 00:00:00+00:00
[2024-07-01T17:57:01.764+0530] {logging_mixin.py:188} INFO - [2024-07-01T17:57:01.764+0530] {dag.py:3954} INFO - Setting next_dagrun for example_branch_datetime_operator_3 to 2024-06-30 00:00:00+00:00, run_after=2024-07-01 00:00:00+00:00
[2024-07-01T17:57:01.772+0530] {processor.py:183} INFO - Processing /home/bharat/.local/lib/python3.11/site-packages/airflow/example_dags/example_branch_datetime_operator.py took 0.040 seconds
[2024-07-01T17:58:18.861+0530] {processor.py:161} INFO - Started process (PID=12881) to work on /home/bharat/.local/lib/python3.11/site-packages/airflow/example_dags/example_branch_datetime_operator.py
[2024-07-01T17:58:18.861+0530] {processor.py:830} INFO - Processing file /home/bharat/.local/lib/python3.11/site-packages/airflow/example_dags/example_branch_datetime_operator.py for tasks to queue
[2024-07-01T17:58:18.863+0530] {logging_mixin.py:188} INFO - [2024-07-01T17:58:18.862+0530] {dagbag.py:545} INFO - Filling up the DagBag from /home/bharat/.local/lib/python3.11/site-packages/airflow/example_dags/example_branch_datetime_operator.py
[2024-07-01T17:58:18.874+0530] {processor.py:840} INFO - DAG(s) 'example_branch_datetime_operator_3', 'example_branch_datetime_operator', 'example_branch_datetime_operator_2' retrieved from /home/bharat/.local/lib/python3.11/site-packages/airflow/example_dags/example_branch_datetime_operator.py
[2024-07-01T17:58:18.885+0530] {logging_mixin.py:188} INFO - [2024-07-01T17:58:18.885+0530] {dag.py:3096} INFO - Sync 3 DAGs
[2024-07-01T17:58:18.893+0530] {logging_mixin.py:188} INFO - [2024-07-01T17:58:18.893+0530] {dag.py:3954} INFO - Setting next_dagrun for example_branch_datetime_operator to 2024-06-30 00:00:00+00:00, run_after=2024-07-01 00:00:00+00:00
[2024-07-01T17:58:18.895+0530] {logging_mixin.py:188} INFO - [2024-07-01T17:58:18.895+0530] {dag.py:3954} INFO - Setting next_dagrun for example_branch_datetime_operator_2 to 2024-06-30 00:00:00+00:00, run_after=2024-07-01 00:00:00+00:00
[2024-07-01T17:58:18.896+0530] {logging_mixin.py:188} INFO - [2024-07-01T17:58:18.896+0530] {dag.py:3954} INFO - Setting next_dagrun for example_branch_datetime_operator_3 to 2024-06-30 00:00:00+00:00, run_after=2024-07-01 00:00:00+00:00
[2024-07-01T17:58:18.904+0530] {processor.py:183} INFO - Processing /home/bharat/.local/lib/python3.11/site-packages/airflow/example_dags/example_branch_datetime_operator.py took 0.049 seconds
[2024-07-01T17:59:34.713+0530] {processor.py:161} INFO - Started process (PID=12997) to work on /home/bharat/.local/lib/python3.11/site-packages/airflow/example_dags/example_branch_datetime_operator.py
[2024-07-01T17:59:34.714+0530] {processor.py:830} INFO - Processing file /home/bharat/.local/lib/python3.11/site-packages/airflow/example_dags/example_branch_datetime_operator.py for tasks to queue
[2024-07-01T17:59:34.715+0530] {logging_mixin.py:188} INFO - [2024-07-01T17:59:34.715+0530] {dagbag.py:545} INFO - Filling up the DagBag from /home/bharat/.local/lib/python3.11/site-packages/airflow/example_dags/example_branch_datetime_operator.py
[2024-07-01T17:59:34.719+0530] {processor.py:840} INFO - DAG(s) 'example_branch_datetime_operator_3', 'example_branch_datetime_operator_2', 'example_branch_datetime_operator' retrieved from /home/bharat/.local/lib/python3.11/site-packages/airflow/example_dags/example_branch_datetime_operator.py
[2024-07-01T17:59:34.727+0530] {logging_mixin.py:188} INFO - [2024-07-01T17:59:34.727+0530] {dag.py:3096} INFO - Sync 3 DAGs
[2024-07-01T17:59:34.735+0530] {logging_mixin.py:188} INFO - [2024-07-01T17:59:34.735+0530] {dag.py:3954} INFO - Setting next_dagrun for example_branch_datetime_operator to 2024-06-30 00:00:00+00:00, run_after=2024-07-01 00:00:00+00:00
[2024-07-01T17:59:34.736+0530] {logging_mixin.py:188} INFO - [2024-07-01T17:59:34.736+0530] {dag.py:3954} INFO - Setting next_dagrun for example_branch_datetime_operator_2 to 2024-06-30 00:00:00+00:00, run_after=2024-07-01 00:00:00+00:00
[2024-07-01T17:59:34.737+0530] {logging_mixin.py:188} INFO - [2024-07-01T17:59:34.737+0530] {dag.py:3954} INFO - Setting next_dagrun for example_branch_datetime_operator_3 to 2024-06-30 00:00:00+00:00, run_after=2024-07-01 00:00:00+00:00
[2024-07-01T17:59:34.746+0530] {processor.py:183} INFO - Processing /home/bharat/.local/lib/python3.11/site-packages/airflow/example_dags/example_branch_datetime_operator.py took 0.038 seconds
[2024-07-01T18:00:28.443+0530] {processor.py:161} INFO - Started process (PID=13076) to work on /home/bharat/.local/lib/python3.11/site-packages/airflow/example_dags/example_branch_datetime_operator.py
[2024-07-01T18:00:28.443+0530] {processor.py:830} INFO - Processing file /home/bharat/.local/lib/python3.11/site-packages/airflow/example_dags/example_branch_datetime_operator.py for tasks to queue
[2024-07-01T18:00:28.445+0530] {logging_mixin.py:188} INFO - [2024-07-01T18:00:28.445+0530] {dagbag.py:545} INFO - Filling up the DagBag from /home/bharat/.local/lib/python3.11/site-packages/airflow/example_dags/example_branch_datetime_operator.py
[2024-07-01T18:00:28.453+0530] {processor.py:840} INFO - DAG(s) 'example_branch_datetime_operator_3', 'example_branch_datetime_operator', 'example_branch_datetime_operator_2' retrieved from /home/bharat/.local/lib/python3.11/site-packages/airflow/example_dags/example_branch_datetime_operator.py
[2024-07-01T18:00:28.462+0530] {logging_mixin.py:188} INFO - [2024-07-01T18:00:28.461+0530] {dag.py:3096} INFO - Sync 3 DAGs
[2024-07-01T18:00:28.469+0530] {logging_mixin.py:188} INFO - [2024-07-01T18:00:28.469+0530] {dag.py:3954} INFO - Setting next_dagrun for example_branch_datetime_operator to 2024-06-30 00:00:00+00:00, run_after=2024-07-01 00:00:00+00:00
[2024-07-01T18:00:28.471+0530] {logging_mixin.py:188} INFO - [2024-07-01T18:00:28.471+0530] {dag.py:3954} INFO - Setting next_dagrun for example_branch_datetime_operator_2 to 2024-06-30 00:00:00+00:00, run_after=2024-07-01 00:00:00+00:00
[2024-07-01T18:00:28.472+0530] {logging_mixin.py:188} INFO - [2024-07-01T18:00:28.472+0530] {dag.py:3954} INFO - Setting next_dagrun for example_branch_datetime_operator_3 to 2024-06-30 00:00:00+00:00, run_after=2024-07-01 00:00:00+00:00
[2024-07-01T18:00:28.481+0530] {processor.py:183} INFO - Processing /home/bharat/.local/lib/python3.11/site-packages/airflow/example_dags/example_branch_datetime_operator.py took 0.043 seconds
[2024-07-01T18:01:45.636+0530] {processor.py:161} INFO - Started process (PID=13176) to work on /home/bharat/.local/lib/python3.11/site-packages/airflow/example_dags/example_branch_datetime_operator.py
[2024-07-01T18:01:45.637+0530] {processor.py:830} INFO - Processing file /home/bharat/.local/lib/python3.11/site-packages/airflow/example_dags/example_branch_datetime_operator.py for tasks to queue
[2024-07-01T18:01:45.637+0530] {logging_mixin.py:188} INFO - [2024-07-01T18:01:45.637+0530] {dagbag.py:545} INFO - Filling up the DagBag from /home/bharat/.local/lib/python3.11/site-packages/airflow/example_dags/example_branch_datetime_operator.py
[2024-07-01T18:01:45.643+0530] {processor.py:840} INFO - DAG(s) 'example_branch_datetime_operator_3', 'example_branch_datetime_operator', 'example_branch_datetime_operator_2' retrieved from /home/bharat/.local/lib/python3.11/site-packages/airflow/example_dags/example_branch_datetime_operator.py
[2024-07-01T18:01:45.653+0530] {logging_mixin.py:188} INFO - [2024-07-01T18:01:45.652+0530] {dag.py:3096} INFO - Sync 3 DAGs
[2024-07-01T18:01:45.660+0530] {logging_mixin.py:188} INFO - [2024-07-01T18:01:45.660+0530] {dag.py:3954} INFO - Setting next_dagrun for example_branch_datetime_operator to 2024-06-30 00:00:00+00:00, run_after=2024-07-01 00:00:00+00:00
[2024-07-01T18:01:45.662+0530] {logging_mixin.py:188} INFO - [2024-07-01T18:01:45.662+0530] {dag.py:3954} INFO - Setting next_dagrun for example_branch_datetime_operator_2 to 2024-06-30 00:00:00+00:00, run_after=2024-07-01 00:00:00+00:00
[2024-07-01T18:01:45.663+0530] {logging_mixin.py:188} INFO - [2024-07-01T18:01:45.663+0530] {dag.py:3954} INFO - Setting next_dagrun for example_branch_datetime_operator_3 to 2024-06-30 00:00:00+00:00, run_after=2024-07-01 00:00:00+00:00
[2024-07-01T18:01:45.672+0530] {processor.py:183} INFO - Processing /home/bharat/.local/lib/python3.11/site-packages/airflow/example_dags/example_branch_datetime_operator.py took 0.041 seconds
[2024-07-01T18:03:04.460+0530] {processor.py:161} INFO - Started process (PID=13295) to work on /home/bharat/.local/lib/python3.11/site-packages/airflow/example_dags/example_branch_datetime_operator.py
[2024-07-01T18:03:04.460+0530] {processor.py:830} INFO - Processing file /home/bharat/.local/lib/python3.11/site-packages/airflow/example_dags/example_branch_datetime_operator.py for tasks to queue
[2024-07-01T18:03:04.461+0530] {logging_mixin.py:188} INFO - [2024-07-01T18:03:04.461+0530] {dagbag.py:545} INFO - Filling up the DagBag from /home/bharat/.local/lib/python3.11/site-packages/airflow/example_dags/example_branch_datetime_operator.py
[2024-07-01T18:03:04.465+0530] {processor.py:840} INFO - DAG(s) 'example_branch_datetime_operator', 'example_branch_datetime_operator_3', 'example_branch_datetime_operator_2' retrieved from /home/bharat/.local/lib/python3.11/site-packages/airflow/example_dags/example_branch_datetime_operator.py
[2024-07-01T18:03:04.473+0530] {logging_mixin.py:188} INFO - [2024-07-01T18:03:04.473+0530] {dag.py:3096} INFO - Sync 3 DAGs
[2024-07-01T18:03:04.482+0530] {logging_mixin.py:188} INFO - [2024-07-01T18:03:04.482+0530] {dag.py:3954} INFO - Setting next_dagrun for example_branch_datetime_operator to 2024-06-30 00:00:00+00:00, run_after=2024-07-01 00:00:00+00:00
[2024-07-01T18:03:04.483+0530] {logging_mixin.py:188} INFO - [2024-07-01T18:03:04.483+0530] {dag.py:3954} INFO - Setting next_dagrun for example_branch_datetime_operator_2 to 2024-06-30 00:00:00+00:00, run_after=2024-07-01 00:00:00+00:00
[2024-07-01T18:03:04.484+0530] {logging_mixin.py:188} INFO - [2024-07-01T18:03:04.484+0530] {dag.py:3954} INFO - Setting next_dagrun for example_branch_datetime_operator_3 to 2024-06-30 00:00:00+00:00, run_after=2024-07-01 00:00:00+00:00
[2024-07-01T18:03:04.493+0530] {processor.py:183} INFO - Processing /home/bharat/.local/lib/python3.11/site-packages/airflow/example_dags/example_branch_datetime_operator.py took 0.035 seconds
[2024-07-01T18:04:20.034+0530] {processor.py:161} INFO - Started process (PID=13420) to work on /home/bharat/.local/lib/python3.11/site-packages/airflow/example_dags/example_branch_datetime_operator.py
[2024-07-01T18:04:20.035+0530] {processor.py:830} INFO - Processing file /home/bharat/.local/lib/python3.11/site-packages/airflow/example_dags/example_branch_datetime_operator.py for tasks to queue
[2024-07-01T18:04:20.036+0530] {logging_mixin.py:188} INFO - [2024-07-01T18:04:20.036+0530] {dagbag.py:545} INFO - Filling up the DagBag from /home/bharat/.local/lib/python3.11/site-packages/airflow/example_dags/example_branch_datetime_operator.py
[2024-07-01T18:04:20.042+0530] {processor.py:840} INFO - DAG(s) 'example_branch_datetime_operator_2', 'example_branch_datetime_operator_3', 'example_branch_datetime_operator' retrieved from /home/bharat/.local/lib/python3.11/site-packages/airflow/example_dags/example_branch_datetime_operator.py
[2024-07-01T18:04:20.050+0530] {logging_mixin.py:188} INFO - [2024-07-01T18:04:20.050+0530] {dag.py:3096} INFO - Sync 3 DAGs
[2024-07-01T18:04:20.058+0530] {logging_mixin.py:188} INFO - [2024-07-01T18:04:20.058+0530] {dag.py:3954} INFO - Setting next_dagrun for example_branch_datetime_operator to 2024-06-30 00:00:00+00:00, run_after=2024-07-01 00:00:00+00:00
[2024-07-01T18:04:20.059+0530] {logging_mixin.py:188} INFO - [2024-07-01T18:04:20.059+0530] {dag.py:3954} INFO - Setting next_dagrun for example_branch_datetime_operator_2 to 2024-06-30 00:00:00+00:00, run_after=2024-07-01 00:00:00+00:00
[2024-07-01T18:04:20.060+0530] {logging_mixin.py:188} INFO - [2024-07-01T18:04:20.060+0530] {dag.py:3954} INFO - Setting next_dagrun for example_branch_datetime_operator_3 to 2024-06-30 00:00:00+00:00, run_after=2024-07-01 00:00:00+00:00
[2024-07-01T18:04:20.069+0530] {processor.py:183} INFO - Processing /home/bharat/.local/lib/python3.11/site-packages/airflow/example_dags/example_branch_datetime_operator.py took 0.043 seconds
[2024-07-01T18:05:14.275+0530] {processor.py:161} INFO - Started process (PID=13924) to work on /home/bharat/.local/lib/python3.11/site-packages/airflow/example_dags/example_branch_datetime_operator.py
[2024-07-01T18:05:14.276+0530] {processor.py:830} INFO - Processing file /home/bharat/.local/lib/python3.11/site-packages/airflow/example_dags/example_branch_datetime_operator.py for tasks to queue
[2024-07-01T18:05:14.277+0530] {logging_mixin.py:188} INFO - [2024-07-01T18:05:14.276+0530] {dagbag.py:545} INFO - Filling up the DagBag from /home/bharat/.local/lib/python3.11/site-packages/airflow/example_dags/example_branch_datetime_operator.py
[2024-07-01T18:05:14.281+0530] {processor.py:840} INFO - DAG(s) 'example_branch_datetime_operator', 'example_branch_datetime_operator_2', 'example_branch_datetime_operator_3' retrieved from /home/bharat/.local/lib/python3.11/site-packages/airflow/example_dags/example_branch_datetime_operator.py
[2024-07-01T18:05:14.289+0530] {logging_mixin.py:188} INFO - [2024-07-01T18:05:14.289+0530] {dag.py:3096} INFO - Sync 3 DAGs
[2024-07-01T18:05:14.296+0530] {logging_mixin.py:188} INFO - [2024-07-01T18:05:14.296+0530] {dag.py:3954} INFO - Setting next_dagrun for example_branch_datetime_operator to 2024-06-30 00:00:00+00:00, run_after=2024-07-01 00:00:00+00:00
[2024-07-01T18:05:14.298+0530] {logging_mixin.py:188} INFO - [2024-07-01T18:05:14.298+0530] {dag.py:3954} INFO - Setting next_dagrun for example_branch_datetime_operator_2 to 2024-06-30 00:00:00+00:00, run_after=2024-07-01 00:00:00+00:00
[2024-07-01T18:05:14.299+0530] {logging_mixin.py:188} INFO - [2024-07-01T18:05:14.299+0530] {dag.py:3954} INFO - Setting next_dagrun for example_branch_datetime_operator_3 to 2024-06-30 00:00:00+00:00, run_after=2024-07-01 00:00:00+00:00
[2024-07-01T18:05:14.307+0530] {processor.py:183} INFO - Processing /home/bharat/.local/lib/python3.11/site-packages/airflow/example_dags/example_branch_datetime_operator.py took 0.038 seconds
[2024-07-01T18:06:26.628+0530] {processor.py:161} INFO - Started process (PID=14057) to work on /home/bharat/.local/lib/python3.11/site-packages/airflow/example_dags/example_branch_datetime_operator.py
[2024-07-01T18:06:26.628+0530] {processor.py:830} INFO - Processing file /home/bharat/.local/lib/python3.11/site-packages/airflow/example_dags/example_branch_datetime_operator.py for tasks to queue
[2024-07-01T18:06:26.629+0530] {logging_mixin.py:188} INFO - [2024-07-01T18:06:26.629+0530] {dagbag.py:545} INFO - Filling up the DagBag from /home/bharat/.local/lib/python3.11/site-packages/airflow/example_dags/example_branch_datetime_operator.py
[2024-07-01T18:06:26.638+0530] {processor.py:840} INFO - DAG(s) 'example_branch_datetime_operator_2', 'example_branch_datetime_operator', 'example_branch_datetime_operator_3' retrieved from /home/bharat/.local/lib/python3.11/site-packages/airflow/example_dags/example_branch_datetime_operator.py
[2024-07-01T18:06:26.646+0530] {logging_mixin.py:188} INFO - [2024-07-01T18:06:26.646+0530] {dag.py:3096} INFO - Sync 3 DAGs
[2024-07-01T18:06:26.654+0530] {logging_mixin.py:188} INFO - [2024-07-01T18:06:26.654+0530] {dag.py:3954} INFO - Setting next_dagrun for example_branch_datetime_operator to 2024-06-30 00:00:00+00:00, run_after=2024-07-01 00:00:00+00:00
[2024-07-01T18:06:26.656+0530] {logging_mixin.py:188} INFO - [2024-07-01T18:06:26.656+0530] {dag.py:3954} INFO - Setting next_dagrun for example_branch_datetime_operator_2 to 2024-06-30 00:00:00+00:00, run_after=2024-07-01 00:00:00+00:00
[2024-07-01T18:06:26.656+0530] {logging_mixin.py:188} INFO - [2024-07-01T18:06:26.656+0530] {dag.py:3954} INFO - Setting next_dagrun for example_branch_datetime_operator_3 to 2024-06-30 00:00:00+00:00, run_after=2024-07-01 00:00:00+00:00
[2024-07-01T18:06:26.668+0530] {processor.py:183} INFO - Processing /home/bharat/.local/lib/python3.11/site-packages/airflow/example_dags/example_branch_datetime_operator.py took 0.046 seconds
[2024-07-01T18:07:19.223+0530] {processor.py:161} INFO - Started process (PID=14131) to work on /home/bharat/.local/lib/python3.11/site-packages/airflow/example_dags/example_branch_datetime_operator.py
[2024-07-01T18:07:19.223+0530] {processor.py:830} INFO - Processing file /home/bharat/.local/lib/python3.11/site-packages/airflow/example_dags/example_branch_datetime_operator.py for tasks to queue
[2024-07-01T18:07:19.224+0530] {logging_mixin.py:188} INFO - [2024-07-01T18:07:19.224+0530] {dagbag.py:545} INFO - Filling up the DagBag from /home/bharat/.local/lib/python3.11/site-packages/airflow/example_dags/example_branch_datetime_operator.py
[2024-07-01T18:07:19.228+0530] {processor.py:840} INFO - DAG(s) 'example_branch_datetime_operator', 'example_branch_datetime_operator_2', 'example_branch_datetime_operator_3' retrieved from /home/bharat/.local/lib/python3.11/site-packages/airflow/example_dags/example_branch_datetime_operator.py
[2024-07-01T18:07:19.237+0530] {logging_mixin.py:188} INFO - [2024-07-01T18:07:19.236+0530] {dag.py:3096} INFO - Sync 3 DAGs
[2024-07-01T18:07:19.244+0530] {logging_mixin.py:188} INFO - [2024-07-01T18:07:19.244+0530] {dag.py:3954} INFO - Setting next_dagrun for example_branch_datetime_operator to 2024-06-30 00:00:00+00:00, run_after=2024-07-01 00:00:00+00:00
[2024-07-01T18:07:19.246+0530] {logging_mixin.py:188} INFO - [2024-07-01T18:07:19.246+0530] {dag.py:3954} INFO - Setting next_dagrun for example_branch_datetime_operator_2 to 2024-06-30 00:00:00+00:00, run_after=2024-07-01 00:00:00+00:00
[2024-07-01T18:07:19.247+0530] {logging_mixin.py:188} INFO - [2024-07-01T18:07:19.247+0530] {dag.py:3954} INFO - Setting next_dagrun for example_branch_datetime_operator_3 to 2024-06-30 00:00:00+00:00, run_after=2024-07-01 00:00:00+00:00
[2024-07-01T18:07:19.256+0530] {processor.py:183} INFO - Processing /home/bharat/.local/lib/python3.11/site-packages/airflow/example_dags/example_branch_datetime_operator.py took 0.036 seconds
[2024-07-01T18:08:34.387+0530] {processor.py:161} INFO - Started process (PID=14256) to work on /home/bharat/.local/lib/python3.11/site-packages/airflow/example_dags/example_branch_datetime_operator.py
[2024-07-01T18:08:34.388+0530] {processor.py:830} INFO - Processing file /home/bharat/.local/lib/python3.11/site-packages/airflow/example_dags/example_branch_datetime_operator.py for tasks to queue
[2024-07-01T18:08:34.390+0530] {logging_mixin.py:188} INFO - [2024-07-01T18:08:34.389+0530] {dagbag.py:545} INFO - Filling up the DagBag from /home/bharat/.local/lib/python3.11/site-packages/airflow/example_dags/example_branch_datetime_operator.py
[2024-07-01T18:08:34.398+0530] {processor.py:840} INFO - DAG(s) 'example_branch_datetime_operator_2', 'example_branch_datetime_operator', 'example_branch_datetime_operator_3' retrieved from /home/bharat/.local/lib/python3.11/site-packages/airflow/example_dags/example_branch_datetime_operator.py
[2024-07-01T18:08:34.406+0530] {logging_mixin.py:188} INFO - [2024-07-01T18:08:34.406+0530] {dag.py:3096} INFO - Sync 3 DAGs
[2024-07-01T18:08:34.415+0530] {logging_mixin.py:188} INFO - [2024-07-01T18:08:34.414+0530] {dag.py:3954} INFO - Setting next_dagrun for example_branch_datetime_operator to 2024-06-30 00:00:00+00:00, run_after=2024-07-01 00:00:00+00:00
[2024-07-01T18:08:34.416+0530] {logging_mixin.py:188} INFO - [2024-07-01T18:08:34.416+0530] {dag.py:3954} INFO - Setting next_dagrun for example_branch_datetime_operator_2 to 2024-06-30 00:00:00+00:00, run_after=2024-07-01 00:00:00+00:00
[2024-07-01T18:08:34.417+0530] {logging_mixin.py:188} INFO - [2024-07-01T18:08:34.417+0530] {dag.py:3954} INFO - Setting next_dagrun for example_branch_datetime_operator_3 to 2024-06-30 00:00:00+00:00, run_after=2024-07-01 00:00:00+00:00
[2024-07-01T18:08:34.425+0530] {processor.py:183} INFO - Processing /home/bharat/.local/lib/python3.11/site-packages/airflow/example_dags/example_branch_datetime_operator.py took 0.043 seconds
[2024-07-01T18:09:27.842+0530] {processor.py:161} INFO - Started process (PID=14419) to work on /home/bharat/.local/lib/python3.11/site-packages/airflow/example_dags/example_branch_datetime_operator.py
[2024-07-01T18:09:27.843+0530] {processor.py:830} INFO - Processing file /home/bharat/.local/lib/python3.11/site-packages/airflow/example_dags/example_branch_datetime_operator.py for tasks to queue
[2024-07-01T18:09:27.843+0530] {logging_mixin.py:188} INFO - [2024-07-01T18:09:27.843+0530] {dagbag.py:545} INFO - Filling up the DagBag from /home/bharat/.local/lib/python3.11/site-packages/airflow/example_dags/example_branch_datetime_operator.py
[2024-07-01T18:09:27.847+0530] {processor.py:840} INFO - DAG(s) 'example_branch_datetime_operator_2', 'example_branch_datetime_operator', 'example_branch_datetime_operator_3' retrieved from /home/bharat/.local/lib/python3.11/site-packages/airflow/example_dags/example_branch_datetime_operator.py
[2024-07-01T18:09:27.855+0530] {logging_mixin.py:188} INFO - [2024-07-01T18:09:27.855+0530] {dag.py:3096} INFO - Sync 3 DAGs
[2024-07-01T18:09:27.863+0530] {logging_mixin.py:188} INFO - [2024-07-01T18:09:27.863+0530] {dag.py:3954} INFO - Setting next_dagrun for example_branch_datetime_operator to 2024-06-30 00:00:00+00:00, run_after=2024-07-01 00:00:00+00:00
[2024-07-01T18:09:27.864+0530] {logging_mixin.py:188} INFO - [2024-07-01T18:09:27.864+0530] {dag.py:3954} INFO - Setting next_dagrun for example_branch_datetime_operator_2 to 2024-06-30 00:00:00+00:00, run_after=2024-07-01 00:00:00+00:00
[2024-07-01T18:09:27.865+0530] {logging_mixin.py:188} INFO - [2024-07-01T18:09:27.865+0530] {dag.py:3954} INFO - Setting next_dagrun for example_branch_datetime_operator_3 to 2024-06-30 00:00:00+00:00, run_after=2024-07-01 00:00:00+00:00
[2024-07-01T18:09:27.874+0530] {processor.py:183} INFO - Processing /home/bharat/.local/lib/python3.11/site-packages/airflow/example_dags/example_branch_datetime_operator.py took 0.037 seconds
[2024-07-01T18:10:21.569+0530] {processor.py:161} INFO - Started process (PID=14502) to work on /home/bharat/.local/lib/python3.11/site-packages/airflow/example_dags/example_branch_datetime_operator.py
[2024-07-01T18:10:21.570+0530] {processor.py:830} INFO - Processing file /home/bharat/.local/lib/python3.11/site-packages/airflow/example_dags/example_branch_datetime_operator.py for tasks to queue
[2024-07-01T18:10:21.573+0530] {logging_mixin.py:188} INFO - [2024-07-01T18:10:21.572+0530] {dagbag.py:545} INFO - Filling up the DagBag from /home/bharat/.local/lib/python3.11/site-packages/airflow/example_dags/example_branch_datetime_operator.py
[2024-07-01T18:10:21.582+0530] {processor.py:840} INFO - DAG(s) 'example_branch_datetime_operator', 'example_branch_datetime_operator_2', 'example_branch_datetime_operator_3' retrieved from /home/bharat/.local/lib/python3.11/site-packages/airflow/example_dags/example_branch_datetime_operator.py
[2024-07-01T18:10:21.591+0530] {logging_mixin.py:188} INFO - [2024-07-01T18:10:21.591+0530] {dag.py:3096} INFO - Sync 3 DAGs
[2024-07-01T18:10:21.599+0530] {logging_mixin.py:188} INFO - [2024-07-01T18:10:21.599+0530] {dag.py:3954} INFO - Setting next_dagrun for example_branch_datetime_operator to 2024-06-30 00:00:00+00:00, run_after=2024-07-01 00:00:00+00:00
[2024-07-01T18:10:21.600+0530] {logging_mixin.py:188} INFO - [2024-07-01T18:10:21.600+0530] {dag.py:3954} INFO - Setting next_dagrun for example_branch_datetime_operator_2 to 2024-06-30 00:00:00+00:00, run_after=2024-07-01 00:00:00+00:00
[2024-07-01T18:10:21.601+0530] {logging_mixin.py:188} INFO - [2024-07-01T18:10:21.601+0530] {dag.py:3954} INFO - Setting next_dagrun for example_branch_datetime_operator_3 to 2024-06-30 00:00:00+00:00, run_after=2024-07-01 00:00:00+00:00
[2024-07-01T18:10:21.610+0530] {processor.py:183} INFO - Processing /home/bharat/.local/lib/python3.11/site-packages/airflow/example_dags/example_branch_datetime_operator.py took 0.047 seconds
[2024-07-01T18:11:39.739+0530] {processor.py:161} INFO - Started process (PID=14695) to work on /home/bharat/.local/lib/python3.11/site-packages/airflow/example_dags/example_branch_datetime_operator.py
[2024-07-01T18:11:39.740+0530] {processor.py:830} INFO - Processing file /home/bharat/.local/lib/python3.11/site-packages/airflow/example_dags/example_branch_datetime_operator.py for tasks to queue
[2024-07-01T18:11:39.740+0530] {logging_mixin.py:188} INFO - [2024-07-01T18:11:39.740+0530] {dagbag.py:545} INFO - Filling up the DagBag from /home/bharat/.local/lib/python3.11/site-packages/airflow/example_dags/example_branch_datetime_operator.py
[2024-07-01T18:11:39.747+0530] {processor.py:840} INFO - DAG(s) 'example_branch_datetime_operator', 'example_branch_datetime_operator_2', 'example_branch_datetime_operator_3' retrieved from /home/bharat/.local/lib/python3.11/site-packages/airflow/example_dags/example_branch_datetime_operator.py
[2024-07-01T18:11:39.756+0530] {logging_mixin.py:188} INFO - [2024-07-01T18:11:39.756+0530] {dag.py:3096} INFO - Sync 3 DAGs
[2024-07-01T18:11:39.764+0530] {logging_mixin.py:188} INFO - [2024-07-01T18:11:39.764+0530] {dag.py:3954} INFO - Setting next_dagrun for example_branch_datetime_operator to 2024-06-30 00:00:00+00:00, run_after=2024-07-01 00:00:00+00:00
[2024-07-01T18:11:39.765+0530] {logging_mixin.py:188} INFO - [2024-07-01T18:11:39.765+0530] {dag.py:3954} INFO - Setting next_dagrun for example_branch_datetime_operator_2 to 2024-06-30 00:00:00+00:00, run_after=2024-07-01 00:00:00+00:00
[2024-07-01T18:11:39.766+0530] {logging_mixin.py:188} INFO - [2024-07-01T18:11:39.766+0530] {dag.py:3954} INFO - Setting next_dagrun for example_branch_datetime_operator_3 to 2024-06-30 00:00:00+00:00, run_after=2024-07-01 00:00:00+00:00
[2024-07-01T18:11:39.775+0530] {processor.py:183} INFO - Processing /home/bharat/.local/lib/python3.11/site-packages/airflow/example_dags/example_branch_datetime_operator.py took 0.039 seconds
[2024-07-01T18:12:55.901+0530] {processor.py:161} INFO - Started process (PID=15121) to work on /home/bharat/.local/lib/python3.11/site-packages/airflow/example_dags/example_branch_datetime_operator.py
[2024-07-01T18:12:55.901+0530] {processor.py:830} INFO - Processing file /home/bharat/.local/lib/python3.11/site-packages/airflow/example_dags/example_branch_datetime_operator.py for tasks to queue
[2024-07-01T18:12:55.902+0530] {logging_mixin.py:188} INFO - [2024-07-01T18:12:55.902+0530] {dagbag.py:545} INFO - Filling up the DagBag from /home/bharat/.local/lib/python3.11/site-packages/airflow/example_dags/example_branch_datetime_operator.py
[2024-07-01T18:12:55.910+0530] {processor.py:840} INFO - DAG(s) 'example_branch_datetime_operator_2', 'example_branch_datetime_operator', 'example_branch_datetime_operator_3' retrieved from /home/bharat/.local/lib/python3.11/site-packages/airflow/example_dags/example_branch_datetime_operator.py
[2024-07-01T18:12:55.919+0530] {logging_mixin.py:188} INFO - [2024-07-01T18:12:55.919+0530] {dag.py:3096} INFO - Sync 3 DAGs
[2024-07-01T18:12:55.927+0530] {logging_mixin.py:188} INFO - [2024-07-01T18:12:55.927+0530] {dag.py:3954} INFO - Setting next_dagrun for example_branch_datetime_operator to 2024-06-30 00:00:00+00:00, run_after=2024-07-01 00:00:00+00:00
[2024-07-01T18:12:55.929+0530] {logging_mixin.py:188} INFO - [2024-07-01T18:12:55.929+0530] {dag.py:3954} INFO - Setting next_dagrun for example_branch_datetime_operator_2 to 2024-06-30 00:00:00+00:00, run_after=2024-07-01 00:00:00+00:00
[2024-07-01T18:12:55.930+0530] {logging_mixin.py:188} INFO - [2024-07-01T18:12:55.930+0530] {dag.py:3954} INFO - Setting next_dagrun for example_branch_datetime_operator_3 to 2024-06-30 00:00:00+00:00, run_after=2024-07-01 00:00:00+00:00
[2024-07-01T18:12:55.939+0530] {processor.py:183} INFO - Processing /home/bharat/.local/lib/python3.11/site-packages/airflow/example_dags/example_branch_datetime_operator.py took 0.043 seconds
