[2024-07-01T17:48:41.327+0530] {processor.py:161} INFO - Started process (PID=11031) to work on /home/bharat/.local/lib/python3.11/site-packages/airflow/example_dags/example_external_task_marker_dag.py
[2024-07-01T17:48:41.327+0530] {processor.py:830} INFO - Processing file /home/bharat/.local/lib/python3.11/site-packages/airflow/example_dags/example_external_task_marker_dag.py for tasks to queue
[2024-07-01T17:48:41.329+0530] {logging_mixin.py:188} INFO - [2024-07-01T17:48:41.328+0530] {dagbag.py:545} INFO - Filling up the DagBag from /home/bharat/.local/lib/python3.11/site-packages/airflow/example_dags/example_external_task_marker_dag.py
[2024-07-01T17:48:41.332+0530] {processor.py:840} INFO - DAG(s) 'example_external_task_marker_child', 'example_external_task_marker_parent' retrieved from /home/bharat/.local/lib/python3.11/site-packages/airflow/example_dags/example_external_task_marker_dag.py
[2024-07-01T17:48:41.411+0530] {logging_mixin.py:188} INFO - [2024-07-01T17:48:41.411+0530] {dag.py:3096} INFO - Sync 2 DAGs
[2024-07-01T17:48:41.415+0530] {logging_mixin.py:188} INFO - [2024-07-01T17:48:41.415+0530] {dag.py:3954} INFO - Setting next_dagrun for example_external_task_marker_child to None, run_after=None
[2024-07-01T17:48:41.416+0530] {logging_mixin.py:188} INFO - [2024-07-01T17:48:41.416+0530] {dag.py:3954} INFO - Setting next_dagrun for example_external_task_marker_parent to None, run_after=None
[2024-07-01T17:48:41.425+0530] {processor.py:183} INFO - Processing /home/bharat/.local/lib/python3.11/site-packages/airflow/example_dags/example_external_task_marker_dag.py took 0.103 seconds
[2024-07-01T17:49:49.140+0530] {processor.py:161} INFO - Started process (PID=11413) to work on /home/bharat/.local/lib/python3.11/site-packages/airflow/example_dags/example_external_task_marker_dag.py
[2024-07-01T17:49:49.141+0530] {processor.py:830} INFO - Processing file /home/bharat/.local/lib/python3.11/site-packages/airflow/example_dags/example_external_task_marker_dag.py for tasks to queue
[2024-07-01T17:49:49.143+0530] {logging_mixin.py:188} INFO - [2024-07-01T17:49:49.142+0530] {dagbag.py:545} INFO - Filling up the DagBag from /home/bharat/.local/lib/python3.11/site-packages/airflow/example_dags/example_external_task_marker_dag.py
[2024-07-01T17:49:49.193+0530] {processor.py:840} INFO - DAG(s) 'example_external_task_marker_child', 'example_external_task_marker_parent' retrieved from /home/bharat/.local/lib/python3.11/site-packages/airflow/example_dags/example_external_task_marker_dag.py
[2024-07-01T17:49:49.199+0530] {logging_mixin.py:188} INFO - [2024-07-01T17:49:49.198+0530] {dag.py:3096} INFO - Sync 2 DAGs
[2024-07-01T17:49:49.202+0530] {logging_mixin.py:188} INFO - [2024-07-01T17:49:49.202+0530] {dag.py:3954} INFO - Setting next_dagrun for example_external_task_marker_child to None, run_after=None
[2024-07-01T17:49:49.203+0530] {logging_mixin.py:188} INFO - [2024-07-01T17:49:49.203+0530] {dag.py:3954} INFO - Setting next_dagrun for example_external_task_marker_parent to None, run_after=None
[2024-07-01T17:49:49.211+0530] {processor.py:183} INFO - Processing /home/bharat/.local/lib/python3.11/site-packages/airflow/example_dags/example_external_task_marker_dag.py took 0.078 seconds
[2024-07-01T17:50:52.910+0530] {processor.py:161} INFO - Started process (PID=11504) to work on /home/bharat/.local/lib/python3.11/site-packages/airflow/example_dags/example_external_task_marker_dag.py
[2024-07-01T17:50:52.911+0530] {processor.py:830} INFO - Processing file /home/bharat/.local/lib/python3.11/site-packages/airflow/example_dags/example_external_task_marker_dag.py for tasks to queue
[2024-07-01T17:50:52.912+0530] {logging_mixin.py:188} INFO - [2024-07-01T17:50:52.912+0530] {dagbag.py:545} INFO - Filling up the DagBag from /home/bharat/.local/lib/python3.11/site-packages/airflow/example_dags/example_external_task_marker_dag.py
[2024-07-01T17:50:52.918+0530] {processor.py:840} INFO - DAG(s) 'example_external_task_marker_child', 'example_external_task_marker_parent' retrieved from /home/bharat/.local/lib/python3.11/site-packages/airflow/example_dags/example_external_task_marker_dag.py
[2024-07-01T17:50:52.926+0530] {logging_mixin.py:188} INFO - [2024-07-01T17:50:52.926+0530] {dag.py:3096} INFO - Sync 2 DAGs
[2024-07-01T17:50:52.930+0530] {logging_mixin.py:188} INFO - [2024-07-01T17:50:52.930+0530] {dag.py:3954} INFO - Setting next_dagrun for example_external_task_marker_child to None, run_after=None
[2024-07-01T17:50:52.931+0530] {logging_mixin.py:188} INFO - [2024-07-01T17:50:52.931+0530] {dag.py:3954} INFO - Setting next_dagrun for example_external_task_marker_parent to None, run_after=None
[2024-07-01T17:50:52.940+0530] {processor.py:183} INFO - Processing /home/bharat/.local/lib/python3.11/site-packages/airflow/example_dags/example_external_task_marker_dag.py took 0.035 seconds
[2024-07-01T17:51:49.447+0530] {processor.py:161} INFO - Started process (PID=11702) to work on /home/bharat/.local/lib/python3.11/site-packages/airflow/example_dags/example_external_task_marker_dag.py
[2024-07-01T17:51:49.448+0530] {processor.py:830} INFO - Processing file /home/bharat/.local/lib/python3.11/site-packages/airflow/example_dags/example_external_task_marker_dag.py for tasks to queue
[2024-07-01T17:51:49.449+0530] {logging_mixin.py:188} INFO - [2024-07-01T17:51:49.449+0530] {dagbag.py:545} INFO - Filling up the DagBag from /home/bharat/.local/lib/python3.11/site-packages/airflow/example_dags/example_external_task_marker_dag.py
[2024-07-01T17:51:49.455+0530] {processor.py:840} INFO - DAG(s) 'example_external_task_marker_parent', 'example_external_task_marker_child' retrieved from /home/bharat/.local/lib/python3.11/site-packages/airflow/example_dags/example_external_task_marker_dag.py
[2024-07-01T17:51:49.463+0530] {logging_mixin.py:188} INFO - [2024-07-01T17:51:49.463+0530] {dag.py:3096} INFO - Sync 2 DAGs
[2024-07-01T17:51:49.467+0530] {logging_mixin.py:188} INFO - [2024-07-01T17:51:49.467+0530] {dag.py:3954} INFO - Setting next_dagrun for example_external_task_marker_child to None, run_after=None
[2024-07-01T17:51:49.468+0530] {logging_mixin.py:188} INFO - [2024-07-01T17:51:49.468+0530] {dag.py:3954} INFO - Setting next_dagrun for example_external_task_marker_parent to None, run_after=None
[2024-07-01T17:51:49.512+0530] {processor.py:183} INFO - Processing /home/bharat/.local/lib/python3.11/site-packages/airflow/example_dags/example_external_task_marker_dag.py took 0.068 seconds
[2024-07-01T17:53:01.825+0530] {processor.py:161} INFO - Started process (PID=12091) to work on /home/bharat/.local/lib/python3.11/site-packages/airflow/example_dags/example_external_task_marker_dag.py
[2024-07-01T17:53:01.826+0530] {processor.py:830} INFO - Processing file /home/bharat/.local/lib/python3.11/site-packages/airflow/example_dags/example_external_task_marker_dag.py for tasks to queue
[2024-07-01T17:53:01.827+0530] {logging_mixin.py:188} INFO - [2024-07-01T17:53:01.827+0530] {dagbag.py:545} INFO - Filling up the DagBag from /home/bharat/.local/lib/python3.11/site-packages/airflow/example_dags/example_external_task_marker_dag.py
[2024-07-01T17:53:01.830+0530] {processor.py:840} INFO - DAG(s) 'example_external_task_marker_parent', 'example_external_task_marker_child' retrieved from /home/bharat/.local/lib/python3.11/site-packages/airflow/example_dags/example_external_task_marker_dag.py
[2024-07-01T17:53:01.839+0530] {logging_mixin.py:188} INFO - [2024-07-01T17:53:01.839+0530] {dag.py:3096} INFO - Sync 2 DAGs
[2024-07-01T17:53:01.844+0530] {logging_mixin.py:188} INFO - [2024-07-01T17:53:01.844+0530] {dag.py:3954} INFO - Setting next_dagrun for example_external_task_marker_child to None, run_after=None
[2024-07-01T17:53:01.846+0530] {logging_mixin.py:188} INFO - [2024-07-01T17:53:01.846+0530] {dag.py:3954} INFO - Setting next_dagrun for example_external_task_marker_parent to None, run_after=None
[2024-07-01T17:53:01.855+0530] {processor.py:183} INFO - Processing /home/bharat/.local/lib/python3.11/site-packages/airflow/example_dags/example_external_task_marker_dag.py took 0.034 seconds
[2024-07-01T17:54:04.969+0530] {processor.py:161} INFO - Started process (PID=12493) to work on /home/bharat/.local/lib/python3.11/site-packages/airflow/example_dags/example_external_task_marker_dag.py
[2024-07-01T17:54:04.970+0530] {processor.py:830} INFO - Processing file /home/bharat/.local/lib/python3.11/site-packages/airflow/example_dags/example_external_task_marker_dag.py for tasks to queue
[2024-07-01T17:54:04.971+0530] {logging_mixin.py:188} INFO - [2024-07-01T17:54:04.971+0530] {dagbag.py:545} INFO - Filling up the DagBag from /home/bharat/.local/lib/python3.11/site-packages/airflow/example_dags/example_external_task_marker_dag.py
[2024-07-01T17:54:04.976+0530] {processor.py:840} INFO - DAG(s) 'example_external_task_marker_child', 'example_external_task_marker_parent' retrieved from /home/bharat/.local/lib/python3.11/site-packages/airflow/example_dags/example_external_task_marker_dag.py
[2024-07-01T17:54:04.983+0530] {logging_mixin.py:188} INFO - [2024-07-01T17:54:04.983+0530] {dag.py:3096} INFO - Sync 2 DAGs
[2024-07-01T17:54:04.987+0530] {logging_mixin.py:188} INFO - [2024-07-01T17:54:04.987+0530] {dag.py:3954} INFO - Setting next_dagrun for example_external_task_marker_child to None, run_after=None
[2024-07-01T17:54:04.988+0530] {logging_mixin.py:188} INFO - [2024-07-01T17:54:04.988+0530] {dag.py:3954} INFO - Setting next_dagrun for example_external_task_marker_parent to None, run_after=None
[2024-07-01T17:54:04.997+0530] {processor.py:183} INFO - Processing /home/bharat/.local/lib/python3.11/site-packages/airflow/example_dags/example_external_task_marker_dag.py took 0.035 seconds
[2024-07-01T17:55:07.478+0530] {processor.py:161} INFO - Started process (PID=12592) to work on /home/bharat/.local/lib/python3.11/site-packages/airflow/example_dags/example_external_task_marker_dag.py
[2024-07-01T17:55:07.479+0530] {processor.py:830} INFO - Processing file /home/bharat/.local/lib/python3.11/site-packages/airflow/example_dags/example_external_task_marker_dag.py for tasks to queue
[2024-07-01T17:55:07.481+0530] {logging_mixin.py:188} INFO - [2024-07-01T17:55:07.480+0530] {dagbag.py:545} INFO - Filling up the DagBag from /home/bharat/.local/lib/python3.11/site-packages/airflow/example_dags/example_external_task_marker_dag.py
[2024-07-01T17:55:07.485+0530] {processor.py:840} INFO - DAG(s) 'example_external_task_marker_parent', 'example_external_task_marker_child' retrieved from /home/bharat/.local/lib/python3.11/site-packages/airflow/example_dags/example_external_task_marker_dag.py
[2024-07-01T17:55:07.494+0530] {logging_mixin.py:188} INFO - [2024-07-01T17:55:07.494+0530] {dag.py:3096} INFO - Sync 2 DAGs
[2024-07-01T17:55:07.498+0530] {logging_mixin.py:188} INFO - [2024-07-01T17:55:07.498+0530] {dag.py:3954} INFO - Setting next_dagrun for example_external_task_marker_child to None, run_after=None
[2024-07-01T17:55:07.500+0530] {logging_mixin.py:188} INFO - [2024-07-01T17:55:07.500+0530] {dag.py:3954} INFO - Setting next_dagrun for example_external_task_marker_parent to None, run_after=None
[2024-07-01T17:55:07.510+0530] {processor.py:183} INFO - Processing /home/bharat/.local/lib/python3.11/site-packages/airflow/example_dags/example_external_task_marker_dag.py took 0.038 seconds
[2024-07-01T17:56:00.349+0530] {processor.py:161} INFO - Started process (PID=12673) to work on /home/bharat/.local/lib/python3.11/site-packages/airflow/example_dags/example_external_task_marker_dag.py
[2024-07-01T17:56:00.350+0530] {processor.py:830} INFO - Processing file /home/bharat/.local/lib/python3.11/site-packages/airflow/example_dags/example_external_task_marker_dag.py for tasks to queue
[2024-07-01T17:56:00.352+0530] {logging_mixin.py:188} INFO - [2024-07-01T17:56:00.351+0530] {dagbag.py:545} INFO - Filling up the DagBag from /home/bharat/.local/lib/python3.11/site-packages/airflow/example_dags/example_external_task_marker_dag.py
[2024-07-01T17:56:00.356+0530] {processor.py:840} INFO - DAG(s) 'example_external_task_marker_child', 'example_external_task_marker_parent' retrieved from /home/bharat/.local/lib/python3.11/site-packages/airflow/example_dags/example_external_task_marker_dag.py
[2024-07-01T17:56:00.363+0530] {logging_mixin.py:188} INFO - [2024-07-01T17:56:00.363+0530] {dag.py:3096} INFO - Sync 2 DAGs
[2024-07-01T17:56:00.368+0530] {logging_mixin.py:188} INFO - [2024-07-01T17:56:00.368+0530] {dag.py:3954} INFO - Setting next_dagrun for example_external_task_marker_child to None, run_after=None
[2024-07-01T17:56:00.369+0530] {logging_mixin.py:188} INFO - [2024-07-01T17:56:00.369+0530] {dag.py:3954} INFO - Setting next_dagrun for example_external_task_marker_parent to None, run_after=None
[2024-07-01T17:56:00.377+0530] {processor.py:183} INFO - Processing /home/bharat/.local/lib/python3.11/site-packages/airflow/example_dags/example_external_task_marker_dag.py took 0.038 seconds
[2024-07-01T17:56:53.803+0530] {processor.py:161} INFO - Started process (PID=12746) to work on /home/bharat/.local/lib/python3.11/site-packages/airflow/example_dags/example_external_task_marker_dag.py
[2024-07-01T17:56:53.804+0530] {processor.py:830} INFO - Processing file /home/bharat/.local/lib/python3.11/site-packages/airflow/example_dags/example_external_task_marker_dag.py for tasks to queue
[2024-07-01T17:56:53.804+0530] {logging_mixin.py:188} INFO - [2024-07-01T17:56:53.804+0530] {dagbag.py:545} INFO - Filling up the DagBag from /home/bharat/.local/lib/python3.11/site-packages/airflow/example_dags/example_external_task_marker_dag.py
[2024-07-01T17:56:53.807+0530] {processor.py:840} INFO - DAG(s) 'example_external_task_marker_parent', 'example_external_task_marker_child' retrieved from /home/bharat/.local/lib/python3.11/site-packages/airflow/example_dags/example_external_task_marker_dag.py
[2024-07-01T17:56:53.814+0530] {logging_mixin.py:188} INFO - [2024-07-01T17:56:53.814+0530] {dag.py:3096} INFO - Sync 2 DAGs
[2024-07-01T17:56:53.818+0530] {logging_mixin.py:188} INFO - [2024-07-01T17:56:53.818+0530] {dag.py:3954} INFO - Setting next_dagrun for example_external_task_marker_child to None, run_after=None
[2024-07-01T17:56:53.819+0530] {logging_mixin.py:188} INFO - [2024-07-01T17:56:53.819+0530] {dag.py:3954} INFO - Setting next_dagrun for example_external_task_marker_parent to None, run_after=None
[2024-07-01T17:56:53.828+0530] {processor.py:183} INFO - Processing /home/bharat/.local/lib/python3.11/site-packages/airflow/example_dags/example_external_task_marker_dag.py took 0.029 seconds
[2024-07-01T17:57:46.912+0530] {processor.py:161} INFO - Started process (PID=12820) to work on /home/bharat/.local/lib/python3.11/site-packages/airflow/example_dags/example_external_task_marker_dag.py
[2024-07-01T17:57:46.912+0530] {processor.py:830} INFO - Processing file /home/bharat/.local/lib/python3.11/site-packages/airflow/example_dags/example_external_task_marker_dag.py for tasks to queue
[2024-07-01T17:57:46.913+0530] {logging_mixin.py:188} INFO - [2024-07-01T17:57:46.913+0530] {dagbag.py:545} INFO - Filling up the DagBag from /home/bharat/.local/lib/python3.11/site-packages/airflow/example_dags/example_external_task_marker_dag.py
[2024-07-01T17:57:46.916+0530] {processor.py:840} INFO - DAG(s) 'example_external_task_marker_child', 'example_external_task_marker_parent' retrieved from /home/bharat/.local/lib/python3.11/site-packages/airflow/example_dags/example_external_task_marker_dag.py
[2024-07-01T17:57:46.925+0530] {logging_mixin.py:188} INFO - [2024-07-01T17:57:46.925+0530] {dag.py:3096} INFO - Sync 2 DAGs
[2024-07-01T17:57:46.929+0530] {logging_mixin.py:188} INFO - [2024-07-01T17:57:46.929+0530] {dag.py:3954} INFO - Setting next_dagrun for example_external_task_marker_child to None, run_after=None
[2024-07-01T17:57:46.931+0530] {logging_mixin.py:188} INFO - [2024-07-01T17:57:46.931+0530] {dag.py:3954} INFO - Setting next_dagrun for example_external_task_marker_parent to None, run_after=None
[2024-07-01T17:57:46.939+0530] {processor.py:183} INFO - Processing /home/bharat/.local/lib/python3.11/site-packages/airflow/example_dags/example_external_task_marker_dag.py took 0.033 seconds
[2024-07-01T17:58:39.177+0530] {processor.py:161} INFO - Started process (PID=12921) to work on /home/bharat/.local/lib/python3.11/site-packages/airflow/example_dags/example_external_task_marker_dag.py
[2024-07-01T17:58:39.177+0530] {processor.py:830} INFO - Processing file /home/bharat/.local/lib/python3.11/site-packages/airflow/example_dags/example_external_task_marker_dag.py for tasks to queue
[2024-07-01T17:58:39.178+0530] {logging_mixin.py:188} INFO - [2024-07-01T17:58:39.178+0530] {dagbag.py:545} INFO - Filling up the DagBag from /home/bharat/.local/lib/python3.11/site-packages/airflow/example_dags/example_external_task_marker_dag.py
[2024-07-01T17:58:39.180+0530] {processor.py:840} INFO - DAG(s) 'example_external_task_marker_parent', 'example_external_task_marker_child' retrieved from /home/bharat/.local/lib/python3.11/site-packages/airflow/example_dags/example_external_task_marker_dag.py
[2024-07-01T17:58:39.187+0530] {logging_mixin.py:188} INFO - [2024-07-01T17:58:39.187+0530] {dag.py:3096} INFO - Sync 2 DAGs
[2024-07-01T17:58:39.192+0530] {logging_mixin.py:188} INFO - [2024-07-01T17:58:39.191+0530] {dag.py:3954} INFO - Setting next_dagrun for example_external_task_marker_child to None, run_after=None
[2024-07-01T17:58:39.193+0530] {logging_mixin.py:188} INFO - [2024-07-01T17:58:39.193+0530] {dag.py:3954} INFO - Setting next_dagrun for example_external_task_marker_parent to None, run_after=None
[2024-07-01T17:58:39.202+0530] {processor.py:183} INFO - Processing /home/bharat/.local/lib/python3.11/site-packages/airflow/example_dags/example_external_task_marker_dag.py took 0.028 seconds
[2024-07-01T17:59:29.572+0530] {processor.py:161} INFO - Started process (PID=12991) to work on /home/bharat/.local/lib/python3.11/site-packages/airflow/example_dags/example_external_task_marker_dag.py
[2024-07-01T17:59:29.573+0530] {processor.py:830} INFO - Processing file /home/bharat/.local/lib/python3.11/site-packages/airflow/example_dags/example_external_task_marker_dag.py for tasks to queue
[2024-07-01T17:59:29.574+0530] {logging_mixin.py:188} INFO - [2024-07-01T17:59:29.574+0530] {dagbag.py:545} INFO - Filling up the DagBag from /home/bharat/.local/lib/python3.11/site-packages/airflow/example_dags/example_external_task_marker_dag.py
[2024-07-01T17:59:29.580+0530] {processor.py:840} INFO - DAG(s) 'example_external_task_marker_parent', 'example_external_task_marker_child' retrieved from /home/bharat/.local/lib/python3.11/site-packages/airflow/example_dags/example_external_task_marker_dag.py
[2024-07-01T17:59:29.588+0530] {logging_mixin.py:188} INFO - [2024-07-01T17:59:29.588+0530] {dag.py:3096} INFO - Sync 2 DAGs
[2024-07-01T17:59:29.593+0530] {logging_mixin.py:188} INFO - [2024-07-01T17:59:29.593+0530] {dag.py:3954} INFO - Setting next_dagrun for example_external_task_marker_child to None, run_after=None
[2024-07-01T17:59:29.594+0530] {logging_mixin.py:188} INFO - [2024-07-01T17:59:29.594+0530] {dag.py:3954} INFO - Setting next_dagrun for example_external_task_marker_parent to None, run_after=None
[2024-07-01T17:59:29.603+0530] {processor.py:183} INFO - Processing /home/bharat/.local/lib/python3.11/site-packages/airflow/example_dags/example_external_task_marker_dag.py took 0.037 seconds
[2024-07-01T18:00:21.027+0530] {processor.py:161} INFO - Started process (PID=13068) to work on /home/bharat/.local/lib/python3.11/site-packages/airflow/example_dags/example_external_task_marker_dag.py
[2024-07-01T18:00:21.027+0530] {processor.py:830} INFO - Processing file /home/bharat/.local/lib/python3.11/site-packages/airflow/example_dags/example_external_task_marker_dag.py for tasks to queue
[2024-07-01T18:00:21.029+0530] {logging_mixin.py:188} INFO - [2024-07-01T18:00:21.029+0530] {dagbag.py:545} INFO - Filling up the DagBag from /home/bharat/.local/lib/python3.11/site-packages/airflow/example_dags/example_external_task_marker_dag.py
[2024-07-01T18:00:21.034+0530] {processor.py:840} INFO - DAG(s) 'example_external_task_marker_child', 'example_external_task_marker_parent' retrieved from /home/bharat/.local/lib/python3.11/site-packages/airflow/example_dags/example_external_task_marker_dag.py
[2024-07-01T18:00:21.042+0530] {logging_mixin.py:188} INFO - [2024-07-01T18:00:21.042+0530] {dag.py:3096} INFO - Sync 2 DAGs
[2024-07-01T18:00:21.047+0530] {logging_mixin.py:188} INFO - [2024-07-01T18:00:21.047+0530] {dag.py:3954} INFO - Setting next_dagrun for example_external_task_marker_child to None, run_after=None
[2024-07-01T18:00:21.048+0530] {logging_mixin.py:188} INFO - [2024-07-01T18:00:21.048+0530] {dag.py:3954} INFO - Setting next_dagrun for example_external_task_marker_parent to None, run_after=None
[2024-07-01T18:00:21.057+0530] {processor.py:183} INFO - Processing /home/bharat/.local/lib/python3.11/site-packages/airflow/example_dags/example_external_task_marker_dag.py took 0.035 seconds
[2024-07-01T18:01:13.654+0530] {processor.py:161} INFO - Started process (PID=13143) to work on /home/bharat/.local/lib/python3.11/site-packages/airflow/example_dags/example_external_task_marker_dag.py
[2024-07-01T18:01:13.655+0530] {processor.py:830} INFO - Processing file /home/bharat/.local/lib/python3.11/site-packages/airflow/example_dags/example_external_task_marker_dag.py for tasks to queue
[2024-07-01T18:01:13.656+0530] {logging_mixin.py:188} INFO - [2024-07-01T18:01:13.656+0530] {dagbag.py:545} INFO - Filling up the DagBag from /home/bharat/.local/lib/python3.11/site-packages/airflow/example_dags/example_external_task_marker_dag.py
[2024-07-01T18:01:13.662+0530] {processor.py:840} INFO - DAG(s) 'example_external_task_marker_child', 'example_external_task_marker_parent' retrieved from /home/bharat/.local/lib/python3.11/site-packages/airflow/example_dags/example_external_task_marker_dag.py
[2024-07-01T18:01:13.670+0530] {logging_mixin.py:188} INFO - [2024-07-01T18:01:13.670+0530] {dag.py:3096} INFO - Sync 2 DAGs
[2024-07-01T18:01:13.674+0530] {logging_mixin.py:188} INFO - [2024-07-01T18:01:13.674+0530] {dag.py:3954} INFO - Setting next_dagrun for example_external_task_marker_child to None, run_after=None
[2024-07-01T18:01:13.675+0530] {logging_mixin.py:188} INFO - [2024-07-01T18:01:13.675+0530] {dag.py:3954} INFO - Setting next_dagrun for example_external_task_marker_parent to None, run_after=None
[2024-07-01T18:01:13.684+0530] {processor.py:183} INFO - Processing /home/bharat/.local/lib/python3.11/site-packages/airflow/example_dags/example_external_task_marker_dag.py took 0.034 seconds
[2024-07-01T18:02:06.058+0530] {processor.py:161} INFO - Started process (PID=13216) to work on /home/bharat/.local/lib/python3.11/site-packages/airflow/example_dags/example_external_task_marker_dag.py
[2024-07-01T18:02:06.059+0530] {processor.py:830} INFO - Processing file /home/bharat/.local/lib/python3.11/site-packages/airflow/example_dags/example_external_task_marker_dag.py for tasks to queue
[2024-07-01T18:02:06.060+0530] {logging_mixin.py:188} INFO - [2024-07-01T18:02:06.060+0530] {dagbag.py:545} INFO - Filling up the DagBag from /home/bharat/.local/lib/python3.11/site-packages/airflow/example_dags/example_external_task_marker_dag.py
[2024-07-01T18:02:06.064+0530] {processor.py:840} INFO - DAG(s) 'example_external_task_marker_parent', 'example_external_task_marker_child' retrieved from /home/bharat/.local/lib/python3.11/site-packages/airflow/example_dags/example_external_task_marker_dag.py
[2024-07-01T18:02:06.071+0530] {logging_mixin.py:188} INFO - [2024-07-01T18:02:06.071+0530] {dag.py:3096} INFO - Sync 2 DAGs
[2024-07-01T18:02:06.076+0530] {logging_mixin.py:188} INFO - [2024-07-01T18:02:06.076+0530] {dag.py:3954} INFO - Setting next_dagrun for example_external_task_marker_child to None, run_after=None
[2024-07-01T18:02:06.077+0530] {logging_mixin.py:188} INFO - [2024-07-01T18:02:06.077+0530] {dag.py:3954} INFO - Setting next_dagrun for example_external_task_marker_parent to None, run_after=None
[2024-07-01T18:02:06.087+0530] {processor.py:183} INFO - Processing /home/bharat/.local/lib/python3.11/site-packages/airflow/example_dags/example_external_task_marker_dag.py took 0.036 seconds
[2024-07-01T18:02:59.006+0530] {processor.py:161} INFO - Started process (PID=13289) to work on /home/bharat/.local/lib/python3.11/site-packages/airflow/example_dags/example_external_task_marker_dag.py
[2024-07-01T18:02:59.007+0530] {processor.py:830} INFO - Processing file /home/bharat/.local/lib/python3.11/site-packages/airflow/example_dags/example_external_task_marker_dag.py for tasks to queue
[2024-07-01T18:02:59.008+0530] {logging_mixin.py:188} INFO - [2024-07-01T18:02:59.008+0530] {dagbag.py:545} INFO - Filling up the DagBag from /home/bharat/.local/lib/python3.11/site-packages/airflow/example_dags/example_external_task_marker_dag.py
[2024-07-01T18:02:59.015+0530] {processor.py:840} INFO - DAG(s) 'example_external_task_marker_child', 'example_external_task_marker_parent' retrieved from /home/bharat/.local/lib/python3.11/site-packages/airflow/example_dags/example_external_task_marker_dag.py
[2024-07-01T18:02:59.024+0530] {logging_mixin.py:188} INFO - [2024-07-01T18:02:59.024+0530] {dag.py:3096} INFO - Sync 2 DAGs
[2024-07-01T18:02:59.028+0530] {logging_mixin.py:188} INFO - [2024-07-01T18:02:59.028+0530] {dag.py:3954} INFO - Setting next_dagrun for example_external_task_marker_child to None, run_after=None
[2024-07-01T18:02:59.029+0530] {logging_mixin.py:188} INFO - [2024-07-01T18:02:59.029+0530] {dag.py:3954} INFO - Setting next_dagrun for example_external_task_marker_parent to None, run_after=None
[2024-07-01T18:02:59.038+0530] {processor.py:183} INFO - Processing /home/bharat/.local/lib/python3.11/site-packages/airflow/example_dags/example_external_task_marker_dag.py took 0.039 seconds
[2024-07-01T18:03:49.253+0530] {processor.py:161} INFO - Started process (PID=13388) to work on /home/bharat/.local/lib/python3.11/site-packages/airflow/example_dags/example_external_task_marker_dag.py
[2024-07-01T18:03:49.253+0530] {processor.py:830} INFO - Processing file /home/bharat/.local/lib/python3.11/site-packages/airflow/example_dags/example_external_task_marker_dag.py for tasks to queue
[2024-07-01T18:03:49.255+0530] {logging_mixin.py:188} INFO - [2024-07-01T18:03:49.255+0530] {dagbag.py:545} INFO - Filling up the DagBag from /home/bharat/.local/lib/python3.11/site-packages/airflow/example_dags/example_external_task_marker_dag.py
[2024-07-01T18:03:49.261+0530] {processor.py:840} INFO - DAG(s) 'example_external_task_marker_child', 'example_external_task_marker_parent' retrieved from /home/bharat/.local/lib/python3.11/site-packages/airflow/example_dags/example_external_task_marker_dag.py
[2024-07-01T18:03:49.269+0530] {logging_mixin.py:188} INFO - [2024-07-01T18:03:49.269+0530] {dag.py:3096} INFO - Sync 2 DAGs
[2024-07-01T18:03:49.274+0530] {logging_mixin.py:188} INFO - [2024-07-01T18:03:49.274+0530] {dag.py:3954} INFO - Setting next_dagrun for example_external_task_marker_child to None, run_after=None
[2024-07-01T18:03:49.275+0530] {logging_mixin.py:188} INFO - [2024-07-01T18:03:49.275+0530] {dag.py:3954} INFO - Setting next_dagrun for example_external_task_marker_parent to None, run_after=None
[2024-07-01T18:03:49.285+0530] {processor.py:183} INFO - Processing /home/bharat/.local/lib/python3.11/site-packages/airflow/example_dags/example_external_task_marker_dag.py took 0.037 seconds
[2024-07-01T18:04:42.984+0530] {processor.py:161} INFO - Started process (PID=13862) to work on /home/bharat/.local/lib/python3.11/site-packages/airflow/example_dags/example_external_task_marker_dag.py
[2024-07-01T18:04:42.985+0530] {processor.py:830} INFO - Processing file /home/bharat/.local/lib/python3.11/site-packages/airflow/example_dags/example_external_task_marker_dag.py for tasks to queue
[2024-07-01T18:04:42.986+0530] {logging_mixin.py:188} INFO - [2024-07-01T18:04:42.986+0530] {dagbag.py:545} INFO - Filling up the DagBag from /home/bharat/.local/lib/python3.11/site-packages/airflow/example_dags/example_external_task_marker_dag.py
[2024-07-01T18:04:42.991+0530] {processor.py:840} INFO - DAG(s) 'example_external_task_marker_parent', 'example_external_task_marker_child' retrieved from /home/bharat/.local/lib/python3.11/site-packages/airflow/example_dags/example_external_task_marker_dag.py
[2024-07-01T18:04:43.005+0530] {logging_mixin.py:188} INFO - [2024-07-01T18:04:43.005+0530] {dag.py:3096} INFO - Sync 2 DAGs
[2024-07-01T18:04:43.010+0530] {logging_mixin.py:188} INFO - [2024-07-01T18:04:43.010+0530] {dag.py:3954} INFO - Setting next_dagrun for example_external_task_marker_child to None, run_after=None
[2024-07-01T18:04:43.011+0530] {logging_mixin.py:188} INFO - [2024-07-01T18:04:43.011+0530] {dag.py:3954} INFO - Setting next_dagrun for example_external_task_marker_parent to None, run_after=None
[2024-07-01T18:04:43.020+0530] {processor.py:183} INFO - Processing /home/bharat/.local/lib/python3.11/site-packages/airflow/example_dags/example_external_task_marker_dag.py took 0.041 seconds
[2024-07-01T18:05:34.880+0530] {processor.py:161} INFO - Started process (PID=13970) to work on /home/bharat/.local/lib/python3.11/site-packages/airflow/example_dags/example_external_task_marker_dag.py
[2024-07-01T18:05:34.881+0530] {processor.py:830} INFO - Processing file /home/bharat/.local/lib/python3.11/site-packages/airflow/example_dags/example_external_task_marker_dag.py for tasks to queue
[2024-07-01T18:05:34.882+0530] {logging_mixin.py:188} INFO - [2024-07-01T18:05:34.881+0530] {dagbag.py:545} INFO - Filling up the DagBag from /home/bharat/.local/lib/python3.11/site-packages/airflow/example_dags/example_external_task_marker_dag.py
[2024-07-01T18:05:34.885+0530] {processor.py:840} INFO - DAG(s) 'example_external_task_marker_parent', 'example_external_task_marker_child' retrieved from /home/bharat/.local/lib/python3.11/site-packages/airflow/example_dags/example_external_task_marker_dag.py
[2024-07-01T18:05:34.892+0530] {logging_mixin.py:188} INFO - [2024-07-01T18:05:34.892+0530] {dag.py:3096} INFO - Sync 2 DAGs
[2024-07-01T18:05:34.898+0530] {logging_mixin.py:188} INFO - [2024-07-01T18:05:34.898+0530] {dag.py:3954} INFO - Setting next_dagrun for example_external_task_marker_child to None, run_after=None
[2024-07-01T18:05:34.899+0530] {logging_mixin.py:188} INFO - [2024-07-01T18:05:34.899+0530] {dag.py:3954} INFO - Setting next_dagrun for example_external_task_marker_parent to None, run_after=None
[2024-07-01T18:05:34.908+0530] {processor.py:183} INFO - Processing /home/bharat/.local/lib/python3.11/site-packages/airflow/example_dags/example_external_task_marker_dag.py took 0.032 seconds
[2024-07-01T18:06:25.045+0530] {processor.py:161} INFO - Started process (PID=14055) to work on /home/bharat/.local/lib/python3.11/site-packages/airflow/example_dags/example_external_task_marker_dag.py
[2024-07-01T18:06:25.046+0530] {processor.py:830} INFO - Processing file /home/bharat/.local/lib/python3.11/site-packages/airflow/example_dags/example_external_task_marker_dag.py for tasks to queue
[2024-07-01T18:06:25.047+0530] {logging_mixin.py:188} INFO - [2024-07-01T18:06:25.047+0530] {dagbag.py:545} INFO - Filling up the DagBag from /home/bharat/.local/lib/python3.11/site-packages/airflow/example_dags/example_external_task_marker_dag.py
[2024-07-01T18:06:25.053+0530] {processor.py:840} INFO - DAG(s) 'example_external_task_marker_child', 'example_external_task_marker_parent' retrieved from /home/bharat/.local/lib/python3.11/site-packages/airflow/example_dags/example_external_task_marker_dag.py
[2024-07-01T18:06:25.061+0530] {logging_mixin.py:188} INFO - [2024-07-01T18:06:25.060+0530] {dag.py:3096} INFO - Sync 2 DAGs
[2024-07-01T18:06:25.065+0530] {logging_mixin.py:188} INFO - [2024-07-01T18:06:25.065+0530] {dag.py:3954} INFO - Setting next_dagrun for example_external_task_marker_child to None, run_after=None
[2024-07-01T18:06:25.066+0530] {logging_mixin.py:188} INFO - [2024-07-01T18:06:25.066+0530] {dag.py:3954} INFO - Setting next_dagrun for example_external_task_marker_parent to None, run_after=None
[2024-07-01T18:06:25.075+0530] {processor.py:183} INFO - Processing /home/bharat/.local/lib/python3.11/site-packages/airflow/example_dags/example_external_task_marker_dag.py took 0.032 seconds
[2024-07-01T18:07:15.306+0530] {processor.py:161} INFO - Started process (PID=14126) to work on /home/bharat/.local/lib/python3.11/site-packages/airflow/example_dags/example_external_task_marker_dag.py
[2024-07-01T18:07:15.307+0530] {processor.py:830} INFO - Processing file /home/bharat/.local/lib/python3.11/site-packages/airflow/example_dags/example_external_task_marker_dag.py for tasks to queue
[2024-07-01T18:07:15.308+0530] {logging_mixin.py:188} INFO - [2024-07-01T18:07:15.307+0530] {dagbag.py:545} INFO - Filling up the DagBag from /home/bharat/.local/lib/python3.11/site-packages/airflow/example_dags/example_external_task_marker_dag.py
[2024-07-01T18:07:15.310+0530] {processor.py:840} INFO - DAG(s) 'example_external_task_marker_child', 'example_external_task_marker_parent' retrieved from /home/bharat/.local/lib/python3.11/site-packages/airflow/example_dags/example_external_task_marker_dag.py
[2024-07-01T18:07:15.317+0530] {logging_mixin.py:188} INFO - [2024-07-01T18:07:15.317+0530] {dag.py:3096} INFO - Sync 2 DAGs
[2024-07-01T18:07:15.321+0530] {logging_mixin.py:188} INFO - [2024-07-01T18:07:15.321+0530] {dag.py:3954} INFO - Setting next_dagrun for example_external_task_marker_child to None, run_after=None
[2024-07-01T18:07:15.323+0530] {logging_mixin.py:188} INFO - [2024-07-01T18:07:15.323+0530] {dag.py:3954} INFO - Setting next_dagrun for example_external_task_marker_parent to None, run_after=None
[2024-07-01T18:07:15.332+0530] {processor.py:183} INFO - Processing /home/bharat/.local/lib/python3.11/site-packages/airflow/example_dags/example_external_task_marker_dag.py took 0.031 seconds
[2024-07-01T18:08:04.605+0530] {processor.py:161} INFO - Started process (PID=14197) to work on /home/bharat/.local/lib/python3.11/site-packages/airflow/example_dags/example_external_task_marker_dag.py
[2024-07-01T18:08:04.605+0530] {processor.py:830} INFO - Processing file /home/bharat/.local/lib/python3.11/site-packages/airflow/example_dags/example_external_task_marker_dag.py for tasks to queue
[2024-07-01T18:08:04.606+0530] {logging_mixin.py:188} INFO - [2024-07-01T18:08:04.606+0530] {dagbag.py:545} INFO - Filling up the DagBag from /home/bharat/.local/lib/python3.11/site-packages/airflow/example_dags/example_external_task_marker_dag.py
[2024-07-01T18:08:04.608+0530] {processor.py:840} INFO - DAG(s) 'example_external_task_marker_parent', 'example_external_task_marker_child' retrieved from /home/bharat/.local/lib/python3.11/site-packages/airflow/example_dags/example_external_task_marker_dag.py
[2024-07-01T18:08:04.615+0530] {logging_mixin.py:188} INFO - [2024-07-01T18:08:04.615+0530] {dag.py:3096} INFO - Sync 2 DAGs
[2024-07-01T18:08:04.620+0530] {logging_mixin.py:188} INFO - [2024-07-01T18:08:04.620+0530] {dag.py:3954} INFO - Setting next_dagrun for example_external_task_marker_child to None, run_after=None
[2024-07-01T18:08:04.621+0530] {logging_mixin.py:188} INFO - [2024-07-01T18:08:04.621+0530] {dag.py:3954} INFO - Setting next_dagrun for example_external_task_marker_parent to None, run_after=None
[2024-07-01T18:08:04.629+0530] {processor.py:183} INFO - Processing /home/bharat/.local/lib/python3.11/site-packages/airflow/example_dags/example_external_task_marker_dag.py took 0.027 seconds
[2024-07-01T18:08:55.989+0530] {processor.py:161} INFO - Started process (PID=14305) to work on /home/bharat/.local/lib/python3.11/site-packages/airflow/example_dags/example_external_task_marker_dag.py
[2024-07-01T18:08:55.990+0530] {processor.py:830} INFO - Processing file /home/bharat/.local/lib/python3.11/site-packages/airflow/example_dags/example_external_task_marker_dag.py for tasks to queue
[2024-07-01T18:08:55.991+0530] {logging_mixin.py:188} INFO - [2024-07-01T18:08:55.991+0530] {dagbag.py:545} INFO - Filling up the DagBag from /home/bharat/.local/lib/python3.11/site-packages/airflow/example_dags/example_external_task_marker_dag.py
[2024-07-01T18:08:55.996+0530] {processor.py:840} INFO - DAG(s) 'example_external_task_marker_parent', 'example_external_task_marker_child' retrieved from /home/bharat/.local/lib/python3.11/site-packages/airflow/example_dags/example_external_task_marker_dag.py
[2024-07-01T18:08:56.005+0530] {logging_mixin.py:188} INFO - [2024-07-01T18:08:56.005+0530] {dag.py:3096} INFO - Sync 2 DAGs
[2024-07-01T18:08:56.010+0530] {logging_mixin.py:188} INFO - [2024-07-01T18:08:56.009+0530] {dag.py:3954} INFO - Setting next_dagrun for example_external_task_marker_child to None, run_after=None
[2024-07-01T18:08:56.011+0530] {logging_mixin.py:188} INFO - [2024-07-01T18:08:56.011+0530] {dag.py:3954} INFO - Setting next_dagrun for example_external_task_marker_parent to None, run_after=None
[2024-07-01T18:08:56.022+0530] {processor.py:183} INFO - Processing /home/bharat/.local/lib/python3.11/site-packages/airflow/example_dags/example_external_task_marker_dag.py took 0.035 seconds
[2024-07-01T18:09:50.062+0530] {processor.py:161} INFO - Started process (PID=14464) to work on /home/bharat/.local/lib/python3.11/site-packages/airflow/example_dags/example_external_task_marker_dag.py
[2024-07-01T18:09:50.062+0530] {processor.py:830} INFO - Processing file /home/bharat/.local/lib/python3.11/site-packages/airflow/example_dags/example_external_task_marker_dag.py for tasks to queue
[2024-07-01T18:09:50.063+0530] {logging_mixin.py:188} INFO - [2024-07-01T18:09:50.063+0530] {dagbag.py:545} INFO - Filling up the DagBag from /home/bharat/.local/lib/python3.11/site-packages/airflow/example_dags/example_external_task_marker_dag.py
[2024-07-01T18:09:50.066+0530] {processor.py:840} INFO - DAG(s) 'example_external_task_marker_parent', 'example_external_task_marker_child' retrieved from /home/bharat/.local/lib/python3.11/site-packages/airflow/example_dags/example_external_task_marker_dag.py
[2024-07-01T18:09:50.075+0530] {logging_mixin.py:188} INFO - [2024-07-01T18:09:50.075+0530] {dag.py:3096} INFO - Sync 2 DAGs
[2024-07-01T18:09:50.080+0530] {logging_mixin.py:188} INFO - [2024-07-01T18:09:50.080+0530] {dag.py:3954} INFO - Setting next_dagrun for example_external_task_marker_child to None, run_after=None
[2024-07-01T18:09:50.081+0530] {logging_mixin.py:188} INFO - [2024-07-01T18:09:50.081+0530] {dag.py:3954} INFO - Setting next_dagrun for example_external_task_marker_parent to None, run_after=None
[2024-07-01T18:09:50.090+0530] {processor.py:183} INFO - Processing /home/bharat/.local/lib/python3.11/site-packages/airflow/example_dags/example_external_task_marker_dag.py took 0.031 seconds
[2024-07-01T18:10:42.529+0530] {processor.py:161} INFO - Started process (PID=14554) to work on /home/bharat/.local/lib/python3.11/site-packages/airflow/example_dags/example_external_task_marker_dag.py
[2024-07-01T18:10:42.530+0530] {processor.py:830} INFO - Processing file /home/bharat/.local/lib/python3.11/site-packages/airflow/example_dags/example_external_task_marker_dag.py for tasks to queue
[2024-07-01T18:10:42.530+0530] {logging_mixin.py:188} INFO - [2024-07-01T18:10:42.530+0530] {dagbag.py:545} INFO - Filling up the DagBag from /home/bharat/.local/lib/python3.11/site-packages/airflow/example_dags/example_external_task_marker_dag.py
[2024-07-01T18:10:42.533+0530] {processor.py:840} INFO - DAG(s) 'example_external_task_marker_child', 'example_external_task_marker_parent' retrieved from /home/bharat/.local/lib/python3.11/site-packages/airflow/example_dags/example_external_task_marker_dag.py
[2024-07-01T18:10:42.540+0530] {logging_mixin.py:188} INFO - [2024-07-01T18:10:42.540+0530] {dag.py:3096} INFO - Sync 2 DAGs
[2024-07-01T18:10:42.544+0530] {logging_mixin.py:188} INFO - [2024-07-01T18:10:42.544+0530] {dag.py:3954} INFO - Setting next_dagrun for example_external_task_marker_child to None, run_after=None
[2024-07-01T18:10:42.546+0530] {logging_mixin.py:188} INFO - [2024-07-01T18:10:42.546+0530] {dag.py:3954} INFO - Setting next_dagrun for example_external_task_marker_parent to None, run_after=None
[2024-07-01T18:10:42.556+0530] {processor.py:183} INFO - Processing /home/bharat/.local/lib/python3.11/site-packages/airflow/example_dags/example_external_task_marker_dag.py took 0.033 seconds
[2024-07-01T18:11:35.115+0530] {processor.py:161} INFO - Started process (PID=14686) to work on /home/bharat/.local/lib/python3.11/site-packages/airflow/example_dags/example_external_task_marker_dag.py
[2024-07-01T18:11:35.116+0530] {processor.py:830} INFO - Processing file /home/bharat/.local/lib/python3.11/site-packages/airflow/example_dags/example_external_task_marker_dag.py for tasks to queue
[2024-07-01T18:11:35.117+0530] {logging_mixin.py:188} INFO - [2024-07-01T18:11:35.116+0530] {dagbag.py:545} INFO - Filling up the DagBag from /home/bharat/.local/lib/python3.11/site-packages/airflow/example_dags/example_external_task_marker_dag.py
[2024-07-01T18:11:35.119+0530] {processor.py:840} INFO - DAG(s) 'example_external_task_marker_parent', 'example_external_task_marker_child' retrieved from /home/bharat/.local/lib/python3.11/site-packages/airflow/example_dags/example_external_task_marker_dag.py
[2024-07-01T18:11:35.126+0530] {logging_mixin.py:188} INFO - [2024-07-01T18:11:35.126+0530] {dag.py:3096} INFO - Sync 2 DAGs
[2024-07-01T18:11:35.130+0530] {logging_mixin.py:188} INFO - [2024-07-01T18:11:35.130+0530] {dag.py:3954} INFO - Setting next_dagrun for example_external_task_marker_child to None, run_after=None
[2024-07-01T18:11:35.132+0530] {logging_mixin.py:188} INFO - [2024-07-01T18:11:35.132+0530] {dag.py:3954} INFO - Setting next_dagrun for example_external_task_marker_parent to None, run_after=None
[2024-07-01T18:11:35.141+0530] {processor.py:183} INFO - Processing /home/bharat/.local/lib/python3.11/site-packages/airflow/example_dags/example_external_task_marker_dag.py took 0.029 seconds
[2024-07-01T18:12:26.764+0530] {processor.py:161} INFO - Started process (PID=14897) to work on /home/bharat/.local/lib/python3.11/site-packages/airflow/example_dags/example_external_task_marker_dag.py
[2024-07-01T18:12:26.765+0530] {processor.py:830} INFO - Processing file /home/bharat/.local/lib/python3.11/site-packages/airflow/example_dags/example_external_task_marker_dag.py for tasks to queue
[2024-07-01T18:12:26.767+0530] {logging_mixin.py:188} INFO - [2024-07-01T18:12:26.766+0530] {dagbag.py:545} INFO - Filling up the DagBag from /home/bharat/.local/lib/python3.11/site-packages/airflow/example_dags/example_external_task_marker_dag.py
[2024-07-01T18:12:26.771+0530] {processor.py:840} INFO - DAG(s) 'example_external_task_marker_parent', 'example_external_task_marker_child' retrieved from /home/bharat/.local/lib/python3.11/site-packages/airflow/example_dags/example_external_task_marker_dag.py
[2024-07-01T18:12:26.778+0530] {logging_mixin.py:188} INFO - [2024-07-01T18:12:26.778+0530] {dag.py:3096} INFO - Sync 2 DAGs
[2024-07-01T18:12:26.783+0530] {logging_mixin.py:188} INFO - [2024-07-01T18:12:26.783+0530] {dag.py:3954} INFO - Setting next_dagrun for example_external_task_marker_child to None, run_after=None
[2024-07-01T18:12:26.784+0530] {logging_mixin.py:188} INFO - [2024-07-01T18:12:26.784+0530] {dag.py:3954} INFO - Setting next_dagrun for example_external_task_marker_parent to None, run_after=None
[2024-07-01T18:12:26.792+0530] {processor.py:183} INFO - Processing /home/bharat/.local/lib/python3.11/site-packages/airflow/example_dags/example_external_task_marker_dag.py took 0.036 seconds
