[2024-07-01T17:48:32.060+0530] {processor.py:161} INFO - Started process (PID=11002) to work on /home/bharat/.local/lib/python3.11/site-packages/airflow/example_dags/tutorial_taskflow_api_virtualenv.py
[2024-07-01T17:48:32.060+0530] {processor.py:830} INFO - Processing file /home/bharat/.local/lib/python3.11/site-packages/airflow/example_dags/tutorial_taskflow_api_virtualenv.py for tasks to queue
[2024-07-01T17:48:32.061+0530] {logging_mixin.py:188} INFO - [2024-07-01T17:48:32.061+0530] {dagbag.py:545} INFO - Filling up the DagBag from /home/bharat/.local/lib/python3.11/site-packages/airflow/example_dags/tutorial_taskflow_api_virtualenv.py
[2024-07-01T17:48:32.062+0530] {logging_mixin.py:188} INFO - [2024-07-01T17:48:32.062+0530] {tutorial_taskflow_api_virtualenv.py:29} WARNING - The tutorial_taskflow_api_virtualenv example DAG requires virtualenv, please install it.
[2024-07-01T17:48:32.062+0530] {processor.py:842} WARNING - No viable dags retrieved from /home/bharat/.local/lib/python3.11/site-packages/airflow/example_dags/tutorial_taskflow_api_virtualenv.py
[2024-07-01T17:48:32.067+0530] {processor.py:183} INFO - Processing /home/bharat/.local/lib/python3.11/site-packages/airflow/example_dags/tutorial_taskflow_api_virtualenv.py took 0.010 seconds
[2024-07-01T17:49:39.015+0530] {processor.py:161} INFO - Started process (PID=11384) to work on /home/bharat/.local/lib/python3.11/site-packages/airflow/example_dags/tutorial_taskflow_api_virtualenv.py
[2024-07-01T17:49:39.016+0530] {processor.py:830} INFO - Processing file /home/bharat/.local/lib/python3.11/site-packages/airflow/example_dags/tutorial_taskflow_api_virtualenv.py for tasks to queue
[2024-07-01T17:49:39.017+0530] {logging_mixin.py:188} INFO - [2024-07-01T17:49:39.017+0530] {dagbag.py:545} INFO - Filling up the DagBag from /home/bharat/.local/lib/python3.11/site-packages/airflow/example_dags/tutorial_taskflow_api_virtualenv.py
[2024-07-01T17:49:39.020+0530] {logging_mixin.py:188} INFO - [2024-07-01T17:49:39.019+0530] {tutorial_taskflow_api_virtualenv.py:29} WARNING - The tutorial_taskflow_api_virtualenv example DAG requires virtualenv, please install it.
[2024-07-01T17:49:39.020+0530] {processor.py:842} WARNING - No viable dags retrieved from /home/bharat/.local/lib/python3.11/site-packages/airflow/example_dags/tutorial_taskflow_api_virtualenv.py
[2024-07-01T17:49:39.025+0530] {processor.py:183} INFO - Processing /home/bharat/.local/lib/python3.11/site-packages/airflow/example_dags/tutorial_taskflow_api_virtualenv.py took 0.017 seconds
[2024-07-01T17:50:34.497+0530] {processor.py:161} INFO - Started process (PID=11462) to work on /home/bharat/.local/lib/python3.11/site-packages/airflow/example_dags/tutorial_taskflow_api_virtualenv.py
[2024-07-01T17:50:34.498+0530] {processor.py:830} INFO - Processing file /home/bharat/.local/lib/python3.11/site-packages/airflow/example_dags/tutorial_taskflow_api_virtualenv.py for tasks to queue
[2024-07-01T17:50:34.500+0530] {logging_mixin.py:188} INFO - [2024-07-01T17:50:34.500+0530] {dagbag.py:545} INFO - Filling up the DagBag from /home/bharat/.local/lib/python3.11/site-packages/airflow/example_dags/tutorial_taskflow_api_virtualenv.py
[2024-07-01T17:50:34.502+0530] {logging_mixin.py:188} INFO - [2024-07-01T17:50:34.502+0530] {tutorial_taskflow_api_virtualenv.py:29} WARNING - The tutorial_taskflow_api_virtualenv example DAG requires virtualenv, please install it.
[2024-07-01T17:50:34.502+0530] {processor.py:842} WARNING - No viable dags retrieved from /home/bharat/.local/lib/python3.11/site-packages/airflow/example_dags/tutorial_taskflow_api_virtualenv.py
[2024-07-01T17:50:34.506+0530] {processor.py:183} INFO - Processing /home/bharat/.local/lib/python3.11/site-packages/airflow/example_dags/tutorial_taskflow_api_virtualenv.py took 0.018 seconds
[2024-07-01T17:51:26.071+0530] {processor.py:161} INFO - Started process (PID=11631) to work on /home/bharat/.local/lib/python3.11/site-packages/airflow/example_dags/tutorial_taskflow_api_virtualenv.py
[2024-07-01T17:51:26.071+0530] {processor.py:830} INFO - Processing file /home/bharat/.local/lib/python3.11/site-packages/airflow/example_dags/tutorial_taskflow_api_virtualenv.py for tasks to queue
[2024-07-01T17:51:26.072+0530] {logging_mixin.py:188} INFO - [2024-07-01T17:51:26.072+0530] {dagbag.py:545} INFO - Filling up the DagBag from /home/bharat/.local/lib/python3.11/site-packages/airflow/example_dags/tutorial_taskflow_api_virtualenv.py
[2024-07-01T17:51:26.073+0530] {logging_mixin.py:188} INFO - [2024-07-01T17:51:26.073+0530] {tutorial_taskflow_api_virtualenv.py:29} WARNING - The tutorial_taskflow_api_virtualenv example DAG requires virtualenv, please install it.
[2024-07-01T17:51:26.073+0530] {processor.py:842} WARNING - No viable dags retrieved from /home/bharat/.local/lib/python3.11/site-packages/airflow/example_dags/tutorial_taskflow_api_virtualenv.py
[2024-07-01T17:51:26.077+0530] {processor.py:183} INFO - Processing /home/bharat/.local/lib/python3.11/site-packages/airflow/example_dags/tutorial_taskflow_api_virtualenv.py took 0.012 seconds
[2024-07-01T17:52:35.662+0530] {processor.py:161} INFO - Started process (PID=12043) to work on /home/bharat/.local/lib/python3.11/site-packages/airflow/example_dags/tutorial_taskflow_api_virtualenv.py
[2024-07-01T17:52:35.664+0530] {processor.py:830} INFO - Processing file /home/bharat/.local/lib/python3.11/site-packages/airflow/example_dags/tutorial_taskflow_api_virtualenv.py for tasks to queue
[2024-07-01T17:52:35.667+0530] {logging_mixin.py:188} INFO - [2024-07-01T17:52:35.666+0530] {dagbag.py:545} INFO - Filling up the DagBag from /home/bharat/.local/lib/python3.11/site-packages/airflow/example_dags/tutorial_taskflow_api_virtualenv.py
[2024-07-01T17:52:35.670+0530] {logging_mixin.py:188} INFO - [2024-07-01T17:52:35.670+0530] {tutorial_taskflow_api_virtualenv.py:29} WARNING - The tutorial_taskflow_api_virtualenv example DAG requires virtualenv, please install it.
[2024-07-01T17:52:35.671+0530] {processor.py:842} WARNING - No viable dags retrieved from /home/bharat/.local/lib/python3.11/site-packages/airflow/example_dags/tutorial_taskflow_api_virtualenv.py
[2024-07-01T17:52:35.677+0530] {processor.py:183} INFO - Processing /home/bharat/.local/lib/python3.11/site-packages/airflow/example_dags/tutorial_taskflow_api_virtualenv.py took 0.024 seconds
[2024-07-01T17:53:31.980+0530] {processor.py:161} INFO - Started process (PID=12149) to work on /home/bharat/.local/lib/python3.11/site-packages/airflow/example_dags/tutorial_taskflow_api_virtualenv.py
[2024-07-01T17:53:31.980+0530] {processor.py:830} INFO - Processing file /home/bharat/.local/lib/python3.11/site-packages/airflow/example_dags/tutorial_taskflow_api_virtualenv.py for tasks to queue
[2024-07-01T17:53:31.981+0530] {logging_mixin.py:188} INFO - [2024-07-01T17:53:31.981+0530] {dagbag.py:545} INFO - Filling up the DagBag from /home/bharat/.local/lib/python3.11/site-packages/airflow/example_dags/tutorial_taskflow_api_virtualenv.py
[2024-07-01T17:53:31.982+0530] {logging_mixin.py:188} INFO - [2024-07-01T17:53:31.982+0530] {tutorial_taskflow_api_virtualenv.py:29} WARNING - The tutorial_taskflow_api_virtualenv example DAG requires virtualenv, please install it.
[2024-07-01T17:53:31.982+0530] {processor.py:842} WARNING - No viable dags retrieved from /home/bharat/.local/lib/python3.11/site-packages/airflow/example_dags/tutorial_taskflow_api_virtualenv.py
[2024-07-01T17:53:31.986+0530] {processor.py:183} INFO - Processing /home/bharat/.local/lib/python3.11/site-packages/airflow/example_dags/tutorial_taskflow_api_virtualenv.py took 0.011 seconds
[2024-07-01T17:54:40.838+0530] {processor.py:161} INFO - Started process (PID=12543) to work on /home/bharat/.local/lib/python3.11/site-packages/airflow/example_dags/tutorial_taskflow_api_virtualenv.py
[2024-07-01T17:54:40.838+0530] {processor.py:830} INFO - Processing file /home/bharat/.local/lib/python3.11/site-packages/airflow/example_dags/tutorial_taskflow_api_virtualenv.py for tasks to queue
[2024-07-01T17:54:40.839+0530] {logging_mixin.py:188} INFO - [2024-07-01T17:54:40.839+0530] {dagbag.py:545} INFO - Filling up the DagBag from /home/bharat/.local/lib/python3.11/site-packages/airflow/example_dags/tutorial_taskflow_api_virtualenv.py
[2024-07-01T17:54:40.842+0530] {logging_mixin.py:188} INFO - [2024-07-01T17:54:40.841+0530] {tutorial_taskflow_api_virtualenv.py:29} WARNING - The tutorial_taskflow_api_virtualenv example DAG requires virtualenv, please install it.
[2024-07-01T17:54:40.842+0530] {processor.py:842} WARNING - No viable dags retrieved from /home/bharat/.local/lib/python3.11/site-packages/airflow/example_dags/tutorial_taskflow_api_virtualenv.py
[2024-07-01T17:54:40.848+0530] {processor.py:183} INFO - Processing /home/bharat/.local/lib/python3.11/site-packages/airflow/example_dags/tutorial_taskflow_api_virtualenv.py took 0.014 seconds
[2024-07-01T17:55:36.586+0530] {processor.py:161} INFO - Started process (PID=12628) to work on /home/bharat/.local/lib/python3.11/site-packages/airflow/example_dags/tutorial_taskflow_api_virtualenv.py
[2024-07-01T17:55:36.586+0530] {processor.py:830} INFO - Processing file /home/bharat/.local/lib/python3.11/site-packages/airflow/example_dags/tutorial_taskflow_api_virtualenv.py for tasks to queue
[2024-07-01T17:55:36.588+0530] {logging_mixin.py:188} INFO - [2024-07-01T17:55:36.587+0530] {dagbag.py:545} INFO - Filling up the DagBag from /home/bharat/.local/lib/python3.11/site-packages/airflow/example_dags/tutorial_taskflow_api_virtualenv.py
[2024-07-01T17:55:36.590+0530] {logging_mixin.py:188} INFO - [2024-07-01T17:55:36.590+0530] {tutorial_taskflow_api_virtualenv.py:29} WARNING - The tutorial_taskflow_api_virtualenv example DAG requires virtualenv, please install it.
[2024-07-01T17:55:36.590+0530] {processor.py:842} WARNING - No viable dags retrieved from /home/bharat/.local/lib/python3.11/site-packages/airflow/example_dags/tutorial_taskflow_api_virtualenv.py
[2024-07-01T17:55:36.601+0530] {processor.py:183} INFO - Processing /home/bharat/.local/lib/python3.11/site-packages/airflow/example_dags/tutorial_taskflow_api_virtualenv.py took 0.021 seconds
[2024-07-01T17:56:26.799+0530] {processor.py:161} INFO - Started process (PID=12700) to work on /home/bharat/.local/lib/python3.11/site-packages/airflow/example_dags/tutorial_taskflow_api_virtualenv.py
[2024-07-01T17:56:26.800+0530] {processor.py:830} INFO - Processing file /home/bharat/.local/lib/python3.11/site-packages/airflow/example_dags/tutorial_taskflow_api_virtualenv.py for tasks to queue
[2024-07-01T17:56:26.802+0530] {logging_mixin.py:188} INFO - [2024-07-01T17:56:26.801+0530] {dagbag.py:545} INFO - Filling up the DagBag from /home/bharat/.local/lib/python3.11/site-packages/airflow/example_dags/tutorial_taskflow_api_virtualenv.py
[2024-07-01T17:56:26.804+0530] {logging_mixin.py:188} INFO - [2024-07-01T17:56:26.804+0530] {tutorial_taskflow_api_virtualenv.py:29} WARNING - The tutorial_taskflow_api_virtualenv example DAG requires virtualenv, please install it.
[2024-07-01T17:56:26.805+0530] {processor.py:842} WARNING - No viable dags retrieved from /home/bharat/.local/lib/python3.11/site-packages/airflow/example_dags/tutorial_taskflow_api_virtualenv.py
[2024-07-01T17:56:26.811+0530] {processor.py:183} INFO - Processing /home/bharat/.local/lib/python3.11/site-packages/airflow/example_dags/tutorial_taskflow_api_virtualenv.py took 0.016 seconds
[2024-07-01T17:57:20.516+0530] {processor.py:161} INFO - Started process (PID=12775) to work on /home/bharat/.local/lib/python3.11/site-packages/airflow/example_dags/tutorial_taskflow_api_virtualenv.py
[2024-07-01T17:57:20.516+0530] {processor.py:830} INFO - Processing file /home/bharat/.local/lib/python3.11/site-packages/airflow/example_dags/tutorial_taskflow_api_virtualenv.py for tasks to queue
[2024-07-01T17:57:20.517+0530] {logging_mixin.py:188} INFO - [2024-07-01T17:57:20.517+0530] {dagbag.py:545} INFO - Filling up the DagBag from /home/bharat/.local/lib/python3.11/site-packages/airflow/example_dags/tutorial_taskflow_api_virtualenv.py
[2024-07-01T17:57:20.518+0530] {logging_mixin.py:188} INFO - [2024-07-01T17:57:20.518+0530] {tutorial_taskflow_api_virtualenv.py:29} WARNING - The tutorial_taskflow_api_virtualenv example DAG requires virtualenv, please install it.
[2024-07-01T17:57:20.518+0530] {processor.py:842} WARNING - No viable dags retrieved from /home/bharat/.local/lib/python3.11/site-packages/airflow/example_dags/tutorial_taskflow_api_virtualenv.py
[2024-07-01T17:57:20.522+0530] {processor.py:183} INFO - Processing /home/bharat/.local/lib/python3.11/site-packages/airflow/example_dags/tutorial_taskflow_api_virtualenv.py took 0.012 seconds
[2024-07-01T17:58:12.568+0530] {processor.py:161} INFO - Started process (PID=12874) to work on /home/bharat/.local/lib/python3.11/site-packages/airflow/example_dags/tutorial_taskflow_api_virtualenv.py
[2024-07-01T17:58:12.569+0530] {processor.py:830} INFO - Processing file /home/bharat/.local/lib/python3.11/site-packages/airflow/example_dags/tutorial_taskflow_api_virtualenv.py for tasks to queue
[2024-07-01T17:58:12.571+0530] {logging_mixin.py:188} INFO - [2024-07-01T17:58:12.570+0530] {dagbag.py:545} INFO - Filling up the DagBag from /home/bharat/.local/lib/python3.11/site-packages/airflow/example_dags/tutorial_taskflow_api_virtualenv.py
[2024-07-01T17:58:12.573+0530] {logging_mixin.py:188} INFO - [2024-07-01T17:58:12.572+0530] {tutorial_taskflow_api_virtualenv.py:29} WARNING - The tutorial_taskflow_api_virtualenv example DAG requires virtualenv, please install it.
[2024-07-01T17:58:12.573+0530] {processor.py:842} WARNING - No viable dags retrieved from /home/bharat/.local/lib/python3.11/site-packages/airflow/example_dags/tutorial_taskflow_api_virtualenv.py
[2024-07-01T17:58:12.578+0530] {processor.py:183} INFO - Processing /home/bharat/.local/lib/python3.11/site-packages/airflow/example_dags/tutorial_taskflow_api_virtualenv.py took 0.017 seconds
[2024-07-01T17:59:05.137+0530] {processor.py:161} INFO - Started process (PID=12947) to work on /home/bharat/.local/lib/python3.11/site-packages/airflow/example_dags/tutorial_taskflow_api_virtualenv.py
[2024-07-01T17:59:05.138+0530] {processor.py:830} INFO - Processing file /home/bharat/.local/lib/python3.11/site-packages/airflow/example_dags/tutorial_taskflow_api_virtualenv.py for tasks to queue
[2024-07-01T17:59:05.139+0530] {logging_mixin.py:188} INFO - [2024-07-01T17:59:05.138+0530] {dagbag.py:545} INFO - Filling up the DagBag from /home/bharat/.local/lib/python3.11/site-packages/airflow/example_dags/tutorial_taskflow_api_virtualenv.py
[2024-07-01T17:59:05.140+0530] {logging_mixin.py:188} INFO - [2024-07-01T17:59:05.140+0530] {tutorial_taskflow_api_virtualenv.py:29} WARNING - The tutorial_taskflow_api_virtualenv example DAG requires virtualenv, please install it.
[2024-07-01T17:59:05.140+0530] {processor.py:842} WARNING - No viable dags retrieved from /home/bharat/.local/lib/python3.11/site-packages/airflow/example_dags/tutorial_taskflow_api_virtualenv.py
[2024-07-01T17:59:05.144+0530] {processor.py:183} INFO - Processing /home/bharat/.local/lib/python3.11/site-packages/airflow/example_dags/tutorial_taskflow_api_virtualenv.py took 0.012 seconds
[2024-07-01T17:59:56.418+0530] {processor.py:161} INFO - Started process (PID=13020) to work on /home/bharat/.local/lib/python3.11/site-packages/airflow/example_dags/tutorial_taskflow_api_virtualenv.py
[2024-07-01T17:59:56.418+0530] {processor.py:830} INFO - Processing file /home/bharat/.local/lib/python3.11/site-packages/airflow/example_dags/tutorial_taskflow_api_virtualenv.py for tasks to queue
[2024-07-01T17:59:56.419+0530] {logging_mixin.py:188} INFO - [2024-07-01T17:59:56.419+0530] {dagbag.py:545} INFO - Filling up the DagBag from /home/bharat/.local/lib/python3.11/site-packages/airflow/example_dags/tutorial_taskflow_api_virtualenv.py
[2024-07-01T17:59:56.421+0530] {logging_mixin.py:188} INFO - [2024-07-01T17:59:56.420+0530] {tutorial_taskflow_api_virtualenv.py:29} WARNING - The tutorial_taskflow_api_virtualenv example DAG requires virtualenv, please install it.
[2024-07-01T17:59:56.421+0530] {processor.py:842} WARNING - No viable dags retrieved from /home/bharat/.local/lib/python3.11/site-packages/airflow/example_dags/tutorial_taskflow_api_virtualenv.py
[2024-07-01T17:59:56.425+0530] {processor.py:183} INFO - Processing /home/bharat/.local/lib/python3.11/site-packages/airflow/example_dags/tutorial_taskflow_api_virtualenv.py took 0.010 seconds
[2024-07-01T18:00:47.886+0530] {processor.py:161} INFO - Started process (PID=13098) to work on /home/bharat/.local/lib/python3.11/site-packages/airflow/example_dags/tutorial_taskflow_api_virtualenv.py
[2024-07-01T18:00:47.887+0530] {processor.py:830} INFO - Processing file /home/bharat/.local/lib/python3.11/site-packages/airflow/example_dags/tutorial_taskflow_api_virtualenv.py for tasks to queue
[2024-07-01T18:00:47.888+0530] {logging_mixin.py:188} INFO - [2024-07-01T18:00:47.888+0530] {dagbag.py:545} INFO - Filling up the DagBag from /home/bharat/.local/lib/python3.11/site-packages/airflow/example_dags/tutorial_taskflow_api_virtualenv.py
[2024-07-01T18:00:47.890+0530] {logging_mixin.py:188} INFO - [2024-07-01T18:00:47.890+0530] {tutorial_taskflow_api_virtualenv.py:29} WARNING - The tutorial_taskflow_api_virtualenv example DAG requires virtualenv, please install it.
[2024-07-01T18:00:47.890+0530] {processor.py:842} WARNING - No viable dags retrieved from /home/bharat/.local/lib/python3.11/site-packages/airflow/example_dags/tutorial_taskflow_api_virtualenv.py
[2024-07-01T18:00:47.895+0530] {processor.py:183} INFO - Processing /home/bharat/.local/lib/python3.11/site-packages/airflow/example_dags/tutorial_taskflow_api_virtualenv.py took 0.016 seconds
[2024-07-01T18:01:39.361+0530] {processor.py:161} INFO - Started process (PID=13170) to work on /home/bharat/.local/lib/python3.11/site-packages/airflow/example_dags/tutorial_taskflow_api_virtualenv.py
[2024-07-01T18:01:39.362+0530] {processor.py:830} INFO - Processing file /home/bharat/.local/lib/python3.11/site-packages/airflow/example_dags/tutorial_taskflow_api_virtualenv.py for tasks to queue
[2024-07-01T18:01:39.363+0530] {logging_mixin.py:188} INFO - [2024-07-01T18:01:39.363+0530] {dagbag.py:545} INFO - Filling up the DagBag from /home/bharat/.local/lib/python3.11/site-packages/airflow/example_dags/tutorial_taskflow_api_virtualenv.py
[2024-07-01T18:01:39.366+0530] {logging_mixin.py:188} INFO - [2024-07-01T18:01:39.365+0530] {tutorial_taskflow_api_virtualenv.py:29} WARNING - The tutorial_taskflow_api_virtualenv example DAG requires virtualenv, please install it.
[2024-07-01T18:01:39.366+0530] {processor.py:842} WARNING - No viable dags retrieved from /home/bharat/.local/lib/python3.11/site-packages/airflow/example_dags/tutorial_taskflow_api_virtualenv.py
[2024-07-01T18:01:39.376+0530] {processor.py:183} INFO - Processing /home/bharat/.local/lib/python3.11/site-packages/airflow/example_dags/tutorial_taskflow_api_virtualenv.py took 0.019 seconds
[2024-07-01T18:02:33.318+0530] {processor.py:161} INFO - Started process (PID=13243) to work on /home/bharat/.local/lib/python3.11/site-packages/airflow/example_dags/tutorial_taskflow_api_virtualenv.py
[2024-07-01T18:02:33.319+0530] {processor.py:830} INFO - Processing file /home/bharat/.local/lib/python3.11/site-packages/airflow/example_dags/tutorial_taskflow_api_virtualenv.py for tasks to queue
[2024-07-01T18:02:33.320+0530] {logging_mixin.py:188} INFO - [2024-07-01T18:02:33.320+0530] {dagbag.py:545} INFO - Filling up the DagBag from /home/bharat/.local/lib/python3.11/site-packages/airflow/example_dags/tutorial_taskflow_api_virtualenv.py
[2024-07-01T18:02:33.322+0530] {logging_mixin.py:188} INFO - [2024-07-01T18:02:33.322+0530] {tutorial_taskflow_api_virtualenv.py:29} WARNING - The tutorial_taskflow_api_virtualenv example DAG requires virtualenv, please install it.
[2024-07-01T18:02:33.322+0530] {processor.py:842} WARNING - No viable dags retrieved from /home/bharat/.local/lib/python3.11/site-packages/airflow/example_dags/tutorial_taskflow_api_virtualenv.py
[2024-07-01T18:02:33.327+0530] {processor.py:183} INFO - Processing /home/bharat/.local/lib/python3.11/site-packages/airflow/example_dags/tutorial_taskflow_api_virtualenv.py took 0.016 seconds
[2024-07-01T18:03:25.330+0530] {processor.py:161} INFO - Started process (PID=13345) to work on /home/bharat/.local/lib/python3.11/site-packages/airflow/example_dags/tutorial_taskflow_api_virtualenv.py
[2024-07-01T18:03:25.331+0530] {processor.py:830} INFO - Processing file /home/bharat/.local/lib/python3.11/site-packages/airflow/example_dags/tutorial_taskflow_api_virtualenv.py for tasks to queue
[2024-07-01T18:03:25.332+0530] {logging_mixin.py:188} INFO - [2024-07-01T18:03:25.332+0530] {dagbag.py:545} INFO - Filling up the DagBag from /home/bharat/.local/lib/python3.11/site-packages/airflow/example_dags/tutorial_taskflow_api_virtualenv.py
[2024-07-01T18:03:25.335+0530] {logging_mixin.py:188} INFO - [2024-07-01T18:03:25.335+0530] {tutorial_taskflow_api_virtualenv.py:29} WARNING - The tutorial_taskflow_api_virtualenv example DAG requires virtualenv, please install it.
[2024-07-01T18:03:25.335+0530] {processor.py:842} WARNING - No viable dags retrieved from /home/bharat/.local/lib/python3.11/site-packages/airflow/example_dags/tutorial_taskflow_api_virtualenv.py
[2024-07-01T18:03:25.341+0530] {processor.py:183} INFO - Processing /home/bharat/.local/lib/python3.11/site-packages/airflow/example_dags/tutorial_taskflow_api_virtualenv.py took 0.015 seconds
[2024-07-01T18:04:15.732+0530] {processor.py:161} INFO - Started process (PID=13415) to work on /home/bharat/.local/lib/python3.11/site-packages/airflow/example_dags/tutorial_taskflow_api_virtualenv.py
[2024-07-01T18:04:15.733+0530] {processor.py:830} INFO - Processing file /home/bharat/.local/lib/python3.11/site-packages/airflow/example_dags/tutorial_taskflow_api_virtualenv.py for tasks to queue
[2024-07-01T18:04:15.736+0530] {logging_mixin.py:188} INFO - [2024-07-01T18:04:15.735+0530] {dagbag.py:545} INFO - Filling up the DagBag from /home/bharat/.local/lib/python3.11/site-packages/airflow/example_dags/tutorial_taskflow_api_virtualenv.py
[2024-07-01T18:04:15.740+0530] {logging_mixin.py:188} INFO - [2024-07-01T18:04:15.740+0530] {tutorial_taskflow_api_virtualenv.py:29} WARNING - The tutorial_taskflow_api_virtualenv example DAG requires virtualenv, please install it.
[2024-07-01T18:04:15.740+0530] {processor.py:842} WARNING - No viable dags retrieved from /home/bharat/.local/lib/python3.11/site-packages/airflow/example_dags/tutorial_taskflow_api_virtualenv.py
[2024-07-01T18:04:15.748+0530] {processor.py:183} INFO - Processing /home/bharat/.local/lib/python3.11/site-packages/airflow/example_dags/tutorial_taskflow_api_virtualenv.py took 0.019 seconds
[2024-07-01T18:05:09.134+0530] {processor.py:161} INFO - Started process (PID=13918) to work on /home/bharat/.local/lib/python3.11/site-packages/airflow/example_dags/tutorial_taskflow_api_virtualenv.py
[2024-07-01T18:05:09.135+0530] {processor.py:830} INFO - Processing file /home/bharat/.local/lib/python3.11/site-packages/airflow/example_dags/tutorial_taskflow_api_virtualenv.py for tasks to queue
[2024-07-01T18:05:09.136+0530] {logging_mixin.py:188} INFO - [2024-07-01T18:05:09.136+0530] {dagbag.py:545} INFO - Filling up the DagBag from /home/bharat/.local/lib/python3.11/site-packages/airflow/example_dags/tutorial_taskflow_api_virtualenv.py
[2024-07-01T18:05:09.137+0530] {logging_mixin.py:188} INFO - [2024-07-01T18:05:09.137+0530] {tutorial_taskflow_api_virtualenv.py:29} WARNING - The tutorial_taskflow_api_virtualenv example DAG requires virtualenv, please install it.
[2024-07-01T18:05:09.138+0530] {processor.py:842} WARNING - No viable dags retrieved from /home/bharat/.local/lib/python3.11/site-packages/airflow/example_dags/tutorial_taskflow_api_virtualenv.py
[2024-07-01T18:05:09.142+0530] {processor.py:183} INFO - Processing /home/bharat/.local/lib/python3.11/site-packages/airflow/example_dags/tutorial_taskflow_api_virtualenv.py took 0.012 seconds
[2024-07-01T18:05:58.919+0530] {processor.py:161} INFO - Started process (PID=14002) to work on /home/bharat/.local/lib/python3.11/site-packages/airflow/example_dags/tutorial_taskflow_api_virtualenv.py
[2024-07-01T18:05:58.920+0530] {processor.py:830} INFO - Processing file /home/bharat/.local/lib/python3.11/site-packages/airflow/example_dags/tutorial_taskflow_api_virtualenv.py for tasks to queue
[2024-07-01T18:05:58.922+0530] {logging_mixin.py:188} INFO - [2024-07-01T18:05:58.921+0530] {dagbag.py:545} INFO - Filling up the DagBag from /home/bharat/.local/lib/python3.11/site-packages/airflow/example_dags/tutorial_taskflow_api_virtualenv.py
[2024-07-01T18:05:58.924+0530] {logging_mixin.py:188} INFO - [2024-07-01T18:05:58.924+0530] {tutorial_taskflow_api_virtualenv.py:29} WARNING - The tutorial_taskflow_api_virtualenv example DAG requires virtualenv, please install it.
[2024-07-01T18:05:58.924+0530] {processor.py:842} WARNING - No viable dags retrieved from /home/bharat/.local/lib/python3.11/site-packages/airflow/example_dags/tutorial_taskflow_api_virtualenv.py
[2024-07-01T18:05:58.931+0530] {processor.py:183} INFO - Processing /home/bharat/.local/lib/python3.11/site-packages/airflow/example_dags/tutorial_taskflow_api_virtualenv.py took 0.016 seconds
[2024-07-01T18:06:48.354+0530] {processor.py:161} INFO - Started process (PID=14080) to work on /home/bharat/.local/lib/python3.11/site-packages/airflow/example_dags/tutorial_taskflow_api_virtualenv.py
[2024-07-01T18:06:48.355+0530] {processor.py:830} INFO - Processing file /home/bharat/.local/lib/python3.11/site-packages/airflow/example_dags/tutorial_taskflow_api_virtualenv.py for tasks to queue
[2024-07-01T18:06:48.356+0530] {logging_mixin.py:188} INFO - [2024-07-01T18:06:48.356+0530] {dagbag.py:545} INFO - Filling up the DagBag from /home/bharat/.local/lib/python3.11/site-packages/airflow/example_dags/tutorial_taskflow_api_virtualenv.py
[2024-07-01T18:06:48.357+0530] {logging_mixin.py:188} INFO - [2024-07-01T18:06:48.357+0530] {tutorial_taskflow_api_virtualenv.py:29} WARNING - The tutorial_taskflow_api_virtualenv example DAG requires virtualenv, please install it.
[2024-07-01T18:06:48.358+0530] {processor.py:842} WARNING - No viable dags retrieved from /home/bharat/.local/lib/python3.11/site-packages/airflow/example_dags/tutorial_taskflow_api_virtualenv.py
[2024-07-01T18:06:48.362+0530] {processor.py:183} INFO - Processing /home/bharat/.local/lib/python3.11/site-packages/airflow/example_dags/tutorial_taskflow_api_virtualenv.py took 0.013 seconds
[2024-07-01T18:07:42.297+0530] {processor.py:161} INFO - Started process (PID=14154) to work on /home/bharat/.local/lib/python3.11/site-packages/airflow/example_dags/tutorial_taskflow_api_virtualenv.py
[2024-07-01T18:07:42.298+0530] {processor.py:830} INFO - Processing file /home/bharat/.local/lib/python3.11/site-packages/airflow/example_dags/tutorial_taskflow_api_virtualenv.py for tasks to queue
[2024-07-01T18:07:42.300+0530] {logging_mixin.py:188} INFO - [2024-07-01T18:07:42.299+0530] {dagbag.py:545} INFO - Filling up the DagBag from /home/bharat/.local/lib/python3.11/site-packages/airflow/example_dags/tutorial_taskflow_api_virtualenv.py
[2024-07-01T18:07:42.302+0530] {logging_mixin.py:188} INFO - [2024-07-01T18:07:42.302+0530] {tutorial_taskflow_api_virtualenv.py:29} WARNING - The tutorial_taskflow_api_virtualenv example DAG requires virtualenv, please install it.
[2024-07-01T18:07:42.302+0530] {processor.py:842} WARNING - No viable dags retrieved from /home/bharat/.local/lib/python3.11/site-packages/airflow/example_dags/tutorial_taskflow_api_virtualenv.py
[2024-07-01T18:07:42.307+0530] {processor.py:183} INFO - Processing /home/bharat/.local/lib/python3.11/site-packages/airflow/example_dags/tutorial_taskflow_api_virtualenv.py took 0.018 seconds
[2024-07-01T18:08:32.591+0530] {processor.py:161} INFO - Started process (PID=14254) to work on /home/bharat/.local/lib/python3.11/site-packages/airflow/example_dags/tutorial_taskflow_api_virtualenv.py
[2024-07-01T18:08:32.591+0530] {processor.py:830} INFO - Processing file /home/bharat/.local/lib/python3.11/site-packages/airflow/example_dags/tutorial_taskflow_api_virtualenv.py for tasks to queue
[2024-07-01T18:08:32.593+0530] {logging_mixin.py:188} INFO - [2024-07-01T18:08:32.593+0530] {dagbag.py:545} INFO - Filling up the DagBag from /home/bharat/.local/lib/python3.11/site-packages/airflow/example_dags/tutorial_taskflow_api_virtualenv.py
[2024-07-01T18:08:32.596+0530] {logging_mixin.py:188} INFO - [2024-07-01T18:08:32.595+0530] {tutorial_taskflow_api_virtualenv.py:29} WARNING - The tutorial_taskflow_api_virtualenv example DAG requires virtualenv, please install it.
[2024-07-01T18:08:32.596+0530] {processor.py:842} WARNING - No viable dags retrieved from /home/bharat/.local/lib/python3.11/site-packages/airflow/example_dags/tutorial_taskflow_api_virtualenv.py
[2024-07-01T18:08:32.602+0530] {processor.py:183} INFO - Processing /home/bharat/.local/lib/python3.11/site-packages/airflow/example_dags/tutorial_taskflow_api_virtualenv.py took 0.017 seconds
[2024-07-01T18:09:24.013+0530] {processor.py:161} INFO - Started process (PID=14415) to work on /home/bharat/.local/lib/python3.11/site-packages/airflow/example_dags/tutorial_taskflow_api_virtualenv.py
[2024-07-01T18:09:24.013+0530] {processor.py:830} INFO - Processing file /home/bharat/.local/lib/python3.11/site-packages/airflow/example_dags/tutorial_taskflow_api_virtualenv.py for tasks to queue
[2024-07-01T18:09:24.015+0530] {logging_mixin.py:188} INFO - [2024-07-01T18:09:24.014+0530] {dagbag.py:545} INFO - Filling up the DagBag from /home/bharat/.local/lib/python3.11/site-packages/airflow/example_dags/tutorial_taskflow_api_virtualenv.py
[2024-07-01T18:09:24.017+0530] {logging_mixin.py:188} INFO - [2024-07-01T18:09:24.017+0530] {tutorial_taskflow_api_virtualenv.py:29} WARNING - The tutorial_taskflow_api_virtualenv example DAG requires virtualenv, please install it.
[2024-07-01T18:09:24.017+0530] {processor.py:842} WARNING - No viable dags retrieved from /home/bharat/.local/lib/python3.11/site-packages/airflow/example_dags/tutorial_taskflow_api_virtualenv.py
[2024-07-01T18:09:24.023+0530] {processor.py:183} INFO - Processing /home/bharat/.local/lib/python3.11/site-packages/airflow/example_dags/tutorial_taskflow_api_virtualenv.py took 0.016 seconds
[2024-07-01T18:10:17.710+0530] {processor.py:161} INFO - Started process (PID=14497) to work on /home/bharat/.local/lib/python3.11/site-packages/airflow/example_dags/tutorial_taskflow_api_virtualenv.py
[2024-07-01T18:10:17.710+0530] {processor.py:830} INFO - Processing file /home/bharat/.local/lib/python3.11/site-packages/airflow/example_dags/tutorial_taskflow_api_virtualenv.py for tasks to queue
[2024-07-01T18:10:17.711+0530] {logging_mixin.py:188} INFO - [2024-07-01T18:10:17.711+0530] {dagbag.py:545} INFO - Filling up the DagBag from /home/bharat/.local/lib/python3.11/site-packages/airflow/example_dags/tutorial_taskflow_api_virtualenv.py
[2024-07-01T18:10:17.713+0530] {logging_mixin.py:188} INFO - [2024-07-01T18:10:17.713+0530] {tutorial_taskflow_api_virtualenv.py:29} WARNING - The tutorial_taskflow_api_virtualenv example DAG requires virtualenv, please install it.
[2024-07-01T18:10:17.714+0530] {processor.py:842} WARNING - No viable dags retrieved from /home/bharat/.local/lib/python3.11/site-packages/airflow/example_dags/tutorial_taskflow_api_virtualenv.py
[2024-07-01T18:10:17.720+0530] {processor.py:183} INFO - Processing /home/bharat/.local/lib/python3.11/site-packages/airflow/example_dags/tutorial_taskflow_api_virtualenv.py took 0.014 seconds
[2024-07-01T18:11:08.313+0530] {processor.py:161} INFO - Started process (PID=14604) to work on /home/bharat/.local/lib/python3.11/site-packages/airflow/example_dags/tutorial_taskflow_api_virtualenv.py
[2024-07-01T18:11:08.314+0530] {processor.py:830} INFO - Processing file /home/bharat/.local/lib/python3.11/site-packages/airflow/example_dags/tutorial_taskflow_api_virtualenv.py for tasks to queue
[2024-07-01T18:11:08.314+0530] {logging_mixin.py:188} INFO - [2024-07-01T18:11:08.314+0530] {dagbag.py:545} INFO - Filling up the DagBag from /home/bharat/.local/lib/python3.11/site-packages/airflow/example_dags/tutorial_taskflow_api_virtualenv.py
[2024-07-01T18:11:08.317+0530] {logging_mixin.py:188} INFO - [2024-07-01T18:11:08.316+0530] {tutorial_taskflow_api_virtualenv.py:29} WARNING - The tutorial_taskflow_api_virtualenv example DAG requires virtualenv, please install it.
[2024-07-01T18:11:08.317+0530] {processor.py:842} WARNING - No viable dags retrieved from /home/bharat/.local/lib/python3.11/site-packages/airflow/example_dags/tutorial_taskflow_api_virtualenv.py
[2024-07-01T18:11:08.323+0530] {processor.py:183} INFO - Processing /home/bharat/.local/lib/python3.11/site-packages/airflow/example_dags/tutorial_taskflow_api_virtualenv.py took 0.016 seconds
[2024-07-01T18:12:01.169+0530] {processor.py:161} INFO - Started process (PID=14743) to work on /home/bharat/.local/lib/python3.11/site-packages/airflow/example_dags/tutorial_taskflow_api_virtualenv.py
[2024-07-01T18:12:01.170+0530] {processor.py:830} INFO - Processing file /home/bharat/.local/lib/python3.11/site-packages/airflow/example_dags/tutorial_taskflow_api_virtualenv.py for tasks to queue
[2024-07-01T18:12:01.172+0530] {logging_mixin.py:188} INFO - [2024-07-01T18:12:01.171+0530] {dagbag.py:545} INFO - Filling up the DagBag from /home/bharat/.local/lib/python3.11/site-packages/airflow/example_dags/tutorial_taskflow_api_virtualenv.py
[2024-07-01T18:12:01.174+0530] {logging_mixin.py:188} INFO - [2024-07-01T18:12:01.174+0530] {tutorial_taskflow_api_virtualenv.py:29} WARNING - The tutorial_taskflow_api_virtualenv example DAG requires virtualenv, please install it.
[2024-07-01T18:12:01.175+0530] {processor.py:842} WARNING - No viable dags retrieved from /home/bharat/.local/lib/python3.11/site-packages/airflow/example_dags/tutorial_taskflow_api_virtualenv.py
[2024-07-01T18:12:01.181+0530] {processor.py:183} INFO - Processing /home/bharat/.local/lib/python3.11/site-packages/airflow/example_dags/tutorial_taskflow_api_virtualenv.py took 0.018 seconds
[2024-07-01T18:12:52.490+0530] {processor.py:161} INFO - Started process (PID=15088) to work on /home/bharat/.local/lib/python3.11/site-packages/airflow/example_dags/tutorial_taskflow_api_virtualenv.py
[2024-07-01T18:12:52.491+0530] {processor.py:830} INFO - Processing file /home/bharat/.local/lib/python3.11/site-packages/airflow/example_dags/tutorial_taskflow_api_virtualenv.py for tasks to queue
[2024-07-01T18:12:52.493+0530] {logging_mixin.py:188} INFO - [2024-07-01T18:12:52.492+0530] {dagbag.py:545} INFO - Filling up the DagBag from /home/bharat/.local/lib/python3.11/site-packages/airflow/example_dags/tutorial_taskflow_api_virtualenv.py
[2024-07-01T18:12:52.495+0530] {logging_mixin.py:188} INFO - [2024-07-01T18:12:52.495+0530] {tutorial_taskflow_api_virtualenv.py:29} WARNING - The tutorial_taskflow_api_virtualenv example DAG requires virtualenv, please install it.
[2024-07-01T18:12:52.496+0530] {processor.py:842} WARNING - No viable dags retrieved from /home/bharat/.local/lib/python3.11/site-packages/airflow/example_dags/tutorial_taskflow_api_virtualenv.py
[2024-07-01T18:12:52.503+0530] {processor.py:183} INFO - Processing /home/bharat/.local/lib/python3.11/site-packages/airflow/example_dags/tutorial_taskflow_api_virtualenv.py took 0.017 seconds
