[2024-07-01T17:48:24.315+0530] {processor.py:161} INFO - Started process (PID=10995) to work on /home/bharat/.local/lib/python3.11/site-packages/airflow/example_dags/tutorial_objectstorage.py
[2024-07-01T17:48:24.315+0530] {processor.py:830} INFO - Processing file /home/bharat/.local/lib/python3.11/site-packages/airflow/example_dags/tutorial_objectstorage.py for tasks to queue
[2024-07-01T17:48:24.316+0530] {logging_mixin.py:188} INFO - [2024-07-01T17:48:24.315+0530] {dagbag.py:545} INFO - Filling up the DagBag from /home/bharat/.local/lib/python3.11/site-packages/airflow/example_dags/tutorial_objectstorage.py
[2024-07-01T17:48:24.319+0530] {processor.py:840} INFO - DAG(s) 'tutorial_objectstorage' retrieved from /home/bharat/.local/lib/python3.11/site-packages/airflow/example_dags/tutorial_objectstorage.py
[2024-07-01T17:48:24.406+0530] {logging_mixin.py:188} INFO - [2024-07-01T17:48:24.406+0530] {dag.py:3096} INFO - Sync 1 DAGs
[2024-07-01T17:48:24.409+0530] {logging_mixin.py:188} INFO - [2024-07-01T17:48:24.409+0530] {dag.py:3954} INFO - Setting next_dagrun for tutorial_objectstorage to None, run_after=None
[2024-07-01T17:48:24.419+0530] {processor.py:183} INFO - Processing /home/bharat/.local/lib/python3.11/site-packages/airflow/example_dags/tutorial_objectstorage.py took 0.106 seconds
[2024-07-01T17:49:31.720+0530] {processor.py:161} INFO - Started process (PID=11377) to work on /home/bharat/.local/lib/python3.11/site-packages/airflow/example_dags/tutorial_objectstorage.py
[2024-07-01T17:49:31.721+0530] {processor.py:830} INFO - Processing file /home/bharat/.local/lib/python3.11/site-packages/airflow/example_dags/tutorial_objectstorage.py for tasks to queue
[2024-07-01T17:49:31.723+0530] {logging_mixin.py:188} INFO - [2024-07-01T17:49:31.722+0530] {dagbag.py:545} INFO - Filling up the DagBag from /home/bharat/.local/lib/python3.11/site-packages/airflow/example_dags/tutorial_objectstorage.py
[2024-07-01T17:49:31.728+0530] {processor.py:840} INFO - DAG(s) 'tutorial_objectstorage' retrieved from /home/bharat/.local/lib/python3.11/site-packages/airflow/example_dags/tutorial_objectstorage.py
[2024-07-01T17:49:31.734+0530] {logging_mixin.py:188} INFO - [2024-07-01T17:49:31.734+0530] {dag.py:3096} INFO - Sync 1 DAGs
[2024-07-01T17:49:31.782+0530] {logging_mixin.py:188} INFO - [2024-07-01T17:49:31.782+0530] {dag.py:3954} INFO - Setting next_dagrun for tutorial_objectstorage to None, run_after=None
[2024-07-01T17:49:31.791+0530] {processor.py:183} INFO - Processing /home/bharat/.local/lib/python3.11/site-packages/airflow/example_dags/tutorial_objectstorage.py took 0.079 seconds
[2024-07-01T17:50:28.218+0530] {processor.py:161} INFO - Started process (PID=11455) to work on /home/bharat/.local/lib/python3.11/site-packages/airflow/example_dags/tutorial_objectstorage.py
[2024-07-01T17:50:28.219+0530] {processor.py:830} INFO - Processing file /home/bharat/.local/lib/python3.11/site-packages/airflow/example_dags/tutorial_objectstorage.py for tasks to queue
[2024-07-01T17:50:28.220+0530] {logging_mixin.py:188} INFO - [2024-07-01T17:50:28.219+0530] {dagbag.py:545} INFO - Filling up the DagBag from /home/bharat/.local/lib/python3.11/site-packages/airflow/example_dags/tutorial_objectstorage.py
[2024-07-01T17:50:28.223+0530] {processor.py:840} INFO - DAG(s) 'tutorial_objectstorage' retrieved from /home/bharat/.local/lib/python3.11/site-packages/airflow/example_dags/tutorial_objectstorage.py
[2024-07-01T17:50:28.229+0530] {logging_mixin.py:188} INFO - [2024-07-01T17:50:28.229+0530] {dag.py:3096} INFO - Sync 1 DAGs
[2024-07-01T17:50:28.234+0530] {logging_mixin.py:188} INFO - [2024-07-01T17:50:28.234+0530] {dag.py:3954} INFO - Setting next_dagrun for tutorial_objectstorage to None, run_after=None
[2024-07-01T17:50:28.243+0530] {processor.py:183} INFO - Processing /home/bharat/.local/lib/python3.11/site-packages/airflow/example_dags/tutorial_objectstorage.py took 0.030 seconds
[2024-07-01T17:51:18.658+0530] {processor.py:161} INFO - Started process (PID=11624) to work on /home/bharat/.local/lib/python3.11/site-packages/airflow/example_dags/tutorial_objectstorage.py
[2024-07-01T17:51:18.659+0530] {processor.py:830} INFO - Processing file /home/bharat/.local/lib/python3.11/site-packages/airflow/example_dags/tutorial_objectstorage.py for tasks to queue
[2024-07-01T17:51:18.660+0530] {logging_mixin.py:188} INFO - [2024-07-01T17:51:18.660+0530] {dagbag.py:545} INFO - Filling up the DagBag from /home/bharat/.local/lib/python3.11/site-packages/airflow/example_dags/tutorial_objectstorage.py
[2024-07-01T17:51:18.664+0530] {processor.py:840} INFO - DAG(s) 'tutorial_objectstorage' retrieved from /home/bharat/.local/lib/python3.11/site-packages/airflow/example_dags/tutorial_objectstorage.py
[2024-07-01T17:51:18.669+0530] {logging_mixin.py:188} INFO - [2024-07-01T17:51:18.669+0530] {dag.py:3096} INFO - Sync 1 DAGs
[2024-07-01T17:51:18.674+0530] {logging_mixin.py:188} INFO - [2024-07-01T17:51:18.673+0530] {dag.py:3954} INFO - Setting next_dagrun for tutorial_objectstorage to None, run_after=None
[2024-07-01T17:51:18.683+0530] {processor.py:183} INFO - Processing /home/bharat/.local/lib/python3.11/site-packages/airflow/example_dags/tutorial_objectstorage.py took 0.030 seconds
[2024-07-01T17:52:29.372+0530] {processor.py:161} INFO - Started process (PID=12036) to work on /home/bharat/.local/lib/python3.11/site-packages/airflow/example_dags/tutorial_objectstorage.py
[2024-07-01T17:52:29.373+0530] {processor.py:830} INFO - Processing file /home/bharat/.local/lib/python3.11/site-packages/airflow/example_dags/tutorial_objectstorage.py for tasks to queue
[2024-07-01T17:52:29.374+0530] {logging_mixin.py:188} INFO - [2024-07-01T17:52:29.373+0530] {dagbag.py:545} INFO - Filling up the DagBag from /home/bharat/.local/lib/python3.11/site-packages/airflow/example_dags/tutorial_objectstorage.py
[2024-07-01T17:52:29.379+0530] {processor.py:840} INFO - DAG(s) 'tutorial_objectstorage' retrieved from /home/bharat/.local/lib/python3.11/site-packages/airflow/example_dags/tutorial_objectstorage.py
[2024-07-01T17:52:29.386+0530] {logging_mixin.py:188} INFO - [2024-07-01T17:52:29.386+0530] {dag.py:3096} INFO - Sync 1 DAGs
[2024-07-01T17:52:29.394+0530] {logging_mixin.py:188} INFO - [2024-07-01T17:52:29.394+0530] {dag.py:3954} INFO - Setting next_dagrun for tutorial_objectstorage to None, run_after=None
[2024-07-01T17:52:29.404+0530] {processor.py:183} INFO - Processing /home/bharat/.local/lib/python3.11/site-packages/airflow/example_dags/tutorial_objectstorage.py took 0.037 seconds
[2024-07-01T17:53:24.948+0530] {processor.py:161} INFO - Started process (PID=12142) to work on /home/bharat/.local/lib/python3.11/site-packages/airflow/example_dags/tutorial_objectstorage.py
[2024-07-01T17:53:24.949+0530] {processor.py:830} INFO - Processing file /home/bharat/.local/lib/python3.11/site-packages/airflow/example_dags/tutorial_objectstorage.py for tasks to queue
[2024-07-01T17:53:24.950+0530] {logging_mixin.py:188} INFO - [2024-07-01T17:53:24.950+0530] {dagbag.py:545} INFO - Filling up the DagBag from /home/bharat/.local/lib/python3.11/site-packages/airflow/example_dags/tutorial_objectstorage.py
[2024-07-01T17:53:24.957+0530] {processor.py:840} INFO - DAG(s) 'tutorial_objectstorage' retrieved from /home/bharat/.local/lib/python3.11/site-packages/airflow/example_dags/tutorial_objectstorage.py
[2024-07-01T17:53:24.963+0530] {logging_mixin.py:188} INFO - [2024-07-01T17:53:24.963+0530] {dag.py:3096} INFO - Sync 1 DAGs
[2024-07-01T17:53:24.967+0530] {logging_mixin.py:188} INFO - [2024-07-01T17:53:24.967+0530] {dag.py:3954} INFO - Setting next_dagrun for tutorial_objectstorage to None, run_after=None
[2024-07-01T17:53:24.977+0530] {processor.py:183} INFO - Processing /home/bharat/.local/lib/python3.11/site-packages/airflow/example_dags/tutorial_objectstorage.py took 0.035 seconds
[2024-07-01T17:54:33.826+0530] {processor.py:161} INFO - Started process (PID=12535) to work on /home/bharat/.local/lib/python3.11/site-packages/airflow/example_dags/tutorial_objectstorage.py
[2024-07-01T17:54:33.826+0530] {processor.py:830} INFO - Processing file /home/bharat/.local/lib/python3.11/site-packages/airflow/example_dags/tutorial_objectstorage.py for tasks to queue
[2024-07-01T17:54:33.827+0530] {logging_mixin.py:188} INFO - [2024-07-01T17:54:33.827+0530] {dagbag.py:545} INFO - Filling up the DagBag from /home/bharat/.local/lib/python3.11/site-packages/airflow/example_dags/tutorial_objectstorage.py
[2024-07-01T17:54:33.830+0530] {processor.py:840} INFO - DAG(s) 'tutorial_objectstorage' retrieved from /home/bharat/.local/lib/python3.11/site-packages/airflow/example_dags/tutorial_objectstorage.py
[2024-07-01T17:54:33.836+0530] {logging_mixin.py:188} INFO - [2024-07-01T17:54:33.836+0530] {dag.py:3096} INFO - Sync 1 DAGs
[2024-07-01T17:54:33.841+0530] {logging_mixin.py:188} INFO - [2024-07-01T17:54:33.840+0530] {dag.py:3954} INFO - Setting next_dagrun for tutorial_objectstorage to None, run_after=None
[2024-07-01T17:54:33.850+0530] {processor.py:183} INFO - Processing /home/bharat/.local/lib/python3.11/site-packages/airflow/example_dags/tutorial_objectstorage.py took 0.027 seconds
[2024-07-01T17:55:29.172+0530] {processor.py:161} INFO - Started process (PID=12616) to work on /home/bharat/.local/lib/python3.11/site-packages/airflow/example_dags/tutorial_objectstorage.py
[2024-07-01T17:55:29.173+0530] {processor.py:830} INFO - Processing file /home/bharat/.local/lib/python3.11/site-packages/airflow/example_dags/tutorial_objectstorage.py for tasks to queue
[2024-07-01T17:55:29.175+0530] {logging_mixin.py:188} INFO - [2024-07-01T17:55:29.174+0530] {dagbag.py:545} INFO - Filling up the DagBag from /home/bharat/.local/lib/python3.11/site-packages/airflow/example_dags/tutorial_objectstorage.py
[2024-07-01T17:55:29.180+0530] {processor.py:840} INFO - DAG(s) 'tutorial_objectstorage' retrieved from /home/bharat/.local/lib/python3.11/site-packages/airflow/example_dags/tutorial_objectstorage.py
[2024-07-01T17:55:29.185+0530] {logging_mixin.py:188} INFO - [2024-07-01T17:55:29.185+0530] {dag.py:3096} INFO - Sync 1 DAGs
[2024-07-01T17:55:29.190+0530] {logging_mixin.py:188} INFO - [2024-07-01T17:55:29.190+0530] {dag.py:3954} INFO - Setting next_dagrun for tutorial_objectstorage to None, run_after=None
[2024-07-01T17:55:29.199+0530] {processor.py:183} INFO - Processing /home/bharat/.local/lib/python3.11/site-packages/airflow/example_dags/tutorial_objectstorage.py took 0.034 seconds
[2024-07-01T17:56:19.774+0530] {processor.py:161} INFO - Started process (PID=12693) to work on /home/bharat/.local/lib/python3.11/site-packages/airflow/example_dags/tutorial_objectstorage.py
[2024-07-01T17:56:19.775+0530] {processor.py:830} INFO - Processing file /home/bharat/.local/lib/python3.11/site-packages/airflow/example_dags/tutorial_objectstorage.py for tasks to queue
[2024-07-01T17:56:19.776+0530] {logging_mixin.py:188} INFO - [2024-07-01T17:56:19.776+0530] {dagbag.py:545} INFO - Filling up the DagBag from /home/bharat/.local/lib/python3.11/site-packages/airflow/example_dags/tutorial_objectstorage.py
[2024-07-01T17:56:19.780+0530] {processor.py:840} INFO - DAG(s) 'tutorial_objectstorage' retrieved from /home/bharat/.local/lib/python3.11/site-packages/airflow/example_dags/tutorial_objectstorage.py
[2024-07-01T17:56:19.786+0530] {logging_mixin.py:188} INFO - [2024-07-01T17:56:19.786+0530] {dag.py:3096} INFO - Sync 1 DAGs
[2024-07-01T17:56:19.790+0530] {logging_mixin.py:188} INFO - [2024-07-01T17:56:19.790+0530] {dag.py:3954} INFO - Setting next_dagrun for tutorial_objectstorage to None, run_after=None
[2024-07-01T17:56:19.799+0530] {processor.py:183} INFO - Processing /home/bharat/.local/lib/python3.11/site-packages/airflow/example_dags/tutorial_objectstorage.py took 0.032 seconds
[2024-07-01T17:57:13.353+0530] {processor.py:161} INFO - Started process (PID=12768) to work on /home/bharat/.local/lib/python3.11/site-packages/airflow/example_dags/tutorial_objectstorage.py
[2024-07-01T17:57:13.354+0530] {processor.py:830} INFO - Processing file /home/bharat/.local/lib/python3.11/site-packages/airflow/example_dags/tutorial_objectstorage.py for tasks to queue
[2024-07-01T17:57:13.354+0530] {logging_mixin.py:188} INFO - [2024-07-01T17:57:13.354+0530] {dagbag.py:545} INFO - Filling up the DagBag from /home/bharat/.local/lib/python3.11/site-packages/airflow/example_dags/tutorial_objectstorage.py
[2024-07-01T17:57:13.357+0530] {processor.py:840} INFO - DAG(s) 'tutorial_objectstorage' retrieved from /home/bharat/.local/lib/python3.11/site-packages/airflow/example_dags/tutorial_objectstorage.py
[2024-07-01T17:57:13.363+0530] {logging_mixin.py:188} INFO - [2024-07-01T17:57:13.363+0530] {dag.py:3096} INFO - Sync 1 DAGs
[2024-07-01T17:57:13.367+0530] {logging_mixin.py:188} INFO - [2024-07-01T17:57:13.367+0530] {dag.py:3954} INFO - Setting next_dagrun for tutorial_objectstorage to None, run_after=None
[2024-07-01T17:57:13.376+0530] {processor.py:183} INFO - Processing /home/bharat/.local/lib/python3.11/site-packages/airflow/example_dags/tutorial_objectstorage.py took 0.029 seconds
[2024-07-01T17:58:06.651+0530] {processor.py:161} INFO - Started process (PID=12867) to work on /home/bharat/.local/lib/python3.11/site-packages/airflow/example_dags/tutorial_objectstorage.py
[2024-07-01T17:58:06.653+0530] {processor.py:830} INFO - Processing file /home/bharat/.local/lib/python3.11/site-packages/airflow/example_dags/tutorial_objectstorage.py for tasks to queue
[2024-07-01T17:58:06.655+0530] {logging_mixin.py:188} INFO - [2024-07-01T17:58:06.655+0530] {dagbag.py:545} INFO - Filling up the DagBag from /home/bharat/.local/lib/python3.11/site-packages/airflow/example_dags/tutorial_objectstorage.py
[2024-07-01T17:58:06.662+0530] {processor.py:840} INFO - DAG(s) 'tutorial_objectstorage' retrieved from /home/bharat/.local/lib/python3.11/site-packages/airflow/example_dags/tutorial_objectstorage.py
[2024-07-01T17:58:06.668+0530] {logging_mixin.py:188} INFO - [2024-07-01T17:58:06.668+0530] {dag.py:3096} INFO - Sync 1 DAGs
[2024-07-01T17:58:06.672+0530] {logging_mixin.py:188} INFO - [2024-07-01T17:58:06.672+0530] {dag.py:3954} INFO - Setting next_dagrun for tutorial_objectstorage to None, run_after=None
[2024-07-01T17:58:06.682+0530] {processor.py:183} INFO - Processing /home/bharat/.local/lib/python3.11/site-packages/airflow/example_dags/tutorial_objectstorage.py took 0.036 seconds
[2024-07-01T17:58:58.177+0530] {processor.py:161} INFO - Started process (PID=12940) to work on /home/bharat/.local/lib/python3.11/site-packages/airflow/example_dags/tutorial_objectstorage.py
[2024-07-01T17:58:58.178+0530] {processor.py:830} INFO - Processing file /home/bharat/.local/lib/python3.11/site-packages/airflow/example_dags/tutorial_objectstorage.py for tasks to queue
[2024-07-01T17:58:58.179+0530] {logging_mixin.py:188} INFO - [2024-07-01T17:58:58.179+0530] {dagbag.py:545} INFO - Filling up the DagBag from /home/bharat/.local/lib/python3.11/site-packages/airflow/example_dags/tutorial_objectstorage.py
[2024-07-01T17:58:58.184+0530] {processor.py:840} INFO - DAG(s) 'tutorial_objectstorage' retrieved from /home/bharat/.local/lib/python3.11/site-packages/airflow/example_dags/tutorial_objectstorage.py
[2024-07-01T17:58:58.190+0530] {logging_mixin.py:188} INFO - [2024-07-01T17:58:58.190+0530] {dag.py:3096} INFO - Sync 1 DAGs
[2024-07-01T17:58:58.194+0530] {logging_mixin.py:188} INFO - [2024-07-01T17:58:58.194+0530] {dag.py:3954} INFO - Setting next_dagrun for tutorial_objectstorage to None, run_after=None
[2024-07-01T17:58:58.203+0530] {processor.py:183} INFO - Processing /home/bharat/.local/lib/python3.11/site-packages/airflow/example_dags/tutorial_objectstorage.py took 0.034 seconds
[2024-07-01T17:59:49.531+0530] {processor.py:161} INFO - Started process (PID=13013) to work on /home/bharat/.local/lib/python3.11/site-packages/airflow/example_dags/tutorial_objectstorage.py
[2024-07-01T17:59:49.532+0530] {processor.py:830} INFO - Processing file /home/bharat/.local/lib/python3.11/site-packages/airflow/example_dags/tutorial_objectstorage.py for tasks to queue
[2024-07-01T17:59:49.533+0530] {logging_mixin.py:188} INFO - [2024-07-01T17:59:49.533+0530] {dagbag.py:545} INFO - Filling up the DagBag from /home/bharat/.local/lib/python3.11/site-packages/airflow/example_dags/tutorial_objectstorage.py
[2024-07-01T17:59:49.540+0530] {processor.py:840} INFO - DAG(s) 'tutorial_objectstorage' retrieved from /home/bharat/.local/lib/python3.11/site-packages/airflow/example_dags/tutorial_objectstorage.py
[2024-07-01T17:59:49.546+0530] {logging_mixin.py:188} INFO - [2024-07-01T17:59:49.546+0530] {dag.py:3096} INFO - Sync 1 DAGs
[2024-07-01T17:59:49.551+0530] {logging_mixin.py:188} INFO - [2024-07-01T17:59:49.551+0530] {dag.py:3954} INFO - Setting next_dagrun for tutorial_objectstorage to None, run_after=None
[2024-07-01T17:59:49.560+0530] {processor.py:183} INFO - Processing /home/bharat/.local/lib/python3.11/site-packages/airflow/example_dags/tutorial_objectstorage.py took 0.035 seconds
[2024-07-01T18:00:41.597+0530] {processor.py:161} INFO - Started process (PID=13090) to work on /home/bharat/.local/lib/python3.11/site-packages/airflow/example_dags/tutorial_objectstorage.py
[2024-07-01T18:00:41.598+0530] {processor.py:830} INFO - Processing file /home/bharat/.local/lib/python3.11/site-packages/airflow/example_dags/tutorial_objectstorage.py for tasks to queue
[2024-07-01T18:00:41.599+0530] {logging_mixin.py:188} INFO - [2024-07-01T18:00:41.599+0530] {dagbag.py:545} INFO - Filling up the DagBag from /home/bharat/.local/lib/python3.11/site-packages/airflow/example_dags/tutorial_objectstorage.py
[2024-07-01T18:00:41.605+0530] {processor.py:840} INFO - DAG(s) 'tutorial_objectstorage' retrieved from /home/bharat/.local/lib/python3.11/site-packages/airflow/example_dags/tutorial_objectstorage.py
[2024-07-01T18:00:41.612+0530] {logging_mixin.py:188} INFO - [2024-07-01T18:00:41.612+0530] {dag.py:3096} INFO - Sync 1 DAGs
[2024-07-01T18:00:41.616+0530] {logging_mixin.py:188} INFO - [2024-07-01T18:00:41.616+0530] {dag.py:3954} INFO - Setting next_dagrun for tutorial_objectstorage to None, run_after=None
[2024-07-01T18:00:41.626+0530] {processor.py:183} INFO - Processing /home/bharat/.local/lib/python3.11/site-packages/airflow/example_dags/tutorial_objectstorage.py took 0.034 seconds
[2024-07-01T18:01:32.673+0530] {processor.py:161} INFO - Started process (PID=13163) to work on /home/bharat/.local/lib/python3.11/site-packages/airflow/example_dags/tutorial_objectstorage.py
[2024-07-01T18:01:32.674+0530] {processor.py:830} INFO - Processing file /home/bharat/.local/lib/python3.11/site-packages/airflow/example_dags/tutorial_objectstorage.py for tasks to queue
[2024-07-01T18:01:32.675+0530] {logging_mixin.py:188} INFO - [2024-07-01T18:01:32.675+0530] {dagbag.py:545} INFO - Filling up the DagBag from /home/bharat/.local/lib/python3.11/site-packages/airflow/example_dags/tutorial_objectstorage.py
[2024-07-01T18:01:32.680+0530] {processor.py:840} INFO - DAG(s) 'tutorial_objectstorage' retrieved from /home/bharat/.local/lib/python3.11/site-packages/airflow/example_dags/tutorial_objectstorage.py
[2024-07-01T18:01:32.686+0530] {logging_mixin.py:188} INFO - [2024-07-01T18:01:32.686+0530] {dag.py:3096} INFO - Sync 1 DAGs
[2024-07-01T18:01:32.690+0530] {logging_mixin.py:188} INFO - [2024-07-01T18:01:32.690+0530] {dag.py:3954} INFO - Setting next_dagrun for tutorial_objectstorage to None, run_after=None
[2024-07-01T18:01:32.699+0530] {processor.py:183} INFO - Processing /home/bharat/.local/lib/python3.11/site-packages/airflow/example_dags/tutorial_objectstorage.py took 0.035 seconds
[2024-07-01T18:02:26.720+0530] {processor.py:161} INFO - Started process (PID=13236) to work on /home/bharat/.local/lib/python3.11/site-packages/airflow/example_dags/tutorial_objectstorage.py
[2024-07-01T18:02:26.721+0530] {processor.py:830} INFO - Processing file /home/bharat/.local/lib/python3.11/site-packages/airflow/example_dags/tutorial_objectstorage.py for tasks to queue
[2024-07-01T18:02:26.723+0530] {logging_mixin.py:188} INFO - [2024-07-01T18:02:26.722+0530] {dagbag.py:545} INFO - Filling up the DagBag from /home/bharat/.local/lib/python3.11/site-packages/airflow/example_dags/tutorial_objectstorage.py
[2024-07-01T18:02:26.727+0530] {processor.py:840} INFO - DAG(s) 'tutorial_objectstorage' retrieved from /home/bharat/.local/lib/python3.11/site-packages/airflow/example_dags/tutorial_objectstorage.py
[2024-07-01T18:02:26.733+0530] {logging_mixin.py:188} INFO - [2024-07-01T18:02:26.733+0530] {dag.py:3096} INFO - Sync 1 DAGs
[2024-07-01T18:02:26.737+0530] {logging_mixin.py:188} INFO - [2024-07-01T18:02:26.737+0530] {dag.py:3954} INFO - Setting next_dagrun for tutorial_objectstorage to None, run_after=None
[2024-07-01T18:02:26.746+0530] {processor.py:183} INFO - Processing /home/bharat/.local/lib/python3.11/site-packages/airflow/example_dags/tutorial_objectstorage.py took 0.034 seconds
[2024-07-01T18:03:18.457+0530] {processor.py:161} INFO - Started process (PID=13338) to work on /home/bharat/.local/lib/python3.11/site-packages/airflow/example_dags/tutorial_objectstorage.py
[2024-07-01T18:03:18.458+0530] {processor.py:830} INFO - Processing file /home/bharat/.local/lib/python3.11/site-packages/airflow/example_dags/tutorial_objectstorage.py for tasks to queue
[2024-07-01T18:03:18.459+0530] {logging_mixin.py:188} INFO - [2024-07-01T18:03:18.459+0530] {dagbag.py:545} INFO - Filling up the DagBag from /home/bharat/.local/lib/python3.11/site-packages/airflow/example_dags/tutorial_objectstorage.py
[2024-07-01T18:03:18.463+0530] {processor.py:840} INFO - DAG(s) 'tutorial_objectstorage' retrieved from /home/bharat/.local/lib/python3.11/site-packages/airflow/example_dags/tutorial_objectstorage.py
[2024-07-01T18:03:18.469+0530] {logging_mixin.py:188} INFO - [2024-07-01T18:03:18.469+0530] {dag.py:3096} INFO - Sync 1 DAGs
[2024-07-01T18:03:18.473+0530] {logging_mixin.py:188} INFO - [2024-07-01T18:03:18.473+0530] {dag.py:3954} INFO - Setting next_dagrun for tutorial_objectstorage to None, run_after=None
[2024-07-01T18:03:18.483+0530] {processor.py:183} INFO - Processing /home/bharat/.local/lib/python3.11/site-packages/airflow/example_dags/tutorial_objectstorage.py took 0.032 seconds
[2024-07-01T18:04:08.617+0530] {processor.py:161} INFO - Started process (PID=13408) to work on /home/bharat/.local/lib/python3.11/site-packages/airflow/example_dags/tutorial_objectstorage.py
[2024-07-01T18:04:08.618+0530] {processor.py:830} INFO - Processing file /home/bharat/.local/lib/python3.11/site-packages/airflow/example_dags/tutorial_objectstorage.py for tasks to queue
[2024-07-01T18:04:08.618+0530] {logging_mixin.py:188} INFO - [2024-07-01T18:04:08.618+0530] {dagbag.py:545} INFO - Filling up the DagBag from /home/bharat/.local/lib/python3.11/site-packages/airflow/example_dags/tutorial_objectstorage.py
[2024-07-01T18:04:08.621+0530] {processor.py:840} INFO - DAG(s) 'tutorial_objectstorage' retrieved from /home/bharat/.local/lib/python3.11/site-packages/airflow/example_dags/tutorial_objectstorage.py
[2024-07-01T18:04:08.627+0530] {logging_mixin.py:188} INFO - [2024-07-01T18:04:08.627+0530] {dag.py:3096} INFO - Sync 1 DAGs
[2024-07-01T18:04:08.633+0530] {logging_mixin.py:188} INFO - [2024-07-01T18:04:08.632+0530] {dag.py:3954} INFO - Setting next_dagrun for tutorial_objectstorage to None, run_after=None
[2024-07-01T18:04:08.643+0530] {processor.py:183} INFO - Processing /home/bharat/.local/lib/python3.11/site-packages/airflow/example_dags/tutorial_objectstorage.py took 0.029 seconds
[2024-07-01T18:05:03.423+0530] {processor.py:161} INFO - Started process (PID=13911) to work on /home/bharat/.local/lib/python3.11/site-packages/airflow/example_dags/tutorial_objectstorage.py
[2024-07-01T18:05:03.423+0530] {processor.py:830} INFO - Processing file /home/bharat/.local/lib/python3.11/site-packages/airflow/example_dags/tutorial_objectstorage.py for tasks to queue
[2024-07-01T18:05:03.424+0530] {logging_mixin.py:188} INFO - [2024-07-01T18:05:03.424+0530] {dagbag.py:545} INFO - Filling up the DagBag from /home/bharat/.local/lib/python3.11/site-packages/airflow/example_dags/tutorial_objectstorage.py
[2024-07-01T18:05:03.427+0530] {processor.py:840} INFO - DAG(s) 'tutorial_objectstorage' retrieved from /home/bharat/.local/lib/python3.11/site-packages/airflow/example_dags/tutorial_objectstorage.py
[2024-07-01T18:05:03.432+0530] {logging_mixin.py:188} INFO - [2024-07-01T18:05:03.432+0530] {dag.py:3096} INFO - Sync 1 DAGs
[2024-07-01T18:05:03.437+0530] {logging_mixin.py:188} INFO - [2024-07-01T18:05:03.437+0530] {dag.py:3954} INFO - Setting next_dagrun for tutorial_objectstorage to None, run_after=None
[2024-07-01T18:05:03.446+0530] {processor.py:183} INFO - Processing /home/bharat/.local/lib/python3.11/site-packages/airflow/example_dags/tutorial_objectstorage.py took 0.029 seconds
[2024-07-01T18:05:52.641+0530] {processor.py:161} INFO - Started process (PID=13995) to work on /home/bharat/.local/lib/python3.11/site-packages/airflow/example_dags/tutorial_objectstorage.py
[2024-07-01T18:05:52.642+0530] {processor.py:830} INFO - Processing file /home/bharat/.local/lib/python3.11/site-packages/airflow/example_dags/tutorial_objectstorage.py for tasks to queue
[2024-07-01T18:05:52.642+0530] {logging_mixin.py:188} INFO - [2024-07-01T18:05:52.642+0530] {dagbag.py:545} INFO - Filling up the DagBag from /home/bharat/.local/lib/python3.11/site-packages/airflow/example_dags/tutorial_objectstorage.py
[2024-07-01T18:05:52.646+0530] {processor.py:840} INFO - DAG(s) 'tutorial_objectstorage' retrieved from /home/bharat/.local/lib/python3.11/site-packages/airflow/example_dags/tutorial_objectstorage.py
[2024-07-01T18:05:52.651+0530] {logging_mixin.py:188} INFO - [2024-07-01T18:05:52.651+0530] {dag.py:3096} INFO - Sync 1 DAGs
[2024-07-01T18:05:52.655+0530] {logging_mixin.py:188} INFO - [2024-07-01T18:05:52.655+0530] {dag.py:3954} INFO - Setting next_dagrun for tutorial_objectstorage to None, run_after=None
[2024-07-01T18:05:52.665+0530] {processor.py:183} INFO - Processing /home/bharat/.local/lib/python3.11/site-packages/airflow/example_dags/tutorial_objectstorage.py took 0.026 seconds
[2024-07-01T18:06:42.062+0530] {processor.py:161} INFO - Started process (PID=14073) to work on /home/bharat/.local/lib/python3.11/site-packages/airflow/example_dags/tutorial_objectstorage.py
[2024-07-01T18:06:42.063+0530] {processor.py:830} INFO - Processing file /home/bharat/.local/lib/python3.11/site-packages/airflow/example_dags/tutorial_objectstorage.py for tasks to queue
[2024-07-01T18:06:42.064+0530] {logging_mixin.py:188} INFO - [2024-07-01T18:06:42.063+0530] {dagbag.py:545} INFO - Filling up the DagBag from /home/bharat/.local/lib/python3.11/site-packages/airflow/example_dags/tutorial_objectstorage.py
[2024-07-01T18:06:42.067+0530] {processor.py:840} INFO - DAG(s) 'tutorial_objectstorage' retrieved from /home/bharat/.local/lib/python3.11/site-packages/airflow/example_dags/tutorial_objectstorage.py
[2024-07-01T18:06:42.073+0530] {logging_mixin.py:188} INFO - [2024-07-01T18:06:42.073+0530] {dag.py:3096} INFO - Sync 1 DAGs
[2024-07-01T18:06:42.077+0530] {logging_mixin.py:188} INFO - [2024-07-01T18:06:42.077+0530] {dag.py:3954} INFO - Setting next_dagrun for tutorial_objectstorage to None, run_after=None
[2024-07-01T18:06:42.087+0530] {processor.py:183} INFO - Processing /home/bharat/.local/lib/python3.11/site-packages/airflow/example_dags/tutorial_objectstorage.py took 0.031 seconds
[2024-07-01T18:07:36.013+0530] {processor.py:161} INFO - Started process (PID=14147) to work on /home/bharat/.local/lib/python3.11/site-packages/airflow/example_dags/tutorial_objectstorage.py
[2024-07-01T18:07:36.013+0530] {processor.py:830} INFO - Processing file /home/bharat/.local/lib/python3.11/site-packages/airflow/example_dags/tutorial_objectstorage.py for tasks to queue
[2024-07-01T18:07:36.015+0530] {logging_mixin.py:188} INFO - [2024-07-01T18:07:36.014+0530] {dagbag.py:545} INFO - Filling up the DagBag from /home/bharat/.local/lib/python3.11/site-packages/airflow/example_dags/tutorial_objectstorage.py
[2024-07-01T18:07:36.019+0530] {processor.py:840} INFO - DAG(s) 'tutorial_objectstorage' retrieved from /home/bharat/.local/lib/python3.11/site-packages/airflow/example_dags/tutorial_objectstorage.py
[2024-07-01T18:07:36.025+0530] {logging_mixin.py:188} INFO - [2024-07-01T18:07:36.025+0530] {dag.py:3096} INFO - Sync 1 DAGs
[2024-07-01T18:07:36.029+0530] {logging_mixin.py:188} INFO - [2024-07-01T18:07:36.029+0530] {dag.py:3954} INFO - Setting next_dagrun for tutorial_objectstorage to None, run_after=None
[2024-07-01T18:07:36.038+0530] {processor.py:183} INFO - Processing /home/bharat/.local/lib/python3.11/site-packages/airflow/example_dags/tutorial_objectstorage.py took 0.032 seconds
[2024-07-01T18:08:25.177+0530] {processor.py:161} INFO - Started process (PID=14247) to work on /home/bharat/.local/lib/python3.11/site-packages/airflow/example_dags/tutorial_objectstorage.py
[2024-07-01T18:08:25.178+0530] {processor.py:830} INFO - Processing file /home/bharat/.local/lib/python3.11/site-packages/airflow/example_dags/tutorial_objectstorage.py for tasks to queue
[2024-07-01T18:08:25.178+0530] {logging_mixin.py:188} INFO - [2024-07-01T18:08:25.178+0530] {dagbag.py:545} INFO - Filling up the DagBag from /home/bharat/.local/lib/python3.11/site-packages/airflow/example_dags/tutorial_objectstorage.py
[2024-07-01T18:08:25.181+0530] {processor.py:840} INFO - DAG(s) 'tutorial_objectstorage' retrieved from /home/bharat/.local/lib/python3.11/site-packages/airflow/example_dags/tutorial_objectstorage.py
[2024-07-01T18:08:25.187+0530] {logging_mixin.py:188} INFO - [2024-07-01T18:08:25.187+0530] {dag.py:3096} INFO - Sync 1 DAGs
[2024-07-01T18:08:25.191+0530] {logging_mixin.py:188} INFO - [2024-07-01T18:08:25.191+0530] {dag.py:3954} INFO - Setting next_dagrun for tutorial_objectstorage to None, run_after=None
[2024-07-01T18:08:25.200+0530] {processor.py:183} INFO - Processing /home/bharat/.local/lib/python3.11/site-packages/airflow/example_dags/tutorial_objectstorage.py took 0.029 seconds
[2024-07-01T18:09:16.571+0530] {processor.py:161} INFO - Started process (PID=14408) to work on /home/bharat/.local/lib/python3.11/site-packages/airflow/example_dags/tutorial_objectstorage.py
[2024-07-01T18:09:16.571+0530] {processor.py:830} INFO - Processing file /home/bharat/.local/lib/python3.11/site-packages/airflow/example_dags/tutorial_objectstorage.py for tasks to queue
[2024-07-01T18:09:16.572+0530] {logging_mixin.py:188} INFO - [2024-07-01T18:09:16.572+0530] {dagbag.py:545} INFO - Filling up the DagBag from /home/bharat/.local/lib/python3.11/site-packages/airflow/example_dags/tutorial_objectstorage.py
[2024-07-01T18:09:16.575+0530] {processor.py:840} INFO - DAG(s) 'tutorial_objectstorage' retrieved from /home/bharat/.local/lib/python3.11/site-packages/airflow/example_dags/tutorial_objectstorage.py
[2024-07-01T18:09:16.580+0530] {logging_mixin.py:188} INFO - [2024-07-01T18:09:16.580+0530] {dag.py:3096} INFO - Sync 1 DAGs
[2024-07-01T18:09:16.585+0530] {logging_mixin.py:188} INFO - [2024-07-01T18:09:16.585+0530] {dag.py:3954} INFO - Setting next_dagrun for tutorial_objectstorage to None, run_after=None
[2024-07-01T18:09:16.594+0530] {processor.py:183} INFO - Processing /home/bharat/.local/lib/python3.11/site-packages/airflow/example_dags/tutorial_objectstorage.py took 0.027 seconds
[2024-07-01T18:10:09.740+0530] {processor.py:161} INFO - Started process (PID=14489) to work on /home/bharat/.local/lib/python3.11/site-packages/airflow/example_dags/tutorial_objectstorage.py
[2024-07-01T18:10:09.741+0530] {processor.py:830} INFO - Processing file /home/bharat/.local/lib/python3.11/site-packages/airflow/example_dags/tutorial_objectstorage.py for tasks to queue
[2024-07-01T18:10:09.741+0530] {logging_mixin.py:188} INFO - [2024-07-01T18:10:09.741+0530] {dagbag.py:545} INFO - Filling up the DagBag from /home/bharat/.local/lib/python3.11/site-packages/airflow/example_dags/tutorial_objectstorage.py
[2024-07-01T18:10:09.744+0530] {processor.py:840} INFO - DAG(s) 'tutorial_objectstorage' retrieved from /home/bharat/.local/lib/python3.11/site-packages/airflow/example_dags/tutorial_objectstorage.py
[2024-07-01T18:10:09.750+0530] {logging_mixin.py:188} INFO - [2024-07-01T18:10:09.750+0530] {dag.py:3096} INFO - Sync 1 DAGs
[2024-07-01T18:10:09.754+0530] {logging_mixin.py:188} INFO - [2024-07-01T18:10:09.754+0530] {dag.py:3954} INFO - Setting next_dagrun for tutorial_objectstorage to None, run_after=None
[2024-07-01T18:10:09.764+0530] {processor.py:183} INFO - Processing /home/bharat/.local/lib/python3.11/site-packages/airflow/example_dags/tutorial_objectstorage.py took 0.030 seconds
[2024-07-01T18:11:01.753+0530] {processor.py:161} INFO - Started process (PID=14592) to work on /home/bharat/.local/lib/python3.11/site-packages/airflow/example_dags/tutorial_objectstorage.py
[2024-07-01T18:11:01.753+0530] {processor.py:830} INFO - Processing file /home/bharat/.local/lib/python3.11/site-packages/airflow/example_dags/tutorial_objectstorage.py for tasks to queue
[2024-07-01T18:11:01.754+0530] {logging_mixin.py:188} INFO - [2024-07-01T18:11:01.754+0530] {dagbag.py:545} INFO - Filling up the DagBag from /home/bharat/.local/lib/python3.11/site-packages/airflow/example_dags/tutorial_objectstorage.py
[2024-07-01T18:11:01.757+0530] {processor.py:840} INFO - DAG(s) 'tutorial_objectstorage' retrieved from /home/bharat/.local/lib/python3.11/site-packages/airflow/example_dags/tutorial_objectstorage.py
[2024-07-01T18:11:01.762+0530] {logging_mixin.py:188} INFO - [2024-07-01T18:11:01.762+0530] {dag.py:3096} INFO - Sync 1 DAGs
[2024-07-01T18:11:01.767+0530] {logging_mixin.py:188} INFO - [2024-07-01T18:11:01.767+0530] {dag.py:3954} INFO - Setting next_dagrun for tutorial_objectstorage to None, run_after=None
[2024-07-01T18:11:01.776+0530] {processor.py:183} INFO - Processing /home/bharat/.local/lib/python3.11/site-packages/airflow/example_dags/tutorial_objectstorage.py took 0.029 seconds
[2024-07-01T18:11:54.366+0530] {processor.py:161} INFO - Started process (PID=14725) to work on /home/bharat/.local/lib/python3.11/site-packages/airflow/example_dags/tutorial_objectstorage.py
[2024-07-01T18:11:54.367+0530] {processor.py:830} INFO - Processing file /home/bharat/.local/lib/python3.11/site-packages/airflow/example_dags/tutorial_objectstorage.py for tasks to queue
[2024-07-01T18:11:54.368+0530] {logging_mixin.py:188} INFO - [2024-07-01T18:11:54.368+0530] {dagbag.py:545} INFO - Filling up the DagBag from /home/bharat/.local/lib/python3.11/site-packages/airflow/example_dags/tutorial_objectstorage.py
[2024-07-01T18:11:54.375+0530] {processor.py:840} INFO - DAG(s) 'tutorial_objectstorage' retrieved from /home/bharat/.local/lib/python3.11/site-packages/airflow/example_dags/tutorial_objectstorage.py
[2024-07-01T18:11:54.381+0530] {logging_mixin.py:188} INFO - [2024-07-01T18:11:54.381+0530] {dag.py:3096} INFO - Sync 1 DAGs
[2024-07-01T18:11:54.386+0530] {logging_mixin.py:188} INFO - [2024-07-01T18:11:54.385+0530] {dag.py:3954} INFO - Setting next_dagrun for tutorial_objectstorage to None, run_after=None
[2024-07-01T18:11:54.395+0530] {processor.py:183} INFO - Processing /home/bharat/.local/lib/python3.11/site-packages/airflow/example_dags/tutorial_objectstorage.py took 0.033 seconds
[2024-07-01T18:12:45.617+0530] {processor.py:161} INFO - Started process (PID=15017) to work on /home/bharat/.local/lib/python3.11/site-packages/airflow/example_dags/tutorial_objectstorage.py
[2024-07-01T18:12:45.618+0530] {processor.py:830} INFO - Processing file /home/bharat/.local/lib/python3.11/site-packages/airflow/example_dags/tutorial_objectstorage.py for tasks to queue
[2024-07-01T18:12:45.619+0530] {logging_mixin.py:188} INFO - [2024-07-01T18:12:45.619+0530] {dagbag.py:545} INFO - Filling up the DagBag from /home/bharat/.local/lib/python3.11/site-packages/airflow/example_dags/tutorial_objectstorage.py
[2024-07-01T18:12:45.623+0530] {processor.py:840} INFO - DAG(s) 'tutorial_objectstorage' retrieved from /home/bharat/.local/lib/python3.11/site-packages/airflow/example_dags/tutorial_objectstorage.py
[2024-07-01T18:12:45.629+0530] {logging_mixin.py:188} INFO - [2024-07-01T18:12:45.628+0530] {dag.py:3096} INFO - Sync 1 DAGs
[2024-07-01T18:12:45.633+0530] {logging_mixin.py:188} INFO - [2024-07-01T18:12:45.633+0530] {dag.py:3954} INFO - Setting next_dagrun for tutorial_objectstorage to None, run_after=None
[2024-07-01T18:12:45.642+0530] {processor.py:183} INFO - Processing /home/bharat/.local/lib/python3.11/site-packages/airflow/example_dags/tutorial_objectstorage.py took 0.032 seconds
