[2024-05-03T15:28:03.806+0530] {local_task_job_runner.py:120} INFO - ::group::Pre task execution logs
[2024-05-03T15:28:03.812+0530] {taskinstance.py:2073} INFO - Dependencies all met for dep_context=non-requeueable deps ti=<TaskInstance: async_dag.task scheduled__2024-05-03T09:56:00+00:00 [queued]>
[2024-05-03T15:28:03.814+0530] {taskinstance.py:2073} INFO - Dependencies all met for dep_context=requeueable deps ti=<TaskInstance: async_dag.task scheduled__2024-05-03T09:56:00+00:00 [queued]>
[2024-05-03T15:28:03.815+0530] {taskinstance.py:2303} INFO - Starting attempt 1 of 2
[2024-05-03T15:28:03.821+0530] {taskinstance.py:2327} INFO - Executing <Task(PythonOperator): task> on 2024-05-03 09:56:00+00:00
[2024-05-03T15:28:03.824+0530] {standard_task_runner.py:63} INFO - Started process 78724 to run task
[2024-05-03T15:28:03.825+0530] {standard_task_runner.py:90} INFO - Running: ['airflow', 'tasks', 'run', 'async_dag', 'task', 'scheduled__2024-05-03T09:56:00+00:00', '--job-id', '888', '--raw', '--subdir', 'DAGS_FOLDER/async_dag.py', '--cfg-path', '/tmp/tmpnmmmtst7']
[2024-05-03T15:28:03.826+0530] {standard_task_runner.py:91} INFO - Job 888: Subtask task
[2024-05-03T15:28:03.840+0530] {task_command.py:426} INFO - Running <TaskInstance: async_dag.task scheduled__2024-05-03T09:56:00+00:00 [running]> on host ninebit5lm
[2024-05-03T15:28:03.872+0530] {taskinstance.py:2644} INFO - Exporting env vars: AIRFLOW_CTX_DAG_OWNER='bharat' AIRFLOW_CTX_DAG_ID='async_dag' AIRFLOW_CTX_TASK_ID='task' AIRFLOW_CTX_EXECUTION_DATE='2024-05-03T09:56:00+00:00' AIRFLOW_CTX_TRY_NUMBER='1' AIRFLOW_CTX_DAG_RUN_ID='scheduled__2024-05-03T09:56:00+00:00'
[2024-05-03T15:28:03.873+0530] {taskinstance.py:430} INFO - ::endgroup::
[2024-05-03T15:28:03.873+0530] {logging_mixin.py:188} INFO - My name is 
[2024-05-03T15:28:13.881+0530] {logging_mixin.py:188} INFO - Yadav
[2024-05-03T15:28:14.883+0530] {logging_mixin.py:188} INFO - Bharat
[2024-05-03T15:28:14.883+0530] {python.py:237} INFO - Done. Returned value was: None
[2024-05-03T15:28:14.884+0530] {taskinstance.py:441} INFO - ::group::Post task execution logs
[2024-05-03T15:28:14.888+0530] {taskinstance.py:1205} INFO - Marking task as SUCCESS. dag_id=async_dag, task_id=task, execution_date=20240503T095600, start_date=20240503T095803, end_date=20240503T095814
[2024-05-03T15:28:14.927+0530] {local_task_job_runner.py:240} INFO - Task exited with return code 0
[2024-05-03T15:28:14.935+0530] {taskinstance.py:3482} INFO - 0 downstream tasks scheduled from follow-on schedule check
[2024-05-03T15:28:14.935+0530] {local_task_job_runner.py:222} INFO - ::endgroup::
