[[34m2024-05-02T11:49:15.247+0530[0m] {[34mtask_context_logger.py:[0m63} INFO[0m - Task context logging is enabled[0m
[[34m2024-05-02T11:49:15.248+0530[0m] {[34mexecutor_loader.py:[0m235} INFO[0m - Loaded executor: SequentialExecutor[0m
[[34m2024-05-02T11:49:15.266+0530[0m] {[34mscheduler_job_runner.py:[0m796} INFO[0m - Starting the scheduler[0m
[[34m2024-05-02T11:49:15.266+0530[0m] {[34mscheduler_job_runner.py:[0m803} INFO[0m - Processing each file at most -1 times[0m
[[34m2024-05-02T11:49:15.276+0530[0m] {[34mmanager.py:[0m170} INFO[0m - Launched DagFileProcessorManager with pid: 7702[0m
[[34m2024-05-02T11:49:15.276+0530[0m] {[34mscheduler_job_runner.py:[0m1595} INFO[0m - Adopting or resetting orphaned tasks for active dag runs[0m
[[34m2024-05-02T11:49:15.277+0530[0m] {[34msettings.py:[0m60} INFO[0m - Configured default timezone UTC[0m
[2024-05-02T11:49:15.289+0530] {manager.py:393} WARNING - Because we cannot use more than 1 thread (parsing_processes = 2) when using sqlite. So we set parallelism to 1.
[[34m2024-05-02T11:54:15.425+0530[0m] {[34mscheduler_job_runner.py:[0m1595} INFO[0m - Adopting or resetting orphaned tasks for active dag runs[0m
[[34m2024-05-02T11:59:15.572+0530[0m] {[34mscheduler_job_runner.py:[0m1595} INFO[0m - Adopting or resetting orphaned tasks for active dag runs[0m
[[34m2024-05-02T12:04:15.719+0530[0m] {[34mscheduler_job_runner.py:[0m1595} INFO[0m - Adopting or resetting orphaned tasks for active dag runs[0m
[[34m2024-05-02T12:09:15.866+0530[0m] {[34mscheduler_job_runner.py:[0m1595} INFO[0m - Adopting or resetting orphaned tasks for active dag runs[0m
[[34m2024-05-02T12:14:16.012+0530[0m] {[34mscheduler_job_runner.py:[0m1595} INFO[0m - Adopting or resetting orphaned tasks for active dag runs[0m
[[34m2024-05-02T12:19:16.084+0530[0m] {[34mscheduler_job_runner.py:[0m1595} INFO[0m - Adopting or resetting orphaned tasks for active dag runs[0m
[[34m2024-05-02T12:24:16.241+0530[0m] {[34mscheduler_job_runner.py:[0m1595} INFO[0m - Adopting or resetting orphaned tasks for active dag runs[0m
[[34m2024-05-02T12:29:16.510+0530[0m] {[34mscheduler_job_runner.py:[0m1595} INFO[0m - Adopting or resetting orphaned tasks for active dag runs[0m
[[34m2024-05-02T12:34:16.657+0530[0m] {[34mscheduler_job_runner.py:[0m1595} INFO[0m - Adopting or resetting orphaned tasks for active dag runs[0m
[[34m2024-05-02T12:34:16.660+0530[0m] {[34mscheduler_job_runner.py:[0m1618} INFO[0m - Marked 1 SchedulerJob instances as failed[0m
[[34m2024-05-02T12:39:16.822+0530[0m] {[34mscheduler_job_runner.py:[0m1595} INFO[0m - Adopting or resetting orphaned tasks for active dag runs[0m
[[34m2024-05-02T12:44:16.975+0530[0m] {[34mscheduler_job_runner.py:[0m1595} INFO[0m - Adopting or resetting orphaned tasks for active dag runs[0m
[[34m2024-05-02T12:49:17.123+0530[0m] {[34mscheduler_job_runner.py:[0m1595} INFO[0m - Adopting or resetting orphaned tasks for active dag runs[0m
[[34m2024-05-02T12:51:34.405+0530[0m] {[34mscheduler_job_runner.py:[0m256} INFO[0m - Exiting gracefully upon receiving signal 15[0m
