[2024-05-03T12:29:05.908+0530] {local_task_job_runner.py:120} INFO - ::group::Pre task execution logs
[2024-05-03T12:29:05.914+0530] {taskinstance.py:2073} INFO - Dependencies all met for dep_context=non-requeueable deps ti=<TaskInstance: async_dag.task scheduled__2024-05-03T06:52:00+00:00 [queued]>
[2024-05-03T12:29:05.916+0530] {taskinstance.py:2073} INFO - Dependencies all met for dep_context=requeueable deps ti=<TaskInstance: async_dag.task scheduled__2024-05-03T06:52:00+00:00 [queued]>
[2024-05-03T12:29:05.916+0530] {taskinstance.py:2303} INFO - Starting attempt 2 of 2
[2024-05-03T12:29:05.923+0530] {taskinstance.py:2327} INFO - Executing <Task(PythonOperator): task> on 2024-05-03 06:52:00+00:00
[2024-05-03T12:29:05.925+0530] {standard_task_runner.py:63} INFO - Started process 27825 to run task
[2024-05-03T12:29:05.927+0530] {standard_task_runner.py:90} INFO - Running: ['airflow', 'tasks', 'run', 'async_dag', 'task', 'scheduled__2024-05-03T06:52:00+00:00', '--job-id', '358', '--raw', '--subdir', 'DAGS_FOLDER/async_dag.py', '--cfg-path', '/tmp/tmpp62t86pb']
[2024-05-03T12:29:05.927+0530] {standard_task_runner.py:91} INFO - Job 358: Subtask task
[2024-05-03T12:29:05.944+0530] {task_command.py:426} INFO - Running <TaskInstance: async_dag.task scheduled__2024-05-03T06:52:00+00:00 [running]> on host ninebit5lm
[2024-05-03T12:29:05.970+0530] {taskinstance.py:2644} INFO - Exporting env vars: AIRFLOW_CTX_DAG_OWNER='bharat' AIRFLOW_CTX_DAG_ID='async_dag' AIRFLOW_CTX_TASK_ID='task' AIRFLOW_CTX_EXECUTION_DATE='2024-05-03T06:52:00+00:00' AIRFLOW_CTX_TRY_NUMBER='2' AIRFLOW_CTX_DAG_RUN_ID='scheduled__2024-05-03T06:52:00+00:00'
[2024-05-03T12:29:05.970+0530] {taskinstance.py:430} INFO - ::endgroup::
[2024-05-03T12:29:05.971+0530] {logging_mixin.py:188} INFO - My name is 
[2024-05-03T12:29:15.981+0530] {logging_mixin.py:188} INFO - Yadav
[2024-05-03T12:29:16.983+0530] {logging_mixin.py:188} INFO - Bharat
[2024-05-03T12:29:16.984+0530] {python.py:237} INFO - Done. Returned value was: None
[2024-05-03T12:29:16.985+0530] {taskinstance.py:441} INFO - ::group::Post task execution logs
[2024-05-03T12:29:16.989+0530] {taskinstance.py:1205} INFO - Marking task as SUCCESS. dag_id=async_dag, task_id=task, execution_date=20240503T065200, start_date=20240503T065905, end_date=20240503T065916
[2024-05-03T12:29:17.002+0530] {local_task_job_runner.py:240} INFO - Task exited with return code 0
[2024-05-03T12:29:17.010+0530] {taskinstance.py:3482} INFO - 0 downstream tasks scheduled from follow-on schedule check
[2024-05-03T12:29:17.010+0530] {local_task_job_runner.py:222} INFO - ::endgroup::
