[2024-05-03T12:34:04.026+0530] {local_task_job_runner.py:120} INFO - ::group::Pre task execution logs
[2024-05-03T12:34:04.032+0530] {taskinstance.py:2073} INFO - Dependencies all met for dep_context=non-requeueable deps ti=<TaskInstance: async_dag.task scheduled__2024-05-03T07:02:00+00:00 [queued]>
[2024-05-03T12:34:04.034+0530] {taskinstance.py:2073} INFO - Dependencies all met for dep_context=requeueable deps ti=<TaskInstance: async_dag.task scheduled__2024-05-03T07:02:00+00:00 [queued]>
[2024-05-03T12:34:04.035+0530] {taskinstance.py:2303} INFO - Starting attempt 1 of 2
[2024-05-03T12:34:04.041+0530] {taskinstance.py:2327} INFO - Executing <Task(PythonOperator): task> on 2024-05-03 07:02:00+00:00
[2024-05-03T12:34:04.043+0530] {standard_task_runner.py:63} INFO - Started process 29226 to run task
[2024-05-03T12:34:04.045+0530] {standard_task_runner.py:90} INFO - Running: ['airflow', 'tasks', 'run', 'async_dag', 'task', 'scheduled__2024-05-03T07:02:00+00:00', '--job-id', '373', '--raw', '--subdir', 'DAGS_FOLDER/async_dag.py', '--cfg-path', '/tmp/tmpy2pzidg0']
[2024-05-03T12:34:04.045+0530] {standard_task_runner.py:91} INFO - Job 373: Subtask task
[2024-05-03T12:34:04.061+0530] {task_command.py:426} INFO - Running <TaskInstance: async_dag.task scheduled__2024-05-03T07:02:00+00:00 [running]> on host ninebit5lm
[2024-05-03T12:34:04.089+0530] {taskinstance.py:2644} INFO - Exporting env vars: AIRFLOW_CTX_DAG_OWNER='bharat' AIRFLOW_CTX_DAG_ID='async_dag' AIRFLOW_CTX_TASK_ID='task' AIRFLOW_CTX_EXECUTION_DATE='2024-05-03T07:02:00+00:00' AIRFLOW_CTX_TRY_NUMBER='1' AIRFLOW_CTX_DAG_RUN_ID='scheduled__2024-05-03T07:02:00+00:00'
[2024-05-03T12:34:04.089+0530] {taskinstance.py:430} INFO - ::endgroup::
[2024-05-03T12:34:04.090+0530] {logging_mixin.py:188} INFO - My name is 
[2024-05-03T12:34:14.097+0530] {logging_mixin.py:188} INFO - Yadav
[2024-05-03T12:34:15.099+0530] {logging_mixin.py:188} INFO - Bharat
[2024-05-03T12:34:15.100+0530] {python.py:237} INFO - Done. Returned value was: None
[2024-05-03T12:34:15.101+0530] {taskinstance.py:441} INFO - ::group::Post task execution logs
[2024-05-03T12:34:15.111+0530] {taskinstance.py:1205} INFO - Marking task as SUCCESS. dag_id=async_dag, task_id=task, execution_date=20240503T070200, start_date=20240503T070404, end_date=20240503T070415
[2024-05-03T12:34:15.163+0530] {local_task_job_runner.py:240} INFO - Task exited with return code 0
[2024-05-03T12:34:15.180+0530] {taskinstance.py:3482} INFO - 0 downstream tasks scheduled from follow-on schedule check
[2024-05-03T12:34:15.181+0530] {local_task_job_runner.py:222} INFO - ::endgroup::
