[2024-05-02T17:22:13.105+0530] {local_task_job_runner.py:120} INFO - ::group::Pre task execution logs
[2024-05-02T17:22:13.112+0530] {taskinstance.py:2073} INFO - Dependencies all met for dep_context=non-requeueable deps ti=<TaskInstance: bharat1_dag.choose_best_model manual__2024-05-02T11:52:06.582809+00:00 [queued]>
[2024-05-02T17:22:13.114+0530] {taskinstance.py:2073} INFO - Dependencies all met for dep_context=requeueable deps ti=<TaskInstance: bharat1_dag.choose_best_model manual__2024-05-02T11:52:06.582809+00:00 [queued]>
[2024-05-02T17:22:13.114+0530] {taskinstance.py:2303} INFO - Starting attempt 1 of 1
[2024-05-02T17:22:13.121+0530] {taskinstance.py:2327} INFO - Executing <Task(BranchPythonOperator): choose_best_model> on 2024-05-02 11:52:06.582809+00:00
[2024-05-02T17:22:13.124+0530] {standard_task_runner.py:63} INFO - Started process 38018 to run task
[2024-05-02T17:22:13.125+0530] {standard_task_runner.py:90} INFO - Running: ['airflow', 'tasks', 'run', 'bharat1_dag', 'choose_best_model', 'manual__2024-05-02T11:52:06.582809+00:00', '--job-id', '87', '--raw', '--subdir', 'DAGS_FOLDER/bharat1_dag.py', '--cfg-path', '/tmp/tmpq92zkzyc']
[2024-05-02T17:22:13.126+0530] {standard_task_runner.py:91} INFO - Job 87: Subtask choose_best_model
[2024-05-02T17:22:13.141+0530] {task_command.py:426} INFO - Running <TaskInstance: bharat1_dag.choose_best_model manual__2024-05-02T11:52:06.582809+00:00 [running]> on host ninebit5lm
[2024-05-02T17:22:13.168+0530] {taskinstance.py:2644} INFO - Exporting env vars: AIRFLOW_CTX_DAG_OWNER='airflow' AIRFLOW_CTX_DAG_ID='bharat1_dag' AIRFLOW_CTX_TASK_ID='choose_best_model' AIRFLOW_CTX_EXECUTION_DATE='2024-05-02T11:52:06.582809+00:00' AIRFLOW_CTX_TRY_NUMBER='1' AIRFLOW_CTX_DAG_RUN_ID='manual__2024-05-02T11:52:06.582809+00:00'
[2024-05-02T17:22:13.169+0530] {taskinstance.py:430} INFO - ::endgroup::
[2024-05-02T17:22:13.169+0530] {baseoperator.py:399} WARNING - BranchPythonOperator.execute cannot be called outside TaskInstance!
[2024-05-02T17:22:13.171+0530] {python.py:237} INFO - Done. Returned value was: accurate
[2024-05-02T17:22:13.171+0530] {branch.py:36} INFO - Branch into accurate
[2024-05-02T17:22:13.171+0530] {skipmixin.py:178} INFO - Following branch accurate
[2024-05-02T17:22:13.173+0530] {skipmixin.py:246} INFO - Skipping tasks [('inaccurate', -1)]
[2024-05-02T17:22:13.182+0530] {taskinstance.py:441} INFO - ::group::Post task execution logs
[2024-05-02T17:22:13.188+0530] {taskinstance.py:1205} INFO - Marking task as SUCCESS. dag_id=bharat1_dag, task_id=choose_best_model, execution_date=20240502T115206, start_date=20240502T115213, end_date=20240502T115213
[2024-05-02T17:22:13.217+0530] {local_task_job_runner.py:240} INFO - Task exited with return code 0
[2024-05-02T17:22:13.235+0530] {taskinstance.py:3482} INFO - 1 downstream tasks scheduled from follow-on schedule check
[2024-05-02T17:22:13.239+0530] {local_task_job_runner.py:222} INFO - ::endgroup::
