[2024-05-03T13:34:03.646+0530] {local_task_job_runner.py:120} INFO - ::group::Pre task execution logs
[2024-05-03T13:34:03.652+0530] {taskinstance.py:2073} INFO - Dependencies all met for dep_context=non-requeueable deps ti=<TaskInstance: async_dag.task scheduled__2024-05-03T08:02:00+00:00 [queued]>
[2024-05-03T13:34:03.655+0530] {taskinstance.py:2073} INFO - Dependencies all met for dep_context=requeueable deps ti=<TaskInstance: async_dag.task scheduled__2024-05-03T08:02:00+00:00 [queued]>
[2024-05-03T13:34:03.655+0530] {taskinstance.py:2303} INFO - Starting attempt 1 of 2
[2024-05-03T13:34:03.662+0530] {taskinstance.py:2327} INFO - Executing <Task(PythonOperator): task> on 2024-05-03 08:02:00+00:00
[2024-05-03T13:34:03.664+0530] {standard_task_runner.py:63} INFO - Started process 44516 to run task
[2024-05-03T13:34:03.665+0530] {standard_task_runner.py:90} INFO - Running: ['airflow', 'tasks', 'run', 'async_dag', 'task', 'scheduled__2024-05-03T08:02:00+00:00', '--job-id', '503', '--raw', '--subdir', 'DAGS_FOLDER/async_dag.py', '--cfg-path', '/tmp/tmpt9oe7595']
[2024-05-03T13:34:03.666+0530] {standard_task_runner.py:91} INFO - Job 503: Subtask task
[2024-05-03T13:34:03.680+0530] {task_command.py:426} INFO - Running <TaskInstance: async_dag.task scheduled__2024-05-03T08:02:00+00:00 [running]> on host ninebit5lm
[2024-05-03T13:34:03.711+0530] {taskinstance.py:2644} INFO - Exporting env vars: AIRFLOW_CTX_DAG_OWNER='bharat' AIRFLOW_CTX_DAG_ID='async_dag' AIRFLOW_CTX_TASK_ID='task' AIRFLOW_CTX_EXECUTION_DATE='2024-05-03T08:02:00+00:00' AIRFLOW_CTX_TRY_NUMBER='1' AIRFLOW_CTX_DAG_RUN_ID='scheduled__2024-05-03T08:02:00+00:00'
[2024-05-03T13:34:03.712+0530] {taskinstance.py:430} INFO - ::endgroup::
[2024-05-03T13:34:03.712+0530] {logging_mixin.py:188} INFO - My name is 
[2024-05-03T13:34:13.723+0530] {logging_mixin.py:188} INFO - Yadav
[2024-05-03T13:34:14.725+0530] {logging_mixin.py:188} INFO - Bharat
[2024-05-03T13:34:14.726+0530] {python.py:237} INFO - Done. Returned value was: None
[2024-05-03T13:34:14.727+0530] {taskinstance.py:441} INFO - ::group::Post task execution logs
[2024-05-03T13:34:14.732+0530] {taskinstance.py:1205} INFO - Marking task as SUCCESS. dag_id=async_dag, task_id=task, execution_date=20240503T080200, start_date=20240503T080403, end_date=20240503T080414
[2024-05-03T13:34:14.779+0530] {local_task_job_runner.py:240} INFO - Task exited with return code 0
[2024-05-03T13:34:14.788+0530] {taskinstance.py:3482} INFO - 0 downstream tasks scheduled from follow-on schedule check
[2024-05-03T13:34:14.789+0530] {local_task_job_runner.py:222} INFO - ::endgroup::
