[2024-05-03T11:22:31.308+0530] {local_task_job_runner.py:120} INFO - ::group::Pre task execution logs
[2024-05-03T11:22:31.317+0530] {taskinstance.py:2073} INFO - Dependencies all met for dep_context=non-requeueable deps ti=<TaskInstance: bharat1_dag.accurate scheduled__2024-05-03T05:00:00+00:00 [queued]>
[2024-05-03T11:22:31.320+0530] {taskinstance.py:2073} INFO - Dependencies all met for dep_context=requeueable deps ti=<TaskInstance: bharat1_dag.accurate scheduled__2024-05-03T05:00:00+00:00 [queued]>
[2024-05-03T11:22:31.321+0530] {taskinstance.py:2303} INFO - Starting attempt 1 of 1
[2024-05-03T11:22:31.327+0530] {taskinstance.py:2327} INFO - Executing <Task(BashOperator): accurate> on 2024-05-03 05:00:00+00:00
[2024-05-03T11:22:31.329+0530] {standard_task_runner.py:63} INFO - Started process 9097 to run task
[2024-05-03T11:22:31.331+0530] {standard_task_runner.py:90} INFO - Running: ['airflow', 'tasks', 'run', 'bharat1_dag', 'accurate', 'scheduled__2024-05-03T05:00:00+00:00', '--job-id', '238', '--raw', '--subdir', 'DAGS_FOLDER/bharat1_dag.py', '--cfg-path', '/tmp/tmp25i_1_id']
[2024-05-03T11:22:31.332+0530] {standard_task_runner.py:91} INFO - Job 238: Subtask accurate
[2024-05-03T11:22:31.346+0530] {task_command.py:426} INFO - Running <TaskInstance: bharat1_dag.accurate scheduled__2024-05-03T05:00:00+00:00 [running]> on host ninebit5lm
[2024-05-03T11:22:31.373+0530] {taskinstance.py:2644} INFO - Exporting env vars: AIRFLOW_CTX_DAG_OWNER='airflow' AIRFLOW_CTX_DAG_ID='bharat1_dag' AIRFLOW_CTX_TASK_ID='accurate' AIRFLOW_CTX_EXECUTION_DATE='2024-05-03T05:00:00+00:00' AIRFLOW_CTX_TRY_NUMBER='1' AIRFLOW_CTX_DAG_RUN_ID='scheduled__2024-05-03T05:00:00+00:00'
[2024-05-03T11:22:31.374+0530] {taskinstance.py:430} INFO - ::endgroup::
[2024-05-03T11:22:31.374+0530] {subprocess.py:63} INFO - Tmp dir root location: /tmp
[2024-05-03T11:22:31.374+0530] {subprocess.py:75} INFO - Running command: ['/usr/bin/bash', '-c', "echo 'accurate'"]
[2024-05-03T11:22:31.378+0530] {subprocess.py:86} INFO - Output:
[2024-05-03T11:22:31.378+0530] {subprocess.py:93} INFO - accurate
[2024-05-03T11:22:31.378+0530] {subprocess.py:97} INFO - Command exited with return code 0
[2024-05-03T11:22:31.378+0530] {taskinstance.py:441} INFO - ::group::Post task execution logs
[2024-05-03T11:22:31.387+0530] {taskinstance.py:1205} INFO - Marking task as SUCCESS. dag_id=bharat1_dag, task_id=accurate, execution_date=20240503T050000, start_date=20240503T055231, end_date=20240503T055231
[2024-05-03T11:22:31.423+0530] {local_task_job_runner.py:240} INFO - Task exited with return code 0
[2024-05-03T11:22:31.432+0530] {taskinstance.py:3482} INFO - 0 downstream tasks scheduled from follow-on schedule check
[2024-05-03T11:22:31.432+0530] {local_task_job_runner.py:222} INFO - ::endgroup::
