[2024-05-03T14:08:04.655+0530] {local_task_job_runner.py:120} INFO - ::group::Pre task execution logs
[2024-05-03T14:08:04.661+0530] {taskinstance.py:2073} INFO - Dependencies all met for dep_context=non-requeueable deps ti=<TaskInstance: async_dag.task scheduled__2024-05-03T08:36:00+00:00 [queued]>
[2024-05-03T14:08:04.664+0530] {taskinstance.py:2073} INFO - Dependencies all met for dep_context=requeueable deps ti=<TaskInstance: async_dag.task scheduled__2024-05-03T08:36:00+00:00 [queued]>
[2024-05-03T14:08:04.664+0530] {taskinstance.py:2303} INFO - Starting attempt 1 of 2
[2024-05-03T14:08:04.671+0530] {taskinstance.py:2327} INFO - Executing <Task(PythonOperator): task> on 2024-05-03 08:36:00+00:00
[2024-05-03T14:08:04.673+0530] {standard_task_runner.py:63} INFO - Started process 53074 to run task
[2024-05-03T14:08:04.674+0530] {standard_task_runner.py:90} INFO - Running: ['airflow', 'tasks', 'run', 'async_dag', 'task', 'scheduled__2024-05-03T08:36:00+00:00', '--job-id', '576', '--raw', '--subdir', 'DAGS_FOLDER/async_dag.py', '--cfg-path', '/tmp/tmpx1qnk1jx']
[2024-05-03T14:08:04.675+0530] {standard_task_runner.py:91} INFO - Job 576: Subtask task
[2024-05-03T14:08:04.690+0530] {task_command.py:426} INFO - Running <TaskInstance: async_dag.task scheduled__2024-05-03T08:36:00+00:00 [running]> on host ninebit5lm
[2024-05-03T14:08:04.721+0530] {taskinstance.py:2644} INFO - Exporting env vars: AIRFLOW_CTX_DAG_OWNER='bharat' AIRFLOW_CTX_DAG_ID='async_dag' AIRFLOW_CTX_TASK_ID='task' AIRFLOW_CTX_EXECUTION_DATE='2024-05-03T08:36:00+00:00' AIRFLOW_CTX_TRY_NUMBER='1' AIRFLOW_CTX_DAG_RUN_ID='scheduled__2024-05-03T08:36:00+00:00'
[2024-05-03T14:08:04.721+0530] {taskinstance.py:430} INFO - ::endgroup::
[2024-05-03T14:08:04.722+0530] {logging_mixin.py:188} INFO - My name is 
[2024-05-03T14:08:14.732+0530] {logging_mixin.py:188} INFO - Yadav
[2024-05-03T14:08:15.734+0530] {logging_mixin.py:188} INFO - Bharat
[2024-05-03T14:08:15.735+0530] {python.py:237} INFO - Done. Returned value was: None
[2024-05-03T14:08:15.736+0530] {taskinstance.py:441} INFO - ::group::Post task execution logs
[2024-05-03T14:08:15.741+0530] {taskinstance.py:1205} INFO - Marking task as SUCCESS. dag_id=async_dag, task_id=task, execution_date=20240503T083600, start_date=20240503T083804, end_date=20240503T083815
[2024-05-03T14:08:15.763+0530] {local_task_job_runner.py:240} INFO - Task exited with return code 0
[2024-05-03T14:08:15.771+0530] {taskinstance.py:3482} INFO - 0 downstream tasks scheduled from follow-on schedule check
[2024-05-03T14:08:15.771+0530] {local_task_job_runner.py:222} INFO - ::endgroup::
