[2024-05-03T12:30:24.334+0530] {local_task_job_runner.py:120} INFO - ::group::Pre task execution logs
[2024-05-03T12:30:24.343+0530] {taskinstance.py:2073} INFO - Dependencies all met for dep_context=non-requeueable deps ti=<TaskInstance: bharat1_dag.accurate scheduled__2024-05-03T06:30:00+00:00 [queued]>
[2024-05-03T12:30:24.346+0530] {taskinstance.py:2073} INFO - Dependencies all met for dep_context=requeueable deps ti=<TaskInstance: bharat1_dag.accurate scheduled__2024-05-03T06:30:00+00:00 [queued]>
[2024-05-03T12:30:24.346+0530] {taskinstance.py:2303} INFO - Starting attempt 1 of 1
[2024-05-03T12:30:24.353+0530] {taskinstance.py:2327} INFO - Executing <Task(BashOperator): accurate> on 2024-05-03 06:30:00+00:00
[2024-05-03T12:30:24.355+0530] {standard_task_runner.py:63} INFO - Started process 28484 to run task
[2024-05-03T12:30:24.356+0530] {standard_task_runner.py:90} INFO - Running: ['airflow', 'tasks', 'run', 'bharat1_dag', 'accurate', 'scheduled__2024-05-03T06:30:00+00:00', '--job-id', '366', '--raw', '--subdir', 'DAGS_FOLDER/bharat1_dag.py', '--cfg-path', '/tmp/tmpxqaxox7n']
[2024-05-03T12:30:24.357+0530] {standard_task_runner.py:91} INFO - Job 366: Subtask accurate
[2024-05-03T12:30:24.371+0530] {task_command.py:426} INFO - Running <TaskInstance: bharat1_dag.accurate scheduled__2024-05-03T06:30:00+00:00 [running]> on host ninebit5lm
[2024-05-03T12:30:24.399+0530] {taskinstance.py:2644} INFO - Exporting env vars: AIRFLOW_CTX_DAG_OWNER='airflow' AIRFLOW_CTX_DAG_ID='bharat1_dag' AIRFLOW_CTX_TASK_ID='accurate' AIRFLOW_CTX_EXECUTION_DATE='2024-05-03T06:30:00+00:00' AIRFLOW_CTX_TRY_NUMBER='1' AIRFLOW_CTX_DAG_RUN_ID='scheduled__2024-05-03T06:30:00+00:00'
[2024-05-03T12:30:24.399+0530] {taskinstance.py:430} INFO - ::endgroup::
[2024-05-03T12:30:24.399+0530] {subprocess.py:63} INFO - Tmp dir root location: /tmp
[2024-05-03T12:30:24.400+0530] {subprocess.py:75} INFO - Running command: ['/usr/bin/bash', '-c', "echo 'accurate'"]
[2024-05-03T12:30:24.404+0530] {subprocess.py:86} INFO - Output:
[2024-05-03T12:30:24.404+0530] {subprocess.py:93} INFO - accurate
[2024-05-03T12:30:24.404+0530] {subprocess.py:97} INFO - Command exited with return code 0
[2024-05-03T12:30:24.404+0530] {taskinstance.py:441} INFO - ::group::Post task execution logs
[2024-05-03T12:30:24.413+0530] {taskinstance.py:1205} INFO - Marking task as SUCCESS. dag_id=bharat1_dag, task_id=accurate, execution_date=20240503T063000, start_date=20240503T070024, end_date=20240503T070024
[2024-05-03T12:30:24.448+0530] {local_task_job_runner.py:240} INFO - Task exited with return code 0
[2024-05-03T12:30:24.454+0530] {taskinstance.py:3482} INFO - 0 downstream tasks scheduled from follow-on schedule check
[2024-05-03T12:30:24.455+0530] {local_task_job_runner.py:222} INFO - ::endgroup::
