[2024-05-02T17:35:16.475+0530] {processor.py:161} INFO - Started process (PID=42213) to work on /home/bharat/airflow/dags/bharat3_dag.py
[2024-05-02T17:35:16.476+0530] {processor.py:830} INFO - Processing file /home/bharat/airflow/dags/bharat3_dag.py for tasks to queue
[2024-05-02T17:35:16.478+0530] {logging_mixin.py:188} INFO - [2024-05-02T17:35:16.478+0530] {dagbag.py:540} INFO - Filling up the DagBag from /home/bharat/airflow/dags/bharat3_dag.py
[2024-05-02T17:35:16.527+0530] {processor.py:840} INFO - DAG(s) 'bharat2_dag' retrieved from /home/bharat/airflow/dags/bharat3_dag.py
[2024-05-02T17:35:16.567+0530] {logging_mixin.py:188} INFO - [2024-05-02T17:35:16.567+0530] {override.py:1829} INFO - Created Permission View: can read on DAG:bharat2_dag
[2024-05-02T17:35:16.573+0530] {logging_mixin.py:188} INFO - [2024-05-02T17:35:16.573+0530] {override.py:1829} INFO - Created Permission View: can delete on DAG:bharat2_dag
[2024-05-02T17:35:16.578+0530] {logging_mixin.py:188} INFO - [2024-05-02T17:35:16.578+0530] {override.py:1829} INFO - Created Permission View: can edit on DAG:bharat2_dag
[2024-05-02T17:35:16.578+0530] {logging_mixin.py:188} INFO - [2024-05-02T17:35:16.578+0530] {dag.py:3096} INFO - Sync 1 DAGs
[2024-05-02T17:35:16.582+0530] {logging_mixin.py:188} INFO - [2024-05-02T17:35:16.581+0530] {dag.py:3118} INFO - Creating ORM DAG for bharat2_dag
[2024-05-02T17:35:16.585+0530] {logging_mixin.py:188} INFO - [2024-05-02T17:35:16.585+0530] {dag.py:3954} INFO - Setting next_dagrun for bharat2_dag to 2024-05-01 00:00:00+00:00, run_after=2024-05-02 00:00:00+00:00
[2024-05-02T17:35:16.594+0530] {processor.py:183} INFO - Processing /home/bharat/airflow/dags/bharat3_dag.py took 0.122 seconds
[2024-05-02T17:36:20.206+0530] {processor.py:161} INFO - Started process (PID=43474) to work on /home/bharat/airflow/dags/bharat3_dag.py
[2024-05-02T17:36:20.206+0530] {processor.py:830} INFO - Processing file /home/bharat/airflow/dags/bharat3_dag.py for tasks to queue
[2024-05-02T17:36:20.207+0530] {logging_mixin.py:188} INFO - [2024-05-02T17:36:20.207+0530] {dagbag.py:540} INFO - Filling up the DagBag from /home/bharat/airflow/dags/bharat3_dag.py
[2024-05-02T17:36:20.209+0530] {processor.py:840} INFO - DAG(s) 'bharat2_dag' retrieved from /home/bharat/airflow/dags/bharat3_dag.py
[2024-05-02T17:36:20.215+0530] {logging_mixin.py:188} INFO - [2024-05-02T17:36:20.215+0530] {dag.py:3096} INFO - Sync 1 DAGs
[2024-05-02T17:36:20.223+0530] {logging_mixin.py:188} INFO - [2024-05-02T17:36:20.223+0530] {dag.py:3954} INFO - Setting next_dagrun for bharat2_dag to 2024-05-02 00:00:00+00:00, run_after=2024-05-03 00:00:00+00:00
[2024-05-02T17:36:20.233+0530] {processor.py:183} INFO - Processing /home/bharat/airflow/dags/bharat3_dag.py took 0.033 seconds
[2024-05-02T17:37:09.242+0530] {processor.py:161} INFO - Started process (PID=43737) to work on /home/bharat/airflow/dags/bharat3_dag.py
[2024-05-02T17:37:09.242+0530] {processor.py:830} INFO - Processing file /home/bharat/airflow/dags/bharat3_dag.py for tasks to queue
[2024-05-02T17:37:09.244+0530] {logging_mixin.py:188} INFO - [2024-05-02T17:37:09.243+0530] {dagbag.py:540} INFO - Filling up the DagBag from /home/bharat/airflow/dags/bharat3_dag.py
[2024-05-02T17:37:09.248+0530] {processor.py:840} INFO - DAG(s) 'bharat2_dag' retrieved from /home/bharat/airflow/dags/bharat3_dag.py
[2024-05-02T17:37:09.255+0530] {logging_mixin.py:188} INFO - [2024-05-02T17:37:09.255+0530] {dag.py:3096} INFO - Sync 1 DAGs
[2024-05-02T17:37:09.263+0530] {logging_mixin.py:188} INFO - [2024-05-02T17:37:09.263+0530] {dag.py:3954} INFO - Setting next_dagrun for bharat2_dag to 2024-05-02 00:00:00+00:00, run_after=2024-05-03 00:00:00+00:00
[2024-05-02T17:37:09.273+0530] {processor.py:183} INFO - Processing /home/bharat/airflow/dags/bharat3_dag.py took 0.034 seconds
[2024-05-02T17:37:57.545+0530] {processor.py:161} INFO - Started process (PID=44090) to work on /home/bharat/airflow/dags/bharat3_dag.py
[2024-05-02T17:37:57.545+0530] {processor.py:830} INFO - Processing file /home/bharat/airflow/dags/bharat3_dag.py for tasks to queue
[2024-05-02T17:37:57.547+0530] {logging_mixin.py:188} INFO - [2024-05-02T17:37:57.547+0530] {dagbag.py:540} INFO - Filling up the DagBag from /home/bharat/airflow/dags/bharat3_dag.py
[2024-05-02T17:37:57.551+0530] {processor.py:840} INFO - DAG(s) 'bharat2_dag' retrieved from /home/bharat/airflow/dags/bharat3_dag.py
[2024-05-02T17:37:57.561+0530] {logging_mixin.py:188} INFO - [2024-05-02T17:37:57.561+0530] {dag.py:3096} INFO - Sync 1 DAGs
[2024-05-02T17:37:57.569+0530] {logging_mixin.py:188} INFO - [2024-05-02T17:37:57.569+0530] {dag.py:3954} INFO - Setting next_dagrun for bharat2_dag to 2024-05-02 00:00:00+00:00, run_after=2024-05-03 00:00:00+00:00
[2024-05-02T17:37:57.579+0530] {processor.py:183} INFO - Processing /home/bharat/airflow/dags/bharat3_dag.py took 0.038 seconds
[2024-05-02T17:38:50.625+0530] {processor.py:161} INFO - Started process (PID=44468) to work on /home/bharat/airflow/dags/bharat3_dag.py
[2024-05-02T17:38:50.626+0530] {processor.py:830} INFO - Processing file /home/bharat/airflow/dags/bharat3_dag.py for tasks to queue
[2024-05-02T17:38:50.627+0530] {logging_mixin.py:188} INFO - [2024-05-02T17:38:50.626+0530] {dagbag.py:540} INFO - Filling up the DagBag from /home/bharat/airflow/dags/bharat3_dag.py
[2024-05-02T17:38:50.629+0530] {processor.py:840} INFO - DAG(s) 'bharat2_dag' retrieved from /home/bharat/airflow/dags/bharat3_dag.py
[2024-05-02T17:38:50.635+0530] {logging_mixin.py:188} INFO - [2024-05-02T17:38:50.635+0530] {dag.py:3096} INFO - Sync 1 DAGs
[2024-05-02T17:38:50.642+0530] {logging_mixin.py:188} INFO - [2024-05-02T17:38:50.642+0530] {dag.py:3954} INFO - Setting next_dagrun for bharat2_dag to 2024-05-02 00:00:00+00:00, run_after=2024-05-03 00:00:00+00:00
[2024-05-02T17:38:50.651+0530] {processor.py:183} INFO - Processing /home/bharat/airflow/dags/bharat3_dag.py took 0.031 seconds
[2024-05-02T17:39:15.904+0530] {processor.py:161} INFO - Started process (PID=44618) to work on /home/bharat/airflow/dags/bharat3_dag.py
[2024-05-02T17:39:15.904+0530] {processor.py:830} INFO - Processing file /home/bharat/airflow/dags/bharat3_dag.py for tasks to queue
[2024-05-02T17:39:15.905+0530] {logging_mixin.py:188} INFO - [2024-05-02T17:39:15.905+0530] {dagbag.py:540} INFO - Filling up the DagBag from /home/bharat/airflow/dags/bharat3_dag.py
[2024-05-02T17:39:15.908+0530] {processor.py:840} INFO - DAG(s) 'bharat2_dag' retrieved from /home/bharat/airflow/dags/bharat3_dag.py
[2024-05-02T17:39:15.946+0530] {logging_mixin.py:188} INFO - [2024-05-02T17:39:15.945+0530] {dag.py:3096} INFO - Sync 1 DAGs
[2024-05-02T17:39:15.952+0530] {logging_mixin.py:188} INFO - [2024-05-02T17:39:15.952+0530] {dag.py:3954} INFO - Setting next_dagrun for bharat2_dag to 2024-05-02 00:00:00+00:00, run_after=2024-05-03 00:00:00+00:00
[2024-05-02T17:39:15.963+0530] {processor.py:183} INFO - Processing /home/bharat/airflow/dags/bharat3_dag.py took 0.062 seconds
[2024-05-02T17:39:41.232+0530] {processor.py:161} INFO - Started process (PID=44765) to work on /home/bharat/airflow/dags/bharat3_dag.py
[2024-05-02T17:39:41.233+0530] {processor.py:830} INFO - Processing file /home/bharat/airflow/dags/bharat3_dag.py for tasks to queue
[2024-05-02T17:39:41.234+0530] {logging_mixin.py:188} INFO - [2024-05-02T17:39:41.234+0530] {dagbag.py:540} INFO - Filling up the DagBag from /home/bharat/airflow/dags/bharat3_dag.py
[2024-05-02T17:39:41.238+0530] {processor.py:840} INFO - DAG(s) 'bharat2_dag' retrieved from /home/bharat/airflow/dags/bharat3_dag.py
[2024-05-02T17:39:41.243+0530] {logging_mixin.py:188} INFO - [2024-05-02T17:39:41.243+0530] {dag.py:3096} INFO - Sync 1 DAGs
[2024-05-02T17:39:41.252+0530] {logging_mixin.py:188} INFO - [2024-05-02T17:39:41.252+0530] {dag.py:3954} INFO - Setting next_dagrun for bharat2_dag to 2024-05-02 00:00:00+00:00, run_after=2024-05-03 00:00:00+00:00
[2024-05-02T17:39:41.263+0530] {processor.py:183} INFO - Processing /home/bharat/airflow/dags/bharat3_dag.py took 0.034 seconds
[2024-05-02T17:40:15.277+0530] {processor.py:161} INFO - Started process (PID=45417) to work on /home/bharat/airflow/dags/bharat3_dag.py
[2024-05-02T17:40:15.277+0530] {processor.py:830} INFO - Processing file /home/bharat/airflow/dags/bharat3_dag.py for tasks to queue
[2024-05-02T17:40:15.278+0530] {logging_mixin.py:188} INFO - [2024-05-02T17:40:15.278+0530] {dagbag.py:540} INFO - Filling up the DagBag from /home/bharat/airflow/dags/bharat3_dag.py
[2024-05-02T17:40:15.281+0530] {processor.py:840} INFO - DAG(s) 'bharat2_dag' retrieved from /home/bharat/airflow/dags/bharat3_dag.py
[2024-05-02T17:40:15.287+0530] {logging_mixin.py:188} INFO - [2024-05-02T17:40:15.287+0530] {dag.py:3096} INFO - Sync 1 DAGs
[2024-05-02T17:40:15.296+0530] {logging_mixin.py:188} INFO - [2024-05-02T17:40:15.296+0530] {dag.py:3954} INFO - Setting next_dagrun for bharat2_dag to 2024-05-02 00:00:00+00:00, run_after=2024-05-03 00:00:00+00:00
[2024-05-02T17:40:15.306+0530] {processor.py:183} INFO - Processing /home/bharat/airflow/dags/bharat3_dag.py took 0.032 seconds
[2024-05-02T17:40:53.363+0530] {processor.py:161} INFO - Started process (PID=45984) to work on /home/bharat/airflow/dags/bharat3_dag.py
[2024-05-02T17:40:53.363+0530] {processor.py:830} INFO - Processing file /home/bharat/airflow/dags/bharat3_dag.py for tasks to queue
[2024-05-02T17:40:53.365+0530] {logging_mixin.py:188} INFO - [2024-05-02T17:40:53.364+0530] {dagbag.py:540} INFO - Filling up the DagBag from /home/bharat/airflow/dags/bharat3_dag.py
[2024-05-02T17:40:53.370+0530] {processor.py:840} INFO - DAG(s) 'bharat2_dag' retrieved from /home/bharat/airflow/dags/bharat3_dag.py
[2024-05-02T17:40:53.377+0530] {logging_mixin.py:188} INFO - [2024-05-02T17:40:53.377+0530] {dag.py:3096} INFO - Sync 1 DAGs
[2024-05-02T17:40:53.384+0530] {logging_mixin.py:188} INFO - [2024-05-02T17:40:53.384+0530] {dag.py:3954} INFO - Setting next_dagrun for bharat2_dag to 2024-05-02 00:00:00+00:00, run_after=2024-05-03 00:00:00+00:00
[2024-05-02T17:40:53.394+0530] {processor.py:183} INFO - Processing /home/bharat/airflow/dags/bharat3_dag.py took 0.037 seconds
[2024-05-02T17:41:21.413+0530] {processor.py:161} INFO - Started process (PID=46126) to work on /home/bharat/airflow/dags/bharat3_dag.py
[2024-05-02T17:41:21.413+0530] {processor.py:830} INFO - Processing file /home/bharat/airflow/dags/bharat3_dag.py for tasks to queue
[2024-05-02T17:41:21.414+0530] {logging_mixin.py:188} INFO - [2024-05-02T17:41:21.414+0530] {dagbag.py:540} INFO - Filling up the DagBag from /home/bharat/airflow/dags/bharat3_dag.py
[2024-05-02T17:41:21.420+0530] {processor.py:840} INFO - DAG(s) 'bharat2_dag' retrieved from /home/bharat/airflow/dags/bharat3_dag.py
[2024-05-02T17:41:21.459+0530] {logging_mixin.py:188} INFO - [2024-05-02T17:41:21.459+0530] {dag.py:3096} INFO - Sync 1 DAGs
[2024-05-02T17:41:21.466+0530] {logging_mixin.py:188} INFO - [2024-05-02T17:41:21.466+0530] {dag.py:3954} INFO - Setting next_dagrun for bharat2_dag to 2024-05-02 00:00:00+00:00, run_after=2024-05-03 00:00:00+00:00
[2024-05-02T17:41:21.477+0530] {processor.py:183} INFO - Processing /home/bharat/airflow/dags/bharat3_dag.py took 0.070 seconds
[2024-05-02T17:42:15.142+0530] {processor.py:161} INFO - Started process (PID=46642) to work on /home/bharat/airflow/dags/bharat3_dag.py
[2024-05-02T17:42:15.142+0530] {processor.py:830} INFO - Processing file /home/bharat/airflow/dags/bharat3_dag.py for tasks to queue
[2024-05-02T17:42:15.144+0530] {logging_mixin.py:188} INFO - [2024-05-02T17:42:15.143+0530] {dagbag.py:540} INFO - Filling up the DagBag from /home/bharat/airflow/dags/bharat3_dag.py
[2024-05-02T17:42:15.149+0530] {processor.py:840} INFO - DAG(s) 'bharat2_dag' retrieved from /home/bharat/airflow/dags/bharat3_dag.py
[2024-05-02T17:42:15.156+0530] {logging_mixin.py:188} INFO - [2024-05-02T17:42:15.156+0530] {dag.py:3096} INFO - Sync 1 DAGs
[2024-05-02T17:42:15.163+0530] {logging_mixin.py:188} INFO - [2024-05-02T17:42:15.163+0530] {dag.py:3954} INFO - Setting next_dagrun for bharat2_dag to 2024-05-02 00:00:00+00:00, run_after=2024-05-03 00:00:00+00:00
[2024-05-02T17:42:15.173+0530] {processor.py:183} INFO - Processing /home/bharat/airflow/dags/bharat3_dag.py took 0.036 seconds
[2024-05-02T17:43:05.460+0530] {processor.py:161} INFO - Started process (PID=46801) to work on /home/bharat/airflow/dags/bharat3_dag.py
[2024-05-02T17:43:05.461+0530] {processor.py:830} INFO - Processing file /home/bharat/airflow/dags/bharat3_dag.py for tasks to queue
[2024-05-02T17:43:05.462+0530] {logging_mixin.py:188} INFO - [2024-05-02T17:43:05.461+0530] {dagbag.py:540} INFO - Filling up the DagBag from /home/bharat/airflow/dags/bharat3_dag.py
[2024-05-02T17:43:05.464+0530] {processor.py:840} INFO - DAG(s) 'bharat2_dag' retrieved from /home/bharat/airflow/dags/bharat3_dag.py
[2024-05-02T17:43:05.470+0530] {logging_mixin.py:188} INFO - [2024-05-02T17:43:05.470+0530] {dag.py:3096} INFO - Sync 1 DAGs
[2024-05-02T17:43:05.477+0530] {logging_mixin.py:188} INFO - [2024-05-02T17:43:05.477+0530] {dag.py:3954} INFO - Setting next_dagrun for bharat2_dag to 2024-05-02 00:00:00+00:00, run_after=2024-05-03 00:00:00+00:00
[2024-05-02T17:43:05.487+0530] {processor.py:183} INFO - Processing /home/bharat/airflow/dags/bharat3_dag.py took 0.035 seconds
[2024-05-02T17:43:51.746+0530] {processor.py:161} INFO - Started process (PID=46946) to work on /home/bharat/airflow/dags/bharat3_dag.py
[2024-05-02T17:43:51.747+0530] {processor.py:830} INFO - Processing file /home/bharat/airflow/dags/bharat3_dag.py for tasks to queue
[2024-05-02T17:43:51.748+0530] {logging_mixin.py:188} INFO - [2024-05-02T17:43:51.747+0530] {dagbag.py:540} INFO - Filling up the DagBag from /home/bharat/airflow/dags/bharat3_dag.py
[2024-05-02T17:43:51.753+0530] {processor.py:840} INFO - DAG(s) 'bharat2_dag' retrieved from /home/bharat/airflow/dags/bharat3_dag.py
[2024-05-02T17:43:51.760+0530] {logging_mixin.py:188} INFO - [2024-05-02T17:43:51.760+0530] {dag.py:3096} INFO - Sync 1 DAGs
[2024-05-02T17:43:51.767+0530] {logging_mixin.py:188} INFO - [2024-05-02T17:43:51.767+0530] {dag.py:3954} INFO - Setting next_dagrun for bharat2_dag to 2024-05-02 00:00:00+00:00, run_after=2024-05-03 00:00:00+00:00
[2024-05-02T17:43:51.777+0530] {processor.py:183} INFO - Processing /home/bharat/airflow/dags/bharat3_dag.py took 0.033 seconds
[2024-05-02T17:44:44.756+0530] {processor.py:161} INFO - Started process (PID=47225) to work on /home/bharat/airflow/dags/bharat3_dag.py
[2024-05-02T17:44:44.757+0530] {processor.py:830} INFO - Processing file /home/bharat/airflow/dags/bharat3_dag.py for tasks to queue
[2024-05-02T17:44:44.758+0530] {logging_mixin.py:188} INFO - [2024-05-02T17:44:44.758+0530] {dagbag.py:540} INFO - Filling up the DagBag from /home/bharat/airflow/dags/bharat3_dag.py
[2024-05-02T17:44:44.763+0530] {processor.py:840} INFO - DAG(s) 'bharat2_dag' retrieved from /home/bharat/airflow/dags/bharat3_dag.py
[2024-05-02T17:44:44.770+0530] {logging_mixin.py:188} INFO - [2024-05-02T17:44:44.770+0530] {dag.py:3096} INFO - Sync 1 DAGs
[2024-05-02T17:44:44.778+0530] {logging_mixin.py:188} INFO - [2024-05-02T17:44:44.778+0530] {dag.py:3954} INFO - Setting next_dagrun for bharat2_dag to 2024-05-02 00:00:00+00:00, run_after=2024-05-03 00:00:00+00:00
[2024-05-02T17:44:44.788+0530] {processor.py:183} INFO - Processing /home/bharat/airflow/dags/bharat3_dag.py took 0.036 seconds
[2024-05-02T17:45:36.016+0530] {processor.py:161} INFO - Started process (PID=47621) to work on /home/bharat/airflow/dags/bharat3_dag.py
[2024-05-02T17:45:36.017+0530] {processor.py:830} INFO - Processing file /home/bharat/airflow/dags/bharat3_dag.py for tasks to queue
[2024-05-02T17:45:36.018+0530] {logging_mixin.py:188} INFO - [2024-05-02T17:45:36.017+0530] {dagbag.py:540} INFO - Filling up the DagBag from /home/bharat/airflow/dags/bharat3_dag.py
[2024-05-02T17:45:36.023+0530] {processor.py:840} INFO - DAG(s) 'bharat2_dag' retrieved from /home/bharat/airflow/dags/bharat3_dag.py
[2024-05-02T17:45:36.030+0530] {logging_mixin.py:188} INFO - [2024-05-02T17:45:36.030+0530] {dag.py:3096} INFO - Sync 1 DAGs
[2024-05-02T17:45:36.037+0530] {logging_mixin.py:188} INFO - [2024-05-02T17:45:36.037+0530] {dag.py:3954} INFO - Setting next_dagrun for bharat2_dag to 2024-05-02 00:00:00+00:00, run_after=2024-05-03 00:00:00+00:00
[2024-05-02T17:45:36.047+0530] {processor.py:183} INFO - Processing /home/bharat/airflow/dags/bharat3_dag.py took 0.036 seconds
[2024-05-02T17:46:26.668+0530] {processor.py:161} INFO - Started process (PID=47976) to work on /home/bharat/airflow/dags/bharat3_dag.py
[2024-05-02T17:46:26.669+0530] {processor.py:830} INFO - Processing file /home/bharat/airflow/dags/bharat3_dag.py for tasks to queue
[2024-05-02T17:46:26.670+0530] {logging_mixin.py:188} INFO - [2024-05-02T17:46:26.670+0530] {dagbag.py:540} INFO - Filling up the DagBag from /home/bharat/airflow/dags/bharat3_dag.py
[2024-05-02T17:46:26.674+0530] {processor.py:840} INFO - DAG(s) 'bharat2_dag' retrieved from /home/bharat/airflow/dags/bharat3_dag.py
[2024-05-02T17:46:26.680+0530] {logging_mixin.py:188} INFO - [2024-05-02T17:46:26.680+0530] {dag.py:3096} INFO - Sync 1 DAGs
[2024-05-02T17:46:26.687+0530] {logging_mixin.py:188} INFO - [2024-05-02T17:46:26.687+0530] {dag.py:3954} INFO - Setting next_dagrun for bharat2_dag to 2024-05-02 00:00:00+00:00, run_after=2024-05-03 00:00:00+00:00
[2024-05-02T17:46:26.698+0530] {processor.py:183} INFO - Processing /home/bharat/airflow/dags/bharat3_dag.py took 0.039 seconds
[2024-05-02T17:47:21.684+0530] {processor.py:161} INFO - Started process (PID=48262) to work on /home/bharat/airflow/dags/bharat3_dag.py
[2024-05-02T17:47:21.685+0530] {processor.py:830} INFO - Processing file /home/bharat/airflow/dags/bharat3_dag.py for tasks to queue
[2024-05-02T17:47:21.686+0530] {logging_mixin.py:188} INFO - [2024-05-02T17:47:21.685+0530] {dagbag.py:540} INFO - Filling up the DagBag from /home/bharat/airflow/dags/bharat3_dag.py
[2024-05-02T17:47:21.689+0530] {processor.py:840} INFO - DAG(s) 'bharat2_dag' retrieved from /home/bharat/airflow/dags/bharat3_dag.py
[2024-05-02T17:47:21.697+0530] {logging_mixin.py:188} INFO - [2024-05-02T17:47:21.697+0530] {dag.py:3096} INFO - Sync 1 DAGs
[2024-05-02T17:47:21.705+0530] {logging_mixin.py:188} INFO - [2024-05-02T17:47:21.705+0530] {dag.py:3954} INFO - Setting next_dagrun for bharat2_dag to 2024-05-02 00:00:00+00:00, run_after=2024-05-03 00:00:00+00:00
[2024-05-02T17:47:21.715+0530] {processor.py:183} INFO - Processing /home/bharat/airflow/dags/bharat3_dag.py took 0.035 seconds
[2024-05-02T17:48:13.285+0530] {processor.py:161} INFO - Started process (PID=48574) to work on /home/bharat/airflow/dags/bharat3_dag.py
[2024-05-02T17:48:13.285+0530] {processor.py:830} INFO - Processing file /home/bharat/airflow/dags/bharat3_dag.py for tasks to queue
[2024-05-02T17:48:13.286+0530] {logging_mixin.py:188} INFO - [2024-05-02T17:48:13.286+0530] {dagbag.py:540} INFO - Filling up the DagBag from /home/bharat/airflow/dags/bharat3_dag.py
[2024-05-02T17:48:13.290+0530] {processor.py:840} INFO - DAG(s) 'bharat2_dag' retrieved from /home/bharat/airflow/dags/bharat3_dag.py
[2024-05-02T17:48:13.298+0530] {logging_mixin.py:188} INFO - [2024-05-02T17:48:13.297+0530] {dag.py:3096} INFO - Sync 1 DAGs
[2024-05-02T17:48:13.307+0530] {logging_mixin.py:188} INFO - [2024-05-02T17:48:13.307+0530] {dag.py:3954} INFO - Setting next_dagrun for bharat2_dag to 2024-05-02 00:00:00+00:00, run_after=2024-05-03 00:00:00+00:00
[2024-05-02T17:48:13.318+0530] {processor.py:183} INFO - Processing /home/bharat/airflow/dags/bharat3_dag.py took 0.037 seconds
[2024-05-02T17:49:02.427+0530] {processor.py:161} INFO - Started process (PID=48728) to work on /home/bharat/airflow/dags/bharat3_dag.py
[2024-05-02T17:49:02.428+0530] {processor.py:830} INFO - Processing file /home/bharat/airflow/dags/bharat3_dag.py for tasks to queue
[2024-05-02T17:49:02.429+0530] {logging_mixin.py:188} INFO - [2024-05-02T17:49:02.428+0530] {dagbag.py:540} INFO - Filling up the DagBag from /home/bharat/airflow/dags/bharat3_dag.py
[2024-05-02T17:49:02.433+0530] {processor.py:840} INFO - DAG(s) 'bharat2_dag' retrieved from /home/bharat/airflow/dags/bharat3_dag.py
[2024-05-02T17:49:02.441+0530] {logging_mixin.py:188} INFO - [2024-05-02T17:49:02.441+0530] {dag.py:3096} INFO - Sync 1 DAGs
[2024-05-02T17:49:02.449+0530] {logging_mixin.py:188} INFO - [2024-05-02T17:49:02.449+0530] {dag.py:3954} INFO - Setting next_dagrun for bharat2_dag to 2024-05-02 00:00:00+00:00, run_after=2024-05-03 00:00:00+00:00
[2024-05-02T17:49:02.459+0530] {processor.py:183} INFO - Processing /home/bharat/airflow/dags/bharat3_dag.py took 0.035 seconds
[2024-05-02T17:49:50.364+0530] {processor.py:161} INFO - Started process (PID=48879) to work on /home/bharat/airflow/dags/bharat3_dag.py
[2024-05-02T17:49:50.365+0530] {processor.py:830} INFO - Processing file /home/bharat/airflow/dags/bharat3_dag.py for tasks to queue
[2024-05-02T17:49:50.366+0530] {logging_mixin.py:188} INFO - [2024-05-02T17:49:50.366+0530] {dagbag.py:540} INFO - Filling up the DagBag from /home/bharat/airflow/dags/bharat3_dag.py
[2024-05-02T17:49:50.369+0530] {processor.py:840} INFO - DAG(s) 'bharat2_dag' retrieved from /home/bharat/airflow/dags/bharat3_dag.py
[2024-05-02T17:49:50.374+0530] {logging_mixin.py:188} INFO - [2024-05-02T17:49:50.374+0530] {dag.py:3096} INFO - Sync 1 DAGs
[2024-05-02T17:49:50.382+0530] {logging_mixin.py:188} INFO - [2024-05-02T17:49:50.382+0530] {dag.py:3954} INFO - Setting next_dagrun for bharat2_dag to 2024-05-02 00:00:00+00:00, run_after=2024-05-03 00:00:00+00:00
[2024-05-02T17:49:50.392+0530] {processor.py:183} INFO - Processing /home/bharat/airflow/dags/bharat3_dag.py took 0.032 seconds
[2024-05-02T17:50:42.848+0530] {processor.py:161} INFO - Started process (PID=49176) to work on /home/bharat/airflow/dags/bharat3_dag.py
[2024-05-02T17:50:42.849+0530] {processor.py:830} INFO - Processing file /home/bharat/airflow/dags/bharat3_dag.py for tasks to queue
[2024-05-02T17:50:42.850+0530] {logging_mixin.py:188} INFO - [2024-05-02T17:50:42.850+0530] {dagbag.py:540} INFO - Filling up the DagBag from /home/bharat/airflow/dags/bharat3_dag.py
[2024-05-02T17:50:42.853+0530] {processor.py:840} INFO - DAG(s) 'bharat2_dag' retrieved from /home/bharat/airflow/dags/bharat3_dag.py
[2024-05-02T17:50:42.860+0530] {logging_mixin.py:188} INFO - [2024-05-02T17:50:42.860+0530] {dag.py:3096} INFO - Sync 1 DAGs
[2024-05-02T17:50:42.869+0530] {logging_mixin.py:188} INFO - [2024-05-02T17:50:42.869+0530] {dag.py:3954} INFO - Setting next_dagrun for bharat2_dag to 2024-05-02 00:00:00+00:00, run_after=2024-05-03 00:00:00+00:00
[2024-05-02T17:50:42.882+0530] {processor.py:183} INFO - Processing /home/bharat/airflow/dags/bharat3_dag.py took 0.040 seconds
[2024-05-02T17:51:29.928+0530] {processor.py:161} INFO - Started process (PID=49350) to work on /home/bharat/airflow/dags/bharat3_dag.py
[2024-05-02T17:51:29.929+0530] {processor.py:830} INFO - Processing file /home/bharat/airflow/dags/bharat3_dag.py for tasks to queue
[2024-05-02T17:51:29.930+0530] {logging_mixin.py:188} INFO - [2024-05-02T17:51:29.930+0530] {dagbag.py:540} INFO - Filling up the DagBag from /home/bharat/airflow/dags/bharat3_dag.py
[2024-05-02T17:51:29.933+0530] {processor.py:840} INFO - DAG(s) 'bharat2_dag' retrieved from /home/bharat/airflow/dags/bharat3_dag.py
[2024-05-02T17:51:29.939+0530] {logging_mixin.py:188} INFO - [2024-05-02T17:51:29.939+0530] {dag.py:3096} INFO - Sync 1 DAGs
[2024-05-02T17:51:29.947+0530] {logging_mixin.py:188} INFO - [2024-05-02T17:51:29.947+0530] {dag.py:3954} INFO - Setting next_dagrun for bharat2_dag to 2024-05-02 00:00:00+00:00, run_after=2024-05-03 00:00:00+00:00
[2024-05-02T17:51:29.957+0530] {processor.py:183} INFO - Processing /home/bharat/airflow/dags/bharat3_dag.py took 0.033 seconds
[2024-05-02T17:52:18.944+0530] {processor.py:161} INFO - Started process (PID=49621) to work on /home/bharat/airflow/dags/bharat3_dag.py
[2024-05-02T17:52:18.945+0530] {processor.py:830} INFO - Processing file /home/bharat/airflow/dags/bharat3_dag.py for tasks to queue
[2024-05-02T17:52:18.946+0530] {logging_mixin.py:188} INFO - [2024-05-02T17:52:18.945+0530] {dagbag.py:540} INFO - Filling up the DagBag from /home/bharat/airflow/dags/bharat3_dag.py
[2024-05-02T17:52:18.949+0530] {processor.py:840} INFO - DAG(s) 'bharat2_dag' retrieved from /home/bharat/airflow/dags/bharat3_dag.py
[2024-05-02T17:52:18.954+0530] {logging_mixin.py:188} INFO - [2024-05-02T17:52:18.954+0530] {dag.py:3096} INFO - Sync 1 DAGs
[2024-05-02T17:52:18.962+0530] {logging_mixin.py:188} INFO - [2024-05-02T17:52:18.962+0530] {dag.py:3954} INFO - Setting next_dagrun for bharat2_dag to 2024-05-02 00:00:00+00:00, run_after=2024-05-03 00:00:00+00:00
[2024-05-02T17:52:18.971+0530] {processor.py:183} INFO - Processing /home/bharat/airflow/dags/bharat3_dag.py took 0.029 seconds
[2024-05-02T17:53:10.489+0530] {processor.py:161} INFO - Started process (PID=49743) to work on /home/bharat/airflow/dags/bharat3_dag.py
[2024-05-02T17:53:10.489+0530] {processor.py:830} INFO - Processing file /home/bharat/airflow/dags/bharat3_dag.py for tasks to queue
[2024-05-02T17:53:10.491+0530] {logging_mixin.py:188} INFO - [2024-05-02T17:53:10.490+0530] {dagbag.py:540} INFO - Filling up the DagBag from /home/bharat/airflow/dags/bharat3_dag.py
[2024-05-02T17:53:10.496+0530] {processor.py:840} INFO - DAG(s) 'bharat2_dag' retrieved from /home/bharat/airflow/dags/bharat3_dag.py
[2024-05-02T17:53:10.503+0530] {logging_mixin.py:188} INFO - [2024-05-02T17:53:10.503+0530] {dag.py:3096} INFO - Sync 1 DAGs
[2024-05-02T17:53:10.510+0530] {logging_mixin.py:188} INFO - [2024-05-02T17:53:10.510+0530] {dag.py:3954} INFO - Setting next_dagrun for bharat2_dag to 2024-05-02 00:00:00+00:00, run_after=2024-05-03 00:00:00+00:00
[2024-05-02T17:53:10.520+0530] {processor.py:183} INFO - Processing /home/bharat/airflow/dags/bharat3_dag.py took 0.036 seconds
[2024-05-02T17:53:57.513+0530] {processor.py:161} INFO - Started process (PID=49854) to work on /home/bharat/airflow/dags/bharat3_dag.py
[2024-05-02T17:53:57.514+0530] {processor.py:830} INFO - Processing file /home/bharat/airflow/dags/bharat3_dag.py for tasks to queue
[2024-05-02T17:53:57.516+0530] {logging_mixin.py:188} INFO - [2024-05-02T17:53:57.516+0530] {dagbag.py:540} INFO - Filling up the DagBag from /home/bharat/airflow/dags/bharat3_dag.py
[2024-05-02T17:53:57.521+0530] {processor.py:840} INFO - DAG(s) 'bharat2_dag' retrieved from /home/bharat/airflow/dags/bharat3_dag.py
[2024-05-02T17:53:57.528+0530] {logging_mixin.py:188} INFO - [2024-05-02T17:53:57.528+0530] {dag.py:3096} INFO - Sync 1 DAGs
[2024-05-02T17:53:57.535+0530] {logging_mixin.py:188} INFO - [2024-05-02T17:53:57.535+0530] {dag.py:3954} INFO - Setting next_dagrun for bharat2_dag to 2024-05-02 00:00:00+00:00, run_after=2024-05-03 00:00:00+00:00
[2024-05-02T17:53:57.545+0530] {processor.py:183} INFO - Processing /home/bharat/airflow/dags/bharat3_dag.py took 0.040 seconds
[2024-05-02T17:54:49.344+0530] {processor.py:161} INFO - Started process (PID=50110) to work on /home/bharat/airflow/dags/bharat3_dag.py
[2024-05-02T17:54:49.344+0530] {processor.py:830} INFO - Processing file /home/bharat/airflow/dags/bharat3_dag.py for tasks to queue
[2024-05-02T17:54:49.345+0530] {logging_mixin.py:188} INFO - [2024-05-02T17:54:49.345+0530] {dagbag.py:540} INFO - Filling up the DagBag from /home/bharat/airflow/dags/bharat3_dag.py
[2024-05-02T17:54:49.347+0530] {processor.py:840} INFO - DAG(s) 'bharat2_dag' retrieved from /home/bharat/airflow/dags/bharat3_dag.py
[2024-05-02T17:54:49.353+0530] {logging_mixin.py:188} INFO - [2024-05-02T17:54:49.353+0530] {dag.py:3096} INFO - Sync 1 DAGs
[2024-05-02T17:54:49.360+0530] {logging_mixin.py:188} INFO - [2024-05-02T17:54:49.360+0530] {dag.py:3954} INFO - Setting next_dagrun for bharat2_dag to 2024-05-02 00:00:00+00:00, run_after=2024-05-03 00:00:00+00:00
[2024-05-02T17:54:49.370+0530] {processor.py:183} INFO - Processing /home/bharat/airflow/dags/bharat3_dag.py took 0.032 seconds
[2024-05-02T17:55:36.187+0530] {processor.py:161} INFO - Started process (PID=50246) to work on /home/bharat/airflow/dags/bharat3_dag.py
[2024-05-02T17:55:36.188+0530] {processor.py:830} INFO - Processing file /home/bharat/airflow/dags/bharat3_dag.py for tasks to queue
[2024-05-02T17:55:36.190+0530] {logging_mixin.py:188} INFO - [2024-05-02T17:55:36.189+0530] {dagbag.py:540} INFO - Filling up the DagBag from /home/bharat/airflow/dags/bharat3_dag.py
[2024-05-02T17:55:36.195+0530] {processor.py:840} INFO - DAG(s) 'bharat2_dag' retrieved from /home/bharat/airflow/dags/bharat3_dag.py
[2024-05-02T17:55:36.202+0530] {logging_mixin.py:188} INFO - [2024-05-02T17:55:36.201+0530] {dag.py:3096} INFO - Sync 1 DAGs
[2024-05-02T17:55:36.209+0530] {logging_mixin.py:188} INFO - [2024-05-02T17:55:36.209+0530] {dag.py:3954} INFO - Setting next_dagrun for bharat2_dag to 2024-05-02 00:00:00+00:00, run_after=2024-05-03 00:00:00+00:00
[2024-05-02T17:55:36.219+0530] {processor.py:183} INFO - Processing /home/bharat/airflow/dags/bharat3_dag.py took 0.036 seconds
[2024-05-02T17:56:24.540+0530] {processor.py:161} INFO - Started process (PID=50495) to work on /home/bharat/airflow/dags/bharat3_dag.py
[2024-05-02T17:56:24.541+0530] {processor.py:830} INFO - Processing file /home/bharat/airflow/dags/bharat3_dag.py for tasks to queue
[2024-05-02T17:56:24.542+0530] {logging_mixin.py:188} INFO - [2024-05-02T17:56:24.542+0530] {dagbag.py:540} INFO - Filling up the DagBag from /home/bharat/airflow/dags/bharat3_dag.py
[2024-05-02T17:56:24.547+0530] {processor.py:840} INFO - DAG(s) 'bharat2_dag' retrieved from /home/bharat/airflow/dags/bharat3_dag.py
[2024-05-02T17:56:24.556+0530] {logging_mixin.py:188} INFO - [2024-05-02T17:56:24.556+0530] {dag.py:3096} INFO - Sync 1 DAGs
[2024-05-02T17:56:24.564+0530] {logging_mixin.py:188} INFO - [2024-05-02T17:56:24.563+0530] {dag.py:3954} INFO - Setting next_dagrun for bharat2_dag to 2024-05-02 00:00:00+00:00, run_after=2024-05-03 00:00:00+00:00
[2024-05-02T17:56:24.573+0530] {processor.py:183} INFO - Processing /home/bharat/airflow/dags/bharat3_dag.py took 0.038 seconds
[2024-05-02T17:57:14.477+0530] {processor.py:161} INFO - Started process (PID=50609) to work on /home/bharat/airflow/dags/bharat3_dag.py
[2024-05-02T17:57:14.478+0530] {processor.py:830} INFO - Processing file /home/bharat/airflow/dags/bharat3_dag.py for tasks to queue
[2024-05-02T17:57:14.480+0530] {logging_mixin.py:188} INFO - [2024-05-02T17:57:14.479+0530] {dagbag.py:540} INFO - Filling up the DagBag from /home/bharat/airflow/dags/bharat3_dag.py
[2024-05-02T17:57:14.485+0530] {processor.py:840} INFO - DAG(s) 'bharat2_dag' retrieved from /home/bharat/airflow/dags/bharat3_dag.py
[2024-05-02T17:57:14.491+0530] {logging_mixin.py:188} INFO - [2024-05-02T17:57:14.491+0530] {dag.py:3096} INFO - Sync 1 DAGs
[2024-05-02T17:57:14.499+0530] {logging_mixin.py:188} INFO - [2024-05-02T17:57:14.499+0530] {dag.py:3954} INFO - Setting next_dagrun for bharat2_dag to 2024-05-02 00:00:00+00:00, run_after=2024-05-03 00:00:00+00:00
[2024-05-02T17:57:14.508+0530] {processor.py:183} INFO - Processing /home/bharat/airflow/dags/bharat3_dag.py took 0.036 seconds
[2024-05-02T17:58:00.743+0530] {processor.py:161} INFO - Started process (PID=50717) to work on /home/bharat/airflow/dags/bharat3_dag.py
[2024-05-02T17:58:00.743+0530] {processor.py:830} INFO - Processing file /home/bharat/airflow/dags/bharat3_dag.py for tasks to queue
[2024-05-02T17:58:00.744+0530] {logging_mixin.py:188} INFO - [2024-05-02T17:58:00.744+0530] {dagbag.py:540} INFO - Filling up the DagBag from /home/bharat/airflow/dags/bharat3_dag.py
[2024-05-02T17:58:00.747+0530] {processor.py:840} INFO - DAG(s) 'bharat2_dag' retrieved from /home/bharat/airflow/dags/bharat3_dag.py
[2024-05-02T17:58:00.756+0530] {logging_mixin.py:188} INFO - [2024-05-02T17:58:00.756+0530] {dag.py:3096} INFO - Sync 1 DAGs
[2024-05-02T17:58:00.764+0530] {logging_mixin.py:188} INFO - [2024-05-02T17:58:00.763+0530] {dag.py:3954} INFO - Setting next_dagrun for bharat2_dag to 2024-05-02 00:00:00+00:00, run_after=2024-05-03 00:00:00+00:00
[2024-05-02T17:58:00.773+0530] {processor.py:183} INFO - Processing /home/bharat/airflow/dags/bharat3_dag.py took 0.035 seconds
[2024-05-02T17:58:52.581+0530] {processor.py:161} INFO - Started process (PID=50974) to work on /home/bharat/airflow/dags/bharat3_dag.py
[2024-05-02T17:58:52.581+0530] {processor.py:830} INFO - Processing file /home/bharat/airflow/dags/bharat3_dag.py for tasks to queue
[2024-05-02T17:58:52.583+0530] {logging_mixin.py:188} INFO - [2024-05-02T17:58:52.583+0530] {dagbag.py:540} INFO - Filling up the DagBag from /home/bharat/airflow/dags/bharat3_dag.py
[2024-05-02T17:58:52.588+0530] {processor.py:840} INFO - DAG(s) 'bharat2_dag' retrieved from /home/bharat/airflow/dags/bharat3_dag.py
[2024-05-02T17:58:52.595+0530] {logging_mixin.py:188} INFO - [2024-05-02T17:58:52.595+0530] {dag.py:3096} INFO - Sync 1 DAGs
[2024-05-02T17:58:52.603+0530] {logging_mixin.py:188} INFO - [2024-05-02T17:58:52.603+0530] {dag.py:3954} INFO - Setting next_dagrun for bharat2_dag to 2024-05-02 00:00:00+00:00, run_after=2024-05-03 00:00:00+00:00
[2024-05-02T17:58:52.613+0530] {processor.py:183} INFO - Processing /home/bharat/airflow/dags/bharat3_dag.py took 0.036 seconds
[2024-05-02T17:59:37.000+0530] {processor.py:161} INFO - Started process (PID=51077) to work on /home/bharat/airflow/dags/bharat3_dag.py
[2024-05-02T17:59:37.001+0530] {processor.py:830} INFO - Processing file /home/bharat/airflow/dags/bharat3_dag.py for tasks to queue
[2024-05-02T17:59:37.002+0530] {logging_mixin.py:188} INFO - [2024-05-02T17:59:37.001+0530] {dagbag.py:540} INFO - Filling up the DagBag from /home/bharat/airflow/dags/bharat3_dag.py
[2024-05-02T17:59:37.005+0530] {processor.py:840} INFO - DAG(s) 'bharat2_dag' retrieved from /home/bharat/airflow/dags/bharat3_dag.py
[2024-05-02T17:59:37.010+0530] {logging_mixin.py:188} INFO - [2024-05-02T17:59:37.010+0530] {dag.py:3096} INFO - Sync 1 DAGs
[2024-05-02T17:59:37.018+0530] {logging_mixin.py:188} INFO - [2024-05-02T17:59:37.018+0530] {dag.py:3954} INFO - Setting next_dagrun for bharat2_dag to 2024-05-02 00:00:00+00:00, run_after=2024-05-03 00:00:00+00:00
[2024-05-02T17:59:37.027+0530] {processor.py:183} INFO - Processing /home/bharat/airflow/dags/bharat3_dag.py took 0.033 seconds
[2024-05-02T18:00:32.730+0530] {processor.py:161} INFO - Started process (PID=51559) to work on /home/bharat/airflow/dags/bharat3_dag.py
[2024-05-02T18:00:32.731+0530] {processor.py:830} INFO - Processing file /home/bharat/airflow/dags/bharat3_dag.py for tasks to queue
[2024-05-02T18:00:32.732+0530] {logging_mixin.py:188} INFO - [2024-05-02T18:00:32.732+0530] {dagbag.py:540} INFO - Filling up the DagBag from /home/bharat/airflow/dags/bharat3_dag.py
[2024-05-02T18:00:32.737+0530] {processor.py:840} INFO - DAG(s) 'bharat2_dag' retrieved from /home/bharat/airflow/dags/bharat3_dag.py
[2024-05-02T18:00:32.746+0530] {logging_mixin.py:188} INFO - [2024-05-02T18:00:32.746+0530] {dag.py:3096} INFO - Sync 1 DAGs
[2024-05-02T18:00:32.754+0530] {logging_mixin.py:188} INFO - [2024-05-02T18:00:32.753+0530] {dag.py:3954} INFO - Setting next_dagrun for bharat2_dag to 2024-05-02 00:00:00+00:00, run_after=2024-05-03 00:00:00+00:00
[2024-05-02T18:00:32.764+0530] {processor.py:183} INFO - Processing /home/bharat/airflow/dags/bharat3_dag.py took 0.036 seconds
[2024-05-02T18:01:04.247+0530] {processor.py:161} INFO - Started process (PID=51760) to work on /home/bharat/airflow/dags/bharat3_dag.py
[2024-05-02T18:01:04.247+0530] {processor.py:830} INFO - Processing file /home/bharat/airflow/dags/bharat3_dag.py for tasks to queue
[2024-05-02T18:01:04.249+0530] {logging_mixin.py:188} INFO - [2024-05-02T18:01:04.249+0530] {dagbag.py:540} INFO - Filling up the DagBag from /home/bharat/airflow/dags/bharat3_dag.py
[2024-05-02T18:01:04.254+0530] {processor.py:840} INFO - DAG(s) 'bharat2_dag' retrieved from /home/bharat/airflow/dags/bharat3_dag.py
[2024-05-02T18:01:04.261+0530] {logging_mixin.py:188} INFO - [2024-05-02T18:01:04.261+0530] {dag.py:3096} INFO - Sync 1 DAGs
[2024-05-02T18:01:04.269+0530] {logging_mixin.py:188} INFO - [2024-05-02T18:01:04.269+0530] {dag.py:3954} INFO - Setting next_dagrun for bharat2_dag to 2024-05-02 00:00:00+00:00, run_after=2024-05-03 00:00:00+00:00
[2024-05-02T18:01:04.279+0530] {processor.py:183} INFO - Processing /home/bharat/airflow/dags/bharat3_dag.py took 0.037 seconds
[2024-05-02T18:01:48.156+0530] {processor.py:161} INFO - Started process (PID=51870) to work on /home/bharat/airflow/dags/bharat3_dag.py
[2024-05-02T18:01:48.157+0530] {processor.py:830} INFO - Processing file /home/bharat/airflow/dags/bharat3_dag.py for tasks to queue
[2024-05-02T18:01:48.158+0530] {logging_mixin.py:188} INFO - [2024-05-02T18:01:48.158+0530] {dagbag.py:540} INFO - Filling up the DagBag from /home/bharat/airflow/dags/bharat3_dag.py
[2024-05-02T18:01:48.162+0530] {processor.py:840} INFO - DAG(s) 'bharat2_dag' retrieved from /home/bharat/airflow/dags/bharat3_dag.py
[2024-05-02T18:01:48.168+0530] {logging_mixin.py:188} INFO - [2024-05-02T18:01:48.168+0530] {dag.py:3096} INFO - Sync 1 DAGs
[2024-05-02T18:01:48.175+0530] {logging_mixin.py:188} INFO - [2024-05-02T18:01:48.175+0530] {dag.py:3954} INFO - Setting next_dagrun for bharat2_dag to 2024-05-02 00:00:00+00:00, run_after=2024-05-03 00:00:00+00:00
[2024-05-02T18:01:48.185+0530] {processor.py:183} INFO - Processing /home/bharat/airflow/dags/bharat3_dag.py took 0.037 seconds
[2024-05-02T18:02:36.728+0530] {processor.py:161} INFO - Started process (PID=52110) to work on /home/bharat/airflow/dags/bharat3_dag.py
[2024-05-02T18:02:36.729+0530] {processor.py:830} INFO - Processing file /home/bharat/airflow/dags/bharat3_dag.py for tasks to queue
[2024-05-02T18:02:36.730+0530] {logging_mixin.py:188} INFO - [2024-05-02T18:02:36.730+0530] {dagbag.py:540} INFO - Filling up the DagBag from /home/bharat/airflow/dags/bharat3_dag.py
[2024-05-02T18:02:36.733+0530] {processor.py:840} INFO - DAG(s) 'bharat2_dag' retrieved from /home/bharat/airflow/dags/bharat3_dag.py
[2024-05-02T18:02:36.739+0530] {logging_mixin.py:188} INFO - [2024-05-02T18:02:36.739+0530] {dag.py:3096} INFO - Sync 1 DAGs
[2024-05-02T18:02:36.746+0530] {logging_mixin.py:188} INFO - [2024-05-02T18:02:36.746+0530] {dag.py:3954} INFO - Setting next_dagrun for bharat2_dag to 2024-05-02 00:00:00+00:00, run_after=2024-05-03 00:00:00+00:00
[2024-05-02T18:02:36.756+0530] {processor.py:183} INFO - Processing /home/bharat/airflow/dags/bharat3_dag.py took 0.035 seconds
[2024-05-02T18:03:19.629+0530] {processor.py:161} INFO - Started process (PID=52216) to work on /home/bharat/airflow/dags/bharat3_dag.py
[2024-05-02T18:03:19.630+0530] {processor.py:830} INFO - Processing file /home/bharat/airflow/dags/bharat3_dag.py for tasks to queue
[2024-05-02T18:03:19.630+0530] {logging_mixin.py:188} INFO - [2024-05-02T18:03:19.630+0530] {dagbag.py:540} INFO - Filling up the DagBag from /home/bharat/airflow/dags/bharat3_dag.py
[2024-05-02T18:03:19.633+0530] {processor.py:840} INFO - DAG(s) 'bharat2_dag' retrieved from /home/bharat/airflow/dags/bharat3_dag.py
[2024-05-02T18:03:19.639+0530] {logging_mixin.py:188} INFO - [2024-05-02T18:03:19.639+0530] {dag.py:3096} INFO - Sync 1 DAGs
[2024-05-02T18:03:19.646+0530] {logging_mixin.py:188} INFO - [2024-05-02T18:03:19.646+0530] {dag.py:3954} INFO - Setting next_dagrun for bharat2_dag to 2024-05-02 00:00:00+00:00, run_after=2024-05-03 00:00:00+00:00
[2024-05-02T18:03:19.656+0530] {processor.py:183} INFO - Processing /home/bharat/airflow/dags/bharat3_dag.py took 0.032 seconds
[2024-05-02T18:04:08.831+0530] {processor.py:161} INFO - Started process (PID=52443) to work on /home/bharat/airflow/dags/bharat3_dag.py
[2024-05-02T18:04:08.832+0530] {processor.py:830} INFO - Processing file /home/bharat/airflow/dags/bharat3_dag.py for tasks to queue
[2024-05-02T18:04:08.833+0530] {logging_mixin.py:188} INFO - [2024-05-02T18:04:08.832+0530] {dagbag.py:540} INFO - Filling up the DagBag from /home/bharat/airflow/dags/bharat3_dag.py
[2024-05-02T18:04:08.835+0530] {processor.py:840} INFO - DAG(s) 'bharat2_dag' retrieved from /home/bharat/airflow/dags/bharat3_dag.py
[2024-05-02T18:04:08.841+0530] {logging_mixin.py:188} INFO - [2024-05-02T18:04:08.841+0530] {dag.py:3096} INFO - Sync 1 DAGs
[2024-05-02T18:04:08.848+0530] {logging_mixin.py:188} INFO - [2024-05-02T18:04:08.848+0530] {dag.py:3954} INFO - Setting next_dagrun for bharat2_dag to 2024-05-02 00:00:00+00:00, run_after=2024-05-03 00:00:00+00:00
[2024-05-02T18:04:08.858+0530] {processor.py:183} INFO - Processing /home/bharat/airflow/dags/bharat3_dag.py took 0.032 seconds
[2024-05-02T18:05:01.815+0530] {processor.py:161} INFO - Started process (PID=52592) to work on /home/bharat/airflow/dags/bharat3_dag.py
[2024-05-02T18:05:01.815+0530] {processor.py:830} INFO - Processing file /home/bharat/airflow/dags/bharat3_dag.py for tasks to queue
[2024-05-02T18:05:01.817+0530] {logging_mixin.py:188} INFO - [2024-05-02T18:05:01.816+0530] {dagbag.py:540} INFO - Filling up the DagBag from /home/bharat/airflow/dags/bharat3_dag.py
[2024-05-02T18:05:01.822+0530] {processor.py:840} INFO - DAG(s) 'bharat2_dag' retrieved from /home/bharat/airflow/dags/bharat3_dag.py
[2024-05-02T18:05:01.829+0530] {logging_mixin.py:188} INFO - [2024-05-02T18:05:01.828+0530] {dag.py:3096} INFO - Sync 1 DAGs
[2024-05-02T18:05:01.836+0530] {logging_mixin.py:188} INFO - [2024-05-02T18:05:01.836+0530] {dag.py:3954} INFO - Setting next_dagrun for bharat2_dag to 2024-05-02 00:00:00+00:00, run_after=2024-05-03 00:00:00+00:00
[2024-05-02T18:05:01.845+0530] {processor.py:183} INFO - Processing /home/bharat/airflow/dags/bharat3_dag.py took 0.036 seconds
[2024-05-02T18:05:53.616+0530] {processor.py:161} INFO - Started process (PID=52752) to work on /home/bharat/airflow/dags/bharat3_dag.py
[2024-05-02T18:05:53.617+0530] {processor.py:830} INFO - Processing file /home/bharat/airflow/dags/bharat3_dag.py for tasks to queue
[2024-05-02T18:05:53.617+0530] {logging_mixin.py:188} INFO - [2024-05-02T18:05:53.617+0530] {dagbag.py:540} INFO - Filling up the DagBag from /home/bharat/airflow/dags/bharat3_dag.py
[2024-05-02T18:05:53.620+0530] {processor.py:840} INFO - DAG(s) 'bharat2_dag' retrieved from /home/bharat/airflow/dags/bharat3_dag.py
[2024-05-02T18:05:53.625+0530] {logging_mixin.py:188} INFO - [2024-05-02T18:05:53.625+0530] {dag.py:3096} INFO - Sync 1 DAGs
[2024-05-02T18:05:53.633+0530] {logging_mixin.py:188} INFO - [2024-05-02T18:05:53.633+0530] {dag.py:3954} INFO - Setting next_dagrun for bharat2_dag to 2024-05-02 00:00:00+00:00, run_after=2024-05-03 00:00:00+00:00
[2024-05-02T18:05:53.642+0530] {processor.py:183} INFO - Processing /home/bharat/airflow/dags/bharat3_dag.py took 0.031 seconds
[2024-05-02T18:06:45.154+0530] {processor.py:161} INFO - Started process (PID=53003) to work on /home/bharat/airflow/dags/bharat3_dag.py
[2024-05-02T18:06:45.154+0530] {processor.py:830} INFO - Processing file /home/bharat/airflow/dags/bharat3_dag.py for tasks to queue
[2024-05-02T18:06:45.156+0530] {logging_mixin.py:188} INFO - [2024-05-02T18:06:45.156+0530] {dagbag.py:540} INFO - Filling up the DagBag from /home/bharat/airflow/dags/bharat3_dag.py
[2024-05-02T18:06:45.161+0530] {processor.py:840} INFO - DAG(s) 'bharat2_dag' retrieved from /home/bharat/airflow/dags/bharat3_dag.py
[2024-05-02T18:06:45.168+0530] {logging_mixin.py:188} INFO - [2024-05-02T18:06:45.168+0530] {dag.py:3096} INFO - Sync 1 DAGs
[2024-05-02T18:06:45.175+0530] {logging_mixin.py:188} INFO - [2024-05-02T18:06:45.175+0530] {dag.py:3954} INFO - Setting next_dagrun for bharat2_dag to 2024-05-02 00:00:00+00:00, run_after=2024-05-03 00:00:00+00:00
[2024-05-02T18:06:45.185+0530] {processor.py:183} INFO - Processing /home/bharat/airflow/dags/bharat3_dag.py took 0.037 seconds
[2024-05-02T18:07:32.260+0530] {processor.py:161} INFO - Started process (PID=53108) to work on /home/bharat/airflow/dags/bharat3_dag.py
[2024-05-02T18:07:32.261+0530] {processor.py:830} INFO - Processing file /home/bharat/airflow/dags/bharat3_dag.py for tasks to queue
[2024-05-02T18:07:32.262+0530] {logging_mixin.py:188} INFO - [2024-05-02T18:07:32.262+0530] {dagbag.py:540} INFO - Filling up the DagBag from /home/bharat/airflow/dags/bharat3_dag.py
[2024-05-02T18:07:32.266+0530] {processor.py:840} INFO - DAG(s) 'bharat2_dag' retrieved from /home/bharat/airflow/dags/bharat3_dag.py
[2024-05-02T18:07:32.271+0530] {logging_mixin.py:188} INFO - [2024-05-02T18:07:32.271+0530] {dag.py:3096} INFO - Sync 1 DAGs
[2024-05-02T18:07:32.279+0530] {logging_mixin.py:188} INFO - [2024-05-02T18:07:32.279+0530] {dag.py:3954} INFO - Setting next_dagrun for bharat2_dag to 2024-05-02 00:00:00+00:00, run_after=2024-05-03 00:00:00+00:00
[2024-05-02T18:07:32.288+0530] {processor.py:183} INFO - Processing /home/bharat/airflow/dags/bharat3_dag.py took 0.037 seconds
[2024-05-02T18:08:22.312+0530] {processor.py:161} INFO - Started process (PID=53357) to work on /home/bharat/airflow/dags/bharat3_dag.py
[2024-05-02T18:08:22.312+0530] {processor.py:830} INFO - Processing file /home/bharat/airflow/dags/bharat3_dag.py for tasks to queue
[2024-05-02T18:08:22.313+0530] {logging_mixin.py:188} INFO - [2024-05-02T18:08:22.313+0530] {dagbag.py:540} INFO - Filling up the DagBag from /home/bharat/airflow/dags/bharat3_dag.py
[2024-05-02T18:08:22.316+0530] {processor.py:840} INFO - DAG(s) 'bharat2_dag' retrieved from /home/bharat/airflow/dags/bharat3_dag.py
[2024-05-02T18:08:22.322+0530] {logging_mixin.py:188} INFO - [2024-05-02T18:08:22.322+0530] {dag.py:3096} INFO - Sync 1 DAGs
[2024-05-02T18:08:22.329+0530] {logging_mixin.py:188} INFO - [2024-05-02T18:08:22.329+0530] {dag.py:3954} INFO - Setting next_dagrun for bharat2_dag to 2024-05-02 00:00:00+00:00, run_after=2024-05-03 00:00:00+00:00
[2024-05-02T18:08:22.339+0530] {processor.py:183} INFO - Processing /home/bharat/airflow/dags/bharat3_dag.py took 0.032 seconds
[2024-05-02T18:09:12.643+0530] {processor.py:161} INFO - Started process (PID=53525) to work on /home/bharat/airflow/dags/bharat3_dag.py
[2024-05-02T18:09:12.644+0530] {processor.py:830} INFO - Processing file /home/bharat/airflow/dags/bharat3_dag.py for tasks to queue
[2024-05-02T18:09:12.644+0530] {logging_mixin.py:188} INFO - [2024-05-02T18:09:12.644+0530] {dagbag.py:540} INFO - Filling up the DagBag from /home/bharat/airflow/dags/bharat3_dag.py
[2024-05-02T18:09:12.647+0530] {processor.py:840} INFO - DAG(s) 'bharat2_dag' retrieved from /home/bharat/airflow/dags/bharat3_dag.py
[2024-05-02T18:09:12.652+0530] {logging_mixin.py:188} INFO - [2024-05-02T18:09:12.652+0530] {dag.py:3096} INFO - Sync 1 DAGs
[2024-05-02T18:09:12.660+0530] {logging_mixin.py:188} INFO - [2024-05-02T18:09:12.660+0530] {dag.py:3954} INFO - Setting next_dagrun for bharat2_dag to 2024-05-02 00:00:00+00:00, run_after=2024-05-03 00:00:00+00:00
[2024-05-02T18:09:12.670+0530] {processor.py:183} INFO - Processing /home/bharat/airflow/dags/bharat3_dag.py took 0.032 seconds
[2024-05-02T18:09:58.438+0530] {processor.py:161} INFO - Started process (PID=53634) to work on /home/bharat/airflow/dags/bharat3_dag.py
[2024-05-02T18:09:58.439+0530] {processor.py:830} INFO - Processing file /home/bharat/airflow/dags/bharat3_dag.py for tasks to queue
[2024-05-02T18:09:58.440+0530] {logging_mixin.py:188} INFO - [2024-05-02T18:09:58.440+0530] {dagbag.py:540} INFO - Filling up the DagBag from /home/bharat/airflow/dags/bharat3_dag.py
[2024-05-02T18:09:58.443+0530] {processor.py:840} INFO - DAG(s) 'bharat2_dag' retrieved from /home/bharat/airflow/dags/bharat3_dag.py
[2024-05-02T18:09:58.448+0530] {logging_mixin.py:188} INFO - [2024-05-02T18:09:58.448+0530] {dag.py:3096} INFO - Sync 1 DAGs
[2024-05-02T18:09:58.456+0530] {logging_mixin.py:188} INFO - [2024-05-02T18:09:58.456+0530] {dag.py:3954} INFO - Setting next_dagrun for bharat2_dag to 2024-05-02 00:00:00+00:00, run_after=2024-05-03 00:00:00+00:00
[2024-05-02T18:09:58.466+0530] {processor.py:183} INFO - Processing /home/bharat/airflow/dags/bharat3_dag.py took 0.030 seconds
[2024-05-02T18:10:46.877+0530] {processor.py:161} INFO - Started process (PID=53922) to work on /home/bharat/airflow/dags/bharat3_dag.py
[2024-05-02T18:10:46.878+0530] {processor.py:830} INFO - Processing file /home/bharat/airflow/dags/bharat3_dag.py for tasks to queue
[2024-05-02T18:10:46.879+0530] {logging_mixin.py:188} INFO - [2024-05-02T18:10:46.879+0530] {dagbag.py:540} INFO - Filling up the DagBag from /home/bharat/airflow/dags/bharat3_dag.py
[2024-05-02T18:10:46.882+0530] {processor.py:840} INFO - DAG(s) 'bharat2_dag' retrieved from /home/bharat/airflow/dags/bharat3_dag.py
[2024-05-02T18:10:46.888+0530] {logging_mixin.py:188} INFO - [2024-05-02T18:10:46.888+0530] {dag.py:3096} INFO - Sync 1 DAGs
[2024-05-02T18:10:46.895+0530] {logging_mixin.py:188} INFO - [2024-05-02T18:10:46.895+0530] {dag.py:3954} INFO - Setting next_dagrun for bharat2_dag to 2024-05-02 00:00:00+00:00, run_after=2024-05-03 00:00:00+00:00
[2024-05-02T18:10:46.905+0530] {processor.py:183} INFO - Processing /home/bharat/airflow/dags/bharat3_dag.py took 0.036 seconds
[2024-05-02T18:11:32.839+0530] {processor.py:161} INFO - Started process (PID=54033) to work on /home/bharat/airflow/dags/bharat3_dag.py
[2024-05-02T18:11:32.839+0530] {processor.py:830} INFO - Processing file /home/bharat/airflow/dags/bharat3_dag.py for tasks to queue
[2024-05-02T18:11:32.841+0530] {logging_mixin.py:188} INFO - [2024-05-02T18:11:32.841+0530] {dagbag.py:540} INFO - Filling up the DagBag from /home/bharat/airflow/dags/bharat3_dag.py
[2024-05-02T18:11:32.846+0530] {processor.py:840} INFO - DAG(s) 'bharat2_dag' retrieved from /home/bharat/airflow/dags/bharat3_dag.py
[2024-05-02T18:11:32.853+0530] {logging_mixin.py:188} INFO - [2024-05-02T18:11:32.853+0530] {dag.py:3096} INFO - Sync 1 DAGs
[2024-05-02T18:11:32.860+0530] {logging_mixin.py:188} INFO - [2024-05-02T18:11:32.860+0530] {dag.py:3954} INFO - Setting next_dagrun for bharat2_dag to 2024-05-02 00:00:00+00:00, run_after=2024-05-03 00:00:00+00:00
[2024-05-02T18:11:32.870+0530] {processor.py:183} INFO - Processing /home/bharat/airflow/dags/bharat3_dag.py took 0.036 seconds
[2024-05-02T18:12:22.809+0530] {processor.py:161} INFO - Started process (PID=54272) to work on /home/bharat/airflow/dags/bharat3_dag.py
[2024-05-02T18:12:22.809+0530] {processor.py:830} INFO - Processing file /home/bharat/airflow/dags/bharat3_dag.py for tasks to queue
[2024-05-02T18:12:22.810+0530] {logging_mixin.py:188} INFO - [2024-05-02T18:12:22.810+0530] {dagbag.py:540} INFO - Filling up the DagBag from /home/bharat/airflow/dags/bharat3_dag.py
[2024-05-02T18:12:22.812+0530] {processor.py:840} INFO - DAG(s) 'bharat2_dag' retrieved from /home/bharat/airflow/dags/bharat3_dag.py
[2024-05-02T18:12:22.818+0530] {logging_mixin.py:188} INFO - [2024-05-02T18:12:22.818+0530] {dag.py:3096} INFO - Sync 1 DAGs
[2024-05-02T18:12:22.826+0530] {logging_mixin.py:188} INFO - [2024-05-02T18:12:22.826+0530] {dag.py:3954} INFO - Setting next_dagrun for bharat2_dag to 2024-05-02 00:00:00+00:00, run_after=2024-05-03 00:00:00+00:00
[2024-05-02T18:12:22.835+0530] {processor.py:183} INFO - Processing /home/bharat/airflow/dags/bharat3_dag.py took 0.032 seconds
[2024-05-02T18:13:08.967+0530] {processor.py:161} INFO - Started process (PID=54381) to work on /home/bharat/airflow/dags/bharat3_dag.py
[2024-05-02T18:13:08.967+0530] {processor.py:830} INFO - Processing file /home/bharat/airflow/dags/bharat3_dag.py for tasks to queue
[2024-05-02T18:13:08.969+0530] {logging_mixin.py:188} INFO - [2024-05-02T18:13:08.968+0530] {dagbag.py:540} INFO - Filling up the DagBag from /home/bharat/airflow/dags/bharat3_dag.py
[2024-05-02T18:13:08.974+0530] {processor.py:840} INFO - DAG(s) 'bharat2_dag' retrieved from /home/bharat/airflow/dags/bharat3_dag.py
[2024-05-02T18:13:08.981+0530] {logging_mixin.py:188} INFO - [2024-05-02T18:13:08.981+0530] {dag.py:3096} INFO - Sync 1 DAGs
[2024-05-02T18:13:08.988+0530] {logging_mixin.py:188} INFO - [2024-05-02T18:13:08.988+0530] {dag.py:3954} INFO - Setting next_dagrun for bharat2_dag to 2024-05-02 00:00:00+00:00, run_after=2024-05-03 00:00:00+00:00
[2024-05-02T18:13:08.998+0530] {processor.py:183} INFO - Processing /home/bharat/airflow/dags/bharat3_dag.py took 0.036 seconds
[2024-05-02T18:13:57.254+0530] {processor.py:161} INFO - Started process (PID=54494) to work on /home/bharat/airflow/dags/bharat3_dag.py
[2024-05-02T18:13:57.254+0530] {processor.py:830} INFO - Processing file /home/bharat/airflow/dags/bharat3_dag.py for tasks to queue
[2024-05-02T18:13:57.255+0530] {logging_mixin.py:188} INFO - [2024-05-02T18:13:57.255+0530] {dagbag.py:540} INFO - Filling up the DagBag from /home/bharat/airflow/dags/bharat3_dag.py
[2024-05-02T18:13:57.260+0530] {processor.py:840} INFO - DAG(s) 'bharat2_dag' retrieved from /home/bharat/airflow/dags/bharat3_dag.py
[2024-05-02T18:13:57.268+0530] {logging_mixin.py:188} INFO - [2024-05-02T18:13:57.268+0530] {dag.py:3096} INFO - Sync 1 DAGs
[2024-05-02T18:13:57.275+0530] {logging_mixin.py:188} INFO - [2024-05-02T18:13:57.275+0530] {dag.py:3954} INFO - Setting next_dagrun for bharat2_dag to 2024-05-02 00:00:00+00:00, run_after=2024-05-03 00:00:00+00:00
[2024-05-02T18:13:57.285+0530] {processor.py:183} INFO - Processing /home/bharat/airflow/dags/bharat3_dag.py took 0.037 seconds
[2024-05-02T18:14:48.355+0530] {processor.py:161} INFO - Started process (PID=54739) to work on /home/bharat/airflow/dags/bharat3_dag.py
[2024-05-02T18:14:48.356+0530] {processor.py:830} INFO - Processing file /home/bharat/airflow/dags/bharat3_dag.py for tasks to queue
[2024-05-02T18:14:48.357+0530] {logging_mixin.py:188} INFO - [2024-05-02T18:14:48.356+0530] {dagbag.py:540} INFO - Filling up the DagBag from /home/bharat/airflow/dags/bharat3_dag.py
[2024-05-02T18:14:48.362+0530] {processor.py:840} INFO - DAG(s) 'bharat2_dag' retrieved from /home/bharat/airflow/dags/bharat3_dag.py
[2024-05-02T18:14:48.369+0530] {logging_mixin.py:188} INFO - [2024-05-02T18:14:48.369+0530] {dag.py:3096} INFO - Sync 1 DAGs
[2024-05-02T18:14:48.377+0530] {logging_mixin.py:188} INFO - [2024-05-02T18:14:48.377+0530] {dag.py:3954} INFO - Setting next_dagrun for bharat2_dag to 2024-05-02 00:00:00+00:00, run_after=2024-05-03 00:00:00+00:00
[2024-05-02T18:14:48.386+0530] {processor.py:183} INFO - Processing /home/bharat/airflow/dags/bharat3_dag.py took 0.036 seconds
[2024-05-02T18:15:35.441+0530] {processor.py:161} INFO - Started process (PID=54879) to work on /home/bharat/airflow/dags/bharat3_dag.py
[2024-05-02T18:15:35.442+0530] {processor.py:830} INFO - Processing file /home/bharat/airflow/dags/bharat3_dag.py for tasks to queue
[2024-05-02T18:15:35.443+0530] {logging_mixin.py:188} INFO - [2024-05-02T18:15:35.443+0530] {dagbag.py:540} INFO - Filling up the DagBag from /home/bharat/airflow/dags/bharat3_dag.py
[2024-05-02T18:15:35.447+0530] {processor.py:840} INFO - DAG(s) 'bharat2_dag' retrieved from /home/bharat/airflow/dags/bharat3_dag.py
[2024-05-02T18:15:35.452+0530] {logging_mixin.py:188} INFO - [2024-05-02T18:15:35.452+0530] {dag.py:3096} INFO - Sync 1 DAGs
[2024-05-02T18:15:35.460+0530] {logging_mixin.py:188} INFO - [2024-05-02T18:15:35.459+0530] {dag.py:3954} INFO - Setting next_dagrun for bharat2_dag to 2024-05-02 00:00:00+00:00, run_after=2024-05-03 00:00:00+00:00
[2024-05-02T18:15:35.469+0530] {processor.py:183} INFO - Processing /home/bharat/airflow/dags/bharat3_dag.py took 0.036 seconds
[2024-05-02T18:16:19.122+0530] {processor.py:161} INFO - Started process (PID=55119) to work on /home/bharat/airflow/dags/bharat3_dag.py
[2024-05-02T18:16:19.123+0530] {processor.py:830} INFO - Processing file /home/bharat/airflow/dags/bharat3_dag.py for tasks to queue
[2024-05-02T18:16:19.124+0530] {logging_mixin.py:188} INFO - [2024-05-02T18:16:19.124+0530] {dagbag.py:540} INFO - Filling up the DagBag from /home/bharat/airflow/dags/bharat3_dag.py
[2024-05-02T18:16:19.128+0530] {processor.py:840} INFO - DAG(s) 'bharat2_dag' retrieved from /home/bharat/airflow/dags/bharat3_dag.py
[2024-05-02T18:16:19.135+0530] {logging_mixin.py:188} INFO - [2024-05-02T18:16:19.135+0530] {dag.py:3096} INFO - Sync 1 DAGs
[2024-05-02T18:16:19.143+0530] {logging_mixin.py:188} INFO - [2024-05-02T18:16:19.143+0530] {dag.py:3954} INFO - Setting next_dagrun for bharat2_dag to 2024-05-02 00:00:00+00:00, run_after=2024-05-03 00:00:00+00:00
[2024-05-02T18:16:19.153+0530] {processor.py:183} INFO - Processing /home/bharat/airflow/dags/bharat3_dag.py took 0.034 seconds
[2024-05-02T18:17:06.423+0530] {processor.py:161} INFO - Started process (PID=55236) to work on /home/bharat/airflow/dags/bharat3_dag.py
[2024-05-02T18:17:06.423+0530] {processor.py:830} INFO - Processing file /home/bharat/airflow/dags/bharat3_dag.py for tasks to queue
[2024-05-02T18:17:06.425+0530] {logging_mixin.py:188} INFO - [2024-05-02T18:17:06.424+0530] {dagbag.py:540} INFO - Filling up the DagBag from /home/bharat/airflow/dags/bharat3_dag.py
[2024-05-02T18:17:06.430+0530] {processor.py:840} INFO - DAG(s) 'bharat2_dag' retrieved from /home/bharat/airflow/dags/bharat3_dag.py
[2024-05-02T18:17:06.437+0530] {logging_mixin.py:188} INFO - [2024-05-02T18:17:06.437+0530] {dag.py:3096} INFO - Sync 1 DAGs
[2024-05-02T18:17:06.444+0530] {logging_mixin.py:188} INFO - [2024-05-02T18:17:06.444+0530] {dag.py:3954} INFO - Setting next_dagrun for bharat2_dag to 2024-05-02 00:00:00+00:00, run_after=2024-05-03 00:00:00+00:00
[2024-05-02T18:17:06.454+0530] {processor.py:183} INFO - Processing /home/bharat/airflow/dags/bharat3_dag.py took 0.037 seconds
[2024-05-02T18:17:52.668+0530] {processor.py:161} INFO - Started process (PID=55341) to work on /home/bharat/airflow/dags/bharat3_dag.py
[2024-05-02T18:17:52.668+0530] {processor.py:830} INFO - Processing file /home/bharat/airflow/dags/bharat3_dag.py for tasks to queue
[2024-05-02T18:17:52.669+0530] {logging_mixin.py:188} INFO - [2024-05-02T18:17:52.669+0530] {dagbag.py:540} INFO - Filling up the DagBag from /home/bharat/airflow/dags/bharat3_dag.py
[2024-05-02T18:17:52.671+0530] {processor.py:840} INFO - DAG(s) 'bharat2_dag' retrieved from /home/bharat/airflow/dags/bharat3_dag.py
[2024-05-02T18:17:52.677+0530] {logging_mixin.py:188} INFO - [2024-05-02T18:17:52.677+0530] {dag.py:3096} INFO - Sync 1 DAGs
[2024-05-02T18:17:52.684+0530] {logging_mixin.py:188} INFO - [2024-05-02T18:17:52.684+0530] {dag.py:3954} INFO - Setting next_dagrun for bharat2_dag to 2024-05-02 00:00:00+00:00, run_after=2024-05-03 00:00:00+00:00
[2024-05-02T18:17:52.694+0530] {processor.py:183} INFO - Processing /home/bharat/airflow/dags/bharat3_dag.py took 0.031 seconds
[2024-05-02T18:18:43.243+0530] {processor.py:161} INFO - Started process (PID=55586) to work on /home/bharat/airflow/dags/bharat3_dag.py
[2024-05-02T18:18:43.244+0530] {processor.py:830} INFO - Processing file /home/bharat/airflow/dags/bharat3_dag.py for tasks to queue
[2024-05-02T18:18:43.245+0530] {logging_mixin.py:188} INFO - [2024-05-02T18:18:43.245+0530] {dagbag.py:540} INFO - Filling up the DagBag from /home/bharat/airflow/dags/bharat3_dag.py
[2024-05-02T18:18:43.250+0530] {processor.py:840} INFO - DAG(s) 'bharat2_dag' retrieved from /home/bharat/airflow/dags/bharat3_dag.py
[2024-05-02T18:18:43.257+0530] {logging_mixin.py:188} INFO - [2024-05-02T18:18:43.257+0530] {dag.py:3096} INFO - Sync 1 DAGs
[2024-05-02T18:18:43.265+0530] {logging_mixin.py:188} INFO - [2024-05-02T18:18:43.264+0530] {dag.py:3954} INFO - Setting next_dagrun for bharat2_dag to 2024-05-02 00:00:00+00:00, run_after=2024-05-03 00:00:00+00:00
[2024-05-02T18:18:43.274+0530] {processor.py:183} INFO - Processing /home/bharat/airflow/dags/bharat3_dag.py took 0.037 seconds
[2024-05-02T18:19:32.861+0530] {processor.py:161} INFO - Started process (PID=55699) to work on /home/bharat/airflow/dags/bharat3_dag.py
[2024-05-02T18:19:32.861+0530] {processor.py:830} INFO - Processing file /home/bharat/airflow/dags/bharat3_dag.py for tasks to queue
[2024-05-02T18:19:32.862+0530] {logging_mixin.py:188} INFO - [2024-05-02T18:19:32.862+0530] {dagbag.py:540} INFO - Filling up the DagBag from /home/bharat/airflow/dags/bharat3_dag.py
[2024-05-02T18:19:32.864+0530] {processor.py:840} INFO - DAG(s) 'bharat2_dag' retrieved from /home/bharat/airflow/dags/bharat3_dag.py
[2024-05-02T18:19:32.870+0530] {logging_mixin.py:188} INFO - [2024-05-02T18:19:32.870+0530] {dag.py:3096} INFO - Sync 1 DAGs
[2024-05-02T18:19:32.878+0530] {logging_mixin.py:188} INFO - [2024-05-02T18:19:32.878+0530] {dag.py:3954} INFO - Setting next_dagrun for bharat2_dag to 2024-05-02 00:00:00+00:00, run_after=2024-05-03 00:00:00+00:00
[2024-05-02T18:19:32.887+0530] {processor.py:183} INFO - Processing /home/bharat/airflow/dags/bharat3_dag.py took 0.032 seconds
[2024-05-02T18:20:20.994+0530] {processor.py:161} INFO - Started process (PID=55966) to work on /home/bharat/airflow/dags/bharat3_dag.py
[2024-05-02T18:20:20.995+0530] {processor.py:830} INFO - Processing file /home/bharat/airflow/dags/bharat3_dag.py for tasks to queue
[2024-05-02T18:20:20.996+0530] {logging_mixin.py:188} INFO - [2024-05-02T18:20:20.995+0530] {dagbag.py:540} INFO - Filling up the DagBag from /home/bharat/airflow/dags/bharat3_dag.py
[2024-05-02T18:20:20.999+0530] {processor.py:840} INFO - DAG(s) 'bharat2_dag' retrieved from /home/bharat/airflow/dags/bharat3_dag.py
[2024-05-02T18:20:21.006+0530] {logging_mixin.py:188} INFO - [2024-05-02T18:20:21.006+0530] {dag.py:3096} INFO - Sync 1 DAGs
[2024-05-02T18:20:21.014+0530] {logging_mixin.py:188} INFO - [2024-05-02T18:20:21.014+0530] {dag.py:3954} INFO - Setting next_dagrun for bharat2_dag to 2024-05-02 00:00:00+00:00, run_after=2024-05-03 00:00:00+00:00
[2024-05-02T18:20:21.024+0530] {processor.py:183} INFO - Processing /home/bharat/airflow/dags/bharat3_dag.py took 0.032 seconds
[2024-05-02T18:21:07.260+0530] {processor.py:161} INFO - Started process (PID=56074) to work on /home/bharat/airflow/dags/bharat3_dag.py
[2024-05-02T18:21:07.261+0530] {processor.py:830} INFO - Processing file /home/bharat/airflow/dags/bharat3_dag.py for tasks to queue
[2024-05-02T18:21:07.261+0530] {logging_mixin.py:188} INFO - [2024-05-02T18:21:07.261+0530] {dagbag.py:540} INFO - Filling up the DagBag from /home/bharat/airflow/dags/bharat3_dag.py
[2024-05-02T18:21:07.264+0530] {processor.py:840} INFO - DAG(s) 'bharat2_dag' retrieved from /home/bharat/airflow/dags/bharat3_dag.py
[2024-05-02T18:21:07.270+0530] {logging_mixin.py:188} INFO - [2024-05-02T18:21:07.269+0530] {dag.py:3096} INFO - Sync 1 DAGs
[2024-05-02T18:21:07.277+0530] {logging_mixin.py:188} INFO - [2024-05-02T18:21:07.277+0530] {dag.py:3954} INFO - Setting next_dagrun for bharat2_dag to 2024-05-02 00:00:00+00:00, run_after=2024-05-03 00:00:00+00:00
[2024-05-02T18:21:07.286+0530] {processor.py:183} INFO - Processing /home/bharat/airflow/dags/bharat3_dag.py took 0.030 seconds
[2024-05-02T18:21:53.652+0530] {processor.py:161} INFO - Started process (PID=56184) to work on /home/bharat/airflow/dags/bharat3_dag.py
[2024-05-02T18:21:53.653+0530] {processor.py:830} INFO - Processing file /home/bharat/airflow/dags/bharat3_dag.py for tasks to queue
[2024-05-02T18:21:53.654+0530] {logging_mixin.py:188} INFO - [2024-05-02T18:21:53.654+0530] {dagbag.py:540} INFO - Filling up the DagBag from /home/bharat/airflow/dags/bharat3_dag.py
[2024-05-02T18:21:53.657+0530] {processor.py:840} INFO - DAG(s) 'bharat2_dag' retrieved from /home/bharat/airflow/dags/bharat3_dag.py
[2024-05-02T18:21:53.663+0530] {logging_mixin.py:188} INFO - [2024-05-02T18:21:53.663+0530] {dag.py:3096} INFO - Sync 1 DAGs
[2024-05-02T18:21:53.670+0530] {logging_mixin.py:188} INFO - [2024-05-02T18:21:53.670+0530] {dag.py:3954} INFO - Setting next_dagrun for bharat2_dag to 2024-05-02 00:00:00+00:00, run_after=2024-05-03 00:00:00+00:00
[2024-05-02T18:21:53.680+0530] {processor.py:183} INFO - Processing /home/bharat/airflow/dags/bharat3_dag.py took 0.033 seconds
[2024-05-02T18:22:43.448+0530] {processor.py:161} INFO - Started process (PID=56440) to work on /home/bharat/airflow/dags/bharat3_dag.py
[2024-05-02T18:22:43.448+0530] {processor.py:830} INFO - Processing file /home/bharat/airflow/dags/bharat3_dag.py for tasks to queue
[2024-05-02T18:22:43.449+0530] {logging_mixin.py:188} INFO - [2024-05-02T18:22:43.449+0530] {dagbag.py:540} INFO - Filling up the DagBag from /home/bharat/airflow/dags/bharat3_dag.py
[2024-05-02T18:22:43.452+0530] {processor.py:840} INFO - DAG(s) 'bharat2_dag' retrieved from /home/bharat/airflow/dags/bharat3_dag.py
[2024-05-02T18:22:43.458+0530] {logging_mixin.py:188} INFO - [2024-05-02T18:22:43.458+0530] {dag.py:3096} INFO - Sync 1 DAGs
[2024-05-02T18:22:43.465+0530] {logging_mixin.py:188} INFO - [2024-05-02T18:22:43.465+0530] {dag.py:3954} INFO - Setting next_dagrun for bharat2_dag to 2024-05-02 00:00:00+00:00, run_after=2024-05-03 00:00:00+00:00
[2024-05-02T18:22:43.474+0530] {processor.py:183} INFO - Processing /home/bharat/airflow/dags/bharat3_dag.py took 0.030 seconds
