[2024-07-02T14:00:48.320+0530] {local_task_job_runner.py:120} INFO - ::group::Pre task execution logs
[2024-07-02T14:00:48.326+0530] {taskinstance.py:2076} INFO - Dependencies all met for dep_context=non-requeueable deps ti=<TaskInstance: bharat_cgpa.sem_7_cgpa manual__2024-07-02T08:30:36.540991+00:00 [queued]>
[2024-07-02T14:00:48.328+0530] {taskinstance.py:2076} INFO - Dependencies all met for dep_context=requeueable deps ti=<TaskInstance: bharat_cgpa.sem_7_cgpa manual__2024-07-02T08:30:36.540991+00:00 [queued]>
[2024-07-02T14:00:48.328+0530] {taskinstance.py:2306} INFO - Starting attempt 1 of 2
[2024-07-02T14:00:48.336+0530] {taskinstance.py:2330} INFO - Executing <Task(PythonOperator): sem_7_cgpa> on 2024-07-02 08:30:36.540991+00:00
[2024-07-02T14:00:48.338+0530] {standard_task_runner.py:63} INFO - Started process 20791 to run task
[2024-07-02T14:00:48.339+0530] {standard_task_runner.py:90} INFO - Running: ['airflow', 'tasks', 'run', 'bharat_cgpa', 'sem_7_cgpa', 'manual__2024-07-02T08:30:36.540991+00:00', '--job-id', '1273', '--raw', '--subdir', 'DAGS_FOLDER/cgpa1.py', '--cfg-path', '/tmp/tmpq54ylc4v']
[2024-07-02T14:00:48.340+0530] {standard_task_runner.py:91} INFO - Job 1273: Subtask sem_7_cgpa
[2024-07-02T14:00:48.356+0530] {task_command.py:426} INFO - Running <TaskInstance: bharat_cgpa.sem_7_cgpa manual__2024-07-02T08:30:36.540991+00:00 [running]> on host ninebit5lm
[2024-07-02T14:00:48.381+0530] {taskinstance.py:2648} INFO - Exporting env vars: AIRFLOW_CTX_DAG_OWNER='airflow' AIRFLOW_CTX_DAG_ID='bharat_cgpa' AIRFLOW_CTX_TASK_ID='sem_7_cgpa' AIRFLOW_CTX_EXECUTION_DATE='2024-07-02T08:30:36.540991+00:00' AIRFLOW_CTX_TRY_NUMBER='1' AIRFLOW_CTX_DAG_RUN_ID='manual__2024-07-02T08:30:36.540991+00:00'
[2024-07-02T14:00:48.382+0530] {taskinstance.py:430} INFO - ::endgroup::
[2024-07-02T14:00:48.382+0530] {taskinstance.py:441} INFO - ::group::Post task execution logs
[2024-07-02T14:00:48.382+0530] {taskinstance.py:2905} ERROR - Task failed with exception
Traceback (most recent call last):
  File "/home/bharat/.local/lib/python3.11/site-packages/airflow/models/taskinstance.py", line 465, in _execute_task
    result = _execute_callable(context=context, **execute_callable_kwargs)
             ^^^^^^^^^^^^^^^^^^^^^^^^^^^^^^^^^^^^^^^^^^^^^^^^^^^^^^^^^^^^^
  File "/home/bharat/.local/lib/python3.11/site-packages/airflow/models/taskinstance.py", line 432, in _execute_callable
    return execute_callable(context=context, **execute_callable_kwargs)
           ^^^^^^^^^^^^^^^^^^^^^^^^^^^^^^^^^^^^^^^^^^^^^^^^^^^^^^^^^^^^
  File "/home/bharat/.local/lib/python3.11/site-packages/airflow/models/baseoperator.py", line 401, in wrapper
    return func(self, *args, **kwargs)
           ^^^^^^^^^^^^^^^^^^^^^^^^^^^
  File "/home/bharat/.local/lib/python3.11/site-packages/airflow/operators/python.py", line 235, in execute
    return_value = self.execute_callable()
                   ^^^^^^^^^^^^^^^^^^^^^^^
  File "/home/bharat/.local/lib/python3.11/site-packages/airflow/operators/python.py", line 252, in execute_callable
    return self.python_callable(*self.op_args, **self.op_kwargs)
           ^^^^^^^^^^^^^^^^^^^^^^^^^^^^^^^^^^^^^^^^^^^^^^^^^^^^^
TypeError: sem1_GPA() missing 1 required positional argument: 'sem1_marks'
[2024-07-02T14:00:48.384+0530] {taskinstance.py:1206} INFO - Marking task as UP_FOR_RETRY. dag_id=bharat_cgpa, task_id=sem_7_cgpa, run_id=manual__2024-07-02T08:30:36.540991+00:00, execution_date=20240702T083036, start_date=20240702T083048, end_date=20240702T083048
[2024-07-02T14:00:48.390+0530] {standard_task_runner.py:110} ERROR - Failed to execute job 1273 for task sem_7_cgpa (sem1_GPA() missing 1 required positional argument: 'sem1_marks'; 20791)
[2024-07-02T14:00:48.431+0530] {local_task_job_runner.py:240} INFO - Task exited with return code 1
[2024-07-02T14:00:48.443+0530] {taskinstance.py:3503} INFO - 0 downstream tasks scheduled from follow-on schedule check
[2024-07-02T14:00:48.443+0530] {local_task_job_runner.py:222} INFO - ::endgroup::
