[2024-07-01T17:48:05.311+0530] {processor.py:161} INFO - Started process (PID=10785) to work on /home/bharat/airflow/dags/bharat3_dag.py
[2024-07-01T17:48:05.311+0530] {processor.py:830} INFO - Processing file /home/bharat/airflow/dags/bharat3_dag.py for tasks to queue
[2024-07-01T17:48:05.312+0530] {logging_mixin.py:188} INFO - [2024-07-01T17:48:05.312+0530] {dagbag.py:545} INFO - Filling up the DagBag from /home/bharat/airflow/dags/bharat3_dag.py
[2024-07-01T17:48:05.315+0530] {processor.py:840} INFO - DAG(s) 'bharat2_dag' retrieved from /home/bharat/airflow/dags/bharat3_dag.py
[2024-07-01T17:48:05.354+0530] {logging_mixin.py:188} INFO - [2024-07-01T17:48:05.354+0530] {dag.py:3096} INFO - Sync 1 DAGs
[2024-07-01T17:48:05.360+0530] {logging_mixin.py:188} INFO - [2024-07-01T17:48:05.360+0530] {dag.py:3954} INFO - Setting next_dagrun for bharat2_dag to 2024-06-30 00:00:00+00:00, run_after=2024-07-01 00:00:00+00:00
[2024-07-01T17:48:05.370+0530] {processor.py:183} INFO - Processing /home/bharat/airflow/dags/bharat3_dag.py took 0.062 seconds
[2024-07-01T17:49:13.502+0530] {processor.py:161} INFO - Started process (PID=11355) to work on /home/bharat/airflow/dags/bharat3_dag.py
[2024-07-01T17:49:13.502+0530] {processor.py:830} INFO - Processing file /home/bharat/airflow/dags/bharat3_dag.py for tasks to queue
[2024-07-01T17:49:13.503+0530] {logging_mixin.py:188} INFO - [2024-07-01T17:49:13.503+0530] {dagbag.py:545} INFO - Filling up the DagBag from /home/bharat/airflow/dags/bharat3_dag.py
[2024-07-01T17:49:13.505+0530] {processor.py:840} INFO - DAG(s) 'bharat2_dag' retrieved from /home/bharat/airflow/dags/bharat3_dag.py
[2024-07-01T17:49:13.512+0530] {logging_mixin.py:188} INFO - [2024-07-01T17:49:13.511+0530] {dag.py:3096} INFO - Sync 1 DAGs
[2024-07-01T17:49:13.568+0530] {logging_mixin.py:188} INFO - [2024-07-01T17:49:13.567+0530] {dag.py:3954} INFO - Setting next_dagrun for bharat2_dag to 2024-06-30 00:00:00+00:00, run_after=2024-07-01 00:00:00+00:00
[2024-07-01T17:49:13.576+0530] {processor.py:183} INFO - Processing /home/bharat/airflow/dags/bharat3_dag.py took 0.077 seconds
[2024-07-01T17:49:51.207+0530] {processor.py:161} INFO - Started process (PID=11415) to work on /home/bharat/airflow/dags/bharat3_dag.py
[2024-07-01T17:49:51.207+0530] {processor.py:830} INFO - Processing file /home/bharat/airflow/dags/bharat3_dag.py for tasks to queue
[2024-07-01T17:49:51.209+0530] {logging_mixin.py:188} INFO - [2024-07-01T17:49:51.208+0530] {dagbag.py:545} INFO - Filling up the DagBag from /home/bharat/airflow/dags/bharat3_dag.py
[2024-07-01T17:49:51.212+0530] {processor.py:840} INFO - DAG(s) 'bharat2_dag' retrieved from /home/bharat/airflow/dags/bharat3_dag.py
[2024-07-01T17:49:51.218+0530] {logging_mixin.py:188} INFO - [2024-07-01T17:49:51.218+0530] {dag.py:3096} INFO - Sync 1 DAGs
[2024-07-01T17:49:51.225+0530] {logging_mixin.py:188} INFO - [2024-07-01T17:49:51.225+0530] {dag.py:3954} INFO - Setting next_dagrun for bharat2_dag to 2024-06-30 00:00:00+00:00, run_after=2024-07-01 00:00:00+00:00
[2024-07-01T17:49:51.234+0530] {processor.py:183} INFO - Processing /home/bharat/airflow/dags/bharat3_dag.py took 0.033 seconds
[2024-07-01T17:50:41.387+0530] {processor.py:161} INFO - Started process (PID=11474) to work on /home/bharat/airflow/dags/bharat3_dag.py
[2024-07-01T17:50:41.388+0530] {processor.py:830} INFO - Processing file /home/bharat/airflow/dags/bharat3_dag.py for tasks to queue
[2024-07-01T17:50:41.389+0530] {logging_mixin.py:188} INFO - [2024-07-01T17:50:41.389+0530] {dagbag.py:545} INFO - Filling up the DagBag from /home/bharat/airflow/dags/bharat3_dag.py
[2024-07-01T17:50:41.392+0530] {processor.py:840} INFO - DAG(s) 'bharat2_dag' retrieved from /home/bharat/airflow/dags/bharat3_dag.py
[2024-07-01T17:50:41.398+0530] {logging_mixin.py:188} INFO - [2024-07-01T17:50:41.398+0530] {dag.py:3096} INFO - Sync 1 DAGs
[2024-07-01T17:50:41.405+0530] {logging_mixin.py:188} INFO - [2024-07-01T17:50:41.405+0530] {dag.py:3954} INFO - Setting next_dagrun for bharat2_dag to 2024-06-30 00:00:00+00:00, run_after=2024-07-01 00:00:00+00:00
[2024-07-01T17:50:41.414+0530] {processor.py:183} INFO - Processing /home/bharat/airflow/dags/bharat3_dag.py took 0.033 seconds
[2024-07-01T17:51:34.051+0530] {processor.py:161} INFO - Started process (PID=11668) to work on /home/bharat/airflow/dags/bharat3_dag.py
[2024-07-01T17:51:34.053+0530] {processor.py:830} INFO - Processing file /home/bharat/airflow/dags/bharat3_dag.py for tasks to queue
[2024-07-01T17:51:34.056+0530] {logging_mixin.py:188} INFO - [2024-07-01T17:51:34.055+0530] {dagbag.py:545} INFO - Filling up the DagBag from /home/bharat/airflow/dags/bharat3_dag.py
[2024-07-01T17:51:34.062+0530] {processor.py:840} INFO - DAG(s) 'bharat2_dag' retrieved from /home/bharat/airflow/dags/bharat3_dag.py
[2024-07-01T17:51:34.069+0530] {logging_mixin.py:188} INFO - [2024-07-01T17:51:34.069+0530] {dag.py:3096} INFO - Sync 1 DAGs
[2024-07-01T17:51:34.076+0530] {logging_mixin.py:188} INFO - [2024-07-01T17:51:34.076+0530] {dag.py:3954} INFO - Setting next_dagrun for bharat2_dag to 2024-06-30 00:00:00+00:00, run_after=2024-07-01 00:00:00+00:00
[2024-07-01T17:51:34.086+0530] {processor.py:183} INFO - Processing /home/bharat/airflow/dags/bharat3_dag.py took 0.045 seconds
[2024-07-01T17:52:11.403+0530] {processor.py:161} INFO - Started process (PID=12016) to work on /home/bharat/airflow/dags/bharat3_dag.py
[2024-07-01T17:52:11.405+0530] {processor.py:830} INFO - Processing file /home/bharat/airflow/dags/bharat3_dag.py for tasks to queue
[2024-07-01T17:52:11.407+0530] {logging_mixin.py:188} INFO - [2024-07-01T17:52:11.407+0530] {dagbag.py:545} INFO - Filling up the DagBag from /home/bharat/airflow/dags/bharat3_dag.py
[2024-07-01T17:52:11.414+0530] {processor.py:840} INFO - DAG(s) 'bharat2_dag' retrieved from /home/bharat/airflow/dags/bharat3_dag.py
[2024-07-01T17:52:11.421+0530] {logging_mixin.py:188} INFO - [2024-07-01T17:52:11.421+0530] {dag.py:3096} INFO - Sync 1 DAGs
[2024-07-01T17:52:11.430+0530] {logging_mixin.py:188} INFO - [2024-07-01T17:52:11.429+0530] {dag.py:3954} INFO - Setting next_dagrun for bharat2_dag to 2024-06-30 00:00:00+00:00, run_after=2024-07-01 00:00:00+00:00
[2024-07-01T17:52:11.440+0530] {processor.py:183} INFO - Processing /home/bharat/airflow/dags/bharat3_dag.py took 0.047 seconds
[2024-07-01T17:52:47.671+0530] {processor.py:161} INFO - Started process (PID=12055) to work on /home/bharat/airflow/dags/bharat3_dag.py
[2024-07-01T17:52:47.672+0530] {processor.py:830} INFO - Processing file /home/bharat/airflow/dags/bharat3_dag.py for tasks to queue
[2024-07-01T17:52:47.673+0530] {logging_mixin.py:188} INFO - [2024-07-01T17:52:47.673+0530] {dagbag.py:545} INFO - Filling up the DagBag from /home/bharat/airflow/dags/bharat3_dag.py
[2024-07-01T17:52:47.676+0530] {processor.py:840} INFO - DAG(s) 'bharat2_dag' retrieved from /home/bharat/airflow/dags/bharat3_dag.py
[2024-07-01T17:52:47.682+0530] {logging_mixin.py:188} INFO - [2024-07-01T17:52:47.682+0530] {dag.py:3096} INFO - Sync 1 DAGs
[2024-07-01T17:52:47.689+0530] {logging_mixin.py:188} INFO - [2024-07-01T17:52:47.689+0530] {dag.py:3954} INFO - Setting next_dagrun for bharat2_dag to 2024-06-30 00:00:00+00:00, run_after=2024-07-01 00:00:00+00:00
[2024-07-01T17:52:47.698+0530] {processor.py:183} INFO - Processing /home/bharat/airflow/dags/bharat3_dag.py took 0.032 seconds
[2024-07-01T17:53:39.250+0530] {processor.py:161} INFO - Started process (PID=12158) to work on /home/bharat/airflow/dags/bharat3_dag.py
[2024-07-01T17:53:39.252+0530] {processor.py:830} INFO - Processing file /home/bharat/airflow/dags/bharat3_dag.py for tasks to queue
[2024-07-01T17:53:39.255+0530] {logging_mixin.py:188} INFO - [2024-07-01T17:53:39.254+0530] {dagbag.py:545} INFO - Filling up the DagBag from /home/bharat/airflow/dags/bharat3_dag.py
[2024-07-01T17:53:39.266+0530] {processor.py:840} INFO - DAG(s) 'bharat2_dag' retrieved from /home/bharat/airflow/dags/bharat3_dag.py
[2024-07-01T17:53:39.285+0530] {logging_mixin.py:188} INFO - [2024-07-01T17:53:39.285+0530] {dag.py:3096} INFO - Sync 1 DAGs
[2024-07-01T17:53:39.293+0530] {logging_mixin.py:188} INFO - [2024-07-01T17:53:39.293+0530] {dag.py:3954} INFO - Setting next_dagrun for bharat2_dag to 2024-06-30 00:00:00+00:00, run_after=2024-07-01 00:00:00+00:00
[2024-07-01T17:53:39.303+0530] {processor.py:183} INFO - Processing /home/bharat/airflow/dags/bharat3_dag.py took 0.057 seconds
[2024-07-01T17:54:15.675+0530] {processor.py:161} INFO - Started process (PID=12506) to work on /home/bharat/airflow/dags/bharat3_dag.py
[2024-07-01T17:54:15.676+0530] {processor.py:830} INFO - Processing file /home/bharat/airflow/dags/bharat3_dag.py for tasks to queue
[2024-07-01T17:54:15.676+0530] {logging_mixin.py:188} INFO - [2024-07-01T17:54:15.676+0530] {dagbag.py:545} INFO - Filling up the DagBag from /home/bharat/airflow/dags/bharat3_dag.py
[2024-07-01T17:54:15.679+0530] {processor.py:840} INFO - DAG(s) 'bharat2_dag' retrieved from /home/bharat/airflow/dags/bharat3_dag.py
[2024-07-01T17:54:15.685+0530] {logging_mixin.py:188} INFO - [2024-07-01T17:54:15.685+0530] {dag.py:3096} INFO - Sync 1 DAGs
[2024-07-01T17:54:15.692+0530] {logging_mixin.py:188} INFO - [2024-07-01T17:54:15.692+0530] {dag.py:3954} INFO - Setting next_dagrun for bharat2_dag to 2024-06-30 00:00:00+00:00, run_after=2024-07-01 00:00:00+00:00
[2024-07-01T17:54:15.701+0530] {processor.py:183} INFO - Processing /home/bharat/airflow/dags/bharat3_dag.py took 0.032 seconds
[2024-07-01T17:54:52.113+0530] {processor.py:161} INFO - Started process (PID=12556) to work on /home/bharat/airflow/dags/bharat3_dag.py
[2024-07-01T17:54:52.113+0530] {processor.py:830} INFO - Processing file /home/bharat/airflow/dags/bharat3_dag.py for tasks to queue
[2024-07-01T17:54:52.114+0530] {logging_mixin.py:188} INFO - [2024-07-01T17:54:52.114+0530] {dagbag.py:545} INFO - Filling up the DagBag from /home/bharat/airflow/dags/bharat3_dag.py
[2024-07-01T17:54:52.120+0530] {processor.py:840} INFO - DAG(s) 'bharat2_dag' retrieved from /home/bharat/airflow/dags/bharat3_dag.py
[2024-07-01T17:54:52.128+0530] {logging_mixin.py:188} INFO - [2024-07-01T17:54:52.128+0530] {dag.py:3096} INFO - Sync 1 DAGs
[2024-07-01T17:54:52.137+0530] {logging_mixin.py:188} INFO - [2024-07-01T17:54:52.137+0530] {dag.py:3954} INFO - Setting next_dagrun for bharat2_dag to 2024-06-30 00:00:00+00:00, run_after=2024-07-01 00:00:00+00:00
[2024-07-01T17:54:52.148+0530] {processor.py:183} INFO - Processing /home/bharat/airflow/dags/bharat3_dag.py took 0.041 seconds
[2024-07-01T17:55:44.805+0530] {processor.py:161} INFO - Started process (PID=12638) to work on /home/bharat/airflow/dags/bharat3_dag.py
[2024-07-01T17:55:44.806+0530] {processor.py:830} INFO - Processing file /home/bharat/airflow/dags/bharat3_dag.py for tasks to queue
[2024-07-01T17:55:44.807+0530] {logging_mixin.py:188} INFO - [2024-07-01T17:55:44.807+0530] {dagbag.py:545} INFO - Filling up the DagBag from /home/bharat/airflow/dags/bharat3_dag.py
[2024-07-01T17:55:44.810+0530] {processor.py:840} INFO - DAG(s) 'bharat2_dag' retrieved from /home/bharat/airflow/dags/bharat3_dag.py
[2024-07-01T17:55:44.817+0530] {logging_mixin.py:188} INFO - [2024-07-01T17:55:44.816+0530] {dag.py:3096} INFO - Sync 1 DAGs
[2024-07-01T17:55:44.824+0530] {logging_mixin.py:188} INFO - [2024-07-01T17:55:44.824+0530] {dag.py:3954} INFO - Setting next_dagrun for bharat2_dag to 2024-06-30 00:00:00+00:00, run_after=2024-07-01 00:00:00+00:00
[2024-07-01T17:55:44.834+0530] {processor.py:183} INFO - Processing /home/bharat/airflow/dags/bharat3_dag.py took 0.035 seconds
[2024-07-01T17:56:37.439+0530] {processor.py:161} INFO - Started process (PID=12711) to work on /home/bharat/airflow/dags/bharat3_dag.py
[2024-07-01T17:56:37.440+0530] {processor.py:830} INFO - Processing file /home/bharat/airflow/dags/bharat3_dag.py for tasks to queue
[2024-07-01T17:56:37.441+0530] {logging_mixin.py:188} INFO - [2024-07-01T17:56:37.441+0530] {dagbag.py:545} INFO - Filling up the DagBag from /home/bharat/airflow/dags/bharat3_dag.py
[2024-07-01T17:56:37.446+0530] {processor.py:840} INFO - DAG(s) 'bharat2_dag' retrieved from /home/bharat/airflow/dags/bharat3_dag.py
[2024-07-01T17:56:37.453+0530] {logging_mixin.py:188} INFO - [2024-07-01T17:56:37.453+0530] {dag.py:3096} INFO - Sync 1 DAGs
[2024-07-01T17:56:37.461+0530] {logging_mixin.py:188} INFO - [2024-07-01T17:56:37.460+0530] {dag.py:3954} INFO - Setting next_dagrun for bharat2_dag to 2024-06-30 00:00:00+00:00, run_after=2024-07-01 00:00:00+00:00
[2024-07-01T17:56:37.470+0530] {processor.py:183} INFO - Processing /home/bharat/airflow/dags/bharat3_dag.py took 0.036 seconds
[2024-07-01T17:57:30.852+0530] {processor.py:161} INFO - Started process (PID=12785) to work on /home/bharat/airflow/dags/bharat3_dag.py
[2024-07-01T17:57:30.853+0530] {processor.py:830} INFO - Processing file /home/bharat/airflow/dags/bharat3_dag.py for tasks to queue
[2024-07-01T17:57:30.854+0530] {logging_mixin.py:188} INFO - [2024-07-01T17:57:30.853+0530] {dagbag.py:545} INFO - Filling up the DagBag from /home/bharat/airflow/dags/bharat3_dag.py
[2024-07-01T17:57:30.856+0530] {processor.py:840} INFO - DAG(s) 'bharat2_dag' retrieved from /home/bharat/airflow/dags/bharat3_dag.py
[2024-07-01T17:57:30.862+0530] {logging_mixin.py:188} INFO - [2024-07-01T17:57:30.862+0530] {dag.py:3096} INFO - Sync 1 DAGs
[2024-07-01T17:57:30.869+0530] {logging_mixin.py:188} INFO - [2024-07-01T17:57:30.869+0530] {dag.py:3954} INFO - Setting next_dagrun for bharat2_dag to 2024-06-30 00:00:00+00:00, run_after=2024-07-01 00:00:00+00:00
[2024-07-01T17:57:30.879+0530] {processor.py:183} INFO - Processing /home/bharat/airflow/dags/bharat3_dag.py took 0.032 seconds
[2024-07-01T17:58:22.859+0530] {processor.py:161} INFO - Started process (PID=12886) to work on /home/bharat/airflow/dags/bharat3_dag.py
[2024-07-01T17:58:22.860+0530] {processor.py:830} INFO - Processing file /home/bharat/airflow/dags/bharat3_dag.py for tasks to queue
[2024-07-01T17:58:22.861+0530] {logging_mixin.py:188} INFO - [2024-07-01T17:58:22.860+0530] {dagbag.py:545} INFO - Filling up the DagBag from /home/bharat/airflow/dags/bharat3_dag.py
[2024-07-01T17:58:22.863+0530] {processor.py:840} INFO - DAG(s) 'bharat2_dag' retrieved from /home/bharat/airflow/dags/bharat3_dag.py
[2024-07-01T17:58:22.869+0530] {logging_mixin.py:188} INFO - [2024-07-01T17:58:22.869+0530] {dag.py:3096} INFO - Sync 1 DAGs
[2024-07-01T17:58:22.876+0530] {logging_mixin.py:188} INFO - [2024-07-01T17:58:22.876+0530] {dag.py:3954} INFO - Setting next_dagrun for bharat2_dag to 2024-06-30 00:00:00+00:00, run_after=2024-07-01 00:00:00+00:00
[2024-07-01T17:58:22.886+0530] {processor.py:183} INFO - Processing /home/bharat/airflow/dags/bharat3_dag.py took 0.032 seconds
[2024-07-01T17:59:14.192+0530] {processor.py:161} INFO - Started process (PID=12956) to work on /home/bharat/airflow/dags/bharat3_dag.py
[2024-07-01T17:59:14.192+0530] {processor.py:830} INFO - Processing file /home/bharat/airflow/dags/bharat3_dag.py for tasks to queue
[2024-07-01T17:59:14.194+0530] {logging_mixin.py:188} INFO - [2024-07-01T17:59:14.194+0530] {dagbag.py:545} INFO - Filling up the DagBag from /home/bharat/airflow/dags/bharat3_dag.py
[2024-07-01T17:59:14.199+0530] {processor.py:840} INFO - DAG(s) 'bharat2_dag' retrieved from /home/bharat/airflow/dags/bharat3_dag.py
[2024-07-01T17:59:14.207+0530] {logging_mixin.py:188} INFO - [2024-07-01T17:59:14.206+0530] {dag.py:3096} INFO - Sync 1 DAGs
[2024-07-01T17:59:14.214+0530] {logging_mixin.py:188} INFO - [2024-07-01T17:59:14.214+0530] {dag.py:3954} INFO - Setting next_dagrun for bharat2_dag to 2024-06-30 00:00:00+00:00, run_after=2024-07-01 00:00:00+00:00
[2024-07-01T17:59:14.223+0530] {processor.py:183} INFO - Processing /home/bharat/airflow/dags/bharat3_dag.py took 0.035 seconds
[2024-07-01T18:00:05.584+0530] {processor.py:161} INFO - Started process (PID=13032) to work on /home/bharat/airflow/dags/bharat3_dag.py
[2024-07-01T18:00:05.585+0530] {processor.py:830} INFO - Processing file /home/bharat/airflow/dags/bharat3_dag.py for tasks to queue
[2024-07-01T18:00:05.585+0530] {logging_mixin.py:188} INFO - [2024-07-01T18:00:05.585+0530] {dagbag.py:545} INFO - Filling up the DagBag from /home/bharat/airflow/dags/bharat3_dag.py
[2024-07-01T18:00:05.588+0530] {processor.py:840} INFO - DAG(s) 'bharat2_dag' retrieved from /home/bharat/airflow/dags/bharat3_dag.py
[2024-07-01T18:00:05.594+0530] {logging_mixin.py:188} INFO - [2024-07-01T18:00:05.594+0530] {dag.py:3096} INFO - Sync 1 DAGs
[2024-07-01T18:00:05.601+0530] {logging_mixin.py:188} INFO - [2024-07-01T18:00:05.601+0530] {dag.py:3954} INFO - Setting next_dagrun for bharat2_dag to 2024-06-30 00:00:00+00:00, run_after=2024-07-01 00:00:00+00:00
[2024-07-01T18:00:05.610+0530] {processor.py:183} INFO - Processing /home/bharat/airflow/dags/bharat3_dag.py took 0.028 seconds
[2024-07-01T18:00:58.259+0530] {processor.py:161} INFO - Started process (PID=13108) to work on /home/bharat/airflow/dags/bharat3_dag.py
[2024-07-01T18:00:58.260+0530] {processor.py:830} INFO - Processing file /home/bharat/airflow/dags/bharat3_dag.py for tasks to queue
[2024-07-01T18:00:58.262+0530] {logging_mixin.py:188} INFO - [2024-07-01T18:00:58.261+0530] {dagbag.py:545} INFO - Filling up the DagBag from /home/bharat/airflow/dags/bharat3_dag.py
[2024-07-01T18:00:58.267+0530] {processor.py:840} INFO - DAG(s) 'bharat2_dag' retrieved from /home/bharat/airflow/dags/bharat3_dag.py
[2024-07-01T18:00:58.274+0530] {logging_mixin.py:188} INFO - [2024-07-01T18:00:58.274+0530] {dag.py:3096} INFO - Sync 1 DAGs
[2024-07-01T18:00:58.281+0530] {logging_mixin.py:188} INFO - [2024-07-01T18:00:58.281+0530] {dag.py:3954} INFO - Setting next_dagrun for bharat2_dag to 2024-06-30 00:00:00+00:00, run_after=2024-07-01 00:00:00+00:00
[2024-07-01T18:00:58.290+0530] {processor.py:183} INFO - Processing /home/bharat/airflow/dags/bharat3_dag.py took 0.035 seconds
[2024-07-01T18:01:49.846+0530] {processor.py:161} INFO - Started process (PID=13181) to work on /home/bharat/airflow/dags/bharat3_dag.py
[2024-07-01T18:01:49.846+0530] {processor.py:830} INFO - Processing file /home/bharat/airflow/dags/bharat3_dag.py for tasks to queue
[2024-07-01T18:01:49.848+0530] {logging_mixin.py:188} INFO - [2024-07-01T18:01:49.847+0530] {dagbag.py:545} INFO - Filling up the DagBag from /home/bharat/airflow/dags/bharat3_dag.py
[2024-07-01T18:01:49.853+0530] {processor.py:840} INFO - DAG(s) 'bharat2_dag' retrieved from /home/bharat/airflow/dags/bharat3_dag.py
[2024-07-01T18:01:49.860+0530] {logging_mixin.py:188} INFO - [2024-07-01T18:01:49.860+0530] {dag.py:3096} INFO - Sync 1 DAGs
[2024-07-01T18:01:49.867+0530] {logging_mixin.py:188} INFO - [2024-07-01T18:01:49.867+0530] {dag.py:3954} INFO - Setting next_dagrun for bharat2_dag to 2024-06-30 00:00:00+00:00, run_after=2024-07-01 00:00:00+00:00
[2024-07-01T18:01:49.879+0530] {processor.py:183} INFO - Processing /home/bharat/airflow/dags/bharat3_dag.py took 0.039 seconds
[2024-07-01T18:02:43.655+0530] {processor.py:161} INFO - Started process (PID=13254) to work on /home/bharat/airflow/dags/bharat3_dag.py
[2024-07-01T18:02:43.656+0530] {processor.py:830} INFO - Processing file /home/bharat/airflow/dags/bharat3_dag.py for tasks to queue
[2024-07-01T18:02:43.657+0530] {logging_mixin.py:188} INFO - [2024-07-01T18:02:43.657+0530] {dagbag.py:545} INFO - Filling up the DagBag from /home/bharat/airflow/dags/bharat3_dag.py
[2024-07-01T18:02:43.659+0530] {processor.py:840} INFO - DAG(s) 'bharat2_dag' retrieved from /home/bharat/airflow/dags/bharat3_dag.py
[2024-07-01T18:02:43.665+0530] {logging_mixin.py:188} INFO - [2024-07-01T18:02:43.665+0530] {dag.py:3096} INFO - Sync 1 DAGs
[2024-07-01T18:02:43.672+0530] {logging_mixin.py:188} INFO - [2024-07-01T18:02:43.672+0530] {dag.py:3954} INFO - Setting next_dagrun for bharat2_dag to 2024-06-30 00:00:00+00:00, run_after=2024-07-01 00:00:00+00:00
[2024-07-01T18:02:43.683+0530] {processor.py:183} INFO - Processing /home/bharat/airflow/dags/bharat3_dag.py took 0.030 seconds
[2024-07-01T18:03:33.203+0530] {processor.py:161} INFO - Started process (PID=13353) to work on /home/bharat/airflow/dags/bharat3_dag.py
[2024-07-01T18:03:33.204+0530] {processor.py:830} INFO - Processing file /home/bharat/airflow/dags/bharat3_dag.py for tasks to queue
[2024-07-01T18:03:33.205+0530] {logging_mixin.py:188} INFO - [2024-07-01T18:03:33.205+0530] {dagbag.py:545} INFO - Filling up the DagBag from /home/bharat/airflow/dags/bharat3_dag.py
[2024-07-01T18:03:33.209+0530] {processor.py:840} INFO - DAG(s) 'bharat2_dag' retrieved from /home/bharat/airflow/dags/bharat3_dag.py
[2024-07-01T18:03:33.215+0530] {logging_mixin.py:188} INFO - [2024-07-01T18:03:33.214+0530] {dag.py:3096} INFO - Sync 1 DAGs
[2024-07-01T18:03:33.222+0530] {logging_mixin.py:188} INFO - [2024-07-01T18:03:33.222+0530] {dag.py:3954} INFO - Setting next_dagrun for bharat2_dag to 2024-06-30 00:00:00+00:00, run_after=2024-07-01 00:00:00+00:00
[2024-07-01T18:03:33.231+0530] {processor.py:183} INFO - Processing /home/bharat/airflow/dags/bharat3_dag.py took 0.036 seconds
[2024-07-01T18:04:25.124+0530] {processor.py:161} INFO - Started process (PID=13431) to work on /home/bharat/airflow/dags/bharat3_dag.py
[2024-07-01T18:04:25.125+0530] {processor.py:830} INFO - Processing file /home/bharat/airflow/dags/bharat3_dag.py for tasks to queue
[2024-07-01T18:04:25.126+0530] {logging_mixin.py:188} INFO - [2024-07-01T18:04:25.125+0530] {dagbag.py:545} INFO - Filling up the DagBag from /home/bharat/airflow/dags/bharat3_dag.py
[2024-07-01T18:04:25.128+0530] {processor.py:840} INFO - DAG(s) 'bharat2_dag' retrieved from /home/bharat/airflow/dags/bharat3_dag.py
[2024-07-01T18:04:25.134+0530] {logging_mixin.py:188} INFO - [2024-07-01T18:04:25.134+0530] {dag.py:3096} INFO - Sync 1 DAGs
[2024-07-01T18:04:25.142+0530] {logging_mixin.py:188} INFO - [2024-07-01T18:04:25.141+0530] {dag.py:3954} INFO - Setting next_dagrun for bharat2_dag to 2024-06-30 00:00:00+00:00, run_after=2024-07-01 00:00:00+00:00
[2024-07-01T18:04:25.152+0530] {processor.py:183} INFO - Processing /home/bharat/airflow/dags/bharat3_dag.py took 0.034 seconds
[2024-07-01T18:05:18.758+0530] {processor.py:161} INFO - Started process (PID=13929) to work on /home/bharat/airflow/dags/bharat3_dag.py
[2024-07-01T18:05:18.759+0530] {processor.py:830} INFO - Processing file /home/bharat/airflow/dags/bharat3_dag.py for tasks to queue
[2024-07-01T18:05:18.760+0530] {logging_mixin.py:188} INFO - [2024-07-01T18:05:18.760+0530] {dagbag.py:545} INFO - Filling up the DagBag from /home/bharat/airflow/dags/bharat3_dag.py
[2024-07-01T18:05:18.766+0530] {processor.py:840} INFO - DAG(s) 'bharat2_dag' retrieved from /home/bharat/airflow/dags/bharat3_dag.py
[2024-07-01T18:05:18.775+0530] {logging_mixin.py:188} INFO - [2024-07-01T18:05:18.775+0530] {dag.py:3096} INFO - Sync 1 DAGs
[2024-07-01T18:05:18.782+0530] {logging_mixin.py:188} INFO - [2024-07-01T18:05:18.782+0530] {dag.py:3954} INFO - Setting next_dagrun for bharat2_dag to 2024-06-30 00:00:00+00:00, run_after=2024-07-01 00:00:00+00:00
[2024-07-01T18:05:18.791+0530] {processor.py:183} INFO - Processing /home/bharat/airflow/dags/bharat3_dag.py took 0.037 seconds
[2024-07-01T18:06:06.606+0530] {processor.py:161} INFO - Started process (PID=14014) to work on /home/bharat/airflow/dags/bharat3_dag.py
[2024-07-01T18:06:06.606+0530] {processor.py:830} INFO - Processing file /home/bharat/airflow/dags/bharat3_dag.py for tasks to queue
[2024-07-01T18:06:06.607+0530] {logging_mixin.py:188} INFO - [2024-07-01T18:06:06.607+0530] {dagbag.py:545} INFO - Filling up the DagBag from /home/bharat/airflow/dags/bharat3_dag.py
[2024-07-01T18:06:06.613+0530] {processor.py:840} INFO - DAG(s) 'bharat2_dag' retrieved from /home/bharat/airflow/dags/bharat3_dag.py
[2024-07-01T18:06:06.619+0530] {logging_mixin.py:188} INFO - [2024-07-01T18:06:06.619+0530] {dag.py:3096} INFO - Sync 1 DAGs
[2024-07-01T18:06:06.626+0530] {logging_mixin.py:188} INFO - [2024-07-01T18:06:06.626+0530] {dag.py:3954} INFO - Setting next_dagrun for bharat2_dag to 2024-06-30 00:00:00+00:00, run_after=2024-07-01 00:00:00+00:00
[2024-07-01T18:06:06.635+0530] {processor.py:183} INFO - Processing /home/bharat/airflow/dags/bharat3_dag.py took 0.033 seconds
[2024-07-01T18:06:58.649+0530] {processor.py:161} INFO - Started process (PID=14090) to work on /home/bharat/airflow/dags/bharat3_dag.py
[2024-07-01T18:06:58.650+0530] {processor.py:830} INFO - Processing file /home/bharat/airflow/dags/bharat3_dag.py for tasks to queue
[2024-07-01T18:06:58.651+0530] {logging_mixin.py:188} INFO - [2024-07-01T18:06:58.651+0530] {dagbag.py:545} INFO - Filling up the DagBag from /home/bharat/airflow/dags/bharat3_dag.py
[2024-07-01T18:06:58.655+0530] {processor.py:840} INFO - DAG(s) 'bharat2_dag' retrieved from /home/bharat/airflow/dags/bharat3_dag.py
[2024-07-01T18:06:58.661+0530] {logging_mixin.py:188} INFO - [2024-07-01T18:06:58.661+0530] {dag.py:3096} INFO - Sync 1 DAGs
[2024-07-01T18:06:58.668+0530] {logging_mixin.py:188} INFO - [2024-07-01T18:06:58.668+0530] {dag.py:3954} INFO - Setting next_dagrun for bharat2_dag to 2024-06-30 00:00:00+00:00, run_after=2024-07-01 00:00:00+00:00
[2024-07-01T18:06:58.678+0530] {processor.py:183} INFO - Processing /home/bharat/airflow/dags/bharat3_dag.py took 0.036 seconds
[2024-07-01T18:07:47.782+0530] {processor.py:161} INFO - Started process (PID=14161) to work on /home/bharat/airflow/dags/bharat3_dag.py
[2024-07-01T18:07:47.783+0530] {processor.py:830} INFO - Processing file /home/bharat/airflow/dags/bharat3_dag.py for tasks to queue
[2024-07-01T18:07:47.786+0530] {logging_mixin.py:188} INFO - [2024-07-01T18:07:47.785+0530] {dagbag.py:545} INFO - Filling up the DagBag from /home/bharat/airflow/dags/bharat3_dag.py
[2024-07-01T18:07:47.792+0530] {processor.py:840} INFO - DAG(s) 'bharat2_dag' retrieved from /home/bharat/airflow/dags/bharat3_dag.py
[2024-07-01T18:07:47.799+0530] {logging_mixin.py:188} INFO - [2024-07-01T18:07:47.799+0530] {dag.py:3096} INFO - Sync 1 DAGs
[2024-07-01T18:07:47.806+0530] {logging_mixin.py:188} INFO - [2024-07-01T18:07:47.806+0530] {dag.py:3954} INFO - Setting next_dagrun for bharat2_dag to 2024-06-30 00:00:00+00:00, run_after=2024-07-01 00:00:00+00:00
[2024-07-01T18:07:47.816+0530] {processor.py:183} INFO - Processing /home/bharat/airflow/dags/bharat3_dag.py took 0.043 seconds
[2024-07-01T18:08:38.279+0530] {processor.py:161} INFO - Started process (PID=14260) to work on /home/bharat/airflow/dags/bharat3_dag.py
[2024-07-01T18:08:38.280+0530] {processor.py:830} INFO - Processing file /home/bharat/airflow/dags/bharat3_dag.py for tasks to queue
[2024-07-01T18:08:38.281+0530] {logging_mixin.py:188} INFO - [2024-07-01T18:08:38.280+0530] {dagbag.py:545} INFO - Filling up the DagBag from /home/bharat/airflow/dags/bharat3_dag.py
[2024-07-01T18:08:38.286+0530] {processor.py:840} INFO - DAG(s) 'bharat2_dag' retrieved from /home/bharat/airflow/dags/bharat3_dag.py
[2024-07-01T18:08:38.293+0530] {logging_mixin.py:188} INFO - [2024-07-01T18:08:38.293+0530] {dag.py:3096} INFO - Sync 1 DAGs
[2024-07-01T18:08:38.300+0530] {logging_mixin.py:188} INFO - [2024-07-01T18:08:38.300+0530] {dag.py:3954} INFO - Setting next_dagrun for bharat2_dag to 2024-06-30 00:00:00+00:00, run_after=2024-07-01 00:00:00+00:00
[2024-07-01T18:08:38.309+0530] {processor.py:183} INFO - Processing /home/bharat/airflow/dags/bharat3_dag.py took 0.036 seconds
[2024-07-01T18:09:32.006+0530] {processor.py:161} INFO - Started process (PID=14423) to work on /home/bharat/airflow/dags/bharat3_dag.py
[2024-07-01T18:09:32.007+0530] {processor.py:830} INFO - Processing file /home/bharat/airflow/dags/bharat3_dag.py for tasks to queue
[2024-07-01T18:09:32.008+0530] {logging_mixin.py:188} INFO - [2024-07-01T18:09:32.007+0530] {dagbag.py:545} INFO - Filling up the DagBag from /home/bharat/airflow/dags/bharat3_dag.py
[2024-07-01T18:09:32.013+0530] {processor.py:840} INFO - DAG(s) 'bharat2_dag' retrieved from /home/bharat/airflow/dags/bharat3_dag.py
[2024-07-01T18:09:32.020+0530] {logging_mixin.py:188} INFO - [2024-07-01T18:09:32.020+0530] {dag.py:3096} INFO - Sync 1 DAGs
[2024-07-01T18:09:32.028+0530] {logging_mixin.py:188} INFO - [2024-07-01T18:09:32.028+0530] {dag.py:3954} INFO - Setting next_dagrun for bharat2_dag to 2024-06-30 00:00:00+00:00, run_after=2024-07-01 00:00:00+00:00
[2024-07-01T18:09:32.040+0530] {processor.py:183} INFO - Processing /home/bharat/airflow/dags/bharat3_dag.py took 0.039 seconds
[2024-07-01T18:10:24.594+0530] {processor.py:161} INFO - Started process (PID=14506) to work on /home/bharat/airflow/dags/bharat3_dag.py
[2024-07-01T18:10:24.594+0530] {processor.py:830} INFO - Processing file /home/bharat/airflow/dags/bharat3_dag.py for tasks to queue
[2024-07-01T18:10:24.596+0530] {logging_mixin.py:188} INFO - [2024-07-01T18:10:24.595+0530] {dagbag.py:545} INFO - Filling up the DagBag from /home/bharat/airflow/dags/bharat3_dag.py
[2024-07-01T18:10:24.599+0530] {processor.py:840} INFO - DAG(s) 'bharat2_dag' retrieved from /home/bharat/airflow/dags/bharat3_dag.py
[2024-07-01T18:10:24.605+0530] {logging_mixin.py:188} INFO - [2024-07-01T18:10:24.605+0530] {dag.py:3096} INFO - Sync 1 DAGs
[2024-07-01T18:10:24.613+0530] {logging_mixin.py:188} INFO - [2024-07-01T18:10:24.613+0530] {dag.py:3954} INFO - Setting next_dagrun for bharat2_dag to 2024-06-30 00:00:00+00:00, run_after=2024-07-01 00:00:00+00:00
[2024-07-01T18:10:24.622+0530] {processor.py:183} INFO - Processing /home/bharat/airflow/dags/bharat3_dag.py took 0.035 seconds
[2024-07-01T18:11:16.054+0530] {processor.py:161} INFO - Started process (PID=14619) to work on /home/bharat/airflow/dags/bharat3_dag.py
[2024-07-01T18:11:16.055+0530] {processor.py:830} INFO - Processing file /home/bharat/airflow/dags/bharat3_dag.py for tasks to queue
[2024-07-01T18:11:16.056+0530] {logging_mixin.py:188} INFO - [2024-07-01T18:11:16.056+0530] {dagbag.py:545} INFO - Filling up the DagBag from /home/bharat/airflow/dags/bharat3_dag.py
[2024-07-01T18:11:16.059+0530] {processor.py:840} INFO - DAG(s) 'bharat2_dag' retrieved from /home/bharat/airflow/dags/bharat3_dag.py
[2024-07-01T18:11:16.065+0530] {logging_mixin.py:188} INFO - [2024-07-01T18:11:16.065+0530] {dag.py:3096} INFO - Sync 1 DAGs
[2024-07-01T18:11:16.073+0530] {logging_mixin.py:188} INFO - [2024-07-01T18:11:16.073+0530] {dag.py:3954} INFO - Setting next_dagrun for bharat2_dag to 2024-06-30 00:00:00+00:00, run_after=2024-07-01 00:00:00+00:00
[2024-07-01T18:11:16.083+0530] {processor.py:183} INFO - Processing /home/bharat/airflow/dags/bharat3_dag.py took 0.035 seconds
[2024-07-01T18:12:09.596+0530] {processor.py:161} INFO - Started process (PID=14759) to work on /home/bharat/airflow/dags/bharat3_dag.py
[2024-07-01T18:12:09.597+0530] {processor.py:830} INFO - Processing file /home/bharat/airflow/dags/bharat3_dag.py for tasks to queue
[2024-07-01T18:12:09.598+0530] {logging_mixin.py:188} INFO - [2024-07-01T18:12:09.597+0530] {dagbag.py:545} INFO - Filling up the DagBag from /home/bharat/airflow/dags/bharat3_dag.py
[2024-07-01T18:12:09.600+0530] {processor.py:840} INFO - DAG(s) 'bharat2_dag' retrieved from /home/bharat/airflow/dags/bharat3_dag.py
[2024-07-01T18:12:09.606+0530] {logging_mixin.py:188} INFO - [2024-07-01T18:12:09.606+0530] {dag.py:3096} INFO - Sync 1 DAGs
[2024-07-01T18:12:09.615+0530] {logging_mixin.py:188} INFO - [2024-07-01T18:12:09.615+0530] {dag.py:3954} INFO - Setting next_dagrun for bharat2_dag to 2024-06-30 00:00:00+00:00, run_after=2024-07-01 00:00:00+00:00
[2024-07-01T18:12:09.627+0530] {processor.py:183} INFO - Processing /home/bharat/airflow/dags/bharat3_dag.py took 0.033 seconds
[2024-07-01T18:12:58.789+0530] {processor.py:161} INFO - Started process (PID=15131) to work on /home/bharat/airflow/dags/bharat3_dag.py
[2024-07-01T18:12:58.789+0530] {processor.py:830} INFO - Processing file /home/bharat/airflow/dags/bharat3_dag.py for tasks to queue
[2024-07-01T18:12:58.790+0530] {logging_mixin.py:188} INFO - [2024-07-01T18:12:58.790+0530] {dagbag.py:545} INFO - Filling up the DagBag from /home/bharat/airflow/dags/bharat3_dag.py
[2024-07-01T18:12:58.792+0530] {processor.py:840} INFO - DAG(s) 'bharat2_dag' retrieved from /home/bharat/airflow/dags/bharat3_dag.py
[2024-07-01T18:12:58.798+0530] {logging_mixin.py:188} INFO - [2024-07-01T18:12:58.798+0530] {dag.py:3096} INFO - Sync 1 DAGs
[2024-07-01T18:12:58.806+0530] {logging_mixin.py:188} INFO - [2024-07-01T18:12:58.805+0530] {dag.py:3954} INFO - Setting next_dagrun for bharat2_dag to 2024-06-30 00:00:00+00:00, run_after=2024-07-01 00:00:00+00:00
[2024-07-01T18:12:58.815+0530] {processor.py:183} INFO - Processing /home/bharat/airflow/dags/bharat3_dag.py took 0.036 seconds
