[2024-05-04T12:09:48.326+0530] {processor.py:161} INFO - Started process (PID=6972) to work on /usr/local/lib/python3.10/dist-packages/airflow/example_dags/plugins/event_listener.py
[2024-05-04T12:09:48.326+0530] {processor.py:830} INFO - Processing file /usr/local/lib/python3.10/dist-packages/airflow/example_dags/plugins/event_listener.py for tasks to queue
[2024-05-04T12:09:48.328+0530] {logging_mixin.py:188} INFO - [2024-05-04T12:09:48.328+0530] {dagbag.py:540} INFO - Filling up the DagBag from /usr/local/lib/python3.10/dist-packages/airflow/example_dags/plugins/event_listener.py
[2024-05-04T12:09:48.332+0530] {processor.py:842} WARNING - No viable dags retrieved from /usr/local/lib/python3.10/dist-packages/airflow/example_dags/plugins/event_listener.py
[2024-05-04T12:09:48.344+0530] {processor.py:183} INFO - Processing /usr/local/lib/python3.10/dist-packages/airflow/example_dags/plugins/event_listener.py took 0.024 seconds
[2024-05-04T12:10:43.794+0530] {processor.py:161} INFO - Started process (PID=7522) to work on /usr/local/lib/python3.10/dist-packages/airflow/example_dags/plugins/event_listener.py
[2024-05-04T12:10:43.795+0530] {processor.py:830} INFO - Processing file /usr/local/lib/python3.10/dist-packages/airflow/example_dags/plugins/event_listener.py for tasks to queue
[2024-05-04T12:10:43.796+0530] {logging_mixin.py:188} INFO - [2024-05-04T12:10:43.796+0530] {dagbag.py:540} INFO - Filling up the DagBag from /usr/local/lib/python3.10/dist-packages/airflow/example_dags/plugins/event_listener.py
[2024-05-04T12:10:43.798+0530] {processor.py:842} WARNING - No viable dags retrieved from /usr/local/lib/python3.10/dist-packages/airflow/example_dags/plugins/event_listener.py
[2024-05-04T12:10:43.805+0530] {processor.py:183} INFO - Processing /usr/local/lib/python3.10/dist-packages/airflow/example_dags/plugins/event_listener.py took 0.015 seconds
[2024-05-04T12:11:36.381+0530] {processor.py:161} INFO - Started process (PID=7727) to work on /usr/local/lib/python3.10/dist-packages/airflow/example_dags/plugins/event_listener.py
[2024-05-04T12:11:36.382+0530] {processor.py:830} INFO - Processing file /usr/local/lib/python3.10/dist-packages/airflow/example_dags/plugins/event_listener.py for tasks to queue
[2024-05-04T12:11:36.383+0530] {logging_mixin.py:188} INFO - [2024-05-04T12:11:36.382+0530] {dagbag.py:540} INFO - Filling up the DagBag from /usr/local/lib/python3.10/dist-packages/airflow/example_dags/plugins/event_listener.py
[2024-05-04T12:11:36.383+0530] {processor.py:842} WARNING - No viable dags retrieved from /usr/local/lib/python3.10/dist-packages/airflow/example_dags/plugins/event_listener.py
[2024-05-04T12:11:36.389+0530] {processor.py:183} INFO - Processing /usr/local/lib/python3.10/dist-packages/airflow/example_dags/plugins/event_listener.py took 0.010 seconds
[2024-05-04T12:12:47.667+0530] {processor.py:161} INFO - Started process (PID=8690) to work on /usr/local/lib/python3.10/dist-packages/airflow/example_dags/plugins/event_listener.py
[2024-05-04T12:12:47.667+0530] {processor.py:830} INFO - Processing file /usr/local/lib/python3.10/dist-packages/airflow/example_dags/plugins/event_listener.py for tasks to queue
[2024-05-04T12:12:47.668+0530] {logging_mixin.py:188} INFO - [2024-05-04T12:12:47.668+0530] {dagbag.py:540} INFO - Filling up the DagBag from /usr/local/lib/python3.10/dist-packages/airflow/example_dags/plugins/event_listener.py
[2024-05-04T12:12:47.669+0530] {processor.py:842} WARNING - No viable dags retrieved from /usr/local/lib/python3.10/dist-packages/airflow/example_dags/plugins/event_listener.py
[2024-05-04T12:12:47.673+0530] {processor.py:183} INFO - Processing /usr/local/lib/python3.10/dist-packages/airflow/example_dags/plugins/event_listener.py took 0.009 seconds
[2024-05-04T12:13:44.052+0530] {processor.py:161} INFO - Started process (PID=9047) to work on /usr/local/lib/python3.10/dist-packages/airflow/example_dags/plugins/event_listener.py
[2024-05-04T12:13:44.052+0530] {processor.py:830} INFO - Processing file /usr/local/lib/python3.10/dist-packages/airflow/example_dags/plugins/event_listener.py for tasks to queue
[2024-05-04T12:13:44.053+0530] {logging_mixin.py:188} INFO - [2024-05-04T12:13:44.053+0530] {dagbag.py:540} INFO - Filling up the DagBag from /usr/local/lib/python3.10/dist-packages/airflow/example_dags/plugins/event_listener.py
[2024-05-04T12:13:44.054+0530] {processor.py:842} WARNING - No viable dags retrieved from /usr/local/lib/python3.10/dist-packages/airflow/example_dags/plugins/event_listener.py
[2024-05-04T12:13:44.058+0530] {processor.py:183} INFO - Processing /usr/local/lib/python3.10/dist-packages/airflow/example_dags/plugins/event_listener.py took 0.010 seconds
[2024-05-04T12:14:35.514+0530] {processor.py:161} INFO - Started process (PID=9186) to work on /usr/local/lib/python3.10/dist-packages/airflow/example_dags/plugins/event_listener.py
[2024-05-04T12:14:35.514+0530] {processor.py:830} INFO - Processing file /usr/local/lib/python3.10/dist-packages/airflow/example_dags/plugins/event_listener.py for tasks to queue
[2024-05-04T12:14:35.516+0530] {logging_mixin.py:188} INFO - [2024-05-04T12:14:35.516+0530] {dagbag.py:540} INFO - Filling up the DagBag from /usr/local/lib/python3.10/dist-packages/airflow/example_dags/plugins/event_listener.py
[2024-05-04T12:14:35.519+0530] {processor.py:842} WARNING - No viable dags retrieved from /usr/local/lib/python3.10/dist-packages/airflow/example_dags/plugins/event_listener.py
[2024-05-04T12:14:35.525+0530] {processor.py:183} INFO - Processing /usr/local/lib/python3.10/dist-packages/airflow/example_dags/plugins/event_listener.py took 0.015 seconds
[2024-05-04T12:15:26.750+0530] {processor.py:161} INFO - Started process (PID=9387) to work on /usr/local/lib/python3.10/dist-packages/airflow/example_dags/plugins/event_listener.py
[2024-05-04T12:15:26.751+0530] {processor.py:830} INFO - Processing file /usr/local/lib/python3.10/dist-packages/airflow/example_dags/plugins/event_listener.py for tasks to queue
[2024-05-04T12:15:26.752+0530] {logging_mixin.py:188} INFO - [2024-05-04T12:15:26.752+0530] {dagbag.py:540} INFO - Filling up the DagBag from /usr/local/lib/python3.10/dist-packages/airflow/example_dags/plugins/event_listener.py
[2024-05-04T12:15:26.754+0530] {processor.py:842} WARNING - No viable dags retrieved from /usr/local/lib/python3.10/dist-packages/airflow/example_dags/plugins/event_listener.py
[2024-05-04T12:15:26.761+0530] {processor.py:183} INFO - Processing /usr/local/lib/python3.10/dist-packages/airflow/example_dags/plugins/event_listener.py took 0.013 seconds
[2024-05-04T12:16:16.156+0530] {processor.py:161} INFO - Started process (PID=9512) to work on /usr/local/lib/python3.10/dist-packages/airflow/example_dags/plugins/event_listener.py
[2024-05-04T12:16:16.157+0530] {processor.py:830} INFO - Processing file /usr/local/lib/python3.10/dist-packages/airflow/example_dags/plugins/event_listener.py for tasks to queue
[2024-05-04T12:16:16.158+0530] {logging_mixin.py:188} INFO - [2024-05-04T12:16:16.158+0530] {dagbag.py:540} INFO - Filling up the DagBag from /usr/local/lib/python3.10/dist-packages/airflow/example_dags/plugins/event_listener.py
[2024-05-04T12:16:16.159+0530] {processor.py:842} WARNING - No viable dags retrieved from /usr/local/lib/python3.10/dist-packages/airflow/example_dags/plugins/event_listener.py
[2024-05-04T12:16:16.164+0530] {processor.py:183} INFO - Processing /usr/local/lib/python3.10/dist-packages/airflow/example_dags/plugins/event_listener.py took 0.015 seconds
[2024-05-04T12:17:07.882+0530] {processor.py:161} INFO - Started process (PID=9776) to work on /usr/local/lib/python3.10/dist-packages/airflow/example_dags/plugins/event_listener.py
[2024-05-04T12:17:07.883+0530] {processor.py:830} INFO - Processing file /usr/local/lib/python3.10/dist-packages/airflow/example_dags/plugins/event_listener.py for tasks to queue
[2024-05-04T12:17:07.884+0530] {logging_mixin.py:188} INFO - [2024-05-04T12:17:07.883+0530] {dagbag.py:540} INFO - Filling up the DagBag from /usr/local/lib/python3.10/dist-packages/airflow/example_dags/plugins/event_listener.py
[2024-05-04T12:17:07.885+0530] {processor.py:842} WARNING - No viable dags retrieved from /usr/local/lib/python3.10/dist-packages/airflow/example_dags/plugins/event_listener.py
[2024-05-04T12:17:07.891+0530] {processor.py:183} INFO - Processing /usr/local/lib/python3.10/dist-packages/airflow/example_dags/plugins/event_listener.py took 0.012 seconds
[2024-05-04T12:18:07.470+0530] {processor.py:161} INFO - Started process (PID=10462) to work on /usr/local/lib/python3.10/dist-packages/airflow/example_dags/plugins/event_listener.py
[2024-05-04T12:18:07.471+0530] {processor.py:830} INFO - Processing file /usr/local/lib/python3.10/dist-packages/airflow/example_dags/plugins/event_listener.py for tasks to queue
[2024-05-04T12:18:07.472+0530] {logging_mixin.py:188} INFO - [2024-05-04T12:18:07.471+0530] {dagbag.py:540} INFO - Filling up the DagBag from /usr/local/lib/python3.10/dist-packages/airflow/example_dags/plugins/event_listener.py
[2024-05-04T12:18:07.473+0530] {processor.py:842} WARNING - No viable dags retrieved from /usr/local/lib/python3.10/dist-packages/airflow/example_dags/plugins/event_listener.py
[2024-05-04T12:18:07.477+0530] {processor.py:183} INFO - Processing /usr/local/lib/python3.10/dist-packages/airflow/example_dags/plugins/event_listener.py took 0.009 seconds
[2024-05-04T12:18:46.751+0530] {processor.py:161} INFO - Started process (PID=10834) to work on /usr/local/lib/python3.10/dist-packages/airflow/example_dags/plugins/event_listener.py
[2024-05-04T12:18:46.751+0530] {processor.py:830} INFO - Processing file /usr/local/lib/python3.10/dist-packages/airflow/example_dags/plugins/event_listener.py for tasks to queue
[2024-05-04T12:18:46.752+0530] {logging_mixin.py:188} INFO - [2024-05-04T12:18:46.752+0530] {dagbag.py:540} INFO - Filling up the DagBag from /usr/local/lib/python3.10/dist-packages/airflow/example_dags/plugins/event_listener.py
[2024-05-04T12:18:46.754+0530] {processor.py:842} WARNING - No viable dags retrieved from /usr/local/lib/python3.10/dist-packages/airflow/example_dags/plugins/event_listener.py
[2024-05-04T12:18:46.761+0530] {processor.py:183} INFO - Processing /usr/local/lib/python3.10/dist-packages/airflow/example_dags/plugins/event_listener.py took 0.015 seconds
[2024-05-04T12:19:40.066+0530] {processor.py:161} INFO - Started process (PID=10962) to work on /usr/local/lib/python3.10/dist-packages/airflow/example_dags/plugins/event_listener.py
[2024-05-04T12:19:40.067+0530] {processor.py:830} INFO - Processing file /usr/local/lib/python3.10/dist-packages/airflow/example_dags/plugins/event_listener.py for tasks to queue
[2024-05-04T12:19:40.067+0530] {logging_mixin.py:188} INFO - [2024-05-04T12:19:40.067+0530] {dagbag.py:540} INFO - Filling up the DagBag from /usr/local/lib/python3.10/dist-packages/airflow/example_dags/plugins/event_listener.py
[2024-05-04T12:19:40.068+0530] {processor.py:842} WARNING - No viable dags retrieved from /usr/local/lib/python3.10/dist-packages/airflow/example_dags/plugins/event_listener.py
[2024-05-04T12:19:40.073+0530] {processor.py:183} INFO - Processing /usr/local/lib/python3.10/dist-packages/airflow/example_dags/plugins/event_listener.py took 0.009 seconds
[2024-05-04T12:20:30.256+0530] {processor.py:161} INFO - Started process (PID=11112) to work on /usr/local/lib/python3.10/dist-packages/airflow/example_dags/plugins/event_listener.py
[2024-05-04T12:20:30.258+0530] {processor.py:830} INFO - Processing file /usr/local/lib/python3.10/dist-packages/airflow/example_dags/plugins/event_listener.py for tasks to queue
[2024-05-04T12:20:30.261+0530] {logging_mixin.py:188} INFO - [2024-05-04T12:20:30.261+0530] {dagbag.py:540} INFO - Filling up the DagBag from /usr/local/lib/python3.10/dist-packages/airflow/example_dags/plugins/event_listener.py
[2024-05-04T12:20:30.265+0530] {processor.py:842} WARNING - No viable dags retrieved from /usr/local/lib/python3.10/dist-packages/airflow/example_dags/plugins/event_listener.py
[2024-05-04T12:20:30.275+0530] {processor.py:183} INFO - Processing /usr/local/lib/python3.10/dist-packages/airflow/example_dags/plugins/event_listener.py took 0.026 seconds
[2024-05-04T12:21:23.980+0530] {processor.py:161} INFO - Started process (PID=11234) to work on /usr/local/lib/python3.10/dist-packages/airflow/example_dags/plugins/event_listener.py
[2024-05-04T12:21:23.981+0530] {processor.py:830} INFO - Processing file /usr/local/lib/python3.10/dist-packages/airflow/example_dags/plugins/event_listener.py for tasks to queue
[2024-05-04T12:21:23.982+0530] {logging_mixin.py:188} INFO - [2024-05-04T12:21:23.982+0530] {dagbag.py:540} INFO - Filling up the DagBag from /usr/local/lib/python3.10/dist-packages/airflow/example_dags/plugins/event_listener.py
[2024-05-04T12:21:23.984+0530] {processor.py:842} WARNING - No viable dags retrieved from /usr/local/lib/python3.10/dist-packages/airflow/example_dags/plugins/event_listener.py
[2024-05-04T12:21:23.991+0530] {processor.py:183} INFO - Processing /usr/local/lib/python3.10/dist-packages/airflow/example_dags/plugins/event_listener.py took 0.016 seconds
[2024-05-04T12:22:15.720+0530] {processor.py:161} INFO - Started process (PID=11353) to work on /usr/local/lib/python3.10/dist-packages/airflow/example_dags/plugins/event_listener.py
[2024-05-04T12:22:15.721+0530] {processor.py:830} INFO - Processing file /usr/local/lib/python3.10/dist-packages/airflow/example_dags/plugins/event_listener.py for tasks to queue
[2024-05-04T12:22:15.722+0530] {logging_mixin.py:188} INFO - [2024-05-04T12:22:15.722+0530] {dagbag.py:540} INFO - Filling up the DagBag from /usr/local/lib/python3.10/dist-packages/airflow/example_dags/plugins/event_listener.py
[2024-05-04T12:22:15.723+0530] {processor.py:842} WARNING - No viable dags retrieved from /usr/local/lib/python3.10/dist-packages/airflow/example_dags/plugins/event_listener.py
[2024-05-04T12:22:15.728+0530] {processor.py:183} INFO - Processing /usr/local/lib/python3.10/dist-packages/airflow/example_dags/plugins/event_listener.py took 0.014 seconds
[2024-05-04T12:23:07.382+0530] {processor.py:161} INFO - Started process (PID=11477) to work on /usr/local/lib/python3.10/dist-packages/airflow/example_dags/plugins/event_listener.py
[2024-05-04T12:23:07.383+0530] {processor.py:830} INFO - Processing file /usr/local/lib/python3.10/dist-packages/airflow/example_dags/plugins/event_listener.py for tasks to queue
[2024-05-04T12:23:07.384+0530] {logging_mixin.py:188} INFO - [2024-05-04T12:23:07.384+0530] {dagbag.py:540} INFO - Filling up the DagBag from /usr/local/lib/python3.10/dist-packages/airflow/example_dags/plugins/event_listener.py
[2024-05-04T12:23:07.386+0530] {processor.py:842} WARNING - No viable dags retrieved from /usr/local/lib/python3.10/dist-packages/airflow/example_dags/plugins/event_listener.py
[2024-05-04T12:23:07.393+0530] {processor.py:183} INFO - Processing /usr/local/lib/python3.10/dist-packages/airflow/example_dags/plugins/event_listener.py took 0.016 seconds
[2024-05-04T12:23:57.779+0530] {processor.py:161} INFO - Started process (PID=11606) to work on /usr/local/lib/python3.10/dist-packages/airflow/example_dags/plugins/event_listener.py
[2024-05-04T12:23:57.779+0530] {processor.py:830} INFO - Processing file /usr/local/lib/python3.10/dist-packages/airflow/example_dags/plugins/event_listener.py for tasks to queue
[2024-05-04T12:23:57.781+0530] {logging_mixin.py:188} INFO - [2024-05-04T12:23:57.780+0530] {dagbag.py:540} INFO - Filling up the DagBag from /usr/local/lib/python3.10/dist-packages/airflow/example_dags/plugins/event_listener.py
[2024-05-04T12:23:57.783+0530] {processor.py:842} WARNING - No viable dags retrieved from /usr/local/lib/python3.10/dist-packages/airflow/example_dags/plugins/event_listener.py
[2024-05-04T12:23:57.789+0530] {processor.py:183} INFO - Processing /usr/local/lib/python3.10/dist-packages/airflow/example_dags/plugins/event_listener.py took 0.015 seconds
[2024-05-04T12:24:48.128+0530] {processor.py:161} INFO - Started process (PID=11855) to work on /usr/local/lib/python3.10/dist-packages/airflow/example_dags/plugins/event_listener.py
[2024-05-04T12:24:48.129+0530] {processor.py:830} INFO - Processing file /usr/local/lib/python3.10/dist-packages/airflow/example_dags/plugins/event_listener.py for tasks to queue
[2024-05-04T12:24:48.130+0530] {logging_mixin.py:188} INFO - [2024-05-04T12:24:48.130+0530] {dagbag.py:540} INFO - Filling up the DagBag from /usr/local/lib/python3.10/dist-packages/airflow/example_dags/plugins/event_listener.py
[2024-05-04T12:24:48.132+0530] {processor.py:842} WARNING - No viable dags retrieved from /usr/local/lib/python3.10/dist-packages/airflow/example_dags/plugins/event_listener.py
[2024-05-04T12:24:48.136+0530] {processor.py:183} INFO - Processing /usr/local/lib/python3.10/dist-packages/airflow/example_dags/plugins/event_listener.py took 0.017 seconds
[2024-05-04T12:25:38.010+0530] {processor.py:161} INFO - Started process (PID=11986) to work on /usr/local/lib/python3.10/dist-packages/airflow/example_dags/plugins/event_listener.py
[2024-05-04T12:25:38.011+0530] {processor.py:830} INFO - Processing file /usr/local/lib/python3.10/dist-packages/airflow/example_dags/plugins/event_listener.py for tasks to queue
[2024-05-04T12:25:38.012+0530] {logging_mixin.py:188} INFO - [2024-05-04T12:25:38.011+0530] {dagbag.py:540} INFO - Filling up the DagBag from /usr/local/lib/python3.10/dist-packages/airflow/example_dags/plugins/event_listener.py
[2024-05-04T12:25:38.013+0530] {processor.py:842} WARNING - No viable dags retrieved from /usr/local/lib/python3.10/dist-packages/airflow/example_dags/plugins/event_listener.py
[2024-05-04T12:25:38.017+0530] {processor.py:183} INFO - Processing /usr/local/lib/python3.10/dist-packages/airflow/example_dags/plugins/event_listener.py took 0.013 seconds
[2024-05-04T12:26:27.170+0530] {processor.py:161} INFO - Started process (PID=12107) to work on /usr/local/lib/python3.10/dist-packages/airflow/example_dags/plugins/event_listener.py
[2024-05-04T12:26:27.170+0530] {processor.py:830} INFO - Processing file /usr/local/lib/python3.10/dist-packages/airflow/example_dags/plugins/event_listener.py for tasks to queue
[2024-05-04T12:26:27.172+0530] {logging_mixin.py:188} INFO - [2024-05-04T12:26:27.172+0530] {dagbag.py:540} INFO - Filling up the DagBag from /usr/local/lib/python3.10/dist-packages/airflow/example_dags/plugins/event_listener.py
[2024-05-04T12:26:27.174+0530] {processor.py:842} WARNING - No viable dags retrieved from /usr/local/lib/python3.10/dist-packages/airflow/example_dags/plugins/event_listener.py
[2024-05-04T12:26:27.181+0530] {processor.py:183} INFO - Processing /usr/local/lib/python3.10/dist-packages/airflow/example_dags/plugins/event_listener.py took 0.016 seconds
[2024-05-04T12:27:21.206+0530] {processor.py:161} INFO - Started process (PID=12237) to work on /usr/local/lib/python3.10/dist-packages/airflow/example_dags/plugins/event_listener.py
[2024-05-04T12:27:21.207+0530] {processor.py:830} INFO - Processing file /usr/local/lib/python3.10/dist-packages/airflow/example_dags/plugins/event_listener.py for tasks to queue
[2024-05-04T12:27:21.210+0530] {logging_mixin.py:188} INFO - [2024-05-04T12:27:21.209+0530] {dagbag.py:540} INFO - Filling up the DagBag from /usr/local/lib/python3.10/dist-packages/airflow/example_dags/plugins/event_listener.py
[2024-05-04T12:27:21.213+0530] {processor.py:842} WARNING - No viable dags retrieved from /usr/local/lib/python3.10/dist-packages/airflow/example_dags/plugins/event_listener.py
[2024-05-04T12:27:21.222+0530] {processor.py:183} INFO - Processing /usr/local/lib/python3.10/dist-packages/airflow/example_dags/plugins/event_listener.py took 0.026 seconds
[2024-05-04T12:28:10.528+0530] {processor.py:161} INFO - Started process (PID=12362) to work on /usr/local/lib/python3.10/dist-packages/airflow/example_dags/plugins/event_listener.py
[2024-05-04T12:28:10.529+0530] {processor.py:830} INFO - Processing file /usr/local/lib/python3.10/dist-packages/airflow/example_dags/plugins/event_listener.py for tasks to queue
[2024-05-04T12:28:10.530+0530] {logging_mixin.py:188} INFO - [2024-05-04T12:28:10.530+0530] {dagbag.py:540} INFO - Filling up the DagBag from /usr/local/lib/python3.10/dist-packages/airflow/example_dags/plugins/event_listener.py
[2024-05-04T12:28:10.531+0530] {processor.py:842} WARNING - No viable dags retrieved from /usr/local/lib/python3.10/dist-packages/airflow/example_dags/plugins/event_listener.py
[2024-05-04T12:28:10.534+0530] {processor.py:183} INFO - Processing /usr/local/lib/python3.10/dist-packages/airflow/example_dags/plugins/event_listener.py took 0.011 seconds
[2024-05-04T12:28:59.648+0530] {processor.py:161} INFO - Started process (PID=12481) to work on /usr/local/lib/python3.10/dist-packages/airflow/example_dags/plugins/event_listener.py
[2024-05-04T12:28:59.649+0530] {processor.py:830} INFO - Processing file /usr/local/lib/python3.10/dist-packages/airflow/example_dags/plugins/event_listener.py for tasks to queue
[2024-05-04T12:28:59.649+0530] {logging_mixin.py:188} INFO - [2024-05-04T12:28:59.649+0530] {dagbag.py:540} INFO - Filling up the DagBag from /usr/local/lib/python3.10/dist-packages/airflow/example_dags/plugins/event_listener.py
[2024-05-04T12:28:59.650+0530] {processor.py:842} WARNING - No viable dags retrieved from /usr/local/lib/python3.10/dist-packages/airflow/example_dags/plugins/event_listener.py
[2024-05-04T12:28:59.654+0530] {processor.py:183} INFO - Processing /usr/local/lib/python3.10/dist-packages/airflow/example_dags/plugins/event_listener.py took 0.010 seconds
[2024-05-04T12:29:46.950+0530] {processor.py:161} INFO - Started process (PID=12623) to work on /usr/local/lib/python3.10/dist-packages/airflow/example_dags/plugins/event_listener.py
[2024-05-04T12:29:46.950+0530] {processor.py:830} INFO - Processing file /usr/local/lib/python3.10/dist-packages/airflow/example_dags/plugins/event_listener.py for tasks to queue
[2024-05-04T12:29:46.952+0530] {logging_mixin.py:188} INFO - [2024-05-04T12:29:46.951+0530] {dagbag.py:540} INFO - Filling up the DagBag from /usr/local/lib/python3.10/dist-packages/airflow/example_dags/plugins/event_listener.py
[2024-05-04T12:29:46.954+0530] {processor.py:842} WARNING - No viable dags retrieved from /usr/local/lib/python3.10/dist-packages/airflow/example_dags/plugins/event_listener.py
[2024-05-04T12:29:46.960+0530] {processor.py:183} INFO - Processing /usr/local/lib/python3.10/dist-packages/airflow/example_dags/plugins/event_listener.py took 0.015 seconds
[2024-05-04T12:30:35.837+0530] {processor.py:161} INFO - Started process (PID=12752) to work on /usr/local/lib/python3.10/dist-packages/airflow/example_dags/plugins/event_listener.py
[2024-05-04T12:30:35.838+0530] {processor.py:830} INFO - Processing file /usr/local/lib/python3.10/dist-packages/airflow/example_dags/plugins/event_listener.py for tasks to queue
[2024-05-04T12:30:35.839+0530] {logging_mixin.py:188} INFO - [2024-05-04T12:30:35.838+0530] {dagbag.py:540} INFO - Filling up the DagBag from /usr/local/lib/python3.10/dist-packages/airflow/example_dags/plugins/event_listener.py
[2024-05-04T12:30:35.839+0530] {processor.py:842} WARNING - No viable dags retrieved from /usr/local/lib/python3.10/dist-packages/airflow/example_dags/plugins/event_listener.py
[2024-05-04T12:30:35.843+0530] {processor.py:183} INFO - Processing /usr/local/lib/python3.10/dist-packages/airflow/example_dags/plugins/event_listener.py took 0.012 seconds
[2024-05-04T12:31:28.374+0530] {processor.py:161} INFO - Started process (PID=12904) to work on /usr/local/lib/python3.10/dist-packages/airflow/example_dags/plugins/event_listener.py
[2024-05-04T12:31:28.374+0530] {processor.py:830} INFO - Processing file /usr/local/lib/python3.10/dist-packages/airflow/example_dags/plugins/event_listener.py for tasks to queue
[2024-05-04T12:31:28.375+0530] {logging_mixin.py:188} INFO - [2024-05-04T12:31:28.375+0530] {dagbag.py:540} INFO - Filling up the DagBag from /usr/local/lib/python3.10/dist-packages/airflow/example_dags/plugins/event_listener.py
[2024-05-04T12:31:28.376+0530] {processor.py:842} WARNING - No viable dags retrieved from /usr/local/lib/python3.10/dist-packages/airflow/example_dags/plugins/event_listener.py
[2024-05-04T12:31:28.380+0530] {processor.py:183} INFO - Processing /usr/local/lib/python3.10/dist-packages/airflow/example_dags/plugins/event_listener.py took 0.010 seconds
[2024-05-04T12:32:19.072+0530] {processor.py:161} INFO - Started process (PID=13031) to work on /usr/local/lib/python3.10/dist-packages/airflow/example_dags/plugins/event_listener.py
[2024-05-04T12:32:19.073+0530] {processor.py:830} INFO - Processing file /usr/local/lib/python3.10/dist-packages/airflow/example_dags/plugins/event_listener.py for tasks to queue
[2024-05-04T12:32:19.074+0530] {logging_mixin.py:188} INFO - [2024-05-04T12:32:19.074+0530] {dagbag.py:540} INFO - Filling up the DagBag from /usr/local/lib/python3.10/dist-packages/airflow/example_dags/plugins/event_listener.py
[2024-05-04T12:32:19.076+0530] {processor.py:842} WARNING - No viable dags retrieved from /usr/local/lib/python3.10/dist-packages/airflow/example_dags/plugins/event_listener.py
[2024-05-04T12:32:19.081+0530] {processor.py:183} INFO - Processing /usr/local/lib/python3.10/dist-packages/airflow/example_dags/plugins/event_listener.py took 0.017 seconds
[2024-05-04T12:33:09.756+0530] {processor.py:161} INFO - Started process (PID=13176) to work on /usr/local/lib/python3.10/dist-packages/airflow/example_dags/plugins/event_listener.py
[2024-05-04T12:33:09.757+0530] {processor.py:830} INFO - Processing file /usr/local/lib/python3.10/dist-packages/airflow/example_dags/plugins/event_listener.py for tasks to queue
[2024-05-04T12:33:09.758+0530] {logging_mixin.py:188} INFO - [2024-05-04T12:33:09.758+0530] {dagbag.py:540} INFO - Filling up the DagBag from /usr/local/lib/python3.10/dist-packages/airflow/example_dags/plugins/event_listener.py
[2024-05-04T12:33:09.759+0530] {processor.py:842} WARNING - No viable dags retrieved from /usr/local/lib/python3.10/dist-packages/airflow/example_dags/plugins/event_listener.py
[2024-05-04T12:33:09.764+0530] {processor.py:183} INFO - Processing /usr/local/lib/python3.10/dist-packages/airflow/example_dags/plugins/event_listener.py took 0.015 seconds
[2024-05-04T12:34:02.485+0530] {processor.py:161} INFO - Started process (PID=13347) to work on /usr/local/lib/python3.10/dist-packages/airflow/example_dags/plugins/event_listener.py
[2024-05-04T12:34:02.486+0530] {processor.py:830} INFO - Processing file /usr/local/lib/python3.10/dist-packages/airflow/example_dags/plugins/event_listener.py for tasks to queue
[2024-05-04T12:34:02.487+0530] {logging_mixin.py:188} INFO - [2024-05-04T12:34:02.487+0530] {dagbag.py:540} INFO - Filling up the DagBag from /usr/local/lib/python3.10/dist-packages/airflow/example_dags/plugins/event_listener.py
[2024-05-04T12:34:02.489+0530] {processor.py:842} WARNING - No viable dags retrieved from /usr/local/lib/python3.10/dist-packages/airflow/example_dags/plugins/event_listener.py
[2024-05-04T12:34:02.496+0530] {processor.py:183} INFO - Processing /usr/local/lib/python3.10/dist-packages/airflow/example_dags/plugins/event_listener.py took 0.016 seconds
[2024-05-04T12:34:55.576+0530] {processor.py:161} INFO - Started process (PID=13540) to work on /usr/local/lib/python3.10/dist-packages/airflow/example_dags/plugins/event_listener.py
[2024-05-04T12:34:55.577+0530] {processor.py:830} INFO - Processing file /usr/local/lib/python3.10/dist-packages/airflow/example_dags/plugins/event_listener.py for tasks to queue
[2024-05-04T12:34:55.578+0530] {logging_mixin.py:188} INFO - [2024-05-04T12:34:55.578+0530] {dagbag.py:540} INFO - Filling up the DagBag from /usr/local/lib/python3.10/dist-packages/airflow/example_dags/plugins/event_listener.py
[2024-05-04T12:34:55.579+0530] {processor.py:842} WARNING - No viable dags retrieved from /usr/local/lib/python3.10/dist-packages/airflow/example_dags/plugins/event_listener.py
[2024-05-04T12:34:55.584+0530] {processor.py:183} INFO - Processing /usr/local/lib/python3.10/dist-packages/airflow/example_dags/plugins/event_listener.py took 0.013 seconds
[2024-05-04T12:35:46.726+0530] {processor.py:161} INFO - Started process (PID=13663) to work on /usr/local/lib/python3.10/dist-packages/airflow/example_dags/plugins/event_listener.py
[2024-05-04T12:35:46.727+0530] {processor.py:830} INFO - Processing file /usr/local/lib/python3.10/dist-packages/airflow/example_dags/plugins/event_listener.py for tasks to queue
[2024-05-04T12:35:46.727+0530] {logging_mixin.py:188} INFO - [2024-05-04T12:35:46.727+0530] {dagbag.py:540} INFO - Filling up the DagBag from /usr/local/lib/python3.10/dist-packages/airflow/example_dags/plugins/event_listener.py
[2024-05-04T12:35:46.728+0530] {processor.py:842} WARNING - No viable dags retrieved from /usr/local/lib/python3.10/dist-packages/airflow/example_dags/plugins/event_listener.py
[2024-05-04T12:35:46.732+0530] {processor.py:183} INFO - Processing /usr/local/lib/python3.10/dist-packages/airflow/example_dags/plugins/event_listener.py took 0.013 seconds
[2024-05-04T12:36:34.128+0530] {processor.py:161} INFO - Started process (PID=13776) to work on /usr/local/lib/python3.10/dist-packages/airflow/example_dags/plugins/event_listener.py
[2024-05-04T12:36:34.129+0530] {processor.py:830} INFO - Processing file /usr/local/lib/python3.10/dist-packages/airflow/example_dags/plugins/event_listener.py for tasks to queue
[2024-05-04T12:36:34.130+0530] {logging_mixin.py:188} INFO - [2024-05-04T12:36:34.130+0530] {dagbag.py:540} INFO - Filling up the DagBag from /usr/local/lib/python3.10/dist-packages/airflow/example_dags/plugins/event_listener.py
[2024-05-04T12:36:34.131+0530] {processor.py:842} WARNING - No viable dags retrieved from /usr/local/lib/python3.10/dist-packages/airflow/example_dags/plugins/event_listener.py
[2024-05-04T12:36:34.136+0530] {processor.py:183} INFO - Processing /usr/local/lib/python3.10/dist-packages/airflow/example_dags/plugins/event_listener.py took 0.013 seconds
[2024-05-04T12:37:26.661+0530] {processor.py:161} INFO - Started process (PID=13902) to work on /usr/local/lib/python3.10/dist-packages/airflow/example_dags/plugins/event_listener.py
[2024-05-04T12:37:26.662+0530] {processor.py:830} INFO - Processing file /usr/local/lib/python3.10/dist-packages/airflow/example_dags/plugins/event_listener.py for tasks to queue
[2024-05-04T12:37:26.663+0530] {logging_mixin.py:188} INFO - [2024-05-04T12:37:26.663+0530] {dagbag.py:540} INFO - Filling up the DagBag from /usr/local/lib/python3.10/dist-packages/airflow/example_dags/plugins/event_listener.py
[2024-05-04T12:37:26.665+0530] {processor.py:842} WARNING - No viable dags retrieved from /usr/local/lib/python3.10/dist-packages/airflow/example_dags/plugins/event_listener.py
[2024-05-04T12:37:26.672+0530] {processor.py:183} INFO - Processing /usr/local/lib/python3.10/dist-packages/airflow/example_dags/plugins/event_listener.py took 0.016 seconds
[2024-05-04T12:38:19.416+0530] {processor.py:161} INFO - Started process (PID=14033) to work on /usr/local/lib/python3.10/dist-packages/airflow/example_dags/plugins/event_listener.py
[2024-05-04T12:38:19.417+0530] {processor.py:830} INFO - Processing file /usr/local/lib/python3.10/dist-packages/airflow/example_dags/plugins/event_listener.py for tasks to queue
[2024-05-04T12:38:19.418+0530] {logging_mixin.py:188} INFO - [2024-05-04T12:38:19.418+0530] {dagbag.py:540} INFO - Filling up the DagBag from /usr/local/lib/python3.10/dist-packages/airflow/example_dags/plugins/event_listener.py
[2024-05-04T12:38:19.419+0530] {processor.py:842} WARNING - No viable dags retrieved from /usr/local/lib/python3.10/dist-packages/airflow/example_dags/plugins/event_listener.py
[2024-05-04T12:38:19.424+0530] {processor.py:183} INFO - Processing /usr/local/lib/python3.10/dist-packages/airflow/example_dags/plugins/event_listener.py took 0.014 seconds
[2024-05-04T12:39:12.737+0530] {processor.py:161} INFO - Started process (PID=14289) to work on /usr/local/lib/python3.10/dist-packages/airflow/example_dags/plugins/event_listener.py
[2024-05-04T12:39:12.738+0530] {processor.py:830} INFO - Processing file /usr/local/lib/python3.10/dist-packages/airflow/example_dags/plugins/event_listener.py for tasks to queue
[2024-05-04T12:39:12.738+0530] {logging_mixin.py:188} INFO - [2024-05-04T12:39:12.738+0530] {dagbag.py:540} INFO - Filling up the DagBag from /usr/local/lib/python3.10/dist-packages/airflow/example_dags/plugins/event_listener.py
[2024-05-04T12:39:12.739+0530] {processor.py:842} WARNING - No viable dags retrieved from /usr/local/lib/python3.10/dist-packages/airflow/example_dags/plugins/event_listener.py
[2024-05-04T12:39:12.743+0530] {processor.py:183} INFO - Processing /usr/local/lib/python3.10/dist-packages/airflow/example_dags/plugins/event_listener.py took 0.010 seconds
[2024-05-04T12:40:05.048+0530] {processor.py:161} INFO - Started process (PID=14493) to work on /usr/local/lib/python3.10/dist-packages/airflow/example_dags/plugins/event_listener.py
[2024-05-04T12:40:05.049+0530] {processor.py:830} INFO - Processing file /usr/local/lib/python3.10/dist-packages/airflow/example_dags/plugins/event_listener.py for tasks to queue
[2024-05-04T12:40:05.050+0530] {logging_mixin.py:188} INFO - [2024-05-04T12:40:05.050+0530] {dagbag.py:540} INFO - Filling up the DagBag from /usr/local/lib/python3.10/dist-packages/airflow/example_dags/plugins/event_listener.py
[2024-05-04T12:40:05.051+0530] {processor.py:842} WARNING - No viable dags retrieved from /usr/local/lib/python3.10/dist-packages/airflow/example_dags/plugins/event_listener.py
[2024-05-04T12:40:05.054+0530] {processor.py:183} INFO - Processing /usr/local/lib/python3.10/dist-packages/airflow/example_dags/plugins/event_listener.py took 0.010 seconds
[2024-05-04T12:40:55.124+0530] {processor.py:161} INFO - Started process (PID=14664) to work on /usr/local/lib/python3.10/dist-packages/airflow/example_dags/plugins/event_listener.py
[2024-05-04T12:40:55.125+0530] {processor.py:830} INFO - Processing file /usr/local/lib/python3.10/dist-packages/airflow/example_dags/plugins/event_listener.py for tasks to queue
[2024-05-04T12:40:55.126+0530] {logging_mixin.py:188} INFO - [2024-05-04T12:40:55.126+0530] {dagbag.py:540} INFO - Filling up the DagBag from /usr/local/lib/python3.10/dist-packages/airflow/example_dags/plugins/event_listener.py
[2024-05-04T12:40:55.127+0530] {processor.py:842} WARNING - No viable dags retrieved from /usr/local/lib/python3.10/dist-packages/airflow/example_dags/plugins/event_listener.py
[2024-05-04T12:40:55.132+0530] {processor.py:183} INFO - Processing /usr/local/lib/python3.10/dist-packages/airflow/example_dags/plugins/event_listener.py took 0.016 seconds
[2024-05-04T12:41:46.468+0530] {processor.py:161} INFO - Started process (PID=14834) to work on /usr/local/lib/python3.10/dist-packages/airflow/example_dags/plugins/event_listener.py
[2024-05-04T12:41:46.469+0530] {processor.py:830} INFO - Processing file /usr/local/lib/python3.10/dist-packages/airflow/example_dags/plugins/event_listener.py for tasks to queue
[2024-05-04T12:41:46.470+0530] {logging_mixin.py:188} INFO - [2024-05-04T12:41:46.470+0530] {dagbag.py:540} INFO - Filling up the DagBag from /usr/local/lib/python3.10/dist-packages/airflow/example_dags/plugins/event_listener.py
[2024-05-04T12:41:46.471+0530] {processor.py:842} WARNING - No viable dags retrieved from /usr/local/lib/python3.10/dist-packages/airflow/example_dags/plugins/event_listener.py
[2024-05-04T12:41:46.476+0530] {processor.py:183} INFO - Processing /usr/local/lib/python3.10/dist-packages/airflow/example_dags/plugins/event_listener.py took 0.016 seconds
[2024-05-04T12:42:34.645+0530] {processor.py:161} INFO - Started process (PID=14997) to work on /usr/local/lib/python3.10/dist-packages/airflow/example_dags/plugins/event_listener.py
[2024-05-04T12:42:34.646+0530] {processor.py:830} INFO - Processing file /usr/local/lib/python3.10/dist-packages/airflow/example_dags/plugins/event_listener.py for tasks to queue
[2024-05-04T12:42:34.647+0530] {logging_mixin.py:188} INFO - [2024-05-04T12:42:34.647+0530] {dagbag.py:540} INFO - Filling up the DagBag from /usr/local/lib/python3.10/dist-packages/airflow/example_dags/plugins/event_listener.py
[2024-05-04T12:42:34.648+0530] {processor.py:842} WARNING - No viable dags retrieved from /usr/local/lib/python3.10/dist-packages/airflow/example_dags/plugins/event_listener.py
[2024-05-04T12:42:34.652+0530] {processor.py:183} INFO - Processing /usr/local/lib/python3.10/dist-packages/airflow/example_dags/plugins/event_listener.py took 0.014 seconds
[2024-05-04T12:43:27.797+0530] {processor.py:161} INFO - Started process (PID=15171) to work on /usr/local/lib/python3.10/dist-packages/airflow/example_dags/plugins/event_listener.py
[2024-05-04T12:43:27.798+0530] {processor.py:830} INFO - Processing file /usr/local/lib/python3.10/dist-packages/airflow/example_dags/plugins/event_listener.py for tasks to queue
[2024-05-04T12:43:27.799+0530] {logging_mixin.py:188} INFO - [2024-05-04T12:43:27.799+0530] {dagbag.py:540} INFO - Filling up the DagBag from /usr/local/lib/python3.10/dist-packages/airflow/example_dags/plugins/event_listener.py
[2024-05-04T12:43:27.800+0530] {processor.py:842} WARNING - No viable dags retrieved from /usr/local/lib/python3.10/dist-packages/airflow/example_dags/plugins/event_listener.py
[2024-05-04T12:43:27.805+0530] {processor.py:183} INFO - Processing /usr/local/lib/python3.10/dist-packages/airflow/example_dags/plugins/event_listener.py took 0.016 seconds
[2024-05-04T12:44:18.445+0530] {processor.py:161} INFO - Started process (PID=15347) to work on /usr/local/lib/python3.10/dist-packages/airflow/example_dags/plugins/event_listener.py
[2024-05-04T12:44:18.445+0530] {processor.py:830} INFO - Processing file /usr/local/lib/python3.10/dist-packages/airflow/example_dags/plugins/event_listener.py for tasks to queue
[2024-05-04T12:44:18.446+0530] {logging_mixin.py:188} INFO - [2024-05-04T12:44:18.446+0530] {dagbag.py:540} INFO - Filling up the DagBag from /usr/local/lib/python3.10/dist-packages/airflow/example_dags/plugins/event_listener.py
[2024-05-04T12:44:18.447+0530] {processor.py:842} WARNING - No viable dags retrieved from /usr/local/lib/python3.10/dist-packages/airflow/example_dags/plugins/event_listener.py
[2024-05-04T12:44:18.451+0530] {processor.py:183} INFO - Processing /usr/local/lib/python3.10/dist-packages/airflow/example_dags/plugins/event_listener.py took 0.012 seconds
[2024-05-04T12:45:09.086+0530] {processor.py:161} INFO - Started process (PID=15536) to work on /usr/local/lib/python3.10/dist-packages/airflow/example_dags/plugins/event_listener.py
[2024-05-04T12:45:09.087+0530] {processor.py:830} INFO - Processing file /usr/local/lib/python3.10/dist-packages/airflow/example_dags/plugins/event_listener.py for tasks to queue
[2024-05-04T12:45:09.087+0530] {logging_mixin.py:188} INFO - [2024-05-04T12:45:09.087+0530] {dagbag.py:540} INFO - Filling up the DagBag from /usr/local/lib/python3.10/dist-packages/airflow/example_dags/plugins/event_listener.py
[2024-05-04T12:45:09.088+0530] {processor.py:842} WARNING - No viable dags retrieved from /usr/local/lib/python3.10/dist-packages/airflow/example_dags/plugins/event_listener.py
[2024-05-04T12:45:09.092+0530] {processor.py:183} INFO - Processing /usr/local/lib/python3.10/dist-packages/airflow/example_dags/plugins/event_listener.py took 0.008 seconds
[2024-05-04T12:45:57.861+0530] {processor.py:161} INFO - Started process (PID=15702) to work on /usr/local/lib/python3.10/dist-packages/airflow/example_dags/plugins/event_listener.py
[2024-05-04T12:45:57.862+0530] {processor.py:830} INFO - Processing file /usr/local/lib/python3.10/dist-packages/airflow/example_dags/plugins/event_listener.py for tasks to queue
[2024-05-04T12:45:57.863+0530] {logging_mixin.py:188} INFO - [2024-05-04T12:45:57.863+0530] {dagbag.py:540} INFO - Filling up the DagBag from /usr/local/lib/python3.10/dist-packages/airflow/example_dags/plugins/event_listener.py
[2024-05-04T12:45:57.864+0530] {processor.py:842} WARNING - No viable dags retrieved from /usr/local/lib/python3.10/dist-packages/airflow/example_dags/plugins/event_listener.py
[2024-05-04T12:45:57.868+0530] {processor.py:183} INFO - Processing /usr/local/lib/python3.10/dist-packages/airflow/example_dags/plugins/event_listener.py took 0.013 seconds
[2024-05-04T12:46:48.406+0530] {processor.py:161} INFO - Started process (PID=15935) to work on /usr/local/lib/python3.10/dist-packages/airflow/example_dags/plugins/event_listener.py
[2024-05-04T12:46:48.407+0530] {processor.py:830} INFO - Processing file /usr/local/lib/python3.10/dist-packages/airflow/example_dags/plugins/event_listener.py for tasks to queue
[2024-05-04T12:46:48.408+0530] {logging_mixin.py:188} INFO - [2024-05-04T12:46:48.408+0530] {dagbag.py:540} INFO - Filling up the DagBag from /usr/local/lib/python3.10/dist-packages/airflow/example_dags/plugins/event_listener.py
[2024-05-04T12:46:48.409+0530] {processor.py:842} WARNING - No viable dags retrieved from /usr/local/lib/python3.10/dist-packages/airflow/example_dags/plugins/event_listener.py
[2024-05-04T12:46:48.413+0530] {processor.py:183} INFO - Processing /usr/local/lib/python3.10/dist-packages/airflow/example_dags/plugins/event_listener.py took 0.013 seconds
[2024-05-04T12:47:42.344+0530] {processor.py:161} INFO - Started process (PID=16142) to work on /usr/local/lib/python3.10/dist-packages/airflow/example_dags/plugins/event_listener.py
[2024-05-04T12:47:42.345+0530] {processor.py:830} INFO - Processing file /usr/local/lib/python3.10/dist-packages/airflow/example_dags/plugins/event_listener.py for tasks to queue
[2024-05-04T12:47:42.346+0530] {logging_mixin.py:188} INFO - [2024-05-04T12:47:42.345+0530] {dagbag.py:540} INFO - Filling up the DagBag from /usr/local/lib/python3.10/dist-packages/airflow/example_dags/plugins/event_listener.py
[2024-05-04T12:47:42.346+0530] {processor.py:842} WARNING - No viable dags retrieved from /usr/local/lib/python3.10/dist-packages/airflow/example_dags/plugins/event_listener.py
[2024-05-04T12:47:42.350+0530] {processor.py:183} INFO - Processing /usr/local/lib/python3.10/dist-packages/airflow/example_dags/plugins/event_listener.py took 0.009 seconds
[2024-05-04T12:48:31.881+0530] {processor.py:161} INFO - Started process (PID=16308) to work on /usr/local/lib/python3.10/dist-packages/airflow/example_dags/plugins/event_listener.py
[2024-05-04T12:48:31.882+0530] {processor.py:830} INFO - Processing file /usr/local/lib/python3.10/dist-packages/airflow/example_dags/plugins/event_listener.py for tasks to queue
[2024-05-04T12:48:31.884+0530] {logging_mixin.py:188} INFO - [2024-05-04T12:48:31.884+0530] {dagbag.py:540} INFO - Filling up the DagBag from /usr/local/lib/python3.10/dist-packages/airflow/example_dags/plugins/event_listener.py
[2024-05-04T12:48:31.886+0530] {processor.py:842} WARNING - No viable dags retrieved from /usr/local/lib/python3.10/dist-packages/airflow/example_dags/plugins/event_listener.py
[2024-05-04T12:48:31.892+0530] {processor.py:183} INFO - Processing /usr/local/lib/python3.10/dist-packages/airflow/example_dags/plugins/event_listener.py took 0.016 seconds
[2024-05-04T12:49:23.741+0530] {processor.py:161} INFO - Started process (PID=16482) to work on /usr/local/lib/python3.10/dist-packages/airflow/example_dags/plugins/event_listener.py
[2024-05-04T12:49:23.742+0530] {processor.py:830} INFO - Processing file /usr/local/lib/python3.10/dist-packages/airflow/example_dags/plugins/event_listener.py for tasks to queue
[2024-05-04T12:49:23.742+0530] {logging_mixin.py:188} INFO - [2024-05-04T12:49:23.742+0530] {dagbag.py:540} INFO - Filling up the DagBag from /usr/local/lib/python3.10/dist-packages/airflow/example_dags/plugins/event_listener.py
[2024-05-04T12:49:23.743+0530] {processor.py:842} WARNING - No viable dags retrieved from /usr/local/lib/python3.10/dist-packages/airflow/example_dags/plugins/event_listener.py
[2024-05-04T12:49:23.747+0530] {processor.py:183} INFO - Processing /usr/local/lib/python3.10/dist-packages/airflow/example_dags/plugins/event_listener.py took 0.008 seconds
[2024-05-04T12:50:18.156+0530] {processor.py:161} INFO - Started process (PID=16762) to work on /usr/local/lib/python3.10/dist-packages/airflow/example_dags/plugins/event_listener.py
[2024-05-04T12:50:18.157+0530] {processor.py:830} INFO - Processing file /usr/local/lib/python3.10/dist-packages/airflow/example_dags/plugins/event_listener.py for tasks to queue
[2024-05-04T12:50:18.157+0530] {logging_mixin.py:188} INFO - [2024-05-04T12:50:18.157+0530] {dagbag.py:540} INFO - Filling up the DagBag from /usr/local/lib/python3.10/dist-packages/airflow/example_dags/plugins/event_listener.py
[2024-05-04T12:50:18.158+0530] {processor.py:842} WARNING - No viable dags retrieved from /usr/local/lib/python3.10/dist-packages/airflow/example_dags/plugins/event_listener.py
[2024-05-04T12:50:18.162+0530] {processor.py:183} INFO - Processing /usr/local/lib/python3.10/dist-packages/airflow/example_dags/plugins/event_listener.py took 0.010 seconds
[2024-05-04T12:51:07.412+0530] {processor.py:161} INFO - Started process (PID=16894) to work on /usr/local/lib/python3.10/dist-packages/airflow/example_dags/plugins/event_listener.py
[2024-05-04T12:51:07.413+0530] {processor.py:830} INFO - Processing file /usr/local/lib/python3.10/dist-packages/airflow/example_dags/plugins/event_listener.py for tasks to queue
[2024-05-04T12:51:07.414+0530] {logging_mixin.py:188} INFO - [2024-05-04T12:51:07.414+0530] {dagbag.py:540} INFO - Filling up the DagBag from /usr/local/lib/python3.10/dist-packages/airflow/example_dags/plugins/event_listener.py
[2024-05-04T12:51:07.416+0530] {processor.py:842} WARNING - No viable dags retrieved from /usr/local/lib/python3.10/dist-packages/airflow/example_dags/plugins/event_listener.py
[2024-05-04T12:51:07.420+0530] {processor.py:183} INFO - Processing /usr/local/lib/python3.10/dist-packages/airflow/example_dags/plugins/event_listener.py took 0.016 seconds
[2024-05-04T12:51:58.470+0530] {processor.py:161} INFO - Started process (PID=17027) to work on /usr/local/lib/python3.10/dist-packages/airflow/example_dags/plugins/event_listener.py
[2024-05-04T12:51:58.471+0530] {processor.py:830} INFO - Processing file /usr/local/lib/python3.10/dist-packages/airflow/example_dags/plugins/event_listener.py for tasks to queue
[2024-05-04T12:51:58.473+0530] {logging_mixin.py:188} INFO - [2024-05-04T12:51:58.472+0530] {dagbag.py:540} INFO - Filling up the DagBag from /usr/local/lib/python3.10/dist-packages/airflow/example_dags/plugins/event_listener.py
[2024-05-04T12:51:58.475+0530] {processor.py:842} WARNING - No viable dags retrieved from /usr/local/lib/python3.10/dist-packages/airflow/example_dags/plugins/event_listener.py
[2024-05-04T12:51:58.481+0530] {processor.py:183} INFO - Processing /usr/local/lib/python3.10/dist-packages/airflow/example_dags/plugins/event_listener.py took 0.015 seconds
[2024-05-04T12:52:49.042+0530] {processor.py:161} INFO - Started process (PID=17157) to work on /usr/local/lib/python3.10/dist-packages/airflow/example_dags/plugins/event_listener.py
[2024-05-04T12:52:49.043+0530] {processor.py:830} INFO - Processing file /usr/local/lib/python3.10/dist-packages/airflow/example_dags/plugins/event_listener.py for tasks to queue
[2024-05-04T12:52:49.044+0530] {logging_mixin.py:188} INFO - [2024-05-04T12:52:49.043+0530] {dagbag.py:540} INFO - Filling up the DagBag from /usr/local/lib/python3.10/dist-packages/airflow/example_dags/plugins/event_listener.py
[2024-05-04T12:52:49.046+0530] {processor.py:842} WARNING - No viable dags retrieved from /usr/local/lib/python3.10/dist-packages/airflow/example_dags/plugins/event_listener.py
[2024-05-04T12:52:49.052+0530] {processor.py:183} INFO - Processing /usr/local/lib/python3.10/dist-packages/airflow/example_dags/plugins/event_listener.py took 0.016 seconds
[2024-05-04T12:53:40.567+0530] {processor.py:161} INFO - Started process (PID=17313) to work on /usr/local/lib/python3.10/dist-packages/airflow/example_dags/plugins/event_listener.py
[2024-05-04T12:53:40.567+0530] {processor.py:830} INFO - Processing file /usr/local/lib/python3.10/dist-packages/airflow/example_dags/plugins/event_listener.py for tasks to queue
[2024-05-04T12:53:40.569+0530] {logging_mixin.py:188} INFO - [2024-05-04T12:53:40.568+0530] {dagbag.py:540} INFO - Filling up the DagBag from /usr/local/lib/python3.10/dist-packages/airflow/example_dags/plugins/event_listener.py
[2024-05-04T12:53:40.571+0530] {processor.py:842} WARNING - No viable dags retrieved from /usr/local/lib/python3.10/dist-packages/airflow/example_dags/plugins/event_listener.py
[2024-05-04T12:53:40.578+0530] {processor.py:183} INFO - Processing /usr/local/lib/python3.10/dist-packages/airflow/example_dags/plugins/event_listener.py took 0.016 seconds
[2024-05-04T12:54:30.889+0530] {processor.py:161} INFO - Started process (PID=17440) to work on /usr/local/lib/python3.10/dist-packages/airflow/example_dags/plugins/event_listener.py
[2024-05-04T12:54:30.889+0530] {processor.py:830} INFO - Processing file /usr/local/lib/python3.10/dist-packages/airflow/example_dags/plugins/event_listener.py for tasks to queue
[2024-05-04T12:54:30.890+0530] {logging_mixin.py:188} INFO - [2024-05-04T12:54:30.890+0530] {dagbag.py:540} INFO - Filling up the DagBag from /usr/local/lib/python3.10/dist-packages/airflow/example_dags/plugins/event_listener.py
[2024-05-04T12:54:30.891+0530] {processor.py:842} WARNING - No viable dags retrieved from /usr/local/lib/python3.10/dist-packages/airflow/example_dags/plugins/event_listener.py
[2024-05-04T12:54:30.894+0530] {processor.py:183} INFO - Processing /usr/local/lib/python3.10/dist-packages/airflow/example_dags/plugins/event_listener.py took 0.011 seconds
