[2024-05-04T12:09:49.459+0530] {processor.py:161} INFO - Started process (PID=6987) to work on /usr/local/lib/python3.10/dist-packages/airflow/example_dags/plugins/workday.py
[2024-05-04T12:09:49.460+0530] {processor.py:830} INFO - Processing file /usr/local/lib/python3.10/dist-packages/airflow/example_dags/plugins/workday.py for tasks to queue
[2024-05-04T12:09:49.460+0530] {logging_mixin.py:188} INFO - [2024-05-04T12:09:49.460+0530] {dagbag.py:540} INFO - Filling up the DagBag from /usr/local/lib/python3.10/dist-packages/airflow/example_dags/plugins/workday.py
[2024-05-04T12:09:49.866+0530] {processor.py:842} WARNING - No viable dags retrieved from /usr/local/lib/python3.10/dist-packages/airflow/example_dags/plugins/workday.py
[2024-05-04T12:09:49.870+0530] {processor.py:183} INFO - Processing /usr/local/lib/python3.10/dist-packages/airflow/example_dags/plugins/workday.py took 0.416 seconds
[2024-05-04T12:10:44.928+0530] {processor.py:161} INFO - Started process (PID=7523) to work on /usr/local/lib/python3.10/dist-packages/airflow/example_dags/plugins/workday.py
[2024-05-04T12:10:44.929+0530] {processor.py:830} INFO - Processing file /usr/local/lib/python3.10/dist-packages/airflow/example_dags/plugins/workday.py for tasks to queue
[2024-05-04T12:10:44.930+0530] {logging_mixin.py:188} INFO - [2024-05-04T12:10:44.930+0530] {dagbag.py:540} INFO - Filling up the DagBag from /usr/local/lib/python3.10/dist-packages/airflow/example_dags/plugins/workday.py
[2024-05-04T12:10:45.124+0530] {processor.py:842} WARNING - No viable dags retrieved from /usr/local/lib/python3.10/dist-packages/airflow/example_dags/plugins/workday.py
[2024-05-04T12:10:45.128+0530] {processor.py:183} INFO - Processing /usr/local/lib/python3.10/dist-packages/airflow/example_dags/plugins/workday.py took 0.208 seconds
[2024-05-04T12:11:37.981+0530] {processor.py:161} INFO - Started process (PID=7801) to work on /usr/local/lib/python3.10/dist-packages/airflow/example_dags/plugins/workday.py
[2024-05-04T12:11:37.981+0530] {processor.py:830} INFO - Processing file /usr/local/lib/python3.10/dist-packages/airflow/example_dags/plugins/workday.py for tasks to queue
[2024-05-04T12:11:37.982+0530] {logging_mixin.py:188} INFO - [2024-05-04T12:11:37.982+0530] {dagbag.py:540} INFO - Filling up the DagBag from /usr/local/lib/python3.10/dist-packages/airflow/example_dags/plugins/workday.py
[2024-05-04T12:11:38.175+0530] {processor.py:842} WARNING - No viable dags retrieved from /usr/local/lib/python3.10/dist-packages/airflow/example_dags/plugins/workday.py
[2024-05-04T12:11:38.178+0530] {processor.py:183} INFO - Processing /usr/local/lib/python3.10/dist-packages/airflow/example_dags/plugins/workday.py took 0.202 seconds
[2024-05-04T12:12:48.807+0530] {processor.py:161} INFO - Started process (PID=8705) to work on /usr/local/lib/python3.10/dist-packages/airflow/example_dags/plugins/workday.py
[2024-05-04T12:12:48.807+0530] {processor.py:830} INFO - Processing file /usr/local/lib/python3.10/dist-packages/airflow/example_dags/plugins/workday.py for tasks to queue
[2024-05-04T12:12:48.808+0530] {logging_mixin.py:188} INFO - [2024-05-04T12:12:48.808+0530] {dagbag.py:540} INFO - Filling up the DagBag from /usr/local/lib/python3.10/dist-packages/airflow/example_dags/plugins/workday.py
[2024-05-04T12:12:49.046+0530] {processor.py:842} WARNING - No viable dags retrieved from /usr/local/lib/python3.10/dist-packages/airflow/example_dags/plugins/workday.py
[2024-05-04T12:12:49.050+0530] {processor.py:183} INFO - Processing /usr/local/lib/python3.10/dist-packages/airflow/example_dags/plugins/workday.py took 0.246 seconds
[2024-05-04T12:13:45.209+0530] {processor.py:161} INFO - Started process (PID=9049) to work on /usr/local/lib/python3.10/dist-packages/airflow/example_dags/plugins/workday.py
[2024-05-04T12:13:45.209+0530] {processor.py:830} INFO - Processing file /usr/local/lib/python3.10/dist-packages/airflow/example_dags/plugins/workday.py for tasks to queue
[2024-05-04T12:13:45.210+0530] {logging_mixin.py:188} INFO - [2024-05-04T12:13:45.210+0530] {dagbag.py:540} INFO - Filling up the DagBag from /usr/local/lib/python3.10/dist-packages/airflow/example_dags/plugins/workday.py
[2024-05-04T12:13:45.409+0530] {processor.py:842} WARNING - No viable dags retrieved from /usr/local/lib/python3.10/dist-packages/airflow/example_dags/plugins/workday.py
[2024-05-04T12:13:45.412+0530] {processor.py:183} INFO - Processing /usr/local/lib/python3.10/dist-packages/airflow/example_dags/plugins/workday.py took 0.210 seconds
[2024-05-04T12:14:36.659+0530] {processor.py:161} INFO - Started process (PID=9188) to work on /usr/local/lib/python3.10/dist-packages/airflow/example_dags/plugins/workday.py
[2024-05-04T12:14:36.660+0530] {processor.py:830} INFO - Processing file /usr/local/lib/python3.10/dist-packages/airflow/example_dags/plugins/workday.py for tasks to queue
[2024-05-04T12:14:36.661+0530] {logging_mixin.py:188} INFO - [2024-05-04T12:14:36.660+0530] {dagbag.py:540} INFO - Filling up the DagBag from /usr/local/lib/python3.10/dist-packages/airflow/example_dags/plugins/workday.py
[2024-05-04T12:14:36.901+0530] {processor.py:842} WARNING - No viable dags retrieved from /usr/local/lib/python3.10/dist-packages/airflow/example_dags/plugins/workday.py
[2024-05-04T12:14:36.903+0530] {processor.py:183} INFO - Processing /usr/local/lib/python3.10/dist-packages/airflow/example_dags/plugins/workday.py took 0.246 seconds
[2024-05-04T12:15:27.897+0530] {processor.py:161} INFO - Started process (PID=9389) to work on /usr/local/lib/python3.10/dist-packages/airflow/example_dags/plugins/workday.py
[2024-05-04T12:15:27.897+0530] {processor.py:830} INFO - Processing file /usr/local/lib/python3.10/dist-packages/airflow/example_dags/plugins/workday.py for tasks to queue
[2024-05-04T12:15:27.899+0530] {logging_mixin.py:188} INFO - [2024-05-04T12:15:27.898+0530] {dagbag.py:540} INFO - Filling up the DagBag from /usr/local/lib/python3.10/dist-packages/airflow/example_dags/plugins/workday.py
[2024-05-04T12:15:28.095+0530] {processor.py:842} WARNING - No viable dags retrieved from /usr/local/lib/python3.10/dist-packages/airflow/example_dags/plugins/workday.py
[2024-05-04T12:15:28.099+0530] {processor.py:183} INFO - Processing /usr/local/lib/python3.10/dist-packages/airflow/example_dags/plugins/workday.py took 0.209 seconds
[2024-05-04T12:16:17.287+0530] {processor.py:161} INFO - Started process (PID=9513) to work on /usr/local/lib/python3.10/dist-packages/airflow/example_dags/plugins/workday.py
[2024-05-04T12:16:17.288+0530] {processor.py:830} INFO - Processing file /usr/local/lib/python3.10/dist-packages/airflow/example_dags/plugins/workday.py for tasks to queue
[2024-05-04T12:16:17.288+0530] {logging_mixin.py:188} INFO - [2024-05-04T12:16:17.288+0530] {dagbag.py:540} INFO - Filling up the DagBag from /usr/local/lib/python3.10/dist-packages/airflow/example_dags/plugins/workday.py
[2024-05-04T12:16:17.527+0530] {processor.py:842} WARNING - No viable dags retrieved from /usr/local/lib/python3.10/dist-packages/airflow/example_dags/plugins/workday.py
[2024-05-04T12:16:17.530+0530] {processor.py:183} INFO - Processing /usr/local/lib/python3.10/dist-packages/airflow/example_dags/plugins/workday.py took 0.248 seconds
[2024-05-04T12:17:09.011+0530] {processor.py:161} INFO - Started process (PID=9777) to work on /usr/local/lib/python3.10/dist-packages/airflow/example_dags/plugins/workday.py
[2024-05-04T12:17:09.012+0530] {processor.py:830} INFO - Processing file /usr/local/lib/python3.10/dist-packages/airflow/example_dags/plugins/workday.py for tasks to queue
[2024-05-04T12:17:09.013+0530] {logging_mixin.py:188} INFO - [2024-05-04T12:17:09.012+0530] {dagbag.py:540} INFO - Filling up the DagBag from /usr/local/lib/python3.10/dist-packages/airflow/example_dags/plugins/workday.py
[2024-05-04T12:17:09.266+0530] {processor.py:842} WARNING - No viable dags retrieved from /usr/local/lib/python3.10/dist-packages/airflow/example_dags/plugins/workday.py
[2024-05-04T12:17:09.269+0530] {processor.py:183} INFO - Processing /usr/local/lib/python3.10/dist-packages/airflow/example_dags/plugins/workday.py took 0.262 seconds
[2024-05-04T12:18:08.602+0530] {processor.py:161} INFO - Started process (PID=10472) to work on /usr/local/lib/python3.10/dist-packages/airflow/example_dags/plugins/workday.py
[2024-05-04T12:18:08.602+0530] {processor.py:830} INFO - Processing file /usr/local/lib/python3.10/dist-packages/airflow/example_dags/plugins/workday.py for tasks to queue
[2024-05-04T12:18:08.603+0530] {logging_mixin.py:188} INFO - [2024-05-04T12:18:08.603+0530] {dagbag.py:540} INFO - Filling up the DagBag from /usr/local/lib/python3.10/dist-packages/airflow/example_dags/plugins/workday.py
[2024-05-04T12:18:08.893+0530] {processor.py:842} WARNING - No viable dags retrieved from /usr/local/lib/python3.10/dist-packages/airflow/example_dags/plugins/workday.py
[2024-05-04T12:18:08.896+0530] {processor.py:183} INFO - Processing /usr/local/lib/python3.10/dist-packages/airflow/example_dags/plugins/workday.py took 0.297 seconds
[2024-05-04T12:19:07.558+0530] {processor.py:161} INFO - Started process (PID=10876) to work on /usr/local/lib/python3.10/dist-packages/airflow/example_dags/plugins/workday.py
[2024-05-04T12:19:07.559+0530] {processor.py:830} INFO - Processing file /usr/local/lib/python3.10/dist-packages/airflow/example_dags/plugins/workday.py for tasks to queue
[2024-05-04T12:19:07.562+0530] {logging_mixin.py:188} INFO - [2024-05-04T12:19:07.562+0530] {dagbag.py:540} INFO - Filling up the DagBag from /usr/local/lib/python3.10/dist-packages/airflow/example_dags/plugins/workday.py
[2024-05-04T12:19:07.808+0530] {processor.py:842} WARNING - No viable dags retrieved from /usr/local/lib/python3.10/dist-packages/airflow/example_dags/plugins/workday.py
[2024-05-04T12:19:07.810+0530] {processor.py:183} INFO - Processing /usr/local/lib/python3.10/dist-packages/airflow/example_dags/plugins/workday.py took 0.263 seconds
[2024-05-04T12:19:57.619+0530] {processor.py:161} INFO - Started process (PID=11030) to work on /usr/local/lib/python3.10/dist-packages/airflow/example_dags/plugins/workday.py
[2024-05-04T12:19:57.620+0530] {processor.py:830} INFO - Processing file /usr/local/lib/python3.10/dist-packages/airflow/example_dags/plugins/workday.py for tasks to queue
[2024-05-04T12:19:57.622+0530] {logging_mixin.py:188} INFO - [2024-05-04T12:19:57.621+0530] {dagbag.py:540} INFO - Filling up the DagBag from /usr/local/lib/python3.10/dist-packages/airflow/example_dags/plugins/workday.py
[2024-05-04T12:19:57.880+0530] {processor.py:842} WARNING - No viable dags retrieved from /usr/local/lib/python3.10/dist-packages/airflow/example_dags/plugins/workday.py
[2024-05-04T12:19:57.883+0530] {processor.py:183} INFO - Processing /usr/local/lib/python3.10/dist-packages/airflow/example_dags/plugins/workday.py took 0.268 seconds
[2024-05-04T12:20:49.604+0530] {processor.py:161} INFO - Started process (PID=11150) to work on /usr/local/lib/python3.10/dist-packages/airflow/example_dags/plugins/workday.py
[2024-05-04T12:20:49.605+0530] {processor.py:830} INFO - Processing file /usr/local/lib/python3.10/dist-packages/airflow/example_dags/plugins/workday.py for tasks to queue
[2024-05-04T12:20:49.606+0530] {logging_mixin.py:188} INFO - [2024-05-04T12:20:49.605+0530] {dagbag.py:540} INFO - Filling up the DagBag from /usr/local/lib/python3.10/dist-packages/airflow/example_dags/plugins/workday.py
[2024-05-04T12:20:49.848+0530] {processor.py:842} WARNING - No viable dags retrieved from /usr/local/lib/python3.10/dist-packages/airflow/example_dags/plugins/workday.py
[2024-05-04T12:20:49.851+0530] {processor.py:183} INFO - Processing /usr/local/lib/python3.10/dist-packages/airflow/example_dags/plugins/workday.py took 0.253 seconds
[2024-05-04T12:21:42.223+0530] {processor.py:161} INFO - Started process (PID=11270) to work on /usr/local/lib/python3.10/dist-packages/airflow/example_dags/plugins/workday.py
[2024-05-04T12:21:42.224+0530] {processor.py:830} INFO - Processing file /usr/local/lib/python3.10/dist-packages/airflow/example_dags/plugins/workday.py for tasks to queue
[2024-05-04T12:21:42.224+0530] {logging_mixin.py:188} INFO - [2024-05-04T12:21:42.224+0530] {dagbag.py:540} INFO - Filling up the DagBag from /usr/local/lib/python3.10/dist-packages/airflow/example_dags/plugins/workday.py
[2024-05-04T12:21:42.476+0530] {processor.py:842} WARNING - No viable dags retrieved from /usr/local/lib/python3.10/dist-packages/airflow/example_dags/plugins/workday.py
[2024-05-04T12:21:42.478+0530] {processor.py:183} INFO - Processing /usr/local/lib/python3.10/dist-packages/airflow/example_dags/plugins/workday.py took 0.259 seconds
[2024-05-04T12:22:33.400+0530] {processor.py:161} INFO - Started process (PID=11388) to work on /usr/local/lib/python3.10/dist-packages/airflow/example_dags/plugins/workday.py
[2024-05-04T12:22:33.401+0530] {processor.py:830} INFO - Processing file /usr/local/lib/python3.10/dist-packages/airflow/example_dags/plugins/workday.py for tasks to queue
[2024-05-04T12:22:33.402+0530] {logging_mixin.py:188} INFO - [2024-05-04T12:22:33.401+0530] {dagbag.py:540} INFO - Filling up the DagBag from /usr/local/lib/python3.10/dist-packages/airflow/example_dags/plugins/workday.py
[2024-05-04T12:22:33.651+0530] {processor.py:842} WARNING - No viable dags retrieved from /usr/local/lib/python3.10/dist-packages/airflow/example_dags/plugins/workday.py
[2024-05-04T12:22:33.654+0530] {processor.py:183} INFO - Processing /usr/local/lib/python3.10/dist-packages/airflow/example_dags/plugins/workday.py took 0.259 seconds
[2024-05-04T12:23:25.284+0530] {processor.py:161} INFO - Started process (PID=11518) to work on /usr/local/lib/python3.10/dist-packages/airflow/example_dags/plugins/workday.py
[2024-05-04T12:23:25.285+0530] {processor.py:830} INFO - Processing file /usr/local/lib/python3.10/dist-packages/airflow/example_dags/plugins/workday.py for tasks to queue
[2024-05-04T12:23:25.286+0530] {logging_mixin.py:188} INFO - [2024-05-04T12:23:25.286+0530] {dagbag.py:540} INFO - Filling up the DagBag from /usr/local/lib/python3.10/dist-packages/airflow/example_dags/plugins/workday.py
[2024-05-04T12:23:25.560+0530] {processor.py:842} WARNING - No viable dags retrieved from /usr/local/lib/python3.10/dist-packages/airflow/example_dags/plugins/workday.py
[2024-05-04T12:23:25.564+0530] {processor.py:183} INFO - Processing /usr/local/lib/python3.10/dist-packages/airflow/example_dags/plugins/workday.py took 0.287 seconds
[2024-05-04T12:24:14.855+0530] {processor.py:161} INFO - Started process (PID=11673) to work on /usr/local/lib/python3.10/dist-packages/airflow/example_dags/plugins/workday.py
[2024-05-04T12:24:14.856+0530] {processor.py:830} INFO - Processing file /usr/local/lib/python3.10/dist-packages/airflow/example_dags/plugins/workday.py for tasks to queue
[2024-05-04T12:24:14.857+0530] {logging_mixin.py:188} INFO - [2024-05-04T12:24:14.857+0530] {dagbag.py:540} INFO - Filling up the DagBag from /usr/local/lib/python3.10/dist-packages/airflow/example_dags/plugins/workday.py
[2024-05-04T12:24:15.175+0530] {processor.py:842} WARNING - No viable dags retrieved from /usr/local/lib/python3.10/dist-packages/airflow/example_dags/plugins/workday.py
[2024-05-04T12:24:15.178+0530] {processor.py:183} INFO - Processing /usr/local/lib/python3.10/dist-packages/airflow/example_dags/plugins/workday.py took 0.327 seconds
[2024-05-04T12:25:04.686+0530] {processor.py:161} INFO - Started process (PID=11896) to work on /usr/local/lib/python3.10/dist-packages/airflow/example_dags/plugins/workday.py
[2024-05-04T12:25:04.687+0530] {processor.py:830} INFO - Processing file /usr/local/lib/python3.10/dist-packages/airflow/example_dags/plugins/workday.py for tasks to queue
[2024-05-04T12:25:04.688+0530] {logging_mixin.py:188} INFO - [2024-05-04T12:25:04.688+0530] {dagbag.py:540} INFO - Filling up the DagBag from /usr/local/lib/python3.10/dist-packages/airflow/example_dags/plugins/workday.py
[2024-05-04T12:25:04.933+0530] {processor.py:842} WARNING - No viable dags retrieved from /usr/local/lib/python3.10/dist-packages/airflow/example_dags/plugins/workday.py
[2024-05-04T12:25:04.935+0530] {processor.py:183} INFO - Processing /usr/local/lib/python3.10/dist-packages/airflow/example_dags/plugins/workday.py took 0.255 seconds
[2024-05-04T12:25:54.987+0530] {processor.py:161} INFO - Started process (PID=12024) to work on /usr/local/lib/python3.10/dist-packages/airflow/example_dags/plugins/workday.py
[2024-05-04T12:25:54.987+0530] {processor.py:830} INFO - Processing file /usr/local/lib/python3.10/dist-packages/airflow/example_dags/plugins/workday.py for tasks to queue
[2024-05-04T12:25:54.989+0530] {logging_mixin.py:188} INFO - [2024-05-04T12:25:54.989+0530] {dagbag.py:540} INFO - Filling up the DagBag from /usr/local/lib/python3.10/dist-packages/airflow/example_dags/plugins/workday.py
[2024-05-04T12:25:55.232+0530] {processor.py:842} WARNING - No viable dags retrieved from /usr/local/lib/python3.10/dist-packages/airflow/example_dags/plugins/workday.py
[2024-05-04T12:25:55.235+0530] {processor.py:183} INFO - Processing /usr/local/lib/python3.10/dist-packages/airflow/example_dags/plugins/workday.py took 0.253 seconds
[2024-05-04T12:26:46.704+0530] {processor.py:161} INFO - Started process (PID=12148) to work on /usr/local/lib/python3.10/dist-packages/airflow/example_dags/plugins/workday.py
[2024-05-04T12:26:46.704+0530] {processor.py:830} INFO - Processing file /usr/local/lib/python3.10/dist-packages/airflow/example_dags/plugins/workday.py for tasks to queue
[2024-05-04T12:26:46.706+0530] {logging_mixin.py:188} INFO - [2024-05-04T12:26:46.705+0530] {dagbag.py:540} INFO - Filling up the DagBag from /usr/local/lib/python3.10/dist-packages/airflow/example_dags/plugins/workday.py
[2024-05-04T12:26:46.950+0530] {processor.py:842} WARNING - No viable dags retrieved from /usr/local/lib/python3.10/dist-packages/airflow/example_dags/plugins/workday.py
[2024-05-04T12:26:46.953+0530] {processor.py:183} INFO - Processing /usr/local/lib/python3.10/dist-packages/airflow/example_dags/plugins/workday.py took 0.254 seconds
[2024-05-04T12:27:38.298+0530] {processor.py:161} INFO - Started process (PID=12272) to work on /usr/local/lib/python3.10/dist-packages/airflow/example_dags/plugins/workday.py
[2024-05-04T12:27:38.299+0530] {processor.py:830} INFO - Processing file /usr/local/lib/python3.10/dist-packages/airflow/example_dags/plugins/workday.py for tasks to queue
[2024-05-04T12:27:38.299+0530] {logging_mixin.py:188} INFO - [2024-05-04T12:27:38.299+0530] {dagbag.py:540} INFO - Filling up the DagBag from /usr/local/lib/python3.10/dist-packages/airflow/example_dags/plugins/workday.py
[2024-05-04T12:27:38.549+0530] {processor.py:842} WARNING - No viable dags retrieved from /usr/local/lib/python3.10/dist-packages/airflow/example_dags/plugins/workday.py
[2024-05-04T12:27:38.551+0530] {processor.py:183} INFO - Processing /usr/local/lib/python3.10/dist-packages/airflow/example_dags/plugins/workday.py took 0.258 seconds
[2024-05-04T12:28:26.957+0530] {processor.py:161} INFO - Started process (PID=12395) to work on /usr/local/lib/python3.10/dist-packages/airflow/example_dags/plugins/workday.py
[2024-05-04T12:28:26.958+0530] {processor.py:830} INFO - Processing file /usr/local/lib/python3.10/dist-packages/airflow/example_dags/plugins/workday.py for tasks to queue
[2024-05-04T12:28:26.958+0530] {logging_mixin.py:188} INFO - [2024-05-04T12:28:26.958+0530] {dagbag.py:540} INFO - Filling up the DagBag from /usr/local/lib/python3.10/dist-packages/airflow/example_dags/plugins/workday.py
[2024-05-04T12:28:27.197+0530] {processor.py:842} WARNING - No viable dags retrieved from /usr/local/lib/python3.10/dist-packages/airflow/example_dags/plugins/workday.py
[2024-05-04T12:28:27.200+0530] {processor.py:183} INFO - Processing /usr/local/lib/python3.10/dist-packages/airflow/example_dags/plugins/workday.py took 0.245 seconds
[2024-05-04T12:29:15.762+0530] {processor.py:161} INFO - Started process (PID=12512) to work on /usr/local/lib/python3.10/dist-packages/airflow/example_dags/plugins/workday.py
[2024-05-04T12:29:15.762+0530] {processor.py:830} INFO - Processing file /usr/local/lib/python3.10/dist-packages/airflow/example_dags/plugins/workday.py for tasks to queue
[2024-05-04T12:29:15.763+0530] {logging_mixin.py:188} INFO - [2024-05-04T12:29:15.763+0530] {dagbag.py:540} INFO - Filling up the DagBag from /usr/local/lib/python3.10/dist-packages/airflow/example_dags/plugins/workday.py
[2024-05-04T12:29:16.003+0530] {processor.py:842} WARNING - No viable dags retrieved from /usr/local/lib/python3.10/dist-packages/airflow/example_dags/plugins/workday.py
[2024-05-04T12:29:16.006+0530] {processor.py:183} INFO - Processing /usr/local/lib/python3.10/dist-packages/airflow/example_dags/plugins/workday.py took 0.248 seconds
[2024-05-04T12:30:03.809+0530] {processor.py:161} INFO - Started process (PID=12666) to work on /usr/local/lib/python3.10/dist-packages/airflow/example_dags/plugins/workday.py
[2024-05-04T12:30:03.809+0530] {processor.py:830} INFO - Processing file /usr/local/lib/python3.10/dist-packages/airflow/example_dags/plugins/workday.py for tasks to queue
[2024-05-04T12:30:03.810+0530] {logging_mixin.py:188} INFO - [2024-05-04T12:30:03.810+0530] {dagbag.py:540} INFO - Filling up the DagBag from /usr/local/lib/python3.10/dist-packages/airflow/example_dags/plugins/workday.py
[2024-05-04T12:30:04.048+0530] {processor.py:842} WARNING - No viable dags retrieved from /usr/local/lib/python3.10/dist-packages/airflow/example_dags/plugins/workday.py
[2024-05-04T12:30:04.051+0530] {processor.py:183} INFO - Processing /usr/local/lib/python3.10/dist-packages/airflow/example_dags/plugins/workday.py took 0.247 seconds
[2024-05-04T12:30:54.104+0530] {processor.py:161} INFO - Started process (PID=12817) to work on /usr/local/lib/python3.10/dist-packages/airflow/example_dags/plugins/workday.py
[2024-05-04T12:30:54.105+0530] {processor.py:830} INFO - Processing file /usr/local/lib/python3.10/dist-packages/airflow/example_dags/plugins/workday.py for tasks to queue
[2024-05-04T12:30:54.106+0530] {logging_mixin.py:188} INFO - [2024-05-04T12:30:54.106+0530] {dagbag.py:540} INFO - Filling up the DagBag from /usr/local/lib/python3.10/dist-packages/airflow/example_dags/plugins/workday.py
[2024-05-04T12:30:54.345+0530] {processor.py:842} WARNING - No viable dags retrieved from /usr/local/lib/python3.10/dist-packages/airflow/example_dags/plugins/workday.py
[2024-05-04T12:30:54.347+0530] {processor.py:183} INFO - Processing /usr/local/lib/python3.10/dist-packages/airflow/example_dags/plugins/workday.py took 0.249 seconds
[2024-05-04T12:31:46.336+0530] {processor.py:161} INFO - Started process (PID=12941) to work on /usr/local/lib/python3.10/dist-packages/airflow/example_dags/plugins/workday.py
[2024-05-04T12:31:46.337+0530] {processor.py:830} INFO - Processing file /usr/local/lib/python3.10/dist-packages/airflow/example_dags/plugins/workday.py for tasks to queue
[2024-05-04T12:31:46.338+0530] {logging_mixin.py:188} INFO - [2024-05-04T12:31:46.338+0530] {dagbag.py:540} INFO - Filling up the DagBag from /usr/local/lib/python3.10/dist-packages/airflow/example_dags/plugins/workday.py
[2024-05-04T12:31:46.578+0530] {processor.py:842} WARNING - No viable dags retrieved from /usr/local/lib/python3.10/dist-packages/airflow/example_dags/plugins/workday.py
[2024-05-04T12:31:46.581+0530] {processor.py:183} INFO - Processing /usr/local/lib/python3.10/dist-packages/airflow/example_dags/plugins/workday.py took 0.253 seconds
[2024-05-04T12:32:36.732+0530] {processor.py:161} INFO - Started process (PID=13070) to work on /usr/local/lib/python3.10/dist-packages/airflow/example_dags/plugins/workday.py
[2024-05-04T12:32:36.733+0530] {processor.py:830} INFO - Processing file /usr/local/lib/python3.10/dist-packages/airflow/example_dags/plugins/workday.py for tasks to queue
[2024-05-04T12:32:36.734+0530] {logging_mixin.py:188} INFO - [2024-05-04T12:32:36.734+0530] {dagbag.py:540} INFO - Filling up the DagBag from /usr/local/lib/python3.10/dist-packages/airflow/example_dags/plugins/workday.py
[2024-05-04T12:32:36.974+0530] {processor.py:842} WARNING - No viable dags retrieved from /usr/local/lib/python3.10/dist-packages/airflow/example_dags/plugins/workday.py
[2024-05-04T12:32:36.976+0530] {processor.py:183} INFO - Processing /usr/local/lib/python3.10/dist-packages/airflow/example_dags/plugins/workday.py took 0.251 seconds
[2024-05-04T12:33:28.192+0530] {processor.py:161} INFO - Started process (PID=13235) to work on /usr/local/lib/python3.10/dist-packages/airflow/example_dags/plugins/workday.py
[2024-05-04T12:33:28.193+0530] {processor.py:830} INFO - Processing file /usr/local/lib/python3.10/dist-packages/airflow/example_dags/plugins/workday.py for tasks to queue
[2024-05-04T12:33:28.194+0530] {logging_mixin.py:188} INFO - [2024-05-04T12:33:28.193+0530] {dagbag.py:540} INFO - Filling up the DagBag from /usr/local/lib/python3.10/dist-packages/airflow/example_dags/plugins/workday.py
[2024-05-04T12:33:28.438+0530] {processor.py:842} WARNING - No viable dags retrieved from /usr/local/lib/python3.10/dist-packages/airflow/example_dags/plugins/workday.py
[2024-05-04T12:33:28.440+0530] {processor.py:183} INFO - Processing /usr/local/lib/python3.10/dist-packages/airflow/example_dags/plugins/workday.py took 0.253 seconds
[2024-05-04T12:34:21.356+0530] {processor.py:161} INFO - Started process (PID=13392) to work on /usr/local/lib/python3.10/dist-packages/airflow/example_dags/plugins/workday.py
[2024-05-04T12:34:21.357+0530] {processor.py:830} INFO - Processing file /usr/local/lib/python3.10/dist-packages/airflow/example_dags/plugins/workday.py for tasks to queue
[2024-05-04T12:34:21.358+0530] {logging_mixin.py:188} INFO - [2024-05-04T12:34:21.358+0530] {dagbag.py:540} INFO - Filling up the DagBag from /usr/local/lib/python3.10/dist-packages/airflow/example_dags/plugins/workday.py
[2024-05-04T12:34:21.624+0530] {processor.py:842} WARNING - No viable dags retrieved from /usr/local/lib/python3.10/dist-packages/airflow/example_dags/plugins/workday.py
[2024-05-04T12:34:21.628+0530] {processor.py:183} INFO - Processing /usr/local/lib/python3.10/dist-packages/airflow/example_dags/plugins/workday.py took 0.277 seconds
[2024-05-04T12:35:12.817+0530] {processor.py:161} INFO - Started process (PID=13580) to work on /usr/local/lib/python3.10/dist-packages/airflow/example_dags/plugins/workday.py
[2024-05-04T12:35:12.817+0530] {processor.py:830} INFO - Processing file /usr/local/lib/python3.10/dist-packages/airflow/example_dags/plugins/workday.py for tasks to queue
[2024-05-04T12:35:12.818+0530] {logging_mixin.py:188} INFO - [2024-05-04T12:35:12.818+0530] {dagbag.py:540} INFO - Filling up the DagBag from /usr/local/lib/python3.10/dist-packages/airflow/example_dags/plugins/workday.py
[2024-05-04T12:35:13.059+0530] {processor.py:842} WARNING - No viable dags retrieved from /usr/local/lib/python3.10/dist-packages/airflow/example_dags/plugins/workday.py
[2024-05-04T12:35:13.062+0530] {processor.py:183} INFO - Processing /usr/local/lib/python3.10/dist-packages/airflow/example_dags/plugins/workday.py took 0.249 seconds
[2024-05-04T12:36:03.044+0530] {processor.py:161} INFO - Started process (PID=13698) to work on /usr/local/lib/python3.10/dist-packages/airflow/example_dags/plugins/workday.py
[2024-05-04T12:36:03.045+0530] {processor.py:830} INFO - Processing file /usr/local/lib/python3.10/dist-packages/airflow/example_dags/plugins/workday.py for tasks to queue
[2024-05-04T12:36:03.046+0530] {logging_mixin.py:188} INFO - [2024-05-04T12:36:03.046+0530] {dagbag.py:540} INFO - Filling up the DagBag from /usr/local/lib/python3.10/dist-packages/airflow/example_dags/plugins/workday.py
[2024-05-04T12:36:03.289+0530] {processor.py:842} WARNING - No viable dags retrieved from /usr/local/lib/python3.10/dist-packages/airflow/example_dags/plugins/workday.py
[2024-05-04T12:36:03.292+0530] {processor.py:183} INFO - Processing /usr/local/lib/python3.10/dist-packages/airflow/example_dags/plugins/workday.py took 0.253 seconds
[2024-05-04T12:36:52.260+0530] {processor.py:161} INFO - Started process (PID=13815) to work on /usr/local/lib/python3.10/dist-packages/airflow/example_dags/plugins/workday.py
[2024-05-04T12:36:52.260+0530] {processor.py:830} INFO - Processing file /usr/local/lib/python3.10/dist-packages/airflow/example_dags/plugins/workday.py for tasks to queue
[2024-05-04T12:36:52.261+0530] {logging_mixin.py:188} INFO - [2024-05-04T12:36:52.261+0530] {dagbag.py:540} INFO - Filling up the DagBag from /usr/local/lib/python3.10/dist-packages/airflow/example_dags/plugins/workday.py
[2024-05-04T12:36:52.503+0530] {processor.py:842} WARNING - No viable dags retrieved from /usr/local/lib/python3.10/dist-packages/airflow/example_dags/plugins/workday.py
[2024-05-04T12:36:52.506+0530] {processor.py:183} INFO - Processing /usr/local/lib/python3.10/dist-packages/airflow/example_dags/plugins/workday.py took 0.251 seconds
[2024-05-04T12:37:45.739+0530] {processor.py:161} INFO - Started process (PID=13943) to work on /usr/local/lib/python3.10/dist-packages/airflow/example_dags/plugins/workday.py
[2024-05-04T12:37:45.740+0530] {processor.py:830} INFO - Processing file /usr/local/lib/python3.10/dist-packages/airflow/example_dags/plugins/workday.py for tasks to queue
[2024-05-04T12:37:45.742+0530] {logging_mixin.py:188} INFO - [2024-05-04T12:37:45.741+0530] {dagbag.py:540} INFO - Filling up the DagBag from /usr/local/lib/python3.10/dist-packages/airflow/example_dags/plugins/workday.py
[2024-05-04T12:37:45.992+0530] {processor.py:842} WARNING - No viable dags retrieved from /usr/local/lib/python3.10/dist-packages/airflow/example_dags/plugins/workday.py
[2024-05-04T12:37:45.995+0530] {processor.py:183} INFO - Processing /usr/local/lib/python3.10/dist-packages/airflow/example_dags/plugins/workday.py took 0.266 seconds
[2024-05-04T12:38:37.823+0530] {processor.py:161} INFO - Started process (PID=14069) to work on /usr/local/lib/python3.10/dist-packages/airflow/example_dags/plugins/workday.py
[2024-05-04T12:38:37.823+0530] {processor.py:830} INFO - Processing file /usr/local/lib/python3.10/dist-packages/airflow/example_dags/plugins/workday.py for tasks to queue
[2024-05-04T12:38:37.825+0530] {logging_mixin.py:188} INFO - [2024-05-04T12:38:37.825+0530] {dagbag.py:540} INFO - Filling up the DagBag from /usr/local/lib/python3.10/dist-packages/airflow/example_dags/plugins/workday.py
[2024-05-04T12:38:38.071+0530] {processor.py:842} WARNING - No viable dags retrieved from /usr/local/lib/python3.10/dist-packages/airflow/example_dags/plugins/workday.py
[2024-05-04T12:38:38.074+0530] {processor.py:183} INFO - Processing /usr/local/lib/python3.10/dist-packages/airflow/example_dags/plugins/workday.py took 0.256 seconds
[2024-05-04T12:39:32.750+0530] {processor.py:161} INFO - Started process (PID=14347) to work on /usr/local/lib/python3.10/dist-packages/airflow/example_dags/plugins/workday.py
[2024-05-04T12:39:32.751+0530] {processor.py:830} INFO - Processing file /usr/local/lib/python3.10/dist-packages/airflow/example_dags/plugins/workday.py for tasks to queue
[2024-05-04T12:39:32.753+0530] {logging_mixin.py:188} INFO - [2024-05-04T12:39:32.752+0530] {dagbag.py:540} INFO - Filling up the DagBag from /usr/local/lib/python3.10/dist-packages/airflow/example_dags/plugins/workday.py
[2024-05-04T12:39:32.998+0530] {processor.py:842} WARNING - No viable dags retrieved from /usr/local/lib/python3.10/dist-packages/airflow/example_dags/plugins/workday.py
[2024-05-04T12:39:33.000+0530] {processor.py:183} INFO - Processing /usr/local/lib/python3.10/dist-packages/airflow/example_dags/plugins/workday.py took 0.255 seconds
[2024-05-04T12:40:20.624+0530] {processor.py:161} INFO - Started process (PID=14547) to work on /usr/local/lib/python3.10/dist-packages/airflow/example_dags/plugins/workday.py
[2024-05-04T12:40:20.625+0530] {processor.py:830} INFO - Processing file /usr/local/lib/python3.10/dist-packages/airflow/example_dags/plugins/workday.py for tasks to queue
[2024-05-04T12:40:20.626+0530] {logging_mixin.py:188} INFO - [2024-05-04T12:40:20.626+0530] {dagbag.py:540} INFO - Filling up the DagBag from /usr/local/lib/python3.10/dist-packages/airflow/example_dags/plugins/workday.py
[2024-05-04T12:40:20.864+0530] {processor.py:842} WARNING - No viable dags retrieved from /usr/local/lib/python3.10/dist-packages/airflow/example_dags/plugins/workday.py
[2024-05-04T12:40:20.867+0530] {processor.py:183} INFO - Processing /usr/local/lib/python3.10/dist-packages/airflow/example_dags/plugins/workday.py took 0.250 seconds
[2024-05-04T12:41:13.976+0530] {processor.py:161} INFO - Started process (PID=14727) to work on /usr/local/lib/python3.10/dist-packages/airflow/example_dags/plugins/workday.py
[2024-05-04T12:41:13.977+0530] {processor.py:830} INFO - Processing file /usr/local/lib/python3.10/dist-packages/airflow/example_dags/plugins/workday.py for tasks to queue
[2024-05-04T12:41:13.978+0530] {logging_mixin.py:188} INFO - [2024-05-04T12:41:13.978+0530] {dagbag.py:540} INFO - Filling up the DagBag from /usr/local/lib/python3.10/dist-packages/airflow/example_dags/plugins/workday.py
[2024-05-04T12:41:14.214+0530] {processor.py:842} WARNING - No viable dags retrieved from /usr/local/lib/python3.10/dist-packages/airflow/example_dags/plugins/workday.py
[2024-05-04T12:41:14.217+0530] {processor.py:183} INFO - Processing /usr/local/lib/python3.10/dist-packages/airflow/example_dags/plugins/workday.py took 0.246 seconds
[2024-05-04T12:42:03.028+0530] {processor.py:161} INFO - Started process (PID=14888) to work on /usr/local/lib/python3.10/dist-packages/airflow/example_dags/plugins/workday.py
[2024-05-04T12:42:03.029+0530] {processor.py:830} INFO - Processing file /usr/local/lib/python3.10/dist-packages/airflow/example_dags/plugins/workday.py for tasks to queue
[2024-05-04T12:42:03.030+0530] {logging_mixin.py:188} INFO - [2024-05-04T12:42:03.030+0530] {dagbag.py:540} INFO - Filling up the DagBag from /usr/local/lib/python3.10/dist-packages/airflow/example_dags/plugins/workday.py
[2024-05-04T12:42:03.319+0530] {processor.py:842} WARNING - No viable dags retrieved from /usr/local/lib/python3.10/dist-packages/airflow/example_dags/plugins/workday.py
[2024-05-04T12:42:03.322+0530] {processor.py:183} INFO - Processing /usr/local/lib/python3.10/dist-packages/airflow/example_dags/plugins/workday.py took 0.300 seconds
[2024-05-04T12:42:54.675+0530] {processor.py:161} INFO - Started process (PID=15055) to work on /usr/local/lib/python3.10/dist-packages/airflow/example_dags/plugins/workday.py
[2024-05-04T12:42:54.676+0530] {processor.py:830} INFO - Processing file /usr/local/lib/python3.10/dist-packages/airflow/example_dags/plugins/workday.py for tasks to queue
[2024-05-04T12:42:54.677+0530] {logging_mixin.py:188} INFO - [2024-05-04T12:42:54.677+0530] {dagbag.py:540} INFO - Filling up the DagBag from /usr/local/lib/python3.10/dist-packages/airflow/example_dags/plugins/workday.py
[2024-05-04T12:42:54.919+0530] {processor.py:842} WARNING - No viable dags retrieved from /usr/local/lib/python3.10/dist-packages/airflow/example_dags/plugins/workday.py
[2024-05-04T12:42:54.921+0530] {processor.py:183} INFO - Processing /usr/local/lib/python3.10/dist-packages/airflow/example_dags/plugins/workday.py took 0.251 seconds
[2024-05-04T12:43:45.572+0530] {processor.py:161} INFO - Started process (PID=15226) to work on /usr/local/lib/python3.10/dist-packages/airflow/example_dags/plugins/workday.py
[2024-05-04T12:43:45.572+0530] {processor.py:830} INFO - Processing file /usr/local/lib/python3.10/dist-packages/airflow/example_dags/plugins/workday.py for tasks to queue
[2024-05-04T12:43:45.573+0530] {logging_mixin.py:188} INFO - [2024-05-04T12:43:45.573+0530] {dagbag.py:540} INFO - Filling up the DagBag from /usr/local/lib/python3.10/dist-packages/airflow/example_dags/plugins/workday.py
[2024-05-04T12:43:45.810+0530] {processor.py:842} WARNING - No viable dags retrieved from /usr/local/lib/python3.10/dist-packages/airflow/example_dags/plugins/workday.py
[2024-05-04T12:43:45.812+0530] {processor.py:183} INFO - Processing /usr/local/lib/python3.10/dist-packages/airflow/example_dags/plugins/workday.py took 0.246 seconds
[2024-05-04T12:44:36.728+0530] {processor.py:161} INFO - Started process (PID=15400) to work on /usr/local/lib/python3.10/dist-packages/airflow/example_dags/plugins/workday.py
[2024-05-04T12:44:36.729+0530] {processor.py:830} INFO - Processing file /usr/local/lib/python3.10/dist-packages/airflow/example_dags/plugins/workday.py for tasks to queue
[2024-05-04T12:44:36.730+0530] {logging_mixin.py:188} INFO - [2024-05-04T12:44:36.730+0530] {dagbag.py:540} INFO - Filling up the DagBag from /usr/local/lib/python3.10/dist-packages/airflow/example_dags/plugins/workday.py
[2024-05-04T12:44:36.973+0530] {processor.py:842} WARNING - No viable dags retrieved from /usr/local/lib/python3.10/dist-packages/airflow/example_dags/plugins/workday.py
[2024-05-04T12:44:36.976+0530] {processor.py:183} INFO - Processing /usr/local/lib/python3.10/dist-packages/airflow/example_dags/plugins/workday.py took 0.252 seconds
[2024-05-04T12:45:25.825+0530] {processor.py:161} INFO - Started process (PID=15586) to work on /usr/local/lib/python3.10/dist-packages/airflow/example_dags/plugins/workday.py
[2024-05-04T12:45:25.825+0530] {processor.py:830} INFO - Processing file /usr/local/lib/python3.10/dist-packages/airflow/example_dags/plugins/workday.py for tasks to queue
[2024-05-04T12:45:25.826+0530] {logging_mixin.py:188} INFO - [2024-05-04T12:45:25.826+0530] {dagbag.py:540} INFO - Filling up the DagBag from /usr/local/lib/python3.10/dist-packages/airflow/example_dags/plugins/workday.py
[2024-05-04T12:45:26.064+0530] {processor.py:842} WARNING - No viable dags retrieved from /usr/local/lib/python3.10/dist-packages/airflow/example_dags/plugins/workday.py
[2024-05-04T12:45:26.067+0530] {processor.py:183} INFO - Processing /usr/local/lib/python3.10/dist-packages/airflow/example_dags/plugins/workday.py took 0.247 seconds
[2024-05-04T12:46:16.216+0530] {processor.py:161} INFO - Started process (PID=15816) to work on /usr/local/lib/python3.10/dist-packages/airflow/example_dags/plugins/workday.py
[2024-05-04T12:46:16.217+0530] {processor.py:830} INFO - Processing file /usr/local/lib/python3.10/dist-packages/airflow/example_dags/plugins/workday.py for tasks to queue
[2024-05-04T12:46:16.217+0530] {logging_mixin.py:188} INFO - [2024-05-04T12:46:16.217+0530] {dagbag.py:540} INFO - Filling up the DagBag from /usr/local/lib/python3.10/dist-packages/airflow/example_dags/plugins/workday.py
[2024-05-04T12:46:16.456+0530] {processor.py:842} WARNING - No viable dags retrieved from /usr/local/lib/python3.10/dist-packages/airflow/example_dags/plugins/workday.py
[2024-05-04T12:46:16.458+0530] {processor.py:183} INFO - Processing /usr/local/lib/python3.10/dist-packages/airflow/example_dags/plugins/workday.py took 0.246 seconds
[2024-05-04T12:47:07.527+0530] {processor.py:161} INFO - Started process (PID=15991) to work on /usr/local/lib/python3.10/dist-packages/airflow/example_dags/plugins/workday.py
[2024-05-04T12:47:07.528+0530] {processor.py:830} INFO - Processing file /usr/local/lib/python3.10/dist-packages/airflow/example_dags/plugins/workday.py for tasks to queue
[2024-05-04T12:47:07.528+0530] {logging_mixin.py:188} INFO - [2024-05-04T12:47:07.528+0530] {dagbag.py:540} INFO - Filling up the DagBag from /usr/local/lib/python3.10/dist-packages/airflow/example_dags/plugins/workday.py
[2024-05-04T12:47:07.775+0530] {processor.py:842} WARNING - No viable dags retrieved from /usr/local/lib/python3.10/dist-packages/airflow/example_dags/plugins/workday.py
[2024-05-04T12:47:07.777+0530] {processor.py:183} INFO - Processing /usr/local/lib/python3.10/dist-packages/airflow/example_dags/plugins/workday.py took 0.253 seconds
[2024-05-04T12:47:59.013+0530] {processor.py:161} INFO - Started process (PID=16194) to work on /usr/local/lib/python3.10/dist-packages/airflow/example_dags/plugins/workday.py
[2024-05-04T12:47:59.013+0530] {processor.py:830} INFO - Processing file /usr/local/lib/python3.10/dist-packages/airflow/example_dags/plugins/workday.py for tasks to queue
[2024-05-04T12:47:59.014+0530] {logging_mixin.py:188} INFO - [2024-05-04T12:47:59.014+0530] {dagbag.py:540} INFO - Filling up the DagBag from /usr/local/lib/python3.10/dist-packages/airflow/example_dags/plugins/workday.py
[2024-05-04T12:47:59.252+0530] {processor.py:842} WARNING - No viable dags retrieved from /usr/local/lib/python3.10/dist-packages/airflow/example_dags/plugins/workday.py
[2024-05-04T12:47:59.255+0530] {processor.py:183} INFO - Processing /usr/local/lib/python3.10/dist-packages/airflow/example_dags/plugins/workday.py took 0.246 seconds
[2024-05-04T12:48:49.716+0530] {processor.py:161} INFO - Started process (PID=16360) to work on /usr/local/lib/python3.10/dist-packages/airflow/example_dags/plugins/workday.py
[2024-05-04T12:48:49.717+0530] {processor.py:830} INFO - Processing file /usr/local/lib/python3.10/dist-packages/airflow/example_dags/plugins/workday.py for tasks to queue
[2024-05-04T12:48:49.718+0530] {logging_mixin.py:188} INFO - [2024-05-04T12:48:49.717+0530] {dagbag.py:540} INFO - Filling up the DagBag from /usr/local/lib/python3.10/dist-packages/airflow/example_dags/plugins/workday.py
[2024-05-04T12:48:49.952+0530] {processor.py:842} WARNING - No viable dags retrieved from /usr/local/lib/python3.10/dist-packages/airflow/example_dags/plugins/workday.py
[2024-05-04T12:48:49.955+0530] {processor.py:183} INFO - Processing /usr/local/lib/python3.10/dist-packages/airflow/example_dags/plugins/workday.py took 0.244 seconds
[2024-05-04T12:49:42.992+0530] {processor.py:161} INFO - Started process (PID=16567) to work on /usr/local/lib/python3.10/dist-packages/airflow/example_dags/plugins/workday.py
[2024-05-04T12:49:42.993+0530] {processor.py:830} INFO - Processing file /usr/local/lib/python3.10/dist-packages/airflow/example_dags/plugins/workday.py for tasks to queue
[2024-05-04T12:49:42.995+0530] {logging_mixin.py:188} INFO - [2024-05-04T12:49:42.994+0530] {dagbag.py:540} INFO - Filling up the DagBag from /usr/local/lib/python3.10/dist-packages/airflow/example_dags/plugins/workday.py
[2024-05-04T12:49:43.240+0530] {processor.py:842} WARNING - No viable dags retrieved from /usr/local/lib/python3.10/dist-packages/airflow/example_dags/plugins/workday.py
[2024-05-04T12:49:43.242+0530] {processor.py:183} INFO - Processing /usr/local/lib/python3.10/dist-packages/airflow/example_dags/plugins/workday.py took 0.260 seconds
[2024-05-04T12:50:34.649+0530] {processor.py:161} INFO - Started process (PID=16803) to work on /usr/local/lib/python3.10/dist-packages/airflow/example_dags/plugins/workday.py
[2024-05-04T12:50:34.649+0530] {processor.py:830} INFO - Processing file /usr/local/lib/python3.10/dist-packages/airflow/example_dags/plugins/workday.py for tasks to queue
[2024-05-04T12:50:34.651+0530] {logging_mixin.py:188} INFO - [2024-05-04T12:50:34.650+0530] {dagbag.py:540} INFO - Filling up the DagBag from /usr/local/lib/python3.10/dist-packages/airflow/example_dags/plugins/workday.py
[2024-05-04T12:50:34.895+0530] {processor.py:842} WARNING - No viable dags retrieved from /usr/local/lib/python3.10/dist-packages/airflow/example_dags/plugins/workday.py
[2024-05-04T12:50:34.898+0530] {processor.py:183} INFO - Processing /usr/local/lib/python3.10/dist-packages/airflow/example_dags/plugins/workday.py took 0.254 seconds
[2024-05-04T12:51:24.446+0530] {processor.py:161} INFO - Started process (PID=16930) to work on /usr/local/lib/python3.10/dist-packages/airflow/example_dags/plugins/workday.py
[2024-05-04T12:51:24.447+0530] {processor.py:830} INFO - Processing file /usr/local/lib/python3.10/dist-packages/airflow/example_dags/plugins/workday.py for tasks to queue
[2024-05-04T12:51:24.448+0530] {logging_mixin.py:188} INFO - [2024-05-04T12:51:24.448+0530] {dagbag.py:540} INFO - Filling up the DagBag from /usr/local/lib/python3.10/dist-packages/airflow/example_dags/plugins/workday.py
[2024-05-04T12:51:24.688+0530] {processor.py:842} WARNING - No viable dags retrieved from /usr/local/lib/python3.10/dist-packages/airflow/example_dags/plugins/workday.py
[2024-05-04T12:51:24.691+0530] {processor.py:183} INFO - Processing /usr/local/lib/python3.10/dist-packages/airflow/example_dags/plugins/workday.py took 0.249 seconds
[2024-05-04T12:52:16.477+0530] {processor.py:161} INFO - Started process (PID=17069) to work on /usr/local/lib/python3.10/dist-packages/airflow/example_dags/plugins/workday.py
[2024-05-04T12:52:16.477+0530] {processor.py:830} INFO - Processing file /usr/local/lib/python3.10/dist-packages/airflow/example_dags/plugins/workday.py for tasks to queue
[2024-05-04T12:52:16.479+0530] {logging_mixin.py:188} INFO - [2024-05-04T12:52:16.478+0530] {dagbag.py:540} INFO - Filling up the DagBag from /usr/local/lib/python3.10/dist-packages/airflow/example_dags/plugins/workday.py
[2024-05-04T12:52:16.717+0530] {processor.py:842} WARNING - No viable dags retrieved from /usr/local/lib/python3.10/dist-packages/airflow/example_dags/plugins/workday.py
[2024-05-04T12:52:16.720+0530] {processor.py:183} INFO - Processing /usr/local/lib/python3.10/dist-packages/airflow/example_dags/plugins/workday.py took 0.249 seconds
[2024-05-04T12:53:07.344+0530] {processor.py:161} INFO - Started process (PID=17204) to work on /usr/local/lib/python3.10/dist-packages/airflow/example_dags/plugins/workday.py
[2024-05-04T12:53:07.345+0530] {processor.py:830} INFO - Processing file /usr/local/lib/python3.10/dist-packages/airflow/example_dags/plugins/workday.py for tasks to queue
[2024-05-04T12:53:07.346+0530] {logging_mixin.py:188} INFO - [2024-05-04T12:53:07.346+0530] {dagbag.py:540} INFO - Filling up the DagBag from /usr/local/lib/python3.10/dist-packages/airflow/example_dags/plugins/workday.py
[2024-05-04T12:53:07.585+0530] {processor.py:842} WARNING - No viable dags retrieved from /usr/local/lib/python3.10/dist-packages/airflow/example_dags/plugins/workday.py
[2024-05-04T12:53:07.588+0530] {processor.py:183} INFO - Processing /usr/local/lib/python3.10/dist-packages/airflow/example_dags/plugins/workday.py took 0.250 seconds
[2024-05-04T12:53:56.678+0530] {processor.py:161} INFO - Started process (PID=17347) to work on /usr/local/lib/python3.10/dist-packages/airflow/example_dags/plugins/workday.py
[2024-05-04T12:53:56.678+0530] {processor.py:830} INFO - Processing file /usr/local/lib/python3.10/dist-packages/airflow/example_dags/plugins/workday.py for tasks to queue
[2024-05-04T12:53:56.679+0530] {logging_mixin.py:188} INFO - [2024-05-04T12:53:56.679+0530] {dagbag.py:540} INFO - Filling up the DagBag from /usr/local/lib/python3.10/dist-packages/airflow/example_dags/plugins/workday.py
[2024-05-04T12:53:56.924+0530] {processor.py:842} WARNING - No viable dags retrieved from /usr/local/lib/python3.10/dist-packages/airflow/example_dags/plugins/workday.py
[2024-05-04T12:53:56.926+0530] {processor.py:183} INFO - Processing /usr/local/lib/python3.10/dist-packages/airflow/example_dags/plugins/workday.py took 0.254 seconds
