[2024-05-02T17:22:14.667+0530] {local_task_job_runner.py:120} INFO - ::group::Pre task execution logs
[2024-05-02T17:22:14.675+0530] {taskinstance.py:2073} INFO - Dependencies all met for dep_context=non-requeueable deps ti=<TaskInstance: bharat1_dag.accurate manual__2024-05-02T11:52:06.582809+00:00 [queued]>
[2024-05-02T17:22:14.678+0530] {taskinstance.py:2073} INFO - Dependencies all met for dep_context=requeueable deps ti=<TaskInstance: bharat1_dag.accurate manual__2024-05-02T11:52:06.582809+00:00 [queued]>
[2024-05-02T17:22:14.678+0530] {taskinstance.py:2303} INFO - Starting attempt 1 of 1
[2024-05-02T17:22:14.685+0530] {taskinstance.py:2327} INFO - Executing <Task(BashOperator): accurate> on 2024-05-02 11:52:06.582809+00:00
[2024-05-02T17:22:14.687+0530] {standard_task_runner.py:63} INFO - Started process 38085 to run task
[2024-05-02T17:22:14.688+0530] {standard_task_runner.py:90} INFO - Running: ['airflow', 'tasks', 'run', 'bharat1_dag', 'accurate', 'manual__2024-05-02T11:52:06.582809+00:00', '--job-id', '88', '--raw', '--subdir', 'DAGS_FOLDER/bharat1_dag.py', '--cfg-path', '/tmp/tmpxhc08qoc']
[2024-05-02T17:22:14.689+0530] {standard_task_runner.py:91} INFO - Job 88: Subtask accurate
[2024-05-02T17:22:14.703+0530] {task_command.py:426} INFO - Running <TaskInstance: bharat1_dag.accurate manual__2024-05-02T11:52:06.582809+00:00 [running]> on host ninebit5lm
[2024-05-02T17:22:14.730+0530] {taskinstance.py:2644} INFO - Exporting env vars: AIRFLOW_CTX_DAG_OWNER='airflow' AIRFLOW_CTX_DAG_ID='bharat1_dag' AIRFLOW_CTX_TASK_ID='accurate' AIRFLOW_CTX_EXECUTION_DATE='2024-05-02T11:52:06.582809+00:00' AIRFLOW_CTX_TRY_NUMBER='1' AIRFLOW_CTX_DAG_RUN_ID='manual__2024-05-02T11:52:06.582809+00:00'
[2024-05-02T17:22:14.730+0530] {taskinstance.py:430} INFO - ::endgroup::
[2024-05-02T17:22:14.731+0530] {subprocess.py:63} INFO - Tmp dir root location: /tmp
[2024-05-02T17:22:14.731+0530] {subprocess.py:75} INFO - Running command: ['/usr/bin/bash', '-c', "echo 'accurate'"]
[2024-05-02T17:22:14.735+0530] {subprocess.py:86} INFO - Output:
[2024-05-02T17:22:14.735+0530] {subprocess.py:93} INFO - accurate
[2024-05-02T17:22:14.736+0530] {subprocess.py:97} INFO - Command exited with return code 0
[2024-05-02T17:22:14.736+0530] {taskinstance.py:441} INFO - ::group::Post task execution logs
[2024-05-02T17:22:14.744+0530] {taskinstance.py:1205} INFO - Marking task as SUCCESS. dag_id=bharat1_dag, task_id=accurate, execution_date=20240502T115206, start_date=20240502T115214, end_date=20240502T115214
[2024-05-02T17:22:14.780+0530] {local_task_job_runner.py:240} INFO - Task exited with return code 0
[2024-05-02T17:22:14.789+0530] {taskinstance.py:3482} INFO - 0 downstream tasks scheduled from follow-on schedule check
[2024-05-02T17:22:14.790+0530] {local_task_job_runner.py:222} INFO - ::endgroup::
