[2024-05-03T17:16:12.004+0530] {local_task_job_runner.py:120} INFO - ::group::Pre task execution logs
[2024-05-03T17:16:12.011+0530] {taskinstance.py:2073} INFO - Dependencies all met for dep_context=non-requeueable deps ti=<TaskInstance: fetch_api_data.fetch_data manual__2024-05-03T11:46:06.770109+00:00 [queued]>
[2024-05-03T17:16:12.013+0530] {taskinstance.py:2073} INFO - Dependencies all met for dep_context=requeueable deps ti=<TaskInstance: fetch_api_data.fetch_data manual__2024-05-03T11:46:06.770109+00:00 [queued]>
[2024-05-03T17:16:12.013+0530] {taskinstance.py:2303} INFO - Starting attempt 1 of 0
[2024-05-03T17:16:12.020+0530] {taskinstance.py:2327} INFO - Executing <Task(PythonOperator): fetch_data> on 2024-05-03 11:46:06.770109+00:00
[2024-05-03T17:16:12.022+0530] {standard_task_runner.py:63} INFO - Started process 16351 to run task
[2024-05-03T17:16:12.023+0530] {standard_task_runner.py:90} INFO - Running: ['airflow', 'tasks', 'run', 'fetch_api_data', 'fetch_data', 'manual__2024-05-03T11:46:06.770109+00:00', '--job-id', '1077', '--raw', '--subdir', 'DAGS_FOLDER/async_api_dag.py', '--cfg-path', '/tmp/tmpnb8k62qh']
[2024-05-03T17:16:12.024+0530] {standard_task_runner.py:91} INFO - Job 1077: Subtask fetch_data
[2024-05-03T17:16:12.038+0530] {task_command.py:426} INFO - Running <TaskInstance: fetch_api_data.fetch_data manual__2024-05-03T11:46:06.770109+00:00 [running]> on host ninebit5lm
[2024-05-03T17:16:12.071+0530] {taskinstance.py:2644} INFO - Exporting env vars: AIRFLOW_CTX_DAG_OWNER='airflow' AIRFLOW_CTX_DAG_ID='fetch_api_data' AIRFLOW_CTX_TASK_ID='fetch_data' AIRFLOW_CTX_EXECUTION_DATE='2024-05-03T11:46:06.770109+00:00' AIRFLOW_CTX_TRY_NUMBER='1' AIRFLOW_CTX_DAG_RUN_ID='manual__2024-05-03T11:46:06.770109+00:00'
[2024-05-03T17:16:12.072+0530] {taskinstance.py:430} INFO - ::endgroup::
[2024-05-03T17:16:12.072+0530] {taskinstance.py:441} INFO - ::group::Post task execution logs
[2024-05-03T17:16:12.072+0530] {taskinstance.py:2890} ERROR - Task failed with exception
Traceback (most recent call last):
  File "/usr/local/lib/python3.10/dist-packages/airflow/models/taskinstance.py", line 465, in _execute_task
    result = _execute_callable(context=context, **execute_callable_kwargs)
  File "/usr/local/lib/python3.10/dist-packages/airflow/models/taskinstance.py", line 432, in _execute_callable
    return execute_callable(context=context, **execute_callable_kwargs)
  File "/usr/local/lib/python3.10/dist-packages/airflow/models/baseoperator.py", line 400, in wrapper
    return func(self, *args, **kwargs)
  File "/usr/local/lib/python3.10/dist-packages/airflow/operators/python.py", line 235, in execute
    return_value = self.execute_callable()
  File "/usr/local/lib/python3.10/dist-packages/airflow/operators/python.py", line 252, in execute_callable
    return self.python_callable(*self.op_args, **self.op_kwargs)
TypeError: run() missing 1 required positional argument: 'main'
[2024-05-03T17:16:12.074+0530] {taskinstance.py:1205} INFO - Marking task as FAILED. dag_id=fetch_api_data, task_id=fetch_data, execution_date=20240503T114606, start_date=20240503T114612, end_date=20240503T114612
[2024-05-03T17:16:12.081+0530] {standard_task_runner.py:110} ERROR - Failed to execute job 1077 for task fetch_data (run() missing 1 required positional argument: 'main'; 16351)
[2024-05-03T17:16:12.115+0530] {local_task_job_runner.py:240} INFO - Task exited with return code 1
[2024-05-03T17:16:12.130+0530] {local_task_job_runner.py:222} INFO - ::endgroup::
