[2024-05-03T13:22:04.406+0530] {local_task_job_runner.py:120} INFO - ::group::Pre task execution logs
[2024-05-03T13:22:04.412+0530] {taskinstance.py:2073} INFO - Dependencies all met for dep_context=non-requeueable deps ti=<TaskInstance: async_dag.task scheduled__2024-05-03T07:50:00+00:00 [queued]>
[2024-05-03T13:22:04.414+0530] {taskinstance.py:2073} INFO - Dependencies all met for dep_context=requeueable deps ti=<TaskInstance: async_dag.task scheduled__2024-05-03T07:50:00+00:00 [queued]>
[2024-05-03T13:22:04.414+0530] {taskinstance.py:2303} INFO - Starting attempt 1 of 2
[2024-05-03T13:22:04.422+0530] {taskinstance.py:2327} INFO - Executing <Task(PythonOperator): task> on 2024-05-03 07:50:00+00:00
[2024-05-03T13:22:04.425+0530] {standard_task_runner.py:63} INFO - Started process 41425 to run task
[2024-05-03T13:22:04.426+0530] {standard_task_runner.py:90} INFO - Running: ['airflow', 'tasks', 'run', 'async_dag', 'task', 'scheduled__2024-05-03T07:50:00+00:00', '--job-id', '474', '--raw', '--subdir', 'DAGS_FOLDER/async_dag.py', '--cfg-path', '/tmp/tmpex0y1wxm']
[2024-05-03T13:22:04.427+0530] {standard_task_runner.py:91} INFO - Job 474: Subtask task
[2024-05-03T13:22:04.441+0530] {task_command.py:426} INFO - Running <TaskInstance: async_dag.task scheduled__2024-05-03T07:50:00+00:00 [running]> on host ninebit5lm
[2024-05-03T13:22:04.472+0530] {taskinstance.py:2644} INFO - Exporting env vars: AIRFLOW_CTX_DAG_OWNER='bharat' AIRFLOW_CTX_DAG_ID='async_dag' AIRFLOW_CTX_TASK_ID='task' AIRFLOW_CTX_EXECUTION_DATE='2024-05-03T07:50:00+00:00' AIRFLOW_CTX_TRY_NUMBER='1' AIRFLOW_CTX_DAG_RUN_ID='scheduled__2024-05-03T07:50:00+00:00'
[2024-05-03T13:22:04.472+0530] {taskinstance.py:430} INFO - ::endgroup::
[2024-05-03T13:22:04.473+0530] {logging_mixin.py:188} INFO - My name is 
[2024-05-03T13:22:14.483+0530] {logging_mixin.py:188} INFO - Yadav
[2024-05-03T13:22:15.485+0530] {logging_mixin.py:188} INFO - Bharat
[2024-05-03T13:22:15.486+0530] {python.py:237} INFO - Done. Returned value was: None
[2024-05-03T13:22:15.487+0530] {taskinstance.py:441} INFO - ::group::Post task execution logs
[2024-05-03T13:22:15.492+0530] {taskinstance.py:1205} INFO - Marking task as SUCCESS. dag_id=async_dag, task_id=task, execution_date=20240503T075000, start_date=20240503T075204, end_date=20240503T075215
[2024-05-03T13:22:15.542+0530] {local_task_job_runner.py:240} INFO - Task exited with return code 0
[2024-05-03T13:22:15.550+0530] {taskinstance.py:3482} INFO - 0 downstream tasks scheduled from follow-on schedule check
[2024-05-03T13:22:15.550+0530] {local_task_job_runner.py:222} INFO - ::endgroup::
