[2024-05-03T15:52:04.587+0530] {local_task_job_runner.py:120} INFO - ::group::Pre task execution logs
[2024-05-03T15:52:04.594+0530] {taskinstance.py:2073} INFO - Dependencies all met for dep_context=non-requeueable deps ti=<TaskInstance: async_dag.task scheduled__2024-05-03T10:20:00+00:00 [queued]>
[2024-05-03T15:52:04.597+0530] {taskinstance.py:2073} INFO - Dependencies all met for dep_context=requeueable deps ti=<TaskInstance: async_dag.task scheduled__2024-05-03T10:20:00+00:00 [queued]>
[2024-05-03T15:52:04.597+0530] {taskinstance.py:2303} INFO - Starting attempt 1 of 2
[2024-05-03T15:52:04.604+0530] {taskinstance.py:2327} INFO - Executing <Task(PythonOperator): task> on 2024-05-03 10:20:00+00:00
[2024-05-03T15:52:04.607+0530] {standard_task_runner.py:63} INFO - Started process 87260 to run task
[2024-05-03T15:52:04.608+0530] {standard_task_runner.py:90} INFO - Running: ['airflow', 'tasks', 'run', 'async_dag', 'task', 'scheduled__2024-05-03T10:20:00+00:00', '--job-id', '968', '--raw', '--subdir', 'DAGS_FOLDER/async_dag.py', '--cfg-path', '/tmp/tmpyxlg4zl_']
[2024-05-03T15:52:04.609+0530] {standard_task_runner.py:91} INFO - Job 968: Subtask task
[2024-05-03T15:52:04.624+0530] {task_command.py:426} INFO - Running <TaskInstance: async_dag.task scheduled__2024-05-03T10:20:00+00:00 [running]> on host ninebit5lm
[2024-05-03T15:52:04.656+0530] {taskinstance.py:2644} INFO - Exporting env vars: AIRFLOW_CTX_DAG_OWNER='bharat' AIRFLOW_CTX_DAG_ID='async_dag' AIRFLOW_CTX_TASK_ID='task' AIRFLOW_CTX_EXECUTION_DATE='2024-05-03T10:20:00+00:00' AIRFLOW_CTX_TRY_NUMBER='1' AIRFLOW_CTX_DAG_RUN_ID='scheduled__2024-05-03T10:20:00+00:00'
[2024-05-03T15:52:04.657+0530] {taskinstance.py:430} INFO - ::endgroup::
[2024-05-03T15:52:04.657+0530] {logging_mixin.py:188} INFO - My name is 
[2024-05-03T15:52:14.668+0530] {logging_mixin.py:188} INFO - Yadav
[2024-05-03T15:52:15.669+0530] {logging_mixin.py:188} INFO - Bharat
[2024-05-03T15:52:15.670+0530] {python.py:237} INFO - Done. Returned value was: None
[2024-05-03T15:52:15.671+0530] {taskinstance.py:441} INFO - ::group::Post task execution logs
[2024-05-03T15:52:15.676+0530] {taskinstance.py:1205} INFO - Marking task as SUCCESS. dag_id=async_dag, task_id=task, execution_date=20240503T102000, start_date=20240503T102204, end_date=20240503T102215
[2024-05-03T15:52:15.726+0530] {local_task_job_runner.py:240} INFO - Task exited with return code 0
[2024-05-03T15:52:15.734+0530] {taskinstance.py:3482} INFO - 0 downstream tasks scheduled from follow-on schedule check
[2024-05-03T15:52:15.735+0530] {local_task_job_runner.py:222} INFO - ::endgroup::
