[2024-05-03T15:40:03.719+0530] {local_task_job_runner.py:120} INFO - ::group::Pre task execution logs
[2024-05-03T15:40:03.726+0530] {taskinstance.py:2073} INFO - Dependencies all met for dep_context=non-requeueable deps ti=<TaskInstance: async_dag.task scheduled__2024-05-03T10:08:00+00:00 [queued]>
[2024-05-03T15:40:03.728+0530] {taskinstance.py:2073} INFO - Dependencies all met for dep_context=requeueable deps ti=<TaskInstance: async_dag.task scheduled__2024-05-03T10:08:00+00:00 [queued]>
[2024-05-03T15:40:03.728+0530] {taskinstance.py:2303} INFO - Starting attempt 1 of 2
[2024-05-03T15:40:03.735+0530] {taskinstance.py:2327} INFO - Executing <Task(PythonOperator): task> on 2024-05-03 10:08:00+00:00
[2024-05-03T15:40:03.737+0530] {standard_task_runner.py:63} INFO - Started process 82776 to run task
[2024-05-03T15:40:03.739+0530] {standard_task_runner.py:90} INFO - Running: ['airflow', 'tasks', 'run', 'async_dag', 'task', 'scheduled__2024-05-03T10:08:00+00:00', '--job-id', '928', '--raw', '--subdir', 'DAGS_FOLDER/async_dag.py', '--cfg-path', '/tmp/tmpijmsv4ms']
[2024-05-03T15:40:03.739+0530] {standard_task_runner.py:91} INFO - Job 928: Subtask task
[2024-05-03T15:40:03.754+0530] {task_command.py:426} INFO - Running <TaskInstance: async_dag.task scheduled__2024-05-03T10:08:00+00:00 [running]> on host ninebit5lm
[2024-05-03T15:40:03.786+0530] {taskinstance.py:2644} INFO - Exporting env vars: AIRFLOW_CTX_DAG_OWNER='bharat' AIRFLOW_CTX_DAG_ID='async_dag' AIRFLOW_CTX_TASK_ID='task' AIRFLOW_CTX_EXECUTION_DATE='2024-05-03T10:08:00+00:00' AIRFLOW_CTX_TRY_NUMBER='1' AIRFLOW_CTX_DAG_RUN_ID='scheduled__2024-05-03T10:08:00+00:00'
[2024-05-03T15:40:03.787+0530] {taskinstance.py:430} INFO - ::endgroup::
[2024-05-03T15:40:03.787+0530] {logging_mixin.py:188} INFO - My name is 
[2024-05-03T15:40:13.797+0530] {logging_mixin.py:188} INFO - Yadav
[2024-05-03T15:40:14.799+0530] {logging_mixin.py:188} INFO - Bharat
[2024-05-03T15:40:14.800+0530] {python.py:237} INFO - Done. Returned value was: None
[2024-05-03T15:40:14.801+0530] {taskinstance.py:441} INFO - ::group::Post task execution logs
[2024-05-03T15:40:14.806+0530] {taskinstance.py:1205} INFO - Marking task as SUCCESS. dag_id=async_dag, task_id=task, execution_date=20240503T100800, start_date=20240503T101003, end_date=20240503T101014
[2024-05-03T15:40:14.856+0530] {local_task_job_runner.py:240} INFO - Task exited with return code 0
[2024-05-03T15:40:14.873+0530] {taskinstance.py:3482} INFO - 0 downstream tasks scheduled from follow-on schedule check
[2024-05-03T15:40:14.874+0530] {local_task_job_runner.py:222} INFO - ::endgroup::
