[2024-07-01T17:48:39.582+0530] {processor.py:161} INFO - Started process (PID=11029) to work on /home/bharat/.local/lib/python3.11/site-packages/airflow/example_dags/subdags/subdag.py
[2024-07-01T17:48:39.583+0530] {processor.py:830} INFO - Processing file /home/bharat/.local/lib/python3.11/site-packages/airflow/example_dags/subdags/subdag.py for tasks to queue
[2024-07-01T17:48:39.584+0530] {logging_mixin.py:188} INFO - [2024-07-01T17:48:39.584+0530] {dagbag.py:545} INFO - Filling up the DagBag from /home/bharat/.local/lib/python3.11/site-packages/airflow/example_dags/subdags/subdag.py
[2024-07-01T17:48:39.585+0530] {processor.py:842} WARNING - No viable dags retrieved from /home/bharat/.local/lib/python3.11/site-packages/airflow/example_dags/subdags/subdag.py
[2024-07-01T17:48:39.590+0530] {processor.py:183} INFO - Processing /home/bharat/.local/lib/python3.11/site-packages/airflow/example_dags/subdags/subdag.py took 0.016 seconds
[2024-07-01T17:49:47.346+0530] {processor.py:161} INFO - Started process (PID=11411) to work on /home/bharat/.local/lib/python3.11/site-packages/airflow/example_dags/subdags/subdag.py
[2024-07-01T17:49:47.347+0530] {processor.py:830} INFO - Processing file /home/bharat/.local/lib/python3.11/site-packages/airflow/example_dags/subdags/subdag.py for tasks to queue
[2024-07-01T17:49:47.349+0530] {logging_mixin.py:188} INFO - [2024-07-01T17:49:47.348+0530] {dagbag.py:545} INFO - Filling up the DagBag from /home/bharat/.local/lib/python3.11/site-packages/airflow/example_dags/subdags/subdag.py
[2024-07-01T17:49:47.350+0530] {processor.py:842} WARNING - No viable dags retrieved from /home/bharat/.local/lib/python3.11/site-packages/airflow/example_dags/subdags/subdag.py
[2024-07-01T17:49:47.355+0530] {processor.py:183} INFO - Processing /home/bharat/.local/lib/python3.11/site-packages/airflow/example_dags/subdags/subdag.py took 0.016 seconds
[2024-07-01T17:50:51.178+0530] {processor.py:161} INFO - Started process (PID=11502) to work on /home/bharat/.local/lib/python3.11/site-packages/airflow/example_dags/subdags/subdag.py
[2024-07-01T17:50:51.179+0530] {processor.py:830} INFO - Processing file /home/bharat/.local/lib/python3.11/site-packages/airflow/example_dags/subdags/subdag.py for tasks to queue
[2024-07-01T17:50:51.180+0530] {logging_mixin.py:188} INFO - [2024-07-01T17:50:51.180+0530] {dagbag.py:545} INFO - Filling up the DagBag from /home/bharat/.local/lib/python3.11/site-packages/airflow/example_dags/subdags/subdag.py
[2024-07-01T17:50:51.182+0530] {processor.py:842} WARNING - No viable dags retrieved from /home/bharat/.local/lib/python3.11/site-packages/airflow/example_dags/subdags/subdag.py
[2024-07-01T17:50:51.189+0530] {processor.py:183} INFO - Processing /home/bharat/.local/lib/python3.11/site-packages/airflow/example_dags/subdags/subdag.py took 0.017 seconds
[2024-07-01T17:51:47.172+0530] {processor.py:161} INFO - Started process (PID=11700) to work on /home/bharat/.local/lib/python3.11/site-packages/airflow/example_dags/subdags/subdag.py
[2024-07-01T17:51:47.173+0530] {processor.py:830} INFO - Processing file /home/bharat/.local/lib/python3.11/site-packages/airflow/example_dags/subdags/subdag.py for tasks to queue
[2024-07-01T17:51:47.174+0530] {logging_mixin.py:188} INFO - [2024-07-01T17:51:47.173+0530] {dagbag.py:545} INFO - Filling up the DagBag from /home/bharat/.local/lib/python3.11/site-packages/airflow/example_dags/subdags/subdag.py
[2024-07-01T17:51:47.175+0530] {processor.py:842} WARNING - No viable dags retrieved from /home/bharat/.local/lib/python3.11/site-packages/airflow/example_dags/subdags/subdag.py
[2024-07-01T17:51:47.179+0530] {processor.py:183} INFO - Processing /home/bharat/.local/lib/python3.11/site-packages/airflow/example_dags/subdags/subdag.py took 0.011 seconds
[2024-07-01T17:53:00.342+0530] {processor.py:161} INFO - Started process (PID=12089) to work on /home/bharat/.local/lib/python3.11/site-packages/airflow/example_dags/subdags/subdag.py
[2024-07-01T17:53:00.343+0530] {processor.py:830} INFO - Processing file /home/bharat/.local/lib/python3.11/site-packages/airflow/example_dags/subdags/subdag.py for tasks to queue
[2024-07-01T17:53:00.345+0530] {logging_mixin.py:188} INFO - [2024-07-01T17:53:00.345+0530] {dagbag.py:545} INFO - Filling up the DagBag from /home/bharat/.local/lib/python3.11/site-packages/airflow/example_dags/subdags/subdag.py
[2024-07-01T17:53:00.348+0530] {processor.py:842} WARNING - No viable dags retrieved from /home/bharat/.local/lib/python3.11/site-packages/airflow/example_dags/subdags/subdag.py
[2024-07-01T17:53:00.356+0530] {processor.py:183} INFO - Processing /home/bharat/.local/lib/python3.11/site-packages/airflow/example_dags/subdags/subdag.py took 0.016 seconds
[2024-07-01T17:54:04.073+0530] {processor.py:161} INFO - Started process (PID=12491) to work on /home/bharat/.local/lib/python3.11/site-packages/airflow/example_dags/subdags/subdag.py
[2024-07-01T17:54:04.074+0530] {processor.py:830} INFO - Processing file /home/bharat/.local/lib/python3.11/site-packages/airflow/example_dags/subdags/subdag.py for tasks to queue
[2024-07-01T17:54:04.076+0530] {logging_mixin.py:188} INFO - [2024-07-01T17:54:04.076+0530] {dagbag.py:545} INFO - Filling up the DagBag from /home/bharat/.local/lib/python3.11/site-packages/airflow/example_dags/subdags/subdag.py
[2024-07-01T17:54:04.077+0530] {processor.py:842} WARNING - No viable dags retrieved from /home/bharat/.local/lib/python3.11/site-packages/airflow/example_dags/subdags/subdag.py
[2024-07-01T17:54:04.082+0530] {processor.py:183} INFO - Processing /home/bharat/.local/lib/python3.11/site-packages/airflow/example_dags/subdags/subdag.py took 0.017 seconds
[2024-07-01T17:55:05.103+0530] {processor.py:161} INFO - Started process (PID=12590) to work on /home/bharat/.local/lib/python3.11/site-packages/airflow/example_dags/subdags/subdag.py
[2024-07-01T17:55:05.103+0530] {processor.py:830} INFO - Processing file /home/bharat/.local/lib/python3.11/site-packages/airflow/example_dags/subdags/subdag.py for tasks to queue
[2024-07-01T17:55:05.104+0530] {logging_mixin.py:188} INFO - [2024-07-01T17:55:05.104+0530] {dagbag.py:545} INFO - Filling up the DagBag from /home/bharat/.local/lib/python3.11/site-packages/airflow/example_dags/subdags/subdag.py
[2024-07-01T17:55:05.106+0530] {processor.py:842} WARNING - No viable dags retrieved from /home/bharat/.local/lib/python3.11/site-packages/airflow/example_dags/subdags/subdag.py
[2024-07-01T17:55:05.113+0530] {processor.py:183} INFO - Processing /home/bharat/.local/lib/python3.11/site-packages/airflow/example_dags/subdags/subdag.py took 0.016 seconds
[2024-07-01T17:55:58.380+0530] {processor.py:161} INFO - Started process (PID=12671) to work on /home/bharat/.local/lib/python3.11/site-packages/airflow/example_dags/subdags/subdag.py
[2024-07-01T17:55:58.381+0530] {processor.py:830} INFO - Processing file /home/bharat/.local/lib/python3.11/site-packages/airflow/example_dags/subdags/subdag.py for tasks to queue
[2024-07-01T17:55:58.382+0530] {logging_mixin.py:188} INFO - [2024-07-01T17:55:58.382+0530] {dagbag.py:545} INFO - Filling up the DagBag from /home/bharat/.local/lib/python3.11/site-packages/airflow/example_dags/subdags/subdag.py
[2024-07-01T17:55:58.384+0530] {processor.py:842} WARNING - No viable dags retrieved from /home/bharat/.local/lib/python3.11/site-packages/airflow/example_dags/subdags/subdag.py
[2024-07-01T17:55:58.390+0530] {processor.py:183} INFO - Processing /home/bharat/.local/lib/python3.11/site-packages/airflow/example_dags/subdags/subdag.py took 0.017 seconds
[2024-07-01T17:56:51.443+0530] {processor.py:161} INFO - Started process (PID=12744) to work on /home/bharat/.local/lib/python3.11/site-packages/airflow/example_dags/subdags/subdag.py
[2024-07-01T17:56:51.444+0530] {processor.py:830} INFO - Processing file /home/bharat/.local/lib/python3.11/site-packages/airflow/example_dags/subdags/subdag.py for tasks to queue
[2024-07-01T17:56:51.445+0530] {logging_mixin.py:188} INFO - [2024-07-01T17:56:51.445+0530] {dagbag.py:545} INFO - Filling up the DagBag from /home/bharat/.local/lib/python3.11/site-packages/airflow/example_dags/subdags/subdag.py
[2024-07-01T17:56:51.446+0530] {processor.py:842} WARNING - No viable dags retrieved from /home/bharat/.local/lib/python3.11/site-packages/airflow/example_dags/subdags/subdag.py
[2024-07-01T17:56:51.450+0530] {processor.py:183} INFO - Processing /home/bharat/.local/lib/python3.11/site-packages/airflow/example_dags/subdags/subdag.py took 0.014 seconds
[2024-07-01T17:57:44.864+0530] {processor.py:161} INFO - Started process (PID=12818) to work on /home/bharat/.local/lib/python3.11/site-packages/airflow/example_dags/subdags/subdag.py
[2024-07-01T17:57:44.865+0530] {processor.py:830} INFO - Processing file /home/bharat/.local/lib/python3.11/site-packages/airflow/example_dags/subdags/subdag.py for tasks to queue
[2024-07-01T17:57:44.867+0530] {logging_mixin.py:188} INFO - [2024-07-01T17:57:44.866+0530] {dagbag.py:545} INFO - Filling up the DagBag from /home/bharat/.local/lib/python3.11/site-packages/airflow/example_dags/subdags/subdag.py
[2024-07-01T17:57:44.869+0530] {processor.py:842} WARNING - No viable dags retrieved from /home/bharat/.local/lib/python3.11/site-packages/airflow/example_dags/subdags/subdag.py
[2024-07-01T17:57:44.876+0530] {processor.py:183} INFO - Processing /home/bharat/.local/lib/python3.11/site-packages/airflow/example_dags/subdags/subdag.py took 0.018 seconds
[2024-07-01T17:58:37.675+0530] {processor.py:161} INFO - Started process (PID=12919) to work on /home/bharat/.local/lib/python3.11/site-packages/airflow/example_dags/subdags/subdag.py
[2024-07-01T17:58:37.676+0530] {processor.py:830} INFO - Processing file /home/bharat/.local/lib/python3.11/site-packages/airflow/example_dags/subdags/subdag.py for tasks to queue
[2024-07-01T17:58:37.676+0530] {logging_mixin.py:188} INFO - [2024-07-01T17:58:37.676+0530] {dagbag.py:545} INFO - Filling up the DagBag from /home/bharat/.local/lib/python3.11/site-packages/airflow/example_dags/subdags/subdag.py
[2024-07-01T17:58:37.677+0530] {processor.py:842} WARNING - No viable dags retrieved from /home/bharat/.local/lib/python3.11/site-packages/airflow/example_dags/subdags/subdag.py
[2024-07-01T17:58:37.681+0530] {processor.py:183} INFO - Processing /home/bharat/.local/lib/python3.11/site-packages/airflow/example_dags/subdags/subdag.py took 0.011 seconds
[2024-07-01T17:59:28.003+0530] {processor.py:161} INFO - Started process (PID=12989) to work on /home/bharat/.local/lib/python3.11/site-packages/airflow/example_dags/subdags/subdag.py
[2024-07-01T17:59:28.004+0530] {processor.py:830} INFO - Processing file /home/bharat/.local/lib/python3.11/site-packages/airflow/example_dags/subdags/subdag.py for tasks to queue
[2024-07-01T17:59:28.005+0530] {logging_mixin.py:188} INFO - [2024-07-01T17:59:28.005+0530] {dagbag.py:545} INFO - Filling up the DagBag from /home/bharat/.local/lib/python3.11/site-packages/airflow/example_dags/subdags/subdag.py
[2024-07-01T17:59:28.007+0530] {processor.py:842} WARNING - No viable dags retrieved from /home/bharat/.local/lib/python3.11/site-packages/airflow/example_dags/subdags/subdag.py
[2024-07-01T17:59:28.014+0530] {processor.py:183} INFO - Processing /home/bharat/.local/lib/python3.11/site-packages/airflow/example_dags/subdags/subdag.py took 0.016 seconds
[2024-07-01T18:00:19.393+0530] {processor.py:161} INFO - Started process (PID=13066) to work on /home/bharat/.local/lib/python3.11/site-packages/airflow/example_dags/subdags/subdag.py
[2024-07-01T18:00:19.394+0530] {processor.py:830} INFO - Processing file /home/bharat/.local/lib/python3.11/site-packages/airflow/example_dags/subdags/subdag.py for tasks to queue
[2024-07-01T18:00:19.395+0530] {logging_mixin.py:188} INFO - [2024-07-01T18:00:19.395+0530] {dagbag.py:545} INFO - Filling up the DagBag from /home/bharat/.local/lib/python3.11/site-packages/airflow/example_dags/subdags/subdag.py
[2024-07-01T18:00:19.397+0530] {processor.py:842} WARNING - No viable dags retrieved from /home/bharat/.local/lib/python3.11/site-packages/airflow/example_dags/subdags/subdag.py
[2024-07-01T18:00:19.402+0530] {processor.py:183} INFO - Processing /home/bharat/.local/lib/python3.11/site-packages/airflow/example_dags/subdags/subdag.py took 0.016 seconds
[2024-07-01T18:01:11.267+0530] {processor.py:161} INFO - Started process (PID=13141) to work on /home/bharat/.local/lib/python3.11/site-packages/airflow/example_dags/subdags/subdag.py
[2024-07-01T18:01:11.267+0530] {processor.py:830} INFO - Processing file /home/bharat/.local/lib/python3.11/site-packages/airflow/example_dags/subdags/subdag.py for tasks to queue
[2024-07-01T18:01:11.268+0530] {logging_mixin.py:188} INFO - [2024-07-01T18:01:11.268+0530] {dagbag.py:545} INFO - Filling up the DagBag from /home/bharat/.local/lib/python3.11/site-packages/airflow/example_dags/subdags/subdag.py
[2024-07-01T18:01:11.269+0530] {processor.py:842} WARNING - No viable dags retrieved from /home/bharat/.local/lib/python3.11/site-packages/airflow/example_dags/subdags/subdag.py
[2024-07-01T18:01:11.273+0530] {processor.py:183} INFO - Processing /home/bharat/.local/lib/python3.11/site-packages/airflow/example_dags/subdags/subdag.py took 0.009 seconds
[2024-07-01T18:02:04.149+0530] {processor.py:161} INFO - Started process (PID=13214) to work on /home/bharat/.local/lib/python3.11/site-packages/airflow/example_dags/subdags/subdag.py
[2024-07-01T18:02:04.150+0530] {processor.py:830} INFO - Processing file /home/bharat/.local/lib/python3.11/site-packages/airflow/example_dags/subdags/subdag.py for tasks to queue
[2024-07-01T18:02:04.151+0530] {logging_mixin.py:188} INFO - [2024-07-01T18:02:04.151+0530] {dagbag.py:545} INFO - Filling up the DagBag from /home/bharat/.local/lib/python3.11/site-packages/airflow/example_dags/subdags/subdag.py
[2024-07-01T18:02:04.153+0530] {processor.py:842} WARNING - No viable dags retrieved from /home/bharat/.local/lib/python3.11/site-packages/airflow/example_dags/subdags/subdag.py
[2024-07-01T18:02:04.163+0530] {processor.py:183} INFO - Processing /home/bharat/.local/lib/python3.11/site-packages/airflow/example_dags/subdags/subdag.py took 0.019 seconds
[2024-07-01T18:02:56.642+0530] {processor.py:161} INFO - Started process (PID=13287) to work on /home/bharat/.local/lib/python3.11/site-packages/airflow/example_dags/subdags/subdag.py
[2024-07-01T18:02:56.643+0530] {processor.py:830} INFO - Processing file /home/bharat/.local/lib/python3.11/site-packages/airflow/example_dags/subdags/subdag.py for tasks to queue
[2024-07-01T18:02:56.645+0530] {logging_mixin.py:188} INFO - [2024-07-01T18:02:56.645+0530] {dagbag.py:545} INFO - Filling up the DagBag from /home/bharat/.local/lib/python3.11/site-packages/airflow/example_dags/subdags/subdag.py
[2024-07-01T18:02:56.648+0530] {processor.py:842} WARNING - No viable dags retrieved from /home/bharat/.local/lib/python3.11/site-packages/airflow/example_dags/subdags/subdag.py
[2024-07-01T18:02:56.656+0530] {processor.py:183} INFO - Processing /home/bharat/.local/lib/python3.11/site-packages/airflow/example_dags/subdags/subdag.py took 0.018 seconds
[2024-07-01T18:03:46.878+0530] {processor.py:161} INFO - Started process (PID=13386) to work on /home/bharat/.local/lib/python3.11/site-packages/airflow/example_dags/subdags/subdag.py
[2024-07-01T18:03:46.878+0530] {processor.py:830} INFO - Processing file /home/bharat/.local/lib/python3.11/site-packages/airflow/example_dags/subdags/subdag.py for tasks to queue
[2024-07-01T18:03:46.880+0530] {logging_mixin.py:188} INFO - [2024-07-01T18:03:46.879+0530] {dagbag.py:545} INFO - Filling up the DagBag from /home/bharat/.local/lib/python3.11/site-packages/airflow/example_dags/subdags/subdag.py
[2024-07-01T18:03:46.882+0530] {processor.py:842} WARNING - No viable dags retrieved from /home/bharat/.local/lib/python3.11/site-packages/airflow/example_dags/subdags/subdag.py
[2024-07-01T18:03:46.888+0530] {processor.py:183} INFO - Processing /home/bharat/.local/lib/python3.11/site-packages/airflow/example_dags/subdags/subdag.py took 0.015 seconds
[2024-07-01T18:04:40.633+0530] {processor.py:161} INFO - Started process (PID=13831) to work on /home/bharat/.local/lib/python3.11/site-packages/airflow/example_dags/subdags/subdag.py
[2024-07-01T18:04:40.633+0530] {processor.py:830} INFO - Processing file /home/bharat/.local/lib/python3.11/site-packages/airflow/example_dags/subdags/subdag.py for tasks to queue
[2024-07-01T18:04:40.634+0530] {logging_mixin.py:188} INFO - [2024-07-01T18:04:40.634+0530] {dagbag.py:545} INFO - Filling up the DagBag from /home/bharat/.local/lib/python3.11/site-packages/airflow/example_dags/subdags/subdag.py
[2024-07-01T18:04:40.635+0530] {processor.py:842} WARNING - No viable dags retrieved from /home/bharat/.local/lib/python3.11/site-packages/airflow/example_dags/subdags/subdag.py
[2024-07-01T18:04:40.639+0530] {processor.py:183} INFO - Processing /home/bharat/.local/lib/python3.11/site-packages/airflow/example_dags/subdags/subdag.py took 0.008 seconds
[2024-07-01T18:05:32.766+0530] {processor.py:161} INFO - Started process (PID=13964) to work on /home/bharat/.local/lib/python3.11/site-packages/airflow/example_dags/subdags/subdag.py
[2024-07-01T18:05:32.767+0530] {processor.py:830} INFO - Processing file /home/bharat/.local/lib/python3.11/site-packages/airflow/example_dags/subdags/subdag.py for tasks to queue
[2024-07-01T18:05:32.768+0530] {logging_mixin.py:188} INFO - [2024-07-01T18:05:32.767+0530] {dagbag.py:545} INFO - Filling up the DagBag from /home/bharat/.local/lib/python3.11/site-packages/airflow/example_dags/subdags/subdag.py
[2024-07-01T18:05:32.769+0530] {processor.py:842} WARNING - No viable dags retrieved from /home/bharat/.local/lib/python3.11/site-packages/airflow/example_dags/subdags/subdag.py
[2024-07-01T18:05:32.773+0530] {processor.py:183} INFO - Processing /home/bharat/.local/lib/python3.11/site-packages/airflow/example_dags/subdags/subdag.py took 0.011 seconds
[2024-07-01T18:06:22.678+0530] {processor.py:161} INFO - Started process (PID=14053) to work on /home/bharat/.local/lib/python3.11/site-packages/airflow/example_dags/subdags/subdag.py
[2024-07-01T18:06:22.679+0530] {processor.py:830} INFO - Processing file /home/bharat/.local/lib/python3.11/site-packages/airflow/example_dags/subdags/subdag.py for tasks to queue
[2024-07-01T18:06:22.680+0530] {logging_mixin.py:188} INFO - [2024-07-01T18:06:22.680+0530] {dagbag.py:545} INFO - Filling up the DagBag from /home/bharat/.local/lib/python3.11/site-packages/airflow/example_dags/subdags/subdag.py
[2024-07-01T18:06:22.681+0530] {processor.py:842} WARNING - No viable dags retrieved from /home/bharat/.local/lib/python3.11/site-packages/airflow/example_dags/subdags/subdag.py
[2024-07-01T18:06:22.685+0530] {processor.py:183} INFO - Processing /home/bharat/.local/lib/python3.11/site-packages/airflow/example_dags/subdags/subdag.py took 0.012 seconds
[2024-07-01T18:07:12.930+0530] {processor.py:161} INFO - Started process (PID=14124) to work on /home/bharat/.local/lib/python3.11/site-packages/airflow/example_dags/subdags/subdag.py
[2024-07-01T18:07:12.931+0530] {processor.py:830} INFO - Processing file /home/bharat/.local/lib/python3.11/site-packages/airflow/example_dags/subdags/subdag.py for tasks to queue
[2024-07-01T18:07:12.933+0530] {logging_mixin.py:188} INFO - [2024-07-01T18:07:12.932+0530] {dagbag.py:545} INFO - Filling up the DagBag from /home/bharat/.local/lib/python3.11/site-packages/airflow/example_dags/subdags/subdag.py
[2024-07-01T18:07:12.934+0530] {processor.py:842} WARNING - No viable dags retrieved from /home/bharat/.local/lib/python3.11/site-packages/airflow/example_dags/subdags/subdag.py
[2024-07-01T18:07:12.938+0530] {processor.py:183} INFO - Processing /home/bharat/.local/lib/python3.11/site-packages/airflow/example_dags/subdags/subdag.py took 0.014 seconds
[2024-07-01T18:08:02.927+0530] {processor.py:161} INFO - Started process (PID=14195) to work on /home/bharat/.local/lib/python3.11/site-packages/airflow/example_dags/subdags/subdag.py
[2024-07-01T18:08:02.927+0530] {processor.py:830} INFO - Processing file /home/bharat/.local/lib/python3.11/site-packages/airflow/example_dags/subdags/subdag.py for tasks to queue
[2024-07-01T18:08:02.929+0530] {logging_mixin.py:188} INFO - [2024-07-01T18:08:02.928+0530] {dagbag.py:545} INFO - Filling up the DagBag from /home/bharat/.local/lib/python3.11/site-packages/airflow/example_dags/subdags/subdag.py
[2024-07-01T18:08:02.930+0530] {processor.py:842} WARNING - No viable dags retrieved from /home/bharat/.local/lib/python3.11/site-packages/airflow/example_dags/subdags/subdag.py
[2024-07-01T18:08:02.934+0530] {processor.py:183} INFO - Processing /home/bharat/.local/lib/python3.11/site-packages/airflow/example_dags/subdags/subdag.py took 0.013 seconds
[2024-07-01T18:08:54.349+0530] {processor.py:161} INFO - Started process (PID=14301) to work on /home/bharat/.local/lib/python3.11/site-packages/airflow/example_dags/subdags/subdag.py
[2024-07-01T18:08:54.349+0530] {processor.py:830} INFO - Processing file /home/bharat/.local/lib/python3.11/site-packages/airflow/example_dags/subdags/subdag.py for tasks to queue
[2024-07-01T18:08:54.351+0530] {logging_mixin.py:188} INFO - [2024-07-01T18:08:54.351+0530] {dagbag.py:545} INFO - Filling up the DagBag from /home/bharat/.local/lib/python3.11/site-packages/airflow/example_dags/subdags/subdag.py
[2024-07-01T18:08:54.353+0530] {processor.py:842} WARNING - No viable dags retrieved from /home/bharat/.local/lib/python3.11/site-packages/airflow/example_dags/subdags/subdag.py
[2024-07-01T18:08:54.362+0530] {processor.py:183} INFO - Processing /home/bharat/.local/lib/python3.11/site-packages/airflow/example_dags/subdags/subdag.py took 0.019 seconds
[2024-07-01T18:09:48.133+0530] {processor.py:161} INFO - Started process (PID=14462) to work on /home/bharat/.local/lib/python3.11/site-packages/airflow/example_dags/subdags/subdag.py
[2024-07-01T18:09:48.133+0530] {processor.py:830} INFO - Processing file /home/bharat/.local/lib/python3.11/site-packages/airflow/example_dags/subdags/subdag.py for tasks to queue
[2024-07-01T18:09:48.135+0530] {logging_mixin.py:188} INFO - [2024-07-01T18:09:48.134+0530] {dagbag.py:545} INFO - Filling up the DagBag from /home/bharat/.local/lib/python3.11/site-packages/airflow/example_dags/subdags/subdag.py
[2024-07-01T18:09:48.137+0530] {processor.py:842} WARNING - No viable dags retrieved from /home/bharat/.local/lib/python3.11/site-packages/airflow/example_dags/subdags/subdag.py
[2024-07-01T18:09:48.143+0530] {processor.py:183} INFO - Processing /home/bharat/.local/lib/python3.11/site-packages/airflow/example_dags/subdags/subdag.py took 0.015 seconds
[2024-07-01T18:10:40.165+0530] {processor.py:161} INFO - Started process (PID=14551) to work on /home/bharat/.local/lib/python3.11/site-packages/airflow/example_dags/subdags/subdag.py
[2024-07-01T18:10:40.165+0530] {processor.py:830} INFO - Processing file /home/bharat/.local/lib/python3.11/site-packages/airflow/example_dags/subdags/subdag.py for tasks to queue
[2024-07-01T18:10:40.167+0530] {logging_mixin.py:188} INFO - [2024-07-01T18:10:40.167+0530] {dagbag.py:545} INFO - Filling up the DagBag from /home/bharat/.local/lib/python3.11/site-packages/airflow/example_dags/subdags/subdag.py
[2024-07-01T18:10:40.169+0530] {processor.py:842} WARNING - No viable dags retrieved from /home/bharat/.local/lib/python3.11/site-packages/airflow/example_dags/subdags/subdag.py
[2024-07-01T18:10:40.176+0530] {processor.py:183} INFO - Processing /home/bharat/.local/lib/python3.11/site-packages/airflow/example_dags/subdags/subdag.py took 0.013 seconds
[2024-07-01T18:11:32.731+0530] {processor.py:161} INFO - Started process (PID=14680) to work on /home/bharat/.local/lib/python3.11/site-packages/airflow/example_dags/subdags/subdag.py
[2024-07-01T18:11:32.731+0530] {processor.py:830} INFO - Processing file /home/bharat/.local/lib/python3.11/site-packages/airflow/example_dags/subdags/subdag.py for tasks to queue
[2024-07-01T18:11:32.733+0530] {logging_mixin.py:188} INFO - [2024-07-01T18:11:32.732+0530] {dagbag.py:545} INFO - Filling up the DagBag from /home/bharat/.local/lib/python3.11/site-packages/airflow/example_dags/subdags/subdag.py
[2024-07-01T18:11:32.735+0530] {processor.py:842} WARNING - No viable dags retrieved from /home/bharat/.local/lib/python3.11/site-packages/airflow/example_dags/subdags/subdag.py
[2024-07-01T18:11:32.741+0530] {processor.py:183} INFO - Processing /home/bharat/.local/lib/python3.11/site-packages/airflow/example_dags/subdags/subdag.py took 0.015 seconds
[2024-07-01T18:12:25.123+0530] {processor.py:161} INFO - Started process (PID=14877) to work on /home/bharat/.local/lib/python3.11/site-packages/airflow/example_dags/subdags/subdag.py
[2024-07-01T18:12:25.123+0530] {processor.py:830} INFO - Processing file /home/bharat/.local/lib/python3.11/site-packages/airflow/example_dags/subdags/subdag.py for tasks to queue
[2024-07-01T18:12:25.124+0530] {logging_mixin.py:188} INFO - [2024-07-01T18:12:25.124+0530] {dagbag.py:545} INFO - Filling up the DagBag from /home/bharat/.local/lib/python3.11/site-packages/airflow/example_dags/subdags/subdag.py
[2024-07-01T18:12:25.125+0530] {processor.py:842} WARNING - No viable dags retrieved from /home/bharat/.local/lib/python3.11/site-packages/airflow/example_dags/subdags/subdag.py
[2024-07-01T18:12:25.128+0530] {processor.py:183} INFO - Processing /home/bharat/.local/lib/python3.11/site-packages/airflow/example_dags/subdags/subdag.py took 0.012 seconds
