[2024-05-04T12:10:34.658+0530] {processor.py:161} INFO - Started process (PID=7506) to work on /usr/local/lib/python3.10/dist-packages/airflow/example_dags/example_latest_only.py
[2024-05-04T12:10:34.658+0530] {processor.py:830} INFO - Processing file /usr/local/lib/python3.10/dist-packages/airflow/example_dags/example_latest_only.py for tasks to queue
[2024-05-04T12:10:34.659+0530] {logging_mixin.py:188} INFO - [2024-05-04T12:10:34.659+0530] {dagbag.py:540} INFO - Filling up the DagBag from /usr/local/lib/python3.10/dist-packages/airflow/example_dags/example_latest_only.py
[2024-05-04T12:10:34.662+0530] {processor.py:840} INFO - DAG(s) 'latest_only' retrieved from /usr/local/lib/python3.10/dist-packages/airflow/example_dags/example_latest_only.py
[2024-05-04T12:10:34.668+0530] {logging_mixin.py:188} INFO - [2024-05-04T12:10:34.667+0530] {dag.py:3096} INFO - Sync 1 DAGs
[2024-05-04T12:10:34.677+0530] {logging_mixin.py:188} INFO - [2024-05-04T12:10:34.677+0530] {dag.py:3954} INFO - Setting next_dagrun for latest_only to 2024-05-04 00:00:00+00:00, run_after=2024-05-04 04:00:00+00:00
[2024-05-04T12:10:34.688+0530] {processor.py:183} INFO - Processing /usr/local/lib/python3.10/dist-packages/airflow/example_dags/example_latest_only.py took 0.035 seconds
[2024-05-04T12:11:59.196+0530] {processor.py:161} INFO - Started process (PID=8246) to work on /usr/local/lib/python3.10/dist-packages/airflow/example_dags/example_latest_only.py
[2024-05-04T12:11:59.196+0530] {processor.py:830} INFO - Processing file /usr/local/lib/python3.10/dist-packages/airflow/example_dags/example_latest_only.py for tasks to queue
[2024-05-04T12:11:59.198+0530] {logging_mixin.py:188} INFO - [2024-05-04T12:11:59.197+0530] {dagbag.py:540} INFO - Filling up the DagBag from /usr/local/lib/python3.10/dist-packages/airflow/example_dags/example_latest_only.py
[2024-05-04T12:11:59.204+0530] {processor.py:840} INFO - DAG(s) 'latest_only' retrieved from /usr/local/lib/python3.10/dist-packages/airflow/example_dags/example_latest_only.py
[2024-05-04T12:11:59.215+0530] {logging_mixin.py:188} INFO - [2024-05-04T12:11:59.214+0530] {dag.py:3096} INFO - Sync 1 DAGs
[2024-05-04T12:11:59.222+0530] {logging_mixin.py:188} INFO - [2024-05-04T12:11:59.222+0530] {dag.py:3954} INFO - Setting next_dagrun for latest_only to 2024-05-04 00:00:00+00:00, run_after=2024-05-04 04:00:00+00:00
[2024-05-04T12:11:59.232+0530] {processor.py:183} INFO - Processing /usr/local/lib/python3.10/dist-packages/airflow/example_dags/example_latest_only.py took 0.042 seconds
[2024-05-04T12:13:04.117+0530] {processor.py:161} INFO - Started process (PID=8857) to work on /usr/local/lib/python3.10/dist-packages/airflow/example_dags/example_latest_only.py
[2024-05-04T12:13:04.117+0530] {processor.py:830} INFO - Processing file /usr/local/lib/python3.10/dist-packages/airflow/example_dags/example_latest_only.py for tasks to queue
[2024-05-04T12:13:04.119+0530] {logging_mixin.py:188} INFO - [2024-05-04T12:13:04.118+0530] {dagbag.py:540} INFO - Filling up the DagBag from /usr/local/lib/python3.10/dist-packages/airflow/example_dags/example_latest_only.py
[2024-05-04T12:13:04.123+0530] {processor.py:840} INFO - DAG(s) 'latest_only' retrieved from /usr/local/lib/python3.10/dist-packages/airflow/example_dags/example_latest_only.py
[2024-05-04T12:13:04.130+0530] {logging_mixin.py:188} INFO - [2024-05-04T12:13:04.130+0530] {dag.py:3096} INFO - Sync 1 DAGs
[2024-05-04T12:13:04.138+0530] {logging_mixin.py:188} INFO - [2024-05-04T12:13:04.138+0530] {dag.py:3954} INFO - Setting next_dagrun for latest_only to 2024-05-04 00:00:00+00:00, run_after=2024-05-04 04:00:00+00:00
[2024-05-04T12:13:04.148+0530] {processor.py:183} INFO - Processing /usr/local/lib/python3.10/dist-packages/airflow/example_dags/example_latest_only.py took 0.036 seconds
[2024-05-04T12:14:00.646+0530] {processor.py:161} INFO - Started process (PID=9100) to work on /usr/local/lib/python3.10/dist-packages/airflow/example_dags/example_latest_only.py
[2024-05-04T12:14:00.646+0530] {processor.py:830} INFO - Processing file /usr/local/lib/python3.10/dist-packages/airflow/example_dags/example_latest_only.py for tasks to queue
[2024-05-04T12:14:00.648+0530] {logging_mixin.py:188} INFO - [2024-05-04T12:14:00.647+0530] {dagbag.py:540} INFO - Filling up the DagBag from /usr/local/lib/python3.10/dist-packages/airflow/example_dags/example_latest_only.py
[2024-05-04T12:14:00.653+0530] {processor.py:840} INFO - DAG(s) 'latest_only' retrieved from /usr/local/lib/python3.10/dist-packages/airflow/example_dags/example_latest_only.py
[2024-05-04T12:14:00.661+0530] {logging_mixin.py:188} INFO - [2024-05-04T12:14:00.661+0530] {dag.py:3096} INFO - Sync 1 DAGs
[2024-05-04T12:14:00.668+0530] {logging_mixin.py:188} INFO - [2024-05-04T12:14:00.668+0530] {dag.py:3954} INFO - Setting next_dagrun for latest_only to 2024-05-04 00:00:00+00:00, run_after=2024-05-04 04:00:00+00:00
[2024-05-04T12:14:00.678+0530] {processor.py:183} INFO - Processing /usr/local/lib/python3.10/dist-packages/airflow/example_dags/example_latest_only.py took 0.038 seconds
[2024-05-04T12:15:17.600+0530] {processor.py:161} INFO - Started process (PID=9331) to work on /usr/local/lib/python3.10/dist-packages/airflow/example_dags/example_latest_only.py
[2024-05-04T12:15:17.601+0530] {processor.py:830} INFO - Processing file /usr/local/lib/python3.10/dist-packages/airflow/example_dags/example_latest_only.py for tasks to queue
[2024-05-04T12:15:17.602+0530] {logging_mixin.py:188} INFO - [2024-05-04T12:15:17.601+0530] {dagbag.py:540} INFO - Filling up the DagBag from /usr/local/lib/python3.10/dist-packages/airflow/example_dags/example_latest_only.py
[2024-05-04T12:15:17.608+0530] {processor.py:840} INFO - DAG(s) 'latest_only' retrieved from /usr/local/lib/python3.10/dist-packages/airflow/example_dags/example_latest_only.py
[2024-05-04T12:15:17.619+0530] {logging_mixin.py:188} INFO - [2024-05-04T12:15:17.619+0530] {dag.py:3096} INFO - Sync 1 DAGs
[2024-05-04T12:15:17.627+0530] {logging_mixin.py:188} INFO - [2024-05-04T12:15:17.627+0530] {dag.py:3954} INFO - Setting next_dagrun for latest_only to 2024-05-04 00:00:00+00:00, run_after=2024-05-04 04:00:00+00:00
[2024-05-04T12:15:17.636+0530] {processor.py:183} INFO - Processing /usr/local/lib/python3.10/dist-packages/airflow/example_dags/example_latest_only.py took 0.042 seconds
[2024-05-04T12:16:31.614+0530] {processor.py:161} INFO - Started process (PID=9559) to work on /usr/local/lib/python3.10/dist-packages/airflow/example_dags/example_latest_only.py
[2024-05-04T12:16:31.615+0530] {processor.py:830} INFO - Processing file /usr/local/lib/python3.10/dist-packages/airflow/example_dags/example_latest_only.py for tasks to queue
[2024-05-04T12:16:31.615+0530] {logging_mixin.py:188} INFO - [2024-05-04T12:16:31.615+0530] {dagbag.py:540} INFO - Filling up the DagBag from /usr/local/lib/python3.10/dist-packages/airflow/example_dags/example_latest_only.py
[2024-05-04T12:16:31.617+0530] {processor.py:840} INFO - DAG(s) 'latest_only' retrieved from /usr/local/lib/python3.10/dist-packages/airflow/example_dags/example_latest_only.py
[2024-05-04T12:16:31.623+0530] {logging_mixin.py:188} INFO - [2024-05-04T12:16:31.623+0530] {dag.py:3096} INFO - Sync 1 DAGs
[2024-05-04T12:16:31.630+0530] {logging_mixin.py:188} INFO - [2024-05-04T12:16:31.630+0530] {dag.py:3954} INFO - Setting next_dagrun for latest_only to 2024-05-04 00:00:00+00:00, run_after=2024-05-04 04:00:00+00:00
[2024-05-04T12:16:31.641+0530] {processor.py:183} INFO - Processing /usr/local/lib/python3.10/dist-packages/airflow/example_dags/example_latest_only.py took 0.033 seconds
[2024-05-04T12:17:58.491+0530] {processor.py:161} INFO - Started process (PID=10440) to work on /usr/local/lib/python3.10/dist-packages/airflow/example_dags/example_latest_only.py
[2024-05-04T12:17:58.492+0530] {processor.py:830} INFO - Processing file /usr/local/lib/python3.10/dist-packages/airflow/example_dags/example_latest_only.py for tasks to queue
[2024-05-04T12:17:58.493+0530] {logging_mixin.py:188} INFO - [2024-05-04T12:17:58.492+0530] {dagbag.py:540} INFO - Filling up the DagBag from /usr/local/lib/python3.10/dist-packages/airflow/example_dags/example_latest_only.py
[2024-05-04T12:17:58.495+0530] {processor.py:840} INFO - DAG(s) 'latest_only' retrieved from /usr/local/lib/python3.10/dist-packages/airflow/example_dags/example_latest_only.py
[2024-05-04T12:17:58.501+0530] {logging_mixin.py:188} INFO - [2024-05-04T12:17:58.501+0530] {dag.py:3096} INFO - Sync 1 DAGs
[2024-05-04T12:17:58.509+0530] {logging_mixin.py:188} INFO - [2024-05-04T12:17:58.509+0530] {dag.py:3954} INFO - Setting next_dagrun for latest_only to 2024-05-04 00:00:00+00:00, run_after=2024-05-04 04:00:00+00:00
[2024-05-04T12:17:58.519+0530] {processor.py:183} INFO - Processing /usr/local/lib/python3.10/dist-packages/airflow/example_dags/example_latest_only.py took 0.035 seconds
[2024-05-04T12:19:05.261+0530] {processor.py:161} INFO - Started process (PID=10872) to work on /usr/local/lib/python3.10/dist-packages/airflow/example_dags/example_latest_only.py
[2024-05-04T12:19:05.262+0530] {processor.py:830} INFO - Processing file /usr/local/lib/python3.10/dist-packages/airflow/example_dags/example_latest_only.py for tasks to queue
[2024-05-04T12:19:05.263+0530] {logging_mixin.py:188} INFO - [2024-05-04T12:19:05.263+0530] {dagbag.py:540} INFO - Filling up the DagBag from /usr/local/lib/python3.10/dist-packages/airflow/example_dags/example_latest_only.py
[2024-05-04T12:19:05.266+0530] {processor.py:840} INFO - DAG(s) 'latest_only' retrieved from /usr/local/lib/python3.10/dist-packages/airflow/example_dags/example_latest_only.py
[2024-05-04T12:19:05.272+0530] {logging_mixin.py:188} INFO - [2024-05-04T12:19:05.272+0530] {dag.py:3096} INFO - Sync 1 DAGs
[2024-05-04T12:19:05.280+0530] {logging_mixin.py:188} INFO - [2024-05-04T12:19:05.279+0530] {dag.py:3954} INFO - Setting next_dagrun for latest_only to 2024-05-04 00:00:00+00:00, run_after=2024-05-04 04:00:00+00:00
[2024-05-04T12:19:05.289+0530] {processor.py:183} INFO - Processing /usr/local/lib/python3.10/dist-packages/airflow/example_dags/example_latest_only.py took 0.037 seconds
[2024-05-04T12:20:19.947+0530] {processor.py:161} INFO - Started process (PID=11095) to work on /usr/local/lib/python3.10/dist-packages/airflow/example_dags/example_latest_only.py
[2024-05-04T12:20:19.947+0530] {processor.py:830} INFO - Processing file /usr/local/lib/python3.10/dist-packages/airflow/example_dags/example_latest_only.py for tasks to queue
[2024-05-04T12:20:19.949+0530] {logging_mixin.py:188} INFO - [2024-05-04T12:20:19.948+0530] {dagbag.py:540} INFO - Filling up the DagBag from /usr/local/lib/python3.10/dist-packages/airflow/example_dags/example_latest_only.py
[2024-05-04T12:20:19.954+0530] {processor.py:840} INFO - DAG(s) 'latest_only' retrieved from /usr/local/lib/python3.10/dist-packages/airflow/example_dags/example_latest_only.py
[2024-05-04T12:20:19.962+0530] {logging_mixin.py:188} INFO - [2024-05-04T12:20:19.962+0530] {dag.py:3096} INFO - Sync 1 DAGs
[2024-05-04T12:20:19.969+0530] {logging_mixin.py:188} INFO - [2024-05-04T12:20:19.969+0530] {dag.py:3954} INFO - Setting next_dagrun for latest_only to 2024-05-04 00:00:00+00:00, run_after=2024-05-04 04:00:00+00:00
[2024-05-04T12:20:19.979+0530] {processor.py:183} INFO - Processing /usr/local/lib/python3.10/dist-packages/airflow/example_dags/example_latest_only.py took 0.037 seconds
[2024-05-04T12:21:40.402+0530] {processor.py:161} INFO - Started process (PID=11266) to work on /usr/local/lib/python3.10/dist-packages/airflow/example_dags/example_latest_only.py
[2024-05-04T12:21:40.403+0530] {processor.py:830} INFO - Processing file /usr/local/lib/python3.10/dist-packages/airflow/example_dags/example_latest_only.py for tasks to queue
[2024-05-04T12:21:40.404+0530] {logging_mixin.py:188} INFO - [2024-05-04T12:21:40.404+0530] {dagbag.py:540} INFO - Filling up the DagBag from /usr/local/lib/python3.10/dist-packages/airflow/example_dags/example_latest_only.py
[2024-05-04T12:21:40.409+0530] {processor.py:840} INFO - DAG(s) 'latest_only' retrieved from /usr/local/lib/python3.10/dist-packages/airflow/example_dags/example_latest_only.py
[2024-05-04T12:21:40.416+0530] {logging_mixin.py:188} INFO - [2024-05-04T12:21:40.416+0530] {dag.py:3096} INFO - Sync 1 DAGs
[2024-05-04T12:21:40.423+0530] {logging_mixin.py:188} INFO - [2024-05-04T12:21:40.423+0530] {dag.py:3954} INFO - Setting next_dagrun for latest_only to 2024-05-04 00:00:00+00:00, run_after=2024-05-04 04:00:00+00:00
[2024-05-04T12:21:40.435+0530] {processor.py:183} INFO - Processing /usr/local/lib/python3.10/dist-packages/airflow/example_dags/example_latest_only.py took 0.039 seconds
[2024-05-04T12:22:58.205+0530] {processor.py:161} INFO - Started process (PID=11461) to work on /usr/local/lib/python3.10/dist-packages/airflow/example_dags/example_latest_only.py
[2024-05-04T12:22:58.205+0530] {processor.py:830} INFO - Processing file /usr/local/lib/python3.10/dist-packages/airflow/example_dags/example_latest_only.py for tasks to queue
[2024-05-04T12:22:58.206+0530] {logging_mixin.py:188} INFO - [2024-05-04T12:22:58.206+0530] {dagbag.py:540} INFO - Filling up the DagBag from /usr/local/lib/python3.10/dist-packages/airflow/example_dags/example_latest_only.py
[2024-05-04T12:22:58.208+0530] {processor.py:840} INFO - DAG(s) 'latest_only' retrieved from /usr/local/lib/python3.10/dist-packages/airflow/example_dags/example_latest_only.py
[2024-05-04T12:22:58.214+0530] {logging_mixin.py:188} INFO - [2024-05-04T12:22:58.214+0530] {dag.py:3096} INFO - Sync 1 DAGs
[2024-05-04T12:22:58.221+0530] {logging_mixin.py:188} INFO - [2024-05-04T12:22:58.221+0530] {dag.py:3954} INFO - Setting next_dagrun for latest_only to 2024-05-04 00:00:00+00:00, run_after=2024-05-04 04:00:00+00:00
[2024-05-04T12:22:58.231+0530] {processor.py:183} INFO - Processing /usr/local/lib/python3.10/dist-packages/airflow/example_dags/example_latest_only.py took 0.032 seconds
[2024-05-04T12:24:12.581+0530] {processor.py:161} INFO - Started process (PID=11651) to work on /usr/local/lib/python3.10/dist-packages/airflow/example_dags/example_latest_only.py
[2024-05-04T12:24:12.582+0530] {processor.py:830} INFO - Processing file /usr/local/lib/python3.10/dist-packages/airflow/example_dags/example_latest_only.py for tasks to queue
[2024-05-04T12:24:12.583+0530] {logging_mixin.py:188} INFO - [2024-05-04T12:24:12.583+0530] {dagbag.py:540} INFO - Filling up the DagBag from /usr/local/lib/python3.10/dist-packages/airflow/example_dags/example_latest_only.py
[2024-05-04T12:24:12.586+0530] {processor.py:840} INFO - DAG(s) 'latest_only' retrieved from /usr/local/lib/python3.10/dist-packages/airflow/example_dags/example_latest_only.py
[2024-05-04T12:24:12.593+0530] {logging_mixin.py:188} INFO - [2024-05-04T12:24:12.593+0530] {dag.py:3096} INFO - Sync 1 DAGs
[2024-05-04T12:24:12.601+0530] {logging_mixin.py:188} INFO - [2024-05-04T12:24:12.601+0530] {dag.py:3954} INFO - Setting next_dagrun for latest_only to 2024-05-04 00:00:00+00:00, run_after=2024-05-04 04:00:00+00:00
[2024-05-04T12:24:12.612+0530] {processor.py:183} INFO - Processing /usr/local/lib/python3.10/dist-packages/airflow/example_dags/example_latest_only.py took 0.036 seconds
[2024-05-04T12:25:28.679+0530] {processor.py:161} INFO - Started process (PID=11960) to work on /usr/local/lib/python3.10/dist-packages/airflow/example_dags/example_latest_only.py
[2024-05-04T12:25:28.680+0530] {processor.py:830} INFO - Processing file /usr/local/lib/python3.10/dist-packages/airflow/example_dags/example_latest_only.py for tasks to queue
[2024-05-04T12:25:28.680+0530] {logging_mixin.py:188} INFO - [2024-05-04T12:25:28.680+0530] {dagbag.py:540} INFO - Filling up the DagBag from /usr/local/lib/python3.10/dist-packages/airflow/example_dags/example_latest_only.py
[2024-05-04T12:25:28.683+0530] {processor.py:840} INFO - DAG(s) 'latest_only' retrieved from /usr/local/lib/python3.10/dist-packages/airflow/example_dags/example_latest_only.py
[2024-05-04T12:25:28.688+0530] {logging_mixin.py:188} INFO - [2024-05-04T12:25:28.688+0530] {dag.py:3096} INFO - Sync 1 DAGs
[2024-05-04T12:25:28.696+0530] {logging_mixin.py:188} INFO - [2024-05-04T12:25:28.695+0530] {dag.py:3954} INFO - Setting next_dagrun for latest_only to 2024-05-04 00:00:00+00:00, run_after=2024-05-04 04:00:00+00:00
[2024-05-04T12:25:28.706+0530] {processor.py:183} INFO - Processing /usr/local/lib/python3.10/dist-packages/airflow/example_dags/example_latest_only.py took 0.032 seconds
[2024-05-04T12:26:44.610+0530] {processor.py:161} INFO - Started process (PID=12144) to work on /usr/local/lib/python3.10/dist-packages/airflow/example_dags/example_latest_only.py
[2024-05-04T12:26:44.611+0530] {processor.py:830} INFO - Processing file /usr/local/lib/python3.10/dist-packages/airflow/example_dags/example_latest_only.py for tasks to queue
[2024-05-04T12:26:44.611+0530] {logging_mixin.py:188} INFO - [2024-05-04T12:26:44.611+0530] {dagbag.py:540} INFO - Filling up the DagBag from /usr/local/lib/python3.10/dist-packages/airflow/example_dags/example_latest_only.py
[2024-05-04T12:26:44.614+0530] {processor.py:840} INFO - DAG(s) 'latest_only' retrieved from /usr/local/lib/python3.10/dist-packages/airflow/example_dags/example_latest_only.py
[2024-05-04T12:26:44.623+0530] {logging_mixin.py:188} INFO - [2024-05-04T12:26:44.623+0530] {dag.py:3096} INFO - Sync 1 DAGs
[2024-05-04T12:26:44.630+0530] {logging_mixin.py:188} INFO - [2024-05-04T12:26:44.630+0530] {dag.py:3954} INFO - Setting next_dagrun for latest_only to 2024-05-04 00:00:00+00:00, run_after=2024-05-04 04:00:00+00:00
[2024-05-04T12:26:44.640+0530] {processor.py:183} INFO - Processing /usr/local/lib/python3.10/dist-packages/airflow/example_dags/example_latest_only.py took 0.036 seconds
[2024-05-04T12:28:01.372+0530] {processor.py:161} INFO - Started process (PID=12345) to work on /usr/local/lib/python3.10/dist-packages/airflow/example_dags/example_latest_only.py
[2024-05-04T12:28:01.373+0530] {processor.py:830} INFO - Processing file /usr/local/lib/python3.10/dist-packages/airflow/example_dags/example_latest_only.py for tasks to queue
[2024-05-04T12:28:01.373+0530] {logging_mixin.py:188} INFO - [2024-05-04T12:28:01.373+0530] {dagbag.py:540} INFO - Filling up the DagBag from /usr/local/lib/python3.10/dist-packages/airflow/example_dags/example_latest_only.py
[2024-05-04T12:28:01.376+0530] {processor.py:840} INFO - DAG(s) 'latest_only' retrieved from /usr/local/lib/python3.10/dist-packages/airflow/example_dags/example_latest_only.py
[2024-05-04T12:28:01.383+0530] {logging_mixin.py:188} INFO - [2024-05-04T12:28:01.383+0530] {dag.py:3096} INFO - Sync 1 DAGs
[2024-05-04T12:28:01.391+0530] {logging_mixin.py:188} INFO - [2024-05-04T12:28:01.391+0530] {dag.py:3954} INFO - Setting next_dagrun for latest_only to 2024-05-04 00:00:00+00:00, run_after=2024-05-04 04:00:00+00:00
[2024-05-04T12:28:01.402+0530] {processor.py:183} INFO - Processing /usr/local/lib/python3.10/dist-packages/airflow/example_dags/example_latest_only.py took 0.033 seconds
[2024-05-04T12:29:13.493+0530] {processor.py:161} INFO - Started process (PID=12508) to work on /usr/local/lib/python3.10/dist-packages/airflow/example_dags/example_latest_only.py
[2024-05-04T12:29:13.493+0530] {processor.py:830} INFO - Processing file /usr/local/lib/python3.10/dist-packages/airflow/example_dags/example_latest_only.py for tasks to queue
[2024-05-04T12:29:13.495+0530] {logging_mixin.py:188} INFO - [2024-05-04T12:29:13.494+0530] {dagbag.py:540} INFO - Filling up the DagBag from /usr/local/lib/python3.10/dist-packages/airflow/example_dags/example_latest_only.py
[2024-05-04T12:29:13.499+0530] {processor.py:840} INFO - DAG(s) 'latest_only' retrieved from /usr/local/lib/python3.10/dist-packages/airflow/example_dags/example_latest_only.py
[2024-05-04T12:29:13.506+0530] {logging_mixin.py:188} INFO - [2024-05-04T12:29:13.506+0530] {dag.py:3096} INFO - Sync 1 DAGs
[2024-05-04T12:29:13.514+0530] {logging_mixin.py:188} INFO - [2024-05-04T12:29:13.514+0530] {dag.py:3954} INFO - Setting next_dagrun for latest_only to 2024-05-04 00:00:00+00:00, run_after=2024-05-04 04:00:00+00:00
[2024-05-04T12:29:13.526+0530] {processor.py:183} INFO - Processing /usr/local/lib/python3.10/dist-packages/airflow/example_dags/example_latest_only.py took 0.038 seconds
[2024-05-04T12:30:25.536+0530] {processor.py:161} INFO - Started process (PID=12730) to work on /usr/local/lib/python3.10/dist-packages/airflow/example_dags/example_latest_only.py
[2024-05-04T12:30:25.537+0530] {processor.py:830} INFO - Processing file /usr/local/lib/python3.10/dist-packages/airflow/example_dags/example_latest_only.py for tasks to queue
[2024-05-04T12:30:25.538+0530] {logging_mixin.py:188} INFO - [2024-05-04T12:30:25.538+0530] {dagbag.py:540} INFO - Filling up the DagBag from /usr/local/lib/python3.10/dist-packages/airflow/example_dags/example_latest_only.py
[2024-05-04T12:30:25.542+0530] {processor.py:840} INFO - DAG(s) 'latest_only' retrieved from /usr/local/lib/python3.10/dist-packages/airflow/example_dags/example_latest_only.py
[2024-05-04T12:30:25.549+0530] {logging_mixin.py:188} INFO - [2024-05-04T12:30:25.549+0530] {dag.py:3096} INFO - Sync 1 DAGs
[2024-05-04T12:30:25.557+0530] {logging_mixin.py:188} INFO - [2024-05-04T12:30:25.556+0530] {dag.py:3954} INFO - Setting next_dagrun for latest_only to 2024-05-04 00:00:00+00:00, run_after=2024-05-04 04:00:00+00:00
[2024-05-04T12:30:25.567+0530] {processor.py:183} INFO - Processing /usr/local/lib/python3.10/dist-packages/airflow/example_dags/example_latest_only.py took 0.041 seconds
[2024-05-04T12:31:45.269+0530] {processor.py:161} INFO - Started process (PID=12935) to work on /usr/local/lib/python3.10/dist-packages/airflow/example_dags/example_latest_only.py
[2024-05-04T12:31:45.269+0530] {processor.py:830} INFO - Processing file /usr/local/lib/python3.10/dist-packages/airflow/example_dags/example_latest_only.py for tasks to queue
[2024-05-04T12:31:45.271+0530] {logging_mixin.py:188} INFO - [2024-05-04T12:31:45.270+0530] {dagbag.py:540} INFO - Filling up the DagBag from /usr/local/lib/python3.10/dist-packages/airflow/example_dags/example_latest_only.py
[2024-05-04T12:31:45.275+0530] {processor.py:840} INFO - DAG(s) 'latest_only' retrieved from /usr/local/lib/python3.10/dist-packages/airflow/example_dags/example_latest_only.py
[2024-05-04T12:31:45.282+0530] {logging_mixin.py:188} INFO - [2024-05-04T12:31:45.282+0530] {dag.py:3096} INFO - Sync 1 DAGs
[2024-05-04T12:31:45.289+0530] {logging_mixin.py:188} INFO - [2024-05-04T12:31:45.289+0530] {dag.py:3954} INFO - Setting next_dagrun for latest_only to 2024-05-04 00:00:00+00:00, run_after=2024-05-04 04:00:00+00:00
[2024-05-04T12:31:45.299+0530] {processor.py:183} INFO - Processing /usr/local/lib/python3.10/dist-packages/airflow/example_dags/example_latest_only.py took 0.032 seconds
[2024-05-04T12:32:59.620+0530] {processor.py:161} INFO - Started process (PID=13146) to work on /usr/local/lib/python3.10/dist-packages/airflow/example_dags/example_latest_only.py
[2024-05-04T12:32:59.621+0530] {processor.py:830} INFO - Processing file /usr/local/lib/python3.10/dist-packages/airflow/example_dags/example_latest_only.py for tasks to queue
[2024-05-04T12:32:59.623+0530] {logging_mixin.py:188} INFO - [2024-05-04T12:32:59.622+0530] {dagbag.py:540} INFO - Filling up the DagBag from /usr/local/lib/python3.10/dist-packages/airflow/example_dags/example_latest_only.py
[2024-05-04T12:32:59.626+0530] {processor.py:840} INFO - DAG(s) 'latest_only' retrieved from /usr/local/lib/python3.10/dist-packages/airflow/example_dags/example_latest_only.py
[2024-05-04T12:32:59.632+0530] {logging_mixin.py:188} INFO - [2024-05-04T12:32:59.632+0530] {dag.py:3096} INFO - Sync 1 DAGs
[2024-05-04T12:32:59.639+0530] {logging_mixin.py:188} INFO - [2024-05-04T12:32:59.639+0530] {dag.py:3954} INFO - Setting next_dagrun for latest_only to 2024-05-04 00:00:00+00:00, run_after=2024-05-04 04:00:00+00:00
[2024-05-04T12:32:59.649+0530] {processor.py:183} INFO - Processing /usr/local/lib/python3.10/dist-packages/airflow/example_dags/example_latest_only.py took 0.036 seconds
[2024-05-04T12:34:19.606+0530] {processor.py:161} INFO - Started process (PID=13388) to work on /usr/local/lib/python3.10/dist-packages/airflow/example_dags/example_latest_only.py
[2024-05-04T12:34:19.607+0530] {processor.py:830} INFO - Processing file /usr/local/lib/python3.10/dist-packages/airflow/example_dags/example_latest_only.py for tasks to queue
[2024-05-04T12:34:19.608+0530] {logging_mixin.py:188} INFO - [2024-05-04T12:34:19.608+0530] {dagbag.py:540} INFO - Filling up the DagBag from /usr/local/lib/python3.10/dist-packages/airflow/example_dags/example_latest_only.py
[2024-05-04T12:34:19.612+0530] {processor.py:840} INFO - DAG(s) 'latest_only' retrieved from /usr/local/lib/python3.10/dist-packages/airflow/example_dags/example_latest_only.py
[2024-05-04T12:34:19.622+0530] {logging_mixin.py:188} INFO - [2024-05-04T12:34:19.621+0530] {dag.py:3096} INFO - Sync 1 DAGs
[2024-05-04T12:34:19.629+0530] {logging_mixin.py:188} INFO - [2024-05-04T12:34:19.629+0530] {dag.py:3954} INFO - Setting next_dagrun for latest_only to 2024-05-04 00:00:00+00:00, run_after=2024-05-04 04:00:00+00:00
[2024-05-04T12:34:19.640+0530] {processor.py:183} INFO - Processing /usr/local/lib/python3.10/dist-packages/airflow/example_dags/example_latest_only.py took 0.036 seconds
[2024-05-04T12:35:37.284+0530] {processor.py:161} INFO - Started process (PID=13645) to work on /usr/local/lib/python3.10/dist-packages/airflow/example_dags/example_latest_only.py
[2024-05-04T12:35:37.285+0530] {processor.py:830} INFO - Processing file /usr/local/lib/python3.10/dist-packages/airflow/example_dags/example_latest_only.py for tasks to queue
[2024-05-04T12:35:37.286+0530] {logging_mixin.py:188} INFO - [2024-05-04T12:35:37.286+0530] {dagbag.py:540} INFO - Filling up the DagBag from /usr/local/lib/python3.10/dist-packages/airflow/example_dags/example_latest_only.py
[2024-05-04T12:35:37.289+0530] {processor.py:840} INFO - DAG(s) 'latest_only' retrieved from /usr/local/lib/python3.10/dist-packages/airflow/example_dags/example_latest_only.py
[2024-05-04T12:35:37.295+0530] {logging_mixin.py:188} INFO - [2024-05-04T12:35:37.295+0530] {dag.py:3096} INFO - Sync 1 DAGs
[2024-05-04T12:35:37.302+0530] {logging_mixin.py:188} INFO - [2024-05-04T12:35:37.302+0530] {dag.py:3954} INFO - Setting next_dagrun for latest_only to 2024-05-04 00:00:00+00:00, run_after=2024-05-04 04:00:00+00:00
[2024-05-04T12:35:37.312+0530] {processor.py:183} INFO - Processing /usr/local/lib/python3.10/dist-packages/airflow/example_dags/example_latest_only.py took 0.035 seconds
[2024-05-04T12:36:50.654+0530] {processor.py:161} INFO - Started process (PID=13811) to work on /usr/local/lib/python3.10/dist-packages/airflow/example_dags/example_latest_only.py
[2024-05-04T12:36:50.655+0530] {processor.py:830} INFO - Processing file /usr/local/lib/python3.10/dist-packages/airflow/example_dags/example_latest_only.py for tasks to queue
[2024-05-04T12:36:50.655+0530] {logging_mixin.py:188} INFO - [2024-05-04T12:36:50.655+0530] {dagbag.py:540} INFO - Filling up the DagBag from /usr/local/lib/python3.10/dist-packages/airflow/example_dags/example_latest_only.py
[2024-05-04T12:36:50.657+0530] {processor.py:840} INFO - DAG(s) 'latest_only' retrieved from /usr/local/lib/python3.10/dist-packages/airflow/example_dags/example_latest_only.py
[2024-05-04T12:36:50.663+0530] {logging_mixin.py:188} INFO - [2024-05-04T12:36:50.663+0530] {dag.py:3096} INFO - Sync 1 DAGs
[2024-05-04T12:36:50.671+0530] {logging_mixin.py:188} INFO - [2024-05-04T12:36:50.670+0530] {dag.py:3954} INFO - Setting next_dagrun for latest_only to 2024-05-04 00:00:00+00:00, run_after=2024-05-04 04:00:00+00:00
[2024-05-04T12:36:50.681+0530] {processor.py:183} INFO - Processing /usr/local/lib/python3.10/dist-packages/airflow/example_dags/example_latest_only.py took 0.033 seconds
[2024-05-04T12:38:10.258+0530] {processor.py:161} INFO - Started process (PID=14017) to work on /usr/local/lib/python3.10/dist-packages/airflow/example_dags/example_latest_only.py
[2024-05-04T12:38:10.259+0530] {processor.py:830} INFO - Processing file /usr/local/lib/python3.10/dist-packages/airflow/example_dags/example_latest_only.py for tasks to queue
[2024-05-04T12:38:10.260+0530] {logging_mixin.py:188} INFO - [2024-05-04T12:38:10.260+0530] {dagbag.py:540} INFO - Filling up the DagBag from /usr/local/lib/python3.10/dist-packages/airflow/example_dags/example_latest_only.py
[2024-05-04T12:38:10.264+0530] {processor.py:840} INFO - DAG(s) 'latest_only' retrieved from /usr/local/lib/python3.10/dist-packages/airflow/example_dags/example_latest_only.py
[2024-05-04T12:38:10.272+0530] {logging_mixin.py:188} INFO - [2024-05-04T12:38:10.271+0530] {dag.py:3096} INFO - Sync 1 DAGs
[2024-05-04T12:38:10.283+0530] {logging_mixin.py:188} INFO - [2024-05-04T12:38:10.282+0530] {dag.py:3954} INFO - Setting next_dagrun for latest_only to 2024-05-04 00:00:00+00:00, run_after=2024-05-04 04:00:00+00:00
[2024-05-04T12:38:10.292+0530] {processor.py:183} INFO - Processing /usr/local/lib/python3.10/dist-packages/airflow/example_dags/example_latest_only.py took 0.037 seconds
[2024-05-04T12:39:30.468+0530] {processor.py:161} INFO - Started process (PID=14341) to work on /usr/local/lib/python3.10/dist-packages/airflow/example_dags/example_latest_only.py
[2024-05-04T12:39:30.469+0530] {processor.py:830} INFO - Processing file /usr/local/lib/python3.10/dist-packages/airflow/example_dags/example_latest_only.py for tasks to queue
[2024-05-04T12:39:30.470+0530] {logging_mixin.py:188} INFO - [2024-05-04T12:39:30.470+0530] {dagbag.py:540} INFO - Filling up the DagBag from /usr/local/lib/python3.10/dist-packages/airflow/example_dags/example_latest_only.py
[2024-05-04T12:39:30.473+0530] {processor.py:840} INFO - DAG(s) 'latest_only' retrieved from /usr/local/lib/python3.10/dist-packages/airflow/example_dags/example_latest_only.py
[2024-05-04T12:39:30.479+0530] {logging_mixin.py:188} INFO - [2024-05-04T12:39:30.479+0530] {dag.py:3096} INFO - Sync 1 DAGs
[2024-05-04T12:39:30.487+0530] {logging_mixin.py:188} INFO - [2024-05-04T12:39:30.487+0530] {dag.py:3954} INFO - Setting next_dagrun for latest_only to 2024-05-04 00:00:00+00:00, run_after=2024-05-04 04:00:00+00:00
[2024-05-04T12:39:30.497+0530] {processor.py:183} INFO - Processing /usr/local/lib/python3.10/dist-packages/airflow/example_dags/example_latest_only.py took 0.038 seconds
[2024-05-04T12:40:44.827+0530] {processor.py:161} INFO - Started process (PID=14638) to work on /usr/local/lib/python3.10/dist-packages/airflow/example_dags/example_latest_only.py
[2024-05-04T12:40:44.828+0530] {processor.py:830} INFO - Processing file /usr/local/lib/python3.10/dist-packages/airflow/example_dags/example_latest_only.py for tasks to queue
[2024-05-04T12:40:44.829+0530] {logging_mixin.py:188} INFO - [2024-05-04T12:40:44.829+0530] {dagbag.py:540} INFO - Filling up the DagBag from /usr/local/lib/python3.10/dist-packages/airflow/example_dags/example_latest_only.py
[2024-05-04T12:40:44.831+0530] {processor.py:840} INFO - DAG(s) 'latest_only' retrieved from /usr/local/lib/python3.10/dist-packages/airflow/example_dags/example_latest_only.py
[2024-05-04T12:40:44.837+0530] {logging_mixin.py:188} INFO - [2024-05-04T12:40:44.837+0530] {dag.py:3096} INFO - Sync 1 DAGs
[2024-05-04T12:40:44.844+0530] {logging_mixin.py:188} INFO - [2024-05-04T12:40:44.844+0530] {dag.py:3954} INFO - Setting next_dagrun for latest_only to 2024-05-04 00:00:00+00:00, run_after=2024-05-04 04:00:00+00:00
[2024-05-04T12:40:44.855+0530] {processor.py:183} INFO - Processing /usr/local/lib/python3.10/dist-packages/airflow/example_dags/example_latest_only.py took 0.030 seconds
[2024-05-04T12:42:00.757+0530] {processor.py:161} INFO - Started process (PID=14882) to work on /usr/local/lib/python3.10/dist-packages/airflow/example_dags/example_latest_only.py
[2024-05-04T12:42:00.757+0530] {processor.py:830} INFO - Processing file /usr/local/lib/python3.10/dist-packages/airflow/example_dags/example_latest_only.py for tasks to queue
[2024-05-04T12:42:00.758+0530] {logging_mixin.py:188} INFO - [2024-05-04T12:42:00.758+0530] {dagbag.py:540} INFO - Filling up the DagBag from /usr/local/lib/python3.10/dist-packages/airflow/example_dags/example_latest_only.py
[2024-05-04T12:42:00.760+0530] {processor.py:840} INFO - DAG(s) 'latest_only' retrieved from /usr/local/lib/python3.10/dist-packages/airflow/example_dags/example_latest_only.py
[2024-05-04T12:42:00.765+0530] {logging_mixin.py:188} INFO - [2024-05-04T12:42:00.765+0530] {dag.py:3096} INFO - Sync 1 DAGs
[2024-05-04T12:42:00.773+0530] {logging_mixin.py:188} INFO - [2024-05-04T12:42:00.773+0530] {dag.py:3954} INFO - Setting next_dagrun for latest_only to 2024-05-04 00:00:00+00:00, run_after=2024-05-04 04:00:00+00:00
[2024-05-04T12:42:00.783+0530] {processor.py:183} INFO - Processing /usr/local/lib/python3.10/dist-packages/airflow/example_dags/example_latest_only.py took 0.028 seconds
[2024-05-04T12:43:17.662+0530] {processor.py:161} INFO - Started process (PID=15140) to work on /usr/local/lib/python3.10/dist-packages/airflow/example_dags/example_latest_only.py
[2024-05-04T12:43:17.662+0530] {processor.py:830} INFO - Processing file /usr/local/lib/python3.10/dist-packages/airflow/example_dags/example_latest_only.py for tasks to queue
[2024-05-04T12:43:17.664+0530] {logging_mixin.py:188} INFO - [2024-05-04T12:43:17.663+0530] {dagbag.py:540} INFO - Filling up the DagBag from /usr/local/lib/python3.10/dist-packages/airflow/example_dags/example_latest_only.py
[2024-05-04T12:43:17.666+0530] {processor.py:840} INFO - DAG(s) 'latest_only' retrieved from /usr/local/lib/python3.10/dist-packages/airflow/example_dags/example_latest_only.py
[2024-05-04T12:43:17.672+0530] {logging_mixin.py:188} INFO - [2024-05-04T12:43:17.672+0530] {dag.py:3096} INFO - Sync 1 DAGs
[2024-05-04T12:43:17.679+0530] {logging_mixin.py:188} INFO - [2024-05-04T12:43:17.679+0530] {dag.py:3954} INFO - Setting next_dagrun for latest_only to 2024-05-04 00:00:00+00:00, run_after=2024-05-04 04:00:00+00:00
[2024-05-04T12:43:17.689+0530] {processor.py:183} INFO - Processing /usr/local/lib/python3.10/dist-packages/airflow/example_dags/example_latest_only.py took 0.034 seconds
[2024-05-04T12:44:34.464+0530] {processor.py:161} INFO - Started process (PID=15394) to work on /usr/local/lib/python3.10/dist-packages/airflow/example_dags/example_latest_only.py
[2024-05-04T12:44:34.465+0530] {processor.py:830} INFO - Processing file /usr/local/lib/python3.10/dist-packages/airflow/example_dags/example_latest_only.py for tasks to queue
[2024-05-04T12:44:34.466+0530] {logging_mixin.py:188} INFO - [2024-05-04T12:44:34.466+0530] {dagbag.py:540} INFO - Filling up the DagBag from /usr/local/lib/python3.10/dist-packages/airflow/example_dags/example_latest_only.py
[2024-05-04T12:44:34.468+0530] {processor.py:840} INFO - DAG(s) 'latest_only' retrieved from /usr/local/lib/python3.10/dist-packages/airflow/example_dags/example_latest_only.py
[2024-05-04T12:44:34.474+0530] {logging_mixin.py:188} INFO - [2024-05-04T12:44:34.474+0530] {dag.py:3096} INFO - Sync 1 DAGs
[2024-05-04T12:44:34.482+0530] {logging_mixin.py:188} INFO - [2024-05-04T12:44:34.481+0530] {dag.py:3954} INFO - Setting next_dagrun for latest_only to 2024-05-04 00:00:00+00:00, run_after=2024-05-04 04:00:00+00:00
[2024-05-04T12:44:34.491+0530] {processor.py:183} INFO - Processing /usr/local/lib/python3.10/dist-packages/airflow/example_dags/example_latest_only.py took 0.036 seconds
[2024-05-04T12:45:48.264+0530] {processor.py:161} INFO - Started process (PID=15675) to work on /usr/local/lib/python3.10/dist-packages/airflow/example_dags/example_latest_only.py
[2024-05-04T12:45:48.265+0530] {processor.py:830} INFO - Processing file /usr/local/lib/python3.10/dist-packages/airflow/example_dags/example_latest_only.py for tasks to queue
[2024-05-04T12:45:48.266+0530] {logging_mixin.py:188} INFO - [2024-05-04T12:45:48.266+0530] {dagbag.py:540} INFO - Filling up the DagBag from /usr/local/lib/python3.10/dist-packages/airflow/example_dags/example_latest_only.py
[2024-05-04T12:45:48.269+0530] {processor.py:840} INFO - DAG(s) 'latest_only' retrieved from /usr/local/lib/python3.10/dist-packages/airflow/example_dags/example_latest_only.py
[2024-05-04T12:45:48.275+0530] {logging_mixin.py:188} INFO - [2024-05-04T12:45:48.275+0530] {dag.py:3096} INFO - Sync 1 DAGs
[2024-05-04T12:45:48.283+0530] {logging_mixin.py:188} INFO - [2024-05-04T12:45:48.283+0530] {dag.py:3954} INFO - Setting next_dagrun for latest_only to 2024-05-04 00:00:00+00:00, run_after=2024-05-04 04:00:00+00:00
[2024-05-04T12:45:48.293+0530] {processor.py:183} INFO - Processing /usr/local/lib/python3.10/dist-packages/airflow/example_dags/example_latest_only.py took 0.035 seconds
[2024-05-04T12:47:05.257+0530] {processor.py:161} INFO - Started process (PID=15985) to work on /usr/local/lib/python3.10/dist-packages/airflow/example_dags/example_latest_only.py
[2024-05-04T12:47:05.258+0530] {processor.py:830} INFO - Processing file /usr/local/lib/python3.10/dist-packages/airflow/example_dags/example_latest_only.py for tasks to queue
[2024-05-04T12:47:05.259+0530] {logging_mixin.py:188} INFO - [2024-05-04T12:47:05.258+0530] {dagbag.py:540} INFO - Filling up the DagBag from /usr/local/lib/python3.10/dist-packages/airflow/example_dags/example_latest_only.py
[2024-05-04T12:47:05.261+0530] {processor.py:840} INFO - DAG(s) 'latest_only' retrieved from /usr/local/lib/python3.10/dist-packages/airflow/example_dags/example_latest_only.py
[2024-05-04T12:47:05.267+0530] {logging_mixin.py:188} INFO - [2024-05-04T12:47:05.267+0530] {dag.py:3096} INFO - Sync 1 DAGs
[2024-05-04T12:47:05.274+0530] {logging_mixin.py:188} INFO - [2024-05-04T12:47:05.274+0530] {dag.py:3954} INFO - Setting next_dagrun for latest_only to 2024-05-04 00:00:00+00:00, run_after=2024-05-04 04:00:00+00:00
[2024-05-04T12:47:05.284+0530] {processor.py:183} INFO - Processing /usr/local/lib/python3.10/dist-packages/airflow/example_dags/example_latest_only.py took 0.032 seconds
[2024-05-04T12:48:21.748+0530] {processor.py:161} INFO - Started process (PID=16282) to work on /usr/local/lib/python3.10/dist-packages/airflow/example_dags/example_latest_only.py
[2024-05-04T12:48:21.749+0530] {processor.py:830} INFO - Processing file /usr/local/lib/python3.10/dist-packages/airflow/example_dags/example_latest_only.py for tasks to queue
[2024-05-04T12:48:21.750+0530] {logging_mixin.py:188} INFO - [2024-05-04T12:48:21.750+0530] {dagbag.py:540} INFO - Filling up the DagBag from /usr/local/lib/python3.10/dist-packages/airflow/example_dags/example_latest_only.py
[2024-05-04T12:48:21.754+0530] {processor.py:840} INFO - DAG(s) 'latest_only' retrieved from /usr/local/lib/python3.10/dist-packages/airflow/example_dags/example_latest_only.py
[2024-05-04T12:48:21.760+0530] {logging_mixin.py:188} INFO - [2024-05-04T12:48:21.760+0530] {dag.py:3096} INFO - Sync 1 DAGs
[2024-05-04T12:48:21.767+0530] {logging_mixin.py:188} INFO - [2024-05-04T12:48:21.767+0530] {dag.py:3954} INFO - Setting next_dagrun for latest_only to 2024-05-04 00:00:00+00:00, run_after=2024-05-04 04:00:00+00:00
[2024-05-04T12:48:21.777+0530] {processor.py:183} INFO - Processing /usr/local/lib/python3.10/dist-packages/airflow/example_dags/example_latest_only.py took 0.038 seconds
[2024-05-04T12:49:41.957+0530] {processor.py:161} INFO - Started process (PID=16536) to work on /usr/local/lib/python3.10/dist-packages/airflow/example_dags/example_latest_only.py
[2024-05-04T12:49:41.958+0530] {processor.py:830} INFO - Processing file /usr/local/lib/python3.10/dist-packages/airflow/example_dags/example_latest_only.py for tasks to queue
[2024-05-04T12:49:41.959+0530] {logging_mixin.py:188} INFO - [2024-05-04T12:49:41.959+0530] {dagbag.py:540} INFO - Filling up the DagBag from /usr/local/lib/python3.10/dist-packages/airflow/example_dags/example_latest_only.py
[2024-05-04T12:49:41.963+0530] {processor.py:840} INFO - DAG(s) 'latest_only' retrieved from /usr/local/lib/python3.10/dist-packages/airflow/example_dags/example_latest_only.py
[2024-05-04T12:49:41.970+0530] {logging_mixin.py:188} INFO - [2024-05-04T12:49:41.970+0530] {dag.py:3096} INFO - Sync 1 DAGs
[2024-05-04T12:49:41.978+0530] {logging_mixin.py:188} INFO - [2024-05-04T12:49:41.978+0530] {dag.py:3954} INFO - Setting next_dagrun for latest_only to 2024-05-04 00:00:00+00:00, run_after=2024-05-04 04:00:00+00:00
[2024-05-04T12:49:41.988+0530] {processor.py:183} INFO - Processing /usr/local/lib/python3.10/dist-packages/airflow/example_dags/example_latest_only.py took 0.035 seconds
[2024-05-04T12:50:57.913+0530] {processor.py:161} INFO - Started process (PID=16872) to work on /usr/local/lib/python3.10/dist-packages/airflow/example_dags/example_latest_only.py
[2024-05-04T12:50:57.913+0530] {processor.py:830} INFO - Processing file /usr/local/lib/python3.10/dist-packages/airflow/example_dags/example_latest_only.py for tasks to queue
[2024-05-04T12:50:57.915+0530] {logging_mixin.py:188} INFO - [2024-05-04T12:50:57.914+0530] {dagbag.py:540} INFO - Filling up the DagBag from /usr/local/lib/python3.10/dist-packages/airflow/example_dags/example_latest_only.py
[2024-05-04T12:50:57.917+0530] {processor.py:840} INFO - DAG(s) 'latest_only' retrieved from /usr/local/lib/python3.10/dist-packages/airflow/example_dags/example_latest_only.py
[2024-05-04T12:50:57.923+0530] {logging_mixin.py:188} INFO - [2024-05-04T12:50:57.923+0530] {dag.py:3096} INFO - Sync 1 DAGs
[2024-05-04T12:50:57.930+0530] {logging_mixin.py:188} INFO - [2024-05-04T12:50:57.930+0530] {dag.py:3954} INFO - Setting next_dagrun for latest_only to 2024-05-04 00:00:00+00:00, run_after=2024-05-04 04:00:00+00:00
[2024-05-04T12:50:57.940+0530] {processor.py:183} INFO - Processing /usr/local/lib/python3.10/dist-packages/airflow/example_dags/example_latest_only.py took 0.033 seconds
[2024-05-04T12:52:15.147+0530] {processor.py:161} INFO - Started process (PID=17066) to work on /usr/local/lib/python3.10/dist-packages/airflow/example_dags/example_latest_only.py
[2024-05-04T12:52:15.148+0530] {processor.py:830} INFO - Processing file /usr/local/lib/python3.10/dist-packages/airflow/example_dags/example_latest_only.py for tasks to queue
[2024-05-04T12:52:15.150+0530] {logging_mixin.py:188} INFO - [2024-05-04T12:52:15.149+0530] {dagbag.py:540} INFO - Filling up the DagBag from /usr/local/lib/python3.10/dist-packages/airflow/example_dags/example_latest_only.py
[2024-05-04T12:52:15.154+0530] {processor.py:840} INFO - DAG(s) 'latest_only' retrieved from /usr/local/lib/python3.10/dist-packages/airflow/example_dags/example_latest_only.py
[2024-05-04T12:52:15.161+0530] {logging_mixin.py:188} INFO - [2024-05-04T12:52:15.161+0530] {dag.py:3096} INFO - Sync 1 DAGs
[2024-05-04T12:52:15.169+0530] {logging_mixin.py:188} INFO - [2024-05-04T12:52:15.169+0530] {dag.py:3954} INFO - Setting next_dagrun for latest_only to 2024-05-04 00:00:00+00:00, run_after=2024-05-04 04:00:00+00:00
[2024-05-04T12:52:15.179+0530] {processor.py:183} INFO - Processing /usr/local/lib/python3.10/dist-packages/airflow/example_dags/example_latest_only.py took 0.037 seconds
[2024-05-04T12:53:30.279+0530] {processor.py:161} INFO - Started process (PID=17291) to work on /usr/local/lib/python3.10/dist-packages/airflow/example_dags/example_latest_only.py
[2024-05-04T12:53:30.280+0530] {processor.py:830} INFO - Processing file /usr/local/lib/python3.10/dist-packages/airflow/example_dags/example_latest_only.py for tasks to queue
[2024-05-04T12:53:30.281+0530] {logging_mixin.py:188} INFO - [2024-05-04T12:53:30.280+0530] {dagbag.py:540} INFO - Filling up the DagBag from /usr/local/lib/python3.10/dist-packages/airflow/example_dags/example_latest_only.py
[2024-05-04T12:53:30.284+0530] {processor.py:840} INFO - DAG(s) 'latest_only' retrieved from /usr/local/lib/python3.10/dist-packages/airflow/example_dags/example_latest_only.py
[2024-05-04T12:53:30.292+0530] {logging_mixin.py:188} INFO - [2024-05-04T12:53:30.292+0530] {dag.py:3096} INFO - Sync 1 DAGs
[2024-05-04T12:53:30.299+0530] {logging_mixin.py:188} INFO - [2024-05-04T12:53:30.299+0530] {dag.py:3954} INFO - Setting next_dagrun for latest_only to 2024-05-04 00:00:00+00:00, run_after=2024-05-04 04:00:00+00:00
[2024-05-04T12:53:30.309+0530] {processor.py:183} INFO - Processing /usr/local/lib/python3.10/dist-packages/airflow/example_dags/example_latest_only.py took 0.036 seconds
[2024-05-04T12:54:48.615+0530] {processor.py:161} INFO - Started process (PID=17508) to work on /usr/local/lib/python3.10/dist-packages/airflow/example_dags/example_latest_only.py
[2024-05-04T12:54:48.615+0530] {processor.py:830} INFO - Processing file /usr/local/lib/python3.10/dist-packages/airflow/example_dags/example_latest_only.py for tasks to queue
[2024-05-04T12:54:48.617+0530] {logging_mixin.py:188} INFO - [2024-05-04T12:54:48.616+0530] {dagbag.py:540} INFO - Filling up the DagBag from /usr/local/lib/python3.10/dist-packages/airflow/example_dags/example_latest_only.py
[2024-05-04T12:54:48.621+0530] {processor.py:840} INFO - DAG(s) 'latest_only' retrieved from /usr/local/lib/python3.10/dist-packages/airflow/example_dags/example_latest_only.py
[2024-05-04T12:54:48.629+0530] {logging_mixin.py:188} INFO - [2024-05-04T12:54:48.629+0530] {dag.py:3096} INFO - Sync 1 DAGs
[2024-05-04T12:54:48.636+0530] {logging_mixin.py:188} INFO - [2024-05-04T12:54:48.636+0530] {dag.py:3954} INFO - Setting next_dagrun for latest_only to 2024-05-04 00:00:00+00:00, run_after=2024-05-04 04:00:00+00:00
[2024-05-04T12:54:48.646+0530] {processor.py:183} INFO - Processing /usr/local/lib/python3.10/dist-packages/airflow/example_dags/example_latest_only.py took 0.037 seconds
