[2024-05-04T12:10:25.184+0530] {processor.py:161} INFO - Started process (PID=7488) to work on /usr/local/lib/python3.10/dist-packages/airflow/example_dags/example_setup_teardown.py
[2024-05-04T12:10:25.185+0530] {processor.py:830} INFO - Processing file /usr/local/lib/python3.10/dist-packages/airflow/example_dags/example_setup_teardown.py for tasks to queue
[2024-05-04T12:10:25.186+0530] {logging_mixin.py:188} INFO - [2024-05-04T12:10:25.186+0530] {dagbag.py:540} INFO - Filling up the DagBag from /usr/local/lib/python3.10/dist-packages/airflow/example_dags/example_setup_teardown.py
[2024-05-04T12:10:25.189+0530] {processor.py:840} INFO - DAG(s) 'example_setup_teardown' retrieved from /usr/local/lib/python3.10/dist-packages/airflow/example_dags/example_setup_teardown.py
[2024-05-04T12:10:25.196+0530] {logging_mixin.py:188} INFO - [2024-05-04T12:10:25.196+0530] {dag.py:3096} INFO - Sync 1 DAGs
[2024-05-04T12:10:25.204+0530] {logging_mixin.py:188} INFO - [2024-05-04T12:10:25.204+0530] {dag.py:3954} INFO - Setting next_dagrun for example_setup_teardown to 2024-05-03 00:00:00+00:00, run_after=2024-05-04 00:00:00+00:00
[2024-05-04T12:10:25.215+0530] {processor.py:183} INFO - Processing /usr/local/lib/python3.10/dist-packages/airflow/example_dags/example_setup_teardown.py took 0.035 seconds
[2024-05-04T12:11:20.929+0530] {processor.py:161} INFO - Started process (PID=7692) to work on /usr/local/lib/python3.10/dist-packages/airflow/example_dags/example_setup_teardown.py
[2024-05-04T12:11:20.929+0530] {processor.py:830} INFO - Processing file /usr/local/lib/python3.10/dist-packages/airflow/example_dags/example_setup_teardown.py for tasks to queue
[2024-05-04T12:11:20.930+0530] {logging_mixin.py:188} INFO - [2024-05-04T12:11:20.930+0530] {dagbag.py:540} INFO - Filling up the DagBag from /usr/local/lib/python3.10/dist-packages/airflow/example_dags/example_setup_teardown.py
[2024-05-04T12:11:20.934+0530] {processor.py:840} INFO - DAG(s) 'example_setup_teardown' retrieved from /usr/local/lib/python3.10/dist-packages/airflow/example_dags/example_setup_teardown.py
[2024-05-04T12:11:20.940+0530] {logging_mixin.py:188} INFO - [2024-05-04T12:11:20.940+0530] {dag.py:3096} INFO - Sync 1 DAGs
[2024-05-04T12:11:20.947+0530] {logging_mixin.py:188} INFO - [2024-05-04T12:11:20.947+0530] {dag.py:3954} INFO - Setting next_dagrun for example_setup_teardown to 2024-05-03 00:00:00+00:00, run_after=2024-05-04 00:00:00+00:00
[2024-05-04T12:11:20.957+0530] {processor.py:183} INFO - Processing /usr/local/lib/python3.10/dist-packages/airflow/example_dags/example_setup_teardown.py took 0.034 seconds
[2024-05-04T12:12:28.326+0530] {processor.py:161} INFO - Started process (PID=8428) to work on /usr/local/lib/python3.10/dist-packages/airflow/example_dags/example_setup_teardown.py
[2024-05-04T12:12:28.327+0530] {processor.py:830} INFO - Processing file /usr/local/lib/python3.10/dist-packages/airflow/example_dags/example_setup_teardown.py for tasks to queue
[2024-05-04T12:12:28.329+0530] {logging_mixin.py:188} INFO - [2024-05-04T12:12:28.328+0530] {dagbag.py:540} INFO - Filling up the DagBag from /usr/local/lib/python3.10/dist-packages/airflow/example_dags/example_setup_teardown.py
[2024-05-04T12:12:28.334+0530] {processor.py:840} INFO - DAG(s) 'example_setup_teardown' retrieved from /usr/local/lib/python3.10/dist-packages/airflow/example_dags/example_setup_teardown.py
[2024-05-04T12:12:28.341+0530] {logging_mixin.py:188} INFO - [2024-05-04T12:12:28.341+0530] {dag.py:3096} INFO - Sync 1 DAGs
[2024-05-04T12:12:28.349+0530] {logging_mixin.py:188} INFO - [2024-05-04T12:12:28.348+0530] {dag.py:3954} INFO - Setting next_dagrun for example_setup_teardown to 2024-05-03 00:00:00+00:00, run_after=2024-05-04 00:00:00+00:00
[2024-05-04T12:12:28.359+0530] {processor.py:183} INFO - Processing /usr/local/lib/python3.10/dist-packages/airflow/example_dags/example_setup_teardown.py took 0.039 seconds
[2024-05-04T12:13:28.686+0530] {processor.py:161} INFO - Started process (PID=9004) to work on /usr/local/lib/python3.10/dist-packages/airflow/example_dags/example_setup_teardown.py
[2024-05-04T12:13:28.686+0530] {processor.py:830} INFO - Processing file /usr/local/lib/python3.10/dist-packages/airflow/example_dags/example_setup_teardown.py for tasks to queue
[2024-05-04T12:13:28.688+0530] {logging_mixin.py:188} INFO - [2024-05-04T12:13:28.687+0530] {dagbag.py:540} INFO - Filling up the DagBag from /usr/local/lib/python3.10/dist-packages/airflow/example_dags/example_setup_teardown.py
[2024-05-04T12:13:28.694+0530] {processor.py:840} INFO - DAG(s) 'example_setup_teardown' retrieved from /usr/local/lib/python3.10/dist-packages/airflow/example_dags/example_setup_teardown.py
[2024-05-04T12:13:28.700+0530] {logging_mixin.py:188} INFO - [2024-05-04T12:13:28.700+0530] {dag.py:3096} INFO - Sync 1 DAGs
[2024-05-04T12:13:28.708+0530] {logging_mixin.py:188} INFO - [2024-05-04T12:13:28.708+0530] {dag.py:3954} INFO - Setting next_dagrun for example_setup_teardown to 2024-05-03 00:00:00+00:00, run_after=2024-05-04 00:00:00+00:00
[2024-05-04T12:13:28.719+0530] {processor.py:183} INFO - Processing /usr/local/lib/python3.10/dist-packages/airflow/example_dags/example_setup_teardown.py took 0.039 seconds
[2024-05-04T12:14:23.334+0530] {processor.py:161} INFO - Started process (PID=9154) to work on /usr/local/lib/python3.10/dist-packages/airflow/example_dags/example_setup_teardown.py
[2024-05-04T12:14:23.334+0530] {processor.py:830} INFO - Processing file /usr/local/lib/python3.10/dist-packages/airflow/example_dags/example_setup_teardown.py for tasks to queue
[2024-05-04T12:14:23.335+0530] {logging_mixin.py:188} INFO - [2024-05-04T12:14:23.335+0530] {dagbag.py:540} INFO - Filling up the DagBag from /usr/local/lib/python3.10/dist-packages/airflow/example_dags/example_setup_teardown.py
[2024-05-04T12:14:23.338+0530] {processor.py:840} INFO - DAG(s) 'example_setup_teardown' retrieved from /usr/local/lib/python3.10/dist-packages/airflow/example_dags/example_setup_teardown.py
[2024-05-04T12:14:23.344+0530] {logging_mixin.py:188} INFO - [2024-05-04T12:14:23.344+0530] {dag.py:3096} INFO - Sync 1 DAGs
[2024-05-04T12:14:23.351+0530] {logging_mixin.py:188} INFO - [2024-05-04T12:14:23.351+0530] {dag.py:3954} INFO - Setting next_dagrun for example_setup_teardown to 2024-05-03 00:00:00+00:00, run_after=2024-05-04 00:00:00+00:00
[2024-05-04T12:14:23.361+0530] {processor.py:183} INFO - Processing /usr/local/lib/python3.10/dist-packages/airflow/example_dags/example_setup_teardown.py took 0.033 seconds
[2024-05-04T12:15:40.463+0530] {processor.py:161} INFO - Started process (PID=9434) to work on /usr/local/lib/python3.10/dist-packages/airflow/example_dags/example_setup_teardown.py
[2024-05-04T12:15:40.463+0530] {processor.py:830} INFO - Processing file /usr/local/lib/python3.10/dist-packages/airflow/example_dags/example_setup_teardown.py for tasks to queue
[2024-05-04T12:15:40.464+0530] {logging_mixin.py:188} INFO - [2024-05-04T12:15:40.464+0530] {dagbag.py:540} INFO - Filling up the DagBag from /usr/local/lib/python3.10/dist-packages/airflow/example_dags/example_setup_teardown.py
[2024-05-04T12:15:40.470+0530] {processor.py:840} INFO - DAG(s) 'example_setup_teardown' retrieved from /usr/local/lib/python3.10/dist-packages/airflow/example_dags/example_setup_teardown.py
[2024-05-04T12:15:40.477+0530] {logging_mixin.py:188} INFO - [2024-05-04T12:15:40.477+0530] {dag.py:3096} INFO - Sync 1 DAGs
[2024-05-04T12:15:40.484+0530] {logging_mixin.py:188} INFO - [2024-05-04T12:15:40.484+0530] {dag.py:3954} INFO - Setting next_dagrun for example_setup_teardown to 2024-05-03 00:00:00+00:00, run_after=2024-05-04 00:00:00+00:00
[2024-05-04T12:15:40.497+0530] {processor.py:183} INFO - Processing /usr/local/lib/python3.10/dist-packages/airflow/example_dags/example_setup_teardown.py took 0.040 seconds
[2024-05-04T12:16:55.459+0530] {processor.py:161} INFO - Started process (PID=9673) to work on /usr/local/lib/python3.10/dist-packages/airflow/example_dags/example_setup_teardown.py
[2024-05-04T12:16:55.460+0530] {processor.py:830} INFO - Processing file /usr/local/lib/python3.10/dist-packages/airflow/example_dags/example_setup_teardown.py for tasks to queue
[2024-05-04T12:16:55.461+0530] {logging_mixin.py:188} INFO - [2024-05-04T12:16:55.460+0530] {dagbag.py:540} INFO - Filling up the DagBag from /usr/local/lib/python3.10/dist-packages/airflow/example_dags/example_setup_teardown.py
[2024-05-04T12:16:55.464+0530] {processor.py:840} INFO - DAG(s) 'example_setup_teardown' retrieved from /usr/local/lib/python3.10/dist-packages/airflow/example_dags/example_setup_teardown.py
[2024-05-04T12:16:55.470+0530] {logging_mixin.py:188} INFO - [2024-05-04T12:16:55.470+0530] {dag.py:3096} INFO - Sync 1 DAGs
[2024-05-04T12:16:55.477+0530] {logging_mixin.py:188} INFO - [2024-05-04T12:16:55.477+0530] {dag.py:3954} INFO - Setting next_dagrun for example_setup_teardown to 2024-05-03 00:00:00+00:00, run_after=2024-05-04 00:00:00+00:00
[2024-05-04T12:16:55.487+0530] {processor.py:183} INFO - Processing /usr/local/lib/python3.10/dist-packages/airflow/example_dags/example_setup_teardown.py took 0.032 seconds
[2024-05-04T12:17:56.900+0530] {processor.py:161} INFO - Started process (PID=10437) to work on /usr/local/lib/python3.10/dist-packages/airflow/example_dags/example_setup_teardown.py
[2024-05-04T12:17:56.900+0530] {processor.py:830} INFO - Processing file /usr/local/lib/python3.10/dist-packages/airflow/example_dags/example_setup_teardown.py for tasks to queue
[2024-05-04T12:17:56.901+0530] {logging_mixin.py:188} INFO - [2024-05-04T12:17:56.901+0530] {dagbag.py:540} INFO - Filling up the DagBag from /usr/local/lib/python3.10/dist-packages/airflow/example_dags/example_setup_teardown.py
[2024-05-04T12:17:56.904+0530] {processor.py:840} INFO - DAG(s) 'example_setup_teardown' retrieved from /usr/local/lib/python3.10/dist-packages/airflow/example_dags/example_setup_teardown.py
[2024-05-04T12:17:56.910+0530] {logging_mixin.py:188} INFO - [2024-05-04T12:17:56.910+0530] {dag.py:3096} INFO - Sync 1 DAGs
[2024-05-04T12:17:56.918+0530] {logging_mixin.py:188} INFO - [2024-05-04T12:17:56.918+0530] {dag.py:3954} INFO - Setting next_dagrun for example_setup_teardown to 2024-05-03 00:00:00+00:00, run_after=2024-05-04 00:00:00+00:00
[2024-05-04T12:17:56.929+0530] {processor.py:183} INFO - Processing /usr/local/lib/python3.10/dist-packages/airflow/example_dags/example_setup_teardown.py took 0.032 seconds
[2024-05-04T12:19:02.966+0530] {processor.py:161} INFO - Started process (PID=10868) to work on /usr/local/lib/python3.10/dist-packages/airflow/example_dags/example_setup_teardown.py
[2024-05-04T12:19:02.967+0530] {processor.py:830} INFO - Processing file /usr/local/lib/python3.10/dist-packages/airflow/example_dags/example_setup_teardown.py for tasks to queue
[2024-05-04T12:19:02.968+0530] {logging_mixin.py:188} INFO - [2024-05-04T12:19:02.968+0530] {dagbag.py:540} INFO - Filling up the DagBag from /usr/local/lib/python3.10/dist-packages/airflow/example_dags/example_setup_teardown.py
[2024-05-04T12:19:02.974+0530] {processor.py:840} INFO - DAG(s) 'example_setup_teardown' retrieved from /usr/local/lib/python3.10/dist-packages/airflow/example_dags/example_setup_teardown.py
[2024-05-04T12:19:02.981+0530] {logging_mixin.py:188} INFO - [2024-05-04T12:19:02.981+0530] {dag.py:3096} INFO - Sync 1 DAGs
[2024-05-04T12:19:02.989+0530] {logging_mixin.py:188} INFO - [2024-05-04T12:19:02.989+0530] {dag.py:3954} INFO - Setting next_dagrun for example_setup_teardown to 2024-05-03 00:00:00+00:00, run_after=2024-05-04 00:00:00+00:00
[2024-05-04T12:19:03.003+0530] {processor.py:183} INFO - Processing /usr/local/lib/python3.10/dist-packages/airflow/example_dags/example_setup_teardown.py took 0.043 seconds
[2024-05-04T12:19:56.474+0530] {processor.py:161} INFO - Started process (PID=11027) to work on /usr/local/lib/python3.10/dist-packages/airflow/example_dags/example_setup_teardown.py
[2024-05-04T12:19:56.474+0530] {processor.py:830} INFO - Processing file /usr/local/lib/python3.10/dist-packages/airflow/example_dags/example_setup_teardown.py for tasks to queue
[2024-05-04T12:19:56.476+0530] {logging_mixin.py:188} INFO - [2024-05-04T12:19:56.475+0530] {dagbag.py:540} INFO - Filling up the DagBag from /usr/local/lib/python3.10/dist-packages/airflow/example_dags/example_setup_teardown.py
[2024-05-04T12:19:56.483+0530] {processor.py:840} INFO - DAG(s) 'example_setup_teardown' retrieved from /usr/local/lib/python3.10/dist-packages/airflow/example_dags/example_setup_teardown.py
[2024-05-04T12:19:56.493+0530] {logging_mixin.py:188} INFO - [2024-05-04T12:19:56.493+0530] {dag.py:3096} INFO - Sync 1 DAGs
[2024-05-04T12:19:56.500+0530] {logging_mixin.py:188} INFO - [2024-05-04T12:19:56.500+0530] {dag.py:3954} INFO - Setting next_dagrun for example_setup_teardown to 2024-05-03 00:00:00+00:00, run_after=2024-05-04 00:00:00+00:00
[2024-05-04T12:19:56.510+0530] {processor.py:183} INFO - Processing /usr/local/lib/python3.10/dist-packages/airflow/example_dags/example_setup_teardown.py took 0.039 seconds
[2024-05-04T12:21:13.699+0530] {processor.py:161} INFO - Started process (PID=11213) to work on /usr/local/lib/python3.10/dist-packages/airflow/example_dags/example_setup_teardown.py
[2024-05-04T12:21:13.700+0530] {processor.py:830} INFO - Processing file /usr/local/lib/python3.10/dist-packages/airflow/example_dags/example_setup_teardown.py for tasks to queue
[2024-05-04T12:21:13.701+0530] {logging_mixin.py:188} INFO - [2024-05-04T12:21:13.701+0530] {dagbag.py:540} INFO - Filling up the DagBag from /usr/local/lib/python3.10/dist-packages/airflow/example_dags/example_setup_teardown.py
[2024-05-04T12:21:13.707+0530] {processor.py:840} INFO - DAG(s) 'example_setup_teardown' retrieved from /usr/local/lib/python3.10/dist-packages/airflow/example_dags/example_setup_teardown.py
[2024-05-04T12:21:13.714+0530] {logging_mixin.py:188} INFO - [2024-05-04T12:21:13.713+0530] {dag.py:3096} INFO - Sync 1 DAGs
[2024-05-04T12:21:13.721+0530] {logging_mixin.py:188} INFO - [2024-05-04T12:21:13.721+0530] {dag.py:3954} INFO - Setting next_dagrun for example_setup_teardown to 2024-05-03 00:00:00+00:00, run_after=2024-05-04 00:00:00+00:00
[2024-05-04T12:21:13.731+0530] {processor.py:183} INFO - Processing /usr/local/lib/python3.10/dist-packages/airflow/example_dags/example_setup_teardown.py took 0.035 seconds
[2024-05-04T12:22:30.127+0530] {processor.py:161} INFO - Started process (PID=11382) to work on /usr/local/lib/python3.10/dist-packages/airflow/example_dags/example_setup_teardown.py
[2024-05-04T12:22:30.128+0530] {processor.py:830} INFO - Processing file /usr/local/lib/python3.10/dist-packages/airflow/example_dags/example_setup_teardown.py for tasks to queue
[2024-05-04T12:22:30.128+0530] {logging_mixin.py:188} INFO - [2024-05-04T12:22:30.128+0530] {dagbag.py:540} INFO - Filling up the DagBag from /usr/local/lib/python3.10/dist-packages/airflow/example_dags/example_setup_teardown.py
[2024-05-04T12:22:30.131+0530] {processor.py:840} INFO - DAG(s) 'example_setup_teardown' retrieved from /usr/local/lib/python3.10/dist-packages/airflow/example_dags/example_setup_teardown.py
[2024-05-04T12:22:30.137+0530] {logging_mixin.py:188} INFO - [2024-05-04T12:22:30.137+0530] {dag.py:3096} INFO - Sync 1 DAGs
[2024-05-04T12:22:30.144+0530] {logging_mixin.py:188} INFO - [2024-05-04T12:22:30.144+0530] {dag.py:3954} INFO - Setting next_dagrun for example_setup_teardown to 2024-05-03 00:00:00+00:00, run_after=2024-05-04 00:00:00+00:00
[2024-05-04T12:22:30.154+0530] {processor.py:183} INFO - Processing /usr/local/lib/python3.10/dist-packages/airflow/example_dags/example_setup_teardown.py took 0.033 seconds
[2024-05-04T12:23:46.322+0530] {processor.py:161} INFO - Started process (PID=11582) to work on /usr/local/lib/python3.10/dist-packages/airflow/example_dags/example_setup_teardown.py
[2024-05-04T12:23:46.322+0530] {processor.py:830} INFO - Processing file /usr/local/lib/python3.10/dist-packages/airflow/example_dags/example_setup_teardown.py for tasks to queue
[2024-05-04T12:23:46.323+0530] {logging_mixin.py:188} INFO - [2024-05-04T12:23:46.323+0530] {dagbag.py:540} INFO - Filling up the DagBag from /usr/local/lib/python3.10/dist-packages/airflow/example_dags/example_setup_teardown.py
[2024-05-04T12:23:46.326+0530] {processor.py:840} INFO - DAG(s) 'example_setup_teardown' retrieved from /usr/local/lib/python3.10/dist-packages/airflow/example_dags/example_setup_teardown.py
[2024-05-04T12:23:46.336+0530] {logging_mixin.py:188} INFO - [2024-05-04T12:23:46.336+0530] {dag.py:3096} INFO - Sync 1 DAGs
[2024-05-04T12:23:46.343+0530] {logging_mixin.py:188} INFO - [2024-05-04T12:23:46.343+0530] {dag.py:3954} INFO - Setting next_dagrun for example_setup_teardown to 2024-05-03 00:00:00+00:00, run_after=2024-05-04 00:00:00+00:00
[2024-05-04T12:23:46.353+0530] {processor.py:183} INFO - Processing /usr/local/lib/python3.10/dist-packages/airflow/example_dags/example_setup_teardown.py took 0.036 seconds
[2024-05-04T12:25:02.965+0530] {processor.py:161} INFO - Started process (PID=11889) to work on /usr/local/lib/python3.10/dist-packages/airflow/example_dags/example_setup_teardown.py
[2024-05-04T12:25:02.966+0530] {processor.py:830} INFO - Processing file /usr/local/lib/python3.10/dist-packages/airflow/example_dags/example_setup_teardown.py for tasks to queue
[2024-05-04T12:25:02.966+0530] {logging_mixin.py:188} INFO - [2024-05-04T12:25:02.966+0530] {dagbag.py:540} INFO - Filling up the DagBag from /usr/local/lib/python3.10/dist-packages/airflow/example_dags/example_setup_teardown.py
[2024-05-04T12:25:02.969+0530] {processor.py:840} INFO - DAG(s) 'example_setup_teardown' retrieved from /usr/local/lib/python3.10/dist-packages/airflow/example_dags/example_setup_teardown.py
[2024-05-04T12:25:02.975+0530] {logging_mixin.py:188} INFO - [2024-05-04T12:25:02.975+0530] {dag.py:3096} INFO - Sync 1 DAGs
[2024-05-04T12:25:02.983+0530] {logging_mixin.py:188} INFO - [2024-05-04T12:25:02.983+0530] {dag.py:3954} INFO - Setting next_dagrun for example_setup_teardown to 2024-05-03 00:00:00+00:00, run_after=2024-05-04 00:00:00+00:00
[2024-05-04T12:25:02.993+0530] {processor.py:183} INFO - Processing /usr/local/lib/python3.10/dist-packages/airflow/example_dags/example_setup_teardown.py took 0.031 seconds
[2024-05-04T12:26:16.871+0530] {processor.py:161} INFO - Started process (PID=12084) to work on /usr/local/lib/python3.10/dist-packages/airflow/example_dags/example_setup_teardown.py
[2024-05-04T12:26:16.872+0530] {processor.py:830} INFO - Processing file /usr/local/lib/python3.10/dist-packages/airflow/example_dags/example_setup_teardown.py for tasks to queue
[2024-05-04T12:26:16.873+0530] {logging_mixin.py:188} INFO - [2024-05-04T12:26:16.872+0530] {dagbag.py:540} INFO - Filling up the DagBag from /usr/local/lib/python3.10/dist-packages/airflow/example_dags/example_setup_teardown.py
[2024-05-04T12:26:16.875+0530] {processor.py:840} INFO - DAG(s) 'example_setup_teardown' retrieved from /usr/local/lib/python3.10/dist-packages/airflow/example_dags/example_setup_teardown.py
[2024-05-04T12:26:16.881+0530] {logging_mixin.py:188} INFO - [2024-05-04T12:26:16.881+0530] {dag.py:3096} INFO - Sync 1 DAGs
[2024-05-04T12:26:16.889+0530] {logging_mixin.py:188} INFO - [2024-05-04T12:26:16.889+0530] {dag.py:3954} INFO - Setting next_dagrun for example_setup_teardown to 2024-05-03 00:00:00+00:00, run_after=2024-05-04 00:00:00+00:00
[2024-05-04T12:26:16.900+0530] {processor.py:183} INFO - Processing /usr/local/lib/python3.10/dist-packages/airflow/example_dags/example_setup_teardown.py took 0.035 seconds
[2024-05-04T12:27:36.340+0530] {processor.py:161} INFO - Started process (PID=12267) to work on /usr/local/lib/python3.10/dist-packages/airflow/example_dags/example_setup_teardown.py
[2024-05-04T12:27:36.341+0530] {processor.py:830} INFO - Processing file /usr/local/lib/python3.10/dist-packages/airflow/example_dags/example_setup_teardown.py for tasks to queue
[2024-05-04T12:27:36.343+0530] {logging_mixin.py:188} INFO - [2024-05-04T12:27:36.343+0530] {dagbag.py:540} INFO - Filling up the DagBag from /usr/local/lib/python3.10/dist-packages/airflow/example_dags/example_setup_teardown.py
[2024-05-04T12:27:36.347+0530] {processor.py:840} INFO - DAG(s) 'example_setup_teardown' retrieved from /usr/local/lib/python3.10/dist-packages/airflow/example_dags/example_setup_teardown.py
[2024-05-04T12:27:36.354+0530] {logging_mixin.py:188} INFO - [2024-05-04T12:27:36.354+0530] {dag.py:3096} INFO - Sync 1 DAGs
[2024-05-04T12:27:36.361+0530] {logging_mixin.py:188} INFO - [2024-05-04T12:27:36.361+0530] {dag.py:3954} INFO - Setting next_dagrun for example_setup_teardown to 2024-05-03 00:00:00+00:00, run_after=2024-05-04 00:00:00+00:00
[2024-05-04T12:27:36.371+0530] {processor.py:183} INFO - Processing /usr/local/lib/python3.10/dist-packages/airflow/example_dags/example_setup_teardown.py took 0.039 seconds
[2024-05-04T12:28:48.369+0530] {processor.py:161} INFO - Started process (PID=12456) to work on /usr/local/lib/python3.10/dist-packages/airflow/example_dags/example_setup_teardown.py
[2024-05-04T12:28:48.369+0530] {processor.py:830} INFO - Processing file /usr/local/lib/python3.10/dist-packages/airflow/example_dags/example_setup_teardown.py for tasks to queue
[2024-05-04T12:28:48.370+0530] {logging_mixin.py:188} INFO - [2024-05-04T12:28:48.370+0530] {dagbag.py:540} INFO - Filling up the DagBag from /usr/local/lib/python3.10/dist-packages/airflow/example_dags/example_setup_teardown.py
[2024-05-04T12:28:48.376+0530] {processor.py:840} INFO - DAG(s) 'example_setup_teardown' retrieved from /usr/local/lib/python3.10/dist-packages/airflow/example_dags/example_setup_teardown.py
[2024-05-04T12:28:48.384+0530] {logging_mixin.py:188} INFO - [2024-05-04T12:28:48.384+0530] {dag.py:3096} INFO - Sync 1 DAGs
[2024-05-04T12:28:48.392+0530] {logging_mixin.py:188} INFO - [2024-05-04T12:28:48.391+0530] {dag.py:3954} INFO - Setting next_dagrun for example_setup_teardown to 2024-05-03 00:00:00+00:00, run_after=2024-05-04 00:00:00+00:00
[2024-05-04T12:28:48.401+0530] {processor.py:183} INFO - Processing /usr/local/lib/python3.10/dist-packages/airflow/example_dags/example_setup_teardown.py took 0.038 seconds
[2024-05-04T12:30:01.056+0530] {processor.py:161} INFO - Started process (PID=12656) to work on /usr/local/lib/python3.10/dist-packages/airflow/example_dags/example_setup_teardown.py
[2024-05-04T12:30:01.057+0530] {processor.py:830} INFO - Processing file /usr/local/lib/python3.10/dist-packages/airflow/example_dags/example_setup_teardown.py for tasks to queue
[2024-05-04T12:30:01.058+0530] {logging_mixin.py:188} INFO - [2024-05-04T12:30:01.058+0530] {dagbag.py:540} INFO - Filling up the DagBag from /usr/local/lib/python3.10/dist-packages/airflow/example_dags/example_setup_teardown.py
[2024-05-04T12:30:01.060+0530] {processor.py:840} INFO - DAG(s) 'example_setup_teardown' retrieved from /usr/local/lib/python3.10/dist-packages/airflow/example_dags/example_setup_teardown.py
[2024-05-04T12:30:01.066+0530] {logging_mixin.py:188} INFO - [2024-05-04T12:30:01.066+0530] {dag.py:3096} INFO - Sync 1 DAGs
[2024-05-04T12:30:01.074+0530] {logging_mixin.py:188} INFO - [2024-05-04T12:30:01.074+0530] {dag.py:3954} INFO - Setting next_dagrun for example_setup_teardown to 2024-05-03 00:00:00+00:00, run_after=2024-05-04 00:00:00+00:00
[2024-05-04T12:30:01.084+0530] {processor.py:183} INFO - Processing /usr/local/lib/python3.10/dist-packages/airflow/example_dags/example_setup_teardown.py took 0.032 seconds
[2024-05-04T12:31:17.244+0530] {processor.py:161} INFO - Started process (PID=12881) to work on /usr/local/lib/python3.10/dist-packages/airflow/example_dags/example_setup_teardown.py
[2024-05-04T12:31:17.245+0530] {processor.py:830} INFO - Processing file /usr/local/lib/python3.10/dist-packages/airflow/example_dags/example_setup_teardown.py for tasks to queue
[2024-05-04T12:31:17.245+0530] {logging_mixin.py:188} INFO - [2024-05-04T12:31:17.245+0530] {dagbag.py:540} INFO - Filling up the DagBag from /usr/local/lib/python3.10/dist-packages/airflow/example_dags/example_setup_teardown.py
[2024-05-04T12:31:17.248+0530] {processor.py:840} INFO - DAG(s) 'example_setup_teardown' retrieved from /usr/local/lib/python3.10/dist-packages/airflow/example_dags/example_setup_teardown.py
[2024-05-04T12:31:17.254+0530] {logging_mixin.py:188} INFO - [2024-05-04T12:31:17.254+0530] {dag.py:3096} INFO - Sync 1 DAGs
[2024-05-04T12:31:17.261+0530] {logging_mixin.py:188} INFO - [2024-05-04T12:31:17.261+0530] {dag.py:3954} INFO - Setting next_dagrun for example_setup_teardown to 2024-05-03 00:00:00+00:00, run_after=2024-05-04 00:00:00+00:00
[2024-05-04T12:31:17.271+0530] {processor.py:183} INFO - Processing /usr/local/lib/python3.10/dist-packages/airflow/example_dags/example_setup_teardown.py took 0.032 seconds
[2024-05-04T12:32:32.189+0530] {processor.py:161} INFO - Started process (PID=13058) to work on /usr/local/lib/python3.10/dist-packages/airflow/example_dags/example_setup_teardown.py
[2024-05-04T12:32:32.190+0530] {processor.py:830} INFO - Processing file /usr/local/lib/python3.10/dist-packages/airflow/example_dags/example_setup_teardown.py for tasks to queue
[2024-05-04T12:32:32.191+0530] {logging_mixin.py:188} INFO - [2024-05-04T12:32:32.191+0530] {dagbag.py:540} INFO - Filling up the DagBag from /usr/local/lib/python3.10/dist-packages/airflow/example_dags/example_setup_teardown.py
[2024-05-04T12:32:32.195+0530] {processor.py:840} INFO - DAG(s) 'example_setup_teardown' retrieved from /usr/local/lib/python3.10/dist-packages/airflow/example_dags/example_setup_teardown.py
[2024-05-04T12:32:32.201+0530] {logging_mixin.py:188} INFO - [2024-05-04T12:32:32.201+0530] {dag.py:3096} INFO - Sync 1 DAGs
[2024-05-04T12:32:32.209+0530] {logging_mixin.py:188} INFO - [2024-05-04T12:32:32.208+0530] {dag.py:3954} INFO - Setting next_dagrun for example_setup_teardown to 2024-05-03 00:00:00+00:00, run_after=2024-05-04 00:00:00+00:00
[2024-05-04T12:32:32.219+0530] {processor.py:183} INFO - Processing /usr/local/lib/python3.10/dist-packages/airflow/example_dags/example_setup_teardown.py took 0.038 seconds
[2024-05-04T12:33:49.468+0530] {processor.py:161} INFO - Started process (PID=13321) to work on /usr/local/lib/python3.10/dist-packages/airflow/example_dags/example_setup_teardown.py
[2024-05-04T12:33:49.469+0530] {processor.py:830} INFO - Processing file /usr/local/lib/python3.10/dist-packages/airflow/example_dags/example_setup_teardown.py for tasks to queue
[2024-05-04T12:33:49.470+0530] {logging_mixin.py:188} INFO - [2024-05-04T12:33:49.470+0530] {dagbag.py:540} INFO - Filling up the DagBag from /usr/local/lib/python3.10/dist-packages/airflow/example_dags/example_setup_teardown.py
[2024-05-04T12:33:49.474+0530] {processor.py:840} INFO - DAG(s) 'example_setup_teardown' retrieved from /usr/local/lib/python3.10/dist-packages/airflow/example_dags/example_setup_teardown.py
[2024-05-04T12:33:49.481+0530] {logging_mixin.py:188} INFO - [2024-05-04T12:33:49.481+0530] {dag.py:3096} INFO - Sync 1 DAGs
[2024-05-04T12:33:49.488+0530] {logging_mixin.py:188} INFO - [2024-05-04T12:33:49.488+0530] {dag.py:3954} INFO - Setting next_dagrun for example_setup_teardown to 2024-05-03 00:00:00+00:00, run_after=2024-05-04 00:00:00+00:00
[2024-05-04T12:33:49.498+0530] {processor.py:183} INFO - Processing /usr/local/lib/python3.10/dist-packages/airflow/example_dags/example_setup_teardown.py took 0.037 seconds
[2024-05-04T12:34:41.931+0530] {processor.py:161} INFO - Started process (PID=13473) to work on /usr/local/lib/python3.10/dist-packages/airflow/example_dags/example_setup_teardown.py
[2024-05-04T12:34:41.931+0530] {processor.py:830} INFO - Processing file /usr/local/lib/python3.10/dist-packages/airflow/example_dags/example_setup_teardown.py for tasks to queue
[2024-05-04T12:34:41.933+0530] {logging_mixin.py:188} INFO - [2024-05-04T12:34:41.932+0530] {dagbag.py:540} INFO - Filling up the DagBag from /usr/local/lib/python3.10/dist-packages/airflow/example_dags/example_setup_teardown.py
[2024-05-04T12:34:41.938+0530] {processor.py:840} INFO - DAG(s) 'example_setup_teardown' retrieved from /usr/local/lib/python3.10/dist-packages/airflow/example_dags/example_setup_teardown.py
[2024-05-04T12:34:41.945+0530] {logging_mixin.py:188} INFO - [2024-05-04T12:34:41.945+0530] {dag.py:3096} INFO - Sync 1 DAGs
[2024-05-04T12:34:41.953+0530] {logging_mixin.py:188} INFO - [2024-05-04T12:34:41.953+0530] {dag.py:3954} INFO - Setting next_dagrun for example_setup_teardown to 2024-05-03 00:00:00+00:00, run_after=2024-05-04 00:00:00+00:00
[2024-05-04T12:34:41.963+0530] {processor.py:183} INFO - Processing /usr/local/lib/python3.10/dist-packages/airflow/example_dags/example_setup_teardown.py took 0.038 seconds
[2024-05-04T12:35:35.553+0530] {processor.py:161} INFO - Started process (PID=13641) to work on /usr/local/lib/python3.10/dist-packages/airflow/example_dags/example_setup_teardown.py
[2024-05-04T12:35:35.554+0530] {processor.py:830} INFO - Processing file /usr/local/lib/python3.10/dist-packages/airflow/example_dags/example_setup_teardown.py for tasks to queue
[2024-05-04T12:35:35.555+0530] {logging_mixin.py:188} INFO - [2024-05-04T12:35:35.555+0530] {dagbag.py:540} INFO - Filling up the DagBag from /usr/local/lib/python3.10/dist-packages/airflow/example_dags/example_setup_teardown.py
[2024-05-04T12:35:35.559+0530] {processor.py:840} INFO - DAG(s) 'example_setup_teardown' retrieved from /usr/local/lib/python3.10/dist-packages/airflow/example_dags/example_setup_teardown.py
[2024-05-04T12:35:35.565+0530] {logging_mixin.py:188} INFO - [2024-05-04T12:35:35.565+0530] {dag.py:3096} INFO - Sync 1 DAGs
[2024-05-04T12:35:35.573+0530] {logging_mixin.py:188} INFO - [2024-05-04T12:35:35.572+0530] {dag.py:3954} INFO - Setting next_dagrun for example_setup_teardown to 2024-05-03 00:00:00+00:00, run_after=2024-05-04 00:00:00+00:00
[2024-05-04T12:35:35.582+0530] {processor.py:183} INFO - Processing /usr/local/lib/python3.10/dist-packages/airflow/example_dags/example_setup_teardown.py took 0.038 seconds
[2024-05-04T12:36:48.381+0530] {processor.py:161} INFO - Started process (PID=13804) to work on /usr/local/lib/python3.10/dist-packages/airflow/example_dags/example_setup_teardown.py
[2024-05-04T12:36:48.382+0530] {processor.py:830} INFO - Processing file /usr/local/lib/python3.10/dist-packages/airflow/example_dags/example_setup_teardown.py for tasks to queue
[2024-05-04T12:36:48.383+0530] {logging_mixin.py:188} INFO - [2024-05-04T12:36:48.383+0530] {dagbag.py:540} INFO - Filling up the DagBag from /usr/local/lib/python3.10/dist-packages/airflow/example_dags/example_setup_teardown.py
[2024-05-04T12:36:48.387+0530] {processor.py:840} INFO - DAG(s) 'example_setup_teardown' retrieved from /usr/local/lib/python3.10/dist-packages/airflow/example_dags/example_setup_teardown.py
[2024-05-04T12:36:48.394+0530] {logging_mixin.py:188} INFO - [2024-05-04T12:36:48.394+0530] {dag.py:3096} INFO - Sync 1 DAGs
[2024-05-04T12:36:48.401+0530] {logging_mixin.py:188} INFO - [2024-05-04T12:36:48.401+0530] {dag.py:3954} INFO - Setting next_dagrun for example_setup_teardown to 2024-05-03 00:00:00+00:00, run_after=2024-05-04 00:00:00+00:00
[2024-05-04T12:36:48.411+0530] {processor.py:183} INFO - Processing /usr/local/lib/python3.10/dist-packages/airflow/example_dags/example_setup_teardown.py took 0.039 seconds
[2024-05-04T12:37:42.110+0530] {processor.py:161} INFO - Started process (PID=13935) to work on /usr/local/lib/python3.10/dist-packages/airflow/example_dags/example_setup_teardown.py
[2024-05-04T12:37:42.111+0530] {processor.py:830} INFO - Processing file /usr/local/lib/python3.10/dist-packages/airflow/example_dags/example_setup_teardown.py for tasks to queue
[2024-05-04T12:37:42.113+0530] {logging_mixin.py:188} INFO - [2024-05-04T12:37:42.112+0530] {dagbag.py:540} INFO - Filling up the DagBag from /usr/local/lib/python3.10/dist-packages/airflow/example_dags/example_setup_teardown.py
[2024-05-04T12:37:42.118+0530] {processor.py:840} INFO - DAG(s) 'example_setup_teardown' retrieved from /usr/local/lib/python3.10/dist-packages/airflow/example_dags/example_setup_teardown.py
[2024-05-04T12:37:42.124+0530] {logging_mixin.py:188} INFO - [2024-05-04T12:37:42.124+0530] {dag.py:3096} INFO - Sync 1 DAGs
[2024-05-04T12:37:42.132+0530] {logging_mixin.py:188} INFO - [2024-05-04T12:37:42.132+0530] {dag.py:3954} INFO - Setting next_dagrun for example_setup_teardown to 2024-05-03 00:00:00+00:00, run_after=2024-05-04 00:00:00+00:00
[2024-05-04T12:37:42.141+0530] {processor.py:183} INFO - Processing /usr/local/lib/python3.10/dist-packages/airflow/example_dags/example_setup_teardown.py took 0.042 seconds
[2024-05-04T12:39:00.878+0530] {processor.py:161} INFO - Started process (PID=14252) to work on /usr/local/lib/python3.10/dist-packages/airflow/example_dags/example_setup_teardown.py
[2024-05-04T12:39:00.878+0530] {processor.py:830} INFO - Processing file /usr/local/lib/python3.10/dist-packages/airflow/example_dags/example_setup_teardown.py for tasks to queue
[2024-05-04T12:39:00.879+0530] {logging_mixin.py:188} INFO - [2024-05-04T12:39:00.879+0530] {dagbag.py:540} INFO - Filling up the DagBag from /usr/local/lib/python3.10/dist-packages/airflow/example_dags/example_setup_teardown.py
[2024-05-04T12:39:00.881+0530] {processor.py:840} INFO - DAG(s) 'example_setup_teardown' retrieved from /usr/local/lib/python3.10/dist-packages/airflow/example_dags/example_setup_teardown.py
[2024-05-04T12:39:00.887+0530] {logging_mixin.py:188} INFO - [2024-05-04T12:39:00.887+0530] {dag.py:3096} INFO - Sync 1 DAGs
[2024-05-04T12:39:00.895+0530] {logging_mixin.py:188} INFO - [2024-05-04T12:39:00.895+0530] {dag.py:3954} INFO - Setting next_dagrun for example_setup_teardown to 2024-05-03 00:00:00+00:00, run_after=2024-05-04 00:00:00+00:00
[2024-05-04T12:39:00.905+0530] {processor.py:183} INFO - Processing /usr/local/lib/python3.10/dist-packages/airflow/example_dags/example_setup_teardown.py took 0.031 seconds
[2024-05-04T12:39:52.099+0530] {processor.py:161} INFO - Started process (PID=14454) to work on /usr/local/lib/python3.10/dist-packages/airflow/example_dags/example_setup_teardown.py
[2024-05-04T12:39:52.100+0530] {processor.py:830} INFO - Processing file /usr/local/lib/python3.10/dist-packages/airflow/example_dags/example_setup_teardown.py for tasks to queue
[2024-05-04T12:39:52.101+0530] {logging_mixin.py:188} INFO - [2024-05-04T12:39:52.101+0530] {dagbag.py:540} INFO - Filling up the DagBag from /usr/local/lib/python3.10/dist-packages/airflow/example_dags/example_setup_teardown.py
[2024-05-04T12:39:52.107+0530] {processor.py:840} INFO - DAG(s) 'example_setup_teardown' retrieved from /usr/local/lib/python3.10/dist-packages/airflow/example_dags/example_setup_teardown.py
[2024-05-04T12:39:52.115+0530] {logging_mixin.py:188} INFO - [2024-05-04T12:39:52.115+0530] {dag.py:3096} INFO - Sync 1 DAGs
[2024-05-04T12:39:52.123+0530] {logging_mixin.py:188} INFO - [2024-05-04T12:39:52.123+0530] {dag.py:3954} INFO - Setting next_dagrun for example_setup_teardown to 2024-05-03 00:00:00+00:00, run_after=2024-05-04 00:00:00+00:00
[2024-05-04T12:39:52.132+0530] {processor.py:183} INFO - Processing /usr/local/lib/python3.10/dist-packages/airflow/example_dags/example_setup_teardown.py took 0.039 seconds
[2024-05-04T12:41:09.344+0530] {processor.py:161} INFO - Started process (PID=14712) to work on /usr/local/lib/python3.10/dist-packages/airflow/example_dags/example_setup_teardown.py
[2024-05-04T12:41:09.345+0530] {processor.py:830} INFO - Processing file /usr/local/lib/python3.10/dist-packages/airflow/example_dags/example_setup_teardown.py for tasks to queue
[2024-05-04T12:41:09.347+0530] {logging_mixin.py:188} INFO - [2024-05-04T12:41:09.346+0530] {dagbag.py:540} INFO - Filling up the DagBag from /usr/local/lib/python3.10/dist-packages/airflow/example_dags/example_setup_teardown.py
[2024-05-04T12:41:09.352+0530] {processor.py:840} INFO - DAG(s) 'example_setup_teardown' retrieved from /usr/local/lib/python3.10/dist-packages/airflow/example_dags/example_setup_teardown.py
[2024-05-04T12:41:09.360+0530] {logging_mixin.py:188} INFO - [2024-05-04T12:41:09.359+0530] {dag.py:3096} INFO - Sync 1 DAGs
[2024-05-04T12:41:09.367+0530] {logging_mixin.py:188} INFO - [2024-05-04T12:41:09.367+0530] {dag.py:3954} INFO - Setting next_dagrun for example_setup_teardown to 2024-05-03 00:00:00+00:00, run_after=2024-05-04 00:00:00+00:00
[2024-05-04T12:41:09.381+0530] {processor.py:183} INFO - Processing /usr/local/lib/python3.10/dist-packages/airflow/example_dags/example_setup_teardown.py took 0.041 seconds
[2024-05-04T12:41:59.615+0530] {processor.py:161} INFO - Started process (PID=14879) to work on /usr/local/lib/python3.10/dist-packages/airflow/example_dags/example_setup_teardown.py
[2024-05-04T12:41:59.615+0530] {processor.py:830} INFO - Processing file /usr/local/lib/python3.10/dist-packages/airflow/example_dags/example_setup_teardown.py for tasks to queue
[2024-05-04T12:41:59.617+0530] {logging_mixin.py:188} INFO - [2024-05-04T12:41:59.616+0530] {dagbag.py:540} INFO - Filling up the DagBag from /usr/local/lib/python3.10/dist-packages/airflow/example_dags/example_setup_teardown.py
[2024-05-04T12:41:59.620+0530] {processor.py:840} INFO - DAG(s) 'example_setup_teardown' retrieved from /usr/local/lib/python3.10/dist-packages/airflow/example_dags/example_setup_teardown.py
[2024-05-04T12:41:59.626+0530] {logging_mixin.py:188} INFO - [2024-05-04T12:41:59.626+0530] {dag.py:3096} INFO - Sync 1 DAGs
[2024-05-04T12:41:59.633+0530] {logging_mixin.py:188} INFO - [2024-05-04T12:41:59.633+0530] {dag.py:3954} INFO - Setting next_dagrun for example_setup_teardown to 2024-05-03 00:00:00+00:00, run_after=2024-05-04 00:00:00+00:00
[2024-05-04T12:41:59.643+0530] {processor.py:183} INFO - Processing /usr/local/lib/python3.10/dist-packages/airflow/example_dags/example_setup_teardown.py took 0.034 seconds
[2024-05-04T12:43:15.841+0530] {processor.py:161} INFO - Started process (PID=15136) to work on /usr/local/lib/python3.10/dist-packages/airflow/example_dags/example_setup_teardown.py
[2024-05-04T12:43:15.841+0530] {processor.py:830} INFO - Processing file /usr/local/lib/python3.10/dist-packages/airflow/example_dags/example_setup_teardown.py for tasks to queue
[2024-05-04T12:43:15.842+0530] {logging_mixin.py:188} INFO - [2024-05-04T12:43:15.842+0530] {dagbag.py:540} INFO - Filling up the DagBag from /usr/local/lib/python3.10/dist-packages/airflow/example_dags/example_setup_teardown.py
[2024-05-04T12:43:15.844+0530] {processor.py:840} INFO - DAG(s) 'example_setup_teardown' retrieved from /usr/local/lib/python3.10/dist-packages/airflow/example_dags/example_setup_teardown.py
[2024-05-04T12:43:15.850+0530] {logging_mixin.py:188} INFO - [2024-05-04T12:43:15.850+0530] {dag.py:3096} INFO - Sync 1 DAGs
[2024-05-04T12:43:15.858+0530] {logging_mixin.py:188} INFO - [2024-05-04T12:43:15.858+0530] {dag.py:3954} INFO - Setting next_dagrun for example_setup_teardown to 2024-05-03 00:00:00+00:00, run_after=2024-05-04 00:00:00+00:00
[2024-05-04T12:43:15.867+0530] {processor.py:183} INFO - Processing /usr/local/lib/python3.10/dist-packages/airflow/example_dags/example_setup_teardown.py took 0.029 seconds
[2024-05-04T12:44:32.306+0530] {processor.py:161} INFO - Started process (PID=15388) to work on /usr/local/lib/python3.10/dist-packages/airflow/example_dags/example_setup_teardown.py
[2024-05-04T12:44:32.306+0530] {processor.py:830} INFO - Processing file /usr/local/lib/python3.10/dist-packages/airflow/example_dags/example_setup_teardown.py for tasks to queue
[2024-05-04T12:44:32.307+0530] {logging_mixin.py:188} INFO - [2024-05-04T12:44:32.307+0530] {dagbag.py:540} INFO - Filling up the DagBag from /usr/local/lib/python3.10/dist-packages/airflow/example_dags/example_setup_teardown.py
[2024-05-04T12:44:32.310+0530] {processor.py:840} INFO - DAG(s) 'example_setup_teardown' retrieved from /usr/local/lib/python3.10/dist-packages/airflow/example_dags/example_setup_teardown.py
[2024-05-04T12:44:32.316+0530] {logging_mixin.py:188} INFO - [2024-05-04T12:44:32.316+0530] {dag.py:3096} INFO - Sync 1 DAGs
[2024-05-04T12:44:32.323+0530] {logging_mixin.py:188} INFO - [2024-05-04T12:44:32.323+0530] {dag.py:3954} INFO - Setting next_dagrun for example_setup_teardown to 2024-05-03 00:00:00+00:00, run_after=2024-05-04 00:00:00+00:00
[2024-05-04T12:44:32.333+0530] {processor.py:183} INFO - Processing /usr/local/lib/python3.10/dist-packages/airflow/example_dags/example_setup_teardown.py took 0.033 seconds
[2024-05-04T12:45:46.972+0530] {processor.py:161} INFO - Started process (PID=15671) to work on /usr/local/lib/python3.10/dist-packages/airflow/example_dags/example_setup_teardown.py
[2024-05-04T12:45:46.973+0530] {processor.py:830} INFO - Processing file /usr/local/lib/python3.10/dist-packages/airflow/example_dags/example_setup_teardown.py for tasks to queue
[2024-05-04T12:45:46.975+0530] {logging_mixin.py:188} INFO - [2024-05-04T12:45:46.974+0530] {dagbag.py:540} INFO - Filling up the DagBag from /usr/local/lib/python3.10/dist-packages/airflow/example_dags/example_setup_teardown.py
[2024-05-04T12:45:46.979+0530] {processor.py:840} INFO - DAG(s) 'example_setup_teardown' retrieved from /usr/local/lib/python3.10/dist-packages/airflow/example_dags/example_setup_teardown.py
[2024-05-04T12:45:46.986+0530] {logging_mixin.py:188} INFO - [2024-05-04T12:45:46.986+0530] {dag.py:3096} INFO - Sync 1 DAGs
[2024-05-04T12:45:46.993+0530] {logging_mixin.py:188} INFO - [2024-05-04T12:45:46.993+0530] {dag.py:3954} INFO - Setting next_dagrun for example_setup_teardown to 2024-05-03 00:00:00+00:00, run_after=2024-05-04 00:00:00+00:00
[2024-05-04T12:45:47.003+0530] {processor.py:183} INFO - Processing /usr/local/lib/python3.10/dist-packages/airflow/example_dags/example_setup_teardown.py took 0.042 seconds
[2024-05-04T12:47:02.964+0530] {processor.py:161} INFO - Started process (PID=15981) to work on /usr/local/lib/python3.10/dist-packages/airflow/example_dags/example_setup_teardown.py
[2024-05-04T12:47:02.965+0530] {processor.py:830} INFO - Processing file /usr/local/lib/python3.10/dist-packages/airflow/example_dags/example_setup_teardown.py for tasks to queue
[2024-05-04T12:47:02.967+0530] {logging_mixin.py:188} INFO - [2024-05-04T12:47:02.966+0530] {dagbag.py:540} INFO - Filling up the DagBag from /usr/local/lib/python3.10/dist-packages/airflow/example_dags/example_setup_teardown.py
[2024-05-04T12:47:02.971+0530] {processor.py:840} INFO - DAG(s) 'example_setup_teardown' retrieved from /usr/local/lib/python3.10/dist-packages/airflow/example_dags/example_setup_teardown.py
[2024-05-04T12:47:02.977+0530] {logging_mixin.py:188} INFO - [2024-05-04T12:47:02.977+0530] {dag.py:3096} INFO - Sync 1 DAGs
[2024-05-04T12:47:02.984+0530] {logging_mixin.py:188} INFO - [2024-05-04T12:47:02.984+0530] {dag.py:3954} INFO - Setting next_dagrun for example_setup_teardown to 2024-05-03 00:00:00+00:00, run_after=2024-05-04 00:00:00+00:00
[2024-05-04T12:47:02.994+0530] {processor.py:183} INFO - Processing /usr/local/lib/python3.10/dist-packages/airflow/example_dags/example_setup_teardown.py took 0.039 seconds
[2024-05-04T12:47:55.609+0530] {processor.py:161} INFO - Started process (PID=16184) to work on /usr/local/lib/python3.10/dist-packages/airflow/example_dags/example_setup_teardown.py
[2024-05-04T12:47:55.610+0530] {processor.py:830} INFO - Processing file /usr/local/lib/python3.10/dist-packages/airflow/example_dags/example_setup_teardown.py for tasks to queue
[2024-05-04T12:47:55.611+0530] {logging_mixin.py:188} INFO - [2024-05-04T12:47:55.611+0530] {dagbag.py:540} INFO - Filling up the DagBag from /usr/local/lib/python3.10/dist-packages/airflow/example_dags/example_setup_teardown.py
[2024-05-04T12:47:55.617+0530] {processor.py:840} INFO - DAG(s) 'example_setup_teardown' retrieved from /usr/local/lib/python3.10/dist-packages/airflow/example_dags/example_setup_teardown.py
[2024-05-04T12:47:55.624+0530] {logging_mixin.py:188} INFO - [2024-05-04T12:47:55.624+0530] {dag.py:3096} INFO - Sync 1 DAGs
[2024-05-04T12:47:55.632+0530] {logging_mixin.py:188} INFO - [2024-05-04T12:47:55.631+0530] {dag.py:3954} INFO - Setting next_dagrun for example_setup_teardown to 2024-05-03 00:00:00+00:00, run_after=2024-05-04 00:00:00+00:00
[2024-05-04T12:47:55.641+0530] {processor.py:183} INFO - Processing /usr/local/lib/python3.10/dist-packages/airflow/example_dags/example_setup_teardown.py took 0.038 seconds
[2024-05-04T12:49:12.451+0530] {processor.py:161} INFO - Started process (PID=16450) to work on /usr/local/lib/python3.10/dist-packages/airflow/example_dags/example_setup_teardown.py
[2024-05-04T12:49:12.452+0530] {processor.py:830} INFO - Processing file /usr/local/lib/python3.10/dist-packages/airflow/example_dags/example_setup_teardown.py for tasks to queue
[2024-05-04T12:49:12.454+0530] {logging_mixin.py:188} INFO - [2024-05-04T12:49:12.453+0530] {dagbag.py:540} INFO - Filling up the DagBag from /usr/local/lib/python3.10/dist-packages/airflow/example_dags/example_setup_teardown.py
[2024-05-04T12:49:12.458+0530] {processor.py:840} INFO - DAG(s) 'example_setup_teardown' retrieved from /usr/local/lib/python3.10/dist-packages/airflow/example_dags/example_setup_teardown.py
[2024-05-04T12:49:12.464+0530] {logging_mixin.py:188} INFO - [2024-05-04T12:49:12.464+0530] {dag.py:3096} INFO - Sync 1 DAGs
[2024-05-04T12:49:12.471+0530] {logging_mixin.py:188} INFO - [2024-05-04T12:49:12.471+0530] {dag.py:3954} INFO - Setting next_dagrun for example_setup_teardown to 2024-05-03 00:00:00+00:00, run_after=2024-05-04 00:00:00+00:00
[2024-05-04T12:49:12.481+0530] {processor.py:183} INFO - Processing /usr/local/lib/python3.10/dist-packages/airflow/example_dags/example_setup_teardown.py took 0.037 seconds
[2024-05-04T12:50:05.512+0530] {processor.py:161} INFO - Started process (PID=16741) to work on /usr/local/lib/python3.10/dist-packages/airflow/example_dags/example_setup_teardown.py
[2024-05-04T12:50:05.512+0530] {processor.py:830} INFO - Processing file /usr/local/lib/python3.10/dist-packages/airflow/example_dags/example_setup_teardown.py for tasks to queue
[2024-05-04T12:50:05.514+0530] {logging_mixin.py:188} INFO - [2024-05-04T12:50:05.513+0530] {dagbag.py:540} INFO - Filling up the DagBag from /usr/local/lib/python3.10/dist-packages/airflow/example_dags/example_setup_teardown.py
[2024-05-04T12:50:05.520+0530] {processor.py:840} INFO - DAG(s) 'example_setup_teardown' retrieved from /usr/local/lib/python3.10/dist-packages/airflow/example_dags/example_setup_teardown.py
[2024-05-04T12:50:05.530+0530] {logging_mixin.py:188} INFO - [2024-05-04T12:50:05.530+0530] {dag.py:3096} INFO - Sync 1 DAGs
[2024-05-04T12:50:05.540+0530] {logging_mixin.py:188} INFO - [2024-05-04T12:50:05.540+0530] {dag.py:3954} INFO - Setting next_dagrun for example_setup_teardown to 2024-05-03 00:00:00+00:00, run_after=2024-05-04 00:00:00+00:00
[2024-05-04T12:50:05.551+0530] {processor.py:183} INFO - Processing /usr/local/lib/python3.10/dist-packages/airflow/example_dags/example_setup_teardown.py took 0.044 seconds
[2024-05-04T12:51:19.726+0530] {processor.py:161} INFO - Started process (PID=16919) to work on /usr/local/lib/python3.10/dist-packages/airflow/example_dags/example_setup_teardown.py
[2024-05-04T12:51:19.727+0530] {processor.py:830} INFO - Processing file /usr/local/lib/python3.10/dist-packages/airflow/example_dags/example_setup_teardown.py for tasks to queue
[2024-05-04T12:51:19.729+0530] {logging_mixin.py:188} INFO - [2024-05-04T12:51:19.728+0530] {dagbag.py:540} INFO - Filling up the DagBag from /usr/local/lib/python3.10/dist-packages/airflow/example_dags/example_setup_teardown.py
[2024-05-04T12:51:19.734+0530] {processor.py:840} INFO - DAG(s) 'example_setup_teardown' retrieved from /usr/local/lib/python3.10/dist-packages/airflow/example_dags/example_setup_teardown.py
[2024-05-04T12:51:19.741+0530] {logging_mixin.py:188} INFO - [2024-05-04T12:51:19.741+0530] {dag.py:3096} INFO - Sync 1 DAGs
[2024-05-04T12:51:19.749+0530] {logging_mixin.py:188} INFO - [2024-05-04T12:51:19.748+0530] {dag.py:3954} INFO - Setting next_dagrun for example_setup_teardown to 2024-05-03 00:00:00+00:00, run_after=2024-05-04 00:00:00+00:00
[2024-05-04T12:51:19.758+0530] {processor.py:183} INFO - Processing /usr/local/lib/python3.10/dist-packages/airflow/example_dags/example_setup_teardown.py took 0.038 seconds
[2024-05-04T12:52:11.723+0530] {processor.py:161} INFO - Started process (PID=17059) to work on /usr/local/lib/python3.10/dist-packages/airflow/example_dags/example_setup_teardown.py
[2024-05-04T12:52:11.723+0530] {processor.py:830} INFO - Processing file /usr/local/lib/python3.10/dist-packages/airflow/example_dags/example_setup_teardown.py for tasks to queue
[2024-05-04T12:52:11.724+0530] {logging_mixin.py:188} INFO - [2024-05-04T12:52:11.724+0530] {dagbag.py:540} INFO - Filling up the DagBag from /usr/local/lib/python3.10/dist-packages/airflow/example_dags/example_setup_teardown.py
[2024-05-04T12:52:11.727+0530] {processor.py:840} INFO - DAG(s) 'example_setup_teardown' retrieved from /usr/local/lib/python3.10/dist-packages/airflow/example_dags/example_setup_teardown.py
[2024-05-04T12:52:11.733+0530] {logging_mixin.py:188} INFO - [2024-05-04T12:52:11.733+0530] {dag.py:3096} INFO - Sync 1 DAGs
[2024-05-04T12:52:11.740+0530] {logging_mixin.py:188} INFO - [2024-05-04T12:52:11.740+0530] {dag.py:3954} INFO - Setting next_dagrun for example_setup_teardown to 2024-05-03 00:00:00+00:00, run_after=2024-05-04 00:00:00+00:00
[2024-05-04T12:52:11.750+0530] {processor.py:183} INFO - Processing /usr/local/lib/python3.10/dist-packages/airflow/example_dags/example_setup_teardown.py took 0.033 seconds
[2024-05-04T12:53:04.444+0530] {processor.py:161} INFO - Started process (PID=17198) to work on /usr/local/lib/python3.10/dist-packages/airflow/example_dags/example_setup_teardown.py
[2024-05-04T12:53:04.445+0530] {processor.py:830} INFO - Processing file /usr/local/lib/python3.10/dist-packages/airflow/example_dags/example_setup_teardown.py for tasks to queue
[2024-05-04T12:53:04.445+0530] {logging_mixin.py:188} INFO - [2024-05-04T12:53:04.445+0530] {dagbag.py:540} INFO - Filling up the DagBag from /usr/local/lib/python3.10/dist-packages/airflow/example_dags/example_setup_teardown.py
[2024-05-04T12:53:04.448+0530] {processor.py:840} INFO - DAG(s) 'example_setup_teardown' retrieved from /usr/local/lib/python3.10/dist-packages/airflow/example_dags/example_setup_teardown.py
[2024-05-04T12:53:04.454+0530] {logging_mixin.py:188} INFO - [2024-05-04T12:53:04.454+0530] {dag.py:3096} INFO - Sync 1 DAGs
[2024-05-04T12:53:04.461+0530] {logging_mixin.py:188} INFO - [2024-05-04T12:53:04.461+0530] {dag.py:3954} INFO - Setting next_dagrun for example_setup_teardown to 2024-05-03 00:00:00+00:00, run_after=2024-05-04 00:00:00+00:00
[2024-05-04T12:53:04.471+0530] {processor.py:183} INFO - Processing /usr/local/lib/python3.10/dist-packages/airflow/example_dags/example_setup_teardown.py took 0.032 seconds
[2024-05-04T12:54:19.448+0530] {processor.py:161} INFO - Started process (PID=17417) to work on /usr/local/lib/python3.10/dist-packages/airflow/example_dags/example_setup_teardown.py
[2024-05-04T12:54:19.449+0530] {processor.py:830} INFO - Processing file /usr/local/lib/python3.10/dist-packages/airflow/example_dags/example_setup_teardown.py for tasks to queue
[2024-05-04T12:54:19.450+0530] {logging_mixin.py:188} INFO - [2024-05-04T12:54:19.450+0530] {dagbag.py:540} INFO - Filling up the DagBag from /usr/local/lib/python3.10/dist-packages/airflow/example_dags/example_setup_teardown.py
[2024-05-04T12:54:19.452+0530] {processor.py:840} INFO - DAG(s) 'example_setup_teardown' retrieved from /usr/local/lib/python3.10/dist-packages/airflow/example_dags/example_setup_teardown.py
[2024-05-04T12:54:19.458+0530] {logging_mixin.py:188} INFO - [2024-05-04T12:54:19.458+0530] {dag.py:3096} INFO - Sync 1 DAGs
[2024-05-04T12:54:19.466+0530] {logging_mixin.py:188} INFO - [2024-05-04T12:54:19.465+0530] {dag.py:3954} INFO - Setting next_dagrun for example_setup_teardown to 2024-05-03 00:00:00+00:00, run_after=2024-05-04 00:00:00+00:00
[2024-05-04T12:54:19.476+0530] {processor.py:183} INFO - Processing /usr/local/lib/python3.10/dist-packages/airflow/example_dags/example_setup_teardown.py took 0.033 seconds
