[2024-05-04T12:09:51.219+0530] {processor.py:161} INFO - Started process (PID=7023) to work on /usr/local/lib/python3.10/dist-packages/airflow/example_dags/example_params_trigger_ui.py
[2024-05-04T12:09:51.219+0530] {processor.py:830} INFO - Processing file /usr/local/lib/python3.10/dist-packages/airflow/example_dags/example_params_trigger_ui.py for tasks to queue
[2024-05-04T12:09:51.220+0530] {logging_mixin.py:188} INFO - [2024-05-04T12:09:51.220+0530] {dagbag.py:540} INFO - Filling up the DagBag from /usr/local/lib/python3.10/dist-packages/airflow/example_dags/example_params_trigger_ui.py
[2024-05-04T12:09:51.226+0530] {processor.py:840} INFO - DAG(s) 'example_params_trigger_ui' retrieved from /usr/local/lib/python3.10/dist-packages/airflow/example_dags/example_params_trigger_ui.py
[2024-05-04T12:09:51.244+0530] {logging_mixin.py:188} INFO - [2024-05-04T12:09:51.244+0530] {dag.py:3096} INFO - Sync 1 DAGs
[2024-05-04T12:09:51.249+0530] {logging_mixin.py:188} INFO - [2024-05-04T12:09:51.249+0530] {dag.py:3954} INFO - Setting next_dagrun for example_params_trigger_ui to None, run_after=None
[2024-05-04T12:09:51.259+0530] {processor.py:183} INFO - Processing /usr/local/lib/python3.10/dist-packages/airflow/example_dags/example_params_trigger_ui.py took 0.043 seconds
[2024-05-04T12:10:46.664+0530] {processor.py:161} INFO - Started process (PID=7545) to work on /usr/local/lib/python3.10/dist-packages/airflow/example_dags/example_params_trigger_ui.py
[2024-05-04T12:10:46.665+0530] {processor.py:830} INFO - Processing file /usr/local/lib/python3.10/dist-packages/airflow/example_dags/example_params_trigger_ui.py for tasks to queue
[2024-05-04T12:10:46.667+0530] {logging_mixin.py:188} INFO - [2024-05-04T12:10:46.666+0530] {dagbag.py:540} INFO - Filling up the DagBag from /usr/local/lib/python3.10/dist-packages/airflow/example_dags/example_params_trigger_ui.py
[2024-05-04T12:10:46.674+0530] {processor.py:840} INFO - DAG(s) 'example_params_trigger_ui' retrieved from /usr/local/lib/python3.10/dist-packages/airflow/example_dags/example_params_trigger_ui.py
[2024-05-04T12:10:46.689+0530] {logging_mixin.py:188} INFO - [2024-05-04T12:10:46.689+0530] {dag.py:3096} INFO - Sync 1 DAGs
[2024-05-04T12:10:46.694+0530] {logging_mixin.py:188} INFO - [2024-05-04T12:10:46.694+0530] {dag.py:3954} INFO - Setting next_dagrun for example_params_trigger_ui to None, run_after=None
[2024-05-04T12:10:46.704+0530] {processor.py:183} INFO - Processing /usr/local/lib/python3.10/dist-packages/airflow/example_dags/example_params_trigger_ui.py took 0.049 seconds
[2024-05-04T12:11:41.897+0530] {processor.py:161} INFO - Started process (PID=7898) to work on /usr/local/lib/python3.10/dist-packages/airflow/example_dags/example_params_trigger_ui.py
[2024-05-04T12:11:41.898+0530] {processor.py:830} INFO - Processing file /usr/local/lib/python3.10/dist-packages/airflow/example_dags/example_params_trigger_ui.py for tasks to queue
[2024-05-04T12:11:41.898+0530] {logging_mixin.py:188} INFO - [2024-05-04T12:11:41.898+0530] {dagbag.py:540} INFO - Filling up the DagBag from /usr/local/lib/python3.10/dist-packages/airflow/example_dags/example_params_trigger_ui.py
[2024-05-04T12:11:41.904+0530] {processor.py:840} INFO - DAG(s) 'example_params_trigger_ui' retrieved from /usr/local/lib/python3.10/dist-packages/airflow/example_dags/example_params_trigger_ui.py
[2024-05-04T12:11:41.919+0530] {logging_mixin.py:188} INFO - [2024-05-04T12:11:41.919+0530] {dag.py:3096} INFO - Sync 1 DAGs
[2024-05-04T12:11:41.924+0530] {logging_mixin.py:188} INFO - [2024-05-04T12:11:41.924+0530] {dag.py:3954} INFO - Setting next_dagrun for example_params_trigger_ui to None, run_after=None
[2024-05-04T12:11:41.934+0530] {processor.py:183} INFO - Processing /usr/local/lib/python3.10/dist-packages/airflow/example_dags/example_params_trigger_ui.py took 0.040 seconds
[2024-05-04T12:12:51.278+0530] {processor.py:161} INFO - Started process (PID=8727) to work on /usr/local/lib/python3.10/dist-packages/airflow/example_dags/example_params_trigger_ui.py
[2024-05-04T12:12:51.278+0530] {processor.py:830} INFO - Processing file /usr/local/lib/python3.10/dist-packages/airflow/example_dags/example_params_trigger_ui.py for tasks to queue
[2024-05-04T12:12:51.279+0530] {logging_mixin.py:188} INFO - [2024-05-04T12:12:51.279+0530] {dagbag.py:540} INFO - Filling up the DagBag from /usr/local/lib/python3.10/dist-packages/airflow/example_dags/example_params_trigger_ui.py
[2024-05-04T12:12:51.284+0530] {processor.py:840} INFO - DAG(s) 'example_params_trigger_ui' retrieved from /usr/local/lib/python3.10/dist-packages/airflow/example_dags/example_params_trigger_ui.py
[2024-05-04T12:12:51.300+0530] {logging_mixin.py:188} INFO - [2024-05-04T12:12:51.300+0530] {dag.py:3096} INFO - Sync 1 DAGs
[2024-05-04T12:12:51.304+0530] {logging_mixin.py:188} INFO - [2024-05-04T12:12:51.304+0530] {dag.py:3954} INFO - Setting next_dagrun for example_params_trigger_ui to None, run_after=None
[2024-05-04T12:12:51.314+0530] {processor.py:183} INFO - Processing /usr/local/lib/python3.10/dist-packages/airflow/example_dags/example_params_trigger_ui.py took 0.041 seconds
[2024-05-04T12:13:47.691+0530] {processor.py:161} INFO - Started process (PID=9071) to work on /usr/local/lib/python3.10/dist-packages/airflow/example_dags/example_params_trigger_ui.py
[2024-05-04T12:13:47.691+0530] {processor.py:830} INFO - Processing file /usr/local/lib/python3.10/dist-packages/airflow/example_dags/example_params_trigger_ui.py for tasks to queue
[2024-05-04T12:13:47.693+0530] {logging_mixin.py:188} INFO - [2024-05-04T12:13:47.692+0530] {dagbag.py:540} INFO - Filling up the DagBag from /usr/local/lib/python3.10/dist-packages/airflow/example_dags/example_params_trigger_ui.py
[2024-05-04T12:13:47.702+0530] {processor.py:840} INFO - DAG(s) 'example_params_trigger_ui' retrieved from /usr/local/lib/python3.10/dist-packages/airflow/example_dags/example_params_trigger_ui.py
[2024-05-04T12:13:47.717+0530] {logging_mixin.py:188} INFO - [2024-05-04T12:13:47.717+0530] {dag.py:3096} INFO - Sync 1 DAGs
[2024-05-04T12:13:47.721+0530] {logging_mixin.py:188} INFO - [2024-05-04T12:13:47.721+0530] {dag.py:3954} INFO - Setting next_dagrun for example_params_trigger_ui to None, run_after=None
[2024-05-04T12:13:47.732+0530] {processor.py:183} INFO - Processing /usr/local/lib/python3.10/dist-packages/airflow/example_dags/example_params_trigger_ui.py took 0.044 seconds
[2024-05-04T12:14:39.128+0530] {processor.py:161} INFO - Started process (PID=9210) to work on /usr/local/lib/python3.10/dist-packages/airflow/example_dags/example_params_trigger_ui.py
[2024-05-04T12:14:39.128+0530] {processor.py:830} INFO - Processing file /usr/local/lib/python3.10/dist-packages/airflow/example_dags/example_params_trigger_ui.py for tasks to queue
[2024-05-04T12:14:39.130+0530] {logging_mixin.py:188} INFO - [2024-05-04T12:14:39.129+0530] {dagbag.py:540} INFO - Filling up the DagBag from /usr/local/lib/python3.10/dist-packages/airflow/example_dags/example_params_trigger_ui.py
[2024-05-04T12:14:39.139+0530] {processor.py:840} INFO - DAG(s) 'example_params_trigger_ui' retrieved from /usr/local/lib/python3.10/dist-packages/airflow/example_dags/example_params_trigger_ui.py
[2024-05-04T12:14:39.154+0530] {logging_mixin.py:188} INFO - [2024-05-04T12:14:39.154+0530] {dag.py:3096} INFO - Sync 1 DAGs
[2024-05-04T12:14:39.158+0530] {logging_mixin.py:188} INFO - [2024-05-04T12:14:39.158+0530] {dag.py:3954} INFO - Setting next_dagrun for example_params_trigger_ui to None, run_after=None
[2024-05-04T12:14:39.168+0530] {processor.py:183} INFO - Processing /usr/local/lib/python3.10/dist-packages/airflow/example_dags/example_params_trigger_ui.py took 0.045 seconds
[2024-05-04T12:15:30.026+0530] {processor.py:161} INFO - Started process (PID=9411) to work on /usr/local/lib/python3.10/dist-packages/airflow/example_dags/example_params_trigger_ui.py
[2024-05-04T12:15:30.027+0530] {processor.py:830} INFO - Processing file /usr/local/lib/python3.10/dist-packages/airflow/example_dags/example_params_trigger_ui.py for tasks to queue
[2024-05-04T12:15:30.027+0530] {logging_mixin.py:188} INFO - [2024-05-04T12:15:30.027+0530] {dagbag.py:540} INFO - Filling up the DagBag from /usr/local/lib/python3.10/dist-packages/airflow/example_dags/example_params_trigger_ui.py
[2024-05-04T12:15:30.033+0530] {processor.py:840} INFO - DAG(s) 'example_params_trigger_ui' retrieved from /usr/local/lib/python3.10/dist-packages/airflow/example_dags/example_params_trigger_ui.py
[2024-05-04T12:15:30.048+0530] {logging_mixin.py:188} INFO - [2024-05-04T12:15:30.048+0530] {dag.py:3096} INFO - Sync 1 DAGs
[2024-05-04T12:15:30.052+0530] {logging_mixin.py:188} INFO - [2024-05-04T12:15:30.052+0530] {dag.py:3954} INFO - Setting next_dagrun for example_params_trigger_ui to None, run_after=None
[2024-05-04T12:15:30.062+0530] {processor.py:183} INFO - Processing /usr/local/lib/python3.10/dist-packages/airflow/example_dags/example_params_trigger_ui.py took 0.039 seconds
[2024-05-04T12:16:19.346+0530] {processor.py:161} INFO - Started process (PID=9536) to work on /usr/local/lib/python3.10/dist-packages/airflow/example_dags/example_params_trigger_ui.py
[2024-05-04T12:16:19.347+0530] {processor.py:830} INFO - Processing file /usr/local/lib/python3.10/dist-packages/airflow/example_dags/example_params_trigger_ui.py for tasks to queue
[2024-05-04T12:16:19.348+0530] {logging_mixin.py:188} INFO - [2024-05-04T12:16:19.348+0530] {dagbag.py:540} INFO - Filling up the DagBag from /usr/local/lib/python3.10/dist-packages/airflow/example_dags/example_params_trigger_ui.py
[2024-05-04T12:16:19.358+0530] {processor.py:840} INFO - DAG(s) 'example_params_trigger_ui' retrieved from /usr/local/lib/python3.10/dist-packages/airflow/example_dags/example_params_trigger_ui.py
[2024-05-04T12:16:19.373+0530] {logging_mixin.py:188} INFO - [2024-05-04T12:16:19.373+0530] {dag.py:3096} INFO - Sync 1 DAGs
[2024-05-04T12:16:19.377+0530] {logging_mixin.py:188} INFO - [2024-05-04T12:16:19.377+0530] {dag.py:3954} INFO - Setting next_dagrun for example_params_trigger_ui to None, run_after=None
[2024-05-04T12:16:19.387+0530] {processor.py:183} INFO - Processing /usr/local/lib/python3.10/dist-packages/airflow/example_dags/example_params_trigger_ui.py took 0.046 seconds
[2024-05-04T12:17:10.897+0530] {processor.py:161} INFO - Started process (PID=9815) to work on /usr/local/lib/python3.10/dist-packages/airflow/example_dags/example_params_trigger_ui.py
[2024-05-04T12:17:10.897+0530] {processor.py:830} INFO - Processing file /usr/local/lib/python3.10/dist-packages/airflow/example_dags/example_params_trigger_ui.py for tasks to queue
[2024-05-04T12:17:10.898+0530] {logging_mixin.py:188} INFO - [2024-05-04T12:17:10.898+0530] {dagbag.py:540} INFO - Filling up the DagBag from /usr/local/lib/python3.10/dist-packages/airflow/example_dags/example_params_trigger_ui.py
[2024-05-04T12:17:10.905+0530] {processor.py:840} INFO - DAG(s) 'example_params_trigger_ui' retrieved from /usr/local/lib/python3.10/dist-packages/airflow/example_dags/example_params_trigger_ui.py
[2024-05-04T12:17:10.920+0530] {logging_mixin.py:188} INFO - [2024-05-04T12:17:10.920+0530] {dag.py:3096} INFO - Sync 1 DAGs
[2024-05-04T12:17:10.924+0530] {logging_mixin.py:188} INFO - [2024-05-04T12:17:10.924+0530] {dag.py:3954} INFO - Setting next_dagrun for example_params_trigger_ui to None, run_after=None
[2024-05-04T12:17:10.934+0530] {processor.py:183} INFO - Processing /usr/local/lib/python3.10/dist-packages/airflow/example_dags/example_params_trigger_ui.py took 0.039 seconds
[2024-05-04T12:18:11.514+0530] {processor.py:161} INFO - Started process (PID=10574) to work on /usr/local/lib/python3.10/dist-packages/airflow/example_dags/example_params_trigger_ui.py
[2024-05-04T12:18:11.515+0530] {processor.py:830} INFO - Processing file /usr/local/lib/python3.10/dist-packages/airflow/example_dags/example_params_trigger_ui.py for tasks to queue
[2024-05-04T12:18:11.516+0530] {logging_mixin.py:188} INFO - [2024-05-04T12:18:11.515+0530] {dagbag.py:540} INFO - Filling up the DagBag from /usr/local/lib/python3.10/dist-packages/airflow/example_dags/example_params_trigger_ui.py
[2024-05-04T12:18:11.525+0530] {processor.py:840} INFO - DAG(s) 'example_params_trigger_ui' retrieved from /usr/local/lib/python3.10/dist-packages/airflow/example_dags/example_params_trigger_ui.py
[2024-05-04T12:18:11.545+0530] {logging_mixin.py:188} INFO - [2024-05-04T12:18:11.545+0530] {dag.py:3096} INFO - Sync 1 DAGs
[2024-05-04T12:18:11.550+0530] {logging_mixin.py:188} INFO - [2024-05-04T12:18:11.550+0530] {dag.py:3954} INFO - Setting next_dagrun for example_params_trigger_ui to None, run_after=None
[2024-05-04T12:18:11.560+0530] {processor.py:183} INFO - Processing /usr/local/lib/python3.10/dist-packages/airflow/example_dags/example_params_trigger_ui.py took 0.050 seconds
[2024-05-04T12:19:08.426+0530] {processor.py:161} INFO - Started process (PID=10899) to work on /usr/local/lib/python3.10/dist-packages/airflow/example_dags/example_params_trigger_ui.py
[2024-05-04T12:19:08.426+0530] {processor.py:830} INFO - Processing file /usr/local/lib/python3.10/dist-packages/airflow/example_dags/example_params_trigger_ui.py for tasks to queue
[2024-05-04T12:19:08.428+0530] {logging_mixin.py:188} INFO - [2024-05-04T12:19:08.427+0530] {dagbag.py:540} INFO - Filling up the DagBag from /usr/local/lib/python3.10/dist-packages/airflow/example_dags/example_params_trigger_ui.py
[2024-05-04T12:19:08.436+0530] {processor.py:840} INFO - DAG(s) 'example_params_trigger_ui' retrieved from /usr/local/lib/python3.10/dist-packages/airflow/example_dags/example_params_trigger_ui.py
[2024-05-04T12:19:08.452+0530] {logging_mixin.py:188} INFO - [2024-05-04T12:19:08.452+0530] {dag.py:3096} INFO - Sync 1 DAGs
[2024-05-04T12:19:08.456+0530] {logging_mixin.py:188} INFO - [2024-05-04T12:19:08.456+0530] {dag.py:3954} INFO - Setting next_dagrun for example_params_trigger_ui to None, run_after=None
[2024-05-04T12:19:08.466+0530] {processor.py:183} INFO - Processing /usr/local/lib/python3.10/dist-packages/airflow/example_dags/example_params_trigger_ui.py took 0.043 seconds
[2024-05-04T12:19:59.340+0530] {processor.py:161} INFO - Started process (PID=11052) to work on /usr/local/lib/python3.10/dist-packages/airflow/example_dags/example_params_trigger_ui.py
[2024-05-04T12:19:59.341+0530] {processor.py:830} INFO - Processing file /usr/local/lib/python3.10/dist-packages/airflow/example_dags/example_params_trigger_ui.py for tasks to queue
[2024-05-04T12:19:59.343+0530] {logging_mixin.py:188} INFO - [2024-05-04T12:19:59.343+0530] {dagbag.py:540} INFO - Filling up the DagBag from /usr/local/lib/python3.10/dist-packages/airflow/example_dags/example_params_trigger_ui.py
[2024-05-04T12:19:59.350+0530] {processor.py:840} INFO - DAG(s) 'example_params_trigger_ui' retrieved from /usr/local/lib/python3.10/dist-packages/airflow/example_dags/example_params_trigger_ui.py
[2024-05-04T12:19:59.367+0530] {logging_mixin.py:188} INFO - [2024-05-04T12:19:59.366+0530] {dag.py:3096} INFO - Sync 1 DAGs
[2024-05-04T12:19:59.371+0530] {logging_mixin.py:188} INFO - [2024-05-04T12:19:59.371+0530] {dag.py:3954} INFO - Setting next_dagrun for example_params_trigger_ui to None, run_after=None
[2024-05-04T12:19:59.381+0530] {processor.py:183} INFO - Processing /usr/local/lib/python3.10/dist-packages/airflow/example_dags/example_params_trigger_ui.py took 0.051 seconds
[2024-05-04T12:20:51.972+0530] {processor.py:161} INFO - Started process (PID=11173) to work on /usr/local/lib/python3.10/dist-packages/airflow/example_dags/example_params_trigger_ui.py
[2024-05-04T12:20:51.973+0530] {processor.py:830} INFO - Processing file /usr/local/lib/python3.10/dist-packages/airflow/example_dags/example_params_trigger_ui.py for tasks to queue
[2024-05-04T12:20:51.974+0530] {logging_mixin.py:188} INFO - [2024-05-04T12:20:51.974+0530] {dagbag.py:540} INFO - Filling up the DagBag from /usr/local/lib/python3.10/dist-packages/airflow/example_dags/example_params_trigger_ui.py
[2024-05-04T12:20:51.984+0530] {processor.py:840} INFO - DAG(s) 'example_params_trigger_ui' retrieved from /usr/local/lib/python3.10/dist-packages/airflow/example_dags/example_params_trigger_ui.py
[2024-05-04T12:20:52.000+0530] {logging_mixin.py:188} INFO - [2024-05-04T12:20:52.000+0530] {dag.py:3096} INFO - Sync 1 DAGs
[2024-05-04T12:20:52.004+0530] {logging_mixin.py:188} INFO - [2024-05-04T12:20:52.004+0530] {dag.py:3954} INFO - Setting next_dagrun for example_params_trigger_ui to None, run_after=None
[2024-05-04T12:20:52.017+0530] {processor.py:183} INFO - Processing /usr/local/lib/python3.10/dist-packages/airflow/example_dags/example_params_trigger_ui.py took 0.049 seconds
[2024-05-04T12:21:44.607+0530] {processor.py:161} INFO - Started process (PID=11293) to work on /usr/local/lib/python3.10/dist-packages/airflow/example_dags/example_params_trigger_ui.py
[2024-05-04T12:21:44.608+0530] {processor.py:830} INFO - Processing file /usr/local/lib/python3.10/dist-packages/airflow/example_dags/example_params_trigger_ui.py for tasks to queue
[2024-05-04T12:21:44.609+0530] {logging_mixin.py:188} INFO - [2024-05-04T12:21:44.609+0530] {dagbag.py:540} INFO - Filling up the DagBag from /usr/local/lib/python3.10/dist-packages/airflow/example_dags/example_params_trigger_ui.py
[2024-05-04T12:21:44.615+0530] {processor.py:840} INFO - DAG(s) 'example_params_trigger_ui' retrieved from /usr/local/lib/python3.10/dist-packages/airflow/example_dags/example_params_trigger_ui.py
[2024-05-04T12:21:44.631+0530] {logging_mixin.py:188} INFO - [2024-05-04T12:21:44.631+0530] {dag.py:3096} INFO - Sync 1 DAGs
[2024-05-04T12:21:44.636+0530] {logging_mixin.py:188} INFO - [2024-05-04T12:21:44.636+0530] {dag.py:3954} INFO - Setting next_dagrun for example_params_trigger_ui to None, run_after=None
[2024-05-04T12:21:44.646+0530] {processor.py:183} INFO - Processing /usr/local/lib/python3.10/dist-packages/airflow/example_dags/example_params_trigger_ui.py took 0.045 seconds
[2024-05-04T12:22:35.272+0530] {processor.py:161} INFO - Started process (PID=11412) to work on /usr/local/lib/python3.10/dist-packages/airflow/example_dags/example_params_trigger_ui.py
[2024-05-04T12:22:35.273+0530] {processor.py:830} INFO - Processing file /usr/local/lib/python3.10/dist-packages/airflow/example_dags/example_params_trigger_ui.py for tasks to queue
[2024-05-04T12:22:35.274+0530] {logging_mixin.py:188} INFO - [2024-05-04T12:22:35.274+0530] {dagbag.py:540} INFO - Filling up the DagBag from /usr/local/lib/python3.10/dist-packages/airflow/example_dags/example_params_trigger_ui.py
[2024-05-04T12:22:35.284+0530] {processor.py:840} INFO - DAG(s) 'example_params_trigger_ui' retrieved from /usr/local/lib/python3.10/dist-packages/airflow/example_dags/example_params_trigger_ui.py
[2024-05-04T12:22:35.303+0530] {logging_mixin.py:188} INFO - [2024-05-04T12:22:35.303+0530] {dag.py:3096} INFO - Sync 1 DAGs
[2024-05-04T12:22:35.307+0530] {logging_mixin.py:188} INFO - [2024-05-04T12:22:35.307+0530] {dag.py:3954} INFO - Setting next_dagrun for example_params_trigger_ui to None, run_after=None
[2024-05-04T12:22:35.317+0530] {processor.py:183} INFO - Processing /usr/local/lib/python3.10/dist-packages/airflow/example_dags/example_params_trigger_ui.py took 0.049 seconds
[2024-05-04T12:23:26.832+0530] {processor.py:161} INFO - Started process (PID=11541) to work on /usr/local/lib/python3.10/dist-packages/airflow/example_dags/example_params_trigger_ui.py
[2024-05-04T12:23:26.833+0530] {processor.py:830} INFO - Processing file /usr/local/lib/python3.10/dist-packages/airflow/example_dags/example_params_trigger_ui.py for tasks to queue
[2024-05-04T12:23:26.834+0530] {logging_mixin.py:188} INFO - [2024-05-04T12:23:26.834+0530] {dagbag.py:540} INFO - Filling up the DagBag from /usr/local/lib/python3.10/dist-packages/airflow/example_dags/example_params_trigger_ui.py
[2024-05-04T12:23:26.840+0530] {processor.py:840} INFO - DAG(s) 'example_params_trigger_ui' retrieved from /usr/local/lib/python3.10/dist-packages/airflow/example_dags/example_params_trigger_ui.py
[2024-05-04T12:23:26.855+0530] {logging_mixin.py:188} INFO - [2024-05-04T12:23:26.855+0530] {dag.py:3096} INFO - Sync 1 DAGs
[2024-05-04T12:23:26.860+0530] {logging_mixin.py:188} INFO - [2024-05-04T12:23:26.859+0530] {dag.py:3954} INFO - Setting next_dagrun for example_params_trigger_ui to None, run_after=None
[2024-05-04T12:23:26.869+0530] {processor.py:183} INFO - Processing /usr/local/lib/python3.10/dist-packages/airflow/example_dags/example_params_trigger_ui.py took 0.042 seconds
[2024-05-04T12:24:17.250+0530] {processor.py:161} INFO - Started process (PID=11710) to work on /usr/local/lib/python3.10/dist-packages/airflow/example_dags/example_params_trigger_ui.py
[2024-05-04T12:24:17.251+0530] {processor.py:830} INFO - Processing file /usr/local/lib/python3.10/dist-packages/airflow/example_dags/example_params_trigger_ui.py for tasks to queue
[2024-05-04T12:24:17.252+0530] {logging_mixin.py:188} INFO - [2024-05-04T12:24:17.252+0530] {dagbag.py:540} INFO - Filling up the DagBag from /usr/local/lib/python3.10/dist-packages/airflow/example_dags/example_params_trigger_ui.py
[2024-05-04T12:24:17.260+0530] {processor.py:840} INFO - DAG(s) 'example_params_trigger_ui' retrieved from /usr/local/lib/python3.10/dist-packages/airflow/example_dags/example_params_trigger_ui.py
[2024-05-04T12:24:17.278+0530] {logging_mixin.py:188} INFO - [2024-05-04T12:24:17.277+0530] {dag.py:3096} INFO - Sync 1 DAGs
[2024-05-04T12:24:17.282+0530] {logging_mixin.py:188} INFO - [2024-05-04T12:24:17.282+0530] {dag.py:3954} INFO - Setting next_dagrun for example_params_trigger_ui to None, run_after=None
[2024-05-04T12:24:17.296+0530] {processor.py:183} INFO - Processing /usr/local/lib/python3.10/dist-packages/airflow/example_dags/example_params_trigger_ui.py took 0.055 seconds
[2024-05-04T12:25:06.568+0530] {processor.py:161} INFO - Started process (PID=11918) to work on /usr/local/lib/python3.10/dist-packages/airflow/example_dags/example_params_trigger_ui.py
[2024-05-04T12:25:06.569+0530] {processor.py:830} INFO - Processing file /usr/local/lib/python3.10/dist-packages/airflow/example_dags/example_params_trigger_ui.py for tasks to queue
[2024-05-04T12:25:06.570+0530] {logging_mixin.py:188} INFO - [2024-05-04T12:25:06.570+0530] {dagbag.py:540} INFO - Filling up the DagBag from /usr/local/lib/python3.10/dist-packages/airflow/example_dags/example_params_trigger_ui.py
[2024-05-04T12:25:06.577+0530] {processor.py:840} INFO - DAG(s) 'example_params_trigger_ui' retrieved from /usr/local/lib/python3.10/dist-packages/airflow/example_dags/example_params_trigger_ui.py
[2024-05-04T12:25:06.592+0530] {logging_mixin.py:188} INFO - [2024-05-04T12:25:06.592+0530] {dag.py:3096} INFO - Sync 1 DAGs
[2024-05-04T12:25:06.596+0530] {logging_mixin.py:188} INFO - [2024-05-04T12:25:06.596+0530] {dag.py:3954} INFO - Setting next_dagrun for example_params_trigger_ui to None, run_after=None
[2024-05-04T12:25:06.606+0530] {processor.py:183} INFO - Processing /usr/local/lib/python3.10/dist-packages/airflow/example_dags/example_params_trigger_ui.py took 0.046 seconds
[2024-05-04T12:25:57.475+0530] {processor.py:161} INFO - Started process (PID=12048) to work on /usr/local/lib/python3.10/dist-packages/airflow/example_dags/example_params_trigger_ui.py
[2024-05-04T12:25:57.475+0530] {processor.py:830} INFO - Processing file /usr/local/lib/python3.10/dist-packages/airflow/example_dags/example_params_trigger_ui.py for tasks to queue
[2024-05-04T12:25:57.476+0530] {logging_mixin.py:188} INFO - [2024-05-04T12:25:57.476+0530] {dagbag.py:540} INFO - Filling up the DagBag from /usr/local/lib/python3.10/dist-packages/airflow/example_dags/example_params_trigger_ui.py
[2024-05-04T12:25:57.482+0530] {processor.py:840} INFO - DAG(s) 'example_params_trigger_ui' retrieved from /usr/local/lib/python3.10/dist-packages/airflow/example_dags/example_params_trigger_ui.py
[2024-05-04T12:25:57.498+0530] {logging_mixin.py:188} INFO - [2024-05-04T12:25:57.498+0530] {dag.py:3096} INFO - Sync 1 DAGs
[2024-05-04T12:25:57.502+0530] {logging_mixin.py:188} INFO - [2024-05-04T12:25:57.502+0530] {dag.py:3954} INFO - Setting next_dagrun for example_params_trigger_ui to None, run_after=None
[2024-05-04T12:25:57.512+0530] {processor.py:183} INFO - Processing /usr/local/lib/python3.10/dist-packages/airflow/example_dags/example_params_trigger_ui.py took 0.042 seconds
[2024-05-04T12:26:49.182+0530] {processor.py:161} INFO - Started process (PID=12171) to work on /usr/local/lib/python3.10/dist-packages/airflow/example_dags/example_params_trigger_ui.py
[2024-05-04T12:26:49.182+0530] {processor.py:830} INFO - Processing file /usr/local/lib/python3.10/dist-packages/airflow/example_dags/example_params_trigger_ui.py for tasks to queue
[2024-05-04T12:26:49.183+0530] {logging_mixin.py:188} INFO - [2024-05-04T12:26:49.183+0530] {dagbag.py:540} INFO - Filling up the DagBag from /usr/local/lib/python3.10/dist-packages/airflow/example_dags/example_params_trigger_ui.py
[2024-05-04T12:26:49.188+0530] {processor.py:840} INFO - DAG(s) 'example_params_trigger_ui' retrieved from /usr/local/lib/python3.10/dist-packages/airflow/example_dags/example_params_trigger_ui.py
[2024-05-04T12:26:49.204+0530] {logging_mixin.py:188} INFO - [2024-05-04T12:26:49.204+0530] {dag.py:3096} INFO - Sync 1 DAGs
[2024-05-04T12:26:49.208+0530] {logging_mixin.py:188} INFO - [2024-05-04T12:26:49.208+0530] {dag.py:3954} INFO - Setting next_dagrun for example_params_trigger_ui to None, run_after=None
[2024-05-04T12:26:49.219+0530] {processor.py:183} INFO - Processing /usr/local/lib/python3.10/dist-packages/airflow/example_dags/example_params_trigger_ui.py took 0.042 seconds
[2024-05-04T12:27:40.786+0530] {processor.py:161} INFO - Started process (PID=12295) to work on /usr/local/lib/python3.10/dist-packages/airflow/example_dags/example_params_trigger_ui.py
[2024-05-04T12:27:40.787+0530] {processor.py:830} INFO - Processing file /usr/local/lib/python3.10/dist-packages/airflow/example_dags/example_params_trigger_ui.py for tasks to queue
[2024-05-04T12:27:40.789+0530] {logging_mixin.py:188} INFO - [2024-05-04T12:27:40.788+0530] {dagbag.py:540} INFO - Filling up the DagBag from /usr/local/lib/python3.10/dist-packages/airflow/example_dags/example_params_trigger_ui.py
[2024-05-04T12:27:40.803+0530] {processor.py:840} INFO - DAG(s) 'example_params_trigger_ui' retrieved from /usr/local/lib/python3.10/dist-packages/airflow/example_dags/example_params_trigger_ui.py
[2024-05-04T12:27:40.818+0530] {logging_mixin.py:188} INFO - [2024-05-04T12:27:40.818+0530] {dag.py:3096} INFO - Sync 1 DAGs
[2024-05-04T12:27:40.823+0530] {logging_mixin.py:188} INFO - [2024-05-04T12:27:40.823+0530] {dag.py:3954} INFO - Setting next_dagrun for example_params_trigger_ui to None, run_after=None
[2024-05-04T12:27:40.833+0530] {processor.py:183} INFO - Processing /usr/local/lib/python3.10/dist-packages/airflow/example_dags/example_params_trigger_ui.py took 0.056 seconds
[2024-05-04T12:28:29.420+0530] {processor.py:161} INFO - Started process (PID=12417) to work on /usr/local/lib/python3.10/dist-packages/airflow/example_dags/example_params_trigger_ui.py
[2024-05-04T12:28:29.421+0530] {processor.py:830} INFO - Processing file /usr/local/lib/python3.10/dist-packages/airflow/example_dags/example_params_trigger_ui.py for tasks to queue
[2024-05-04T12:28:29.422+0530] {logging_mixin.py:188} INFO - [2024-05-04T12:28:29.421+0530] {dagbag.py:540} INFO - Filling up the DagBag from /usr/local/lib/python3.10/dist-packages/airflow/example_dags/example_params_trigger_ui.py
[2024-05-04T12:28:29.427+0530] {processor.py:840} INFO - DAG(s) 'example_params_trigger_ui' retrieved from /usr/local/lib/python3.10/dist-packages/airflow/example_dags/example_params_trigger_ui.py
[2024-05-04T12:28:29.443+0530] {logging_mixin.py:188} INFO - [2024-05-04T12:28:29.443+0530] {dag.py:3096} INFO - Sync 1 DAGs
[2024-05-04T12:28:29.447+0530] {logging_mixin.py:188} INFO - [2024-05-04T12:28:29.447+0530] {dag.py:3954} INFO - Setting next_dagrun for example_params_trigger_ui to None, run_after=None
[2024-05-04T12:28:29.457+0530] {processor.py:183} INFO - Processing /usr/local/lib/python3.10/dist-packages/airflow/example_dags/example_params_trigger_ui.py took 0.041 seconds
[2024-05-04T12:29:16.515+0530] {processor.py:161} INFO - Started process (PID=12534) to work on /usr/local/lib/python3.10/dist-packages/airflow/example_dags/example_params_trigger_ui.py
[2024-05-04T12:29:16.516+0530] {processor.py:830} INFO - Processing file /usr/local/lib/python3.10/dist-packages/airflow/example_dags/example_params_trigger_ui.py for tasks to queue
[2024-05-04T12:29:16.517+0530] {logging_mixin.py:188} INFO - [2024-05-04T12:29:16.517+0530] {dagbag.py:540} INFO - Filling up the DagBag from /usr/local/lib/python3.10/dist-packages/airflow/example_dags/example_params_trigger_ui.py
[2024-05-04T12:29:16.526+0530] {processor.py:840} INFO - DAG(s) 'example_params_trigger_ui' retrieved from /usr/local/lib/python3.10/dist-packages/airflow/example_dags/example_params_trigger_ui.py
[2024-05-04T12:29:16.548+0530] {logging_mixin.py:188} INFO - [2024-05-04T12:29:16.548+0530] {dag.py:3096} INFO - Sync 1 DAGs
[2024-05-04T12:29:16.553+0530] {logging_mixin.py:188} INFO - [2024-05-04T12:29:16.553+0530] {dag.py:3954} INFO - Setting next_dagrun for example_params_trigger_ui to None, run_after=None
[2024-05-04T12:29:16.563+0530] {processor.py:183} INFO - Processing /usr/local/lib/python3.10/dist-packages/airflow/example_dags/example_params_trigger_ui.py took 0.053 seconds
[2024-05-04T12:30:06.306+0530] {processor.py:161} INFO - Started process (PID=12688) to work on /usr/local/lib/python3.10/dist-packages/airflow/example_dags/example_params_trigger_ui.py
[2024-05-04T12:30:06.307+0530] {processor.py:830} INFO - Processing file /usr/local/lib/python3.10/dist-packages/airflow/example_dags/example_params_trigger_ui.py for tasks to queue
[2024-05-04T12:30:06.308+0530] {logging_mixin.py:188} INFO - [2024-05-04T12:30:06.308+0530] {dagbag.py:540} INFO - Filling up the DagBag from /usr/local/lib/python3.10/dist-packages/airflow/example_dags/example_params_trigger_ui.py
[2024-05-04T12:30:06.317+0530] {processor.py:840} INFO - DAG(s) 'example_params_trigger_ui' retrieved from /usr/local/lib/python3.10/dist-packages/airflow/example_dags/example_params_trigger_ui.py
[2024-05-04T12:30:06.338+0530] {logging_mixin.py:188} INFO - [2024-05-04T12:30:06.337+0530] {dag.py:3096} INFO - Sync 1 DAGs
[2024-05-04T12:30:06.342+0530] {logging_mixin.py:188} INFO - [2024-05-04T12:30:06.342+0530] {dag.py:3954} INFO - Setting next_dagrun for example_params_trigger_ui to None, run_after=None
[2024-05-04T12:30:06.352+0530] {processor.py:183} INFO - Processing /usr/local/lib/python3.10/dist-packages/airflow/example_dags/example_params_trigger_ui.py took 0.057 seconds
[2024-05-04T12:30:56.596+0530] {processor.py:161} INFO - Started process (PID=12840) to work on /usr/local/lib/python3.10/dist-packages/airflow/example_dags/example_params_trigger_ui.py
[2024-05-04T12:30:56.597+0530] {processor.py:830} INFO - Processing file /usr/local/lib/python3.10/dist-packages/airflow/example_dags/example_params_trigger_ui.py for tasks to queue
[2024-05-04T12:30:56.598+0530] {logging_mixin.py:188} INFO - [2024-05-04T12:30:56.598+0530] {dagbag.py:540} INFO - Filling up the DagBag from /usr/local/lib/python3.10/dist-packages/airflow/example_dags/example_params_trigger_ui.py
[2024-05-04T12:30:56.604+0530] {processor.py:840} INFO - DAG(s) 'example_params_trigger_ui' retrieved from /usr/local/lib/python3.10/dist-packages/airflow/example_dags/example_params_trigger_ui.py
[2024-05-04T12:30:56.620+0530] {logging_mixin.py:188} INFO - [2024-05-04T12:30:56.620+0530] {dag.py:3096} INFO - Sync 1 DAGs
[2024-05-04T12:30:56.624+0530] {logging_mixin.py:188} INFO - [2024-05-04T12:30:56.624+0530] {dag.py:3954} INFO - Setting next_dagrun for example_params_trigger_ui to None, run_after=None
[2024-05-04T12:30:56.634+0530] {processor.py:183} INFO - Processing /usr/local/lib/python3.10/dist-packages/airflow/example_dags/example_params_trigger_ui.py took 0.045 seconds
[2024-05-04T12:31:48.647+0530] {processor.py:161} INFO - Started process (PID=12964) to work on /usr/local/lib/python3.10/dist-packages/airflow/example_dags/example_params_trigger_ui.py
[2024-05-04T12:31:48.648+0530] {processor.py:830} INFO - Processing file /usr/local/lib/python3.10/dist-packages/airflow/example_dags/example_params_trigger_ui.py for tasks to queue
[2024-05-04T12:31:48.649+0530] {logging_mixin.py:188} INFO - [2024-05-04T12:31:48.649+0530] {dagbag.py:540} INFO - Filling up the DagBag from /usr/local/lib/python3.10/dist-packages/airflow/example_dags/example_params_trigger_ui.py
[2024-05-04T12:31:48.659+0530] {processor.py:840} INFO - DAG(s) 'example_params_trigger_ui' retrieved from /usr/local/lib/python3.10/dist-packages/airflow/example_dags/example_params_trigger_ui.py
[2024-05-04T12:31:48.674+0530] {logging_mixin.py:188} INFO - [2024-05-04T12:31:48.674+0530] {dag.py:3096} INFO - Sync 1 DAGs
[2024-05-04T12:31:48.679+0530] {logging_mixin.py:188} INFO - [2024-05-04T12:31:48.679+0530] {dag.py:3954} INFO - Setting next_dagrun for example_params_trigger_ui to None, run_after=None
[2024-05-04T12:31:48.689+0530] {processor.py:183} INFO - Processing /usr/local/lib/python3.10/dist-packages/airflow/example_dags/example_params_trigger_ui.py took 0.047 seconds
[2024-05-04T12:32:38.472+0530] {processor.py:161} INFO - Started process (PID=13093) to work on /usr/local/lib/python3.10/dist-packages/airflow/example_dags/example_params_trigger_ui.py
[2024-05-04T12:32:38.473+0530] {processor.py:830} INFO - Processing file /usr/local/lib/python3.10/dist-packages/airflow/example_dags/example_params_trigger_ui.py for tasks to queue
[2024-05-04T12:32:38.474+0530] {logging_mixin.py:188} INFO - [2024-05-04T12:32:38.473+0530] {dagbag.py:540} INFO - Filling up the DagBag from /usr/local/lib/python3.10/dist-packages/airflow/example_dags/example_params_trigger_ui.py
[2024-05-04T12:32:38.479+0530] {processor.py:840} INFO - DAG(s) 'example_params_trigger_ui' retrieved from /usr/local/lib/python3.10/dist-packages/airflow/example_dags/example_params_trigger_ui.py
[2024-05-04T12:32:38.494+0530] {logging_mixin.py:188} INFO - [2024-05-04T12:32:38.494+0530] {dag.py:3096} INFO - Sync 1 DAGs
[2024-05-04T12:32:38.499+0530] {logging_mixin.py:188} INFO - [2024-05-04T12:32:38.499+0530] {dag.py:3954} INFO - Setting next_dagrun for example_params_trigger_ui to None, run_after=None
[2024-05-04T12:32:38.509+0530] {processor.py:183} INFO - Processing /usr/local/lib/python3.10/dist-packages/airflow/example_dags/example_params_trigger_ui.py took 0.040 seconds
[2024-05-04T12:33:29.919+0530] {processor.py:161} INFO - Started process (PID=13258) to work on /usr/local/lib/python3.10/dist-packages/airflow/example_dags/example_params_trigger_ui.py
[2024-05-04T12:33:29.920+0530] {processor.py:830} INFO - Processing file /usr/local/lib/python3.10/dist-packages/airflow/example_dags/example_params_trigger_ui.py for tasks to queue
[2024-05-04T12:33:29.921+0530] {logging_mixin.py:188} INFO - [2024-05-04T12:33:29.921+0530] {dagbag.py:540} INFO - Filling up the DagBag from /usr/local/lib/python3.10/dist-packages/airflow/example_dags/example_params_trigger_ui.py
[2024-05-04T12:33:29.928+0530] {processor.py:840} INFO - DAG(s) 'example_params_trigger_ui' retrieved from /usr/local/lib/python3.10/dist-packages/airflow/example_dags/example_params_trigger_ui.py
[2024-05-04T12:33:29.944+0530] {logging_mixin.py:188} INFO - [2024-05-04T12:33:29.943+0530] {dag.py:3096} INFO - Sync 1 DAGs
[2024-05-04T12:33:29.948+0530] {logging_mixin.py:188} INFO - [2024-05-04T12:33:29.948+0530] {dag.py:3954} INFO - Setting next_dagrun for example_params_trigger_ui to None, run_after=None
[2024-05-04T12:33:29.958+0530] {processor.py:183} INFO - Processing /usr/local/lib/python3.10/dist-packages/airflow/example_dags/example_params_trigger_ui.py took 0.046 seconds
[2024-05-04T12:34:23.821+0530] {processor.py:161} INFO - Started process (PID=13414) to work on /usr/local/lib/python3.10/dist-packages/airflow/example_dags/example_params_trigger_ui.py
[2024-05-04T12:34:23.821+0530] {processor.py:830} INFO - Processing file /usr/local/lib/python3.10/dist-packages/airflow/example_dags/example_params_trigger_ui.py for tasks to queue
[2024-05-04T12:34:23.823+0530] {logging_mixin.py:188} INFO - [2024-05-04T12:34:23.822+0530] {dagbag.py:540} INFO - Filling up the DagBag from /usr/local/lib/python3.10/dist-packages/airflow/example_dags/example_params_trigger_ui.py
[2024-05-04T12:34:23.829+0530] {processor.py:840} INFO - DAG(s) 'example_params_trigger_ui' retrieved from /usr/local/lib/python3.10/dist-packages/airflow/example_dags/example_params_trigger_ui.py
[2024-05-04T12:34:23.844+0530] {logging_mixin.py:188} INFO - [2024-05-04T12:34:23.844+0530] {dag.py:3096} INFO - Sync 1 DAGs
[2024-05-04T12:34:23.848+0530] {logging_mixin.py:188} INFO - [2024-05-04T12:34:23.848+0530] {dag.py:3954} INFO - Setting next_dagrun for example_params_trigger_ui to None, run_after=None
[2024-05-04T12:34:23.858+0530] {processor.py:183} INFO - Processing /usr/local/lib/python3.10/dist-packages/airflow/example_dags/example_params_trigger_ui.py took 0.043 seconds
[2024-05-04T12:35:15.298+0530] {processor.py:161} INFO - Started process (PID=13602) to work on /usr/local/lib/python3.10/dist-packages/airflow/example_dags/example_params_trigger_ui.py
[2024-05-04T12:35:15.299+0530] {processor.py:830} INFO - Processing file /usr/local/lib/python3.10/dist-packages/airflow/example_dags/example_params_trigger_ui.py for tasks to queue
[2024-05-04T12:35:15.299+0530] {logging_mixin.py:188} INFO - [2024-05-04T12:35:15.299+0530] {dagbag.py:540} INFO - Filling up the DagBag from /usr/local/lib/python3.10/dist-packages/airflow/example_dags/example_params_trigger_ui.py
[2024-05-04T12:35:15.308+0530] {processor.py:840} INFO - DAG(s) 'example_params_trigger_ui' retrieved from /usr/local/lib/python3.10/dist-packages/airflow/example_dags/example_params_trigger_ui.py
[2024-05-04T12:35:15.323+0530] {logging_mixin.py:188} INFO - [2024-05-04T12:35:15.323+0530] {dag.py:3096} INFO - Sync 1 DAGs
[2024-05-04T12:35:15.328+0530] {logging_mixin.py:188} INFO - [2024-05-04T12:35:15.328+0530] {dag.py:3954} INFO - Setting next_dagrun for example_params_trigger_ui to None, run_after=None
[2024-05-04T12:35:15.338+0530] {processor.py:183} INFO - Processing /usr/local/lib/python3.10/dist-packages/airflow/example_dags/example_params_trigger_ui.py took 0.043 seconds
[2024-05-04T12:36:05.523+0530] {processor.py:161} INFO - Started process (PID=13721) to work on /usr/local/lib/python3.10/dist-packages/airflow/example_dags/example_params_trigger_ui.py
[2024-05-04T12:36:05.524+0530] {processor.py:830} INFO - Processing file /usr/local/lib/python3.10/dist-packages/airflow/example_dags/example_params_trigger_ui.py for tasks to queue
[2024-05-04T12:36:05.525+0530] {logging_mixin.py:188} INFO - [2024-05-04T12:36:05.525+0530] {dagbag.py:540} INFO - Filling up the DagBag from /usr/local/lib/python3.10/dist-packages/airflow/example_dags/example_params_trigger_ui.py
[2024-05-04T12:36:05.534+0530] {processor.py:840} INFO - DAG(s) 'example_params_trigger_ui' retrieved from /usr/local/lib/python3.10/dist-packages/airflow/example_dags/example_params_trigger_ui.py
[2024-05-04T12:36:05.549+0530] {logging_mixin.py:188} INFO - [2024-05-04T12:36:05.549+0530] {dag.py:3096} INFO - Sync 1 DAGs
[2024-05-04T12:36:05.554+0530] {logging_mixin.py:188} INFO - [2024-05-04T12:36:05.554+0530] {dag.py:3954} INFO - Setting next_dagrun for example_params_trigger_ui to None, run_after=None
[2024-05-04T12:36:05.564+0530] {processor.py:183} INFO - Processing /usr/local/lib/python3.10/dist-packages/airflow/example_dags/example_params_trigger_ui.py took 0.043 seconds
[2024-05-04T12:36:54.654+0530] {processor.py:161} INFO - Started process (PID=13837) to work on /usr/local/lib/python3.10/dist-packages/airflow/example_dags/example_params_trigger_ui.py
[2024-05-04T12:36:54.654+0530] {processor.py:830} INFO - Processing file /usr/local/lib/python3.10/dist-packages/airflow/example_dags/example_params_trigger_ui.py for tasks to queue
[2024-05-04T12:36:54.656+0530] {logging_mixin.py:188} INFO - [2024-05-04T12:36:54.656+0530] {dagbag.py:540} INFO - Filling up the DagBag from /usr/local/lib/python3.10/dist-packages/airflow/example_dags/example_params_trigger_ui.py
[2024-05-04T12:36:54.665+0530] {processor.py:840} INFO - DAG(s) 'example_params_trigger_ui' retrieved from /usr/local/lib/python3.10/dist-packages/airflow/example_dags/example_params_trigger_ui.py
[2024-05-04T12:36:54.681+0530] {logging_mixin.py:188} INFO - [2024-05-04T12:36:54.681+0530] {dag.py:3096} INFO - Sync 1 DAGs
[2024-05-04T12:36:54.685+0530] {logging_mixin.py:188} INFO - [2024-05-04T12:36:54.685+0530] {dag.py:3954} INFO - Setting next_dagrun for example_params_trigger_ui to None, run_after=None
[2024-05-04T12:36:54.695+0530] {processor.py:183} INFO - Processing /usr/local/lib/python3.10/dist-packages/airflow/example_dags/example_params_trigger_ui.py took 0.047 seconds
[2024-05-04T12:37:47.266+0530] {processor.py:161} INFO - Started process (PID=13966) to work on /usr/local/lib/python3.10/dist-packages/airflow/example_dags/example_params_trigger_ui.py
[2024-05-04T12:37:47.266+0530] {processor.py:830} INFO - Processing file /usr/local/lib/python3.10/dist-packages/airflow/example_dags/example_params_trigger_ui.py for tasks to queue
[2024-05-04T12:37:47.267+0530] {logging_mixin.py:188} INFO - [2024-05-04T12:37:47.267+0530] {dagbag.py:540} INFO - Filling up the DagBag from /usr/local/lib/python3.10/dist-packages/airflow/example_dags/example_params_trigger_ui.py
[2024-05-04T12:37:47.272+0530] {processor.py:840} INFO - DAG(s) 'example_params_trigger_ui' retrieved from /usr/local/lib/python3.10/dist-packages/airflow/example_dags/example_params_trigger_ui.py
[2024-05-04T12:37:47.288+0530] {logging_mixin.py:188} INFO - [2024-05-04T12:37:47.288+0530] {dag.py:3096} INFO - Sync 1 DAGs
[2024-05-04T12:37:47.292+0530] {logging_mixin.py:188} INFO - [2024-05-04T12:37:47.292+0530] {dag.py:3954} INFO - Setting next_dagrun for example_params_trigger_ui to None, run_after=None
[2024-05-04T12:37:47.306+0530] {processor.py:183} INFO - Processing /usr/local/lib/python3.10/dist-packages/airflow/example_dags/example_params_trigger_ui.py took 0.044 seconds
[2024-05-04T12:38:40.317+0530] {processor.py:161} INFO - Started process (PID=14092) to work on /usr/local/lib/python3.10/dist-packages/airflow/example_dags/example_params_trigger_ui.py
[2024-05-04T12:38:40.317+0530] {processor.py:830} INFO - Processing file /usr/local/lib/python3.10/dist-packages/airflow/example_dags/example_params_trigger_ui.py for tasks to queue
[2024-05-04T12:38:40.318+0530] {logging_mixin.py:188} INFO - [2024-05-04T12:38:40.318+0530] {dagbag.py:540} INFO - Filling up the DagBag from /usr/local/lib/python3.10/dist-packages/airflow/example_dags/example_params_trigger_ui.py
[2024-05-04T12:38:40.323+0530] {processor.py:840} INFO - DAG(s) 'example_params_trigger_ui' retrieved from /usr/local/lib/python3.10/dist-packages/airflow/example_dags/example_params_trigger_ui.py
[2024-05-04T12:38:40.339+0530] {logging_mixin.py:188} INFO - [2024-05-04T12:38:40.339+0530] {dag.py:3096} INFO - Sync 1 DAGs
[2024-05-04T12:38:40.344+0530] {logging_mixin.py:188} INFO - [2024-05-04T12:38:40.344+0530] {dag.py:3954} INFO - Setting next_dagrun for example_params_trigger_ui to None, run_after=None
[2024-05-04T12:38:40.353+0530] {processor.py:183} INFO - Processing /usr/local/lib/python3.10/dist-packages/airflow/example_dags/example_params_trigger_ui.py took 0.042 seconds
[2024-05-04T12:39:34.464+0530] {processor.py:161} INFO - Started process (PID=14369) to work on /usr/local/lib/python3.10/dist-packages/airflow/example_dags/example_params_trigger_ui.py
[2024-05-04T12:39:34.464+0530] {processor.py:830} INFO - Processing file /usr/local/lib/python3.10/dist-packages/airflow/example_dags/example_params_trigger_ui.py for tasks to queue
[2024-05-04T12:39:34.465+0530] {logging_mixin.py:188} INFO - [2024-05-04T12:39:34.465+0530] {dagbag.py:540} INFO - Filling up the DagBag from /usr/local/lib/python3.10/dist-packages/airflow/example_dags/example_params_trigger_ui.py
[2024-05-04T12:39:34.475+0530] {processor.py:840} INFO - DAG(s) 'example_params_trigger_ui' retrieved from /usr/local/lib/python3.10/dist-packages/airflow/example_dags/example_params_trigger_ui.py
[2024-05-04T12:39:34.491+0530] {logging_mixin.py:188} INFO - [2024-05-04T12:39:34.490+0530] {dag.py:3096} INFO - Sync 1 DAGs
[2024-05-04T12:39:34.495+0530] {logging_mixin.py:188} INFO - [2024-05-04T12:39:34.495+0530] {dag.py:3954} INFO - Setting next_dagrun for example_params_trigger_ui to None, run_after=None
[2024-05-04T12:39:34.505+0530] {processor.py:183} INFO - Processing /usr/local/lib/python3.10/dist-packages/airflow/example_dags/example_params_trigger_ui.py took 0.047 seconds
[2024-05-04T12:40:23.110+0530] {processor.py:161} INFO - Started process (PID=14571) to work on /usr/local/lib/python3.10/dist-packages/airflow/example_dags/example_params_trigger_ui.py
[2024-05-04T12:40:23.111+0530] {processor.py:830} INFO - Processing file /usr/local/lib/python3.10/dist-packages/airflow/example_dags/example_params_trigger_ui.py for tasks to queue
[2024-05-04T12:40:23.111+0530] {logging_mixin.py:188} INFO - [2024-05-04T12:40:23.111+0530] {dagbag.py:540} INFO - Filling up the DagBag from /usr/local/lib/python3.10/dist-packages/airflow/example_dags/example_params_trigger_ui.py
[2024-05-04T12:40:23.117+0530] {processor.py:840} INFO - DAG(s) 'example_params_trigger_ui' retrieved from /usr/local/lib/python3.10/dist-packages/airflow/example_dags/example_params_trigger_ui.py
[2024-05-04T12:40:23.132+0530] {logging_mixin.py:188} INFO - [2024-05-04T12:40:23.132+0530] {dag.py:3096} INFO - Sync 1 DAGs
[2024-05-04T12:40:23.137+0530] {logging_mixin.py:188} INFO - [2024-05-04T12:40:23.137+0530] {dag.py:3954} INFO - Setting next_dagrun for example_params_trigger_ui to None, run_after=None
[2024-05-04T12:40:23.148+0530] {processor.py:183} INFO - Processing /usr/local/lib/python3.10/dist-packages/airflow/example_dags/example_params_trigger_ui.py took 0.042 seconds
[2024-05-04T12:41:16.039+0530] {processor.py:161} INFO - Started process (PID=14749) to work on /usr/local/lib/python3.10/dist-packages/airflow/example_dags/example_params_trigger_ui.py
[2024-05-04T12:41:16.040+0530] {processor.py:830} INFO - Processing file /usr/local/lib/python3.10/dist-packages/airflow/example_dags/example_params_trigger_ui.py for tasks to queue
[2024-05-04T12:41:16.041+0530] {logging_mixin.py:188} INFO - [2024-05-04T12:41:16.041+0530] {dagbag.py:540} INFO - Filling up the DagBag from /usr/local/lib/python3.10/dist-packages/airflow/example_dags/example_params_trigger_ui.py
[2024-05-04T12:41:16.046+0530] {processor.py:840} INFO - DAG(s) 'example_params_trigger_ui' retrieved from /usr/local/lib/python3.10/dist-packages/airflow/example_dags/example_params_trigger_ui.py
[2024-05-04T12:41:16.062+0530] {logging_mixin.py:188} INFO - [2024-05-04T12:41:16.062+0530] {dag.py:3096} INFO - Sync 1 DAGs
[2024-05-04T12:41:16.066+0530] {logging_mixin.py:188} INFO - [2024-05-04T12:41:16.066+0530] {dag.py:3954} INFO - Setting next_dagrun for example_params_trigger_ui to None, run_after=None
[2024-05-04T12:41:16.077+0530] {processor.py:183} INFO - Processing /usr/local/lib/python3.10/dist-packages/airflow/example_dags/example_params_trigger_ui.py took 0.040 seconds
[2024-05-04T12:42:04.786+0530] {processor.py:161} INFO - Started process (PID=14912) to work on /usr/local/lib/python3.10/dist-packages/airflow/example_dags/example_params_trigger_ui.py
[2024-05-04T12:42:04.786+0530] {processor.py:830} INFO - Processing file /usr/local/lib/python3.10/dist-packages/airflow/example_dags/example_params_trigger_ui.py for tasks to queue
[2024-05-04T12:42:04.787+0530] {logging_mixin.py:188} INFO - [2024-05-04T12:42:04.787+0530] {dagbag.py:540} INFO - Filling up the DagBag from /usr/local/lib/python3.10/dist-packages/airflow/example_dags/example_params_trigger_ui.py
[2024-05-04T12:42:04.793+0530] {processor.py:840} INFO - DAG(s) 'example_params_trigger_ui' retrieved from /usr/local/lib/python3.10/dist-packages/airflow/example_dags/example_params_trigger_ui.py
[2024-05-04T12:42:04.808+0530] {logging_mixin.py:188} INFO - [2024-05-04T12:42:04.808+0530] {dag.py:3096} INFO - Sync 1 DAGs
[2024-05-04T12:42:04.813+0530] {logging_mixin.py:188} INFO - [2024-05-04T12:42:04.812+0530] {dag.py:3954} INFO - Setting next_dagrun for example_params_trigger_ui to None, run_after=None
[2024-05-04T12:42:04.823+0530] {processor.py:183} INFO - Processing /usr/local/lib/python3.10/dist-packages/airflow/example_dags/example_params_trigger_ui.py took 0.042 seconds
[2024-05-04T12:42:56.401+0530] {processor.py:161} INFO - Started process (PID=15079) to work on /usr/local/lib/python3.10/dist-packages/airflow/example_dags/example_params_trigger_ui.py
[2024-05-04T12:42:56.402+0530] {processor.py:830} INFO - Processing file /usr/local/lib/python3.10/dist-packages/airflow/example_dags/example_params_trigger_ui.py for tasks to queue
[2024-05-04T12:42:56.404+0530] {logging_mixin.py:188} INFO - [2024-05-04T12:42:56.403+0530] {dagbag.py:540} INFO - Filling up the DagBag from /usr/local/lib/python3.10/dist-packages/airflow/example_dags/example_params_trigger_ui.py
[2024-05-04T12:42:56.413+0530] {processor.py:840} INFO - DAG(s) 'example_params_trigger_ui' retrieved from /usr/local/lib/python3.10/dist-packages/airflow/example_dags/example_params_trigger_ui.py
[2024-05-04T12:42:56.428+0530] {logging_mixin.py:188} INFO - [2024-05-04T12:42:56.428+0530] {dag.py:3096} INFO - Sync 1 DAGs
[2024-05-04T12:42:56.433+0530] {logging_mixin.py:188} INFO - [2024-05-04T12:42:56.433+0530] {dag.py:3954} INFO - Setting next_dagrun for example_params_trigger_ui to None, run_after=None
[2024-05-04T12:42:56.443+0530] {processor.py:183} INFO - Processing /usr/local/lib/python3.10/dist-packages/airflow/example_dags/example_params_trigger_ui.py took 0.046 seconds
[2024-05-04T12:43:46.833+0530] {processor.py:161} INFO - Started process (PID=15248) to work on /usr/local/lib/python3.10/dist-packages/airflow/example_dags/example_params_trigger_ui.py
[2024-05-04T12:43:46.834+0530] {processor.py:830} INFO - Processing file /usr/local/lib/python3.10/dist-packages/airflow/example_dags/example_params_trigger_ui.py for tasks to queue
[2024-05-04T12:43:46.835+0530] {logging_mixin.py:188} INFO - [2024-05-04T12:43:46.835+0530] {dagbag.py:540} INFO - Filling up the DagBag from /usr/local/lib/python3.10/dist-packages/airflow/example_dags/example_params_trigger_ui.py
[2024-05-04T12:43:46.840+0530] {processor.py:840} INFO - DAG(s) 'example_params_trigger_ui' retrieved from /usr/local/lib/python3.10/dist-packages/airflow/example_dags/example_params_trigger_ui.py
[2024-05-04T12:43:46.856+0530] {logging_mixin.py:188} INFO - [2024-05-04T12:43:46.856+0530] {dag.py:3096} INFO - Sync 1 DAGs
[2024-05-04T12:43:46.860+0530] {logging_mixin.py:188} INFO - [2024-05-04T12:43:46.860+0530] {dag.py:3954} INFO - Setting next_dagrun for example_params_trigger_ui to None, run_after=None
[2024-05-04T12:43:46.870+0530] {processor.py:183} INFO - Processing /usr/local/lib/python3.10/dist-packages/airflow/example_dags/example_params_trigger_ui.py took 0.041 seconds
[2024-05-04T12:44:38.467+0530] {processor.py:161} INFO - Started process (PID=15422) to work on /usr/local/lib/python3.10/dist-packages/airflow/example_dags/example_params_trigger_ui.py
[2024-05-04T12:44:38.468+0530] {processor.py:830} INFO - Processing file /usr/local/lib/python3.10/dist-packages/airflow/example_dags/example_params_trigger_ui.py for tasks to queue
[2024-05-04T12:44:38.469+0530] {logging_mixin.py:188} INFO - [2024-05-04T12:44:38.469+0530] {dagbag.py:540} INFO - Filling up the DagBag from /usr/local/lib/python3.10/dist-packages/airflow/example_dags/example_params_trigger_ui.py
[2024-05-04T12:44:38.474+0530] {processor.py:840} INFO - DAG(s) 'example_params_trigger_ui' retrieved from /usr/local/lib/python3.10/dist-packages/airflow/example_dags/example_params_trigger_ui.py
[2024-05-04T12:44:38.489+0530] {logging_mixin.py:188} INFO - [2024-05-04T12:44:38.489+0530] {dag.py:3096} INFO - Sync 1 DAGs
[2024-05-04T12:44:38.494+0530] {logging_mixin.py:188} INFO - [2024-05-04T12:44:38.494+0530] {dag.py:3954} INFO - Setting next_dagrun for example_params_trigger_ui to None, run_after=None
[2024-05-04T12:44:38.504+0530] {processor.py:183} INFO - Processing /usr/local/lib/python3.10/dist-packages/airflow/example_dags/example_params_trigger_ui.py took 0.040 seconds
[2024-05-04T12:45:28.290+0530] {processor.py:161} INFO - Started process (PID=15608) to work on /usr/local/lib/python3.10/dist-packages/airflow/example_dags/example_params_trigger_ui.py
[2024-05-04T12:45:28.291+0530] {processor.py:830} INFO - Processing file /usr/local/lib/python3.10/dist-packages/airflow/example_dags/example_params_trigger_ui.py for tasks to queue
[2024-05-04T12:45:28.291+0530] {logging_mixin.py:188} INFO - [2024-05-04T12:45:28.291+0530] {dagbag.py:540} INFO - Filling up the DagBag from /usr/local/lib/python3.10/dist-packages/airflow/example_dags/example_params_trigger_ui.py
[2024-05-04T12:45:28.297+0530] {processor.py:840} INFO - DAG(s) 'example_params_trigger_ui' retrieved from /usr/local/lib/python3.10/dist-packages/airflow/example_dags/example_params_trigger_ui.py
[2024-05-04T12:45:28.312+0530] {logging_mixin.py:188} INFO - [2024-05-04T12:45:28.312+0530] {dag.py:3096} INFO - Sync 1 DAGs
[2024-05-04T12:45:28.317+0530] {logging_mixin.py:188} INFO - [2024-05-04T12:45:28.317+0530] {dag.py:3954} INFO - Setting next_dagrun for example_params_trigger_ui to None, run_after=None
[2024-05-04T12:45:28.327+0530] {processor.py:183} INFO - Processing /usr/local/lib/python3.10/dist-packages/airflow/example_dags/example_params_trigger_ui.py took 0.042 seconds
[2024-05-04T12:46:18.375+0530] {processor.py:161} INFO - Started process (PID=15840) to work on /usr/local/lib/python3.10/dist-packages/airflow/example_dags/example_params_trigger_ui.py
[2024-05-04T12:46:18.376+0530] {processor.py:830} INFO - Processing file /usr/local/lib/python3.10/dist-packages/airflow/example_dags/example_params_trigger_ui.py for tasks to queue
[2024-05-04T12:46:18.377+0530] {logging_mixin.py:188} INFO - [2024-05-04T12:46:18.377+0530] {dagbag.py:540} INFO - Filling up the DagBag from /usr/local/lib/python3.10/dist-packages/airflow/example_dags/example_params_trigger_ui.py
[2024-05-04T12:46:18.384+0530] {processor.py:840} INFO - DAG(s) 'example_params_trigger_ui' retrieved from /usr/local/lib/python3.10/dist-packages/airflow/example_dags/example_params_trigger_ui.py
[2024-05-04T12:46:18.399+0530] {logging_mixin.py:188} INFO - [2024-05-04T12:46:18.399+0530] {dag.py:3096} INFO - Sync 1 DAGs
[2024-05-04T12:46:18.403+0530] {logging_mixin.py:188} INFO - [2024-05-04T12:46:18.403+0530] {dag.py:3954} INFO - Setting next_dagrun for example_params_trigger_ui to None, run_after=None
[2024-05-04T12:46:18.413+0530] {processor.py:183} INFO - Processing /usr/local/lib/python3.10/dist-packages/airflow/example_dags/example_params_trigger_ui.py took 0.044 seconds
[2024-05-04T12:47:09.264+0530] {processor.py:161} INFO - Started process (PID=16029) to work on /usr/local/lib/python3.10/dist-packages/airflow/example_dags/example_params_trigger_ui.py
[2024-05-04T12:47:09.265+0530] {processor.py:830} INFO - Processing file /usr/local/lib/python3.10/dist-packages/airflow/example_dags/example_params_trigger_ui.py for tasks to queue
[2024-05-04T12:47:09.266+0530] {logging_mixin.py:188} INFO - [2024-05-04T12:47:09.266+0530] {dagbag.py:540} INFO - Filling up the DagBag from /usr/local/lib/python3.10/dist-packages/airflow/example_dags/example_params_trigger_ui.py
[2024-05-04T12:47:09.276+0530] {processor.py:840} INFO - DAG(s) 'example_params_trigger_ui' retrieved from /usr/local/lib/python3.10/dist-packages/airflow/example_dags/example_params_trigger_ui.py
[2024-05-04T12:47:09.291+0530] {logging_mixin.py:188} INFO - [2024-05-04T12:47:09.291+0530] {dag.py:3096} INFO - Sync 1 DAGs
[2024-05-04T12:47:09.296+0530] {logging_mixin.py:188} INFO - [2024-05-04T12:47:09.296+0530] {dag.py:3954} INFO - Setting next_dagrun for example_params_trigger_ui to None, run_after=None
[2024-05-04T12:47:09.306+0530] {processor.py:183} INFO - Processing /usr/local/lib/python3.10/dist-packages/airflow/example_dags/example_params_trigger_ui.py took 0.047 seconds
[2024-05-04T12:48:00.752+0530] {processor.py:161} INFO - Started process (PID=16218) to work on /usr/local/lib/python3.10/dist-packages/airflow/example_dags/example_params_trigger_ui.py
[2024-05-04T12:48:00.753+0530] {processor.py:830} INFO - Processing file /usr/local/lib/python3.10/dist-packages/airflow/example_dags/example_params_trigger_ui.py for tasks to queue
[2024-05-04T12:48:00.753+0530] {logging_mixin.py:188} INFO - [2024-05-04T12:48:00.753+0530] {dagbag.py:540} INFO - Filling up the DagBag from /usr/local/lib/python3.10/dist-packages/airflow/example_dags/example_params_trigger_ui.py
[2024-05-04T12:48:00.759+0530] {processor.py:840} INFO - DAG(s) 'example_params_trigger_ui' retrieved from /usr/local/lib/python3.10/dist-packages/airflow/example_dags/example_params_trigger_ui.py
[2024-05-04T12:48:00.774+0530] {logging_mixin.py:188} INFO - [2024-05-04T12:48:00.774+0530] {dag.py:3096} INFO - Sync 1 DAGs
[2024-05-04T12:48:00.778+0530] {logging_mixin.py:188} INFO - [2024-05-04T12:48:00.778+0530] {dag.py:3954} INFO - Setting next_dagrun for example_params_trigger_ui to None, run_after=None
[2024-05-04T12:48:00.788+0530] {processor.py:183} INFO - Processing /usr/local/lib/python3.10/dist-packages/airflow/example_dags/example_params_trigger_ui.py took 0.041 seconds
[2024-05-04T12:48:52.158+0530] {processor.py:161} INFO - Started process (PID=16384) to work on /usr/local/lib/python3.10/dist-packages/airflow/example_dags/example_params_trigger_ui.py
[2024-05-04T12:48:52.158+0530] {processor.py:830} INFO - Processing file /usr/local/lib/python3.10/dist-packages/airflow/example_dags/example_params_trigger_ui.py for tasks to queue
[2024-05-04T12:48:52.160+0530] {logging_mixin.py:188} INFO - [2024-05-04T12:48:52.159+0530] {dagbag.py:540} INFO - Filling up the DagBag from /usr/local/lib/python3.10/dist-packages/airflow/example_dags/example_params_trigger_ui.py
[2024-05-04T12:48:52.169+0530] {processor.py:840} INFO - DAG(s) 'example_params_trigger_ui' retrieved from /usr/local/lib/python3.10/dist-packages/airflow/example_dags/example_params_trigger_ui.py
[2024-05-04T12:48:52.185+0530] {logging_mixin.py:188} INFO - [2024-05-04T12:48:52.185+0530] {dag.py:3096} INFO - Sync 1 DAGs
[2024-05-04T12:48:52.189+0530] {logging_mixin.py:188} INFO - [2024-05-04T12:48:52.189+0530] {dag.py:3954} INFO - Setting next_dagrun for example_params_trigger_ui to None, run_after=None
[2024-05-04T12:48:52.199+0530] {processor.py:183} INFO - Processing /usr/local/lib/python3.10/dist-packages/airflow/example_dags/example_params_trigger_ui.py took 0.047 seconds
[2024-05-04T12:49:45.461+0530] {processor.py:161} INFO - Started process (PID=16590) to work on /usr/local/lib/python3.10/dist-packages/airflow/example_dags/example_params_trigger_ui.py
[2024-05-04T12:49:45.463+0530] {processor.py:830} INFO - Processing file /usr/local/lib/python3.10/dist-packages/airflow/example_dags/example_params_trigger_ui.py for tasks to queue
[2024-05-04T12:49:45.465+0530] {logging_mixin.py:188} INFO - [2024-05-04T12:49:45.465+0530] {dagbag.py:540} INFO - Filling up the DagBag from /usr/local/lib/python3.10/dist-packages/airflow/example_dags/example_params_trigger_ui.py
[2024-05-04T12:49:45.474+0530] {processor.py:840} INFO - DAG(s) 'example_params_trigger_ui' retrieved from /usr/local/lib/python3.10/dist-packages/airflow/example_dags/example_params_trigger_ui.py
[2024-05-04T12:49:45.490+0530] {logging_mixin.py:188} INFO - [2024-05-04T12:49:45.489+0530] {dag.py:3096} INFO - Sync 1 DAGs
[2024-05-04T12:49:45.494+0530] {logging_mixin.py:188} INFO - [2024-05-04T12:49:45.494+0530] {dag.py:3954} INFO - Setting next_dagrun for example_params_trigger_ui to None, run_after=None
[2024-05-04T12:49:45.504+0530] {processor.py:183} INFO - Processing /usr/local/lib/python3.10/dist-packages/airflow/example_dags/example_params_trigger_ui.py took 0.053 seconds
[2024-05-04T12:50:37.139+0530] {processor.py:161} INFO - Started process (PID=16825) to work on /usr/local/lib/python3.10/dist-packages/airflow/example_dags/example_params_trigger_ui.py
[2024-05-04T12:50:37.140+0530] {processor.py:830} INFO - Processing file /usr/local/lib/python3.10/dist-packages/airflow/example_dags/example_params_trigger_ui.py for tasks to queue
[2024-05-04T12:50:37.141+0530] {logging_mixin.py:188} INFO - [2024-05-04T12:50:37.141+0530] {dagbag.py:540} INFO - Filling up the DagBag from /usr/local/lib/python3.10/dist-packages/airflow/example_dags/example_params_trigger_ui.py
[2024-05-04T12:50:37.151+0530] {processor.py:840} INFO - DAG(s) 'example_params_trigger_ui' retrieved from /usr/local/lib/python3.10/dist-packages/airflow/example_dags/example_params_trigger_ui.py
[2024-05-04T12:50:37.166+0530] {logging_mixin.py:188} INFO - [2024-05-04T12:50:37.166+0530] {dag.py:3096} INFO - Sync 1 DAGs
[2024-05-04T12:50:37.170+0530] {logging_mixin.py:188} INFO - [2024-05-04T12:50:37.170+0530] {dag.py:3954} INFO - Setting next_dagrun for example_params_trigger_ui to None, run_after=None
[2024-05-04T12:50:37.181+0530] {processor.py:183} INFO - Processing /usr/local/lib/python3.10/dist-packages/airflow/example_dags/example_params_trigger_ui.py took 0.047 seconds
[2024-05-04T12:51:26.504+0530] {processor.py:161} INFO - Started process (PID=16953) to work on /usr/local/lib/python3.10/dist-packages/airflow/example_dags/example_params_trigger_ui.py
[2024-05-04T12:51:26.505+0530] {processor.py:830} INFO - Processing file /usr/local/lib/python3.10/dist-packages/airflow/example_dags/example_params_trigger_ui.py for tasks to queue
[2024-05-04T12:51:26.506+0530] {logging_mixin.py:188} INFO - [2024-05-04T12:51:26.506+0530] {dagbag.py:540} INFO - Filling up the DagBag from /usr/local/lib/python3.10/dist-packages/airflow/example_dags/example_params_trigger_ui.py
[2024-05-04T12:51:26.513+0530] {processor.py:840} INFO - DAG(s) 'example_params_trigger_ui' retrieved from /usr/local/lib/python3.10/dist-packages/airflow/example_dags/example_params_trigger_ui.py
[2024-05-04T12:51:26.528+0530] {logging_mixin.py:188} INFO - [2024-05-04T12:51:26.528+0530] {dag.py:3096} INFO - Sync 1 DAGs
[2024-05-04T12:51:26.532+0530] {logging_mixin.py:188} INFO - [2024-05-04T12:51:26.532+0530] {dag.py:3954} INFO - Setting next_dagrun for example_params_trigger_ui to None, run_after=None
[2024-05-04T12:51:26.542+0530] {processor.py:183} INFO - Processing /usr/local/lib/python3.10/dist-packages/airflow/example_dags/example_params_trigger_ui.py took 0.046 seconds
[2024-05-04T12:52:18.010+0530] {processor.py:161} INFO - Started process (PID=17092) to work on /usr/local/lib/python3.10/dist-packages/airflow/example_dags/example_params_trigger_ui.py
[2024-05-04T12:52:18.011+0530] {processor.py:830} INFO - Processing file /usr/local/lib/python3.10/dist-packages/airflow/example_dags/example_params_trigger_ui.py for tasks to queue
[2024-05-04T12:52:18.011+0530] {logging_mixin.py:188} INFO - [2024-05-04T12:52:18.011+0530] {dagbag.py:540} INFO - Filling up the DagBag from /usr/local/lib/python3.10/dist-packages/airflow/example_dags/example_params_trigger_ui.py
[2024-05-04T12:52:18.017+0530] {processor.py:840} INFO - DAG(s) 'example_params_trigger_ui' retrieved from /usr/local/lib/python3.10/dist-packages/airflow/example_dags/example_params_trigger_ui.py
[2024-05-04T12:52:18.032+0530] {logging_mixin.py:188} INFO - [2024-05-04T12:52:18.032+0530] {dag.py:3096} INFO - Sync 1 DAGs
[2024-05-04T12:52:18.036+0530] {logging_mixin.py:188} INFO - [2024-05-04T12:52:18.036+0530] {dag.py:3954} INFO - Setting next_dagrun for example_params_trigger_ui to None, run_after=None
[2024-05-04T12:52:18.046+0530] {processor.py:183} INFO - Processing /usr/local/lib/python3.10/dist-packages/airflow/example_dags/example_params_trigger_ui.py took 0.041 seconds
[2024-05-04T12:53:09.592+0530] {processor.py:161} INFO - Started process (PID=17227) to work on /usr/local/lib/python3.10/dist-packages/airflow/example_dags/example_params_trigger_ui.py
[2024-05-04T12:53:09.593+0530] {processor.py:830} INFO - Processing file /usr/local/lib/python3.10/dist-packages/airflow/example_dags/example_params_trigger_ui.py for tasks to queue
[2024-05-04T12:53:09.594+0530] {logging_mixin.py:188} INFO - [2024-05-04T12:53:09.594+0530] {dagbag.py:540} INFO - Filling up the DagBag from /usr/local/lib/python3.10/dist-packages/airflow/example_dags/example_params_trigger_ui.py
[2024-05-04T12:53:09.601+0530] {processor.py:840} INFO - DAG(s) 'example_params_trigger_ui' retrieved from /usr/local/lib/python3.10/dist-packages/airflow/example_dags/example_params_trigger_ui.py
[2024-05-04T12:53:09.616+0530] {logging_mixin.py:188} INFO - [2024-05-04T12:53:09.616+0530] {dag.py:3096} INFO - Sync 1 DAGs
[2024-05-04T12:53:09.621+0530] {logging_mixin.py:188} INFO - [2024-05-04T12:53:09.621+0530] {dag.py:3954} INFO - Setting next_dagrun for example_params_trigger_ui to None, run_after=None
[2024-05-04T12:53:09.630+0530] {processor.py:183} INFO - Processing /usr/local/lib/python3.10/dist-packages/airflow/example_dags/example_params_trigger_ui.py took 0.046 seconds
[2024-05-04T12:53:59.155+0530] {processor.py:161} INFO - Started process (PID=17369) to work on /usr/local/lib/python3.10/dist-packages/airflow/example_dags/example_params_trigger_ui.py
[2024-05-04T12:53:59.156+0530] {processor.py:830} INFO - Processing file /usr/local/lib/python3.10/dist-packages/airflow/example_dags/example_params_trigger_ui.py for tasks to queue
[2024-05-04T12:53:59.157+0530] {logging_mixin.py:188} INFO - [2024-05-04T12:53:59.157+0530] {dagbag.py:540} INFO - Filling up the DagBag from /usr/local/lib/python3.10/dist-packages/airflow/example_dags/example_params_trigger_ui.py
[2024-05-04T12:53:59.166+0530] {processor.py:840} INFO - DAG(s) 'example_params_trigger_ui' retrieved from /usr/local/lib/python3.10/dist-packages/airflow/example_dags/example_params_trigger_ui.py
[2024-05-04T12:53:59.182+0530] {logging_mixin.py:188} INFO - [2024-05-04T12:53:59.182+0530] {dag.py:3096} INFO - Sync 1 DAGs
[2024-05-04T12:53:59.186+0530] {logging_mixin.py:188} INFO - [2024-05-04T12:53:59.186+0530] {dag.py:3954} INFO - Setting next_dagrun for example_params_trigger_ui to None, run_after=None
[2024-05-04T12:53:59.196+0530] {processor.py:183} INFO - Processing /usr/local/lib/python3.10/dist-packages/airflow/example_dags/example_params_trigger_ui.py took 0.045 seconds
