[2024-05-04T12:10:10.041+0530] {processor.py:161} INFO - Started process (PID=7338) to work on /usr/local/lib/python3.10/dist-packages/airflow/example_dags/example_trigger_controller_dag.py
[2024-05-04T12:10:10.041+0530] {processor.py:830} INFO - Processing file /usr/local/lib/python3.10/dist-packages/airflow/example_dags/example_trigger_controller_dag.py for tasks to queue
[2024-05-04T12:10:10.042+0530] {logging_mixin.py:188} INFO - [2024-05-04T12:10:10.041+0530] {dagbag.py:540} INFO - Filling up the DagBag from /usr/local/lib/python3.10/dist-packages/airflow/example_dags/example_trigger_controller_dag.py
[2024-05-04T12:10:10.045+0530] {processor.py:840} INFO - DAG(s) 'example_trigger_controller_dag' retrieved from /usr/local/lib/python3.10/dist-packages/airflow/example_dags/example_trigger_controller_dag.py
[2024-05-04T12:10:10.050+0530] {logging_mixin.py:188} INFO - [2024-05-04T12:10:10.050+0530] {dag.py:3096} INFO - Sync 1 DAGs
[2024-05-04T12:10:10.057+0530] {logging_mixin.py:188} INFO - [2024-05-04T12:10:10.057+0530] {dag.py:3954} INFO - Setting next_dagrun for example_trigger_controller_dag to 2021-01-01 00:00:00+00:00, run_after=2021-01-01 00:00:00+00:00
[2024-05-04T12:10:10.067+0530] {processor.py:183} INFO - Processing /usr/local/lib/python3.10/dist-packages/airflow/example_dags/example_trigger_controller_dag.py took 0.031 seconds
[2024-05-04T12:11:06.625+0530] {processor.py:161} INFO - Started process (PID=7659) to work on /usr/local/lib/python3.10/dist-packages/airflow/example_dags/example_trigger_controller_dag.py
[2024-05-04T12:11:06.626+0530] {processor.py:830} INFO - Processing file /usr/local/lib/python3.10/dist-packages/airflow/example_dags/example_trigger_controller_dag.py for tasks to queue
[2024-05-04T12:11:06.627+0530] {logging_mixin.py:188} INFO - [2024-05-04T12:11:06.626+0530] {dagbag.py:540} INFO - Filling up the DagBag from /usr/local/lib/python3.10/dist-packages/airflow/example_dags/example_trigger_controller_dag.py
[2024-05-04T12:11:06.629+0530] {processor.py:840} INFO - DAG(s) 'example_trigger_controller_dag' retrieved from /usr/local/lib/python3.10/dist-packages/airflow/example_dags/example_trigger_controller_dag.py
[2024-05-04T12:11:06.635+0530] {logging_mixin.py:188} INFO - [2024-05-04T12:11:06.635+0530] {dag.py:3096} INFO - Sync 1 DAGs
[2024-05-04T12:11:06.642+0530] {logging_mixin.py:188} INFO - [2024-05-04T12:11:06.642+0530] {dag.py:3954} INFO - Setting next_dagrun for example_trigger_controller_dag to 2021-01-01 00:00:00+00:00, run_after=2021-01-01 00:00:00+00:00
[2024-05-04T12:11:06.652+0530] {processor.py:183} INFO - Processing /usr/local/lib/python3.10/dist-packages/airflow/example_dags/example_trigger_controller_dag.py took 0.033 seconds
[2024-05-04T12:12:13.184+0530] {processor.py:161} INFO - Started process (PID=8308) to work on /usr/local/lib/python3.10/dist-packages/airflow/example_dags/example_trigger_controller_dag.py
[2024-05-04T12:12:13.185+0530] {processor.py:830} INFO - Processing file /usr/local/lib/python3.10/dist-packages/airflow/example_dags/example_trigger_controller_dag.py for tasks to queue
[2024-05-04T12:12:13.186+0530] {logging_mixin.py:188} INFO - [2024-05-04T12:12:13.185+0530] {dagbag.py:540} INFO - Filling up the DagBag from /usr/local/lib/python3.10/dist-packages/airflow/example_dags/example_trigger_controller_dag.py
[2024-05-04T12:12:13.188+0530] {processor.py:840} INFO - DAG(s) 'example_trigger_controller_dag' retrieved from /usr/local/lib/python3.10/dist-packages/airflow/example_dags/example_trigger_controller_dag.py
[2024-05-04T12:12:13.195+0530] {logging_mixin.py:188} INFO - [2024-05-04T12:12:13.195+0530] {dag.py:3096} INFO - Sync 1 DAGs
[2024-05-04T12:12:13.204+0530] {logging_mixin.py:188} INFO - [2024-05-04T12:12:13.203+0530] {dag.py:3954} INFO - Setting next_dagrun for example_trigger_controller_dag to 2021-01-01 00:00:00+00:00, run_after=2021-01-01 00:00:00+00:00
[2024-05-04T12:12:13.215+0530] {processor.py:183} INFO - Processing /usr/local/lib/python3.10/dist-packages/airflow/example_dags/example_trigger_controller_dag.py took 0.033 seconds
[2024-05-04T12:13:13.258+0530] {processor.py:161} INFO - Started process (PID=8937) to work on /usr/local/lib/python3.10/dist-packages/airflow/example_dags/example_trigger_controller_dag.py
[2024-05-04T12:13:13.259+0530] {processor.py:830} INFO - Processing file /usr/local/lib/python3.10/dist-packages/airflow/example_dags/example_trigger_controller_dag.py for tasks to queue
[2024-05-04T12:13:13.260+0530] {logging_mixin.py:188} INFO - [2024-05-04T12:13:13.260+0530] {dagbag.py:540} INFO - Filling up the DagBag from /usr/local/lib/python3.10/dist-packages/airflow/example_dags/example_trigger_controller_dag.py
[2024-05-04T12:13:13.264+0530] {processor.py:840} INFO - DAG(s) 'example_trigger_controller_dag' retrieved from /usr/local/lib/python3.10/dist-packages/airflow/example_dags/example_trigger_controller_dag.py
[2024-05-04T12:13:13.275+0530] {logging_mixin.py:188} INFO - [2024-05-04T12:13:13.275+0530] {dag.py:3096} INFO - Sync 1 DAGs
[2024-05-04T12:13:13.284+0530] {logging_mixin.py:188} INFO - [2024-05-04T12:13:13.284+0530] {dag.py:3954} INFO - Setting next_dagrun for example_trigger_controller_dag to 2021-01-01 00:00:00+00:00, run_after=2021-01-01 00:00:00+00:00
[2024-05-04T12:13:13.295+0530] {processor.py:183} INFO - Processing /usr/local/lib/python3.10/dist-packages/airflow/example_dags/example_trigger_controller_dag.py took 0.041 seconds
[2024-05-04T12:14:08.072+0530] {processor.py:161} INFO - Started process (PID=9118) to work on /usr/local/lib/python3.10/dist-packages/airflow/example_dags/example_trigger_controller_dag.py
[2024-05-04T12:14:08.074+0530] {processor.py:830} INFO - Processing file /usr/local/lib/python3.10/dist-packages/airflow/example_dags/example_trigger_controller_dag.py for tasks to queue
[2024-05-04T12:14:08.076+0530] {logging_mixin.py:188} INFO - [2024-05-04T12:14:08.075+0530] {dagbag.py:540} INFO - Filling up the DagBag from /usr/local/lib/python3.10/dist-packages/airflow/example_dags/example_trigger_controller_dag.py
[2024-05-04T12:14:08.081+0530] {processor.py:840} INFO - DAG(s) 'example_trigger_controller_dag' retrieved from /usr/local/lib/python3.10/dist-packages/airflow/example_dags/example_trigger_controller_dag.py
[2024-05-04T12:14:08.087+0530] {logging_mixin.py:188} INFO - [2024-05-04T12:14:08.087+0530] {dag.py:3096} INFO - Sync 1 DAGs
[2024-05-04T12:14:08.095+0530] {logging_mixin.py:188} INFO - [2024-05-04T12:14:08.094+0530] {dag.py:3954} INFO - Setting next_dagrun for example_trigger_controller_dag to 2021-01-01 00:00:00+00:00, run_after=2021-01-01 00:00:00+00:00
[2024-05-04T12:14:08.105+0530] {processor.py:183} INFO - Processing /usr/local/lib/python3.10/dist-packages/airflow/example_dags/example_trigger_controller_dag.py took 0.042 seconds
[2024-05-04T12:15:01.208+0530] {processor.py:161} INFO - Started process (PID=9291) to work on /usr/local/lib/python3.10/dist-packages/airflow/example_dags/example_trigger_controller_dag.py
[2024-05-04T12:15:01.209+0530] {processor.py:830} INFO - Processing file /usr/local/lib/python3.10/dist-packages/airflow/example_dags/example_trigger_controller_dag.py for tasks to queue
[2024-05-04T12:15:01.211+0530] {logging_mixin.py:188} INFO - [2024-05-04T12:15:01.210+0530] {dagbag.py:540} INFO - Filling up the DagBag from /usr/local/lib/python3.10/dist-packages/airflow/example_dags/example_trigger_controller_dag.py
[2024-05-04T12:15:01.214+0530] {processor.py:840} INFO - DAG(s) 'example_trigger_controller_dag' retrieved from /usr/local/lib/python3.10/dist-packages/airflow/example_dags/example_trigger_controller_dag.py
[2024-05-04T12:15:01.220+0530] {logging_mixin.py:188} INFO - [2024-05-04T12:15:01.220+0530] {dag.py:3096} INFO - Sync 1 DAGs
[2024-05-04T12:15:01.227+0530] {logging_mixin.py:188} INFO - [2024-05-04T12:15:01.227+0530] {dag.py:3954} INFO - Setting next_dagrun for example_trigger_controller_dag to 2021-01-01 00:00:00+00:00, run_after=2021-01-01 00:00:00+00:00
[2024-05-04T12:15:01.237+0530] {processor.py:183} INFO - Processing /usr/local/lib/python3.10/dist-packages/airflow/example_dags/example_trigger_controller_dag.py took 0.038 seconds
[2024-05-04T12:15:52.476+0530] {processor.py:161} INFO - Started process (PID=9461) to work on /usr/local/lib/python3.10/dist-packages/airflow/example_dags/example_trigger_controller_dag.py
[2024-05-04T12:15:52.477+0530] {processor.py:830} INFO - Processing file /usr/local/lib/python3.10/dist-packages/airflow/example_dags/example_trigger_controller_dag.py for tasks to queue
[2024-05-04T12:15:52.478+0530] {logging_mixin.py:188} INFO - [2024-05-04T12:15:52.478+0530] {dagbag.py:540} INFO - Filling up the DagBag from /usr/local/lib/python3.10/dist-packages/airflow/example_dags/example_trigger_controller_dag.py
[2024-05-04T12:15:52.482+0530] {processor.py:840} INFO - DAG(s) 'example_trigger_controller_dag' retrieved from /usr/local/lib/python3.10/dist-packages/airflow/example_dags/example_trigger_controller_dag.py
[2024-05-04T12:15:52.491+0530] {logging_mixin.py:188} INFO - [2024-05-04T12:15:52.490+0530] {dag.py:3096} INFO - Sync 1 DAGs
[2024-05-04T12:15:52.499+0530] {logging_mixin.py:188} INFO - [2024-05-04T12:15:52.499+0530] {dag.py:3954} INFO - Setting next_dagrun for example_trigger_controller_dag to 2021-01-01 00:00:00+00:00, run_after=2021-01-01 00:00:00+00:00
[2024-05-04T12:15:52.509+0530] {processor.py:183} INFO - Processing /usr/local/lib/python3.10/dist-packages/airflow/example_dags/example_trigger_controller_dag.py took 0.035 seconds
[2024-05-04T12:16:44.019+0530] {processor.py:161} INFO - Started process (PID=9615) to work on /usr/local/lib/python3.10/dist-packages/airflow/example_dags/example_trigger_controller_dag.py
[2024-05-04T12:16:44.020+0530] {processor.py:830} INFO - Processing file /usr/local/lib/python3.10/dist-packages/airflow/example_dags/example_trigger_controller_dag.py for tasks to queue
[2024-05-04T12:16:44.021+0530] {logging_mixin.py:188} INFO - [2024-05-04T12:16:44.020+0530] {dagbag.py:540} INFO - Filling up the DagBag from /usr/local/lib/python3.10/dist-packages/airflow/example_dags/example_trigger_controller_dag.py
[2024-05-04T12:16:44.023+0530] {processor.py:840} INFO - DAG(s) 'example_trigger_controller_dag' retrieved from /usr/local/lib/python3.10/dist-packages/airflow/example_dags/example_trigger_controller_dag.py
[2024-05-04T12:16:44.028+0530] {logging_mixin.py:188} INFO - [2024-05-04T12:16:44.028+0530] {dag.py:3096} INFO - Sync 1 DAGs
[2024-05-04T12:16:44.035+0530] {logging_mixin.py:188} INFO - [2024-05-04T12:16:44.035+0530] {dag.py:3954} INFO - Setting next_dagrun for example_trigger_controller_dag to 2021-01-01 00:00:00+00:00, run_after=2021-01-01 00:00:00+00:00
[2024-05-04T12:16:44.045+0530] {processor.py:183} INFO - Processing /usr/local/lib/python3.10/dist-packages/airflow/example_dags/example_trigger_controller_dag.py took 0.032 seconds
[2024-05-04T12:17:41.733+0530] {processor.py:161} INFO - Started process (PID=10231) to work on /usr/local/lib/python3.10/dist-packages/airflow/example_dags/example_trigger_controller_dag.py
[2024-05-04T12:17:41.734+0530] {processor.py:830} INFO - Processing file /usr/local/lib/python3.10/dist-packages/airflow/example_dags/example_trigger_controller_dag.py for tasks to queue
[2024-05-04T12:17:41.734+0530] {logging_mixin.py:188} INFO - [2024-05-04T12:17:41.734+0530] {dagbag.py:540} INFO - Filling up the DagBag from /usr/local/lib/python3.10/dist-packages/airflow/example_dags/example_trigger_controller_dag.py
[2024-05-04T12:17:41.736+0530] {processor.py:840} INFO - DAG(s) 'example_trigger_controller_dag' retrieved from /usr/local/lib/python3.10/dist-packages/airflow/example_dags/example_trigger_controller_dag.py
[2024-05-04T12:17:41.742+0530] {logging_mixin.py:188} INFO - [2024-05-04T12:17:41.742+0530] {dag.py:3096} INFO - Sync 1 DAGs
[2024-05-04T12:17:41.749+0530] {logging_mixin.py:188} INFO - [2024-05-04T12:17:41.749+0530] {dag.py:3954} INFO - Setting next_dagrun for example_trigger_controller_dag to 2021-01-01 00:00:00+00:00, run_after=2021-01-01 00:00:00+00:00
[2024-05-04T12:17:41.759+0530] {processor.py:183} INFO - Processing /usr/local/lib/python3.10/dist-packages/airflow/example_dags/example_trigger_controller_dag.py took 0.028 seconds
[2024-05-04T12:18:51.531+0530] {processor.py:161} INFO - Started process (PID=10844) to work on /usr/local/lib/python3.10/dist-packages/airflow/example_dags/example_trigger_controller_dag.py
[2024-05-04T12:18:51.532+0530] {processor.py:830} INFO - Processing file /usr/local/lib/python3.10/dist-packages/airflow/example_dags/example_trigger_controller_dag.py for tasks to queue
[2024-05-04T12:18:51.532+0530] {logging_mixin.py:188} INFO - [2024-05-04T12:18:51.532+0530] {dagbag.py:540} INFO - Filling up the DagBag from /usr/local/lib/python3.10/dist-packages/airflow/example_dags/example_trigger_controller_dag.py
[2024-05-04T12:18:51.534+0530] {processor.py:840} INFO - DAG(s) 'example_trigger_controller_dag' retrieved from /usr/local/lib/python3.10/dist-packages/airflow/example_dags/example_trigger_controller_dag.py
[2024-05-04T12:18:51.540+0530] {logging_mixin.py:188} INFO - [2024-05-04T12:18:51.540+0530] {dag.py:3096} INFO - Sync 1 DAGs
[2024-05-04T12:18:51.547+0530] {logging_mixin.py:188} INFO - [2024-05-04T12:18:51.547+0530] {dag.py:3954} INFO - Setting next_dagrun for example_trigger_controller_dag to 2021-01-01 00:00:00+00:00, run_after=2021-01-01 00:00:00+00:00
[2024-05-04T12:18:51.557+0530] {processor.py:183} INFO - Processing /usr/local/lib/python3.10/dist-packages/airflow/example_dags/example_trigger_controller_dag.py took 0.030 seconds
[2024-05-04T12:19:44.608+0530] {processor.py:161} INFO - Started process (PID=11001) to work on /usr/local/lib/python3.10/dist-packages/airflow/example_dags/example_trigger_controller_dag.py
[2024-05-04T12:19:44.609+0530] {processor.py:830} INFO - Processing file /usr/local/lib/python3.10/dist-packages/airflow/example_dags/example_trigger_controller_dag.py for tasks to queue
[2024-05-04T12:19:44.611+0530] {logging_mixin.py:188} INFO - [2024-05-04T12:19:44.610+0530] {dagbag.py:540} INFO - Filling up the DagBag from /usr/local/lib/python3.10/dist-packages/airflow/example_dags/example_trigger_controller_dag.py
[2024-05-04T12:19:44.616+0530] {processor.py:840} INFO - DAG(s) 'example_trigger_controller_dag' retrieved from /usr/local/lib/python3.10/dist-packages/airflow/example_dags/example_trigger_controller_dag.py
[2024-05-04T12:19:44.621+0530] {logging_mixin.py:188} INFO - [2024-05-04T12:19:44.621+0530] {dag.py:3096} INFO - Sync 1 DAGs
[2024-05-04T12:19:44.629+0530] {logging_mixin.py:188} INFO - [2024-05-04T12:19:44.629+0530] {dag.py:3954} INFO - Setting next_dagrun for example_trigger_controller_dag to 2021-01-01 00:00:00+00:00, run_after=2021-01-01 00:00:00+00:00
[2024-05-04T12:19:44.639+0530] {processor.py:183} INFO - Processing /usr/local/lib/python3.10/dist-packages/airflow/example_dags/example_trigger_controller_dag.py took 0.034 seconds
[2024-05-04T12:20:36.537+0530] {processor.py:161} INFO - Started process (PID=11123) to work on /usr/local/lib/python3.10/dist-packages/airflow/example_dags/example_trigger_controller_dag.py
[2024-05-04T12:20:36.537+0530] {processor.py:830} INFO - Processing file /usr/local/lib/python3.10/dist-packages/airflow/example_dags/example_trigger_controller_dag.py for tasks to queue
[2024-05-04T12:20:36.538+0530] {logging_mixin.py:188} INFO - [2024-05-04T12:20:36.538+0530] {dagbag.py:540} INFO - Filling up the DagBag from /usr/local/lib/python3.10/dist-packages/airflow/example_dags/example_trigger_controller_dag.py
[2024-05-04T12:20:36.542+0530] {processor.py:840} INFO - DAG(s) 'example_trigger_controller_dag' retrieved from /usr/local/lib/python3.10/dist-packages/airflow/example_dags/example_trigger_controller_dag.py
[2024-05-04T12:20:36.549+0530] {logging_mixin.py:188} INFO - [2024-05-04T12:20:36.549+0530] {dag.py:3096} INFO - Sync 1 DAGs
[2024-05-04T12:20:36.557+0530] {logging_mixin.py:188} INFO - [2024-05-04T12:20:36.557+0530] {dag.py:3954} INFO - Setting next_dagrun for example_trigger_controller_dag to 2021-01-01 00:00:00+00:00, run_after=2021-01-01 00:00:00+00:00
[2024-05-04T12:20:36.567+0530] {processor.py:183} INFO - Processing /usr/local/lib/python3.10/dist-packages/airflow/example_dags/example_trigger_controller_dag.py took 0.033 seconds
[2024-05-04T12:21:30.256+0530] {processor.py:161} INFO - Started process (PID=11248) to work on /usr/local/lib/python3.10/dist-packages/airflow/example_dags/example_trigger_controller_dag.py
[2024-05-04T12:21:30.256+0530] {processor.py:830} INFO - Processing file /usr/local/lib/python3.10/dist-packages/airflow/example_dags/example_trigger_controller_dag.py for tasks to queue
[2024-05-04T12:21:30.257+0530] {logging_mixin.py:188} INFO - [2024-05-04T12:21:30.257+0530] {dagbag.py:540} INFO - Filling up the DagBag from /usr/local/lib/python3.10/dist-packages/airflow/example_dags/example_trigger_controller_dag.py
[2024-05-04T12:21:30.259+0530] {processor.py:840} INFO - DAG(s) 'example_trigger_controller_dag' retrieved from /usr/local/lib/python3.10/dist-packages/airflow/example_dags/example_trigger_controller_dag.py
[2024-05-04T12:21:30.266+0530] {logging_mixin.py:188} INFO - [2024-05-04T12:21:30.266+0530] {dag.py:3096} INFO - Sync 1 DAGs
[2024-05-04T12:21:30.276+0530] {logging_mixin.py:188} INFO - [2024-05-04T12:21:30.276+0530] {dag.py:3954} INFO - Setting next_dagrun for example_trigger_controller_dag to 2021-01-01 00:00:00+00:00, run_after=2021-01-01 00:00:00+00:00
[2024-05-04T12:21:30.286+0530] {processor.py:183} INFO - Processing /usr/local/lib/python3.10/dist-packages/airflow/example_dags/example_trigger_controller_dag.py took 0.034 seconds
[2024-05-04T12:22:20.986+0530] {processor.py:161} INFO - Started process (PID=11366) to work on /usr/local/lib/python3.10/dist-packages/airflow/example_dags/example_trigger_controller_dag.py
[2024-05-04T12:22:20.987+0530] {processor.py:830} INFO - Processing file /usr/local/lib/python3.10/dist-packages/airflow/example_dags/example_trigger_controller_dag.py for tasks to queue
[2024-05-04T12:22:20.988+0530] {logging_mixin.py:188} INFO - [2024-05-04T12:22:20.988+0530] {dagbag.py:540} INFO - Filling up the DagBag from /usr/local/lib/python3.10/dist-packages/airflow/example_dags/example_trigger_controller_dag.py
[2024-05-04T12:22:20.992+0530] {processor.py:840} INFO - DAG(s) 'example_trigger_controller_dag' retrieved from /usr/local/lib/python3.10/dist-packages/airflow/example_dags/example_trigger_controller_dag.py
[2024-05-04T12:22:21.000+0530] {logging_mixin.py:188} INFO - [2024-05-04T12:22:21.000+0530] {dag.py:3096} INFO - Sync 1 DAGs
[2024-05-04T12:22:21.007+0530] {logging_mixin.py:188} INFO - [2024-05-04T12:22:21.007+0530] {dag.py:3954} INFO - Setting next_dagrun for example_trigger_controller_dag to 2021-01-01 00:00:00+00:00, run_after=2021-01-01 00:00:00+00:00
[2024-05-04T12:22:21.018+0530] {processor.py:183} INFO - Processing /usr/local/lib/python3.10/dist-packages/airflow/example_dags/example_trigger_controller_dag.py took 0.041 seconds
[2024-05-04T12:23:12.864+0530] {processor.py:161} INFO - Started process (PID=11490) to work on /usr/local/lib/python3.10/dist-packages/airflow/example_dags/example_trigger_controller_dag.py
[2024-05-04T12:23:12.865+0530] {processor.py:830} INFO - Processing file /usr/local/lib/python3.10/dist-packages/airflow/example_dags/example_trigger_controller_dag.py for tasks to queue
[2024-05-04T12:23:12.867+0530] {logging_mixin.py:188} INFO - [2024-05-04T12:23:12.867+0530] {dagbag.py:540} INFO - Filling up the DagBag from /usr/local/lib/python3.10/dist-packages/airflow/example_dags/example_trigger_controller_dag.py
[2024-05-04T12:23:12.870+0530] {processor.py:840} INFO - DAG(s) 'example_trigger_controller_dag' retrieved from /usr/local/lib/python3.10/dist-packages/airflow/example_dags/example_trigger_controller_dag.py
[2024-05-04T12:23:12.876+0530] {logging_mixin.py:188} INFO - [2024-05-04T12:23:12.876+0530] {dag.py:3096} INFO - Sync 1 DAGs
[2024-05-04T12:23:12.883+0530] {logging_mixin.py:188} INFO - [2024-05-04T12:23:12.883+0530] {dag.py:3954} INFO - Setting next_dagrun for example_trigger_controller_dag to 2021-01-01 00:00:00+00:00, run_after=2021-01-01 00:00:00+00:00
[2024-05-04T12:23:12.893+0530] {processor.py:183} INFO - Processing /usr/local/lib/python3.10/dist-packages/airflow/example_dags/example_trigger_controller_dag.py took 0.038 seconds
[2024-05-04T12:24:03.576+0530] {processor.py:161} INFO - Started process (PID=11619) to work on /usr/local/lib/python3.10/dist-packages/airflow/example_dags/example_trigger_controller_dag.py
[2024-05-04T12:24:03.577+0530] {processor.py:830} INFO - Processing file /usr/local/lib/python3.10/dist-packages/airflow/example_dags/example_trigger_controller_dag.py for tasks to queue
[2024-05-04T12:24:03.578+0530] {logging_mixin.py:188} INFO - [2024-05-04T12:24:03.578+0530] {dagbag.py:540} INFO - Filling up the DagBag from /usr/local/lib/python3.10/dist-packages/airflow/example_dags/example_trigger_controller_dag.py
[2024-05-04T12:24:03.581+0530] {processor.py:840} INFO - DAG(s) 'example_trigger_controller_dag' retrieved from /usr/local/lib/python3.10/dist-packages/airflow/example_dags/example_trigger_controller_dag.py
[2024-05-04T12:24:03.587+0530] {logging_mixin.py:188} INFO - [2024-05-04T12:24:03.587+0530] {dag.py:3096} INFO - Sync 1 DAGs
[2024-05-04T12:24:03.594+0530] {logging_mixin.py:188} INFO - [2024-05-04T12:24:03.594+0530] {dag.py:3954} INFO - Setting next_dagrun for example_trigger_controller_dag to 2021-01-01 00:00:00+00:00, run_after=2021-01-01 00:00:00+00:00
[2024-05-04T12:24:03.604+0530] {processor.py:183} INFO - Processing /usr/local/lib/python3.10/dist-packages/airflow/example_dags/example_trigger_controller_dag.py took 0.035 seconds
[2024-05-04T12:24:53.270+0530] {processor.py:161} INFO - Started process (PID=11866) to work on /usr/local/lib/python3.10/dist-packages/airflow/example_dags/example_trigger_controller_dag.py
[2024-05-04T12:24:53.271+0530] {processor.py:830} INFO - Processing file /usr/local/lib/python3.10/dist-packages/airflow/example_dags/example_trigger_controller_dag.py for tasks to queue
[2024-05-04T12:24:53.272+0530] {logging_mixin.py:188} INFO - [2024-05-04T12:24:53.272+0530] {dagbag.py:540} INFO - Filling up the DagBag from /usr/local/lib/python3.10/dist-packages/airflow/example_dags/example_trigger_controller_dag.py
[2024-05-04T12:24:53.275+0530] {processor.py:840} INFO - DAG(s) 'example_trigger_controller_dag' retrieved from /usr/local/lib/python3.10/dist-packages/airflow/example_dags/example_trigger_controller_dag.py
[2024-05-04T12:24:53.281+0530] {logging_mixin.py:188} INFO - [2024-05-04T12:24:53.281+0530] {dag.py:3096} INFO - Sync 1 DAGs
[2024-05-04T12:24:53.288+0530] {logging_mixin.py:188} INFO - [2024-05-04T12:24:53.288+0530] {dag.py:3954} INFO - Setting next_dagrun for example_trigger_controller_dag to 2021-01-01 00:00:00+00:00, run_after=2021-01-01 00:00:00+00:00
[2024-05-04T12:24:53.297+0530] {processor.py:183} INFO - Processing /usr/local/lib/python3.10/dist-packages/airflow/example_dags/example_trigger_controller_dag.py took 0.034 seconds
[2024-05-04T12:25:43.793+0530] {processor.py:161} INFO - Started process (PID=11998) to work on /usr/local/lib/python3.10/dist-packages/airflow/example_dags/example_trigger_controller_dag.py
[2024-05-04T12:25:43.794+0530] {processor.py:830} INFO - Processing file /usr/local/lib/python3.10/dist-packages/airflow/example_dags/example_trigger_controller_dag.py for tasks to queue
[2024-05-04T12:25:43.795+0530] {logging_mixin.py:188} INFO - [2024-05-04T12:25:43.795+0530] {dagbag.py:540} INFO - Filling up the DagBag from /usr/local/lib/python3.10/dist-packages/airflow/example_dags/example_trigger_controller_dag.py
[2024-05-04T12:25:43.797+0530] {processor.py:840} INFO - DAG(s) 'example_trigger_controller_dag' retrieved from /usr/local/lib/python3.10/dist-packages/airflow/example_dags/example_trigger_controller_dag.py
[2024-05-04T12:25:43.803+0530] {logging_mixin.py:188} INFO - [2024-05-04T12:25:43.803+0530] {dag.py:3096} INFO - Sync 1 DAGs
[2024-05-04T12:25:43.810+0530] {logging_mixin.py:188} INFO - [2024-05-04T12:25:43.810+0530] {dag.py:3954} INFO - Setting next_dagrun for example_trigger_controller_dag to 2021-01-01 00:00:00+00:00, run_after=2021-01-01 00:00:00+00:00
[2024-05-04T12:25:43.820+0530] {processor.py:183} INFO - Processing /usr/local/lib/python3.10/dist-packages/airflow/example_dags/example_trigger_controller_dag.py took 0.031 seconds
[2024-05-04T12:26:33.445+0530] {processor.py:161} INFO - Started process (PID=12120) to work on /usr/local/lib/python3.10/dist-packages/airflow/example_dags/example_trigger_controller_dag.py
[2024-05-04T12:26:33.446+0530] {processor.py:830} INFO - Processing file /usr/local/lib/python3.10/dist-packages/airflow/example_dags/example_trigger_controller_dag.py for tasks to queue
[2024-05-04T12:26:33.448+0530] {logging_mixin.py:188} INFO - [2024-05-04T12:26:33.447+0530] {dagbag.py:540} INFO - Filling up the DagBag from /usr/local/lib/python3.10/dist-packages/airflow/example_dags/example_trigger_controller_dag.py
[2024-05-04T12:26:33.452+0530] {processor.py:840} INFO - DAG(s) 'example_trigger_controller_dag' retrieved from /usr/local/lib/python3.10/dist-packages/airflow/example_dags/example_trigger_controller_dag.py
[2024-05-04T12:26:33.458+0530] {logging_mixin.py:188} INFO - [2024-05-04T12:26:33.458+0530] {dag.py:3096} INFO - Sync 1 DAGs
[2024-05-04T12:26:33.465+0530] {logging_mixin.py:188} INFO - [2024-05-04T12:26:33.465+0530] {dag.py:3954} INFO - Setting next_dagrun for example_trigger_controller_dag to 2021-01-01 00:00:00+00:00, run_after=2021-01-01 00:00:00+00:00
[2024-05-04T12:26:33.475+0530] {processor.py:183} INFO - Processing /usr/local/lib/python3.10/dist-packages/airflow/example_dags/example_trigger_controller_dag.py took 0.039 seconds
[2024-05-04T12:27:27.336+0530] {processor.py:161} INFO - Started process (PID=12248) to work on /usr/local/lib/python3.10/dist-packages/airflow/example_dags/example_trigger_controller_dag.py
[2024-05-04T12:27:27.337+0530] {processor.py:830} INFO - Processing file /usr/local/lib/python3.10/dist-packages/airflow/example_dags/example_trigger_controller_dag.py for tasks to queue
[2024-05-04T12:27:27.338+0530] {logging_mixin.py:188} INFO - [2024-05-04T12:27:27.338+0530] {dagbag.py:540} INFO - Filling up the DagBag from /usr/local/lib/python3.10/dist-packages/airflow/example_dags/example_trigger_controller_dag.py
[2024-05-04T12:27:27.341+0530] {processor.py:840} INFO - DAG(s) 'example_trigger_controller_dag' retrieved from /usr/local/lib/python3.10/dist-packages/airflow/example_dags/example_trigger_controller_dag.py
[2024-05-04T12:27:27.347+0530] {logging_mixin.py:188} INFO - [2024-05-04T12:27:27.347+0530] {dag.py:3096} INFO - Sync 1 DAGs
[2024-05-04T12:27:27.354+0530] {logging_mixin.py:188} INFO - [2024-05-04T12:27:27.354+0530] {dag.py:3954} INFO - Setting next_dagrun for example_trigger_controller_dag to 2021-01-01 00:00:00+00:00, run_after=2021-01-01 00:00:00+00:00
[2024-05-04T12:27:27.364+0530] {processor.py:183} INFO - Processing /usr/local/lib/python3.10/dist-packages/airflow/example_dags/example_trigger_controller_dag.py took 0.036 seconds
[2024-05-04T12:28:16.821+0530] {processor.py:161} INFO - Started process (PID=12375) to work on /usr/local/lib/python3.10/dist-packages/airflow/example_dags/example_trigger_controller_dag.py
[2024-05-04T12:28:16.822+0530] {processor.py:830} INFO - Processing file /usr/local/lib/python3.10/dist-packages/airflow/example_dags/example_trigger_controller_dag.py for tasks to queue
[2024-05-04T12:28:16.822+0530] {logging_mixin.py:188} INFO - [2024-05-04T12:28:16.822+0530] {dagbag.py:540} INFO - Filling up the DagBag from /usr/local/lib/python3.10/dist-packages/airflow/example_dags/example_trigger_controller_dag.py
[2024-05-04T12:28:16.824+0530] {processor.py:840} INFO - DAG(s) 'example_trigger_controller_dag' retrieved from /usr/local/lib/python3.10/dist-packages/airflow/example_dags/example_trigger_controller_dag.py
[2024-05-04T12:28:16.830+0530] {logging_mixin.py:188} INFO - [2024-05-04T12:28:16.830+0530] {dag.py:3096} INFO - Sync 1 DAGs
[2024-05-04T12:28:16.837+0530] {logging_mixin.py:188} INFO - [2024-05-04T12:28:16.837+0530] {dag.py:3954} INFO - Setting next_dagrun for example_trigger_controller_dag to 2021-01-01 00:00:00+00:00, run_after=2021-01-01 00:00:00+00:00
[2024-05-04T12:28:16.847+0530] {processor.py:183} INFO - Processing /usr/local/lib/python3.10/dist-packages/airflow/example_dags/example_trigger_controller_dag.py took 0.032 seconds
[2024-05-04T12:29:05.480+0530] {processor.py:161} INFO - Started process (PID=12492) to work on /usr/local/lib/python3.10/dist-packages/airflow/example_dags/example_trigger_controller_dag.py
[2024-05-04T12:29:05.480+0530] {processor.py:830} INFO - Processing file /usr/local/lib/python3.10/dist-packages/airflow/example_dags/example_trigger_controller_dag.py for tasks to queue
[2024-05-04T12:29:05.481+0530] {logging_mixin.py:188} INFO - [2024-05-04T12:29:05.481+0530] {dagbag.py:540} INFO - Filling up the DagBag from /usr/local/lib/python3.10/dist-packages/airflow/example_dags/example_trigger_controller_dag.py
[2024-05-04T12:29:05.486+0530] {processor.py:840} INFO - DAG(s) 'example_trigger_controller_dag' retrieved from /usr/local/lib/python3.10/dist-packages/airflow/example_dags/example_trigger_controller_dag.py
[2024-05-04T12:29:05.493+0530] {logging_mixin.py:188} INFO - [2024-05-04T12:29:05.493+0530] {dag.py:3096} INFO - Sync 1 DAGs
[2024-05-04T12:29:05.500+0530] {logging_mixin.py:188} INFO - [2024-05-04T12:29:05.500+0530] {dag.py:3954} INFO - Setting next_dagrun for example_trigger_controller_dag to 2021-01-01 00:00:00+00:00, run_after=2021-01-01 00:00:00+00:00
[2024-05-04T12:29:05.510+0530] {processor.py:183} INFO - Processing /usr/local/lib/python3.10/dist-packages/airflow/example_dags/example_trigger_controller_dag.py took 0.036 seconds
[2024-05-04T12:29:52.378+0530] {processor.py:161} INFO - Started process (PID=12637) to work on /usr/local/lib/python3.10/dist-packages/airflow/example_dags/example_trigger_controller_dag.py
[2024-05-04T12:29:52.379+0530] {processor.py:830} INFO - Processing file /usr/local/lib/python3.10/dist-packages/airflow/example_dags/example_trigger_controller_dag.py for tasks to queue
[2024-05-04T12:29:52.380+0530] {logging_mixin.py:188} INFO - [2024-05-04T12:29:52.379+0530] {dagbag.py:540} INFO - Filling up the DagBag from /usr/local/lib/python3.10/dist-packages/airflow/example_dags/example_trigger_controller_dag.py
[2024-05-04T12:29:52.382+0530] {processor.py:840} INFO - DAG(s) 'example_trigger_controller_dag' retrieved from /usr/local/lib/python3.10/dist-packages/airflow/example_dags/example_trigger_controller_dag.py
[2024-05-04T12:29:52.387+0530] {logging_mixin.py:188} INFO - [2024-05-04T12:29:52.387+0530] {dag.py:3096} INFO - Sync 1 DAGs
[2024-05-04T12:29:52.395+0530] {logging_mixin.py:188} INFO - [2024-05-04T12:29:52.395+0530] {dag.py:3954} INFO - Setting next_dagrun for example_trigger_controller_dag to 2021-01-01 00:00:00+00:00, run_after=2021-01-01 00:00:00+00:00
[2024-05-04T12:29:52.405+0530] {processor.py:183} INFO - Processing /usr/local/lib/python3.10/dist-packages/airflow/example_dags/example_trigger_controller_dag.py took 0.029 seconds
[2024-05-04T12:30:40.998+0530] {processor.py:161} INFO - Started process (PID=12765) to work on /usr/local/lib/python3.10/dist-packages/airflow/example_dags/example_trigger_controller_dag.py
[2024-05-04T12:30:40.999+0530] {processor.py:830} INFO - Processing file /usr/local/lib/python3.10/dist-packages/airflow/example_dags/example_trigger_controller_dag.py for tasks to queue
[2024-05-04T12:30:41.000+0530] {logging_mixin.py:188} INFO - [2024-05-04T12:30:40.999+0530] {dagbag.py:540} INFO - Filling up the DagBag from /usr/local/lib/python3.10/dist-packages/airflow/example_dags/example_trigger_controller_dag.py
[2024-05-04T12:30:41.003+0530] {processor.py:840} INFO - DAG(s) 'example_trigger_controller_dag' retrieved from /usr/local/lib/python3.10/dist-packages/airflow/example_dags/example_trigger_controller_dag.py
[2024-05-04T12:30:41.008+0530] {logging_mixin.py:188} INFO - [2024-05-04T12:30:41.008+0530] {dag.py:3096} INFO - Sync 1 DAGs
[2024-05-04T12:30:41.015+0530] {logging_mixin.py:188} INFO - [2024-05-04T12:30:41.015+0530] {dag.py:3954} INFO - Setting next_dagrun for example_trigger_controller_dag to 2021-01-01 00:00:00+00:00, run_after=2021-01-01 00:00:00+00:00
[2024-05-04T12:30:41.025+0530] {processor.py:183} INFO - Processing /usr/local/lib/python3.10/dist-packages/airflow/example_dags/example_trigger_controller_dag.py took 0.035 seconds
[2024-05-04T12:31:34.988+0530] {processor.py:161} INFO - Started process (PID=12915) to work on /usr/local/lib/python3.10/dist-packages/airflow/example_dags/example_trigger_controller_dag.py
[2024-05-04T12:31:34.989+0530] {processor.py:830} INFO - Processing file /usr/local/lib/python3.10/dist-packages/airflow/example_dags/example_trigger_controller_dag.py for tasks to queue
[2024-05-04T12:31:34.990+0530] {logging_mixin.py:188} INFO - [2024-05-04T12:31:34.990+0530] {dagbag.py:540} INFO - Filling up the DagBag from /usr/local/lib/python3.10/dist-packages/airflow/example_dags/example_trigger_controller_dag.py
[2024-05-04T12:31:34.994+0530] {processor.py:840} INFO - DAG(s) 'example_trigger_controller_dag' retrieved from /usr/local/lib/python3.10/dist-packages/airflow/example_dags/example_trigger_controller_dag.py
[2024-05-04T12:31:35.000+0530] {logging_mixin.py:188} INFO - [2024-05-04T12:31:34.999+0530] {dag.py:3096} INFO - Sync 1 DAGs
[2024-05-04T12:31:35.007+0530] {logging_mixin.py:188} INFO - [2024-05-04T12:31:35.007+0530] {dag.py:3954} INFO - Setting next_dagrun for example_trigger_controller_dag to 2021-01-01 00:00:00+00:00, run_after=2021-01-01 00:00:00+00:00
[2024-05-04T12:31:35.017+0530] {processor.py:183} INFO - Processing /usr/local/lib/python3.10/dist-packages/airflow/example_dags/example_trigger_controller_dag.py took 0.037 seconds
[2024-05-04T12:32:24.362+0530] {processor.py:161} INFO - Started process (PID=13044) to work on /usr/local/lib/python3.10/dist-packages/airflow/example_dags/example_trigger_controller_dag.py
[2024-05-04T12:32:24.363+0530] {processor.py:830} INFO - Processing file /usr/local/lib/python3.10/dist-packages/airflow/example_dags/example_trigger_controller_dag.py for tasks to queue
[2024-05-04T12:32:24.364+0530] {logging_mixin.py:188} INFO - [2024-05-04T12:32:24.364+0530] {dagbag.py:540} INFO - Filling up the DagBag from /usr/local/lib/python3.10/dist-packages/airflow/example_dags/example_trigger_controller_dag.py
[2024-05-04T12:32:24.367+0530] {processor.py:840} INFO - DAG(s) 'example_trigger_controller_dag' retrieved from /usr/local/lib/python3.10/dist-packages/airflow/example_dags/example_trigger_controller_dag.py
[2024-05-04T12:32:24.373+0530] {logging_mixin.py:188} INFO - [2024-05-04T12:32:24.372+0530] {dag.py:3096} INFO - Sync 1 DAGs
[2024-05-04T12:32:24.380+0530] {logging_mixin.py:188} INFO - [2024-05-04T12:32:24.380+0530] {dag.py:3954} INFO - Setting next_dagrun for example_trigger_controller_dag to 2021-01-01 00:00:00+00:00, run_after=2021-01-01 00:00:00+00:00
[2024-05-04T12:32:24.389+0530] {processor.py:183} INFO - Processing /usr/local/lib/python3.10/dist-packages/airflow/example_dags/example_trigger_controller_dag.py took 0.035 seconds
[2024-05-04T12:33:15.621+0530] {processor.py:161} INFO - Started process (PID=13208) to work on /usr/local/lib/python3.10/dist-packages/airflow/example_dags/example_trigger_controller_dag.py
[2024-05-04T12:33:15.621+0530] {processor.py:830} INFO - Processing file /usr/local/lib/python3.10/dist-packages/airflow/example_dags/example_trigger_controller_dag.py for tasks to queue
[2024-05-04T12:33:15.622+0530] {logging_mixin.py:188} INFO - [2024-05-04T12:33:15.622+0530] {dagbag.py:540} INFO - Filling up the DagBag from /usr/local/lib/python3.10/dist-packages/airflow/example_dags/example_trigger_controller_dag.py
[2024-05-04T12:33:15.625+0530] {processor.py:840} INFO - DAG(s) 'example_trigger_controller_dag' retrieved from /usr/local/lib/python3.10/dist-packages/airflow/example_dags/example_trigger_controller_dag.py
[2024-05-04T12:33:15.630+0530] {logging_mixin.py:188} INFO - [2024-05-04T12:33:15.630+0530] {dag.py:3096} INFO - Sync 1 DAGs
[2024-05-04T12:33:15.637+0530] {logging_mixin.py:188} INFO - [2024-05-04T12:33:15.637+0530] {dag.py:3954} INFO - Setting next_dagrun for example_trigger_controller_dag to 2021-01-01 00:00:00+00:00, run_after=2021-01-01 00:00:00+00:00
[2024-05-04T12:33:15.647+0530] {processor.py:183} INFO - Processing /usr/local/lib/python3.10/dist-packages/airflow/example_dags/example_trigger_controller_dag.py took 0.029 seconds
[2024-05-04T12:34:09.308+0530] {processor.py:161} INFO - Started process (PID=13359) to work on /usr/local/lib/python3.10/dist-packages/airflow/example_dags/example_trigger_controller_dag.py
[2024-05-04T12:34:09.308+0530] {processor.py:830} INFO - Processing file /usr/local/lib/python3.10/dist-packages/airflow/example_dags/example_trigger_controller_dag.py for tasks to queue
[2024-05-04T12:34:09.309+0530] {logging_mixin.py:188} INFO - [2024-05-04T12:34:09.309+0530] {dagbag.py:540} INFO - Filling up the DagBag from /usr/local/lib/python3.10/dist-packages/airflow/example_dags/example_trigger_controller_dag.py
[2024-05-04T12:34:09.313+0530] {processor.py:840} INFO - DAG(s) 'example_trigger_controller_dag' retrieved from /usr/local/lib/python3.10/dist-packages/airflow/example_dags/example_trigger_controller_dag.py
[2024-05-04T12:34:09.321+0530] {logging_mixin.py:188} INFO - [2024-05-04T12:34:09.321+0530] {dag.py:3096} INFO - Sync 1 DAGs
[2024-05-04T12:34:09.328+0530] {logging_mixin.py:188} INFO - [2024-05-04T12:34:09.328+0530] {dag.py:3954} INFO - Setting next_dagrun for example_trigger_controller_dag to 2021-01-01 00:00:00+00:00, run_after=2021-01-01 00:00:00+00:00
[2024-05-04T12:34:09.338+0530] {processor.py:183} INFO - Processing /usr/local/lib/python3.10/dist-packages/airflow/example_dags/example_trigger_controller_dag.py took 0.036 seconds
[2024-05-04T12:35:01.376+0530] {processor.py:161} INFO - Started process (PID=13552) to work on /usr/local/lib/python3.10/dist-packages/airflow/example_dags/example_trigger_controller_dag.py
[2024-05-04T12:35:01.376+0530] {processor.py:830} INFO - Processing file /usr/local/lib/python3.10/dist-packages/airflow/example_dags/example_trigger_controller_dag.py for tasks to queue
[2024-05-04T12:35:01.377+0530] {logging_mixin.py:188} INFO - [2024-05-04T12:35:01.377+0530] {dagbag.py:540} INFO - Filling up the DagBag from /usr/local/lib/python3.10/dist-packages/airflow/example_dags/example_trigger_controller_dag.py
[2024-05-04T12:35:01.379+0530] {processor.py:840} INFO - DAG(s) 'example_trigger_controller_dag' retrieved from /usr/local/lib/python3.10/dist-packages/airflow/example_dags/example_trigger_controller_dag.py
[2024-05-04T12:35:01.385+0530] {logging_mixin.py:188} INFO - [2024-05-04T12:35:01.385+0530] {dag.py:3096} INFO - Sync 1 DAGs
[2024-05-04T12:35:01.392+0530] {logging_mixin.py:188} INFO - [2024-05-04T12:35:01.392+0530] {dag.py:3954} INFO - Setting next_dagrun for example_trigger_controller_dag to 2021-01-01 00:00:00+00:00, run_after=2021-01-01 00:00:00+00:00
[2024-05-04T12:35:01.402+0530] {processor.py:183} INFO - Processing /usr/local/lib/python3.10/dist-packages/airflow/example_dags/example_trigger_controller_dag.py took 0.029 seconds
[2024-05-04T12:35:51.421+0530] {processor.py:161} INFO - Started process (PID=13673) to work on /usr/local/lib/python3.10/dist-packages/airflow/example_dags/example_trigger_controller_dag.py
[2024-05-04T12:35:51.421+0530] {processor.py:830} INFO - Processing file /usr/local/lib/python3.10/dist-packages/airflow/example_dags/example_trigger_controller_dag.py for tasks to queue
[2024-05-04T12:35:51.423+0530] {logging_mixin.py:188} INFO - [2024-05-04T12:35:51.422+0530] {dagbag.py:540} INFO - Filling up the DagBag from /usr/local/lib/python3.10/dist-packages/airflow/example_dags/example_trigger_controller_dag.py
[2024-05-04T12:35:51.427+0530] {processor.py:840} INFO - DAG(s) 'example_trigger_controller_dag' retrieved from /usr/local/lib/python3.10/dist-packages/airflow/example_dags/example_trigger_controller_dag.py
[2024-05-04T12:35:51.434+0530] {logging_mixin.py:188} INFO - [2024-05-04T12:35:51.434+0530] {dag.py:3096} INFO - Sync 1 DAGs
[2024-05-04T12:35:51.445+0530] {logging_mixin.py:188} INFO - [2024-05-04T12:35:51.445+0530] {dag.py:3954} INFO - Setting next_dagrun for example_trigger_controller_dag to 2021-01-01 00:00:00+00:00, run_after=2021-01-01 00:00:00+00:00
[2024-05-04T12:35:51.456+0530] {processor.py:183} INFO - Processing /usr/local/lib/python3.10/dist-packages/airflow/example_dags/example_trigger_controller_dag.py took 0.041 seconds
[2024-05-04T12:36:40.419+0530] {processor.py:161} INFO - Started process (PID=13790) to work on /usr/local/lib/python3.10/dist-packages/airflow/example_dags/example_trigger_controller_dag.py
[2024-05-04T12:36:40.420+0530] {processor.py:830} INFO - Processing file /usr/local/lib/python3.10/dist-packages/airflow/example_dags/example_trigger_controller_dag.py for tasks to queue
[2024-05-04T12:36:40.421+0530] {logging_mixin.py:188} INFO - [2024-05-04T12:36:40.421+0530] {dagbag.py:540} INFO - Filling up the DagBag from /usr/local/lib/python3.10/dist-packages/airflow/example_dags/example_trigger_controller_dag.py
[2024-05-04T12:36:40.424+0530] {processor.py:840} INFO - DAG(s) 'example_trigger_controller_dag' retrieved from /usr/local/lib/python3.10/dist-packages/airflow/example_dags/example_trigger_controller_dag.py
[2024-05-04T12:36:40.430+0530] {logging_mixin.py:188} INFO - [2024-05-04T12:36:40.429+0530] {dag.py:3096} INFO - Sync 1 DAGs
[2024-05-04T12:36:40.437+0530] {logging_mixin.py:188} INFO - [2024-05-04T12:36:40.437+0530] {dag.py:3954} INFO - Setting next_dagrun for example_trigger_controller_dag to 2021-01-01 00:00:00+00:00, run_after=2021-01-01 00:00:00+00:00
[2024-05-04T12:36:40.447+0530] {processor.py:183} INFO - Processing /usr/local/lib/python3.10/dist-packages/airflow/example_dags/example_trigger_controller_dag.py took 0.033 seconds
[2024-05-04T12:37:31.818+0530] {processor.py:161} INFO - Started process (PID=13912) to work on /usr/local/lib/python3.10/dist-packages/airflow/example_dags/example_trigger_controller_dag.py
[2024-05-04T12:37:31.819+0530] {processor.py:830} INFO - Processing file /usr/local/lib/python3.10/dist-packages/airflow/example_dags/example_trigger_controller_dag.py for tasks to queue
[2024-05-04T12:37:31.821+0530] {logging_mixin.py:188} INFO - [2024-05-04T12:37:31.820+0530] {dagbag.py:540} INFO - Filling up the DagBag from /usr/local/lib/python3.10/dist-packages/airflow/example_dags/example_trigger_controller_dag.py
[2024-05-04T12:37:31.824+0530] {processor.py:840} INFO - DAG(s) 'example_trigger_controller_dag' retrieved from /usr/local/lib/python3.10/dist-packages/airflow/example_dags/example_trigger_controller_dag.py
[2024-05-04T12:37:31.831+0530] {logging_mixin.py:188} INFO - [2024-05-04T12:37:31.831+0530] {dag.py:3096} INFO - Sync 1 DAGs
[2024-05-04T12:37:31.838+0530] {logging_mixin.py:188} INFO - [2024-05-04T12:37:31.838+0530] {dag.py:3954} INFO - Setting next_dagrun for example_trigger_controller_dag to 2021-01-01 00:00:00+00:00, run_after=2021-01-01 00:00:00+00:00
[2024-05-04T12:37:31.848+0530] {processor.py:183} INFO - Processing /usr/local/lib/python3.10/dist-packages/airflow/example_dags/example_trigger_controller_dag.py took 0.038 seconds
[2024-05-04T12:38:24.800+0530] {processor.py:161} INFO - Started process (PID=14046) to work on /usr/local/lib/python3.10/dist-packages/airflow/example_dags/example_trigger_controller_dag.py
[2024-05-04T12:38:24.801+0530] {processor.py:830} INFO - Processing file /usr/local/lib/python3.10/dist-packages/airflow/example_dags/example_trigger_controller_dag.py for tasks to queue
[2024-05-04T12:38:24.802+0530] {logging_mixin.py:188} INFO - [2024-05-04T12:38:24.802+0530] {dagbag.py:540} INFO - Filling up the DagBag from /usr/local/lib/python3.10/dist-packages/airflow/example_dags/example_trigger_controller_dag.py
[2024-05-04T12:38:24.805+0530] {processor.py:840} INFO - DAG(s) 'example_trigger_controller_dag' retrieved from /usr/local/lib/python3.10/dist-packages/airflow/example_dags/example_trigger_controller_dag.py
[2024-05-04T12:38:24.811+0530] {logging_mixin.py:188} INFO - [2024-05-04T12:38:24.811+0530] {dag.py:3096} INFO - Sync 1 DAGs
[2024-05-04T12:38:24.818+0530] {logging_mixin.py:188} INFO - [2024-05-04T12:38:24.818+0530] {dag.py:3954} INFO - Setting next_dagrun for example_trigger_controller_dag to 2021-01-01 00:00:00+00:00, run_after=2021-01-01 00:00:00+00:00
[2024-05-04T12:38:24.828+0530] {processor.py:183} INFO - Processing /usr/local/lib/python3.10/dist-packages/airflow/example_dags/example_trigger_controller_dag.py took 0.034 seconds
[2024-05-04T12:39:19.017+0530] {processor.py:161} INFO - Started process (PID=14305) to work on /usr/local/lib/python3.10/dist-packages/airflow/example_dags/example_trigger_controller_dag.py
[2024-05-04T12:39:19.018+0530] {processor.py:830} INFO - Processing file /usr/local/lib/python3.10/dist-packages/airflow/example_dags/example_trigger_controller_dag.py for tasks to queue
[2024-05-04T12:39:19.019+0530] {logging_mixin.py:188} INFO - [2024-05-04T12:39:19.018+0530] {dagbag.py:540} INFO - Filling up the DagBag from /usr/local/lib/python3.10/dist-packages/airflow/example_dags/example_trigger_controller_dag.py
[2024-05-04T12:39:19.021+0530] {processor.py:840} INFO - DAG(s) 'example_trigger_controller_dag' retrieved from /usr/local/lib/python3.10/dist-packages/airflow/example_dags/example_trigger_controller_dag.py
[2024-05-04T12:39:19.032+0530] {logging_mixin.py:188} INFO - [2024-05-04T12:39:19.031+0530] {dag.py:3096} INFO - Sync 1 DAGs
[2024-05-04T12:39:19.042+0530] {logging_mixin.py:188} INFO - [2024-05-04T12:39:19.042+0530] {dag.py:3954} INFO - Setting next_dagrun for example_trigger_controller_dag to 2021-01-01 00:00:00+00:00, run_after=2021-01-01 00:00:00+00:00
[2024-05-04T12:39:19.052+0530] {processor.py:183} INFO - Processing /usr/local/lib/python3.10/dist-packages/airflow/example_dags/example_trigger_controller_dag.py took 0.041 seconds
[2024-05-04T12:40:10.335+0530] {processor.py:161} INFO - Started process (PID=14513) to work on /usr/local/lib/python3.10/dist-packages/airflow/example_dags/example_trigger_controller_dag.py
[2024-05-04T12:40:10.336+0530] {processor.py:830} INFO - Processing file /usr/local/lib/python3.10/dist-packages/airflow/example_dags/example_trigger_controller_dag.py for tasks to queue
[2024-05-04T12:40:10.337+0530] {logging_mixin.py:188} INFO - [2024-05-04T12:40:10.336+0530] {dagbag.py:540} INFO - Filling up the DagBag from /usr/local/lib/python3.10/dist-packages/airflow/example_dags/example_trigger_controller_dag.py
[2024-05-04T12:40:10.339+0530] {processor.py:840} INFO - DAG(s) 'example_trigger_controller_dag' retrieved from /usr/local/lib/python3.10/dist-packages/airflow/example_dags/example_trigger_controller_dag.py
[2024-05-04T12:40:10.344+0530] {logging_mixin.py:188} INFO - [2024-05-04T12:40:10.344+0530] {dag.py:3096} INFO - Sync 1 DAGs
[2024-05-04T12:40:10.352+0530] {logging_mixin.py:188} INFO - [2024-05-04T12:40:10.351+0530] {dag.py:3954} INFO - Setting next_dagrun for example_trigger_controller_dag to 2021-01-01 00:00:00+00:00, run_after=2021-01-01 00:00:00+00:00
[2024-05-04T12:40:10.362+0530] {processor.py:183} INFO - Processing /usr/local/lib/python3.10/dist-packages/airflow/example_dags/example_trigger_controller_dag.py took 0.032 seconds
[2024-05-04T12:41:01.109+0530] {processor.py:161} INFO - Started process (PID=14685) to work on /usr/local/lib/python3.10/dist-packages/airflow/example_dags/example_trigger_controller_dag.py
[2024-05-04T12:41:01.110+0530] {processor.py:830} INFO - Processing file /usr/local/lib/python3.10/dist-packages/airflow/example_dags/example_trigger_controller_dag.py for tasks to queue
[2024-05-04T12:41:01.112+0530] {logging_mixin.py:188} INFO - [2024-05-04T12:41:01.111+0530] {dagbag.py:540} INFO - Filling up the DagBag from /usr/local/lib/python3.10/dist-packages/airflow/example_dags/example_trigger_controller_dag.py
[2024-05-04T12:41:01.116+0530] {processor.py:840} INFO - DAG(s) 'example_trigger_controller_dag' retrieved from /usr/local/lib/python3.10/dist-packages/airflow/example_dags/example_trigger_controller_dag.py
[2024-05-04T12:41:01.124+0530] {logging_mixin.py:188} INFO - [2024-05-04T12:41:01.124+0530] {dag.py:3096} INFO - Sync 1 DAGs
[2024-05-04T12:41:01.131+0530] {logging_mixin.py:188} INFO - [2024-05-04T12:41:01.131+0530] {dag.py:3954} INFO - Setting next_dagrun for example_trigger_controller_dag to 2021-01-01 00:00:00+00:00, run_after=2021-01-01 00:00:00+00:00
[2024-05-04T12:41:01.143+0530] {processor.py:183} INFO - Processing /usr/local/lib/python3.10/dist-packages/airflow/example_dags/example_trigger_controller_dag.py took 0.039 seconds
[2024-05-04T12:41:51.621+0530] {processor.py:161} INFO - Started process (PID=14850) to work on /usr/local/lib/python3.10/dist-packages/airflow/example_dags/example_trigger_controller_dag.py
[2024-05-04T12:41:51.621+0530] {processor.py:830} INFO - Processing file /usr/local/lib/python3.10/dist-packages/airflow/example_dags/example_trigger_controller_dag.py for tasks to queue
[2024-05-04T12:41:51.623+0530] {logging_mixin.py:188} INFO - [2024-05-04T12:41:51.623+0530] {dagbag.py:540} INFO - Filling up the DagBag from /usr/local/lib/python3.10/dist-packages/airflow/example_dags/example_trigger_controller_dag.py
[2024-05-04T12:41:51.628+0530] {processor.py:840} INFO - DAG(s) 'example_trigger_controller_dag' retrieved from /usr/local/lib/python3.10/dist-packages/airflow/example_dags/example_trigger_controller_dag.py
[2024-05-04T12:41:51.635+0530] {logging_mixin.py:188} INFO - [2024-05-04T12:41:51.635+0530] {dag.py:3096} INFO - Sync 1 DAGs
[2024-05-04T12:41:51.642+0530] {logging_mixin.py:188} INFO - [2024-05-04T12:41:51.642+0530] {dag.py:3954} INFO - Setting next_dagrun for example_trigger_controller_dag to 2021-01-01 00:00:00+00:00, run_after=2021-01-01 00:00:00+00:00
[2024-05-04T12:41:51.652+0530] {processor.py:183} INFO - Processing /usr/local/lib/python3.10/dist-packages/airflow/example_dags/example_trigger_controller_dag.py took 0.036 seconds
[2024-05-04T12:42:39.807+0530] {processor.py:161} INFO - Started process (PID=15013) to work on /usr/local/lib/python3.10/dist-packages/airflow/example_dags/example_trigger_controller_dag.py
[2024-05-04T12:42:39.807+0530] {processor.py:830} INFO - Processing file /usr/local/lib/python3.10/dist-packages/airflow/example_dags/example_trigger_controller_dag.py for tasks to queue
[2024-05-04T12:42:39.808+0530] {logging_mixin.py:188} INFO - [2024-05-04T12:42:39.808+0530] {dagbag.py:540} INFO - Filling up the DagBag from /usr/local/lib/python3.10/dist-packages/airflow/example_dags/example_trigger_controller_dag.py
[2024-05-04T12:42:39.811+0530] {processor.py:840} INFO - DAG(s) 'example_trigger_controller_dag' retrieved from /usr/local/lib/python3.10/dist-packages/airflow/example_dags/example_trigger_controller_dag.py
[2024-05-04T12:42:39.816+0530] {logging_mixin.py:188} INFO - [2024-05-04T12:42:39.816+0530] {dag.py:3096} INFO - Sync 1 DAGs
[2024-05-04T12:42:39.824+0530] {logging_mixin.py:188} INFO - [2024-05-04T12:42:39.823+0530] {dag.py:3954} INFO - Setting next_dagrun for example_trigger_controller_dag to 2021-01-01 00:00:00+00:00, run_after=2021-01-01 00:00:00+00:00
[2024-05-04T12:42:39.833+0530] {processor.py:183} INFO - Processing /usr/local/lib/python3.10/dist-packages/airflow/example_dags/example_trigger_controller_dag.py took 0.033 seconds
[2024-05-04T12:43:33.585+0530] {processor.py:161} INFO - Started process (PID=15185) to work on /usr/local/lib/python3.10/dist-packages/airflow/example_dags/example_trigger_controller_dag.py
[2024-05-04T12:43:33.586+0530] {processor.py:830} INFO - Processing file /usr/local/lib/python3.10/dist-packages/airflow/example_dags/example_trigger_controller_dag.py for tasks to queue
[2024-05-04T12:43:33.589+0530] {logging_mixin.py:188} INFO - [2024-05-04T12:43:33.588+0530] {dagbag.py:540} INFO - Filling up the DagBag from /usr/local/lib/python3.10/dist-packages/airflow/example_dags/example_trigger_controller_dag.py
[2024-05-04T12:43:33.594+0530] {processor.py:840} INFO - DAG(s) 'example_trigger_controller_dag' retrieved from /usr/local/lib/python3.10/dist-packages/airflow/example_dags/example_trigger_controller_dag.py
[2024-05-04T12:43:33.602+0530] {logging_mixin.py:188} INFO - [2024-05-04T12:43:33.602+0530] {dag.py:3096} INFO - Sync 1 DAGs
[2024-05-04T12:43:33.609+0530] {logging_mixin.py:188} INFO - [2024-05-04T12:43:33.609+0530] {dag.py:3954} INFO - Setting next_dagrun for example_trigger_controller_dag to 2021-01-01 00:00:00+00:00, run_after=2021-01-01 00:00:00+00:00
[2024-05-04T12:43:33.619+0530] {processor.py:183} INFO - Processing /usr/local/lib/python3.10/dist-packages/airflow/example_dags/example_trigger_controller_dag.py took 0.039 seconds
[2024-05-04T12:44:25.180+0530] {processor.py:161} INFO - Started process (PID=15367) to work on /usr/local/lib/python3.10/dist-packages/airflow/example_dags/example_trigger_controller_dag.py
[2024-05-04T12:44:25.181+0530] {processor.py:830} INFO - Processing file /usr/local/lib/python3.10/dist-packages/airflow/example_dags/example_trigger_controller_dag.py for tasks to queue
[2024-05-04T12:44:25.182+0530] {logging_mixin.py:188} INFO - [2024-05-04T12:44:25.182+0530] {dagbag.py:540} INFO - Filling up the DagBag from /usr/local/lib/python3.10/dist-packages/airflow/example_dags/example_trigger_controller_dag.py
[2024-05-04T12:44:25.185+0530] {processor.py:840} INFO - DAG(s) 'example_trigger_controller_dag' retrieved from /usr/local/lib/python3.10/dist-packages/airflow/example_dags/example_trigger_controller_dag.py
[2024-05-04T12:44:25.191+0530] {logging_mixin.py:188} INFO - [2024-05-04T12:44:25.191+0530] {dag.py:3096} INFO - Sync 1 DAGs
[2024-05-04T12:44:25.199+0530] {logging_mixin.py:188} INFO - [2024-05-04T12:44:25.199+0530] {dag.py:3954} INFO - Setting next_dagrun for example_trigger_controller_dag to 2021-01-01 00:00:00+00:00, run_after=2021-01-01 00:00:00+00:00
[2024-05-04T12:44:25.208+0530] {processor.py:183} INFO - Processing /usr/local/lib/python3.10/dist-packages/airflow/example_dags/example_trigger_controller_dag.py took 0.036 seconds
[2024-05-04T12:45:14.380+0530] {processor.py:161} INFO - Started process (PID=15552) to work on /usr/local/lib/python3.10/dist-packages/airflow/example_dags/example_trigger_controller_dag.py
[2024-05-04T12:45:14.380+0530] {processor.py:830} INFO - Processing file /usr/local/lib/python3.10/dist-packages/airflow/example_dags/example_trigger_controller_dag.py for tasks to queue
[2024-05-04T12:45:14.381+0530] {logging_mixin.py:188} INFO - [2024-05-04T12:45:14.381+0530] {dagbag.py:540} INFO - Filling up the DagBag from /usr/local/lib/python3.10/dist-packages/airflow/example_dags/example_trigger_controller_dag.py
[2024-05-04T12:45:14.383+0530] {processor.py:840} INFO - DAG(s) 'example_trigger_controller_dag' retrieved from /usr/local/lib/python3.10/dist-packages/airflow/example_dags/example_trigger_controller_dag.py
[2024-05-04T12:45:14.388+0530] {logging_mixin.py:188} INFO - [2024-05-04T12:45:14.388+0530] {dag.py:3096} INFO - Sync 1 DAGs
[2024-05-04T12:45:14.396+0530] {logging_mixin.py:188} INFO - [2024-05-04T12:45:14.396+0530] {dag.py:3954} INFO - Setting next_dagrun for example_trigger_controller_dag to 2021-01-01 00:00:00+00:00, run_after=2021-01-01 00:00:00+00:00
[2024-05-04T12:45:14.406+0530] {processor.py:183} INFO - Processing /usr/local/lib/python3.10/dist-packages/airflow/example_dags/example_trigger_controller_dag.py took 0.032 seconds
[2024-05-04T12:46:03.240+0530] {processor.py:161} INFO - Started process (PID=15776) to work on /usr/local/lib/python3.10/dist-packages/airflow/example_dags/example_trigger_controller_dag.py
[2024-05-04T12:46:03.241+0530] {processor.py:830} INFO - Processing file /usr/local/lib/python3.10/dist-packages/airflow/example_dags/example_trigger_controller_dag.py for tasks to queue
[2024-05-04T12:46:03.242+0530] {logging_mixin.py:188} INFO - [2024-05-04T12:46:03.242+0530] {dagbag.py:540} INFO - Filling up the DagBag from /usr/local/lib/python3.10/dist-packages/airflow/example_dags/example_trigger_controller_dag.py
[2024-05-04T12:46:03.245+0530] {processor.py:840} INFO - DAG(s) 'example_trigger_controller_dag' retrieved from /usr/local/lib/python3.10/dist-packages/airflow/example_dags/example_trigger_controller_dag.py
[2024-05-04T12:46:03.251+0530] {logging_mixin.py:188} INFO - [2024-05-04T12:46:03.251+0530] {dag.py:3096} INFO - Sync 1 DAGs
[2024-05-04T12:46:03.258+0530] {logging_mixin.py:188} INFO - [2024-05-04T12:46:03.258+0530] {dag.py:3954} INFO - Setting next_dagrun for example_trigger_controller_dag to 2021-01-01 00:00:00+00:00, run_after=2021-01-01 00:00:00+00:00
[2024-05-04T12:46:03.268+0530] {processor.py:183} INFO - Processing /usr/local/lib/python3.10/dist-packages/airflow/example_dags/example_trigger_controller_dag.py took 0.034 seconds
[2024-05-04T12:46:54.845+0530] {processor.py:161} INFO - Started process (PID=15951) to work on /usr/local/lib/python3.10/dist-packages/airflow/example_dags/example_trigger_controller_dag.py
[2024-05-04T12:46:54.846+0530] {processor.py:830} INFO - Processing file /usr/local/lib/python3.10/dist-packages/airflow/example_dags/example_trigger_controller_dag.py for tasks to queue
[2024-05-04T12:46:54.847+0530] {logging_mixin.py:188} INFO - [2024-05-04T12:46:54.847+0530] {dagbag.py:540} INFO - Filling up the DagBag from /usr/local/lib/python3.10/dist-packages/airflow/example_dags/example_trigger_controller_dag.py
[2024-05-04T12:46:54.852+0530] {processor.py:840} INFO - DAG(s) 'example_trigger_controller_dag' retrieved from /usr/local/lib/python3.10/dist-packages/airflow/example_dags/example_trigger_controller_dag.py
[2024-05-04T12:46:54.859+0530] {logging_mixin.py:188} INFO - [2024-05-04T12:46:54.859+0530] {dag.py:3096} INFO - Sync 1 DAGs
[2024-05-04T12:46:54.866+0530] {logging_mixin.py:188} INFO - [2024-05-04T12:46:54.866+0530] {dag.py:3954} INFO - Setting next_dagrun for example_trigger_controller_dag to 2021-01-01 00:00:00+00:00, run_after=2021-01-01 00:00:00+00:00
[2024-05-04T12:46:54.876+0530] {processor.py:183} INFO - Processing /usr/local/lib/python3.10/dist-packages/airflow/example_dags/example_trigger_controller_dag.py took 0.037 seconds
[2024-05-04T12:47:47.700+0530] {processor.py:161} INFO - Started process (PID=16154) to work on /usr/local/lib/python3.10/dist-packages/airflow/example_dags/example_trigger_controller_dag.py
[2024-05-04T12:47:47.701+0530] {processor.py:830} INFO - Processing file /usr/local/lib/python3.10/dist-packages/airflow/example_dags/example_trigger_controller_dag.py for tasks to queue
[2024-05-04T12:47:47.704+0530] {logging_mixin.py:188} INFO - [2024-05-04T12:47:47.704+0530] {dagbag.py:540} INFO - Filling up the DagBag from /usr/local/lib/python3.10/dist-packages/airflow/example_dags/example_trigger_controller_dag.py
[2024-05-04T12:47:47.706+0530] {processor.py:840} INFO - DAG(s) 'example_trigger_controller_dag' retrieved from /usr/local/lib/python3.10/dist-packages/airflow/example_dags/example_trigger_controller_dag.py
[2024-05-04T12:47:47.712+0530] {logging_mixin.py:188} INFO - [2024-05-04T12:47:47.712+0530] {dag.py:3096} INFO - Sync 1 DAGs
[2024-05-04T12:47:47.719+0530] {logging_mixin.py:188} INFO - [2024-05-04T12:47:47.719+0530] {dag.py:3954} INFO - Setting next_dagrun for example_trigger_controller_dag to 2021-01-01 00:00:00+00:00, run_after=2021-01-01 00:00:00+00:00
[2024-05-04T12:47:47.729+0530] {processor.py:183} INFO - Processing /usr/local/lib/python3.10/dist-packages/airflow/example_dags/example_trigger_controller_dag.py took 0.037 seconds
[2024-05-04T12:48:37.765+0530] {processor.py:161} INFO - Started process (PID=16323) to work on /usr/local/lib/python3.10/dist-packages/airflow/example_dags/example_trigger_controller_dag.py
[2024-05-04T12:48:37.766+0530] {processor.py:830} INFO - Processing file /usr/local/lib/python3.10/dist-packages/airflow/example_dags/example_trigger_controller_dag.py for tasks to queue
[2024-05-04T12:48:37.766+0530] {logging_mixin.py:188} INFO - [2024-05-04T12:48:37.766+0530] {dagbag.py:540} INFO - Filling up the DagBag from /usr/local/lib/python3.10/dist-packages/airflow/example_dags/example_trigger_controller_dag.py
[2024-05-04T12:48:37.769+0530] {processor.py:840} INFO - DAG(s) 'example_trigger_controller_dag' retrieved from /usr/local/lib/python3.10/dist-packages/airflow/example_dags/example_trigger_controller_dag.py
[2024-05-04T12:48:37.775+0530] {logging_mixin.py:188} INFO - [2024-05-04T12:48:37.774+0530] {dag.py:3096} INFO - Sync 1 DAGs
[2024-05-04T12:48:37.783+0530] {logging_mixin.py:188} INFO - [2024-05-04T12:48:37.783+0530] {dag.py:3954} INFO - Setting next_dagrun for example_trigger_controller_dag to 2021-01-01 00:00:00+00:00, run_after=2021-01-01 00:00:00+00:00
[2024-05-04T12:48:37.793+0530] {processor.py:183} INFO - Processing /usr/local/lib/python3.10/dist-packages/airflow/example_dags/example_trigger_controller_dag.py took 0.031 seconds
[2024-05-04T12:49:30.570+0530] {processor.py:161} INFO - Started process (PID=16502) to work on /usr/local/lib/python3.10/dist-packages/airflow/example_dags/example_trigger_controller_dag.py
[2024-05-04T12:49:30.571+0530] {processor.py:830} INFO - Processing file /usr/local/lib/python3.10/dist-packages/airflow/example_dags/example_trigger_controller_dag.py for tasks to queue
[2024-05-04T12:49:30.572+0530] {logging_mixin.py:188} INFO - [2024-05-04T12:49:30.572+0530] {dagbag.py:540} INFO - Filling up the DagBag from /usr/local/lib/python3.10/dist-packages/airflow/example_dags/example_trigger_controller_dag.py
[2024-05-04T12:49:30.576+0530] {processor.py:840} INFO - DAG(s) 'example_trigger_controller_dag' retrieved from /usr/local/lib/python3.10/dist-packages/airflow/example_dags/example_trigger_controller_dag.py
[2024-05-04T12:49:30.583+0530] {logging_mixin.py:188} INFO - [2024-05-04T12:49:30.583+0530] {dag.py:3096} INFO - Sync 1 DAGs
[2024-05-04T12:49:30.590+0530] {logging_mixin.py:188} INFO - [2024-05-04T12:49:30.590+0530] {dag.py:3954} INFO - Setting next_dagrun for example_trigger_controller_dag to 2021-01-01 00:00:00+00:00, run_after=2021-01-01 00:00:00+00:00
[2024-05-04T12:49:30.600+0530] {processor.py:183} INFO - Processing /usr/local/lib/python3.10/dist-packages/airflow/example_dags/example_trigger_controller_dag.py took 0.034 seconds
[2024-05-04T12:50:23.619+0530] {processor.py:161} INFO - Started process (PID=16773) to work on /usr/local/lib/python3.10/dist-packages/airflow/example_dags/example_trigger_controller_dag.py
[2024-05-04T12:50:23.619+0530] {processor.py:830} INFO - Processing file /usr/local/lib/python3.10/dist-packages/airflow/example_dags/example_trigger_controller_dag.py for tasks to queue
[2024-05-04T12:50:23.621+0530] {logging_mixin.py:188} INFO - [2024-05-04T12:50:23.621+0530] {dagbag.py:540} INFO - Filling up the DagBag from /usr/local/lib/python3.10/dist-packages/airflow/example_dags/example_trigger_controller_dag.py
[2024-05-04T12:50:23.626+0530] {processor.py:840} INFO - DAG(s) 'example_trigger_controller_dag' retrieved from /usr/local/lib/python3.10/dist-packages/airflow/example_dags/example_trigger_controller_dag.py
[2024-05-04T12:50:23.633+0530] {logging_mixin.py:188} INFO - [2024-05-04T12:50:23.633+0530] {dag.py:3096} INFO - Sync 1 DAGs
[2024-05-04T12:50:23.640+0530] {logging_mixin.py:188} INFO - [2024-05-04T12:50:23.640+0530] {dag.py:3954} INFO - Setting next_dagrun for example_trigger_controller_dag to 2021-01-01 00:00:00+00:00, run_after=2021-01-01 00:00:00+00:00
[2024-05-04T12:50:23.650+0530] {processor.py:183} INFO - Processing /usr/local/lib/python3.10/dist-packages/airflow/example_dags/example_trigger_controller_dag.py took 0.036 seconds
[2024-05-04T12:51:13.326+0530] {processor.py:161} INFO - Started process (PID=16907) to work on /usr/local/lib/python3.10/dist-packages/airflow/example_dags/example_trigger_controller_dag.py
[2024-05-04T12:51:13.326+0530] {processor.py:830} INFO - Processing file /usr/local/lib/python3.10/dist-packages/airflow/example_dags/example_trigger_controller_dag.py for tasks to queue
[2024-05-04T12:51:13.327+0530] {logging_mixin.py:188} INFO - [2024-05-04T12:51:13.327+0530] {dagbag.py:540} INFO - Filling up the DagBag from /usr/local/lib/python3.10/dist-packages/airflow/example_dags/example_trigger_controller_dag.py
[2024-05-04T12:51:13.332+0530] {processor.py:840} INFO - DAG(s) 'example_trigger_controller_dag' retrieved from /usr/local/lib/python3.10/dist-packages/airflow/example_dags/example_trigger_controller_dag.py
[2024-05-04T12:51:13.339+0530] {logging_mixin.py:188} INFO - [2024-05-04T12:51:13.339+0530] {dag.py:3096} INFO - Sync 1 DAGs
[2024-05-04T12:51:13.346+0530] {logging_mixin.py:188} INFO - [2024-05-04T12:51:13.346+0530] {dag.py:3954} INFO - Setting next_dagrun for example_trigger_controller_dag to 2021-01-01 00:00:00+00:00, run_after=2021-01-01 00:00:00+00:00
[2024-05-04T12:51:13.356+0530] {processor.py:183} INFO - Processing /usr/local/lib/python3.10/dist-packages/airflow/example_dags/example_trigger_controller_dag.py took 0.035 seconds
[2024-05-04T12:52:04.747+0530] {processor.py:161} INFO - Started process (PID=17041) to work on /usr/local/lib/python3.10/dist-packages/airflow/example_dags/example_trigger_controller_dag.py
[2024-05-04T12:52:04.748+0530] {processor.py:830} INFO - Processing file /usr/local/lib/python3.10/dist-packages/airflow/example_dags/example_trigger_controller_dag.py for tasks to queue
[2024-05-04T12:52:04.748+0530] {logging_mixin.py:188} INFO - [2024-05-04T12:52:04.748+0530] {dagbag.py:540} INFO - Filling up the DagBag from /usr/local/lib/python3.10/dist-packages/airflow/example_dags/example_trigger_controller_dag.py
[2024-05-04T12:52:04.750+0530] {processor.py:840} INFO - DAG(s) 'example_trigger_controller_dag' retrieved from /usr/local/lib/python3.10/dist-packages/airflow/example_dags/example_trigger_controller_dag.py
[2024-05-04T12:52:04.756+0530] {logging_mixin.py:188} INFO - [2024-05-04T12:52:04.756+0530] {dag.py:3096} INFO - Sync 1 DAGs
[2024-05-04T12:52:04.763+0530] {logging_mixin.py:188} INFO - [2024-05-04T12:52:04.763+0530] {dag.py:3954} INFO - Setting next_dagrun for example_trigger_controller_dag to 2021-01-01 00:00:00+00:00, run_after=2021-01-01 00:00:00+00:00
[2024-05-04T12:52:04.773+0530] {processor.py:183} INFO - Processing /usr/local/lib/python3.10/dist-packages/airflow/example_dags/example_trigger_controller_dag.py took 0.032 seconds
[2024-05-04T12:52:55.188+0530] {processor.py:161} INFO - Started process (PID=17172) to work on /usr/local/lib/python3.10/dist-packages/airflow/example_dags/example_trigger_controller_dag.py
[2024-05-04T12:52:55.189+0530] {processor.py:830} INFO - Processing file /usr/local/lib/python3.10/dist-packages/airflow/example_dags/example_trigger_controller_dag.py for tasks to queue
[2024-05-04T12:52:55.191+0530] {logging_mixin.py:188} INFO - [2024-05-04T12:52:55.190+0530] {dagbag.py:540} INFO - Filling up the DagBag from /usr/local/lib/python3.10/dist-packages/airflow/example_dags/example_trigger_controller_dag.py
[2024-05-04T12:52:55.195+0530] {processor.py:840} INFO - DAG(s) 'example_trigger_controller_dag' retrieved from /usr/local/lib/python3.10/dist-packages/airflow/example_dags/example_trigger_controller_dag.py
[2024-05-04T12:52:55.202+0530] {logging_mixin.py:188} INFO - [2024-05-04T12:52:55.202+0530] {dag.py:3096} INFO - Sync 1 DAGs
[2024-05-04T12:52:55.210+0530] {logging_mixin.py:188} INFO - [2024-05-04T12:52:55.210+0530] {dag.py:3954} INFO - Setting next_dagrun for example_trigger_controller_dag to 2021-01-01 00:00:00+00:00, run_after=2021-01-01 00:00:00+00:00
[2024-05-04T12:52:55.221+0530] {processor.py:183} INFO - Processing /usr/local/lib/python3.10/dist-packages/airflow/example_dags/example_trigger_controller_dag.py took 0.038 seconds
[2024-05-04T12:53:46.546+0530] {processor.py:161} INFO - Started process (PID=17327) to work on /usr/local/lib/python3.10/dist-packages/airflow/example_dags/example_trigger_controller_dag.py
[2024-05-04T12:53:46.546+0530] {processor.py:830} INFO - Processing file /usr/local/lib/python3.10/dist-packages/airflow/example_dags/example_trigger_controller_dag.py for tasks to queue
[2024-05-04T12:53:46.547+0530] {logging_mixin.py:188} INFO - [2024-05-04T12:53:46.547+0530] {dagbag.py:540} INFO - Filling up the DagBag from /usr/local/lib/python3.10/dist-packages/airflow/example_dags/example_trigger_controller_dag.py
[2024-05-04T12:53:46.549+0530] {processor.py:840} INFO - DAG(s) 'example_trigger_controller_dag' retrieved from /usr/local/lib/python3.10/dist-packages/airflow/example_dags/example_trigger_controller_dag.py
[2024-05-04T12:53:46.554+0530] {logging_mixin.py:188} INFO - [2024-05-04T12:53:46.554+0530] {dag.py:3096} INFO - Sync 1 DAGs
[2024-05-04T12:53:46.561+0530] {logging_mixin.py:188} INFO - [2024-05-04T12:53:46.561+0530] {dag.py:3954} INFO - Setting next_dagrun for example_trigger_controller_dag to 2021-01-01 00:00:00+00:00, run_after=2021-01-01 00:00:00+00:00
[2024-05-04T12:53:46.571+0530] {processor.py:183} INFO - Processing /usr/local/lib/python3.10/dist-packages/airflow/example_dags/example_trigger_controller_dag.py took 0.030 seconds
[2024-05-04T12:54:36.883+0530] {processor.py:161} INFO - Started process (PID=17456) to work on /usr/local/lib/python3.10/dist-packages/airflow/example_dags/example_trigger_controller_dag.py
[2024-05-04T12:54:36.884+0530] {processor.py:830} INFO - Processing file /usr/local/lib/python3.10/dist-packages/airflow/example_dags/example_trigger_controller_dag.py for tasks to queue
[2024-05-04T12:54:36.885+0530] {logging_mixin.py:188} INFO - [2024-05-04T12:54:36.885+0530] {dagbag.py:540} INFO - Filling up the DagBag from /usr/local/lib/python3.10/dist-packages/airflow/example_dags/example_trigger_controller_dag.py
[2024-05-04T12:54:36.890+0530] {processor.py:840} INFO - DAG(s) 'example_trigger_controller_dag' retrieved from /usr/local/lib/python3.10/dist-packages/airflow/example_dags/example_trigger_controller_dag.py
[2024-05-04T12:54:36.897+0530] {logging_mixin.py:188} INFO - [2024-05-04T12:54:36.897+0530] {dag.py:3096} INFO - Sync 1 DAGs
[2024-05-04T12:54:36.904+0530] {logging_mixin.py:188} INFO - [2024-05-04T12:54:36.904+0530] {dag.py:3954} INFO - Setting next_dagrun for example_trigger_controller_dag to 2021-01-01 00:00:00+00:00, run_after=2021-01-01 00:00:00+00:00
[2024-05-04T12:54:36.916+0530] {processor.py:183} INFO - Processing /usr/local/lib/python3.10/dist-packages/airflow/example_dags/example_trigger_controller_dag.py took 0.039 seconds
