[2024-05-04T12:09:59.788+0530] {processor.py:161} INFO - Started process (PID=7210) to work on /usr/local/lib/python3.10/dist-packages/airflow/example_dags/example_complex.py
[2024-05-04T12:09:59.789+0530] {processor.py:830} INFO - Processing file /usr/local/lib/python3.10/dist-packages/airflow/example_dags/example_complex.py for tasks to queue
[2024-05-04T12:09:59.790+0530] {logging_mixin.py:188} INFO - [2024-05-04T12:09:59.790+0530] {dagbag.py:540} INFO - Filling up the DagBag from /usr/local/lib/python3.10/dist-packages/airflow/example_dags/example_complex.py
[2024-05-04T12:09:59.796+0530] {processor.py:840} INFO - DAG(s) 'example_complex' retrieved from /usr/local/lib/python3.10/dist-packages/airflow/example_dags/example_complex.py
[2024-05-04T12:09:59.807+0530] {logging_mixin.py:188} INFO - [2024-05-04T12:09:59.807+0530] {dag.py:3096} INFO - Sync 1 DAGs
[2024-05-04T12:09:59.812+0530] {logging_mixin.py:188} INFO - [2024-05-04T12:09:59.812+0530] {dag.py:3954} INFO - Setting next_dagrun for example_complex to None, run_after=None
[2024-05-04T12:09:59.822+0530] {processor.py:183} INFO - Processing /usr/local/lib/python3.10/dist-packages/airflow/example_dags/example_complex.py took 0.041 seconds
[2024-05-04T12:10:55.477+0530] {processor.py:161} INFO - Started process (PID=7592) to work on /usr/local/lib/python3.10/dist-packages/airflow/example_dags/example_complex.py
[2024-05-04T12:10:55.479+0530] {processor.py:830} INFO - Processing file /usr/local/lib/python3.10/dist-packages/airflow/example_dags/example_complex.py for tasks to queue
[2024-05-04T12:10:55.480+0530] {logging_mixin.py:188} INFO - [2024-05-04T12:10:55.480+0530] {dagbag.py:540} INFO - Filling up the DagBag from /usr/local/lib/python3.10/dist-packages/airflow/example_dags/example_complex.py
[2024-05-04T12:10:55.487+0530] {processor.py:840} INFO - DAG(s) 'example_complex' retrieved from /usr/local/lib/python3.10/dist-packages/airflow/example_dags/example_complex.py
[2024-05-04T12:10:55.497+0530] {logging_mixin.py:188} INFO - [2024-05-04T12:10:55.497+0530] {dag.py:3096} INFO - Sync 1 DAGs
[2024-05-04T12:10:55.501+0530] {logging_mixin.py:188} INFO - [2024-05-04T12:10:55.501+0530] {dag.py:3954} INFO - Setting next_dagrun for example_complex to None, run_after=None
[2024-05-04T12:10:55.512+0530] {processor.py:183} INFO - Processing /usr/local/lib/python3.10/dist-packages/airflow/example_dags/example_complex.py took 0.044 seconds
[2024-05-04T12:11:55.109+0530] {processor.py:161} INFO - Started process (PID=8237) to work on /usr/local/lib/python3.10/dist-packages/airflow/example_dags/example_complex.py
[2024-05-04T12:11:55.110+0530] {processor.py:830} INFO - Processing file /usr/local/lib/python3.10/dist-packages/airflow/example_dags/example_complex.py for tasks to queue
[2024-05-04T12:11:55.111+0530] {logging_mixin.py:188} INFO - [2024-05-04T12:11:55.110+0530] {dagbag.py:540} INFO - Filling up the DagBag from /usr/local/lib/python3.10/dist-packages/airflow/example_dags/example_complex.py
[2024-05-04T12:11:55.118+0530] {processor.py:840} INFO - DAG(s) 'example_complex' retrieved from /usr/local/lib/python3.10/dist-packages/airflow/example_dags/example_complex.py
[2024-05-04T12:11:55.129+0530] {logging_mixin.py:188} INFO - [2024-05-04T12:11:55.128+0530] {dag.py:3096} INFO - Sync 1 DAGs
[2024-05-04T12:11:55.133+0530] {logging_mixin.py:188} INFO - [2024-05-04T12:11:55.133+0530] {dag.py:3954} INFO - Setting next_dagrun for example_complex to None, run_after=None
[2024-05-04T12:11:55.143+0530] {processor.py:183} INFO - Processing /usr/local/lib/python3.10/dist-packages/airflow/example_dags/example_complex.py took 0.038 seconds
[2024-05-04T12:13:00.119+0530] {processor.py:161} INFO - Started process (PID=8825) to work on /usr/local/lib/python3.10/dist-packages/airflow/example_dags/example_complex.py
[2024-05-04T12:13:00.120+0530] {processor.py:830} INFO - Processing file /usr/local/lib/python3.10/dist-packages/airflow/example_dags/example_complex.py for tasks to queue
[2024-05-04T12:13:00.121+0530] {logging_mixin.py:188} INFO - [2024-05-04T12:13:00.121+0530] {dagbag.py:540} INFO - Filling up the DagBag from /usr/local/lib/python3.10/dist-packages/airflow/example_dags/example_complex.py
[2024-05-04T12:13:00.130+0530] {processor.py:840} INFO - DAG(s) 'example_complex' retrieved from /usr/local/lib/python3.10/dist-packages/airflow/example_dags/example_complex.py
[2024-05-04T12:13:00.140+0530] {logging_mixin.py:188} INFO - [2024-05-04T12:13:00.140+0530] {dag.py:3096} INFO - Sync 1 DAGs
[2024-05-04T12:13:00.145+0530] {logging_mixin.py:188} INFO - [2024-05-04T12:13:00.145+0530] {dag.py:3954} INFO - Setting next_dagrun for example_complex to None, run_after=None
[2024-05-04T12:13:00.154+0530] {processor.py:183} INFO - Processing /usr/local/lib/python3.10/dist-packages/airflow/example_dags/example_complex.py took 0.040 seconds
[2024-05-04T12:13:55.494+0530] {processor.py:161} INFO - Started process (PID=9089) to work on /usr/local/lib/python3.10/dist-packages/airflow/example_dags/example_complex.py
[2024-05-04T12:13:55.494+0530] {processor.py:830} INFO - Processing file /usr/local/lib/python3.10/dist-packages/airflow/example_dags/example_complex.py for tasks to queue
[2024-05-04T12:13:55.496+0530] {logging_mixin.py:188} INFO - [2024-05-04T12:13:55.496+0530] {dagbag.py:540} INFO - Filling up the DagBag from /usr/local/lib/python3.10/dist-packages/airflow/example_dags/example_complex.py
[2024-05-04T12:13:55.504+0530] {processor.py:840} INFO - DAG(s) 'example_complex' retrieved from /usr/local/lib/python3.10/dist-packages/airflow/example_dags/example_complex.py
[2024-05-04T12:13:55.514+0530] {logging_mixin.py:188} INFO - [2024-05-04T12:13:55.514+0530] {dag.py:3096} INFO - Sync 1 DAGs
[2024-05-04T12:13:55.519+0530] {logging_mixin.py:188} INFO - [2024-05-04T12:13:55.519+0530] {dag.py:3954} INFO - Setting next_dagrun for example_complex to None, run_after=None
[2024-05-04T12:13:55.529+0530] {processor.py:183} INFO - Processing /usr/local/lib/python3.10/dist-packages/airflow/example_dags/example_complex.py took 0.040 seconds
[2024-05-04T12:14:46.953+0530] {processor.py:161} INFO - Started process (PID=9260) to work on /usr/local/lib/python3.10/dist-packages/airflow/example_dags/example_complex.py
[2024-05-04T12:14:46.954+0530] {processor.py:830} INFO - Processing file /usr/local/lib/python3.10/dist-packages/airflow/example_dags/example_complex.py for tasks to queue
[2024-05-04T12:14:46.955+0530] {logging_mixin.py:188} INFO - [2024-05-04T12:14:46.955+0530] {dagbag.py:540} INFO - Filling up the DagBag from /usr/local/lib/python3.10/dist-packages/airflow/example_dags/example_complex.py
[2024-05-04T12:14:46.960+0530] {processor.py:840} INFO - DAG(s) 'example_complex' retrieved from /usr/local/lib/python3.10/dist-packages/airflow/example_dags/example_complex.py
[2024-05-04T12:14:46.969+0530] {logging_mixin.py:188} INFO - [2024-05-04T12:14:46.969+0530] {dag.py:3096} INFO - Sync 1 DAGs
[2024-05-04T12:14:46.974+0530] {logging_mixin.py:188} INFO - [2024-05-04T12:14:46.974+0530] {dag.py:3954} INFO - Setting next_dagrun for example_complex to None, run_after=None
[2024-05-04T12:14:46.983+0530] {processor.py:183} INFO - Processing /usr/local/lib/python3.10/dist-packages/airflow/example_dags/example_complex.py took 0.037 seconds
[2024-05-04T12:15:38.196+0530] {processor.py:161} INFO - Started process (PID=9430) to work on /usr/local/lib/python3.10/dist-packages/airflow/example_dags/example_complex.py
[2024-05-04T12:15:38.197+0530] {processor.py:830} INFO - Processing file /usr/local/lib/python3.10/dist-packages/airflow/example_dags/example_complex.py for tasks to queue
[2024-05-04T12:15:38.198+0530] {logging_mixin.py:188} INFO - [2024-05-04T12:15:38.198+0530] {dagbag.py:540} INFO - Filling up the DagBag from /usr/local/lib/python3.10/dist-packages/airflow/example_dags/example_complex.py
[2024-05-04T12:15:38.207+0530] {processor.py:840} INFO - DAG(s) 'example_complex' retrieved from /usr/local/lib/python3.10/dist-packages/airflow/example_dags/example_complex.py
[2024-05-04T12:15:38.217+0530] {logging_mixin.py:188} INFO - [2024-05-04T12:15:38.217+0530] {dag.py:3096} INFO - Sync 1 DAGs
[2024-05-04T12:15:38.221+0530] {logging_mixin.py:188} INFO - [2024-05-04T12:15:38.221+0530] {dag.py:3954} INFO - Setting next_dagrun for example_complex to None, run_after=None
[2024-05-04T12:15:38.231+0530] {processor.py:183} INFO - Processing /usr/local/lib/python3.10/dist-packages/airflow/example_dags/example_complex.py took 0.040 seconds
[2024-05-04T12:16:33.722+0530] {processor.py:161} INFO - Started process (PID=9563) to work on /usr/local/lib/python3.10/dist-packages/airflow/example_dags/example_complex.py
[2024-05-04T12:16:33.722+0530] {processor.py:830} INFO - Processing file /usr/local/lib/python3.10/dist-packages/airflow/example_dags/example_complex.py for tasks to queue
[2024-05-04T12:16:33.723+0530] {logging_mixin.py:188} INFO - [2024-05-04T12:16:33.723+0530] {dagbag.py:540} INFO - Filling up the DagBag from /usr/local/lib/python3.10/dist-packages/airflow/example_dags/example_complex.py
[2024-05-04T12:16:33.727+0530] {processor.py:840} INFO - DAG(s) 'example_complex' retrieved from /usr/local/lib/python3.10/dist-packages/airflow/example_dags/example_complex.py
[2024-05-04T12:16:33.737+0530] {logging_mixin.py:188} INFO - [2024-05-04T12:16:33.737+0530] {dag.py:3096} INFO - Sync 1 DAGs
[2024-05-04T12:16:33.742+0530] {logging_mixin.py:188} INFO - [2024-05-04T12:16:33.742+0530] {dag.py:3954} INFO - Setting next_dagrun for example_complex to None, run_after=None
[2024-05-04T12:16:33.752+0530] {processor.py:183} INFO - Processing /usr/local/lib/python3.10/dist-packages/airflow/example_dags/example_complex.py took 0.035 seconds
[2024-05-04T12:17:25.905+0530] {processor.py:161} INFO - Started process (PID=9866) to work on /usr/local/lib/python3.10/dist-packages/airflow/example_dags/example_complex.py
[2024-05-04T12:17:25.906+0530] {processor.py:830} INFO - Processing file /usr/local/lib/python3.10/dist-packages/airflow/example_dags/example_complex.py for tasks to queue
[2024-05-04T12:17:25.907+0530] {logging_mixin.py:188} INFO - [2024-05-04T12:17:25.907+0530] {dagbag.py:540} INFO - Filling up the DagBag from /usr/local/lib/python3.10/dist-packages/airflow/example_dags/example_complex.py
[2024-05-04T12:17:25.911+0530] {processor.py:840} INFO - DAG(s) 'example_complex' retrieved from /usr/local/lib/python3.10/dist-packages/airflow/example_dags/example_complex.py
[2024-05-04T12:17:25.923+0530] {logging_mixin.py:188} INFO - [2024-05-04T12:17:25.923+0530] {dag.py:3096} INFO - Sync 1 DAGs
[2024-05-04T12:17:25.929+0530] {logging_mixin.py:188} INFO - [2024-05-04T12:17:25.929+0530] {dag.py:3954} INFO - Setting next_dagrun for example_complex to None, run_after=None
[2024-05-04T12:17:25.941+0530] {processor.py:183} INFO - Processing /usr/local/lib/python3.10/dist-packages/airflow/example_dags/example_complex.py took 0.040 seconds
[2024-05-04T12:18:22.992+0530] {processor.py:161} INFO - Started process (PID=10786) to work on /usr/local/lib/python3.10/dist-packages/airflow/example_dags/example_complex.py
[2024-05-04T12:18:22.992+0530] {processor.py:830} INFO - Processing file /usr/local/lib/python3.10/dist-packages/airflow/example_dags/example_complex.py for tasks to queue
[2024-05-04T12:18:22.993+0530] {logging_mixin.py:188} INFO - [2024-05-04T12:18:22.993+0530] {dagbag.py:540} INFO - Filling up the DagBag from /usr/local/lib/python3.10/dist-packages/airflow/example_dags/example_complex.py
[2024-05-04T12:18:23.001+0530] {processor.py:840} INFO - DAG(s) 'example_complex' retrieved from /usr/local/lib/python3.10/dist-packages/airflow/example_dags/example_complex.py
[2024-05-04T12:18:23.011+0530] {logging_mixin.py:188} INFO - [2024-05-04T12:18:23.011+0530] {dag.py:3096} INFO - Sync 1 DAGs
[2024-05-04T12:18:23.016+0530] {logging_mixin.py:188} INFO - [2024-05-04T12:18:23.016+0530] {dag.py:3954} INFO - Setting next_dagrun for example_complex to None, run_after=None
[2024-05-04T12:18:23.025+0530] {processor.py:183} INFO - Processing /usr/local/lib/python3.10/dist-packages/airflow/example_dags/example_complex.py took 0.038 seconds
[2024-05-04T12:19:17.283+0530] {processor.py:161} INFO - Started process (PID=10917) to work on /usr/local/lib/python3.10/dist-packages/airflow/example_dags/example_complex.py
[2024-05-04T12:19:17.284+0530] {processor.py:830} INFO - Processing file /usr/local/lib/python3.10/dist-packages/airflow/example_dags/example_complex.py for tasks to queue
[2024-05-04T12:19:17.285+0530] {logging_mixin.py:188} INFO - [2024-05-04T12:19:17.284+0530] {dagbag.py:540} INFO - Filling up the DagBag from /usr/local/lib/python3.10/dist-packages/airflow/example_dags/example_complex.py
[2024-05-04T12:19:17.289+0530] {processor.py:840} INFO - DAG(s) 'example_complex' retrieved from /usr/local/lib/python3.10/dist-packages/airflow/example_dags/example_complex.py
[2024-05-04T12:19:17.299+0530] {logging_mixin.py:188} INFO - [2024-05-04T12:19:17.299+0530] {dag.py:3096} INFO - Sync 1 DAGs
[2024-05-04T12:19:17.303+0530] {logging_mixin.py:188} INFO - [2024-05-04T12:19:17.303+0530] {dag.py:3954} INFO - Setting next_dagrun for example_complex to None, run_after=None
[2024-05-04T12:19:17.313+0530] {processor.py:183} INFO - Processing /usr/local/lib/python3.10/dist-packages/airflow/example_dags/example_complex.py took 0.033 seconds
[2024-05-04T12:20:09.079+0530] {processor.py:161} INFO - Started process (PID=11072) to work on /usr/local/lib/python3.10/dist-packages/airflow/example_dags/example_complex.py
[2024-05-04T12:20:09.080+0530] {processor.py:830} INFO - Processing file /usr/local/lib/python3.10/dist-packages/airflow/example_dags/example_complex.py for tasks to queue
[2024-05-04T12:20:09.081+0530] {logging_mixin.py:188} INFO - [2024-05-04T12:20:09.080+0530] {dagbag.py:540} INFO - Filling up the DagBag from /usr/local/lib/python3.10/dist-packages/airflow/example_dags/example_complex.py
[2024-05-04T12:20:09.089+0530] {processor.py:840} INFO - DAG(s) 'example_complex' retrieved from /usr/local/lib/python3.10/dist-packages/airflow/example_dags/example_complex.py
[2024-05-04T12:20:09.099+0530] {logging_mixin.py:188} INFO - [2024-05-04T12:20:09.099+0530] {dag.py:3096} INFO - Sync 1 DAGs
[2024-05-04T12:20:09.104+0530] {logging_mixin.py:188} INFO - [2024-05-04T12:20:09.104+0530] {dag.py:3954} INFO - Setting next_dagrun for example_complex to None, run_after=None
[2024-05-04T12:20:09.114+0530] {processor.py:183} INFO - Processing /usr/local/lib/python3.10/dist-packages/airflow/example_dags/example_complex.py took 0.039 seconds
[2024-05-04T12:21:01.091+0530] {processor.py:161} INFO - Started process (PID=11191) to work on /usr/local/lib/python3.10/dist-packages/airflow/example_dags/example_complex.py
[2024-05-04T12:21:01.092+0530] {processor.py:830} INFO - Processing file /usr/local/lib/python3.10/dist-packages/airflow/example_dags/example_complex.py for tasks to queue
[2024-05-04T12:21:01.094+0530] {logging_mixin.py:188} INFO - [2024-05-04T12:21:01.093+0530] {dagbag.py:540} INFO - Filling up the DagBag from /usr/local/lib/python3.10/dist-packages/airflow/example_dags/example_complex.py
[2024-05-04T12:21:01.099+0530] {processor.py:840} INFO - DAG(s) 'example_complex' retrieved from /usr/local/lib/python3.10/dist-packages/airflow/example_dags/example_complex.py
[2024-05-04T12:21:01.109+0530] {logging_mixin.py:188} INFO - [2024-05-04T12:21:01.109+0530] {dag.py:3096} INFO - Sync 1 DAGs
[2024-05-04T12:21:01.114+0530] {logging_mixin.py:188} INFO - [2024-05-04T12:21:01.113+0530] {dag.py:3954} INFO - Setting next_dagrun for example_complex to None, run_after=None
[2024-05-04T12:21:01.124+0530] {processor.py:183} INFO - Processing /usr/local/lib/python3.10/dist-packages/airflow/example_dags/example_complex.py took 0.039 seconds
[2024-05-04T12:21:52.812+0530] {processor.py:161} INFO - Started process (PID=11308) to work on /usr/local/lib/python3.10/dist-packages/airflow/example_dags/example_complex.py
[2024-05-04T12:21:52.812+0530] {processor.py:830} INFO - Processing file /usr/local/lib/python3.10/dist-packages/airflow/example_dags/example_complex.py for tasks to queue
[2024-05-04T12:21:52.814+0530] {logging_mixin.py:188} INFO - [2024-05-04T12:21:52.813+0530] {dagbag.py:540} INFO - Filling up the DagBag from /usr/local/lib/python3.10/dist-packages/airflow/example_dags/example_complex.py
[2024-05-04T12:21:52.821+0530] {processor.py:840} INFO - DAG(s) 'example_complex' retrieved from /usr/local/lib/python3.10/dist-packages/airflow/example_dags/example_complex.py
[2024-05-04T12:21:52.832+0530] {logging_mixin.py:188} INFO - [2024-05-04T12:21:52.832+0530] {dag.py:3096} INFO - Sync 1 DAGs
[2024-05-04T12:21:52.836+0530] {logging_mixin.py:188} INFO - [2024-05-04T12:21:52.836+0530] {dag.py:3954} INFO - Setting next_dagrun for example_complex to None, run_after=None
[2024-05-04T12:21:52.846+0530] {processor.py:183} INFO - Processing /usr/local/lib/python3.10/dist-packages/airflow/example_dags/example_complex.py took 0.037 seconds
[2024-05-04T12:22:44.516+0530] {processor.py:161} INFO - Started process (PID=11430) to work on /usr/local/lib/python3.10/dist-packages/airflow/example_dags/example_complex.py
[2024-05-04T12:22:44.517+0530] {processor.py:830} INFO - Processing file /usr/local/lib/python3.10/dist-packages/airflow/example_dags/example_complex.py for tasks to queue
[2024-05-04T12:22:44.518+0530] {logging_mixin.py:188} INFO - [2024-05-04T12:22:44.518+0530] {dagbag.py:540} INFO - Filling up the DagBag from /usr/local/lib/python3.10/dist-packages/airflow/example_dags/example_complex.py
[2024-05-04T12:22:44.524+0530] {processor.py:840} INFO - DAG(s) 'example_complex' retrieved from /usr/local/lib/python3.10/dist-packages/airflow/example_dags/example_complex.py
[2024-05-04T12:22:44.534+0530] {logging_mixin.py:188} INFO - [2024-05-04T12:22:44.534+0530] {dag.py:3096} INFO - Sync 1 DAGs
[2024-05-04T12:22:44.538+0530] {logging_mixin.py:188} INFO - [2024-05-04T12:22:44.538+0530] {dag.py:3954} INFO - Setting next_dagrun for example_complex to None, run_after=None
[2024-05-04T12:22:44.548+0530] {processor.py:183} INFO - Processing /usr/local/lib/python3.10/dist-packages/airflow/example_dags/example_complex.py took 0.040 seconds
[2024-05-04T12:23:35.850+0530] {processor.py:161} INFO - Started process (PID=11558) to work on /usr/local/lib/python3.10/dist-packages/airflow/example_dags/example_complex.py
[2024-05-04T12:23:35.851+0530] {processor.py:830} INFO - Processing file /usr/local/lib/python3.10/dist-packages/airflow/example_dags/example_complex.py for tasks to queue
[2024-05-04T12:23:35.852+0530] {logging_mixin.py:188} INFO - [2024-05-04T12:23:35.851+0530] {dagbag.py:540} INFO - Filling up the DagBag from /usr/local/lib/python3.10/dist-packages/airflow/example_dags/example_complex.py
[2024-05-04T12:23:35.856+0530] {processor.py:840} INFO - DAG(s) 'example_complex' retrieved from /usr/local/lib/python3.10/dist-packages/airflow/example_dags/example_complex.py
[2024-05-04T12:23:35.866+0530] {logging_mixin.py:188} INFO - [2024-05-04T12:23:35.866+0530] {dag.py:3096} INFO - Sync 1 DAGs
[2024-05-04T12:23:35.870+0530] {logging_mixin.py:188} INFO - [2024-05-04T12:23:35.870+0530] {dag.py:3954} INFO - Setting next_dagrun for example_complex to None, run_after=None
[2024-05-04T12:23:35.880+0530] {processor.py:183} INFO - Processing /usr/local/lib/python3.10/dist-packages/airflow/example_dags/example_complex.py took 0.035 seconds
[2024-05-04T12:24:26.139+0530] {processor.py:161} INFO - Started process (PID=11755) to work on /usr/local/lib/python3.10/dist-packages/airflow/example_dags/example_complex.py
[2024-05-04T12:24:26.140+0530] {processor.py:830} INFO - Processing file /usr/local/lib/python3.10/dist-packages/airflow/example_dags/example_complex.py for tasks to queue
[2024-05-04T12:24:26.142+0530] {logging_mixin.py:188} INFO - [2024-05-04T12:24:26.142+0530] {dagbag.py:540} INFO - Filling up the DagBag from /usr/local/lib/python3.10/dist-packages/airflow/example_dags/example_complex.py
[2024-05-04T12:24:26.150+0530] {processor.py:840} INFO - DAG(s) 'example_complex' retrieved from /usr/local/lib/python3.10/dist-packages/airflow/example_dags/example_complex.py
[2024-05-04T12:24:26.161+0530] {logging_mixin.py:188} INFO - [2024-05-04T12:24:26.161+0530] {dag.py:3096} INFO - Sync 1 DAGs
[2024-05-04T12:24:26.167+0530] {logging_mixin.py:188} INFO - [2024-05-04T12:24:26.167+0530] {dag.py:3954} INFO - Setting next_dagrun for example_complex to None, run_after=None
[2024-05-04T12:24:26.178+0530] {processor.py:183} INFO - Processing /usr/local/lib/python3.10/dist-packages/airflow/example_dags/example_complex.py took 0.048 seconds
[2024-05-04T12:25:16.128+0530] {processor.py:161} INFO - Started process (PID=11935) to work on /usr/local/lib/python3.10/dist-packages/airflow/example_dags/example_complex.py
[2024-05-04T12:25:16.129+0530] {processor.py:830} INFO - Processing file /usr/local/lib/python3.10/dist-packages/airflow/example_dags/example_complex.py for tasks to queue
[2024-05-04T12:25:16.129+0530] {logging_mixin.py:188} INFO - [2024-05-04T12:25:16.129+0530] {dagbag.py:540} INFO - Filling up the DagBag from /usr/local/lib/python3.10/dist-packages/airflow/example_dags/example_complex.py
[2024-05-04T12:25:16.134+0530] {processor.py:840} INFO - DAG(s) 'example_complex' retrieved from /usr/local/lib/python3.10/dist-packages/airflow/example_dags/example_complex.py
[2024-05-04T12:25:16.144+0530] {logging_mixin.py:188} INFO - [2024-05-04T12:25:16.143+0530] {dag.py:3096} INFO - Sync 1 DAGs
[2024-05-04T12:25:16.148+0530] {logging_mixin.py:188} INFO - [2024-05-04T12:25:16.148+0530] {dag.py:3954} INFO - Setting next_dagrun for example_complex to None, run_after=None
[2024-05-04T12:25:16.158+0530] {processor.py:183} INFO - Processing /usr/local/lib/python3.10/dist-packages/airflow/example_dags/example_complex.py took 0.033 seconds
[2024-05-04T12:26:05.485+0530] {processor.py:161} INFO - Started process (PID=12064) to work on /usr/local/lib/python3.10/dist-packages/airflow/example_dags/example_complex.py
[2024-05-04T12:26:05.486+0530] {processor.py:830} INFO - Processing file /usr/local/lib/python3.10/dist-packages/airflow/example_dags/example_complex.py for tasks to queue
[2024-05-04T12:26:05.487+0530] {logging_mixin.py:188} INFO - [2024-05-04T12:26:05.487+0530] {dagbag.py:540} INFO - Filling up the DagBag from /usr/local/lib/python3.10/dist-packages/airflow/example_dags/example_complex.py
[2024-05-04T12:26:05.496+0530] {processor.py:840} INFO - DAG(s) 'example_complex' retrieved from /usr/local/lib/python3.10/dist-packages/airflow/example_dags/example_complex.py
[2024-05-04T12:26:05.506+0530] {logging_mixin.py:188} INFO - [2024-05-04T12:26:05.506+0530] {dag.py:3096} INFO - Sync 1 DAGs
[2024-05-04T12:26:05.511+0530] {logging_mixin.py:188} INFO - [2024-05-04T12:26:05.510+0530] {dag.py:3954} INFO - Setting next_dagrun for example_complex to None, run_after=None
[2024-05-04T12:26:05.521+0530] {processor.py:183} INFO - Processing /usr/local/lib/python3.10/dist-packages/airflow/example_dags/example_complex.py took 0.040 seconds
[2024-05-04T12:26:57.203+0530] {processor.py:161} INFO - Started process (PID=12191) to work on /usr/local/lib/python3.10/dist-packages/airflow/example_dags/example_complex.py
[2024-05-04T12:26:57.204+0530] {processor.py:830} INFO - Processing file /usr/local/lib/python3.10/dist-packages/airflow/example_dags/example_complex.py for tasks to queue
[2024-05-04T12:26:57.204+0530] {logging_mixin.py:188} INFO - [2024-05-04T12:26:57.204+0530] {dagbag.py:540} INFO - Filling up the DagBag from /usr/local/lib/python3.10/dist-packages/airflow/example_dags/example_complex.py
[2024-05-04T12:26:57.209+0530] {processor.py:840} INFO - DAG(s) 'example_complex' retrieved from /usr/local/lib/python3.10/dist-packages/airflow/example_dags/example_complex.py
[2024-05-04T12:26:57.219+0530] {logging_mixin.py:188} INFO - [2024-05-04T12:26:57.218+0530] {dag.py:3096} INFO - Sync 1 DAGs
[2024-05-04T12:26:57.223+0530] {logging_mixin.py:188} INFO - [2024-05-04T12:26:57.223+0530] {dag.py:3954} INFO - Setting next_dagrun for example_complex to None, run_after=None
[2024-05-04T12:26:57.233+0530] {processor.py:183} INFO - Processing /usr/local/lib/python3.10/dist-packages/airflow/example_dags/example_complex.py took 0.032 seconds
[2024-05-04T12:27:48.047+0530] {processor.py:161} INFO - Started process (PID=12311) to work on /usr/local/lib/python3.10/dist-packages/airflow/example_dags/example_complex.py
[2024-05-04T12:27:48.048+0530] {processor.py:830} INFO - Processing file /usr/local/lib/python3.10/dist-packages/airflow/example_dags/example_complex.py for tasks to queue
[2024-05-04T12:27:48.050+0530] {logging_mixin.py:188} INFO - [2024-05-04T12:27:48.049+0530] {dagbag.py:540} INFO - Filling up the DagBag from /usr/local/lib/python3.10/dist-packages/airflow/example_dags/example_complex.py
[2024-05-04T12:27:48.058+0530] {processor.py:840} INFO - DAG(s) 'example_complex' retrieved from /usr/local/lib/python3.10/dist-packages/airflow/example_dags/example_complex.py
[2024-05-04T12:27:48.068+0530] {logging_mixin.py:188} INFO - [2024-05-04T12:27:48.068+0530] {dag.py:3096} INFO - Sync 1 DAGs
[2024-05-04T12:27:48.073+0530] {logging_mixin.py:188} INFO - [2024-05-04T12:27:48.073+0530] {dag.py:3954} INFO - Setting next_dagrun for example_complex to None, run_after=None
[2024-05-04T12:27:48.083+0530] {processor.py:183} INFO - Processing /usr/local/lib/python3.10/dist-packages/airflow/example_dags/example_complex.py took 0.041 seconds
[2024-05-04T12:28:37.390+0530] {processor.py:161} INFO - Started process (PID=12436) to work on /usr/local/lib/python3.10/dist-packages/airflow/example_dags/example_complex.py
[2024-05-04T12:28:37.391+0530] {processor.py:830} INFO - Processing file /usr/local/lib/python3.10/dist-packages/airflow/example_dags/example_complex.py for tasks to queue
[2024-05-04T12:28:37.391+0530] {logging_mixin.py:188} INFO - [2024-05-04T12:28:37.391+0530] {dagbag.py:540} INFO - Filling up the DagBag from /usr/local/lib/python3.10/dist-packages/airflow/example_dags/example_complex.py
[2024-05-04T12:28:37.396+0530] {processor.py:840} INFO - DAG(s) 'example_complex' retrieved from /usr/local/lib/python3.10/dist-packages/airflow/example_dags/example_complex.py
[2024-05-04T12:28:37.407+0530] {logging_mixin.py:188} INFO - [2024-05-04T12:28:37.407+0530] {dag.py:3096} INFO - Sync 1 DAGs
[2024-05-04T12:28:37.412+0530] {logging_mixin.py:188} INFO - [2024-05-04T12:28:37.412+0530] {dag.py:3954} INFO - Setting next_dagrun for example_complex to None, run_after=None
[2024-05-04T12:28:37.424+0530] {processor.py:183} INFO - Processing /usr/local/lib/python3.10/dist-packages/airflow/example_dags/example_complex.py took 0.037 seconds
[2024-05-04T12:29:26.079+0530] {processor.py:161} INFO - Started process (PID=12555) to work on /usr/local/lib/python3.10/dist-packages/airflow/example_dags/example_complex.py
[2024-05-04T12:29:26.080+0530] {processor.py:830} INFO - Processing file /usr/local/lib/python3.10/dist-packages/airflow/example_dags/example_complex.py for tasks to queue
[2024-05-04T12:29:26.081+0530] {logging_mixin.py:188} INFO - [2024-05-04T12:29:26.081+0530] {dagbag.py:540} INFO - Filling up the DagBag from /usr/local/lib/python3.10/dist-packages/airflow/example_dags/example_complex.py
[2024-05-04T12:29:26.090+0530] {processor.py:840} INFO - DAG(s) 'example_complex' retrieved from /usr/local/lib/python3.10/dist-packages/airflow/example_dags/example_complex.py
[2024-05-04T12:29:26.100+0530] {logging_mixin.py:188} INFO - [2024-05-04T12:29:26.100+0530] {dag.py:3096} INFO - Sync 1 DAGs
[2024-05-04T12:29:26.105+0530] {logging_mixin.py:188} INFO - [2024-05-04T12:29:26.105+0530] {dag.py:3954} INFO - Setting next_dagrun for example_complex to None, run_after=None
[2024-05-04T12:29:26.115+0530] {processor.py:183} INFO - Processing /usr/local/lib/python3.10/dist-packages/airflow/example_dags/example_complex.py took 0.040 seconds
[2024-05-04T12:30:14.101+0530] {processor.py:161} INFO - Started process (PID=12707) to work on /usr/local/lib/python3.10/dist-packages/airflow/example_dags/example_complex.py
[2024-05-04T12:30:14.101+0530] {processor.py:830} INFO - Processing file /usr/local/lib/python3.10/dist-packages/airflow/example_dags/example_complex.py for tasks to queue
[2024-05-04T12:30:14.102+0530] {logging_mixin.py:188} INFO - [2024-05-04T12:30:14.102+0530] {dagbag.py:540} INFO - Filling up the DagBag from /usr/local/lib/python3.10/dist-packages/airflow/example_dags/example_complex.py
[2024-05-04T12:30:14.106+0530] {processor.py:840} INFO - DAG(s) 'example_complex' retrieved from /usr/local/lib/python3.10/dist-packages/airflow/example_dags/example_complex.py
[2024-05-04T12:30:14.116+0530] {logging_mixin.py:188} INFO - [2024-05-04T12:30:14.116+0530] {dag.py:3096} INFO - Sync 1 DAGs
[2024-05-04T12:30:14.120+0530] {logging_mixin.py:188} INFO - [2024-05-04T12:30:14.120+0530] {dag.py:3954} INFO - Setting next_dagrun for example_complex to None, run_after=None
[2024-05-04T12:30:14.130+0530] {processor.py:183} INFO - Processing /usr/local/lib/python3.10/dist-packages/airflow/example_dags/example_complex.py took 0.032 seconds
[2024-05-04T12:31:04.691+0530] {processor.py:161} INFO - Started process (PID=12857) to work on /usr/local/lib/python3.10/dist-packages/airflow/example_dags/example_complex.py
[2024-05-04T12:31:04.692+0530] {processor.py:830} INFO - Processing file /usr/local/lib/python3.10/dist-packages/airflow/example_dags/example_complex.py for tasks to queue
[2024-05-04T12:31:04.693+0530] {logging_mixin.py:188} INFO - [2024-05-04T12:31:04.692+0530] {dagbag.py:540} INFO - Filling up the DagBag from /usr/local/lib/python3.10/dist-packages/airflow/example_dags/example_complex.py
[2024-05-04T12:31:04.697+0530] {processor.py:840} INFO - DAG(s) 'example_complex' retrieved from /usr/local/lib/python3.10/dist-packages/airflow/example_dags/example_complex.py
[2024-05-04T12:31:04.707+0530] {logging_mixin.py:188} INFO - [2024-05-04T12:31:04.707+0530] {dag.py:3096} INFO - Sync 1 DAGs
[2024-05-04T12:31:04.711+0530] {logging_mixin.py:188} INFO - [2024-05-04T12:31:04.711+0530] {dag.py:3954} INFO - Setting next_dagrun for example_complex to None, run_after=None
[2024-05-04T12:31:04.721+0530] {processor.py:183} INFO - Processing /usr/local/lib/python3.10/dist-packages/airflow/example_dags/example_complex.py took 0.035 seconds
[2024-05-04T12:31:58.339+0530] {processor.py:161} INFO - Started process (PID=12986) to work on /usr/local/lib/python3.10/dist-packages/airflow/example_dags/example_complex.py
[2024-05-04T12:31:58.340+0530] {processor.py:830} INFO - Processing file /usr/local/lib/python3.10/dist-packages/airflow/example_dags/example_complex.py for tasks to queue
[2024-05-04T12:31:58.340+0530] {logging_mixin.py:188} INFO - [2024-05-04T12:31:58.340+0530] {dagbag.py:540} INFO - Filling up the DagBag from /usr/local/lib/python3.10/dist-packages/airflow/example_dags/example_complex.py
[2024-05-04T12:31:58.345+0530] {processor.py:840} INFO - DAG(s) 'example_complex' retrieved from /usr/local/lib/python3.10/dist-packages/airflow/example_dags/example_complex.py
[2024-05-04T12:31:58.355+0530] {logging_mixin.py:188} INFO - [2024-05-04T12:31:58.355+0530] {dag.py:3096} INFO - Sync 1 DAGs
[2024-05-04T12:31:58.359+0530] {logging_mixin.py:188} INFO - [2024-05-04T12:31:58.359+0530] {dag.py:3954} INFO - Setting next_dagrun for example_complex to None, run_after=None
[2024-05-04T12:31:58.369+0530] {processor.py:183} INFO - Processing /usr/local/lib/python3.10/dist-packages/airflow/example_dags/example_complex.py took 0.034 seconds
[2024-05-04T12:32:46.674+0530] {processor.py:161} INFO - Started process (PID=13112) to work on /usr/local/lib/python3.10/dist-packages/airflow/example_dags/example_complex.py
[2024-05-04T12:32:46.675+0530] {processor.py:830} INFO - Processing file /usr/local/lib/python3.10/dist-packages/airflow/example_dags/example_complex.py for tasks to queue
[2024-05-04T12:32:46.676+0530] {logging_mixin.py:188} INFO - [2024-05-04T12:32:46.676+0530] {dagbag.py:540} INFO - Filling up the DagBag from /usr/local/lib/python3.10/dist-packages/airflow/example_dags/example_complex.py
[2024-05-04T12:32:46.684+0530] {processor.py:840} INFO - DAG(s) 'example_complex' retrieved from /usr/local/lib/python3.10/dist-packages/airflow/example_dags/example_complex.py
[2024-05-04T12:32:46.695+0530] {logging_mixin.py:188} INFO - [2024-05-04T12:32:46.695+0530] {dag.py:3096} INFO - Sync 1 DAGs
[2024-05-04T12:32:46.699+0530] {logging_mixin.py:188} INFO - [2024-05-04T12:32:46.699+0530] {dag.py:3954} INFO - Setting next_dagrun for example_complex to None, run_after=None
[2024-05-04T12:32:46.709+0530] {processor.py:183} INFO - Processing /usr/local/lib/python3.10/dist-packages/airflow/example_dags/example_complex.py took 0.039 seconds
[2024-05-04T12:33:39.170+0530] {processor.py:161} INFO - Started process (PID=13276) to work on /usr/local/lib/python3.10/dist-packages/airflow/example_dags/example_complex.py
[2024-05-04T12:33:39.170+0530] {processor.py:830} INFO - Processing file /usr/local/lib/python3.10/dist-packages/airflow/example_dags/example_complex.py for tasks to queue
[2024-05-04T12:33:39.171+0530] {logging_mixin.py:188} INFO - [2024-05-04T12:33:39.171+0530] {dagbag.py:540} INFO - Filling up the DagBag from /usr/local/lib/python3.10/dist-packages/airflow/example_dags/example_complex.py
[2024-05-04T12:33:39.179+0530] {processor.py:840} INFO - DAG(s) 'example_complex' retrieved from /usr/local/lib/python3.10/dist-packages/airflow/example_dags/example_complex.py
[2024-05-04T12:33:39.190+0530] {logging_mixin.py:188} INFO - [2024-05-04T12:33:39.190+0530] {dag.py:3096} INFO - Sync 1 DAGs
[2024-05-04T12:33:39.194+0530] {logging_mixin.py:188} INFO - [2024-05-04T12:33:39.194+0530] {dag.py:3954} INFO - Setting next_dagrun for example_complex to None, run_after=None
[2024-05-04T12:33:39.205+0530] {processor.py:183} INFO - Processing /usr/local/lib/python3.10/dist-packages/airflow/example_dags/example_complex.py took 0.040 seconds
[2024-05-04T12:34:31.661+0530] {processor.py:161} INFO - Started process (PID=13433) to work on /usr/local/lib/python3.10/dist-packages/airflow/example_dags/example_complex.py
[2024-05-04T12:34:31.662+0530] {processor.py:830} INFO - Processing file /usr/local/lib/python3.10/dist-packages/airflow/example_dags/example_complex.py for tasks to queue
[2024-05-04T12:34:31.663+0530] {logging_mixin.py:188} INFO - [2024-05-04T12:34:31.663+0530] {dagbag.py:540} INFO - Filling up the DagBag from /usr/local/lib/python3.10/dist-packages/airflow/example_dags/example_complex.py
[2024-05-04T12:34:31.668+0530] {processor.py:840} INFO - DAG(s) 'example_complex' retrieved from /usr/local/lib/python3.10/dist-packages/airflow/example_dags/example_complex.py
[2024-05-04T12:34:31.679+0530] {logging_mixin.py:188} INFO - [2024-05-04T12:34:31.679+0530] {dag.py:3096} INFO - Sync 1 DAGs
[2024-05-04T12:34:31.684+0530] {logging_mixin.py:188} INFO - [2024-05-04T12:34:31.684+0530] {dag.py:3954} INFO - Setting next_dagrun for example_complex to None, run_after=None
[2024-05-04T12:34:31.693+0530] {processor.py:183} INFO - Processing /usr/local/lib/python3.10/dist-packages/airflow/example_dags/example_complex.py took 0.039 seconds
[2024-05-04T12:35:24.233+0530] {processor.py:161} INFO - Started process (PID=13620) to work on /usr/local/lib/python3.10/dist-packages/airflow/example_dags/example_complex.py
[2024-05-04T12:35:24.233+0530] {processor.py:830} INFO - Processing file /usr/local/lib/python3.10/dist-packages/airflow/example_dags/example_complex.py for tasks to queue
[2024-05-04T12:35:24.235+0530] {logging_mixin.py:188} INFO - [2024-05-04T12:35:24.234+0530] {dagbag.py:540} INFO - Filling up the DagBag from /usr/local/lib/python3.10/dist-packages/airflow/example_dags/example_complex.py
[2024-05-04T12:35:24.246+0530] {processor.py:840} INFO - DAG(s) 'example_complex' retrieved from /usr/local/lib/python3.10/dist-packages/airflow/example_dags/example_complex.py
[2024-05-04T12:35:24.259+0530] {logging_mixin.py:188} INFO - [2024-05-04T12:35:24.259+0530] {dag.py:3096} INFO - Sync 1 DAGs
[2024-05-04T12:35:24.263+0530] {logging_mixin.py:188} INFO - [2024-05-04T12:35:24.263+0530] {dag.py:3954} INFO - Setting next_dagrun for example_complex to None, run_after=None
[2024-05-04T12:35:24.273+0530] {processor.py:183} INFO - Processing /usr/local/lib/python3.10/dist-packages/airflow/example_dags/example_complex.py took 0.045 seconds
[2024-05-04T12:36:13.530+0530] {processor.py:161} INFO - Started process (PID=13739) to work on /usr/local/lib/python3.10/dist-packages/airflow/example_dags/example_complex.py
[2024-05-04T12:36:13.530+0530] {processor.py:830} INFO - Processing file /usr/local/lib/python3.10/dist-packages/airflow/example_dags/example_complex.py for tasks to queue
[2024-05-04T12:36:13.531+0530] {logging_mixin.py:188} INFO - [2024-05-04T12:36:13.531+0530] {dagbag.py:540} INFO - Filling up the DagBag from /usr/local/lib/python3.10/dist-packages/airflow/example_dags/example_complex.py
[2024-05-04T12:36:13.536+0530] {processor.py:840} INFO - DAG(s) 'example_complex' retrieved from /usr/local/lib/python3.10/dist-packages/airflow/example_dags/example_complex.py
[2024-05-04T12:36:13.551+0530] {logging_mixin.py:188} INFO - [2024-05-04T12:36:13.551+0530] {dag.py:3096} INFO - Sync 1 DAGs
[2024-05-04T12:36:13.555+0530] {logging_mixin.py:188} INFO - [2024-05-04T12:36:13.555+0530] {dag.py:3954} INFO - Setting next_dagrun for example_complex to None, run_after=None
[2024-05-04T12:36:13.565+0530] {processor.py:183} INFO - Processing /usr/local/lib/python3.10/dist-packages/airflow/example_dags/example_complex.py took 0.041 seconds
[2024-05-04T12:37:03.748+0530] {processor.py:161} INFO - Started process (PID=13858) to work on /usr/local/lib/python3.10/dist-packages/airflow/example_dags/example_complex.py
[2024-05-04T12:37:03.749+0530] {processor.py:830} INFO - Processing file /usr/local/lib/python3.10/dist-packages/airflow/example_dags/example_complex.py for tasks to queue
[2024-05-04T12:37:03.750+0530] {logging_mixin.py:188} INFO - [2024-05-04T12:37:03.750+0530] {dagbag.py:540} INFO - Filling up the DagBag from /usr/local/lib/python3.10/dist-packages/airflow/example_dags/example_complex.py
[2024-05-04T12:37:03.756+0530] {processor.py:840} INFO - DAG(s) 'example_complex' retrieved from /usr/local/lib/python3.10/dist-packages/airflow/example_dags/example_complex.py
[2024-05-04T12:37:03.766+0530] {logging_mixin.py:188} INFO - [2024-05-04T12:37:03.766+0530] {dag.py:3096} INFO - Sync 1 DAGs
[2024-05-04T12:37:03.771+0530] {logging_mixin.py:188} INFO - [2024-05-04T12:37:03.771+0530] {dag.py:3954} INFO - Setting next_dagrun for example_complex to None, run_after=None
[2024-05-04T12:37:03.781+0530] {processor.py:183} INFO - Processing /usr/local/lib/python3.10/dist-packages/airflow/example_dags/example_complex.py took 0.041 seconds
[2024-05-04T12:37:56.517+0530] {processor.py:161} INFO - Started process (PID=13987) to work on /usr/local/lib/python3.10/dist-packages/airflow/example_dags/example_complex.py
[2024-05-04T12:37:56.517+0530] {processor.py:830} INFO - Processing file /usr/local/lib/python3.10/dist-packages/airflow/example_dags/example_complex.py for tasks to queue
[2024-05-04T12:37:56.519+0530] {logging_mixin.py:188} INFO - [2024-05-04T12:37:56.518+0530] {dagbag.py:540} INFO - Filling up the DagBag from /usr/local/lib/python3.10/dist-packages/airflow/example_dags/example_complex.py
[2024-05-04T12:37:56.527+0530] {processor.py:840} INFO - DAG(s) 'example_complex' retrieved from /usr/local/lib/python3.10/dist-packages/airflow/example_dags/example_complex.py
[2024-05-04T12:37:56.546+0530] {logging_mixin.py:188} INFO - [2024-05-04T12:37:56.546+0530] {dag.py:3096} INFO - Sync 1 DAGs
[2024-05-04T12:37:56.551+0530] {logging_mixin.py:188} INFO - [2024-05-04T12:37:56.550+0530] {dag.py:3954} INFO - Setting next_dagrun for example_complex to None, run_after=None
[2024-05-04T12:37:56.561+0530] {processor.py:183} INFO - Processing /usr/local/lib/python3.10/dist-packages/airflow/example_dags/example_complex.py took 0.048 seconds
[2024-05-04T12:38:49.469+0530] {processor.py:161} INFO - Started process (PID=14144) to work on /usr/local/lib/python3.10/dist-packages/airflow/example_dags/example_complex.py
[2024-05-04T12:38:49.470+0530] {processor.py:830} INFO - Processing file /usr/local/lib/python3.10/dist-packages/airflow/example_dags/example_complex.py for tasks to queue
[2024-05-04T12:38:49.471+0530] {logging_mixin.py:188} INFO - [2024-05-04T12:38:49.471+0530] {dagbag.py:540} INFO - Filling up the DagBag from /usr/local/lib/python3.10/dist-packages/airflow/example_dags/example_complex.py
[2024-05-04T12:38:49.477+0530] {processor.py:840} INFO - DAG(s) 'example_complex' retrieved from /usr/local/lib/python3.10/dist-packages/airflow/example_dags/example_complex.py
[2024-05-04T12:38:49.487+0530] {logging_mixin.py:188} INFO - [2024-05-04T12:38:49.487+0530] {dag.py:3096} INFO - Sync 1 DAGs
[2024-05-04T12:38:49.491+0530] {logging_mixin.py:188} INFO - [2024-05-04T12:38:49.491+0530] {dag.py:3954} INFO - Setting next_dagrun for example_complex to None, run_after=None
[2024-05-04T12:38:49.501+0530] {processor.py:183} INFO - Processing /usr/local/lib/python3.10/dist-packages/airflow/example_dags/example_complex.py took 0.040 seconds
[2024-05-04T12:39:42.857+0530] {processor.py:161} INFO - Started process (PID=14427) to work on /usr/local/lib/python3.10/dist-packages/airflow/example_dags/example_complex.py
[2024-05-04T12:39:42.857+0530] {processor.py:830} INFO - Processing file /usr/local/lib/python3.10/dist-packages/airflow/example_dags/example_complex.py for tasks to queue
[2024-05-04T12:39:42.858+0530] {logging_mixin.py:188} INFO - [2024-05-04T12:39:42.858+0530] {dagbag.py:540} INFO - Filling up the DagBag from /usr/local/lib/python3.10/dist-packages/airflow/example_dags/example_complex.py
[2024-05-04T12:39:42.862+0530] {processor.py:840} INFO - DAG(s) 'example_complex' retrieved from /usr/local/lib/python3.10/dist-packages/airflow/example_dags/example_complex.py
[2024-05-04T12:39:42.873+0530] {logging_mixin.py:188} INFO - [2024-05-04T12:39:42.872+0530] {dag.py:3096} INFO - Sync 1 DAGs
[2024-05-04T12:39:42.877+0530] {logging_mixin.py:188} INFO - [2024-05-04T12:39:42.877+0530] {dag.py:3954} INFO - Setting next_dagrun for example_complex to None, run_after=None
[2024-05-04T12:39:42.887+0530] {processor.py:183} INFO - Processing /usr/local/lib/python3.10/dist-packages/airflow/example_dags/example_complex.py took 0.035 seconds
[2024-05-04T12:40:31.103+0530] {processor.py:161} INFO - Started process (PID=14600) to work on /usr/local/lib/python3.10/dist-packages/airflow/example_dags/example_complex.py
[2024-05-04T12:40:31.104+0530] {processor.py:830} INFO - Processing file /usr/local/lib/python3.10/dist-packages/airflow/example_dags/example_complex.py for tasks to queue
[2024-05-04T12:40:31.105+0530] {logging_mixin.py:188} INFO - [2024-05-04T12:40:31.105+0530] {dagbag.py:540} INFO - Filling up the DagBag from /usr/local/lib/python3.10/dist-packages/airflow/example_dags/example_complex.py
[2024-05-04T12:40:31.109+0530] {processor.py:840} INFO - DAG(s) 'example_complex' retrieved from /usr/local/lib/python3.10/dist-packages/airflow/example_dags/example_complex.py
[2024-05-04T12:40:31.119+0530] {logging_mixin.py:188} INFO - [2024-05-04T12:40:31.119+0530] {dag.py:3096} INFO - Sync 1 DAGs
[2024-05-04T12:40:31.124+0530] {logging_mixin.py:188} INFO - [2024-05-04T12:40:31.124+0530] {dag.py:3954} INFO - Setting next_dagrun for example_complex to None, run_after=None
[2024-05-04T12:40:31.134+0530] {processor.py:183} INFO - Processing /usr/local/lib/python3.10/dist-packages/airflow/example_dags/example_complex.py took 0.035 seconds
[2024-05-04T12:41:24.808+0530] {processor.py:161} INFO - Started process (PID=14772) to work on /usr/local/lib/python3.10/dist-packages/airflow/example_dags/example_complex.py
[2024-05-04T12:41:24.809+0530] {processor.py:830} INFO - Processing file /usr/local/lib/python3.10/dist-packages/airflow/example_dags/example_complex.py for tasks to queue
[2024-05-04T12:41:24.810+0530] {logging_mixin.py:188} INFO - [2024-05-04T12:41:24.810+0530] {dagbag.py:540} INFO - Filling up the DagBag from /usr/local/lib/python3.10/dist-packages/airflow/example_dags/example_complex.py
[2024-05-04T12:41:24.814+0530] {processor.py:840} INFO - DAG(s) 'example_complex' retrieved from /usr/local/lib/python3.10/dist-packages/airflow/example_dags/example_complex.py
[2024-05-04T12:41:24.824+0530] {logging_mixin.py:188} INFO - [2024-05-04T12:41:24.824+0530] {dag.py:3096} INFO - Sync 1 DAGs
[2024-05-04T12:41:24.828+0530] {logging_mixin.py:188} INFO - [2024-05-04T12:41:24.828+0530] {dag.py:3954} INFO - Setting next_dagrun for example_complex to None, run_after=None
[2024-05-04T12:41:24.839+0530] {processor.py:183} INFO - Processing /usr/local/lib/python3.10/dist-packages/airflow/example_dags/example_complex.py took 0.035 seconds
[2024-05-04T12:42:14.031+0530] {processor.py:161} INFO - Started process (PID=14944) to work on /usr/local/lib/python3.10/dist-packages/airflow/example_dags/example_complex.py
[2024-05-04T12:42:14.031+0530] {processor.py:830} INFO - Processing file /usr/local/lib/python3.10/dist-packages/airflow/example_dags/example_complex.py for tasks to queue
[2024-05-04T12:42:14.033+0530] {logging_mixin.py:188} INFO - [2024-05-04T12:42:14.033+0530] {dagbag.py:540} INFO - Filling up the DagBag from /usr/local/lib/python3.10/dist-packages/airflow/example_dags/example_complex.py
[2024-05-04T12:42:14.041+0530] {processor.py:840} INFO - DAG(s) 'example_complex' retrieved from /usr/local/lib/python3.10/dist-packages/airflow/example_dags/example_complex.py
[2024-05-04T12:42:14.051+0530] {logging_mixin.py:188} INFO - [2024-05-04T12:42:14.051+0530] {dag.py:3096} INFO - Sync 1 DAGs
[2024-05-04T12:42:14.056+0530] {logging_mixin.py:188} INFO - [2024-05-04T12:42:14.056+0530] {dag.py:3954} INFO - Setting next_dagrun for example_complex to None, run_after=None
[2024-05-04T12:42:14.066+0530] {processor.py:183} INFO - Processing /usr/local/lib/python3.10/dist-packages/airflow/example_dags/example_complex.py took 0.040 seconds
[2024-05-04T12:43:04.960+0530] {processor.py:161} INFO - Started process (PID=15106) to work on /usr/local/lib/python3.10/dist-packages/airflow/example_dags/example_complex.py
[2024-05-04T12:43:04.960+0530] {processor.py:830} INFO - Processing file /usr/local/lib/python3.10/dist-packages/airflow/example_dags/example_complex.py for tasks to queue
[2024-05-04T12:43:04.962+0530] {logging_mixin.py:188} INFO - [2024-05-04T12:43:04.961+0530] {dagbag.py:540} INFO - Filling up the DagBag from /usr/local/lib/python3.10/dist-packages/airflow/example_dags/example_complex.py
[2024-05-04T12:43:04.966+0530] {processor.py:840} INFO - DAG(s) 'example_complex' retrieved from /usr/local/lib/python3.10/dist-packages/airflow/example_dags/example_complex.py
[2024-05-04T12:43:04.977+0530] {logging_mixin.py:188} INFO - [2024-05-04T12:43:04.976+0530] {dag.py:3096} INFO - Sync 1 DAGs
[2024-05-04T12:43:04.981+0530] {logging_mixin.py:188} INFO - [2024-05-04T12:43:04.981+0530] {dag.py:3954} INFO - Setting next_dagrun for example_complex to None, run_after=None
[2024-05-04T12:43:04.991+0530] {processor.py:183} INFO - Processing /usr/local/lib/python3.10/dist-packages/airflow/example_dags/example_complex.py took 0.036 seconds
[2024-05-04T12:43:56.552+0530] {processor.py:161} INFO - Started process (PID=15277) to work on /usr/local/lib/python3.10/dist-packages/airflow/example_dags/example_complex.py
[2024-05-04T12:43:56.553+0530] {processor.py:830} INFO - Processing file /usr/local/lib/python3.10/dist-packages/airflow/example_dags/example_complex.py for tasks to queue
[2024-05-04T12:43:56.553+0530] {logging_mixin.py:188} INFO - [2024-05-04T12:43:56.553+0530] {dagbag.py:540} INFO - Filling up the DagBag from /usr/local/lib/python3.10/dist-packages/airflow/example_dags/example_complex.py
[2024-05-04T12:43:56.558+0530] {processor.py:840} INFO - DAG(s) 'example_complex' retrieved from /usr/local/lib/python3.10/dist-packages/airflow/example_dags/example_complex.py
[2024-05-04T12:43:56.568+0530] {logging_mixin.py:188} INFO - [2024-05-04T12:43:56.568+0530] {dag.py:3096} INFO - Sync 1 DAGs
[2024-05-04T12:43:56.572+0530] {logging_mixin.py:188} INFO - [2024-05-04T12:43:56.572+0530] {dag.py:3954} INFO - Setting next_dagrun for example_complex to None, run_after=None
[2024-05-04T12:43:56.582+0530] {processor.py:183} INFO - Processing /usr/local/lib/python3.10/dist-packages/airflow/example_dags/example_complex.py took 0.034 seconds
[2024-05-04T12:44:46.307+0530] {processor.py:161} INFO - Started process (PID=15476) to work on /usr/local/lib/python3.10/dist-packages/airflow/example_dags/example_complex.py
[2024-05-04T12:44:46.308+0530] {processor.py:830} INFO - Processing file /usr/local/lib/python3.10/dist-packages/airflow/example_dags/example_complex.py for tasks to queue
[2024-05-04T12:44:46.309+0530] {logging_mixin.py:188} INFO - [2024-05-04T12:44:46.309+0530] {dagbag.py:540} INFO - Filling up the DagBag from /usr/local/lib/python3.10/dist-packages/airflow/example_dags/example_complex.py
[2024-05-04T12:44:46.315+0530] {processor.py:840} INFO - DAG(s) 'example_complex' retrieved from /usr/local/lib/python3.10/dist-packages/airflow/example_dags/example_complex.py
[2024-05-04T12:44:46.325+0530] {logging_mixin.py:188} INFO - [2024-05-04T12:44:46.325+0530] {dag.py:3096} INFO - Sync 1 DAGs
[2024-05-04T12:44:46.330+0530] {logging_mixin.py:188} INFO - [2024-05-04T12:44:46.330+0530] {dag.py:3954} INFO - Setting next_dagrun for example_complex to None, run_after=None
[2024-05-04T12:44:46.340+0530] {processor.py:183} INFO - Processing /usr/local/lib/python3.10/dist-packages/airflow/example_dags/example_complex.py took 0.040 seconds
[2024-05-04T12:45:37.241+0530] {processor.py:161} INFO - Started process (PID=15641) to work on /usr/local/lib/python3.10/dist-packages/airflow/example_dags/example_complex.py
[2024-05-04T12:45:37.242+0530] {processor.py:830} INFO - Processing file /usr/local/lib/python3.10/dist-packages/airflow/example_dags/example_complex.py for tasks to queue
[2024-05-04T12:45:37.243+0530] {logging_mixin.py:188} INFO - [2024-05-04T12:45:37.243+0530] {dagbag.py:540} INFO - Filling up the DagBag from /usr/local/lib/python3.10/dist-packages/airflow/example_dags/example_complex.py
[2024-05-04T12:45:37.251+0530] {processor.py:840} INFO - DAG(s) 'example_complex' retrieved from /usr/local/lib/python3.10/dist-packages/airflow/example_dags/example_complex.py
[2024-05-04T12:45:37.262+0530] {logging_mixin.py:188} INFO - [2024-05-04T12:45:37.262+0530] {dag.py:3096} INFO - Sync 1 DAGs
[2024-05-04T12:45:37.266+0530] {logging_mixin.py:188} INFO - [2024-05-04T12:45:37.266+0530] {dag.py:3954} INFO - Setting next_dagrun for example_complex to None, run_after=None
[2024-05-04T12:45:37.276+0530] {processor.py:183} INFO - Processing /usr/local/lib/python3.10/dist-packages/airflow/example_dags/example_complex.py took 0.039 seconds
[2024-05-04T12:46:26.813+0530] {processor.py:161} INFO - Started process (PID=15867) to work on /usr/local/lib/python3.10/dist-packages/airflow/example_dags/example_complex.py
[2024-05-04T12:46:26.813+0530] {processor.py:830} INFO - Processing file /usr/local/lib/python3.10/dist-packages/airflow/example_dags/example_complex.py for tasks to queue
[2024-05-04T12:46:26.814+0530] {logging_mixin.py:188} INFO - [2024-05-04T12:46:26.814+0530] {dagbag.py:540} INFO - Filling up the DagBag from /usr/local/lib/python3.10/dist-packages/airflow/example_dags/example_complex.py
[2024-05-04T12:46:26.818+0530] {processor.py:840} INFO - DAG(s) 'example_complex' retrieved from /usr/local/lib/python3.10/dist-packages/airflow/example_dags/example_complex.py
[2024-05-04T12:46:26.829+0530] {logging_mixin.py:188} INFO - [2024-05-04T12:46:26.829+0530] {dag.py:3096} INFO - Sync 1 DAGs
[2024-05-04T12:46:26.833+0530] {logging_mixin.py:188} INFO - [2024-05-04T12:46:26.833+0530] {dag.py:3954} INFO - Setting next_dagrun for example_complex to None, run_after=None
[2024-05-04T12:46:26.843+0530] {processor.py:183} INFO - Processing /usr/local/lib/python3.10/dist-packages/airflow/example_dags/example_complex.py took 0.036 seconds
[2024-05-04T12:47:18.336+0530] {processor.py:161} INFO - Started process (PID=16070) to work on /usr/local/lib/python3.10/dist-packages/airflow/example_dags/example_complex.py
[2024-05-04T12:47:18.337+0530] {processor.py:830} INFO - Processing file /usr/local/lib/python3.10/dist-packages/airflow/example_dags/example_complex.py for tasks to queue
[2024-05-04T12:47:18.338+0530] {logging_mixin.py:188} INFO - [2024-05-04T12:47:18.338+0530] {dagbag.py:540} INFO - Filling up the DagBag from /usr/local/lib/python3.10/dist-packages/airflow/example_dags/example_complex.py
[2024-05-04T12:47:18.344+0530] {processor.py:840} INFO - DAG(s) 'example_complex' retrieved from /usr/local/lib/python3.10/dist-packages/airflow/example_dags/example_complex.py
[2024-05-04T12:47:18.354+0530] {logging_mixin.py:188} INFO - [2024-05-04T12:47:18.354+0530] {dag.py:3096} INFO - Sync 1 DAGs
[2024-05-04T12:47:18.359+0530] {logging_mixin.py:188} INFO - [2024-05-04T12:47:18.358+0530] {dag.py:3954} INFO - Setting next_dagrun for example_complex to None, run_after=None
[2024-05-04T12:47:18.368+0530] {processor.py:183} INFO - Processing /usr/local/lib/python3.10/dist-packages/airflow/example_dags/example_complex.py took 0.040 seconds
[2024-05-04T12:48:09.320+0530] {processor.py:161} INFO - Started process (PID=16240) to work on /usr/local/lib/python3.10/dist-packages/airflow/example_dags/example_complex.py
[2024-05-04T12:48:09.321+0530] {processor.py:830} INFO - Processing file /usr/local/lib/python3.10/dist-packages/airflow/example_dags/example_complex.py for tasks to queue
[2024-05-04T12:48:09.322+0530] {logging_mixin.py:188} INFO - [2024-05-04T12:48:09.321+0530] {dagbag.py:540} INFO - Filling up the DagBag from /usr/local/lib/python3.10/dist-packages/airflow/example_dags/example_complex.py
[2024-05-04T12:48:09.326+0530] {processor.py:840} INFO - DAG(s) 'example_complex' retrieved from /usr/local/lib/python3.10/dist-packages/airflow/example_dags/example_complex.py
[2024-05-04T12:48:09.337+0530] {logging_mixin.py:188} INFO - [2024-05-04T12:48:09.337+0530] {dag.py:3096} INFO - Sync 1 DAGs
[2024-05-04T12:48:09.342+0530] {logging_mixin.py:188} INFO - [2024-05-04T12:48:09.342+0530] {dag.py:3954} INFO - Setting next_dagrun for example_complex to None, run_after=None
[2024-05-04T12:48:09.353+0530] {processor.py:183} INFO - Processing /usr/local/lib/python3.10/dist-packages/airflow/example_dags/example_complex.py took 0.035 seconds
[2024-05-04T12:49:01.425+0530] {processor.py:161} INFO - Started process (PID=16414) to work on /usr/local/lib/python3.10/dist-packages/airflow/example_dags/example_complex.py
[2024-05-04T12:49:01.425+0530] {processor.py:830} INFO - Processing file /usr/local/lib/python3.10/dist-packages/airflow/example_dags/example_complex.py for tasks to queue
[2024-05-04T12:49:01.426+0530] {logging_mixin.py:188} INFO - [2024-05-04T12:49:01.426+0530] {dagbag.py:540} INFO - Filling up the DagBag from /usr/local/lib/python3.10/dist-packages/airflow/example_dags/example_complex.py
[2024-05-04T12:49:01.434+0530] {processor.py:840} INFO - DAG(s) 'example_complex' retrieved from /usr/local/lib/python3.10/dist-packages/airflow/example_dags/example_complex.py
[2024-05-04T12:49:01.445+0530] {logging_mixin.py:188} INFO - [2024-05-04T12:49:01.445+0530] {dag.py:3096} INFO - Sync 1 DAGs
[2024-05-04T12:49:01.449+0530] {logging_mixin.py:188} INFO - [2024-05-04T12:49:01.449+0530] {dag.py:3954} INFO - Setting next_dagrun for example_complex to None, run_after=None
[2024-05-04T12:49:01.459+0530] {processor.py:183} INFO - Processing /usr/local/lib/python3.10/dist-packages/airflow/example_dags/example_complex.py took 0.039 seconds
[2024-05-04T12:49:53.329+0530] {processor.py:161} INFO - Started process (PID=16715) to work on /usr/local/lib/python3.10/dist-packages/airflow/example_dags/example_complex.py
[2024-05-04T12:49:53.330+0530] {processor.py:830} INFO - Processing file /usr/local/lib/python3.10/dist-packages/airflow/example_dags/example_complex.py for tasks to queue
[2024-05-04T12:49:53.331+0530] {logging_mixin.py:188} INFO - [2024-05-04T12:49:53.330+0530] {dagbag.py:540} INFO - Filling up the DagBag from /usr/local/lib/python3.10/dist-packages/airflow/example_dags/example_complex.py
[2024-05-04T12:49:53.335+0530] {processor.py:840} INFO - DAG(s) 'example_complex' retrieved from /usr/local/lib/python3.10/dist-packages/airflow/example_dags/example_complex.py
[2024-05-04T12:49:53.346+0530] {logging_mixin.py:188} INFO - [2024-05-04T12:49:53.346+0530] {dag.py:3096} INFO - Sync 1 DAGs
[2024-05-04T12:49:53.350+0530] {logging_mixin.py:188} INFO - [2024-05-04T12:49:53.350+0530] {dag.py:3954} INFO - Setting next_dagrun for example_complex to None, run_after=None
[2024-05-04T12:49:53.360+0530] {processor.py:183} INFO - Processing /usr/local/lib/python3.10/dist-packages/airflow/example_dags/example_complex.py took 0.038 seconds
[2024-05-04T12:50:45.336+0530] {processor.py:161} INFO - Started process (PID=16843) to work on /usr/local/lib/python3.10/dist-packages/airflow/example_dags/example_complex.py
[2024-05-04T12:50:45.337+0530] {processor.py:830} INFO - Processing file /usr/local/lib/python3.10/dist-packages/airflow/example_dags/example_complex.py for tasks to queue
[2024-05-04T12:50:45.338+0530] {logging_mixin.py:188} INFO - [2024-05-04T12:50:45.338+0530] {dagbag.py:540} INFO - Filling up the DagBag from /usr/local/lib/python3.10/dist-packages/airflow/example_dags/example_complex.py
[2024-05-04T12:50:45.343+0530] {processor.py:840} INFO - DAG(s) 'example_complex' retrieved from /usr/local/lib/python3.10/dist-packages/airflow/example_dags/example_complex.py
[2024-05-04T12:50:45.353+0530] {logging_mixin.py:188} INFO - [2024-05-04T12:50:45.353+0530] {dag.py:3096} INFO - Sync 1 DAGs
[2024-05-04T12:50:45.358+0530] {logging_mixin.py:188} INFO - [2024-05-04T12:50:45.358+0530] {dag.py:3954} INFO - Setting next_dagrun for example_complex to None, run_after=None
[2024-05-04T12:50:45.367+0530] {processor.py:183} INFO - Processing /usr/local/lib/python3.10/dist-packages/airflow/example_dags/example_complex.py took 0.036 seconds
[2024-05-04T12:51:35.360+0530] {processor.py:161} INFO - Started process (PID=16974) to work on /usr/local/lib/python3.10/dist-packages/airflow/example_dags/example_complex.py
[2024-05-04T12:51:35.361+0530] {processor.py:830} INFO - Processing file /usr/local/lib/python3.10/dist-packages/airflow/example_dags/example_complex.py for tasks to queue
[2024-05-04T12:51:35.362+0530] {logging_mixin.py:188} INFO - [2024-05-04T12:51:35.362+0530] {dagbag.py:540} INFO - Filling up the DagBag from /usr/local/lib/python3.10/dist-packages/airflow/example_dags/example_complex.py
[2024-05-04T12:51:35.367+0530] {processor.py:840} INFO - DAG(s) 'example_complex' retrieved from /usr/local/lib/python3.10/dist-packages/airflow/example_dags/example_complex.py
[2024-05-04T12:51:35.376+0530] {logging_mixin.py:188} INFO - [2024-05-04T12:51:35.376+0530] {dag.py:3096} INFO - Sync 1 DAGs
[2024-05-04T12:51:35.381+0530] {logging_mixin.py:188} INFO - [2024-05-04T12:51:35.381+0530] {dag.py:3954} INFO - Setting next_dagrun for example_complex to None, run_after=None
[2024-05-04T12:51:35.390+0530] {processor.py:183} INFO - Processing /usr/local/lib/python3.10/dist-packages/airflow/example_dags/example_complex.py took 0.035 seconds
[2024-05-04T12:52:27.188+0530] {processor.py:161} INFO - Started process (PID=17112) to work on /usr/local/lib/python3.10/dist-packages/airflow/example_dags/example_complex.py
[2024-05-04T12:52:27.189+0530] {processor.py:830} INFO - Processing file /usr/local/lib/python3.10/dist-packages/airflow/example_dags/example_complex.py for tasks to queue
[2024-05-04T12:52:27.190+0530] {logging_mixin.py:188} INFO - [2024-05-04T12:52:27.190+0530] {dagbag.py:540} INFO - Filling up the DagBag from /usr/local/lib/python3.10/dist-packages/airflow/example_dags/example_complex.py
[2024-05-04T12:52:27.196+0530] {processor.py:840} INFO - DAG(s) 'example_complex' retrieved from /usr/local/lib/python3.10/dist-packages/airflow/example_dags/example_complex.py
[2024-05-04T12:52:27.206+0530] {logging_mixin.py:188} INFO - [2024-05-04T12:52:27.206+0530] {dag.py:3096} INFO - Sync 1 DAGs
[2024-05-04T12:52:27.210+0530] {logging_mixin.py:188} INFO - [2024-05-04T12:52:27.210+0530] {dag.py:3954} INFO - Setting next_dagrun for example_complex to None, run_after=None
[2024-05-04T12:52:27.220+0530] {processor.py:183} INFO - Processing /usr/local/lib/python3.10/dist-packages/airflow/example_dags/example_complex.py took 0.039 seconds
[2024-05-04T12:53:18.440+0530] {processor.py:161} INFO - Started process (PID=17247) to work on /usr/local/lib/python3.10/dist-packages/airflow/example_dags/example_complex.py
[2024-05-04T12:53:18.441+0530] {processor.py:830} INFO - Processing file /usr/local/lib/python3.10/dist-packages/airflow/example_dags/example_complex.py for tasks to queue
[2024-05-04T12:53:18.441+0530] {logging_mixin.py:188} INFO - [2024-05-04T12:53:18.441+0530] {dagbag.py:540} INFO - Filling up the DagBag from /usr/local/lib/python3.10/dist-packages/airflow/example_dags/example_complex.py
[2024-05-04T12:53:18.445+0530] {processor.py:840} INFO - DAG(s) 'example_complex' retrieved from /usr/local/lib/python3.10/dist-packages/airflow/example_dags/example_complex.py
[2024-05-04T12:53:18.455+0530] {logging_mixin.py:188} INFO - [2024-05-04T12:53:18.455+0530] {dag.py:3096} INFO - Sync 1 DAGs
[2024-05-04T12:53:18.460+0530] {logging_mixin.py:188} INFO - [2024-05-04T12:53:18.460+0530] {dag.py:3954} INFO - Setting next_dagrun for example_complex to None, run_after=None
[2024-05-04T12:53:18.469+0530] {processor.py:183} INFO - Processing /usr/local/lib/python3.10/dist-packages/airflow/example_dags/example_complex.py took 0.033 seconds
[2024-05-04T12:54:07.007+0530] {processor.py:161} INFO - Started process (PID=17393) to work on /usr/local/lib/python3.10/dist-packages/airflow/example_dags/example_complex.py
[2024-05-04T12:54:07.008+0530] {processor.py:830} INFO - Processing file /usr/local/lib/python3.10/dist-packages/airflow/example_dags/example_complex.py for tasks to queue
[2024-05-04T12:54:07.009+0530] {logging_mixin.py:188} INFO - [2024-05-04T12:54:07.008+0530] {dagbag.py:540} INFO - Filling up the DagBag from /usr/local/lib/python3.10/dist-packages/airflow/example_dags/example_complex.py
[2024-05-04T12:54:07.014+0530] {processor.py:840} INFO - DAG(s) 'example_complex' retrieved from /usr/local/lib/python3.10/dist-packages/airflow/example_dags/example_complex.py
[2024-05-04T12:54:07.024+0530] {logging_mixin.py:188} INFO - [2024-05-04T12:54:07.024+0530] {dag.py:3096} INFO - Sync 1 DAGs
[2024-05-04T12:54:07.028+0530] {logging_mixin.py:188} INFO - [2024-05-04T12:54:07.028+0530] {dag.py:3954} INFO - Setting next_dagrun for example_complex to None, run_after=None
[2024-05-04T12:54:07.038+0530] {processor.py:183} INFO - Processing /usr/local/lib/python3.10/dist-packages/airflow/example_dags/example_complex.py took 0.035 seconds
