[2024-05-04T12:09:58.639+0530] {processor.py:161} INFO - Started process (PID=7185) to work on /usr/local/lib/python3.10/dist-packages/airflow/example_dags/example_skip_dag.py
[2024-05-04T12:09:58.639+0530] {processor.py:830} INFO - Processing file /usr/local/lib/python3.10/dist-packages/airflow/example_dags/example_skip_dag.py for tasks to queue
[2024-05-04T12:09:58.640+0530] {logging_mixin.py:188} INFO - [2024-05-04T12:09:58.640+0530] {dagbag.py:540} INFO - Filling up the DagBag from /usr/local/lib/python3.10/dist-packages/airflow/example_dags/example_skip_dag.py
[2024-05-04T12:09:58.643+0530] {processor.py:840} INFO - DAG(s) 'example_skip_dag' retrieved from /usr/local/lib/python3.10/dist-packages/airflow/example_dags/example_skip_dag.py
[2024-05-04T12:09:58.652+0530] {logging_mixin.py:188} INFO - [2024-05-04T12:09:58.652+0530] {dag.py:3096} INFO - Sync 1 DAGs
[2024-05-04T12:09:58.662+0530] {logging_mixin.py:188} INFO - [2024-05-04T12:09:58.662+0530] {dag.py:3954} INFO - Setting next_dagrun for example_skip_dag to 2024-05-03 00:00:00+00:00, run_after=2024-05-04 00:00:00+00:00
[2024-05-04T12:09:58.672+0530] {processor.py:183} INFO - Processing /usr/local/lib/python3.10/dist-packages/airflow/example_dags/example_skip_dag.py took 0.038 seconds
[2024-05-04T12:10:55.224+0530] {processor.py:161} INFO - Started process (PID=7590) to work on /usr/local/lib/python3.10/dist-packages/airflow/example_dags/example_skip_dag.py
[2024-05-04T12:10:55.225+0530] {processor.py:830} INFO - Processing file /usr/local/lib/python3.10/dist-packages/airflow/example_dags/example_skip_dag.py for tasks to queue
[2024-05-04T12:10:55.226+0530] {logging_mixin.py:188} INFO - [2024-05-04T12:10:55.226+0530] {dagbag.py:540} INFO - Filling up the DagBag from /usr/local/lib/python3.10/dist-packages/airflow/example_dags/example_skip_dag.py
[2024-05-04T12:10:55.231+0530] {processor.py:840} INFO - DAG(s) 'example_skip_dag' retrieved from /usr/local/lib/python3.10/dist-packages/airflow/example_dags/example_skip_dag.py
[2024-05-04T12:10:55.245+0530] {logging_mixin.py:188} INFO - [2024-05-04T12:10:55.245+0530] {dag.py:3096} INFO - Sync 1 DAGs
[2024-05-04T12:10:55.253+0530] {logging_mixin.py:188} INFO - [2024-05-04T12:10:55.253+0530] {dag.py:3954} INFO - Setting next_dagrun for example_skip_dag to 2024-05-03 00:00:00+00:00, run_after=2024-05-04 00:00:00+00:00
[2024-05-04T12:10:55.263+0530] {processor.py:183} INFO - Processing /usr/local/lib/python3.10/dist-packages/airflow/example_dags/example_skip_dag.py took 0.047 seconds
[2024-05-04T12:11:54.180+0530] {processor.py:161} INFO - Started process (PID=8235) to work on /usr/local/lib/python3.10/dist-packages/airflow/example_dags/example_skip_dag.py
[2024-05-04T12:11:54.181+0530] {processor.py:830} INFO - Processing file /usr/local/lib/python3.10/dist-packages/airflow/example_dags/example_skip_dag.py for tasks to queue
[2024-05-04T12:11:54.182+0530] {logging_mixin.py:188} INFO - [2024-05-04T12:11:54.182+0530] {dagbag.py:540} INFO - Filling up the DagBag from /usr/local/lib/python3.10/dist-packages/airflow/example_dags/example_skip_dag.py
[2024-05-04T12:11:54.185+0530] {processor.py:840} INFO - DAG(s) 'example_skip_dag' retrieved from /usr/local/lib/python3.10/dist-packages/airflow/example_dags/example_skip_dag.py
[2024-05-04T12:11:54.191+0530] {logging_mixin.py:188} INFO - [2024-05-04T12:11:54.191+0530] {dag.py:3096} INFO - Sync 1 DAGs
[2024-05-04T12:11:54.199+0530] {logging_mixin.py:188} INFO - [2024-05-04T12:11:54.199+0530] {dag.py:3954} INFO - Setting next_dagrun for example_skip_dag to 2024-05-03 00:00:00+00:00, run_after=2024-05-04 00:00:00+00:00
[2024-05-04T12:11:54.209+0530] {processor.py:183} INFO - Processing /usr/local/lib/python3.10/dist-packages/airflow/example_dags/example_skip_dag.py took 0.033 seconds
[2024-05-04T12:12:58.972+0530] {processor.py:161} INFO - Started process (PID=8808) to work on /usr/local/lib/python3.10/dist-packages/airflow/example_dags/example_skip_dag.py
[2024-05-04T12:12:58.973+0530] {processor.py:830} INFO - Processing file /usr/local/lib/python3.10/dist-packages/airflow/example_dags/example_skip_dag.py for tasks to queue
[2024-05-04T12:12:58.973+0530] {logging_mixin.py:188} INFO - [2024-05-04T12:12:58.973+0530] {dagbag.py:540} INFO - Filling up the DagBag from /usr/local/lib/python3.10/dist-packages/airflow/example_dags/example_skip_dag.py
[2024-05-04T12:12:58.976+0530] {processor.py:840} INFO - DAG(s) 'example_skip_dag' retrieved from /usr/local/lib/python3.10/dist-packages/airflow/example_dags/example_skip_dag.py
[2024-05-04T12:12:58.982+0530] {logging_mixin.py:188} INFO - [2024-05-04T12:12:58.982+0530] {dag.py:3096} INFO - Sync 1 DAGs
[2024-05-04T12:12:58.989+0530] {logging_mixin.py:188} INFO - [2024-05-04T12:12:58.989+0530] {dag.py:3954} INFO - Setting next_dagrun for example_skip_dag to 2024-05-03 00:00:00+00:00, run_after=2024-05-04 00:00:00+00:00
[2024-05-04T12:12:58.999+0530] {processor.py:183} INFO - Processing /usr/local/lib/python3.10/dist-packages/airflow/example_dags/example_skip_dag.py took 0.032 seconds
[2024-05-04T12:13:54.350+0530] {processor.py:161} INFO - Started process (PID=9087) to work on /usr/local/lib/python3.10/dist-packages/airflow/example_dags/example_skip_dag.py
[2024-05-04T12:13:54.350+0530] {processor.py:830} INFO - Processing file /usr/local/lib/python3.10/dist-packages/airflow/example_dags/example_skip_dag.py for tasks to queue
[2024-05-04T12:13:54.351+0530] {logging_mixin.py:188} INFO - [2024-05-04T12:13:54.351+0530] {dagbag.py:540} INFO - Filling up the DagBag from /usr/local/lib/python3.10/dist-packages/airflow/example_dags/example_skip_dag.py
[2024-05-04T12:13:54.354+0530] {processor.py:840} INFO - DAG(s) 'example_skip_dag' retrieved from /usr/local/lib/python3.10/dist-packages/airflow/example_dags/example_skip_dag.py
[2024-05-04T12:13:54.360+0530] {logging_mixin.py:188} INFO - [2024-05-04T12:13:54.360+0530] {dag.py:3096} INFO - Sync 1 DAGs
[2024-05-04T12:13:54.367+0530] {logging_mixin.py:188} INFO - [2024-05-04T12:13:54.367+0530] {dag.py:3954} INFO - Setting next_dagrun for example_skip_dag to 2024-05-03 00:00:00+00:00, run_after=2024-05-04 00:00:00+00:00
[2024-05-04T12:13:54.377+0530] {processor.py:183} INFO - Processing /usr/local/lib/python3.10/dist-packages/airflow/example_dags/example_skip_dag.py took 0.033 seconds
[2024-05-04T12:14:45.800+0530] {processor.py:161} INFO - Started process (PID=9255) to work on /usr/local/lib/python3.10/dist-packages/airflow/example_dags/example_skip_dag.py
[2024-05-04T12:14:45.801+0530] {processor.py:830} INFO - Processing file /usr/local/lib/python3.10/dist-packages/airflow/example_dags/example_skip_dag.py for tasks to queue
[2024-05-04T12:14:45.803+0530] {logging_mixin.py:188} INFO - [2024-05-04T12:14:45.802+0530] {dagbag.py:540} INFO - Filling up the DagBag from /usr/local/lib/python3.10/dist-packages/airflow/example_dags/example_skip_dag.py
[2024-05-04T12:14:45.807+0530] {processor.py:840} INFO - DAG(s) 'example_skip_dag' retrieved from /usr/local/lib/python3.10/dist-packages/airflow/example_dags/example_skip_dag.py
[2024-05-04T12:14:45.813+0530] {logging_mixin.py:188} INFO - [2024-05-04T12:14:45.813+0530] {dag.py:3096} INFO - Sync 1 DAGs
[2024-05-04T12:14:45.820+0530] {logging_mixin.py:188} INFO - [2024-05-04T12:14:45.820+0530] {dag.py:3954} INFO - Setting next_dagrun for example_skip_dag to 2024-05-03 00:00:00+00:00, run_after=2024-05-04 00:00:00+00:00
[2024-05-04T12:14:45.830+0530] {processor.py:183} INFO - Processing /usr/local/lib/python3.10/dist-packages/airflow/example_dags/example_skip_dag.py took 0.039 seconds
[2024-05-04T12:15:37.039+0530] {processor.py:161} INFO - Started process (PID=9429) to work on /usr/local/lib/python3.10/dist-packages/airflow/example_dags/example_skip_dag.py
[2024-05-04T12:15:37.040+0530] {processor.py:830} INFO - Processing file /usr/local/lib/python3.10/dist-packages/airflow/example_dags/example_skip_dag.py for tasks to queue
[2024-05-04T12:15:37.040+0530] {logging_mixin.py:188} INFO - [2024-05-04T12:15:37.040+0530] {dagbag.py:540} INFO - Filling up the DagBag from /usr/local/lib/python3.10/dist-packages/airflow/example_dags/example_skip_dag.py
[2024-05-04T12:15:37.043+0530] {processor.py:840} INFO - DAG(s) 'example_skip_dag' retrieved from /usr/local/lib/python3.10/dist-packages/airflow/example_dags/example_skip_dag.py
[2024-05-04T12:15:37.049+0530] {logging_mixin.py:188} INFO - [2024-05-04T12:15:37.049+0530] {dag.py:3096} INFO - Sync 1 DAGs
[2024-05-04T12:15:37.057+0530] {logging_mixin.py:188} INFO - [2024-05-04T12:15:37.057+0530] {dag.py:3954} INFO - Setting next_dagrun for example_skip_dag to 2024-05-03 00:00:00+00:00, run_after=2024-05-04 00:00:00+00:00
[2024-05-04T12:15:37.071+0530] {processor.py:183} INFO - Processing /usr/local/lib/python3.10/dist-packages/airflow/example_dags/example_skip_dag.py took 0.038 seconds
[2024-05-04T12:16:27.423+0530] {processor.py:161} INFO - Started process (PID=9551) to work on /usr/local/lib/python3.10/dist-packages/airflow/example_dags/example_skip_dag.py
[2024-05-04T12:16:27.424+0530] {processor.py:830} INFO - Processing file /usr/local/lib/python3.10/dist-packages/airflow/example_dags/example_skip_dag.py for tasks to queue
[2024-05-04T12:16:27.425+0530] {logging_mixin.py:188} INFO - [2024-05-04T12:16:27.424+0530] {dagbag.py:540} INFO - Filling up the DagBag from /usr/local/lib/python3.10/dist-packages/airflow/example_dags/example_skip_dag.py
[2024-05-04T12:16:27.430+0530] {processor.py:840} INFO - DAG(s) 'example_skip_dag' retrieved from /usr/local/lib/python3.10/dist-packages/airflow/example_dags/example_skip_dag.py
[2024-05-04T12:16:27.438+0530] {logging_mixin.py:188} INFO - [2024-05-04T12:16:27.438+0530] {dag.py:3096} INFO - Sync 1 DAGs
[2024-05-04T12:16:27.445+0530] {logging_mixin.py:188} INFO - [2024-05-04T12:16:27.445+0530] {dag.py:3954} INFO - Setting next_dagrun for example_skip_dag to 2024-05-03 00:00:00+00:00, run_after=2024-05-04 00:00:00+00:00
[2024-05-04T12:16:27.455+0530] {processor.py:183} INFO - Processing /usr/local/lib/python3.10/dist-packages/airflow/example_dags/example_skip_dag.py took 0.037 seconds
[2024-05-04T12:17:19.173+0530] {processor.py:161} INFO - Started process (PID=9849) to work on /usr/local/lib/python3.10/dist-packages/airflow/example_dags/example_skip_dag.py
[2024-05-04T12:17:19.173+0530] {processor.py:830} INFO - Processing file /usr/local/lib/python3.10/dist-packages/airflow/example_dags/example_skip_dag.py for tasks to queue
[2024-05-04T12:17:19.174+0530] {logging_mixin.py:188} INFO - [2024-05-04T12:17:19.174+0530] {dagbag.py:540} INFO - Filling up the DagBag from /usr/local/lib/python3.10/dist-packages/airflow/example_dags/example_skip_dag.py
[2024-05-04T12:17:19.176+0530] {processor.py:840} INFO - DAG(s) 'example_skip_dag' retrieved from /usr/local/lib/python3.10/dist-packages/airflow/example_dags/example_skip_dag.py
[2024-05-04T12:17:19.183+0530] {logging_mixin.py:188} INFO - [2024-05-04T12:17:19.183+0530] {dag.py:3096} INFO - Sync 1 DAGs
[2024-05-04T12:17:19.190+0530] {logging_mixin.py:188} INFO - [2024-05-04T12:17:19.190+0530] {dag.py:3954} INFO - Setting next_dagrun for example_skip_dag to 2024-05-03 00:00:00+00:00, run_after=2024-05-04 00:00:00+00:00
[2024-05-04T12:17:19.200+0530] {processor.py:183} INFO - Processing /usr/local/lib/python3.10/dist-packages/airflow/example_dags/example_skip_dag.py took 0.033 seconds
[2024-05-04T12:18:21.849+0530] {processor.py:161} INFO - Started process (PID=10768) to work on /usr/local/lib/python3.10/dist-packages/airflow/example_dags/example_skip_dag.py
[2024-05-04T12:18:21.849+0530] {processor.py:830} INFO - Processing file /usr/local/lib/python3.10/dist-packages/airflow/example_dags/example_skip_dag.py for tasks to queue
[2024-05-04T12:18:21.851+0530] {logging_mixin.py:188} INFO - [2024-05-04T12:18:21.850+0530] {dagbag.py:540} INFO - Filling up the DagBag from /usr/local/lib/python3.10/dist-packages/airflow/example_dags/example_skip_dag.py
[2024-05-04T12:18:21.855+0530] {processor.py:840} INFO - DAG(s) 'example_skip_dag' retrieved from /usr/local/lib/python3.10/dist-packages/airflow/example_dags/example_skip_dag.py
[2024-05-04T12:18:21.861+0530] {logging_mixin.py:188} INFO - [2024-05-04T12:18:21.861+0530] {dag.py:3096} INFO - Sync 1 DAGs
[2024-05-04T12:18:21.868+0530] {logging_mixin.py:188} INFO - [2024-05-04T12:18:21.868+0530] {dag.py:3954} INFO - Setting next_dagrun for example_skip_dag to 2024-05-03 00:00:00+00:00, run_after=2024-05-04 00:00:00+00:00
[2024-05-04T12:18:21.878+0530] {processor.py:183} INFO - Processing /usr/local/lib/python3.10/dist-packages/airflow/example_dags/example_skip_dag.py took 0.037 seconds
[2024-05-04T12:19:16.710+0530] {processor.py:161} INFO - Started process (PID=10915) to work on /usr/local/lib/python3.10/dist-packages/airflow/example_dags/example_skip_dag.py
[2024-05-04T12:19:16.711+0530] {processor.py:830} INFO - Processing file /usr/local/lib/python3.10/dist-packages/airflow/example_dags/example_skip_dag.py for tasks to queue
[2024-05-04T12:19:16.713+0530] {logging_mixin.py:188} INFO - [2024-05-04T12:19:16.712+0530] {dagbag.py:540} INFO - Filling up the DagBag from /usr/local/lib/python3.10/dist-packages/airflow/example_dags/example_skip_dag.py
[2024-05-04T12:19:16.718+0530] {processor.py:840} INFO - DAG(s) 'example_skip_dag' retrieved from /usr/local/lib/python3.10/dist-packages/airflow/example_dags/example_skip_dag.py
[2024-05-04T12:19:16.725+0530] {logging_mixin.py:188} INFO - [2024-05-04T12:19:16.725+0530] {dag.py:3096} INFO - Sync 1 DAGs
[2024-05-04T12:19:16.733+0530] {logging_mixin.py:188} INFO - [2024-05-04T12:19:16.733+0530] {dag.py:3954} INFO - Setting next_dagrun for example_skip_dag to 2024-05-03 00:00:00+00:00, run_after=2024-05-04 00:00:00+00:00
[2024-05-04T12:19:16.743+0530] {processor.py:183} INFO - Processing /usr/local/lib/python3.10/dist-packages/airflow/example_dags/example_skip_dag.py took 0.035 seconds
[2024-05-04T12:20:07.937+0530] {processor.py:161} INFO - Started process (PID=11070) to work on /usr/local/lib/python3.10/dist-packages/airflow/example_dags/example_skip_dag.py
[2024-05-04T12:20:07.937+0530] {processor.py:830} INFO - Processing file /usr/local/lib/python3.10/dist-packages/airflow/example_dags/example_skip_dag.py for tasks to queue
[2024-05-04T12:20:07.938+0530] {logging_mixin.py:188} INFO - [2024-05-04T12:20:07.938+0530] {dagbag.py:540} INFO - Filling up the DagBag from /usr/local/lib/python3.10/dist-packages/airflow/example_dags/example_skip_dag.py
[2024-05-04T12:20:07.941+0530] {processor.py:840} INFO - DAG(s) 'example_skip_dag' retrieved from /usr/local/lib/python3.10/dist-packages/airflow/example_dags/example_skip_dag.py
[2024-05-04T12:20:07.947+0530] {logging_mixin.py:188} INFO - [2024-05-04T12:20:07.947+0530] {dag.py:3096} INFO - Sync 1 DAGs
[2024-05-04T12:20:07.954+0530] {logging_mixin.py:188} INFO - [2024-05-04T12:20:07.954+0530] {dag.py:3954} INFO - Setting next_dagrun for example_skip_dag to 2024-05-03 00:00:00+00:00, run_after=2024-05-04 00:00:00+00:00
[2024-05-04T12:20:07.964+0530] {processor.py:183} INFO - Processing /usr/local/lib/python3.10/dist-packages/airflow/example_dags/example_skip_dag.py took 0.032 seconds
[2024-05-04T12:20:59.941+0530] {processor.py:161} INFO - Started process (PID=11190) to work on /usr/local/lib/python3.10/dist-packages/airflow/example_dags/example_skip_dag.py
[2024-05-04T12:20:59.941+0530] {processor.py:830} INFO - Processing file /usr/local/lib/python3.10/dist-packages/airflow/example_dags/example_skip_dag.py for tasks to queue
[2024-05-04T12:20:59.942+0530] {logging_mixin.py:188} INFO - [2024-05-04T12:20:59.942+0530] {dagbag.py:540} INFO - Filling up the DagBag from /usr/local/lib/python3.10/dist-packages/airflow/example_dags/example_skip_dag.py
[2024-05-04T12:20:59.945+0530] {processor.py:840} INFO - DAG(s) 'example_skip_dag' retrieved from /usr/local/lib/python3.10/dist-packages/airflow/example_dags/example_skip_dag.py
[2024-05-04T12:20:59.951+0530] {logging_mixin.py:188} INFO - [2024-05-04T12:20:59.951+0530] {dag.py:3096} INFO - Sync 1 DAGs
[2024-05-04T12:20:59.959+0530] {logging_mixin.py:188} INFO - [2024-05-04T12:20:59.958+0530] {dag.py:3954} INFO - Setting next_dagrun for example_skip_dag to 2024-05-03 00:00:00+00:00, run_after=2024-05-04 00:00:00+00:00
[2024-05-04T12:20:59.968+0530] {processor.py:183} INFO - Processing /usr/local/lib/python3.10/dist-packages/airflow/example_dags/example_skip_dag.py took 0.031 seconds
[2024-05-04T12:21:51.672+0530] {processor.py:161} INFO - Started process (PID=11306) to work on /usr/local/lib/python3.10/dist-packages/airflow/example_dags/example_skip_dag.py
[2024-05-04T12:21:51.673+0530] {processor.py:830} INFO - Processing file /usr/local/lib/python3.10/dist-packages/airflow/example_dags/example_skip_dag.py for tasks to queue
[2024-05-04T12:21:51.674+0530] {logging_mixin.py:188} INFO - [2024-05-04T12:21:51.673+0530] {dagbag.py:540} INFO - Filling up the DagBag from /usr/local/lib/python3.10/dist-packages/airflow/example_dags/example_skip_dag.py
[2024-05-04T12:21:51.676+0530] {processor.py:840} INFO - DAG(s) 'example_skip_dag' retrieved from /usr/local/lib/python3.10/dist-packages/airflow/example_dags/example_skip_dag.py
[2024-05-04T12:21:51.682+0530] {logging_mixin.py:188} INFO - [2024-05-04T12:21:51.682+0530] {dag.py:3096} INFO - Sync 1 DAGs
[2024-05-04T12:21:51.690+0530] {logging_mixin.py:188} INFO - [2024-05-04T12:21:51.689+0530] {dag.py:3954} INFO - Setting next_dagrun for example_skip_dag to 2024-05-03 00:00:00+00:00, run_after=2024-05-04 00:00:00+00:00
[2024-05-04T12:21:51.700+0530] {processor.py:183} INFO - Processing /usr/local/lib/python3.10/dist-packages/airflow/example_dags/example_skip_dag.py took 0.030 seconds
[2024-05-04T12:22:43.560+0530] {processor.py:161} INFO - Started process (PID=11428) to work on /usr/local/lib/python3.10/dist-packages/airflow/example_dags/example_skip_dag.py
[2024-05-04T12:22:43.561+0530] {processor.py:830} INFO - Processing file /usr/local/lib/python3.10/dist-packages/airflow/example_dags/example_skip_dag.py for tasks to queue
[2024-05-04T12:22:43.562+0530] {logging_mixin.py:188} INFO - [2024-05-04T12:22:43.562+0530] {dagbag.py:540} INFO - Filling up the DagBag from /usr/local/lib/python3.10/dist-packages/airflow/example_dags/example_skip_dag.py
[2024-05-04T12:22:43.566+0530] {processor.py:840} INFO - DAG(s) 'example_skip_dag' retrieved from /usr/local/lib/python3.10/dist-packages/airflow/example_dags/example_skip_dag.py
[2024-05-04T12:22:43.572+0530] {logging_mixin.py:188} INFO - [2024-05-04T12:22:43.572+0530] {dag.py:3096} INFO - Sync 1 DAGs
[2024-05-04T12:22:43.579+0530] {logging_mixin.py:188} INFO - [2024-05-04T12:22:43.579+0530] {dag.py:3954} INFO - Setting next_dagrun for example_skip_dag to 2024-05-03 00:00:00+00:00, run_after=2024-05-04 00:00:00+00:00
[2024-05-04T12:22:43.589+0530] {processor.py:183} INFO - Processing /usr/local/lib/python3.10/dist-packages/airflow/example_dags/example_skip_dag.py took 0.035 seconds
[2024-05-04T12:23:34.707+0530] {processor.py:161} INFO - Started process (PID=11557) to work on /usr/local/lib/python3.10/dist-packages/airflow/example_dags/example_skip_dag.py
[2024-05-04T12:23:34.707+0530] {processor.py:830} INFO - Processing file /usr/local/lib/python3.10/dist-packages/airflow/example_dags/example_skip_dag.py for tasks to queue
[2024-05-04T12:23:34.708+0530] {logging_mixin.py:188} INFO - [2024-05-04T12:23:34.708+0530] {dagbag.py:540} INFO - Filling up the DagBag from /usr/local/lib/python3.10/dist-packages/airflow/example_dags/example_skip_dag.py
[2024-05-04T12:23:34.711+0530] {processor.py:840} INFO - DAG(s) 'example_skip_dag' retrieved from /usr/local/lib/python3.10/dist-packages/airflow/example_dags/example_skip_dag.py
[2024-05-04T12:23:34.720+0530] {logging_mixin.py:188} INFO - [2024-05-04T12:23:34.720+0530] {dag.py:3096} INFO - Sync 1 DAGs
[2024-05-04T12:23:34.727+0530] {logging_mixin.py:188} INFO - [2024-05-04T12:23:34.727+0530] {dag.py:3954} INFO - Setting next_dagrun for example_skip_dag to 2024-05-03 00:00:00+00:00, run_after=2024-05-04 00:00:00+00:00
[2024-05-04T12:23:34.737+0530] {processor.py:183} INFO - Processing /usr/local/lib/python3.10/dist-packages/airflow/example_dags/example_skip_dag.py took 0.036 seconds
[2024-05-04T12:24:24.992+0530] {processor.py:161} INFO - Started process (PID=11753) to work on /usr/local/lib/python3.10/dist-packages/airflow/example_dags/example_skip_dag.py
[2024-05-04T12:24:24.993+0530] {processor.py:830} INFO - Processing file /usr/local/lib/python3.10/dist-packages/airflow/example_dags/example_skip_dag.py for tasks to queue
[2024-05-04T12:24:24.994+0530] {logging_mixin.py:188} INFO - [2024-05-04T12:24:24.994+0530] {dagbag.py:540} INFO - Filling up the DagBag from /usr/local/lib/python3.10/dist-packages/airflow/example_dags/example_skip_dag.py
[2024-05-04T12:24:24.998+0530] {processor.py:840} INFO - DAG(s) 'example_skip_dag' retrieved from /usr/local/lib/python3.10/dist-packages/airflow/example_dags/example_skip_dag.py
[2024-05-04T12:24:25.005+0530] {logging_mixin.py:188} INFO - [2024-05-04T12:24:25.004+0530] {dag.py:3096} INFO - Sync 1 DAGs
[2024-05-04T12:24:25.015+0530] {logging_mixin.py:188} INFO - [2024-05-04T12:24:25.015+0530] {dag.py:3954} INFO - Setting next_dagrun for example_skip_dag to 2024-05-03 00:00:00+00:00, run_after=2024-05-04 00:00:00+00:00
[2024-05-04T12:24:25.028+0530] {processor.py:183} INFO - Processing /usr/local/lib/python3.10/dist-packages/airflow/example_dags/example_skip_dag.py took 0.040 seconds
[2024-05-04T12:25:14.995+0530] {processor.py:161} INFO - Started process (PID=11933) to work on /usr/local/lib/python3.10/dist-packages/airflow/example_dags/example_skip_dag.py
[2024-05-04T12:25:14.996+0530] {processor.py:830} INFO - Processing file /usr/local/lib/python3.10/dist-packages/airflow/example_dags/example_skip_dag.py for tasks to queue
[2024-05-04T12:25:14.997+0530] {logging_mixin.py:188} INFO - [2024-05-04T12:25:14.996+0530] {dagbag.py:540} INFO - Filling up the DagBag from /usr/local/lib/python3.10/dist-packages/airflow/example_dags/example_skip_dag.py
[2024-05-04T12:25:14.999+0530] {processor.py:840} INFO - DAG(s) 'example_skip_dag' retrieved from /usr/local/lib/python3.10/dist-packages/airflow/example_dags/example_skip_dag.py
[2024-05-04T12:25:15.005+0530] {logging_mixin.py:188} INFO - [2024-05-04T12:25:15.005+0530] {dag.py:3096} INFO - Sync 1 DAGs
[2024-05-04T12:25:15.013+0530] {logging_mixin.py:188} INFO - [2024-05-04T12:25:15.013+0530] {dag.py:3954} INFO - Setting next_dagrun for example_skip_dag to 2024-05-03 00:00:00+00:00, run_after=2024-05-04 00:00:00+00:00
[2024-05-04T12:25:15.023+0530] {processor.py:183} INFO - Processing /usr/local/lib/python3.10/dist-packages/airflow/example_dags/example_skip_dag.py took 0.033 seconds
[2024-05-04T12:26:05.202+0530] {processor.py:161} INFO - Started process (PID=12062) to work on /usr/local/lib/python3.10/dist-packages/airflow/example_dags/example_skip_dag.py
[2024-05-04T12:26:05.202+0530] {processor.py:830} INFO - Processing file /usr/local/lib/python3.10/dist-packages/airflow/example_dags/example_skip_dag.py for tasks to queue
[2024-05-04T12:26:05.204+0530] {logging_mixin.py:188} INFO - [2024-05-04T12:26:05.203+0530] {dagbag.py:540} INFO - Filling up the DagBag from /usr/local/lib/python3.10/dist-packages/airflow/example_dags/example_skip_dag.py
[2024-05-04T12:26:05.210+0530] {processor.py:840} INFO - DAG(s) 'example_skip_dag' retrieved from /usr/local/lib/python3.10/dist-packages/airflow/example_dags/example_skip_dag.py
[2024-05-04T12:26:05.217+0530] {logging_mixin.py:188} INFO - [2024-05-04T12:26:05.217+0530] {dag.py:3096} INFO - Sync 1 DAGs
[2024-05-04T12:26:05.224+0530] {logging_mixin.py:188} INFO - [2024-05-04T12:26:05.224+0530] {dag.py:3954} INFO - Setting next_dagrun for example_skip_dag to 2024-05-03 00:00:00+00:00, run_after=2024-05-04 00:00:00+00:00
[2024-05-04T12:26:05.234+0530] {processor.py:183} INFO - Processing /usr/local/lib/python3.10/dist-packages/airflow/example_dags/example_skip_dag.py took 0.038 seconds
[2024-05-04T12:26:57.033+0530] {processor.py:161} INFO - Started process (PID=12189) to work on /usr/local/lib/python3.10/dist-packages/airflow/example_dags/example_skip_dag.py
[2024-05-04T12:26:57.033+0530] {processor.py:830} INFO - Processing file /usr/local/lib/python3.10/dist-packages/airflow/example_dags/example_skip_dag.py for tasks to queue
[2024-05-04T12:26:57.034+0530] {logging_mixin.py:188} INFO - [2024-05-04T12:26:57.034+0530] {dagbag.py:540} INFO - Filling up the DagBag from /usr/local/lib/python3.10/dist-packages/airflow/example_dags/example_skip_dag.py
[2024-05-04T12:26:57.040+0530] {processor.py:840} INFO - DAG(s) 'example_skip_dag' retrieved from /usr/local/lib/python3.10/dist-packages/airflow/example_dags/example_skip_dag.py
[2024-05-04T12:26:57.047+0530] {logging_mixin.py:188} INFO - [2024-05-04T12:26:57.047+0530] {dag.py:3096} INFO - Sync 1 DAGs
[2024-05-04T12:26:57.055+0530] {logging_mixin.py:188} INFO - [2024-05-04T12:26:57.055+0530] {dag.py:3954} INFO - Setting next_dagrun for example_skip_dag to 2024-05-03 00:00:00+00:00, run_after=2024-05-04 00:00:00+00:00
[2024-05-04T12:26:57.065+0530] {processor.py:183} INFO - Processing /usr/local/lib/python3.10/dist-packages/airflow/example_dags/example_skip_dag.py took 0.036 seconds
[2024-05-04T12:27:46.902+0530] {processor.py:161} INFO - Started process (PID=12309) to work on /usr/local/lib/python3.10/dist-packages/airflow/example_dags/example_skip_dag.py
[2024-05-04T12:27:46.903+0530] {processor.py:830} INFO - Processing file /usr/local/lib/python3.10/dist-packages/airflow/example_dags/example_skip_dag.py for tasks to queue
[2024-05-04T12:27:46.904+0530] {logging_mixin.py:188} INFO - [2024-05-04T12:27:46.904+0530] {dagbag.py:540} INFO - Filling up the DagBag from /usr/local/lib/python3.10/dist-packages/airflow/example_dags/example_skip_dag.py
[2024-05-04T12:27:46.910+0530] {processor.py:840} INFO - DAG(s) 'example_skip_dag' retrieved from /usr/local/lib/python3.10/dist-packages/airflow/example_dags/example_skip_dag.py
[2024-05-04T12:27:46.917+0530] {logging_mixin.py:188} INFO - [2024-05-04T12:27:46.917+0530] {dag.py:3096} INFO - Sync 1 DAGs
[2024-05-04T12:27:46.924+0530] {logging_mixin.py:188} INFO - [2024-05-04T12:27:46.924+0530] {dag.py:3954} INFO - Setting next_dagrun for example_skip_dag to 2024-05-03 00:00:00+00:00, run_after=2024-05-04 00:00:00+00:00
[2024-05-04T12:27:46.934+0530] {processor.py:183} INFO - Processing /usr/local/lib/python3.10/dist-packages/airflow/example_dags/example_skip_dag.py took 0.038 seconds
[2024-05-04T12:28:37.100+0530] {processor.py:161} INFO - Started process (PID=12434) to work on /usr/local/lib/python3.10/dist-packages/airflow/example_dags/example_skip_dag.py
[2024-05-04T12:28:37.100+0530] {processor.py:830} INFO - Processing file /usr/local/lib/python3.10/dist-packages/airflow/example_dags/example_skip_dag.py for tasks to queue
[2024-05-04T12:28:37.101+0530] {logging_mixin.py:188} INFO - [2024-05-04T12:28:37.101+0530] {dagbag.py:540} INFO - Filling up the DagBag from /usr/local/lib/python3.10/dist-packages/airflow/example_dags/example_skip_dag.py
[2024-05-04T12:28:37.104+0530] {processor.py:840} INFO - DAG(s) 'example_skip_dag' retrieved from /usr/local/lib/python3.10/dist-packages/airflow/example_dags/example_skip_dag.py
[2024-05-04T12:28:37.110+0530] {logging_mixin.py:188} INFO - [2024-05-04T12:28:37.110+0530] {dag.py:3096} INFO - Sync 1 DAGs
[2024-05-04T12:28:37.117+0530] {logging_mixin.py:188} INFO - [2024-05-04T12:28:37.117+0530] {dag.py:3954} INFO - Setting next_dagrun for example_skip_dag to 2024-05-03 00:00:00+00:00, run_after=2024-05-04 00:00:00+00:00
[2024-05-04T12:28:37.128+0530] {processor.py:183} INFO - Processing /usr/local/lib/python3.10/dist-packages/airflow/example_dags/example_skip_dag.py took 0.030 seconds
[2024-05-04T12:29:24.930+0530] {processor.py:161} INFO - Started process (PID=12553) to work on /usr/local/lib/python3.10/dist-packages/airflow/example_dags/example_skip_dag.py
[2024-05-04T12:29:24.931+0530] {processor.py:830} INFO - Processing file /usr/local/lib/python3.10/dist-packages/airflow/example_dags/example_skip_dag.py for tasks to queue
[2024-05-04T12:29:24.932+0530] {logging_mixin.py:188} INFO - [2024-05-04T12:29:24.932+0530] {dagbag.py:540} INFO - Filling up the DagBag from /usr/local/lib/python3.10/dist-packages/airflow/example_dags/example_skip_dag.py
[2024-05-04T12:29:24.935+0530] {processor.py:840} INFO - DAG(s) 'example_skip_dag' retrieved from /usr/local/lib/python3.10/dist-packages/airflow/example_dags/example_skip_dag.py
[2024-05-04T12:29:24.942+0530] {logging_mixin.py:188} INFO - [2024-05-04T12:29:24.942+0530] {dag.py:3096} INFO - Sync 1 DAGs
[2024-05-04T12:29:24.949+0530] {logging_mixin.py:188} INFO - [2024-05-04T12:29:24.949+0530] {dag.py:3954} INFO - Setting next_dagrun for example_skip_dag to 2024-05-03 00:00:00+00:00, run_after=2024-05-04 00:00:00+00:00
[2024-05-04T12:29:24.959+0530] {processor.py:183} INFO - Processing /usr/local/lib/python3.10/dist-packages/airflow/example_dags/example_skip_dag.py took 0.033 seconds
[2024-05-04T12:30:12.959+0530] {processor.py:161} INFO - Started process (PID=12705) to work on /usr/local/lib/python3.10/dist-packages/airflow/example_dags/example_skip_dag.py
[2024-05-04T12:30:12.960+0530] {processor.py:830} INFO - Processing file /usr/local/lib/python3.10/dist-packages/airflow/example_dags/example_skip_dag.py for tasks to queue
[2024-05-04T12:30:12.961+0530] {logging_mixin.py:188} INFO - [2024-05-04T12:30:12.961+0530] {dagbag.py:540} INFO - Filling up the DagBag from /usr/local/lib/python3.10/dist-packages/airflow/example_dags/example_skip_dag.py
[2024-05-04T12:30:12.965+0530] {processor.py:840} INFO - DAG(s) 'example_skip_dag' retrieved from /usr/local/lib/python3.10/dist-packages/airflow/example_dags/example_skip_dag.py
[2024-05-04T12:30:12.971+0530] {logging_mixin.py:188} INFO - [2024-05-04T12:30:12.971+0530] {dag.py:3096} INFO - Sync 1 DAGs
[2024-05-04T12:30:12.979+0530] {logging_mixin.py:188} INFO - [2024-05-04T12:30:12.979+0530] {dag.py:3954} INFO - Setting next_dagrun for example_skip_dag to 2024-05-03 00:00:00+00:00, run_after=2024-05-04 00:00:00+00:00
[2024-05-04T12:30:12.989+0530] {processor.py:183} INFO - Processing /usr/local/lib/python3.10/dist-packages/airflow/example_dags/example_skip_dag.py took 0.035 seconds
[2024-05-04T12:31:04.107+0530] {processor.py:161} INFO - Started process (PID=12855) to work on /usr/local/lib/python3.10/dist-packages/airflow/example_dags/example_skip_dag.py
[2024-05-04T12:31:04.108+0530] {processor.py:830} INFO - Processing file /usr/local/lib/python3.10/dist-packages/airflow/example_dags/example_skip_dag.py for tasks to queue
[2024-05-04T12:31:04.110+0530] {logging_mixin.py:188} INFO - [2024-05-04T12:31:04.109+0530] {dagbag.py:540} INFO - Filling up the DagBag from /usr/local/lib/python3.10/dist-packages/airflow/example_dags/example_skip_dag.py
[2024-05-04T12:31:04.114+0530] {processor.py:840} INFO - DAG(s) 'example_skip_dag' retrieved from /usr/local/lib/python3.10/dist-packages/airflow/example_dags/example_skip_dag.py
[2024-05-04T12:31:04.121+0530] {logging_mixin.py:188} INFO - [2024-05-04T12:31:04.121+0530] {dag.py:3096} INFO - Sync 1 DAGs
[2024-05-04T12:31:04.128+0530] {logging_mixin.py:188} INFO - [2024-05-04T12:31:04.128+0530] {dag.py:3954} INFO - Setting next_dagrun for example_skip_dag to 2024-05-03 00:00:00+00:00, run_after=2024-05-04 00:00:00+00:00
[2024-05-04T12:31:04.138+0530] {processor.py:183} INFO - Processing /usr/local/lib/python3.10/dist-packages/airflow/example_dags/example_skip_dag.py took 0.039 seconds
[2024-05-04T12:31:57.212+0530] {processor.py:161} INFO - Started process (PID=12984) to work on /usr/local/lib/python3.10/dist-packages/airflow/example_dags/example_skip_dag.py
[2024-05-04T12:31:57.212+0530] {processor.py:830} INFO - Processing file /usr/local/lib/python3.10/dist-packages/airflow/example_dags/example_skip_dag.py for tasks to queue
[2024-05-04T12:31:57.214+0530] {logging_mixin.py:188} INFO - [2024-05-04T12:31:57.213+0530] {dagbag.py:540} INFO - Filling up the DagBag from /usr/local/lib/python3.10/dist-packages/airflow/example_dags/example_skip_dag.py
[2024-05-04T12:31:57.217+0530] {processor.py:840} INFO - DAG(s) 'example_skip_dag' retrieved from /usr/local/lib/python3.10/dist-packages/airflow/example_dags/example_skip_dag.py
[2024-05-04T12:31:57.224+0530] {logging_mixin.py:188} INFO - [2024-05-04T12:31:57.223+0530] {dag.py:3096} INFO - Sync 1 DAGs
[2024-05-04T12:31:57.231+0530] {logging_mixin.py:188} INFO - [2024-05-04T12:31:57.231+0530] {dag.py:3954} INFO - Setting next_dagrun for example_skip_dag to 2024-05-03 00:00:00+00:00, run_after=2024-05-04 00:00:00+00:00
[2024-05-04T12:31:57.240+0530] {processor.py:183} INFO - Processing /usr/local/lib/python3.10/dist-packages/airflow/example_dags/example_skip_dag.py took 0.035 seconds
[2024-05-04T12:32:45.882+0530] {processor.py:161} INFO - Started process (PID=13110) to work on /usr/local/lib/python3.10/dist-packages/airflow/example_dags/example_skip_dag.py
[2024-05-04T12:32:45.882+0530] {processor.py:830} INFO - Processing file /usr/local/lib/python3.10/dist-packages/airflow/example_dags/example_skip_dag.py for tasks to queue
[2024-05-04T12:32:45.883+0530] {logging_mixin.py:188} INFO - [2024-05-04T12:32:45.883+0530] {dagbag.py:540} INFO - Filling up the DagBag from /usr/local/lib/python3.10/dist-packages/airflow/example_dags/example_skip_dag.py
[2024-05-04T12:32:45.887+0530] {processor.py:840} INFO - DAG(s) 'example_skip_dag' retrieved from /usr/local/lib/python3.10/dist-packages/airflow/example_dags/example_skip_dag.py
[2024-05-04T12:32:45.895+0530] {logging_mixin.py:188} INFO - [2024-05-04T12:32:45.894+0530] {dag.py:3096} INFO - Sync 1 DAGs
[2024-05-04T12:32:45.902+0530] {logging_mixin.py:188} INFO - [2024-05-04T12:32:45.902+0530] {dag.py:3954} INFO - Setting next_dagrun for example_skip_dag to 2024-05-03 00:00:00+00:00, run_after=2024-05-04 00:00:00+00:00
[2024-05-04T12:32:45.912+0530] {processor.py:183} INFO - Processing /usr/local/lib/python3.10/dist-packages/airflow/example_dags/example_skip_dag.py took 0.035 seconds
[2024-05-04T12:33:38.591+0530] {processor.py:161} INFO - Started process (PID=13274) to work on /usr/local/lib/python3.10/dist-packages/airflow/example_dags/example_skip_dag.py
[2024-05-04T12:33:38.592+0530] {processor.py:830} INFO - Processing file /usr/local/lib/python3.10/dist-packages/airflow/example_dags/example_skip_dag.py for tasks to queue
[2024-05-04T12:33:38.592+0530] {logging_mixin.py:188} INFO - [2024-05-04T12:33:38.592+0530] {dagbag.py:540} INFO - Filling up the DagBag from /usr/local/lib/python3.10/dist-packages/airflow/example_dags/example_skip_dag.py
[2024-05-04T12:33:38.595+0530] {processor.py:840} INFO - DAG(s) 'example_skip_dag' retrieved from /usr/local/lib/python3.10/dist-packages/airflow/example_dags/example_skip_dag.py
[2024-05-04T12:33:38.602+0530] {logging_mixin.py:188} INFO - [2024-05-04T12:33:38.602+0530] {dag.py:3096} INFO - Sync 1 DAGs
[2024-05-04T12:33:38.609+0530] {logging_mixin.py:188} INFO - [2024-05-04T12:33:38.609+0530] {dag.py:3954} INFO - Setting next_dagrun for example_skip_dag to 2024-05-03 00:00:00+00:00, run_after=2024-05-04 00:00:00+00:00
[2024-05-04T12:33:38.620+0530] {processor.py:183} INFO - Processing /usr/local/lib/python3.10/dist-packages/airflow/example_dags/example_skip_dag.py took 0.033 seconds
[2024-05-04T12:34:30.509+0530] {processor.py:161} INFO - Started process (PID=13429) to work on /usr/local/lib/python3.10/dist-packages/airflow/example_dags/example_skip_dag.py
[2024-05-04T12:34:30.511+0530] {processor.py:830} INFO - Processing file /usr/local/lib/python3.10/dist-packages/airflow/example_dags/example_skip_dag.py for tasks to queue
[2024-05-04T12:34:30.513+0530] {logging_mixin.py:188} INFO - [2024-05-04T12:34:30.513+0530] {dagbag.py:540} INFO - Filling up the DagBag from /usr/local/lib/python3.10/dist-packages/airflow/example_dags/example_skip_dag.py
[2024-05-04T12:34:30.520+0530] {processor.py:840} INFO - DAG(s) 'example_skip_dag' retrieved from /usr/local/lib/python3.10/dist-packages/airflow/example_dags/example_skip_dag.py
[2024-05-04T12:34:30.527+0530] {logging_mixin.py:188} INFO - [2024-05-04T12:34:30.527+0530] {dag.py:3096} INFO - Sync 1 DAGs
[2024-05-04T12:34:30.534+0530] {logging_mixin.py:188} INFO - [2024-05-04T12:34:30.534+0530] {dag.py:3954} INFO - Setting next_dagrun for example_skip_dag to 2024-05-03 00:00:00+00:00, run_after=2024-05-04 00:00:00+00:00
[2024-05-04T12:34:30.544+0530] {processor.py:183} INFO - Processing /usr/local/lib/python3.10/dist-packages/airflow/example_dags/example_skip_dag.py took 0.047 seconds
[2024-05-04T12:35:23.100+0530] {processor.py:161} INFO - Started process (PID=13618) to work on /usr/local/lib/python3.10/dist-packages/airflow/example_dags/example_skip_dag.py
[2024-05-04T12:35:23.100+0530] {processor.py:830} INFO - Processing file /usr/local/lib/python3.10/dist-packages/airflow/example_dags/example_skip_dag.py for tasks to queue
[2024-05-04T12:35:23.101+0530] {logging_mixin.py:188} INFO - [2024-05-04T12:35:23.101+0530] {dagbag.py:540} INFO - Filling up the DagBag from /usr/local/lib/python3.10/dist-packages/airflow/example_dags/example_skip_dag.py
[2024-05-04T12:35:23.107+0530] {processor.py:840} INFO - DAG(s) 'example_skip_dag' retrieved from /usr/local/lib/python3.10/dist-packages/airflow/example_dags/example_skip_dag.py
[2024-05-04T12:35:23.114+0530] {logging_mixin.py:188} INFO - [2024-05-04T12:35:23.114+0530] {dag.py:3096} INFO - Sync 1 DAGs
[2024-05-04T12:35:23.122+0530] {logging_mixin.py:188} INFO - [2024-05-04T12:35:23.122+0530] {dag.py:3954} INFO - Setting next_dagrun for example_skip_dag to 2024-05-03 00:00:00+00:00, run_after=2024-05-04 00:00:00+00:00
[2024-05-04T12:35:23.132+0530] {processor.py:183} INFO - Processing /usr/local/lib/python3.10/dist-packages/airflow/example_dags/example_skip_dag.py took 0.038 seconds
[2024-05-04T12:36:12.856+0530] {processor.py:161} INFO - Started process (PID=13737) to work on /usr/local/lib/python3.10/dist-packages/airflow/example_dags/example_skip_dag.py
[2024-05-04T12:36:12.856+0530] {processor.py:830} INFO - Processing file /usr/local/lib/python3.10/dist-packages/airflow/example_dags/example_skip_dag.py for tasks to queue
[2024-05-04T12:36:12.857+0530] {logging_mixin.py:188} INFO - [2024-05-04T12:36:12.857+0530] {dagbag.py:540} INFO - Filling up the DagBag from /usr/local/lib/python3.10/dist-packages/airflow/example_dags/example_skip_dag.py
[2024-05-04T12:36:12.863+0530] {processor.py:840} INFO - DAG(s) 'example_skip_dag' retrieved from /usr/local/lib/python3.10/dist-packages/airflow/example_dags/example_skip_dag.py
[2024-05-04T12:36:12.870+0530] {logging_mixin.py:188} INFO - [2024-05-04T12:36:12.870+0530] {dag.py:3096} INFO - Sync 1 DAGs
[2024-05-04T12:36:12.878+0530] {logging_mixin.py:188} INFO - [2024-05-04T12:36:12.877+0530] {dag.py:3954} INFO - Setting next_dagrun for example_skip_dag to 2024-05-03 00:00:00+00:00, run_after=2024-05-04 00:00:00+00:00
[2024-05-04T12:36:12.888+0530] {processor.py:183} INFO - Processing /usr/local/lib/python3.10/dist-packages/airflow/example_dags/example_skip_dag.py took 0.035 seconds
[2024-05-04T12:37:02.596+0530] {processor.py:161} INFO - Started process (PID=13857) to work on /usr/local/lib/python3.10/dist-packages/airflow/example_dags/example_skip_dag.py
[2024-05-04T12:37:02.596+0530] {processor.py:830} INFO - Processing file /usr/local/lib/python3.10/dist-packages/airflow/example_dags/example_skip_dag.py for tasks to queue
[2024-05-04T12:37:02.598+0530] {logging_mixin.py:188} INFO - [2024-05-04T12:37:02.597+0530] {dagbag.py:540} INFO - Filling up the DagBag from /usr/local/lib/python3.10/dist-packages/airflow/example_dags/example_skip_dag.py
[2024-05-04T12:37:02.603+0530] {processor.py:840} INFO - DAG(s) 'example_skip_dag' retrieved from /usr/local/lib/python3.10/dist-packages/airflow/example_dags/example_skip_dag.py
[2024-05-04T12:37:02.611+0530] {logging_mixin.py:188} INFO - [2024-05-04T12:37:02.610+0530] {dag.py:3096} INFO - Sync 1 DAGs
[2024-05-04T12:37:02.618+0530] {logging_mixin.py:188} INFO - [2024-05-04T12:37:02.618+0530] {dag.py:3954} INFO - Setting next_dagrun for example_skip_dag to 2024-05-03 00:00:00+00:00, run_after=2024-05-04 00:00:00+00:00
[2024-05-04T12:37:02.629+0530] {processor.py:183} INFO - Processing /usr/local/lib/python3.10/dist-packages/airflow/example_dags/example_skip_dag.py took 0.039 seconds
[2024-05-04T12:37:55.546+0530] {processor.py:161} INFO - Started process (PID=13985) to work on /usr/local/lib/python3.10/dist-packages/airflow/example_dags/example_skip_dag.py
[2024-05-04T12:37:55.546+0530] {processor.py:830} INFO - Processing file /usr/local/lib/python3.10/dist-packages/airflow/example_dags/example_skip_dag.py for tasks to queue
[2024-05-04T12:37:55.548+0530] {logging_mixin.py:188} INFO - [2024-05-04T12:37:55.547+0530] {dagbag.py:540} INFO - Filling up the DagBag from /usr/local/lib/python3.10/dist-packages/airflow/example_dags/example_skip_dag.py
[2024-05-04T12:37:55.553+0530] {processor.py:840} INFO - DAG(s) 'example_skip_dag' retrieved from /usr/local/lib/python3.10/dist-packages/airflow/example_dags/example_skip_dag.py
[2024-05-04T12:37:55.560+0530] {logging_mixin.py:188} INFO - [2024-05-04T12:37:55.560+0530] {dag.py:3096} INFO - Sync 1 DAGs
[2024-05-04T12:37:55.568+0530] {logging_mixin.py:188} INFO - [2024-05-04T12:37:55.568+0530] {dag.py:3954} INFO - Setting next_dagrun for example_skip_dag to 2024-05-03 00:00:00+00:00, run_after=2024-05-04 00:00:00+00:00
[2024-05-04T12:37:55.578+0530] {processor.py:183} INFO - Processing /usr/local/lib/python3.10/dist-packages/airflow/example_dags/example_skip_dag.py took 0.034 seconds
[2024-05-04T12:38:48.312+0530] {processor.py:161} INFO - Started process (PID=14140) to work on /usr/local/lib/python3.10/dist-packages/airflow/example_dags/example_skip_dag.py
[2024-05-04T12:38:48.313+0530] {processor.py:830} INFO - Processing file /usr/local/lib/python3.10/dist-packages/airflow/example_dags/example_skip_dag.py for tasks to queue
[2024-05-04T12:38:48.313+0530] {logging_mixin.py:188} INFO - [2024-05-04T12:38:48.313+0530] {dagbag.py:540} INFO - Filling up the DagBag from /usr/local/lib/python3.10/dist-packages/airflow/example_dags/example_skip_dag.py
[2024-05-04T12:38:48.316+0530] {processor.py:840} INFO - DAG(s) 'example_skip_dag' retrieved from /usr/local/lib/python3.10/dist-packages/airflow/example_dags/example_skip_dag.py
[2024-05-04T12:38:48.323+0530] {logging_mixin.py:188} INFO - [2024-05-04T12:38:48.323+0530] {dag.py:3096} INFO - Sync 1 DAGs
[2024-05-04T12:38:48.330+0530] {logging_mixin.py:188} INFO - [2024-05-04T12:38:48.330+0530] {dag.py:3954} INFO - Setting next_dagrun for example_skip_dag to 2024-05-03 00:00:00+00:00, run_after=2024-05-04 00:00:00+00:00
[2024-05-04T12:38:48.341+0530] {processor.py:183} INFO - Processing /usr/local/lib/python3.10/dist-packages/airflow/example_dags/example_skip_dag.py took 0.033 seconds
[2024-05-04T12:39:41.723+0530] {processor.py:161} INFO - Started process (PID=14401) to work on /usr/local/lib/python3.10/dist-packages/airflow/example_dags/example_skip_dag.py
[2024-05-04T12:39:41.723+0530] {processor.py:830} INFO - Processing file /usr/local/lib/python3.10/dist-packages/airflow/example_dags/example_skip_dag.py for tasks to queue
[2024-05-04T12:39:41.724+0530] {logging_mixin.py:188} INFO - [2024-05-04T12:39:41.724+0530] {dagbag.py:540} INFO - Filling up the DagBag from /usr/local/lib/python3.10/dist-packages/airflow/example_dags/example_skip_dag.py
[2024-05-04T12:39:41.727+0530] {processor.py:840} INFO - DAG(s) 'example_skip_dag' retrieved from /usr/local/lib/python3.10/dist-packages/airflow/example_dags/example_skip_dag.py
[2024-05-04T12:39:41.735+0530] {logging_mixin.py:188} INFO - [2024-05-04T12:39:41.735+0530] {dag.py:3096} INFO - Sync 1 DAGs
[2024-05-04T12:39:41.745+0530] {logging_mixin.py:188} INFO - [2024-05-04T12:39:41.745+0530] {dag.py:3954} INFO - Setting next_dagrun for example_skip_dag to 2024-05-03 00:00:00+00:00, run_after=2024-05-04 00:00:00+00:00
[2024-05-04T12:39:41.755+0530] {processor.py:183} INFO - Processing /usr/local/lib/python3.10/dist-packages/airflow/example_dags/example_skip_dag.py took 0.038 seconds
[2024-05-04T12:40:30.856+0530] {processor.py:161} INFO - Started process (PID=14597) to work on /usr/local/lib/python3.10/dist-packages/airflow/example_dags/example_skip_dag.py
[2024-05-04T12:40:30.857+0530] {processor.py:830} INFO - Processing file /usr/local/lib/python3.10/dist-packages/airflow/example_dags/example_skip_dag.py for tasks to queue
[2024-05-04T12:40:30.858+0530] {logging_mixin.py:188} INFO - [2024-05-04T12:40:30.858+0530] {dagbag.py:540} INFO - Filling up the DagBag from /usr/local/lib/python3.10/dist-packages/airflow/example_dags/example_skip_dag.py
[2024-05-04T12:40:30.862+0530] {processor.py:840} INFO - DAG(s) 'example_skip_dag' retrieved from /usr/local/lib/python3.10/dist-packages/airflow/example_dags/example_skip_dag.py
[2024-05-04T12:40:30.868+0530] {logging_mixin.py:188} INFO - [2024-05-04T12:40:30.868+0530] {dag.py:3096} INFO - Sync 1 DAGs
[2024-05-04T12:40:30.876+0530] {logging_mixin.py:188} INFO - [2024-05-04T12:40:30.876+0530] {dag.py:3954} INFO - Setting next_dagrun for example_skip_dag to 2024-05-03 00:00:00+00:00, run_after=2024-05-04 00:00:00+00:00
[2024-05-04T12:40:30.886+0530] {processor.py:183} INFO - Processing /usr/local/lib/python3.10/dist-packages/airflow/example_dags/example_skip_dag.py took 0.039 seconds
[2024-05-04T12:41:23.668+0530] {processor.py:161} INFO - Started process (PID=14769) to work on /usr/local/lib/python3.10/dist-packages/airflow/example_dags/example_skip_dag.py
[2024-05-04T12:41:23.669+0530] {processor.py:830} INFO - Processing file /usr/local/lib/python3.10/dist-packages/airflow/example_dags/example_skip_dag.py for tasks to queue
[2024-05-04T12:41:23.670+0530] {logging_mixin.py:188} INFO - [2024-05-04T12:41:23.670+0530] {dagbag.py:540} INFO - Filling up the DagBag from /usr/local/lib/python3.10/dist-packages/airflow/example_dags/example_skip_dag.py
[2024-05-04T12:41:23.674+0530] {processor.py:840} INFO - DAG(s) 'example_skip_dag' retrieved from /usr/local/lib/python3.10/dist-packages/airflow/example_dags/example_skip_dag.py
[2024-05-04T12:41:23.681+0530] {logging_mixin.py:188} INFO - [2024-05-04T12:41:23.680+0530] {dag.py:3096} INFO - Sync 1 DAGs
[2024-05-04T12:41:23.688+0530] {logging_mixin.py:188} INFO - [2024-05-04T12:41:23.688+0530] {dag.py:3954} INFO - Setting next_dagrun for example_skip_dag to 2024-05-03 00:00:00+00:00, run_after=2024-05-04 00:00:00+00:00
[2024-05-04T12:41:23.698+0530] {processor.py:183} INFO - Processing /usr/local/lib/python3.10/dist-packages/airflow/example_dags/example_skip_dag.py took 0.037 seconds
[2024-05-04T12:42:13.456+0530] {processor.py:161} INFO - Started process (PID=14941) to work on /usr/local/lib/python3.10/dist-packages/airflow/example_dags/example_skip_dag.py
[2024-05-04T12:42:13.457+0530] {processor.py:830} INFO - Processing file /usr/local/lib/python3.10/dist-packages/airflow/example_dags/example_skip_dag.py for tasks to queue
[2024-05-04T12:42:13.457+0530] {logging_mixin.py:188} INFO - [2024-05-04T12:42:13.457+0530] {dagbag.py:540} INFO - Filling up the DagBag from /usr/local/lib/python3.10/dist-packages/airflow/example_dags/example_skip_dag.py
[2024-05-04T12:42:13.460+0530] {processor.py:840} INFO - DAG(s) 'example_skip_dag' retrieved from /usr/local/lib/python3.10/dist-packages/airflow/example_dags/example_skip_dag.py
[2024-05-04T12:42:13.468+0530] {logging_mixin.py:188} INFO - [2024-05-04T12:42:13.468+0530] {dag.py:3096} INFO - Sync 1 DAGs
[2024-05-04T12:42:13.475+0530] {logging_mixin.py:188} INFO - [2024-05-04T12:42:13.475+0530] {dag.py:3954} INFO - Setting next_dagrun for example_skip_dag to 2024-05-03 00:00:00+00:00, run_after=2024-05-04 00:00:00+00:00
[2024-05-04T12:42:13.485+0530] {processor.py:183} INFO - Processing /usr/local/lib/python3.10/dist-packages/airflow/example_dags/example_skip_dag.py took 0.032 seconds
[2024-05-04T12:43:03.827+0530] {processor.py:161} INFO - Started process (PID=15103) to work on /usr/local/lib/python3.10/dist-packages/airflow/example_dags/example_skip_dag.py
[2024-05-04T12:43:03.828+0530] {processor.py:830} INFO - Processing file /usr/local/lib/python3.10/dist-packages/airflow/example_dags/example_skip_dag.py for tasks to queue
[2024-05-04T12:43:03.829+0530] {logging_mixin.py:188} INFO - [2024-05-04T12:43:03.829+0530] {dagbag.py:540} INFO - Filling up the DagBag from /usr/local/lib/python3.10/dist-packages/airflow/example_dags/example_skip_dag.py
[2024-05-04T12:43:03.834+0530] {processor.py:840} INFO - DAG(s) 'example_skip_dag' retrieved from /usr/local/lib/python3.10/dist-packages/airflow/example_dags/example_skip_dag.py
[2024-05-04T12:43:03.840+0530] {logging_mixin.py:188} INFO - [2024-05-04T12:43:03.840+0530] {dag.py:3096} INFO - Sync 1 DAGs
[2024-05-04T12:43:03.847+0530] {logging_mixin.py:188} INFO - [2024-05-04T12:43:03.847+0530] {dag.py:3954} INFO - Setting next_dagrun for example_skip_dag to 2024-05-03 00:00:00+00:00, run_after=2024-05-04 00:00:00+00:00
[2024-05-04T12:43:03.857+0530] {processor.py:183} INFO - Processing /usr/local/lib/python3.10/dist-packages/airflow/example_dags/example_skip_dag.py took 0.038 seconds
[2024-05-04T12:43:55.418+0530] {processor.py:161} INFO - Started process (PID=15274) to work on /usr/local/lib/python3.10/dist-packages/airflow/example_dags/example_skip_dag.py
[2024-05-04T12:43:55.419+0530] {processor.py:830} INFO - Processing file /usr/local/lib/python3.10/dist-packages/airflow/example_dags/example_skip_dag.py for tasks to queue
[2024-05-04T12:43:55.420+0530] {logging_mixin.py:188} INFO - [2024-05-04T12:43:55.420+0530] {dagbag.py:540} INFO - Filling up the DagBag from /usr/local/lib/python3.10/dist-packages/airflow/example_dags/example_skip_dag.py
[2024-05-04T12:43:55.422+0530] {processor.py:840} INFO - DAG(s) 'example_skip_dag' retrieved from /usr/local/lib/python3.10/dist-packages/airflow/example_dags/example_skip_dag.py
[2024-05-04T12:43:55.429+0530] {logging_mixin.py:188} INFO - [2024-05-04T12:43:55.428+0530] {dag.py:3096} INFO - Sync 1 DAGs
[2024-05-04T12:43:55.436+0530] {logging_mixin.py:188} INFO - [2024-05-04T12:43:55.436+0530] {dag.py:3954} INFO - Setting next_dagrun for example_skip_dag to 2024-05-03 00:00:00+00:00, run_after=2024-05-04 00:00:00+00:00
[2024-05-04T12:43:55.447+0530] {processor.py:183} INFO - Processing /usr/local/lib/python3.10/dist-packages/airflow/example_dags/example_skip_dag.py took 0.031 seconds
[2024-05-04T12:44:45.907+0530] {processor.py:161} INFO - Started process (PID=15473) to work on /usr/local/lib/python3.10/dist-packages/airflow/example_dags/example_skip_dag.py
[2024-05-04T12:44:45.908+0530] {processor.py:830} INFO - Processing file /usr/local/lib/python3.10/dist-packages/airflow/example_dags/example_skip_dag.py for tasks to queue
[2024-05-04T12:44:45.909+0530] {logging_mixin.py:188} INFO - [2024-05-04T12:44:45.909+0530] {dagbag.py:540} INFO - Filling up the DagBag from /usr/local/lib/python3.10/dist-packages/airflow/example_dags/example_skip_dag.py
[2024-05-04T12:44:45.913+0530] {processor.py:840} INFO - DAG(s) 'example_skip_dag' retrieved from /usr/local/lib/python3.10/dist-packages/airflow/example_dags/example_skip_dag.py
[2024-05-04T12:44:45.920+0530] {logging_mixin.py:188} INFO - [2024-05-04T12:44:45.919+0530] {dag.py:3096} INFO - Sync 1 DAGs
[2024-05-04T12:44:45.927+0530] {logging_mixin.py:188} INFO - [2024-05-04T12:44:45.927+0530] {dag.py:3954} INFO - Setting next_dagrun for example_skip_dag to 2024-05-03 00:00:00+00:00, run_after=2024-05-04 00:00:00+00:00
[2024-05-04T12:44:45.937+0530] {processor.py:183} INFO - Processing /usr/local/lib/python3.10/dist-packages/airflow/example_dags/example_skip_dag.py took 0.037 seconds
[2024-05-04T12:45:36.104+0530] {processor.py:161} INFO - Started process (PID=15638) to work on /usr/local/lib/python3.10/dist-packages/airflow/example_dags/example_skip_dag.py
[2024-05-04T12:45:36.105+0530] {processor.py:830} INFO - Processing file /usr/local/lib/python3.10/dist-packages/airflow/example_dags/example_skip_dag.py for tasks to queue
[2024-05-04T12:45:36.106+0530] {logging_mixin.py:188} INFO - [2024-05-04T12:45:36.105+0530] {dagbag.py:540} INFO - Filling up the DagBag from /usr/local/lib/python3.10/dist-packages/airflow/example_dags/example_skip_dag.py
[2024-05-04T12:45:36.108+0530] {processor.py:840} INFO - DAG(s) 'example_skip_dag' retrieved from /usr/local/lib/python3.10/dist-packages/airflow/example_dags/example_skip_dag.py
[2024-05-04T12:45:36.114+0530] {logging_mixin.py:188} INFO - [2024-05-04T12:45:36.114+0530] {dag.py:3096} INFO - Sync 1 DAGs
[2024-05-04T12:45:36.122+0530] {logging_mixin.py:188} INFO - [2024-05-04T12:45:36.122+0530] {dag.py:3954} INFO - Setting next_dagrun for example_skip_dag to 2024-05-03 00:00:00+00:00, run_after=2024-05-04 00:00:00+00:00
[2024-05-04T12:45:36.131+0530] {processor.py:183} INFO - Processing /usr/local/lib/python3.10/dist-packages/airflow/example_dags/example_skip_dag.py took 0.029 seconds
[2024-05-04T12:46:26.226+0530] {processor.py:161} INFO - Started process (PID=15864) to work on /usr/local/lib/python3.10/dist-packages/airflow/example_dags/example_skip_dag.py
[2024-05-04T12:46:26.227+0530] {processor.py:830} INFO - Processing file /usr/local/lib/python3.10/dist-packages/airflow/example_dags/example_skip_dag.py for tasks to queue
[2024-05-04T12:46:26.227+0530] {logging_mixin.py:188} INFO - [2024-05-04T12:46:26.227+0530] {dagbag.py:540} INFO - Filling up the DagBag from /usr/local/lib/python3.10/dist-packages/airflow/example_dags/example_skip_dag.py
[2024-05-04T12:46:26.230+0530] {processor.py:840} INFO - DAG(s) 'example_skip_dag' retrieved from /usr/local/lib/python3.10/dist-packages/airflow/example_dags/example_skip_dag.py
[2024-05-04T12:46:26.236+0530] {logging_mixin.py:188} INFO - [2024-05-04T12:46:26.236+0530] {dag.py:3096} INFO - Sync 1 DAGs
[2024-05-04T12:46:26.244+0530] {logging_mixin.py:188} INFO - [2024-05-04T12:46:26.244+0530] {dag.py:3954} INFO - Setting next_dagrun for example_skip_dag to 2024-05-03 00:00:00+00:00, run_after=2024-05-04 00:00:00+00:00
[2024-05-04T12:46:26.254+0530] {processor.py:183} INFO - Processing /usr/local/lib/python3.10/dist-packages/airflow/example_dags/example_skip_dag.py took 0.034 seconds
[2024-05-04T12:47:17.713+0530] {processor.py:161} INFO - Started process (PID=16067) to work on /usr/local/lib/python3.10/dist-packages/airflow/example_dags/example_skip_dag.py
[2024-05-04T12:47:17.713+0530] {processor.py:830} INFO - Processing file /usr/local/lib/python3.10/dist-packages/airflow/example_dags/example_skip_dag.py for tasks to queue
[2024-05-04T12:47:17.714+0530] {logging_mixin.py:188} INFO - [2024-05-04T12:47:17.714+0530] {dagbag.py:540} INFO - Filling up the DagBag from /usr/local/lib/python3.10/dist-packages/airflow/example_dags/example_skip_dag.py
[2024-05-04T12:47:17.717+0530] {processor.py:840} INFO - DAG(s) 'example_skip_dag' retrieved from /usr/local/lib/python3.10/dist-packages/airflow/example_dags/example_skip_dag.py
[2024-05-04T12:47:17.724+0530] {logging_mixin.py:188} INFO - [2024-05-04T12:47:17.724+0530] {dag.py:3096} INFO - Sync 1 DAGs
[2024-05-04T12:47:17.731+0530] {logging_mixin.py:188} INFO - [2024-05-04T12:47:17.731+0530] {dag.py:3954} INFO - Setting next_dagrun for example_skip_dag to 2024-05-03 00:00:00+00:00, run_after=2024-05-04 00:00:00+00:00
[2024-05-04T12:47:17.741+0530] {processor.py:183} INFO - Processing /usr/local/lib/python3.10/dist-packages/airflow/example_dags/example_skip_dag.py took 0.031 seconds
[2024-05-04T12:48:08.186+0530] {processor.py:161} INFO - Started process (PID=16237) to work on /usr/local/lib/python3.10/dist-packages/airflow/example_dags/example_skip_dag.py
[2024-05-04T12:48:08.186+0530] {processor.py:830} INFO - Processing file /usr/local/lib/python3.10/dist-packages/airflow/example_dags/example_skip_dag.py for tasks to queue
[2024-05-04T12:48:08.187+0530] {logging_mixin.py:188} INFO - [2024-05-04T12:48:08.187+0530] {dagbag.py:540} INFO - Filling up the DagBag from /usr/local/lib/python3.10/dist-packages/airflow/example_dags/example_skip_dag.py
[2024-05-04T12:48:08.190+0530] {processor.py:840} INFO - DAG(s) 'example_skip_dag' retrieved from /usr/local/lib/python3.10/dist-packages/airflow/example_dags/example_skip_dag.py
[2024-05-04T12:48:08.196+0530] {logging_mixin.py:188} INFO - [2024-05-04T12:48:08.196+0530] {dag.py:3096} INFO - Sync 1 DAGs
[2024-05-04T12:48:08.204+0530] {logging_mixin.py:188} INFO - [2024-05-04T12:48:08.203+0530] {dag.py:3954} INFO - Setting next_dagrun for example_skip_dag to 2024-05-03 00:00:00+00:00, run_after=2024-05-04 00:00:00+00:00
[2024-05-04T12:48:08.215+0530] {processor.py:183} INFO - Processing /usr/local/lib/python3.10/dist-packages/airflow/example_dags/example_skip_dag.py took 0.034 seconds
[2024-05-04T12:49:00.843+0530] {processor.py:161} INFO - Started process (PID=16411) to work on /usr/local/lib/python3.10/dist-packages/airflow/example_dags/example_skip_dag.py
[2024-05-04T12:49:00.844+0530] {processor.py:830} INFO - Processing file /usr/local/lib/python3.10/dist-packages/airflow/example_dags/example_skip_dag.py for tasks to queue
[2024-05-04T12:49:00.846+0530] {logging_mixin.py:188} INFO - [2024-05-04T12:49:00.845+0530] {dagbag.py:540} INFO - Filling up the DagBag from /usr/local/lib/python3.10/dist-packages/airflow/example_dags/example_skip_dag.py
[2024-05-04T12:49:00.850+0530] {processor.py:840} INFO - DAG(s) 'example_skip_dag' retrieved from /usr/local/lib/python3.10/dist-packages/airflow/example_dags/example_skip_dag.py
[2024-05-04T12:49:00.856+0530] {logging_mixin.py:188} INFO - [2024-05-04T12:49:00.856+0530] {dag.py:3096} INFO - Sync 1 DAGs
[2024-05-04T12:49:00.863+0530] {logging_mixin.py:188} INFO - [2024-05-04T12:49:00.863+0530] {dag.py:3954} INFO - Setting next_dagrun for example_skip_dag to 2024-05-03 00:00:00+00:00, run_after=2024-05-04 00:00:00+00:00
[2024-05-04T12:49:00.873+0530] {processor.py:183} INFO - Processing /usr/local/lib/python3.10/dist-packages/airflow/example_dags/example_skip_dag.py took 0.037 seconds
[2024-05-04T12:49:52.831+0530] {processor.py:161} INFO - Started process (PID=16712) to work on /usr/local/lib/python3.10/dist-packages/airflow/example_dags/example_skip_dag.py
[2024-05-04T12:49:52.832+0530] {processor.py:830} INFO - Processing file /usr/local/lib/python3.10/dist-packages/airflow/example_dags/example_skip_dag.py for tasks to queue
[2024-05-04T12:49:52.833+0530] {logging_mixin.py:188} INFO - [2024-05-04T12:49:52.833+0530] {dagbag.py:540} INFO - Filling up the DagBag from /usr/local/lib/python3.10/dist-packages/airflow/example_dags/example_skip_dag.py
[2024-05-04T12:49:52.838+0530] {processor.py:840} INFO - DAG(s) 'example_skip_dag' retrieved from /usr/local/lib/python3.10/dist-packages/airflow/example_dags/example_skip_dag.py
[2024-05-04T12:49:52.848+0530] {logging_mixin.py:188} INFO - [2024-05-04T12:49:52.848+0530] {dag.py:3096} INFO - Sync 1 DAGs
[2024-05-04T12:49:52.859+0530] {logging_mixin.py:188} INFO - [2024-05-04T12:49:52.859+0530] {dag.py:3954} INFO - Setting next_dagrun for example_skip_dag to 2024-05-03 00:00:00+00:00, run_after=2024-05-04 00:00:00+00:00
[2024-05-04T12:49:52.869+0530] {processor.py:183} INFO - Processing /usr/local/lib/python3.10/dist-packages/airflow/example_dags/example_skip_dag.py took 0.041 seconds
[2024-05-04T12:50:44.192+0530] {processor.py:161} INFO - Started process (PID=16841) to work on /usr/local/lib/python3.10/dist-packages/airflow/example_dags/example_skip_dag.py
[2024-05-04T12:50:44.192+0530] {processor.py:830} INFO - Processing file /usr/local/lib/python3.10/dist-packages/airflow/example_dags/example_skip_dag.py for tasks to queue
[2024-05-04T12:50:44.193+0530] {logging_mixin.py:188} INFO - [2024-05-04T12:50:44.192+0530] {dagbag.py:540} INFO - Filling up the DagBag from /usr/local/lib/python3.10/dist-packages/airflow/example_dags/example_skip_dag.py
[2024-05-04T12:50:44.195+0530] {processor.py:840} INFO - DAG(s) 'example_skip_dag' retrieved from /usr/local/lib/python3.10/dist-packages/airflow/example_dags/example_skip_dag.py
[2024-05-04T12:50:44.202+0530] {logging_mixin.py:188} INFO - [2024-05-04T12:50:44.201+0530] {dag.py:3096} INFO - Sync 1 DAGs
[2024-05-04T12:50:44.209+0530] {logging_mixin.py:188} INFO - [2024-05-04T12:50:44.209+0530] {dag.py:3954} INFO - Setting next_dagrun for example_skip_dag to 2024-05-03 00:00:00+00:00, run_after=2024-05-04 00:00:00+00:00
[2024-05-04T12:50:44.219+0530] {processor.py:183} INFO - Processing /usr/local/lib/python3.10/dist-packages/airflow/example_dags/example_skip_dag.py took 0.034 seconds
[2024-05-04T12:51:34.783+0530] {processor.py:161} INFO - Started process (PID=16972) to work on /usr/local/lib/python3.10/dist-packages/airflow/example_dags/example_skip_dag.py
[2024-05-04T12:51:34.784+0530] {processor.py:830} INFO - Processing file /usr/local/lib/python3.10/dist-packages/airflow/example_dags/example_skip_dag.py for tasks to queue
[2024-05-04T12:51:34.784+0530] {logging_mixin.py:188} INFO - [2024-05-04T12:51:34.784+0530] {dagbag.py:540} INFO - Filling up the DagBag from /usr/local/lib/python3.10/dist-packages/airflow/example_dags/example_skip_dag.py
[2024-05-04T12:51:34.787+0530] {processor.py:840} INFO - DAG(s) 'example_skip_dag' retrieved from /usr/local/lib/python3.10/dist-packages/airflow/example_dags/example_skip_dag.py
[2024-05-04T12:51:34.793+0530] {logging_mixin.py:188} INFO - [2024-05-04T12:51:34.793+0530] {dag.py:3096} INFO - Sync 1 DAGs
[2024-05-04T12:51:34.800+0530] {logging_mixin.py:188} INFO - [2024-05-04T12:51:34.800+0530] {dag.py:3954} INFO - Setting next_dagrun for example_skip_dag to 2024-05-03 00:00:00+00:00, run_after=2024-05-04 00:00:00+00:00
[2024-05-04T12:51:34.810+0530] {processor.py:183} INFO - Processing /usr/local/lib/python3.10/dist-packages/airflow/example_dags/example_skip_dag.py took 0.032 seconds
[2024-05-04T12:52:26.592+0530] {processor.py:161} INFO - Started process (PID=17110) to work on /usr/local/lib/python3.10/dist-packages/airflow/example_dags/example_skip_dag.py
[2024-05-04T12:52:26.593+0530] {processor.py:830} INFO - Processing file /usr/local/lib/python3.10/dist-packages/airflow/example_dags/example_skip_dag.py for tasks to queue
[2024-05-04T12:52:26.594+0530] {logging_mixin.py:188} INFO - [2024-05-04T12:52:26.594+0530] {dagbag.py:540} INFO - Filling up the DagBag from /usr/local/lib/python3.10/dist-packages/airflow/example_dags/example_skip_dag.py
[2024-05-04T12:52:26.598+0530] {processor.py:840} INFO - DAG(s) 'example_skip_dag' retrieved from /usr/local/lib/python3.10/dist-packages/airflow/example_dags/example_skip_dag.py
[2024-05-04T12:52:26.604+0530] {logging_mixin.py:188} INFO - [2024-05-04T12:52:26.604+0530] {dag.py:3096} INFO - Sync 1 DAGs
[2024-05-04T12:52:26.611+0530] {logging_mixin.py:188} INFO - [2024-05-04T12:52:26.611+0530] {dag.py:3954} INFO - Setting next_dagrun for example_skip_dag to 2024-05-03 00:00:00+00:00, run_after=2024-05-04 00:00:00+00:00
[2024-05-04T12:52:26.621+0530] {processor.py:183} INFO - Processing /usr/local/lib/python3.10/dist-packages/airflow/example_dags/example_skip_dag.py took 0.036 seconds
[2024-05-04T12:53:17.308+0530] {processor.py:161} INFO - Started process (PID=17245) to work on /usr/local/lib/python3.10/dist-packages/airflow/example_dags/example_skip_dag.py
[2024-05-04T12:53:17.309+0530] {processor.py:830} INFO - Processing file /usr/local/lib/python3.10/dist-packages/airflow/example_dags/example_skip_dag.py for tasks to queue
[2024-05-04T12:53:17.310+0530] {logging_mixin.py:188} INFO - [2024-05-04T12:53:17.310+0530] {dagbag.py:540} INFO - Filling up the DagBag from /usr/local/lib/python3.10/dist-packages/airflow/example_dags/example_skip_dag.py
[2024-05-04T12:53:17.314+0530] {processor.py:840} INFO - DAG(s) 'example_skip_dag' retrieved from /usr/local/lib/python3.10/dist-packages/airflow/example_dags/example_skip_dag.py
[2024-05-04T12:53:17.320+0530] {logging_mixin.py:188} INFO - [2024-05-04T12:53:17.320+0530] {dag.py:3096} INFO - Sync 1 DAGs
[2024-05-04T12:53:17.328+0530] {logging_mixin.py:188} INFO - [2024-05-04T12:53:17.327+0530] {dag.py:3954} INFO - Setting next_dagrun for example_skip_dag to 2024-05-03 00:00:00+00:00, run_after=2024-05-04 00:00:00+00:00
[2024-05-04T12:53:17.337+0530] {processor.py:183} INFO - Processing /usr/local/lib/python3.10/dist-packages/airflow/example_dags/example_skip_dag.py took 0.036 seconds
[2024-05-04T12:54:06.674+0530] {processor.py:161} INFO - Started process (PID=17392) to work on /usr/local/lib/python3.10/dist-packages/airflow/example_dags/example_skip_dag.py
[2024-05-04T12:54:06.675+0530] {processor.py:830} INFO - Processing file /usr/local/lib/python3.10/dist-packages/airflow/example_dags/example_skip_dag.py for tasks to queue
[2024-05-04T12:54:06.676+0530] {logging_mixin.py:188} INFO - [2024-05-04T12:54:06.675+0530] {dagbag.py:540} INFO - Filling up the DagBag from /usr/local/lib/python3.10/dist-packages/airflow/example_dags/example_skip_dag.py
[2024-05-04T12:54:06.678+0530] {processor.py:840} INFO - DAG(s) 'example_skip_dag' retrieved from /usr/local/lib/python3.10/dist-packages/airflow/example_dags/example_skip_dag.py
[2024-05-04T12:54:06.685+0530] {logging_mixin.py:188} INFO - [2024-05-04T12:54:06.684+0530] {dag.py:3096} INFO - Sync 1 DAGs
[2024-05-04T12:54:06.692+0530] {logging_mixin.py:188} INFO - [2024-05-04T12:54:06.692+0530] {dag.py:3954} INFO - Setting next_dagrun for example_skip_dag to 2024-05-03 00:00:00+00:00, run_after=2024-05-04 00:00:00+00:00
[2024-05-04T12:54:06.704+0530] {processor.py:183} INFO - Processing /usr/local/lib/python3.10/dist-packages/airflow/example_dags/example_skip_dag.py took 0.036 seconds
