[2024-05-04T12:10:11.774+0530] {processor.py:161} INFO - Started process (PID=7358) to work on /usr/local/lib/python3.10/dist-packages/airflow/example_dags/example_short_circuit_decorator.py
[2024-05-04T12:10:11.774+0530] {processor.py:830} INFO - Processing file /usr/local/lib/python3.10/dist-packages/airflow/example_dags/example_short_circuit_decorator.py for tasks to queue
[2024-05-04T12:10:11.775+0530] {logging_mixin.py:188} INFO - [2024-05-04T12:10:11.775+0530] {dagbag.py:540} INFO - Filling up the DagBag from /usr/local/lib/python3.10/dist-packages/airflow/example_dags/example_short_circuit_decorator.py
[2024-05-04T12:10:11.780+0530] {processor.py:840} INFO - DAG(s) 'example_short_circuit_decorator' retrieved from /usr/local/lib/python3.10/dist-packages/airflow/example_dags/example_short_circuit_decorator.py
[2024-05-04T12:10:11.789+0530] {logging_mixin.py:188} INFO - [2024-05-04T12:10:11.789+0530] {dag.py:3096} INFO - Sync 1 DAGs
[2024-05-04T12:10:11.798+0530] {logging_mixin.py:188} INFO - [2024-05-04T12:10:11.798+0530] {dag.py:3954} INFO - Setting next_dagrun for example_short_circuit_decorator to 2024-05-03 00:00:00+00:00, run_after=2024-05-04 00:00:00+00:00
[2024-05-04T12:10:11.814+0530] {processor.py:183} INFO - Processing /usr/local/lib/python3.10/dist-packages/airflow/example_dags/example_short_circuit_decorator.py took 0.046 seconds
[2024-05-04T12:11:08.329+0530] {processor.py:161} INFO - Started process (PID=7663) to work on /usr/local/lib/python3.10/dist-packages/airflow/example_dags/example_short_circuit_decorator.py
[2024-05-04T12:11:08.329+0530] {processor.py:830} INFO - Processing file /usr/local/lib/python3.10/dist-packages/airflow/example_dags/example_short_circuit_decorator.py for tasks to queue
[2024-05-04T12:11:08.330+0530] {logging_mixin.py:188} INFO - [2024-05-04T12:11:08.330+0530] {dagbag.py:540} INFO - Filling up the DagBag from /usr/local/lib/python3.10/dist-packages/airflow/example_dags/example_short_circuit_decorator.py
[2024-05-04T12:11:08.334+0530] {processor.py:840} INFO - DAG(s) 'example_short_circuit_decorator' retrieved from /usr/local/lib/python3.10/dist-packages/airflow/example_dags/example_short_circuit_decorator.py
[2024-05-04T12:11:08.340+0530] {logging_mixin.py:188} INFO - [2024-05-04T12:11:08.340+0530] {dag.py:3096} INFO - Sync 1 DAGs
[2024-05-04T12:11:08.348+0530] {logging_mixin.py:188} INFO - [2024-05-04T12:11:08.348+0530] {dag.py:3954} INFO - Setting next_dagrun for example_short_circuit_decorator to 2024-05-03 00:00:00+00:00, run_after=2024-05-04 00:00:00+00:00
[2024-05-04T12:11:08.358+0530] {processor.py:183} INFO - Processing /usr/local/lib/python3.10/dist-packages/airflow/example_dags/example_short_circuit_decorator.py took 0.032 seconds
[2024-05-04T12:12:15.456+0530] {processor.py:161} INFO - Started process (PID=8342) to work on /usr/local/lib/python3.10/dist-packages/airflow/example_dags/example_short_circuit_decorator.py
[2024-05-04T12:12:15.457+0530] {processor.py:830} INFO - Processing file /usr/local/lib/python3.10/dist-packages/airflow/example_dags/example_short_circuit_decorator.py for tasks to queue
[2024-05-04T12:12:15.458+0530] {logging_mixin.py:188} INFO - [2024-05-04T12:12:15.458+0530] {dagbag.py:540} INFO - Filling up the DagBag from /usr/local/lib/python3.10/dist-packages/airflow/example_dags/example_short_circuit_decorator.py
[2024-05-04T12:12:15.463+0530] {processor.py:840} INFO - DAG(s) 'example_short_circuit_decorator' retrieved from /usr/local/lib/python3.10/dist-packages/airflow/example_dags/example_short_circuit_decorator.py
[2024-05-04T12:12:15.470+0530] {logging_mixin.py:188} INFO - [2024-05-04T12:12:15.470+0530] {dag.py:3096} INFO - Sync 1 DAGs
[2024-05-04T12:12:15.478+0530] {logging_mixin.py:188} INFO - [2024-05-04T12:12:15.478+0530] {dag.py:3954} INFO - Setting next_dagrun for example_short_circuit_decorator to 2024-05-03 00:00:00+00:00, run_after=2024-05-04 00:00:00+00:00
[2024-05-04T12:12:15.488+0530] {processor.py:183} INFO - Processing /usr/local/lib/python3.10/dist-packages/airflow/example_dags/example_short_circuit_decorator.py took 0.040 seconds
[2024-05-04T12:13:15.554+0530] {processor.py:161} INFO - Started process (PID=8944) to work on /usr/local/lib/python3.10/dist-packages/airflow/example_dags/example_short_circuit_decorator.py
[2024-05-04T12:13:15.555+0530] {processor.py:830} INFO - Processing file /usr/local/lib/python3.10/dist-packages/airflow/example_dags/example_short_circuit_decorator.py for tasks to queue
[2024-05-04T12:13:15.556+0530] {logging_mixin.py:188} INFO - [2024-05-04T12:13:15.556+0530] {dagbag.py:540} INFO - Filling up the DagBag from /usr/local/lib/python3.10/dist-packages/airflow/example_dags/example_short_circuit_decorator.py
[2024-05-04T12:13:15.563+0530] {processor.py:840} INFO - DAG(s) 'example_short_circuit_decorator' retrieved from /usr/local/lib/python3.10/dist-packages/airflow/example_dags/example_short_circuit_decorator.py
[2024-05-04T12:13:15.572+0530] {logging_mixin.py:188} INFO - [2024-05-04T12:13:15.572+0530] {dag.py:3096} INFO - Sync 1 DAGs
[2024-05-04T12:13:15.580+0530] {logging_mixin.py:188} INFO - [2024-05-04T12:13:15.580+0530] {dag.py:3954} INFO - Setting next_dagrun for example_short_circuit_decorator to 2024-05-03 00:00:00+00:00, run_after=2024-05-04 00:00:00+00:00
[2024-05-04T12:13:15.591+0530] {processor.py:183} INFO - Processing /usr/local/lib/python3.10/dist-packages/airflow/example_dags/example_short_circuit_decorator.py took 0.044 seconds
[2024-05-04T12:14:09.789+0530] {processor.py:161} INFO - Started process (PID=9122) to work on /usr/local/lib/python3.10/dist-packages/airflow/example_dags/example_short_circuit_decorator.py
[2024-05-04T12:14:09.789+0530] {processor.py:830} INFO - Processing file /usr/local/lib/python3.10/dist-packages/airflow/example_dags/example_short_circuit_decorator.py for tasks to queue
[2024-05-04T12:14:09.790+0530] {logging_mixin.py:188} INFO - [2024-05-04T12:14:09.790+0530] {dagbag.py:540} INFO - Filling up the DagBag from /usr/local/lib/python3.10/dist-packages/airflow/example_dags/example_short_circuit_decorator.py
[2024-05-04T12:14:09.795+0530] {processor.py:840} INFO - DAG(s) 'example_short_circuit_decorator' retrieved from /usr/local/lib/python3.10/dist-packages/airflow/example_dags/example_short_circuit_decorator.py
[2024-05-04T12:14:09.802+0530] {logging_mixin.py:188} INFO - [2024-05-04T12:14:09.802+0530] {dag.py:3096} INFO - Sync 1 DAGs
[2024-05-04T12:14:09.809+0530] {logging_mixin.py:188} INFO - [2024-05-04T12:14:09.809+0530] {dag.py:3954} INFO - Setting next_dagrun for example_short_circuit_decorator to 2024-05-03 00:00:00+00:00, run_after=2024-05-04 00:00:00+00:00
[2024-05-04T12:14:09.820+0530] {processor.py:183} INFO - Processing /usr/local/lib/python3.10/dist-packages/airflow/example_dags/example_short_circuit_decorator.py took 0.037 seconds
[2024-05-04T12:15:03.483+0530] {processor.py:161} INFO - Started process (PID=9297) to work on /usr/local/lib/python3.10/dist-packages/airflow/example_dags/example_short_circuit_decorator.py
[2024-05-04T12:15:03.484+0530] {processor.py:830} INFO - Processing file /usr/local/lib/python3.10/dist-packages/airflow/example_dags/example_short_circuit_decorator.py for tasks to queue
[2024-05-04T12:15:03.485+0530] {logging_mixin.py:188} INFO - [2024-05-04T12:15:03.484+0530] {dagbag.py:540} INFO - Filling up the DagBag from /usr/local/lib/python3.10/dist-packages/airflow/example_dags/example_short_circuit_decorator.py
[2024-05-04T12:15:03.488+0530] {processor.py:840} INFO - DAG(s) 'example_short_circuit_decorator' retrieved from /usr/local/lib/python3.10/dist-packages/airflow/example_dags/example_short_circuit_decorator.py
[2024-05-04T12:15:03.495+0530] {logging_mixin.py:188} INFO - [2024-05-04T12:15:03.495+0530] {dag.py:3096} INFO - Sync 1 DAGs
[2024-05-04T12:15:03.503+0530] {logging_mixin.py:188} INFO - [2024-05-04T12:15:03.503+0530] {dag.py:3954} INFO - Setting next_dagrun for example_short_circuit_decorator to 2024-05-03 00:00:00+00:00, run_after=2024-05-04 00:00:00+00:00
[2024-05-04T12:15:03.512+0530] {processor.py:183} INFO - Processing /usr/local/lib/python3.10/dist-packages/airflow/example_dags/example_short_circuit_decorator.py took 0.035 seconds
[2024-05-04T12:15:54.733+0530] {processor.py:161} INFO - Started process (PID=9464) to work on /usr/local/lib/python3.10/dist-packages/airflow/example_dags/example_short_circuit_decorator.py
[2024-05-04T12:15:54.734+0530] {processor.py:830} INFO - Processing file /usr/local/lib/python3.10/dist-packages/airflow/example_dags/example_short_circuit_decorator.py for tasks to queue
[2024-05-04T12:15:54.734+0530] {logging_mixin.py:188} INFO - [2024-05-04T12:15:54.734+0530] {dagbag.py:540} INFO - Filling up the DagBag from /usr/local/lib/python3.10/dist-packages/airflow/example_dags/example_short_circuit_decorator.py
[2024-05-04T12:15:54.738+0530] {processor.py:840} INFO - DAG(s) 'example_short_circuit_decorator' retrieved from /usr/local/lib/python3.10/dist-packages/airflow/example_dags/example_short_circuit_decorator.py
[2024-05-04T12:15:54.745+0530] {logging_mixin.py:188} INFO - [2024-05-04T12:15:54.745+0530] {dag.py:3096} INFO - Sync 1 DAGs
[2024-05-04T12:15:54.752+0530] {logging_mixin.py:188} INFO - [2024-05-04T12:15:54.752+0530] {dag.py:3954} INFO - Setting next_dagrun for example_short_circuit_decorator to 2024-05-03 00:00:00+00:00, run_after=2024-05-04 00:00:00+00:00
[2024-05-04T12:15:54.762+0530] {processor.py:183} INFO - Processing /usr/local/lib/python3.10/dist-packages/airflow/example_dags/example_short_circuit_decorator.py took 0.034 seconds
[2024-05-04T12:16:45.429+0530] {processor.py:161} INFO - Started process (PID=9618) to work on /usr/local/lib/python3.10/dist-packages/airflow/example_dags/example_short_circuit_decorator.py
[2024-05-04T12:16:45.429+0530] {processor.py:830} INFO - Processing file /usr/local/lib/python3.10/dist-packages/airflow/example_dags/example_short_circuit_decorator.py for tasks to queue
[2024-05-04T12:16:45.430+0530] {logging_mixin.py:188} INFO - [2024-05-04T12:16:45.430+0530] {dagbag.py:540} INFO - Filling up the DagBag from /usr/local/lib/python3.10/dist-packages/airflow/example_dags/example_short_circuit_decorator.py
[2024-05-04T12:16:45.433+0530] {processor.py:840} INFO - DAG(s) 'example_short_circuit_decorator' retrieved from /usr/local/lib/python3.10/dist-packages/airflow/example_dags/example_short_circuit_decorator.py
[2024-05-04T12:16:45.440+0530] {logging_mixin.py:188} INFO - [2024-05-04T12:16:45.440+0530] {dag.py:3096} INFO - Sync 1 DAGs
[2024-05-04T12:16:45.447+0530] {logging_mixin.py:188} INFO - [2024-05-04T12:16:45.447+0530] {dag.py:3954} INFO - Setting next_dagrun for example_short_circuit_decorator to 2024-05-03 00:00:00+00:00, run_after=2024-05-04 00:00:00+00:00
[2024-05-04T12:16:45.457+0530] {processor.py:183} INFO - Processing /usr/local/lib/python3.10/dist-packages/airflow/example_dags/example_short_circuit_decorator.py took 0.031 seconds
[2024-05-04T12:17:46.024+0530] {processor.py:161} INFO - Started process (PID=10357) to work on /usr/local/lib/python3.10/dist-packages/airflow/example_dags/example_short_circuit_decorator.py
[2024-05-04T12:17:46.024+0530] {processor.py:830} INFO - Processing file /usr/local/lib/python3.10/dist-packages/airflow/example_dags/example_short_circuit_decorator.py for tasks to queue
[2024-05-04T12:17:46.025+0530] {logging_mixin.py:188} INFO - [2024-05-04T12:17:46.025+0530] {dagbag.py:540} INFO - Filling up the DagBag from /usr/local/lib/python3.10/dist-packages/airflow/example_dags/example_short_circuit_decorator.py
[2024-05-04T12:17:46.029+0530] {processor.py:840} INFO - DAG(s) 'example_short_circuit_decorator' retrieved from /usr/local/lib/python3.10/dist-packages/airflow/example_dags/example_short_circuit_decorator.py
[2024-05-04T12:17:46.036+0530] {logging_mixin.py:188} INFO - [2024-05-04T12:17:46.036+0530] {dag.py:3096} INFO - Sync 1 DAGs
[2024-05-04T12:17:46.043+0530] {logging_mixin.py:188} INFO - [2024-05-04T12:17:46.043+0530] {dag.py:3954} INFO - Setting next_dagrun for example_short_circuit_decorator to 2024-05-03 00:00:00+00:00, run_after=2024-05-04 00:00:00+00:00
[2024-05-04T12:17:46.053+0530] {processor.py:183} INFO - Processing /usr/local/lib/python3.10/dist-packages/airflow/example_dags/example_short_circuit_decorator.py took 0.032 seconds
[2024-05-04T12:18:53.820+0530] {processor.py:161} INFO - Started process (PID=10848) to work on /usr/local/lib/python3.10/dist-packages/airflow/example_dags/example_short_circuit_decorator.py
[2024-05-04T12:18:53.820+0530] {processor.py:830} INFO - Processing file /usr/local/lib/python3.10/dist-packages/airflow/example_dags/example_short_circuit_decorator.py for tasks to queue
[2024-05-04T12:18:53.821+0530] {logging_mixin.py:188} INFO - [2024-05-04T12:18:53.821+0530] {dagbag.py:540} INFO - Filling up the DagBag from /usr/local/lib/python3.10/dist-packages/airflow/example_dags/example_short_circuit_decorator.py
[2024-05-04T12:18:53.826+0530] {processor.py:840} INFO - DAG(s) 'example_short_circuit_decorator' retrieved from /usr/local/lib/python3.10/dist-packages/airflow/example_dags/example_short_circuit_decorator.py
[2024-05-04T12:18:53.835+0530] {logging_mixin.py:188} INFO - [2024-05-04T12:18:53.835+0530] {dag.py:3096} INFO - Sync 1 DAGs
[2024-05-04T12:18:53.843+0530] {logging_mixin.py:188} INFO - [2024-05-04T12:18:53.843+0530] {dag.py:3954} INFO - Setting next_dagrun for example_short_circuit_decorator to 2024-05-03 00:00:00+00:00, run_after=2024-05-04 00:00:00+00:00
[2024-05-04T12:18:53.853+0530] {processor.py:183} INFO - Processing /usr/local/lib/python3.10/dist-packages/airflow/example_dags/example_short_circuit_decorator.py took 0.039 seconds
[2024-05-04T12:19:46.900+0530] {processor.py:161} INFO - Started process (PID=11004) to work on /usr/local/lib/python3.10/dist-packages/airflow/example_dags/example_short_circuit_decorator.py
[2024-05-04T12:19:46.901+0530] {processor.py:830} INFO - Processing file /usr/local/lib/python3.10/dist-packages/airflow/example_dags/example_short_circuit_decorator.py for tasks to queue
[2024-05-04T12:19:46.902+0530] {logging_mixin.py:188} INFO - [2024-05-04T12:19:46.902+0530] {dagbag.py:540} INFO - Filling up the DagBag from /usr/local/lib/python3.10/dist-packages/airflow/example_dags/example_short_circuit_decorator.py
[2024-05-04T12:19:46.905+0530] {processor.py:840} INFO - DAG(s) 'example_short_circuit_decorator' retrieved from /usr/local/lib/python3.10/dist-packages/airflow/example_dags/example_short_circuit_decorator.py
[2024-05-04T12:19:46.912+0530] {logging_mixin.py:188} INFO - [2024-05-04T12:19:46.912+0530] {dag.py:3096} INFO - Sync 1 DAGs
[2024-05-04T12:19:46.920+0530] {logging_mixin.py:188} INFO - [2024-05-04T12:19:46.920+0530] {dag.py:3954} INFO - Setting next_dagrun for example_short_circuit_decorator to 2024-05-03 00:00:00+00:00, run_after=2024-05-04 00:00:00+00:00
[2024-05-04T12:19:46.930+0530] {processor.py:183} INFO - Processing /usr/local/lib/python3.10/dist-packages/airflow/example_dags/example_short_circuit_decorator.py took 0.034 seconds
[2024-05-04T12:20:38.821+0530] {processor.py:161} INFO - Started process (PID=11127) to work on /usr/local/lib/python3.10/dist-packages/airflow/example_dags/example_short_circuit_decorator.py
[2024-05-04T12:20:38.822+0530] {processor.py:830} INFO - Processing file /usr/local/lib/python3.10/dist-packages/airflow/example_dags/example_short_circuit_decorator.py for tasks to queue
[2024-05-04T12:20:38.823+0530] {logging_mixin.py:188} INFO - [2024-05-04T12:20:38.823+0530] {dagbag.py:540} INFO - Filling up the DagBag from /usr/local/lib/python3.10/dist-packages/airflow/example_dags/example_short_circuit_decorator.py
[2024-05-04T12:20:38.830+0530] {processor.py:840} INFO - DAG(s) 'example_short_circuit_decorator' retrieved from /usr/local/lib/python3.10/dist-packages/airflow/example_dags/example_short_circuit_decorator.py
[2024-05-04T12:20:38.837+0530] {logging_mixin.py:188} INFO - [2024-05-04T12:20:38.837+0530] {dag.py:3096} INFO - Sync 1 DAGs
[2024-05-04T12:20:38.844+0530] {logging_mixin.py:188} INFO - [2024-05-04T12:20:38.844+0530] {dag.py:3954} INFO - Setting next_dagrun for example_short_circuit_decorator to 2024-05-03 00:00:00+00:00, run_after=2024-05-04 00:00:00+00:00
[2024-05-04T12:20:38.855+0530] {processor.py:183} INFO - Processing /usr/local/lib/python3.10/dist-packages/airflow/example_dags/example_short_circuit_decorator.py took 0.037 seconds
[2024-05-04T12:21:31.983+0530] {processor.py:161} INFO - Started process (PID=11252) to work on /usr/local/lib/python3.10/dist-packages/airflow/example_dags/example_short_circuit_decorator.py
[2024-05-04T12:21:31.984+0530] {processor.py:830} INFO - Processing file /usr/local/lib/python3.10/dist-packages/airflow/example_dags/example_short_circuit_decorator.py for tasks to queue
[2024-05-04T12:21:31.985+0530] {logging_mixin.py:188} INFO - [2024-05-04T12:21:31.985+0530] {dagbag.py:540} INFO - Filling up the DagBag from /usr/local/lib/python3.10/dist-packages/airflow/example_dags/example_short_circuit_decorator.py
[2024-05-04T12:21:31.992+0530] {processor.py:840} INFO - DAG(s) 'example_short_circuit_decorator' retrieved from /usr/local/lib/python3.10/dist-packages/airflow/example_dags/example_short_circuit_decorator.py
[2024-05-04T12:21:31.999+0530] {logging_mixin.py:188} INFO - [2024-05-04T12:21:31.999+0530] {dag.py:3096} INFO - Sync 1 DAGs
[2024-05-04T12:21:32.006+0530] {logging_mixin.py:188} INFO - [2024-05-04T12:21:32.006+0530] {dag.py:3954} INFO - Setting next_dagrun for example_short_circuit_decorator to 2024-05-03 00:00:00+00:00, run_after=2024-05-04 00:00:00+00:00
[2024-05-04T12:21:32.016+0530] {processor.py:183} INFO - Processing /usr/local/lib/python3.10/dist-packages/airflow/example_dags/example_short_circuit_decorator.py took 0.036 seconds
[2024-05-04T12:22:23.255+0530] {processor.py:161} INFO - Started process (PID=11370) to work on /usr/local/lib/python3.10/dist-packages/airflow/example_dags/example_short_circuit_decorator.py
[2024-05-04T12:22:23.256+0530] {processor.py:830} INFO - Processing file /usr/local/lib/python3.10/dist-packages/airflow/example_dags/example_short_circuit_decorator.py for tasks to queue
[2024-05-04T12:22:23.258+0530] {logging_mixin.py:188} INFO - [2024-05-04T12:22:23.258+0530] {dagbag.py:540} INFO - Filling up the DagBag from /usr/local/lib/python3.10/dist-packages/airflow/example_dags/example_short_circuit_decorator.py
[2024-05-04T12:22:23.264+0530] {processor.py:840} INFO - DAG(s) 'example_short_circuit_decorator' retrieved from /usr/local/lib/python3.10/dist-packages/airflow/example_dags/example_short_circuit_decorator.py
[2024-05-04T12:22:23.271+0530] {logging_mixin.py:188} INFO - [2024-05-04T12:22:23.270+0530] {dag.py:3096} INFO - Sync 1 DAGs
[2024-05-04T12:22:23.278+0530] {logging_mixin.py:188} INFO - [2024-05-04T12:22:23.278+0530] {dag.py:3954} INFO - Setting next_dagrun for example_short_circuit_decorator to 2024-05-03 00:00:00+00:00, run_after=2024-05-04 00:00:00+00:00
[2024-05-04T12:22:23.288+0530] {processor.py:183} INFO - Processing /usr/local/lib/python3.10/dist-packages/airflow/example_dags/example_short_circuit_decorator.py took 0.041 seconds
[2024-05-04T12:23:15.126+0530] {processor.py:161} INFO - Started process (PID=11494) to work on /usr/local/lib/python3.10/dist-packages/airflow/example_dags/example_short_circuit_decorator.py
[2024-05-04T12:23:15.127+0530] {processor.py:830} INFO - Processing file /usr/local/lib/python3.10/dist-packages/airflow/example_dags/example_short_circuit_decorator.py for tasks to queue
[2024-05-04T12:23:15.128+0530] {logging_mixin.py:188} INFO - [2024-05-04T12:23:15.127+0530] {dagbag.py:540} INFO - Filling up the DagBag from /usr/local/lib/python3.10/dist-packages/airflow/example_dags/example_short_circuit_decorator.py
[2024-05-04T12:23:15.131+0530] {processor.py:840} INFO - DAG(s) 'example_short_circuit_decorator' retrieved from /usr/local/lib/python3.10/dist-packages/airflow/example_dags/example_short_circuit_decorator.py
[2024-05-04T12:23:15.138+0530] {logging_mixin.py:188} INFO - [2024-05-04T12:23:15.138+0530] {dag.py:3096} INFO - Sync 1 DAGs
[2024-05-04T12:23:15.145+0530] {logging_mixin.py:188} INFO - [2024-05-04T12:23:15.145+0530] {dag.py:3954} INFO - Setting next_dagrun for example_short_circuit_decorator to 2024-05-03 00:00:00+00:00, run_after=2024-05-04 00:00:00+00:00
[2024-05-04T12:23:15.155+0530] {processor.py:183} INFO - Processing /usr/local/lib/python3.10/dist-packages/airflow/example_dags/example_short_circuit_decorator.py took 0.034 seconds
[2024-05-04T12:24:04.891+0530] {processor.py:161} INFO - Started process (PID=11623) to work on /usr/local/lib/python3.10/dist-packages/airflow/example_dags/example_short_circuit_decorator.py
[2024-05-04T12:24:04.892+0530] {processor.py:830} INFO - Processing file /usr/local/lib/python3.10/dist-packages/airflow/example_dags/example_short_circuit_decorator.py for tasks to queue
[2024-05-04T12:24:04.893+0530] {logging_mixin.py:188} INFO - [2024-05-04T12:24:04.893+0530] {dagbag.py:540} INFO - Filling up the DagBag from /usr/local/lib/python3.10/dist-packages/airflow/example_dags/example_short_circuit_decorator.py
[2024-05-04T12:24:04.898+0530] {processor.py:840} INFO - DAG(s) 'example_short_circuit_decorator' retrieved from /usr/local/lib/python3.10/dist-packages/airflow/example_dags/example_short_circuit_decorator.py
[2024-05-04T12:24:04.906+0530] {logging_mixin.py:188} INFO - [2024-05-04T12:24:04.906+0530] {dag.py:3096} INFO - Sync 1 DAGs
[2024-05-04T12:24:04.916+0530] {logging_mixin.py:188} INFO - [2024-05-04T12:24:04.916+0530] {dag.py:3954} INFO - Setting next_dagrun for example_short_circuit_decorator to 2024-05-03 00:00:00+00:00, run_after=2024-05-04 00:00:00+00:00
[2024-05-04T12:24:04.927+0530] {processor.py:183} INFO - Processing /usr/local/lib/python3.10/dist-packages/airflow/example_dags/example_short_circuit_decorator.py took 0.042 seconds
[2024-05-04T12:24:55.556+0530] {processor.py:161} INFO - Started process (PID=11872) to work on /usr/local/lib/python3.10/dist-packages/airflow/example_dags/example_short_circuit_decorator.py
[2024-05-04T12:24:55.557+0530] {processor.py:830} INFO - Processing file /usr/local/lib/python3.10/dist-packages/airflow/example_dags/example_short_circuit_decorator.py for tasks to queue
[2024-05-04T12:24:55.558+0530] {logging_mixin.py:188} INFO - [2024-05-04T12:24:55.558+0530] {dagbag.py:540} INFO - Filling up the DagBag from /usr/local/lib/python3.10/dist-packages/airflow/example_dags/example_short_circuit_decorator.py
[2024-05-04T12:24:55.563+0530] {processor.py:840} INFO - DAG(s) 'example_short_circuit_decorator' retrieved from /usr/local/lib/python3.10/dist-packages/airflow/example_dags/example_short_circuit_decorator.py
[2024-05-04T12:24:55.570+0530] {logging_mixin.py:188} INFO - [2024-05-04T12:24:55.570+0530] {dag.py:3096} INFO - Sync 1 DAGs
[2024-05-04T12:24:55.577+0530] {logging_mixin.py:188} INFO - [2024-05-04T12:24:55.577+0530] {dag.py:3954} INFO - Setting next_dagrun for example_short_circuit_decorator to 2024-05-03 00:00:00+00:00, run_after=2024-05-04 00:00:00+00:00
[2024-05-04T12:24:55.587+0530] {processor.py:183} INFO - Processing /usr/local/lib/python3.10/dist-packages/airflow/example_dags/example_short_circuit_decorator.py took 0.039 seconds
[2024-05-04T12:25:44.989+0530] {processor.py:161} INFO - Started process (PID=12003) to work on /usr/local/lib/python3.10/dist-packages/airflow/example_dags/example_short_circuit_decorator.py
[2024-05-04T12:25:44.990+0530] {processor.py:830} INFO - Processing file /usr/local/lib/python3.10/dist-packages/airflow/example_dags/example_short_circuit_decorator.py for tasks to queue
[2024-05-04T12:25:44.991+0530] {logging_mixin.py:188} INFO - [2024-05-04T12:25:44.991+0530] {dagbag.py:540} INFO - Filling up the DagBag from /usr/local/lib/python3.10/dist-packages/airflow/example_dags/example_short_circuit_decorator.py
[2024-05-04T12:25:44.998+0530] {processor.py:840} INFO - DAG(s) 'example_short_circuit_decorator' retrieved from /usr/local/lib/python3.10/dist-packages/airflow/example_dags/example_short_circuit_decorator.py
[2024-05-04T12:25:45.005+0530] {logging_mixin.py:188} INFO - [2024-05-04T12:25:45.005+0530] {dag.py:3096} INFO - Sync 1 DAGs
[2024-05-04T12:25:45.013+0530] {logging_mixin.py:188} INFO - [2024-05-04T12:25:45.013+0530] {dag.py:3954} INFO - Setting next_dagrun for example_short_circuit_decorator to 2024-05-03 00:00:00+00:00, run_after=2024-05-04 00:00:00+00:00
[2024-05-04T12:25:45.023+0530] {processor.py:183} INFO - Processing /usr/local/lib/python3.10/dist-packages/airflow/example_dags/example_short_circuit_decorator.py took 0.039 seconds
[2024-05-04T12:26:35.613+0530] {processor.py:161} INFO - Started process (PID=12124) to work on /usr/local/lib/python3.10/dist-packages/airflow/example_dags/example_short_circuit_decorator.py
[2024-05-04T12:26:35.613+0530] {processor.py:830} INFO - Processing file /usr/local/lib/python3.10/dist-packages/airflow/example_dags/example_short_circuit_decorator.py for tasks to queue
[2024-05-04T12:26:35.615+0530] {logging_mixin.py:188} INFO - [2024-05-04T12:26:35.614+0530] {dagbag.py:540} INFO - Filling up the DagBag from /usr/local/lib/python3.10/dist-packages/airflow/example_dags/example_short_circuit_decorator.py
[2024-05-04T12:26:35.621+0530] {processor.py:840} INFO - DAG(s) 'example_short_circuit_decorator' retrieved from /usr/local/lib/python3.10/dist-packages/airflow/example_dags/example_short_circuit_decorator.py
[2024-05-04T12:26:35.629+0530] {logging_mixin.py:188} INFO - [2024-05-04T12:26:35.629+0530] {dag.py:3096} INFO - Sync 1 DAGs
[2024-05-04T12:26:35.636+0530] {logging_mixin.py:188} INFO - [2024-05-04T12:26:35.636+0530] {dag.py:3954} INFO - Setting next_dagrun for example_short_circuit_decorator to 2024-05-03 00:00:00+00:00, run_after=2024-05-04 00:00:00+00:00
[2024-05-04T12:26:35.647+0530] {processor.py:183} INFO - Processing /usr/local/lib/python3.10/dist-packages/airflow/example_dags/example_short_circuit_decorator.py took 0.040 seconds
[2024-05-04T12:27:29.156+0530] {processor.py:161} INFO - Started process (PID=12252) to work on /usr/local/lib/python3.10/dist-packages/airflow/example_dags/example_short_circuit_decorator.py
[2024-05-04T12:27:29.157+0530] {processor.py:830} INFO - Processing file /usr/local/lib/python3.10/dist-packages/airflow/example_dags/example_short_circuit_decorator.py for tasks to queue
[2024-05-04T12:27:29.159+0530] {logging_mixin.py:188} INFO - [2024-05-04T12:27:29.159+0530] {dagbag.py:540} INFO - Filling up the DagBag from /usr/local/lib/python3.10/dist-packages/airflow/example_dags/example_short_circuit_decorator.py
[2024-05-04T12:27:29.166+0530] {processor.py:840} INFO - DAG(s) 'example_short_circuit_decorator' retrieved from /usr/local/lib/python3.10/dist-packages/airflow/example_dags/example_short_circuit_decorator.py
[2024-05-04T12:27:29.174+0530] {logging_mixin.py:188} INFO - [2024-05-04T12:27:29.174+0530] {dag.py:3096} INFO - Sync 1 DAGs
[2024-05-04T12:27:29.181+0530] {logging_mixin.py:188} INFO - [2024-05-04T12:27:29.181+0530] {dag.py:3954} INFO - Setting next_dagrun for example_short_circuit_decorator to 2024-05-03 00:00:00+00:00, run_after=2024-05-04 00:00:00+00:00
[2024-05-04T12:27:29.191+0530] {processor.py:183} INFO - Processing /usr/local/lib/python3.10/dist-packages/airflow/example_dags/example_short_circuit_decorator.py took 0.040 seconds
[2024-05-04T12:28:19.089+0530] {processor.py:161} INFO - Started process (PID=12379) to work on /usr/local/lib/python3.10/dist-packages/airflow/example_dags/example_short_circuit_decorator.py
[2024-05-04T12:28:19.089+0530] {processor.py:830} INFO - Processing file /usr/local/lib/python3.10/dist-packages/airflow/example_dags/example_short_circuit_decorator.py for tasks to queue
[2024-05-04T12:28:19.091+0530] {logging_mixin.py:188} INFO - [2024-05-04T12:28:19.090+0530] {dagbag.py:540} INFO - Filling up the DagBag from /usr/local/lib/python3.10/dist-packages/airflow/example_dags/example_short_circuit_decorator.py
[2024-05-04T12:28:19.098+0530] {processor.py:840} INFO - DAG(s) 'example_short_circuit_decorator' retrieved from /usr/local/lib/python3.10/dist-packages/airflow/example_dags/example_short_circuit_decorator.py
[2024-05-04T12:28:19.105+0530] {logging_mixin.py:188} INFO - [2024-05-04T12:28:19.105+0530] {dag.py:3096} INFO - Sync 1 DAGs
[2024-05-04T12:28:19.112+0530] {logging_mixin.py:188} INFO - [2024-05-04T12:28:19.112+0530] {dag.py:3954} INFO - Setting next_dagrun for example_short_circuit_decorator to 2024-05-03 00:00:00+00:00, run_after=2024-05-04 00:00:00+00:00
[2024-05-04T12:28:19.122+0530] {processor.py:183} INFO - Processing /usr/local/lib/python3.10/dist-packages/airflow/example_dags/example_short_circuit_decorator.py took 0.039 seconds
[2024-05-04T12:29:06.379+0530] {processor.py:161} INFO - Started process (PID=12495) to work on /usr/local/lib/python3.10/dist-packages/airflow/example_dags/example_short_circuit_decorator.py
[2024-05-04T12:29:06.380+0530] {processor.py:830} INFO - Processing file /usr/local/lib/python3.10/dist-packages/airflow/example_dags/example_short_circuit_decorator.py for tasks to queue
[2024-05-04T12:29:06.381+0530] {logging_mixin.py:188} INFO - [2024-05-04T12:29:06.381+0530] {dagbag.py:540} INFO - Filling up the DagBag from /usr/local/lib/python3.10/dist-packages/airflow/example_dags/example_short_circuit_decorator.py
[2024-05-04T12:29:06.386+0530] {processor.py:840} INFO - DAG(s) 'example_short_circuit_decorator' retrieved from /usr/local/lib/python3.10/dist-packages/airflow/example_dags/example_short_circuit_decorator.py
[2024-05-04T12:29:06.393+0530] {logging_mixin.py:188} INFO - [2024-05-04T12:29:06.392+0530] {dag.py:3096} INFO - Sync 1 DAGs
[2024-05-04T12:29:06.400+0530] {logging_mixin.py:188} INFO - [2024-05-04T12:29:06.400+0530] {dag.py:3954} INFO - Setting next_dagrun for example_short_circuit_decorator to 2024-05-03 00:00:00+00:00, run_after=2024-05-04 00:00:00+00:00
[2024-05-04T12:29:06.409+0530] {processor.py:183} INFO - Processing /usr/local/lib/python3.10/dist-packages/airflow/example_dags/example_short_circuit_decorator.py took 0.036 seconds
[2024-05-04T12:29:54.092+0530] {processor.py:161} INFO - Started process (PID=12639) to work on /usr/local/lib/python3.10/dist-packages/airflow/example_dags/example_short_circuit_decorator.py
[2024-05-04T12:29:54.093+0530] {processor.py:830} INFO - Processing file /usr/local/lib/python3.10/dist-packages/airflow/example_dags/example_short_circuit_decorator.py for tasks to queue
[2024-05-04T12:29:54.095+0530] {logging_mixin.py:188} INFO - [2024-05-04T12:29:54.094+0530] {dagbag.py:540} INFO - Filling up the DagBag from /usr/local/lib/python3.10/dist-packages/airflow/example_dags/example_short_circuit_decorator.py
[2024-05-04T12:29:54.100+0530] {processor.py:840} INFO - DAG(s) 'example_short_circuit_decorator' retrieved from /usr/local/lib/python3.10/dist-packages/airflow/example_dags/example_short_circuit_decorator.py
[2024-05-04T12:29:54.107+0530] {logging_mixin.py:188} INFO - [2024-05-04T12:29:54.107+0530] {dag.py:3096} INFO - Sync 1 DAGs
[2024-05-04T12:29:54.114+0530] {logging_mixin.py:188} INFO - [2024-05-04T12:29:54.114+0530] {dag.py:3954} INFO - Setting next_dagrun for example_short_circuit_decorator to 2024-05-03 00:00:00+00:00, run_after=2024-05-04 00:00:00+00:00
[2024-05-04T12:29:54.124+0530] {processor.py:183} INFO - Processing /usr/local/lib/python3.10/dist-packages/airflow/example_dags/example_short_circuit_decorator.py took 0.040 seconds
[2024-05-04T12:30:43.273+0530] {processor.py:161} INFO - Started process (PID=12778) to work on /usr/local/lib/python3.10/dist-packages/airflow/example_dags/example_short_circuit_decorator.py
[2024-05-04T12:30:43.274+0530] {processor.py:830} INFO - Processing file /usr/local/lib/python3.10/dist-packages/airflow/example_dags/example_short_circuit_decorator.py for tasks to queue
[2024-05-04T12:30:43.275+0530] {logging_mixin.py:188} INFO - [2024-05-04T12:30:43.274+0530] {dagbag.py:540} INFO - Filling up the DagBag from /usr/local/lib/python3.10/dist-packages/airflow/example_dags/example_short_circuit_decorator.py
[2024-05-04T12:30:43.279+0530] {processor.py:840} INFO - DAG(s) 'example_short_circuit_decorator' retrieved from /usr/local/lib/python3.10/dist-packages/airflow/example_dags/example_short_circuit_decorator.py
[2024-05-04T12:30:43.286+0530] {logging_mixin.py:188} INFO - [2024-05-04T12:30:43.286+0530] {dag.py:3096} INFO - Sync 1 DAGs
[2024-05-04T12:30:43.294+0530] {logging_mixin.py:188} INFO - [2024-05-04T12:30:43.293+0530] {dag.py:3954} INFO - Setting next_dagrun for example_short_circuit_decorator to 2024-05-03 00:00:00+00:00, run_after=2024-05-04 00:00:00+00:00
[2024-05-04T12:30:43.304+0530] {processor.py:183} INFO - Processing /usr/local/lib/python3.10/dist-packages/airflow/example_dags/example_short_circuit_decorator.py took 0.037 seconds
[2024-05-04T12:31:36.709+0530] {processor.py:161} INFO - Started process (PID=12918) to work on /usr/local/lib/python3.10/dist-packages/airflow/example_dags/example_short_circuit_decorator.py
[2024-05-04T12:31:36.710+0530] {processor.py:830} INFO - Processing file /usr/local/lib/python3.10/dist-packages/airflow/example_dags/example_short_circuit_decorator.py for tasks to queue
[2024-05-04T12:31:36.711+0530] {logging_mixin.py:188} INFO - [2024-05-04T12:31:36.711+0530] {dagbag.py:540} INFO - Filling up the DagBag from /usr/local/lib/python3.10/dist-packages/airflow/example_dags/example_short_circuit_decorator.py
[2024-05-04T12:31:36.716+0530] {processor.py:840} INFO - DAG(s) 'example_short_circuit_decorator' retrieved from /usr/local/lib/python3.10/dist-packages/airflow/example_dags/example_short_circuit_decorator.py
[2024-05-04T12:31:36.722+0530] {logging_mixin.py:188} INFO - [2024-05-04T12:31:36.722+0530] {dag.py:3096} INFO - Sync 1 DAGs
[2024-05-04T12:31:36.730+0530] {logging_mixin.py:188} INFO - [2024-05-04T12:31:36.730+0530] {dag.py:3954} INFO - Setting next_dagrun for example_short_circuit_decorator to 2024-05-03 00:00:00+00:00, run_after=2024-05-04 00:00:00+00:00
[2024-05-04T12:31:36.739+0530] {processor.py:183} INFO - Processing /usr/local/lib/python3.10/dist-packages/airflow/example_dags/example_short_circuit_decorator.py took 0.037 seconds
[2024-05-04T12:32:26.640+0530] {processor.py:161} INFO - Started process (PID=13047) to work on /usr/local/lib/python3.10/dist-packages/airflow/example_dags/example_short_circuit_decorator.py
[2024-05-04T12:32:26.641+0530] {processor.py:830} INFO - Processing file /usr/local/lib/python3.10/dist-packages/airflow/example_dags/example_short_circuit_decorator.py for tasks to queue
[2024-05-04T12:32:26.642+0530] {logging_mixin.py:188} INFO - [2024-05-04T12:32:26.642+0530] {dagbag.py:540} INFO - Filling up the DagBag from /usr/local/lib/python3.10/dist-packages/airflow/example_dags/example_short_circuit_decorator.py
[2024-05-04T12:32:26.647+0530] {processor.py:840} INFO - DAG(s) 'example_short_circuit_decorator' retrieved from /usr/local/lib/python3.10/dist-packages/airflow/example_dags/example_short_circuit_decorator.py
[2024-05-04T12:32:26.654+0530] {logging_mixin.py:188} INFO - [2024-05-04T12:32:26.654+0530] {dag.py:3096} INFO - Sync 1 DAGs
[2024-05-04T12:32:26.662+0530] {logging_mixin.py:188} INFO - [2024-05-04T12:32:26.662+0530] {dag.py:3954} INFO - Setting next_dagrun for example_short_circuit_decorator to 2024-05-03 00:00:00+00:00, run_after=2024-05-04 00:00:00+00:00
[2024-05-04T12:32:26.671+0530] {processor.py:183} INFO - Processing /usr/local/lib/python3.10/dist-packages/airflow/example_dags/example_short_circuit_decorator.py took 0.039 seconds
[2024-05-04T12:33:17.889+0530] {processor.py:161} INFO - Started process (PID=13212) to work on /usr/local/lib/python3.10/dist-packages/airflow/example_dags/example_short_circuit_decorator.py
[2024-05-04T12:33:17.890+0530] {processor.py:830} INFO - Processing file /usr/local/lib/python3.10/dist-packages/airflow/example_dags/example_short_circuit_decorator.py for tasks to queue
[2024-05-04T12:33:17.890+0530] {logging_mixin.py:188} INFO - [2024-05-04T12:33:17.890+0530] {dagbag.py:540} INFO - Filling up the DagBag from /usr/local/lib/python3.10/dist-packages/airflow/example_dags/example_short_circuit_decorator.py
[2024-05-04T12:33:17.897+0530] {processor.py:840} INFO - DAG(s) 'example_short_circuit_decorator' retrieved from /usr/local/lib/python3.10/dist-packages/airflow/example_dags/example_short_circuit_decorator.py
[2024-05-04T12:33:17.905+0530] {logging_mixin.py:188} INFO - [2024-05-04T12:33:17.905+0530] {dag.py:3096} INFO - Sync 1 DAGs
[2024-05-04T12:33:17.913+0530] {logging_mixin.py:188} INFO - [2024-05-04T12:33:17.913+0530] {dag.py:3954} INFO - Setting next_dagrun for example_short_circuit_decorator to 2024-05-03 00:00:00+00:00, run_after=2024-05-04 00:00:00+00:00
[2024-05-04T12:33:17.923+0530] {processor.py:183} INFO - Processing /usr/local/lib/python3.10/dist-packages/airflow/example_dags/example_short_circuit_decorator.py took 0.038 seconds
[2024-05-04T12:34:10.213+0530] {processor.py:161} INFO - Started process (PID=13366) to work on /usr/local/lib/python3.10/dist-packages/airflow/example_dags/example_short_circuit_decorator.py
[2024-05-04T12:34:10.214+0530] {processor.py:830} INFO - Processing file /usr/local/lib/python3.10/dist-packages/airflow/example_dags/example_short_circuit_decorator.py for tasks to queue
[2024-05-04T12:34:10.215+0530] {logging_mixin.py:188} INFO - [2024-05-04T12:34:10.215+0530] {dagbag.py:540} INFO - Filling up the DagBag from /usr/local/lib/python3.10/dist-packages/airflow/example_dags/example_short_circuit_decorator.py
[2024-05-04T12:34:10.220+0530] {processor.py:840} INFO - DAG(s) 'example_short_circuit_decorator' retrieved from /usr/local/lib/python3.10/dist-packages/airflow/example_dags/example_short_circuit_decorator.py
[2024-05-04T12:34:10.228+0530] {logging_mixin.py:188} INFO - [2024-05-04T12:34:10.228+0530] {dag.py:3096} INFO - Sync 1 DAGs
[2024-05-04T12:34:10.236+0530] {logging_mixin.py:188} INFO - [2024-05-04T12:34:10.235+0530] {dag.py:3954} INFO - Setting next_dagrun for example_short_circuit_decorator to 2024-05-03 00:00:00+00:00, run_after=2024-05-04 00:00:00+00:00
[2024-05-04T12:34:10.249+0530] {processor.py:183} INFO - Processing /usr/local/lib/python3.10/dist-packages/airflow/example_dags/example_short_circuit_decorator.py took 0.042 seconds
[2024-05-04T12:35:03.654+0530] {processor.py:161} INFO - Started process (PID=13556) to work on /usr/local/lib/python3.10/dist-packages/airflow/example_dags/example_short_circuit_decorator.py
[2024-05-04T12:35:03.654+0530] {processor.py:830} INFO - Processing file /usr/local/lib/python3.10/dist-packages/airflow/example_dags/example_short_circuit_decorator.py for tasks to queue
[2024-05-04T12:35:03.656+0530] {logging_mixin.py:188} INFO - [2024-05-04T12:35:03.655+0530] {dagbag.py:540} INFO - Filling up the DagBag from /usr/local/lib/python3.10/dist-packages/airflow/example_dags/example_short_circuit_decorator.py
[2024-05-04T12:35:03.662+0530] {processor.py:840} INFO - DAG(s) 'example_short_circuit_decorator' retrieved from /usr/local/lib/python3.10/dist-packages/airflow/example_dags/example_short_circuit_decorator.py
[2024-05-04T12:35:03.669+0530] {logging_mixin.py:188} INFO - [2024-05-04T12:35:03.669+0530] {dag.py:3096} INFO - Sync 1 DAGs
[2024-05-04T12:35:03.677+0530] {logging_mixin.py:188} INFO - [2024-05-04T12:35:03.677+0530] {dag.py:3954} INFO - Setting next_dagrun for example_short_circuit_decorator to 2024-05-03 00:00:00+00:00, run_after=2024-05-04 00:00:00+00:00
[2024-05-04T12:35:03.688+0530] {processor.py:183} INFO - Processing /usr/local/lib/python3.10/dist-packages/airflow/example_dags/example_short_circuit_decorator.py took 0.040 seconds
[2024-05-04T12:35:52.747+0530] {processor.py:161} INFO - Started process (PID=13676) to work on /usr/local/lib/python3.10/dist-packages/airflow/example_dags/example_short_circuit_decorator.py
[2024-05-04T12:35:52.747+0530] {processor.py:830} INFO - Processing file /usr/local/lib/python3.10/dist-packages/airflow/example_dags/example_short_circuit_decorator.py for tasks to queue
[2024-05-04T12:35:52.749+0530] {logging_mixin.py:188} INFO - [2024-05-04T12:35:52.749+0530] {dagbag.py:540} INFO - Filling up the DagBag from /usr/local/lib/python3.10/dist-packages/airflow/example_dags/example_short_circuit_decorator.py
[2024-05-04T12:35:52.756+0530] {processor.py:840} INFO - DAG(s) 'example_short_circuit_decorator' retrieved from /usr/local/lib/python3.10/dist-packages/airflow/example_dags/example_short_circuit_decorator.py
[2024-05-04T12:35:52.763+0530] {logging_mixin.py:188} INFO - [2024-05-04T12:35:52.763+0530] {dag.py:3096} INFO - Sync 1 DAGs
[2024-05-04T12:35:52.771+0530] {logging_mixin.py:188} INFO - [2024-05-04T12:35:52.771+0530] {dag.py:3954} INFO - Setting next_dagrun for example_short_circuit_decorator to 2024-05-03 00:00:00+00:00, run_after=2024-05-04 00:00:00+00:00
[2024-05-04T12:35:52.781+0530] {processor.py:183} INFO - Processing /usr/local/lib/python3.10/dist-packages/airflow/example_dags/example_short_circuit_decorator.py took 0.037 seconds
[2024-05-04T12:36:42.121+0530] {processor.py:161} INFO - Started process (PID=13794) to work on /usr/local/lib/python3.10/dist-packages/airflow/example_dags/example_short_circuit_decorator.py
[2024-05-04T12:36:42.121+0530] {processor.py:830} INFO - Processing file /usr/local/lib/python3.10/dist-packages/airflow/example_dags/example_short_circuit_decorator.py for tasks to queue
[2024-05-04T12:36:42.123+0530] {logging_mixin.py:188} INFO - [2024-05-04T12:36:42.122+0530] {dagbag.py:540} INFO - Filling up the DagBag from /usr/local/lib/python3.10/dist-packages/airflow/example_dags/example_short_circuit_decorator.py
[2024-05-04T12:36:42.127+0530] {processor.py:840} INFO - DAG(s) 'example_short_circuit_decorator' retrieved from /usr/local/lib/python3.10/dist-packages/airflow/example_dags/example_short_circuit_decorator.py
[2024-05-04T12:36:42.134+0530] {logging_mixin.py:188} INFO - [2024-05-04T12:36:42.134+0530] {dag.py:3096} INFO - Sync 1 DAGs
[2024-05-04T12:36:42.141+0530] {logging_mixin.py:188} INFO - [2024-05-04T12:36:42.141+0530] {dag.py:3954} INFO - Setting next_dagrun for example_short_circuit_decorator to 2024-05-03 00:00:00+00:00, run_after=2024-05-04 00:00:00+00:00
[2024-05-04T12:36:42.151+0530] {processor.py:183} INFO - Processing /usr/local/lib/python3.10/dist-packages/airflow/example_dags/example_short_circuit_decorator.py took 0.034 seconds
[2024-05-04T12:37:34.117+0530] {processor.py:161} INFO - Started process (PID=13917) to work on /usr/local/lib/python3.10/dist-packages/airflow/example_dags/example_short_circuit_decorator.py
[2024-05-04T12:37:34.117+0530] {processor.py:830} INFO - Processing file /usr/local/lib/python3.10/dist-packages/airflow/example_dags/example_short_circuit_decorator.py for tasks to queue
[2024-05-04T12:37:34.118+0530] {logging_mixin.py:188} INFO - [2024-05-04T12:37:34.118+0530] {dagbag.py:540} INFO - Filling up the DagBag from /usr/local/lib/python3.10/dist-packages/airflow/example_dags/example_short_circuit_decorator.py
[2024-05-04T12:37:34.122+0530] {processor.py:840} INFO - DAG(s) 'example_short_circuit_decorator' retrieved from /usr/local/lib/python3.10/dist-packages/airflow/example_dags/example_short_circuit_decorator.py
[2024-05-04T12:37:34.129+0530] {logging_mixin.py:188} INFO - [2024-05-04T12:37:34.129+0530] {dag.py:3096} INFO - Sync 1 DAGs
[2024-05-04T12:37:34.137+0530] {logging_mixin.py:188} INFO - [2024-05-04T12:37:34.137+0530] {dag.py:3954} INFO - Setting next_dagrun for example_short_circuit_decorator to 2024-05-03 00:00:00+00:00, run_after=2024-05-04 00:00:00+00:00
[2024-05-04T12:37:34.147+0530] {processor.py:183} INFO - Processing /usr/local/lib/python3.10/dist-packages/airflow/example_dags/example_short_circuit_decorator.py took 0.036 seconds
[2024-05-04T12:38:27.064+0530] {processor.py:161} INFO - Started process (PID=14050) to work on /usr/local/lib/python3.10/dist-packages/airflow/example_dags/example_short_circuit_decorator.py
[2024-05-04T12:38:27.065+0530] {processor.py:830} INFO - Processing file /usr/local/lib/python3.10/dist-packages/airflow/example_dags/example_short_circuit_decorator.py for tasks to queue
[2024-05-04T12:38:27.065+0530] {logging_mixin.py:188} INFO - [2024-05-04T12:38:27.065+0530] {dagbag.py:540} INFO - Filling up the DagBag from /usr/local/lib/python3.10/dist-packages/airflow/example_dags/example_short_circuit_decorator.py
[2024-05-04T12:38:27.069+0530] {processor.py:840} INFO - DAG(s) 'example_short_circuit_decorator' retrieved from /usr/local/lib/python3.10/dist-packages/airflow/example_dags/example_short_circuit_decorator.py
[2024-05-04T12:38:27.076+0530] {logging_mixin.py:188} INFO - [2024-05-04T12:38:27.076+0530] {dag.py:3096} INFO - Sync 1 DAGs
[2024-05-04T12:38:27.084+0530] {logging_mixin.py:188} INFO - [2024-05-04T12:38:27.084+0530] {dag.py:3954} INFO - Setting next_dagrun for example_short_circuit_decorator to 2024-05-03 00:00:00+00:00, run_after=2024-05-04 00:00:00+00:00
[2024-05-04T12:38:27.094+0530] {processor.py:183} INFO - Processing /usr/local/lib/python3.10/dist-packages/airflow/example_dags/example_short_circuit_decorator.py took 0.035 seconds
[2024-05-04T12:39:21.312+0530] {processor.py:161} INFO - Started process (PID=14312) to work on /usr/local/lib/python3.10/dist-packages/airflow/example_dags/example_short_circuit_decorator.py
[2024-05-04T12:39:21.312+0530] {processor.py:830} INFO - Processing file /usr/local/lib/python3.10/dist-packages/airflow/example_dags/example_short_circuit_decorator.py for tasks to queue
[2024-05-04T12:39:21.313+0530] {logging_mixin.py:188} INFO - [2024-05-04T12:39:21.313+0530] {dagbag.py:540} INFO - Filling up the DagBag from /usr/local/lib/python3.10/dist-packages/airflow/example_dags/example_short_circuit_decorator.py
[2024-05-04T12:39:21.320+0530] {processor.py:840} INFO - DAG(s) 'example_short_circuit_decorator' retrieved from /usr/local/lib/python3.10/dist-packages/airflow/example_dags/example_short_circuit_decorator.py
[2024-05-04T12:39:21.329+0530] {logging_mixin.py:188} INFO - [2024-05-04T12:39:21.328+0530] {dag.py:3096} INFO - Sync 1 DAGs
[2024-05-04T12:39:21.336+0530] {logging_mixin.py:188} INFO - [2024-05-04T12:39:21.336+0530] {dag.py:3954} INFO - Setting next_dagrun for example_short_circuit_decorator to 2024-05-03 00:00:00+00:00, run_after=2024-05-04 00:00:00+00:00
[2024-05-04T12:39:21.345+0530] {processor.py:183} INFO - Processing /usr/local/lib/python3.10/dist-packages/airflow/example_dags/example_short_circuit_decorator.py took 0.036 seconds
[2024-05-04T12:40:12.621+0530] {processor.py:161} INFO - Started process (PID=14518) to work on /usr/local/lib/python3.10/dist-packages/airflow/example_dags/example_short_circuit_decorator.py
[2024-05-04T12:40:12.622+0530] {processor.py:830} INFO - Processing file /usr/local/lib/python3.10/dist-packages/airflow/example_dags/example_short_circuit_decorator.py for tasks to queue
[2024-05-04T12:40:12.622+0530] {logging_mixin.py:188} INFO - [2024-05-04T12:40:12.622+0530] {dagbag.py:540} INFO - Filling up the DagBag from /usr/local/lib/python3.10/dist-packages/airflow/example_dags/example_short_circuit_decorator.py
[2024-05-04T12:40:12.626+0530] {processor.py:840} INFO - DAG(s) 'example_short_circuit_decorator' retrieved from /usr/local/lib/python3.10/dist-packages/airflow/example_dags/example_short_circuit_decorator.py
[2024-05-04T12:40:12.633+0530] {logging_mixin.py:188} INFO - [2024-05-04T12:40:12.633+0530] {dag.py:3096} INFO - Sync 1 DAGs
[2024-05-04T12:40:12.641+0530] {logging_mixin.py:188} INFO - [2024-05-04T12:40:12.640+0530] {dag.py:3954} INFO - Setting next_dagrun for example_short_circuit_decorator to 2024-05-03 00:00:00+00:00, run_after=2024-05-04 00:00:00+00:00
[2024-05-04T12:40:12.651+0530] {processor.py:183} INFO - Processing /usr/local/lib/python3.10/dist-packages/airflow/example_dags/example_short_circuit_decorator.py took 0.033 seconds
[2024-05-04T12:41:03.117+0530] {processor.py:161} INFO - Started process (PID=14695) to work on /usr/local/lib/python3.10/dist-packages/airflow/example_dags/example_short_circuit_decorator.py
[2024-05-04T12:41:03.117+0530] {processor.py:830} INFO - Processing file /usr/local/lib/python3.10/dist-packages/airflow/example_dags/example_short_circuit_decorator.py for tasks to queue
[2024-05-04T12:41:03.119+0530] {logging_mixin.py:188} INFO - [2024-05-04T12:41:03.118+0530] {dagbag.py:540} INFO - Filling up the DagBag from /usr/local/lib/python3.10/dist-packages/airflow/example_dags/example_short_circuit_decorator.py
[2024-05-04T12:41:03.124+0530] {processor.py:840} INFO - DAG(s) 'example_short_circuit_decorator' retrieved from /usr/local/lib/python3.10/dist-packages/airflow/example_dags/example_short_circuit_decorator.py
[2024-05-04T12:41:03.131+0530] {logging_mixin.py:188} INFO - [2024-05-04T12:41:03.131+0530] {dag.py:3096} INFO - Sync 1 DAGs
[2024-05-04T12:41:03.139+0530] {logging_mixin.py:188} INFO - [2024-05-04T12:41:03.138+0530] {dag.py:3954} INFO - Setting next_dagrun for example_short_circuit_decorator to 2024-05-03 00:00:00+00:00, run_after=2024-05-04 00:00:00+00:00
[2024-05-04T12:41:03.148+0530] {processor.py:183} INFO - Processing /usr/local/lib/python3.10/dist-packages/airflow/example_dags/example_short_circuit_decorator.py took 0.040 seconds
[2024-05-04T12:41:53.336+0530] {processor.py:161} INFO - Started process (PID=14856) to work on /usr/local/lib/python3.10/dist-packages/airflow/example_dags/example_short_circuit_decorator.py
[2024-05-04T12:41:53.337+0530] {processor.py:830} INFO - Processing file /usr/local/lib/python3.10/dist-packages/airflow/example_dags/example_short_circuit_decorator.py for tasks to queue
[2024-05-04T12:41:53.338+0530] {logging_mixin.py:188} INFO - [2024-05-04T12:41:53.337+0530] {dagbag.py:540} INFO - Filling up the DagBag from /usr/local/lib/python3.10/dist-packages/airflow/example_dags/example_short_circuit_decorator.py
[2024-05-04T12:41:53.341+0530] {processor.py:840} INFO - DAG(s) 'example_short_circuit_decorator' retrieved from /usr/local/lib/python3.10/dist-packages/airflow/example_dags/example_short_circuit_decorator.py
[2024-05-04T12:41:53.348+0530] {logging_mixin.py:188} INFO - [2024-05-04T12:41:53.348+0530] {dag.py:3096} INFO - Sync 1 DAGs
[2024-05-04T12:41:53.356+0530] {logging_mixin.py:188} INFO - [2024-05-04T12:41:53.356+0530] {dag.py:3954} INFO - Setting next_dagrun for example_short_circuit_decorator to 2024-05-03 00:00:00+00:00, run_after=2024-05-04 00:00:00+00:00
[2024-05-04T12:41:53.366+0530] {processor.py:183} INFO - Processing /usr/local/lib/python3.10/dist-packages/airflow/example_dags/example_short_circuit_decorator.py took 0.035 seconds
[2024-05-04T12:42:42.075+0530] {processor.py:161} INFO - Started process (PID=15021) to work on /usr/local/lib/python3.10/dist-packages/airflow/example_dags/example_short_circuit_decorator.py
[2024-05-04T12:42:42.076+0530] {processor.py:830} INFO - Processing file /usr/local/lib/python3.10/dist-packages/airflow/example_dags/example_short_circuit_decorator.py for tasks to queue
[2024-05-04T12:42:42.078+0530] {logging_mixin.py:188} INFO - [2024-05-04T12:42:42.077+0530] {dagbag.py:540} INFO - Filling up the DagBag from /usr/local/lib/python3.10/dist-packages/airflow/example_dags/example_short_circuit_decorator.py
[2024-05-04T12:42:42.085+0530] {processor.py:840} INFO - DAG(s) 'example_short_circuit_decorator' retrieved from /usr/local/lib/python3.10/dist-packages/airflow/example_dags/example_short_circuit_decorator.py
[2024-05-04T12:42:42.093+0530] {logging_mixin.py:188} INFO - [2024-05-04T12:42:42.093+0530] {dag.py:3096} INFO - Sync 1 DAGs
[2024-05-04T12:42:42.100+0530] {logging_mixin.py:188} INFO - [2024-05-04T12:42:42.100+0530] {dag.py:3954} INFO - Setting next_dagrun for example_short_circuit_decorator to 2024-05-03 00:00:00+00:00, run_after=2024-05-04 00:00:00+00:00
[2024-05-04T12:42:42.110+0530] {processor.py:183} INFO - Processing /usr/local/lib/python3.10/dist-packages/airflow/example_dags/example_short_circuit_decorator.py took 0.038 seconds
[2024-05-04T12:43:35.872+0530] {processor.py:161} INFO - Started process (PID=15191) to work on /usr/local/lib/python3.10/dist-packages/airflow/example_dags/example_short_circuit_decorator.py
[2024-05-04T12:43:35.873+0530] {processor.py:830} INFO - Processing file /usr/local/lib/python3.10/dist-packages/airflow/example_dags/example_short_circuit_decorator.py for tasks to queue
[2024-05-04T12:43:35.874+0530] {logging_mixin.py:188} INFO - [2024-05-04T12:43:35.874+0530] {dagbag.py:540} INFO - Filling up the DagBag from /usr/local/lib/python3.10/dist-packages/airflow/example_dags/example_short_circuit_decorator.py
[2024-05-04T12:43:35.881+0530] {processor.py:840} INFO - DAG(s) 'example_short_circuit_decorator' retrieved from /usr/local/lib/python3.10/dist-packages/airflow/example_dags/example_short_circuit_decorator.py
[2024-05-04T12:43:35.889+0530] {logging_mixin.py:188} INFO - [2024-05-04T12:43:35.888+0530] {dag.py:3096} INFO - Sync 1 DAGs
[2024-05-04T12:43:35.896+0530] {logging_mixin.py:188} INFO - [2024-05-04T12:43:35.896+0530] {dag.py:3954} INFO - Setting next_dagrun for example_short_circuit_decorator to 2024-05-03 00:00:00+00:00, run_after=2024-05-04 00:00:00+00:00
[2024-05-04T12:43:35.906+0530] {processor.py:183} INFO - Processing /usr/local/lib/python3.10/dist-packages/airflow/example_dags/example_short_circuit_decorator.py took 0.036 seconds
[2024-05-04T12:44:27.453+0530] {processor.py:161} INFO - Started process (PID=15373) to work on /usr/local/lib/python3.10/dist-packages/airflow/example_dags/example_short_circuit_decorator.py
[2024-05-04T12:44:27.453+0530] {processor.py:830} INFO - Processing file /usr/local/lib/python3.10/dist-packages/airflow/example_dags/example_short_circuit_decorator.py for tasks to queue
[2024-05-04T12:44:27.454+0530] {logging_mixin.py:188} INFO - [2024-05-04T12:44:27.454+0530] {dagbag.py:540} INFO - Filling up the DagBag from /usr/local/lib/python3.10/dist-packages/airflow/example_dags/example_short_circuit_decorator.py
[2024-05-04T12:44:27.458+0530] {processor.py:840} INFO - DAG(s) 'example_short_circuit_decorator' retrieved from /usr/local/lib/python3.10/dist-packages/airflow/example_dags/example_short_circuit_decorator.py
[2024-05-04T12:44:27.465+0530] {logging_mixin.py:188} INFO - [2024-05-04T12:44:27.465+0530] {dag.py:3096} INFO - Sync 1 DAGs
[2024-05-04T12:44:27.472+0530] {logging_mixin.py:188} INFO - [2024-05-04T12:44:27.472+0530] {dag.py:3954} INFO - Setting next_dagrun for example_short_circuit_decorator to 2024-05-03 00:00:00+00:00, run_after=2024-05-04 00:00:00+00:00
[2024-05-04T12:44:27.482+0530] {processor.py:183} INFO - Processing /usr/local/lib/python3.10/dist-packages/airflow/example_dags/example_short_circuit_decorator.py took 0.034 seconds
[2024-05-04T12:45:16.593+0530] {processor.py:161} INFO - Started process (PID=15557) to work on /usr/local/lib/python3.10/dist-packages/airflow/example_dags/example_short_circuit_decorator.py
[2024-05-04T12:45:16.594+0530] {processor.py:830} INFO - Processing file /usr/local/lib/python3.10/dist-packages/airflow/example_dags/example_short_circuit_decorator.py for tasks to queue
[2024-05-04T12:45:16.595+0530] {logging_mixin.py:188} INFO - [2024-05-04T12:45:16.595+0530] {dagbag.py:540} INFO - Filling up the DagBag from /usr/local/lib/python3.10/dist-packages/airflow/example_dags/example_short_circuit_decorator.py
[2024-05-04T12:45:16.599+0530] {processor.py:840} INFO - DAG(s) 'example_short_circuit_decorator' retrieved from /usr/local/lib/python3.10/dist-packages/airflow/example_dags/example_short_circuit_decorator.py
[2024-05-04T12:45:16.606+0530] {logging_mixin.py:188} INFO - [2024-05-04T12:45:16.606+0530] {dag.py:3096} INFO - Sync 1 DAGs
[2024-05-04T12:45:16.614+0530] {logging_mixin.py:188} INFO - [2024-05-04T12:45:16.613+0530] {dag.py:3954} INFO - Setting next_dagrun for example_short_circuit_decorator to 2024-05-03 00:00:00+00:00, run_after=2024-05-04 00:00:00+00:00
[2024-05-04T12:45:16.623+0530] {processor.py:183} INFO - Processing /usr/local/lib/python3.10/dist-packages/airflow/example_dags/example_short_circuit_decorator.py took 0.035 seconds
[2024-05-04T12:46:05.520+0530] {processor.py:161} INFO - Started process (PID=15782) to work on /usr/local/lib/python3.10/dist-packages/airflow/example_dags/example_short_circuit_decorator.py
[2024-05-04T12:46:05.520+0530] {processor.py:830} INFO - Processing file /usr/local/lib/python3.10/dist-packages/airflow/example_dags/example_short_circuit_decorator.py for tasks to queue
[2024-05-04T12:46:05.522+0530] {logging_mixin.py:188} INFO - [2024-05-04T12:46:05.521+0530] {dagbag.py:540} INFO - Filling up the DagBag from /usr/local/lib/python3.10/dist-packages/airflow/example_dags/example_short_circuit_decorator.py
[2024-05-04T12:46:05.527+0530] {processor.py:840} INFO - DAG(s) 'example_short_circuit_decorator' retrieved from /usr/local/lib/python3.10/dist-packages/airflow/example_dags/example_short_circuit_decorator.py
[2024-05-04T12:46:05.534+0530] {logging_mixin.py:188} INFO - [2024-05-04T12:46:05.534+0530] {dag.py:3096} INFO - Sync 1 DAGs
[2024-05-04T12:46:05.541+0530] {logging_mixin.py:188} INFO - [2024-05-04T12:46:05.541+0530] {dag.py:3954} INFO - Setting next_dagrun for example_short_circuit_decorator to 2024-05-03 00:00:00+00:00, run_after=2024-05-04 00:00:00+00:00
[2024-05-04T12:46:05.551+0530] {processor.py:183} INFO - Processing /usr/local/lib/python3.10/dist-packages/airflow/example_dags/example_short_circuit_decorator.py took 0.039 seconds
[2024-05-04T12:46:57.123+0530] {processor.py:161} INFO - Started process (PID=15958) to work on /usr/local/lib/python3.10/dist-packages/airflow/example_dags/example_short_circuit_decorator.py
[2024-05-04T12:46:57.124+0530] {processor.py:830} INFO - Processing file /usr/local/lib/python3.10/dist-packages/airflow/example_dags/example_short_circuit_decorator.py for tasks to queue
[2024-05-04T12:46:57.125+0530] {logging_mixin.py:188} INFO - [2024-05-04T12:46:57.125+0530] {dagbag.py:540} INFO - Filling up the DagBag from /usr/local/lib/python3.10/dist-packages/airflow/example_dags/example_short_circuit_decorator.py
[2024-05-04T12:46:57.132+0530] {processor.py:840} INFO - DAG(s) 'example_short_circuit_decorator' retrieved from /usr/local/lib/python3.10/dist-packages/airflow/example_dags/example_short_circuit_decorator.py
[2024-05-04T12:46:57.140+0530] {logging_mixin.py:188} INFO - [2024-05-04T12:46:57.140+0530] {dag.py:3096} INFO - Sync 1 DAGs
[2024-05-04T12:46:57.147+0530] {logging_mixin.py:188} INFO - [2024-05-04T12:46:57.147+0530] {dag.py:3954} INFO - Setting next_dagrun for example_short_circuit_decorator to 2024-05-03 00:00:00+00:00, run_after=2024-05-04 00:00:00+00:00
[2024-05-04T12:46:57.157+0530] {processor.py:183} INFO - Processing /usr/local/lib/python3.10/dist-packages/airflow/example_dags/example_short_circuit_decorator.py took 0.040 seconds
[2024-05-04T12:47:48.541+0530] {processor.py:161} INFO - Started process (PID=16158) to work on /usr/local/lib/python3.10/dist-packages/airflow/example_dags/example_short_circuit_decorator.py
[2024-05-04T12:47:48.542+0530] {processor.py:830} INFO - Processing file /usr/local/lib/python3.10/dist-packages/airflow/example_dags/example_short_circuit_decorator.py for tasks to queue
[2024-05-04T12:47:48.543+0530] {logging_mixin.py:188} INFO - [2024-05-04T12:47:48.543+0530] {dagbag.py:540} INFO - Filling up the DagBag from /usr/local/lib/python3.10/dist-packages/airflow/example_dags/example_short_circuit_decorator.py
[2024-05-04T12:47:48.551+0530] {processor.py:840} INFO - DAG(s) 'example_short_circuit_decorator' retrieved from /usr/local/lib/python3.10/dist-packages/airflow/example_dags/example_short_circuit_decorator.py
[2024-05-04T12:47:48.557+0530] {logging_mixin.py:188} INFO - [2024-05-04T12:47:48.557+0530] {dag.py:3096} INFO - Sync 1 DAGs
[2024-05-04T12:47:48.565+0530] {logging_mixin.py:188} INFO - [2024-05-04T12:47:48.565+0530] {dag.py:3954} INFO - Setting next_dagrun for example_short_circuit_decorator to 2024-05-03 00:00:00+00:00, run_after=2024-05-04 00:00:00+00:00
[2024-05-04T12:47:48.575+0530] {processor.py:183} INFO - Processing /usr/local/lib/python3.10/dist-packages/airflow/example_dags/example_short_circuit_decorator.py took 0.038 seconds
[2024-05-04T12:48:40.030+0530] {processor.py:161} INFO - Started process (PID=16329) to work on /usr/local/lib/python3.10/dist-packages/airflow/example_dags/example_short_circuit_decorator.py
[2024-05-04T12:48:40.031+0530] {processor.py:830} INFO - Processing file /usr/local/lib/python3.10/dist-packages/airflow/example_dags/example_short_circuit_decorator.py for tasks to queue
[2024-05-04T12:48:40.032+0530] {logging_mixin.py:188} INFO - [2024-05-04T12:48:40.031+0530] {dagbag.py:540} INFO - Filling up the DagBag from /usr/local/lib/python3.10/dist-packages/airflow/example_dags/example_short_circuit_decorator.py
[2024-05-04T12:48:40.039+0530] {processor.py:840} INFO - DAG(s) 'example_short_circuit_decorator' retrieved from /usr/local/lib/python3.10/dist-packages/airflow/example_dags/example_short_circuit_decorator.py
[2024-05-04T12:48:40.046+0530] {logging_mixin.py:188} INFO - [2024-05-04T12:48:40.046+0530] {dag.py:3096} INFO - Sync 1 DAGs
[2024-05-04T12:48:40.054+0530] {logging_mixin.py:188} INFO - [2024-05-04T12:48:40.054+0530] {dag.py:3954} INFO - Setting next_dagrun for example_short_circuit_decorator to 2024-05-03 00:00:00+00:00, run_after=2024-05-04 00:00:00+00:00
[2024-05-04T12:48:40.064+0530] {processor.py:183} INFO - Processing /usr/local/lib/python3.10/dist-packages/airflow/example_dags/example_short_circuit_decorator.py took 0.038 seconds
[2024-05-04T12:49:32.299+0530] {processor.py:161} INFO - Started process (PID=16508) to work on /usr/local/lib/python3.10/dist-packages/airflow/example_dags/example_short_circuit_decorator.py
[2024-05-04T12:49:32.299+0530] {processor.py:830} INFO - Processing file /usr/local/lib/python3.10/dist-packages/airflow/example_dags/example_short_circuit_decorator.py for tasks to queue
[2024-05-04T12:49:32.300+0530] {logging_mixin.py:188} INFO - [2024-05-04T12:49:32.300+0530] {dagbag.py:540} INFO - Filling up the DagBag from /usr/local/lib/python3.10/dist-packages/airflow/example_dags/example_short_circuit_decorator.py
[2024-05-04T12:49:32.308+0530] {processor.py:840} INFO - DAG(s) 'example_short_circuit_decorator' retrieved from /usr/local/lib/python3.10/dist-packages/airflow/example_dags/example_short_circuit_decorator.py
[2024-05-04T12:49:32.315+0530] {logging_mixin.py:188} INFO - [2024-05-04T12:49:32.315+0530] {dag.py:3096} INFO - Sync 1 DAGs
[2024-05-04T12:49:32.322+0530] {logging_mixin.py:188} INFO - [2024-05-04T12:49:32.322+0530] {dag.py:3954} INFO - Setting next_dagrun for example_short_circuit_decorator to 2024-05-03 00:00:00+00:00, run_after=2024-05-04 00:00:00+00:00
[2024-05-04T12:49:32.332+0530] {processor.py:183} INFO - Processing /usr/local/lib/python3.10/dist-packages/airflow/example_dags/example_short_circuit_decorator.py took 0.039 seconds
[2024-05-04T12:50:25.905+0530] {processor.py:161} INFO - Started process (PID=16780) to work on /usr/local/lib/python3.10/dist-packages/airflow/example_dags/example_short_circuit_decorator.py
[2024-05-04T12:50:25.905+0530] {processor.py:830} INFO - Processing file /usr/local/lib/python3.10/dist-packages/airflow/example_dags/example_short_circuit_decorator.py for tasks to queue
[2024-05-04T12:50:25.907+0530] {logging_mixin.py:188} INFO - [2024-05-04T12:50:25.906+0530] {dagbag.py:540} INFO - Filling up the DagBag from /usr/local/lib/python3.10/dist-packages/airflow/example_dags/example_short_circuit_decorator.py
[2024-05-04T12:50:25.913+0530] {processor.py:840} INFO - DAG(s) 'example_short_circuit_decorator' retrieved from /usr/local/lib/python3.10/dist-packages/airflow/example_dags/example_short_circuit_decorator.py
[2024-05-04T12:50:25.921+0530] {logging_mixin.py:188} INFO - [2024-05-04T12:50:25.921+0530] {dag.py:3096} INFO - Sync 1 DAGs
[2024-05-04T12:50:25.928+0530] {logging_mixin.py:188} INFO - [2024-05-04T12:50:25.928+0530] {dag.py:3954} INFO - Setting next_dagrun for example_short_circuit_decorator to 2024-05-03 00:00:00+00:00, run_after=2024-05-04 00:00:00+00:00
[2024-05-04T12:50:25.939+0530] {processor.py:183} INFO - Processing /usr/local/lib/python3.10/dist-packages/airflow/example_dags/example_short_circuit_decorator.py took 0.037 seconds
[2024-05-04T12:51:15.061+0530] {processor.py:161} INFO - Started process (PID=16911) to work on /usr/local/lib/python3.10/dist-packages/airflow/example_dags/example_short_circuit_decorator.py
[2024-05-04T12:51:15.061+0530] {processor.py:830} INFO - Processing file /usr/local/lib/python3.10/dist-packages/airflow/example_dags/example_short_circuit_decorator.py for tasks to queue
[2024-05-04T12:51:15.063+0530] {logging_mixin.py:188} INFO - [2024-05-04T12:51:15.062+0530] {dagbag.py:540} INFO - Filling up the DagBag from /usr/local/lib/python3.10/dist-packages/airflow/example_dags/example_short_circuit_decorator.py
[2024-05-04T12:51:15.070+0530] {processor.py:840} INFO - DAG(s) 'example_short_circuit_decorator' retrieved from /usr/local/lib/python3.10/dist-packages/airflow/example_dags/example_short_circuit_decorator.py
[2024-05-04T12:51:15.078+0530] {logging_mixin.py:188} INFO - [2024-05-04T12:51:15.077+0530] {dag.py:3096} INFO - Sync 1 DAGs
[2024-05-04T12:51:15.085+0530] {logging_mixin.py:188} INFO - [2024-05-04T12:51:15.085+0530] {dag.py:3954} INFO - Setting next_dagrun for example_short_circuit_decorator to 2024-05-03 00:00:00+00:00, run_after=2024-05-04 00:00:00+00:00
[2024-05-04T12:51:15.096+0530] {processor.py:183} INFO - Processing /usr/local/lib/python3.10/dist-packages/airflow/example_dags/example_short_circuit_decorator.py took 0.041 seconds
[2024-05-04T12:52:05.641+0530] {processor.py:161} INFO - Started process (PID=17044) to work on /usr/local/lib/python3.10/dist-packages/airflow/example_dags/example_short_circuit_decorator.py
[2024-05-04T12:52:05.641+0530] {processor.py:830} INFO - Processing file /usr/local/lib/python3.10/dist-packages/airflow/example_dags/example_short_circuit_decorator.py for tasks to queue
[2024-05-04T12:52:05.642+0530] {logging_mixin.py:188} INFO - [2024-05-04T12:52:05.642+0530] {dagbag.py:540} INFO - Filling up the DagBag from /usr/local/lib/python3.10/dist-packages/airflow/example_dags/example_short_circuit_decorator.py
[2024-05-04T12:52:05.649+0530] {processor.py:840} INFO - DAG(s) 'example_short_circuit_decorator' retrieved from /usr/local/lib/python3.10/dist-packages/airflow/example_dags/example_short_circuit_decorator.py
[2024-05-04T12:52:05.657+0530] {logging_mixin.py:188} INFO - [2024-05-04T12:52:05.657+0530] {dag.py:3096} INFO - Sync 1 DAGs
[2024-05-04T12:52:05.664+0530] {logging_mixin.py:188} INFO - [2024-05-04T12:52:05.664+0530] {dag.py:3954} INFO - Setting next_dagrun for example_short_circuit_decorator to 2024-05-03 00:00:00+00:00, run_after=2024-05-04 00:00:00+00:00
[2024-05-04T12:52:05.674+0530] {processor.py:183} INFO - Processing /usr/local/lib/python3.10/dist-packages/airflow/example_dags/example_short_circuit_decorator.py took 0.040 seconds
[2024-05-04T12:52:57.005+0530] {processor.py:161} INFO - Started process (PID=17176) to work on /usr/local/lib/python3.10/dist-packages/airflow/example_dags/example_short_circuit_decorator.py
[2024-05-04T12:52:57.007+0530] {processor.py:830} INFO - Processing file /usr/local/lib/python3.10/dist-packages/airflow/example_dags/example_short_circuit_decorator.py for tasks to queue
[2024-05-04T12:52:57.010+0530] {logging_mixin.py:188} INFO - [2024-05-04T12:52:57.009+0530] {dagbag.py:540} INFO - Filling up the DagBag from /usr/local/lib/python3.10/dist-packages/airflow/example_dags/example_short_circuit_decorator.py
[2024-05-04T12:52:57.020+0530] {processor.py:840} INFO - DAG(s) 'example_short_circuit_decorator' retrieved from /usr/local/lib/python3.10/dist-packages/airflow/example_dags/example_short_circuit_decorator.py
[2024-05-04T12:52:57.027+0530] {logging_mixin.py:188} INFO - [2024-05-04T12:52:57.027+0530] {dag.py:3096} INFO - Sync 1 DAGs
[2024-05-04T12:52:57.034+0530] {logging_mixin.py:188} INFO - [2024-05-04T12:52:57.034+0530] {dag.py:3954} INFO - Setting next_dagrun for example_short_circuit_decorator to 2024-05-03 00:00:00+00:00, run_after=2024-05-04 00:00:00+00:00
[2024-05-04T12:52:57.045+0530] {processor.py:183} INFO - Processing /usr/local/lib/python3.10/dist-packages/airflow/example_dags/example_short_circuit_decorator.py took 0.049 seconds
[2024-05-04T12:53:48.017+0530] {processor.py:161} INFO - Started process (PID=17330) to work on /usr/local/lib/python3.10/dist-packages/airflow/example_dags/example_short_circuit_decorator.py
[2024-05-04T12:53:48.018+0530] {processor.py:830} INFO - Processing file /usr/local/lib/python3.10/dist-packages/airflow/example_dags/example_short_circuit_decorator.py for tasks to queue
[2024-05-04T12:53:48.019+0530] {logging_mixin.py:188} INFO - [2024-05-04T12:53:48.019+0530] {dagbag.py:540} INFO - Filling up the DagBag from /usr/local/lib/python3.10/dist-packages/airflow/example_dags/example_short_circuit_decorator.py
[2024-05-04T12:53:48.026+0530] {processor.py:840} INFO - DAG(s) 'example_short_circuit_decorator' retrieved from /usr/local/lib/python3.10/dist-packages/airflow/example_dags/example_short_circuit_decorator.py
[2024-05-04T12:53:48.034+0530] {logging_mixin.py:188} INFO - [2024-05-04T12:53:48.034+0530] {dag.py:3096} INFO - Sync 1 DAGs
[2024-05-04T12:53:48.041+0530] {logging_mixin.py:188} INFO - [2024-05-04T12:53:48.041+0530] {dag.py:3954} INFO - Setting next_dagrun for example_short_circuit_decorator to 2024-05-03 00:00:00+00:00, run_after=2024-05-04 00:00:00+00:00
[2024-05-04T12:53:48.052+0530] {processor.py:183} INFO - Processing /usr/local/lib/python3.10/dist-packages/airflow/example_dags/example_short_circuit_decorator.py took 0.039 seconds
[2024-05-04T12:54:38.573+0530] {processor.py:161} INFO - Started process (PID=17459) to work on /usr/local/lib/python3.10/dist-packages/airflow/example_dags/example_short_circuit_decorator.py
[2024-05-04T12:54:38.574+0530] {processor.py:830} INFO - Processing file /usr/local/lib/python3.10/dist-packages/airflow/example_dags/example_short_circuit_decorator.py for tasks to queue
[2024-05-04T12:54:38.576+0530] {logging_mixin.py:188} INFO - [2024-05-04T12:54:38.575+0530] {dagbag.py:540} INFO - Filling up the DagBag from /usr/local/lib/python3.10/dist-packages/airflow/example_dags/example_short_circuit_decorator.py
[2024-05-04T12:54:38.583+0530] {processor.py:840} INFO - DAG(s) 'example_short_circuit_decorator' retrieved from /usr/local/lib/python3.10/dist-packages/airflow/example_dags/example_short_circuit_decorator.py
[2024-05-04T12:54:38.590+0530] {logging_mixin.py:188} INFO - [2024-05-04T12:54:38.590+0530] {dag.py:3096} INFO - Sync 1 DAGs
[2024-05-04T12:54:38.598+0530] {logging_mixin.py:188} INFO - [2024-05-04T12:54:38.598+0530] {dag.py:3954} INFO - Setting next_dagrun for example_short_circuit_decorator to 2024-05-03 00:00:00+00:00, run_after=2024-05-04 00:00:00+00:00
[2024-05-04T12:54:38.608+0530] {processor.py:183} INFO - Processing /usr/local/lib/python3.10/dist-packages/airflow/example_dags/example_short_circuit_decorator.py took 0.039 seconds
