[2024-05-04T12:10:18.046+0530] {processor.py:161} INFO - Started process (PID=7434) to work on /usr/local/lib/python3.10/dist-packages/airflow/example_dags/example_params_ui_tutorial.py
[2024-05-04T12:10:18.046+0530] {processor.py:830} INFO - Processing file /usr/local/lib/python3.10/dist-packages/airflow/example_dags/example_params_ui_tutorial.py for tasks to queue
[2024-05-04T12:10:18.047+0530] {logging_mixin.py:188} INFO - [2024-05-04T12:10:18.047+0530] {dagbag.py:540} INFO - Filling up the DagBag from /usr/local/lib/python3.10/dist-packages/airflow/example_dags/example_params_ui_tutorial.py
[2024-05-04T12:10:18.055+0530] {processor.py:840} INFO - DAG(s) 'example_params_ui_tutorial' retrieved from /usr/local/lib/python3.10/dist-packages/airflow/example_dags/example_params_ui_tutorial.py
[2024-05-04T12:10:18.109+0530] {logging_mixin.py:188} INFO - [2024-05-04T12:10:18.109+0530] {dag.py:3096} INFO - Sync 1 DAGs
[2024-05-04T12:10:18.113+0530] {logging_mixin.py:188} INFO - [2024-05-04T12:10:18.113+0530] {dag.py:3954} INFO - Setting next_dagrun for example_params_ui_tutorial to None, run_after=None
[2024-05-04T12:10:18.126+0530] {processor.py:183} INFO - Processing /usr/local/lib/python3.10/dist-packages/airflow/example_dags/example_params_ui_tutorial.py took 0.084 seconds
[2024-05-04T12:11:13.500+0530] {processor.py:161} INFO - Started process (PID=7674) to work on /usr/local/lib/python3.10/dist-packages/airflow/example_dags/example_params_ui_tutorial.py
[2024-05-04T12:11:13.501+0530] {processor.py:830} INFO - Processing file /usr/local/lib/python3.10/dist-packages/airflow/example_dags/example_params_ui_tutorial.py for tasks to queue
[2024-05-04T12:11:13.502+0530] {logging_mixin.py:188} INFO - [2024-05-04T12:11:13.502+0530] {dagbag.py:540} INFO - Filling up the DagBag from /usr/local/lib/python3.10/dist-packages/airflow/example_dags/example_params_ui_tutorial.py
[2024-05-04T12:11:13.508+0530] {processor.py:840} INFO - DAG(s) 'example_params_ui_tutorial' retrieved from /usr/local/lib/python3.10/dist-packages/airflow/example_dags/example_params_ui_tutorial.py
[2024-05-04T12:11:13.530+0530] {logging_mixin.py:188} INFO - [2024-05-04T12:11:13.530+0530] {dag.py:3096} INFO - Sync 1 DAGs
[2024-05-04T12:11:13.535+0530] {logging_mixin.py:188} INFO - [2024-05-04T12:11:13.535+0530] {dag.py:3954} INFO - Setting next_dagrun for example_params_ui_tutorial to None, run_after=None
[2024-05-04T12:11:13.545+0530] {processor.py:183} INFO - Processing /usr/local/lib/python3.10/dist-packages/airflow/example_dags/example_params_ui_tutorial.py took 0.047 seconds
[2024-05-04T12:12:20.927+0530] {processor.py:161} INFO - Started process (PID=8383) to work on /usr/local/lib/python3.10/dist-packages/airflow/example_dags/example_params_ui_tutorial.py
[2024-05-04T12:12:20.928+0530] {processor.py:830} INFO - Processing file /usr/local/lib/python3.10/dist-packages/airflow/example_dags/example_params_ui_tutorial.py for tasks to queue
[2024-05-04T12:12:20.929+0530] {logging_mixin.py:188} INFO - [2024-05-04T12:12:20.929+0530] {dagbag.py:540} INFO - Filling up the DagBag from /usr/local/lib/python3.10/dist-packages/airflow/example_dags/example_params_ui_tutorial.py
[2024-05-04T12:12:20.938+0530] {processor.py:840} INFO - DAG(s) 'example_params_ui_tutorial' retrieved from /usr/local/lib/python3.10/dist-packages/airflow/example_dags/example_params_ui_tutorial.py
[2024-05-04T12:12:20.954+0530] {logging_mixin.py:188} INFO - [2024-05-04T12:12:20.954+0530] {dag.py:3096} INFO - Sync 1 DAGs
[2024-05-04T12:12:20.959+0530] {logging_mixin.py:188} INFO - [2024-05-04T12:12:20.959+0530] {dag.py:3954} INFO - Setting next_dagrun for example_params_ui_tutorial to None, run_after=None
[2024-05-04T12:12:20.969+0530] {processor.py:183} INFO - Processing /usr/local/lib/python3.10/dist-packages/airflow/example_dags/example_params_ui_tutorial.py took 0.047 seconds
[2024-05-04T12:13:21.832+0530] {processor.py:161} INFO - Started process (PID=8988) to work on /usr/local/lib/python3.10/dist-packages/airflow/example_dags/example_params_ui_tutorial.py
[2024-05-04T12:13:21.833+0530] {processor.py:830} INFO - Processing file /usr/local/lib/python3.10/dist-packages/airflow/example_dags/example_params_ui_tutorial.py for tasks to queue
[2024-05-04T12:13:21.834+0530] {logging_mixin.py:188} INFO - [2024-05-04T12:13:21.833+0530] {dagbag.py:540} INFO - Filling up the DagBag from /usr/local/lib/python3.10/dist-packages/airflow/example_dags/example_params_ui_tutorial.py
[2024-05-04T12:13:21.838+0530] {processor.py:840} INFO - DAG(s) 'example_params_ui_tutorial' retrieved from /usr/local/lib/python3.10/dist-packages/airflow/example_dags/example_params_ui_tutorial.py
[2024-05-04T12:13:21.855+0530] {logging_mixin.py:188} INFO - [2024-05-04T12:13:21.854+0530] {dag.py:3096} INFO - Sync 1 DAGs
[2024-05-04T12:13:21.859+0530] {logging_mixin.py:188} INFO - [2024-05-04T12:13:21.859+0530] {dag.py:3954} INFO - Setting next_dagrun for example_params_ui_tutorial to None, run_after=None
[2024-05-04T12:13:21.869+0530] {processor.py:183} INFO - Processing /usr/local/lib/python3.10/dist-packages/airflow/example_dags/example_params_ui_tutorial.py took 0.042 seconds
[2024-05-04T12:14:16.086+0530] {processor.py:161} INFO - Started process (PID=9137) to work on /usr/local/lib/python3.10/dist-packages/airflow/example_dags/example_params_ui_tutorial.py
[2024-05-04T12:14:16.087+0530] {processor.py:830} INFO - Processing file /usr/local/lib/python3.10/dist-packages/airflow/example_dags/example_params_ui_tutorial.py for tasks to queue
[2024-05-04T12:14:16.087+0530] {logging_mixin.py:188} INFO - [2024-05-04T12:14:16.087+0530] {dagbag.py:540} INFO - Filling up the DagBag from /usr/local/lib/python3.10/dist-packages/airflow/example_dags/example_params_ui_tutorial.py
[2024-05-04T12:14:16.092+0530] {processor.py:840} INFO - DAG(s) 'example_params_ui_tutorial' retrieved from /usr/local/lib/python3.10/dist-packages/airflow/example_dags/example_params_ui_tutorial.py
[2024-05-04T12:14:16.109+0530] {logging_mixin.py:188} INFO - [2024-05-04T12:14:16.109+0530] {dag.py:3096} INFO - Sync 1 DAGs
[2024-05-04T12:14:16.113+0530] {logging_mixin.py:188} INFO - [2024-05-04T12:14:16.113+0530] {dag.py:3954} INFO - Setting next_dagrun for example_params_ui_tutorial to None, run_after=None
[2024-05-04T12:14:16.123+0530] {processor.py:183} INFO - Processing /usr/local/lib/python3.10/dist-packages/airflow/example_dags/example_params_ui_tutorial.py took 0.041 seconds
[2024-05-04T12:15:09.728+0530] {processor.py:161} INFO - Started process (PID=9311) to work on /usr/local/lib/python3.10/dist-packages/airflow/example_dags/example_params_ui_tutorial.py
[2024-05-04T12:15:09.729+0530] {processor.py:830} INFO - Processing file /usr/local/lib/python3.10/dist-packages/airflow/example_dags/example_params_ui_tutorial.py for tasks to queue
[2024-05-04T12:15:09.730+0530] {logging_mixin.py:188} INFO - [2024-05-04T12:15:09.730+0530] {dagbag.py:540} INFO - Filling up the DagBag from /usr/local/lib/python3.10/dist-packages/airflow/example_dags/example_params_ui_tutorial.py
[2024-05-04T12:15:09.736+0530] {processor.py:840} INFO - DAG(s) 'example_params_ui_tutorial' retrieved from /usr/local/lib/python3.10/dist-packages/airflow/example_dags/example_params_ui_tutorial.py
[2024-05-04T12:15:09.752+0530] {logging_mixin.py:188} INFO - [2024-05-04T12:15:09.752+0530] {dag.py:3096} INFO - Sync 1 DAGs
[2024-05-04T12:15:09.756+0530] {logging_mixin.py:188} INFO - [2024-05-04T12:15:09.756+0530] {dag.py:3954} INFO - Setting next_dagrun for example_params_ui_tutorial to None, run_after=None
[2024-05-04T12:15:09.767+0530] {processor.py:183} INFO - Processing /usr/local/lib/python3.10/dist-packages/airflow/example_dags/example_params_ui_tutorial.py took 0.046 seconds
[2024-05-04T12:16:00.315+0530] {processor.py:161} INFO - Started process (PID=9478) to work on /usr/local/lib/python3.10/dist-packages/airflow/example_dags/example_params_ui_tutorial.py
[2024-05-04T12:16:00.316+0530] {processor.py:830} INFO - Processing file /usr/local/lib/python3.10/dist-packages/airflow/example_dags/example_params_ui_tutorial.py for tasks to queue
[2024-05-04T12:16:00.318+0530] {logging_mixin.py:188} INFO - [2024-05-04T12:16:00.317+0530] {dagbag.py:540} INFO - Filling up the DagBag from /usr/local/lib/python3.10/dist-packages/airflow/example_dags/example_params_ui_tutorial.py
[2024-05-04T12:16:00.325+0530] {processor.py:840} INFO - DAG(s) 'example_params_ui_tutorial' retrieved from /usr/local/lib/python3.10/dist-packages/airflow/example_dags/example_params_ui_tutorial.py
[2024-05-04T12:16:00.342+0530] {logging_mixin.py:188} INFO - [2024-05-04T12:16:00.342+0530] {dag.py:3096} INFO - Sync 1 DAGs
[2024-05-04T12:16:00.346+0530] {logging_mixin.py:188} INFO - [2024-05-04T12:16:00.346+0530] {dag.py:3954} INFO - Setting next_dagrun for example_params_ui_tutorial to None, run_after=None
[2024-05-04T12:16:00.356+0530] {processor.py:183} INFO - Processing /usr/local/lib/python3.10/dist-packages/airflow/example_dags/example_params_ui_tutorial.py took 0.052 seconds
[2024-05-04T12:16:51.438+0530] {processor.py:161} INFO - Started process (PID=9662) to work on /usr/local/lib/python3.10/dist-packages/airflow/example_dags/example_params_ui_tutorial.py
[2024-05-04T12:16:51.438+0530] {processor.py:830} INFO - Processing file /usr/local/lib/python3.10/dist-packages/airflow/example_dags/example_params_ui_tutorial.py for tasks to queue
[2024-05-04T12:16:51.439+0530] {logging_mixin.py:188} INFO - [2024-05-04T12:16:51.439+0530] {dagbag.py:540} INFO - Filling up the DagBag from /usr/local/lib/python3.10/dist-packages/airflow/example_dags/example_params_ui_tutorial.py
[2024-05-04T12:16:51.443+0530] {processor.py:840} INFO - DAG(s) 'example_params_ui_tutorial' retrieved from /usr/local/lib/python3.10/dist-packages/airflow/example_dags/example_params_ui_tutorial.py
[2024-05-04T12:16:51.460+0530] {logging_mixin.py:188} INFO - [2024-05-04T12:16:51.460+0530] {dag.py:3096} INFO - Sync 1 DAGs
[2024-05-04T12:16:51.464+0530] {logging_mixin.py:188} INFO - [2024-05-04T12:16:51.464+0530] {dag.py:3954} INFO - Setting next_dagrun for example_params_ui_tutorial to None, run_after=None
[2024-05-04T12:16:51.474+0530] {processor.py:183} INFO - Processing /usr/local/lib/python3.10/dist-packages/airflow/example_dags/example_params_ui_tutorial.py took 0.041 seconds
[2024-05-04T12:17:52.895+0530] {processor.py:161} INFO - Started process (PID=10425) to work on /usr/local/lib/python3.10/dist-packages/airflow/example_dags/example_params_ui_tutorial.py
[2024-05-04T12:17:52.896+0530] {processor.py:830} INFO - Processing file /usr/local/lib/python3.10/dist-packages/airflow/example_dags/example_params_ui_tutorial.py for tasks to queue
[2024-05-04T12:17:52.897+0530] {logging_mixin.py:188} INFO - [2024-05-04T12:17:52.897+0530] {dagbag.py:540} INFO - Filling up the DagBag from /usr/local/lib/python3.10/dist-packages/airflow/example_dags/example_params_ui_tutorial.py
[2024-05-04T12:17:52.905+0530] {processor.py:840} INFO - DAG(s) 'example_params_ui_tutorial' retrieved from /usr/local/lib/python3.10/dist-packages/airflow/example_dags/example_params_ui_tutorial.py
[2024-05-04T12:17:52.922+0530] {logging_mixin.py:188} INFO - [2024-05-04T12:17:52.922+0530] {dag.py:3096} INFO - Sync 1 DAGs
[2024-05-04T12:17:52.927+0530] {logging_mixin.py:188} INFO - [2024-05-04T12:17:52.926+0530] {dag.py:3954} INFO - Setting next_dagrun for example_params_ui_tutorial to None, run_after=None
[2024-05-04T12:17:52.937+0530] {processor.py:183} INFO - Processing /usr/local/lib/python3.10/dist-packages/airflow/example_dags/example_params_ui_tutorial.py took 0.045 seconds
[2024-05-04T12:18:59.419+0530] {processor.py:161} INFO - Started process (PID=10861) to work on /usr/local/lib/python3.10/dist-packages/airflow/example_dags/example_params_ui_tutorial.py
[2024-05-04T12:18:59.420+0530] {processor.py:830} INFO - Processing file /usr/local/lib/python3.10/dist-packages/airflow/example_dags/example_params_ui_tutorial.py for tasks to queue
[2024-05-04T12:18:59.422+0530] {logging_mixin.py:188} INFO - [2024-05-04T12:18:59.421+0530] {dagbag.py:540} INFO - Filling up the DagBag from /usr/local/lib/python3.10/dist-packages/airflow/example_dags/example_params_ui_tutorial.py
[2024-05-04T12:18:59.430+0530] {processor.py:840} INFO - DAG(s) 'example_params_ui_tutorial' retrieved from /usr/local/lib/python3.10/dist-packages/airflow/example_dags/example_params_ui_tutorial.py
[2024-05-04T12:18:59.447+0530] {logging_mixin.py:188} INFO - [2024-05-04T12:18:59.447+0530] {dag.py:3096} INFO - Sync 1 DAGs
[2024-05-04T12:18:59.451+0530] {logging_mixin.py:188} INFO - [2024-05-04T12:18:59.451+0530] {dag.py:3954} INFO - Setting next_dagrun for example_params_ui_tutorial to None, run_after=None
[2024-05-04T12:18:59.461+0530] {processor.py:183} INFO - Processing /usr/local/lib/python3.10/dist-packages/airflow/example_dags/example_params_ui_tutorial.py took 0.047 seconds
[2024-05-04T12:19:52.473+0530] {processor.py:161} INFO - Started process (PID=11018) to work on /usr/local/lib/python3.10/dist-packages/airflow/example_dags/example_params_ui_tutorial.py
[2024-05-04T12:19:52.474+0530] {processor.py:830} INFO - Processing file /usr/local/lib/python3.10/dist-packages/airflow/example_dags/example_params_ui_tutorial.py for tasks to queue
[2024-05-04T12:19:52.475+0530] {logging_mixin.py:188} INFO - [2024-05-04T12:19:52.475+0530] {dagbag.py:540} INFO - Filling up the DagBag from /usr/local/lib/python3.10/dist-packages/airflow/example_dags/example_params_ui_tutorial.py
[2024-05-04T12:19:52.487+0530] {processor.py:840} INFO - DAG(s) 'example_params_ui_tutorial' retrieved from /usr/local/lib/python3.10/dist-packages/airflow/example_dags/example_params_ui_tutorial.py
[2024-05-04T12:19:52.505+0530] {logging_mixin.py:188} INFO - [2024-05-04T12:19:52.505+0530] {dag.py:3096} INFO - Sync 1 DAGs
[2024-05-04T12:19:52.509+0530] {logging_mixin.py:188} INFO - [2024-05-04T12:19:52.509+0530] {dag.py:3954} INFO - Setting next_dagrun for example_params_ui_tutorial to None, run_after=None
[2024-05-04T12:19:52.520+0530] {processor.py:183} INFO - Processing /usr/local/lib/python3.10/dist-packages/airflow/example_dags/example_params_ui_tutorial.py took 0.049 seconds
[2024-05-04T12:21:07.406+0530] {processor.py:161} INFO - Started process (PID=11200) to work on /usr/local/lib/python3.10/dist-packages/airflow/example_dags/example_params_ui_tutorial.py
[2024-05-04T12:21:07.407+0530] {processor.py:830} INFO - Processing file /usr/local/lib/python3.10/dist-packages/airflow/example_dags/example_params_ui_tutorial.py for tasks to queue
[2024-05-04T12:21:07.408+0530] {logging_mixin.py:188} INFO - [2024-05-04T12:21:07.407+0530] {dagbag.py:540} INFO - Filling up the DagBag from /usr/local/lib/python3.10/dist-packages/airflow/example_dags/example_params_ui_tutorial.py
[2024-05-04T12:21:07.412+0530] {processor.py:840} INFO - DAG(s) 'example_params_ui_tutorial' retrieved from /usr/local/lib/python3.10/dist-packages/airflow/example_dags/example_params_ui_tutorial.py
[2024-05-04T12:21:07.429+0530] {logging_mixin.py:188} INFO - [2024-05-04T12:21:07.429+0530] {dag.py:3096} INFO - Sync 1 DAGs
[2024-05-04T12:21:07.433+0530] {logging_mixin.py:188} INFO - [2024-05-04T12:21:07.433+0530] {dag.py:3954} INFO - Setting next_dagrun for example_params_ui_tutorial to None, run_after=None
[2024-05-04T12:21:07.443+0530] {processor.py:183} INFO - Processing /usr/local/lib/python3.10/dist-packages/airflow/example_dags/example_params_ui_tutorial.py took 0.041 seconds
[2024-05-04T12:21:59.140+0530] {processor.py:161} INFO - Started process (PID=11322) to work on /usr/local/lib/python3.10/dist-packages/airflow/example_dags/example_params_ui_tutorial.py
[2024-05-04T12:21:59.141+0530] {processor.py:830} INFO - Processing file /usr/local/lib/python3.10/dist-packages/airflow/example_dags/example_params_ui_tutorial.py for tasks to queue
[2024-05-04T12:21:59.142+0530] {logging_mixin.py:188} INFO - [2024-05-04T12:21:59.142+0530] {dagbag.py:540} INFO - Filling up the DagBag from /usr/local/lib/python3.10/dist-packages/airflow/example_dags/example_params_ui_tutorial.py
[2024-05-04T12:21:59.147+0530] {processor.py:840} INFO - DAG(s) 'example_params_ui_tutorial' retrieved from /usr/local/lib/python3.10/dist-packages/airflow/example_dags/example_params_ui_tutorial.py
[2024-05-04T12:21:59.163+0530] {logging_mixin.py:188} INFO - [2024-05-04T12:21:59.163+0530] {dag.py:3096} INFO - Sync 1 DAGs
[2024-05-04T12:21:59.168+0530] {logging_mixin.py:188} INFO - [2024-05-04T12:21:59.168+0530] {dag.py:3954} INFO - Setting next_dagrun for example_params_ui_tutorial to None, run_after=None
[2024-05-04T12:21:59.177+0530] {processor.py:183} INFO - Processing /usr/local/lib/python3.10/dist-packages/airflow/example_dags/example_params_ui_tutorial.py took 0.043 seconds
[2024-05-04T12:22:49.656+0530] {processor.py:161} INFO - Started process (PID=11442) to work on /usr/local/lib/python3.10/dist-packages/airflow/example_dags/example_params_ui_tutorial.py
[2024-05-04T12:22:49.657+0530] {processor.py:830} INFO - Processing file /usr/local/lib/python3.10/dist-packages/airflow/example_dags/example_params_ui_tutorial.py for tasks to queue
[2024-05-04T12:22:49.658+0530] {logging_mixin.py:188} INFO - [2024-05-04T12:22:49.658+0530] {dagbag.py:540} INFO - Filling up the DagBag from /usr/local/lib/python3.10/dist-packages/airflow/example_dags/example_params_ui_tutorial.py
[2024-05-04T12:22:49.663+0530] {processor.py:840} INFO - DAG(s) 'example_params_ui_tutorial' retrieved from /usr/local/lib/python3.10/dist-packages/airflow/example_dags/example_params_ui_tutorial.py
[2024-05-04T12:22:49.679+0530] {logging_mixin.py:188} INFO - [2024-05-04T12:22:49.679+0530] {dag.py:3096} INFO - Sync 1 DAGs
[2024-05-04T12:22:49.684+0530] {logging_mixin.py:188} INFO - [2024-05-04T12:22:49.683+0530] {dag.py:3954} INFO - Setting next_dagrun for example_params_ui_tutorial to None, run_after=None
[2024-05-04T12:22:49.694+0530] {processor.py:183} INFO - Processing /usr/local/lib/python3.10/dist-packages/airflow/example_dags/example_params_ui_tutorial.py took 0.044 seconds
[2024-05-04T12:23:41.208+0530] {processor.py:161} INFO - Started process (PID=11570) to work on /usr/local/lib/python3.10/dist-packages/airflow/example_dags/example_params_ui_tutorial.py
[2024-05-04T12:23:41.208+0530] {processor.py:830} INFO - Processing file /usr/local/lib/python3.10/dist-packages/airflow/example_dags/example_params_ui_tutorial.py for tasks to queue
[2024-05-04T12:23:41.209+0530] {logging_mixin.py:188} INFO - [2024-05-04T12:23:41.209+0530] {dagbag.py:540} INFO - Filling up the DagBag from /usr/local/lib/python3.10/dist-packages/airflow/example_dags/example_params_ui_tutorial.py
[2024-05-04T12:23:41.216+0530] {processor.py:840} INFO - DAG(s) 'example_params_ui_tutorial' retrieved from /usr/local/lib/python3.10/dist-packages/airflow/example_dags/example_params_ui_tutorial.py
[2024-05-04T12:23:41.236+0530] {logging_mixin.py:188} INFO - [2024-05-04T12:23:41.236+0530] {dag.py:3096} INFO - Sync 1 DAGs
[2024-05-04T12:23:41.241+0530] {logging_mixin.py:188} INFO - [2024-05-04T12:23:41.241+0530] {dag.py:3954} INFO - Setting next_dagrun for example_params_ui_tutorial to None, run_after=None
[2024-05-04T12:23:41.253+0530] {processor.py:183} INFO - Processing /usr/local/lib/python3.10/dist-packages/airflow/example_dags/example_params_ui_tutorial.py took 0.050 seconds
[2024-05-04T12:24:32.116+0530] {processor.py:161} INFO - Started process (PID=11777) to work on /usr/local/lib/python3.10/dist-packages/airflow/example_dags/example_params_ui_tutorial.py
[2024-05-04T12:24:32.116+0530] {processor.py:830} INFO - Processing file /usr/local/lib/python3.10/dist-packages/airflow/example_dags/example_params_ui_tutorial.py for tasks to queue
[2024-05-04T12:24:32.117+0530] {logging_mixin.py:188} INFO - [2024-05-04T12:24:32.117+0530] {dagbag.py:540} INFO - Filling up the DagBag from /usr/local/lib/python3.10/dist-packages/airflow/example_dags/example_params_ui_tutorial.py
[2024-05-04T12:24:32.122+0530] {processor.py:840} INFO - DAG(s) 'example_params_ui_tutorial' retrieved from /usr/local/lib/python3.10/dist-packages/airflow/example_dags/example_params_ui_tutorial.py
[2024-05-04T12:24:32.139+0530] {logging_mixin.py:188} INFO - [2024-05-04T12:24:32.139+0530] {dag.py:3096} INFO - Sync 1 DAGs
[2024-05-04T12:24:32.143+0530] {logging_mixin.py:188} INFO - [2024-05-04T12:24:32.143+0530] {dag.py:3954} INFO - Setting next_dagrun for example_params_ui_tutorial to None, run_after=None
[2024-05-04T12:24:32.153+0530] {processor.py:183} INFO - Processing /usr/local/lib/python3.10/dist-packages/airflow/example_dags/example_params_ui_tutorial.py took 0.042 seconds
[2024-05-04T12:25:22.843+0530] {processor.py:161} INFO - Started process (PID=11948) to work on /usr/local/lib/python3.10/dist-packages/airflow/example_dags/example_params_ui_tutorial.py
[2024-05-04T12:25:22.844+0530] {processor.py:830} INFO - Processing file /usr/local/lib/python3.10/dist-packages/airflow/example_dags/example_params_ui_tutorial.py for tasks to queue
[2024-05-04T12:25:22.845+0530] {logging_mixin.py:188} INFO - [2024-05-04T12:25:22.845+0530] {dagbag.py:540} INFO - Filling up the DagBag from /usr/local/lib/python3.10/dist-packages/airflow/example_dags/example_params_ui_tutorial.py
[2024-05-04T12:25:22.854+0530] {processor.py:840} INFO - DAG(s) 'example_params_ui_tutorial' retrieved from /usr/local/lib/python3.10/dist-packages/airflow/example_dags/example_params_ui_tutorial.py
[2024-05-04T12:25:22.876+0530] {logging_mixin.py:188} INFO - [2024-05-04T12:25:22.876+0530] {dag.py:3096} INFO - Sync 1 DAGs
[2024-05-04T12:25:22.880+0530] {logging_mixin.py:188} INFO - [2024-05-04T12:25:22.880+0530] {dag.py:3954} INFO - Setting next_dagrun for example_params_ui_tutorial to None, run_after=None
[2024-05-04T12:25:22.890+0530] {processor.py:183} INFO - Processing /usr/local/lib/python3.10/dist-packages/airflow/example_dags/example_params_ui_tutorial.py took 0.052 seconds
[2024-05-04T12:26:12.863+0530] {processor.py:161} INFO - Started process (PID=12075) to work on /usr/local/lib/python3.10/dist-packages/airflow/example_dags/example_params_ui_tutorial.py
[2024-05-04T12:26:12.864+0530] {processor.py:830} INFO - Processing file /usr/local/lib/python3.10/dist-packages/airflow/example_dags/example_params_ui_tutorial.py for tasks to queue
[2024-05-04T12:26:12.864+0530] {logging_mixin.py:188} INFO - [2024-05-04T12:26:12.864+0530] {dagbag.py:540} INFO - Filling up the DagBag from /usr/local/lib/python3.10/dist-packages/airflow/example_dags/example_params_ui_tutorial.py
[2024-05-04T12:26:12.869+0530] {processor.py:840} INFO - DAG(s) 'example_params_ui_tutorial' retrieved from /usr/local/lib/python3.10/dist-packages/airflow/example_dags/example_params_ui_tutorial.py
[2024-05-04T12:26:12.886+0530] {logging_mixin.py:188} INFO - [2024-05-04T12:26:12.886+0530] {dag.py:3096} INFO - Sync 1 DAGs
[2024-05-04T12:26:12.890+0530] {logging_mixin.py:188} INFO - [2024-05-04T12:26:12.890+0530] {dag.py:3954} INFO - Setting next_dagrun for example_params_ui_tutorial to None, run_after=None
[2024-05-04T12:26:12.900+0530] {processor.py:183} INFO - Processing /usr/local/lib/python3.10/dist-packages/airflow/example_dags/example_params_ui_tutorial.py took 0.042 seconds
[2024-05-04T12:27:04.652+0530] {processor.py:161} INFO - Started process (PID=12203) to work on /usr/local/lib/python3.10/dist-packages/airflow/example_dags/example_params_ui_tutorial.py
[2024-05-04T12:27:04.653+0530] {processor.py:830} INFO - Processing file /usr/local/lib/python3.10/dist-packages/airflow/example_dags/example_params_ui_tutorial.py for tasks to queue
[2024-05-04T12:27:04.654+0530] {logging_mixin.py:188} INFO - [2024-05-04T12:27:04.654+0530] {dagbag.py:540} INFO - Filling up the DagBag from /usr/local/lib/python3.10/dist-packages/airflow/example_dags/example_params_ui_tutorial.py
[2024-05-04T12:27:04.660+0530] {processor.py:840} INFO - DAG(s) 'example_params_ui_tutorial' retrieved from /usr/local/lib/python3.10/dist-packages/airflow/example_dags/example_params_ui_tutorial.py
[2024-05-04T12:27:04.677+0530] {logging_mixin.py:188} INFO - [2024-05-04T12:27:04.677+0530] {dag.py:3096} INFO - Sync 1 DAGs
[2024-05-04T12:27:04.681+0530] {logging_mixin.py:188} INFO - [2024-05-04T12:27:04.681+0530] {dag.py:3954} INFO - Setting next_dagrun for example_params_ui_tutorial to None, run_after=None
[2024-05-04T12:27:04.691+0530] {processor.py:183} INFO - Processing /usr/local/lib/python3.10/dist-packages/airflow/example_dags/example_params_ui_tutorial.py took 0.047 seconds
[2024-05-04T12:27:55.098+0530] {processor.py:161} INFO - Started process (PID=12329) to work on /usr/local/lib/python3.10/dist-packages/airflow/example_dags/example_params_ui_tutorial.py
[2024-05-04T12:27:55.098+0530] {processor.py:830} INFO - Processing file /usr/local/lib/python3.10/dist-packages/airflow/example_dags/example_params_ui_tutorial.py for tasks to queue
[2024-05-04T12:27:55.099+0530] {logging_mixin.py:188} INFO - [2024-05-04T12:27:55.099+0530] {dagbag.py:540} INFO - Filling up the DagBag from /usr/local/lib/python3.10/dist-packages/airflow/example_dags/example_params_ui_tutorial.py
[2024-05-04T12:27:55.103+0530] {processor.py:840} INFO - DAG(s) 'example_params_ui_tutorial' retrieved from /usr/local/lib/python3.10/dist-packages/airflow/example_dags/example_params_ui_tutorial.py
[2024-05-04T12:27:55.120+0530] {logging_mixin.py:188} INFO - [2024-05-04T12:27:55.120+0530] {dag.py:3096} INFO - Sync 1 DAGs
[2024-05-04T12:27:55.124+0530] {logging_mixin.py:188} INFO - [2024-05-04T12:27:55.124+0530] {dag.py:3954} INFO - Setting next_dagrun for example_params_ui_tutorial to None, run_after=None
[2024-05-04T12:27:55.135+0530] {processor.py:183} INFO - Processing /usr/local/lib/python3.10/dist-packages/airflow/example_dags/example_params_ui_tutorial.py took 0.040 seconds
[2024-05-04T12:28:44.916+0530] {processor.py:161} INFO - Started process (PID=12448) to work on /usr/local/lib/python3.10/dist-packages/airflow/example_dags/example_params_ui_tutorial.py
[2024-05-04T12:28:44.917+0530] {processor.py:830} INFO - Processing file /usr/local/lib/python3.10/dist-packages/airflow/example_dags/example_params_ui_tutorial.py for tasks to queue
[2024-05-04T12:28:44.918+0530] {logging_mixin.py:188} INFO - [2024-05-04T12:28:44.918+0530] {dagbag.py:540} INFO - Filling up the DagBag from /usr/local/lib/python3.10/dist-packages/airflow/example_dags/example_params_ui_tutorial.py
[2024-05-04T12:28:44.924+0530] {processor.py:840} INFO - DAG(s) 'example_params_ui_tutorial' retrieved from /usr/local/lib/python3.10/dist-packages/airflow/example_dags/example_params_ui_tutorial.py
[2024-05-04T12:28:44.940+0530] {logging_mixin.py:188} INFO - [2024-05-04T12:28:44.940+0530] {dag.py:3096} INFO - Sync 1 DAGs
[2024-05-04T12:28:44.944+0530] {logging_mixin.py:188} INFO - [2024-05-04T12:28:44.944+0530] {dag.py:3954} INFO - Setting next_dagrun for example_params_ui_tutorial to None, run_after=None
[2024-05-04T12:28:44.954+0530] {processor.py:183} INFO - Processing /usr/local/lib/python3.10/dist-packages/airflow/example_dags/example_params_ui_tutorial.py took 0.044 seconds
[2024-05-04T12:29:35.240+0530] {processor.py:161} INFO - Started process (PID=12573) to work on /usr/local/lib/python3.10/dist-packages/airflow/example_dags/example_params_ui_tutorial.py
[2024-05-04T12:29:35.240+0530] {processor.py:830} INFO - Processing file /usr/local/lib/python3.10/dist-packages/airflow/example_dags/example_params_ui_tutorial.py for tasks to queue
[2024-05-04T12:29:35.242+0530] {logging_mixin.py:188} INFO - [2024-05-04T12:29:35.241+0530] {dagbag.py:540} INFO - Filling up the DagBag from /usr/local/lib/python3.10/dist-packages/airflow/example_dags/example_params_ui_tutorial.py
[2024-05-04T12:29:35.251+0530] {processor.py:840} INFO - DAG(s) 'example_params_ui_tutorial' retrieved from /usr/local/lib/python3.10/dist-packages/airflow/example_dags/example_params_ui_tutorial.py
[2024-05-04T12:29:35.268+0530] {logging_mixin.py:188} INFO - [2024-05-04T12:29:35.268+0530] {dag.py:3096} INFO - Sync 1 DAGs
[2024-05-04T12:29:35.272+0530] {logging_mixin.py:188} INFO - [2024-05-04T12:29:35.272+0530] {dag.py:3954} INFO - Setting next_dagrun for example_params_ui_tutorial to None, run_after=None
[2024-05-04T12:29:35.282+0530] {processor.py:183} INFO - Processing /usr/local/lib/python3.10/dist-packages/airflow/example_dags/example_params_ui_tutorial.py took 0.047 seconds
[2024-05-04T12:30:47.332+0530] {processor.py:161} INFO - Started process (PID=12802) to work on /usr/local/lib/python3.10/dist-packages/airflow/example_dags/example_params_ui_tutorial.py
[2024-05-04T12:30:47.333+0530] {processor.py:830} INFO - Processing file /usr/local/lib/python3.10/dist-packages/airflow/example_dags/example_params_ui_tutorial.py for tasks to queue
[2024-05-04T12:30:47.334+0530] {logging_mixin.py:188} INFO - [2024-05-04T12:30:47.333+0530] {dagbag.py:540} INFO - Filling up the DagBag from /usr/local/lib/python3.10/dist-packages/airflow/example_dags/example_params_ui_tutorial.py
[2024-05-04T12:30:47.338+0530] {processor.py:840} INFO - DAG(s) 'example_params_ui_tutorial' retrieved from /usr/local/lib/python3.10/dist-packages/airflow/example_dags/example_params_ui_tutorial.py
[2024-05-04T12:30:47.358+0530] {logging_mixin.py:188} INFO - [2024-05-04T12:30:47.358+0530] {dag.py:3096} INFO - Sync 1 DAGs
[2024-05-04T12:30:47.365+0530] {logging_mixin.py:188} INFO - [2024-05-04T12:30:47.365+0530] {dag.py:3954} INFO - Setting next_dagrun for example_params_ui_tutorial to None, run_after=None
[2024-05-04T12:30:47.377+0530] {processor.py:183} INFO - Processing /usr/local/lib/python3.10/dist-packages/airflow/example_dags/example_params_ui_tutorial.py took 0.048 seconds
[2024-05-04T12:31:40.084+0530] {processor.py:161} INFO - Started process (PID=12924) to work on /usr/local/lib/python3.10/dist-packages/airflow/example_dags/example_params_ui_tutorial.py
[2024-05-04T12:31:40.085+0530] {processor.py:830} INFO - Processing file /usr/local/lib/python3.10/dist-packages/airflow/example_dags/example_params_ui_tutorial.py for tasks to queue
[2024-05-04T12:31:40.086+0530] {logging_mixin.py:188} INFO - [2024-05-04T12:31:40.086+0530] {dagbag.py:540} INFO - Filling up the DagBag from /usr/local/lib/python3.10/dist-packages/airflow/example_dags/example_params_ui_tutorial.py
[2024-05-04T12:31:40.092+0530] {processor.py:840} INFO - DAG(s) 'example_params_ui_tutorial' retrieved from /usr/local/lib/python3.10/dist-packages/airflow/example_dags/example_params_ui_tutorial.py
[2024-05-04T12:31:40.108+0530] {logging_mixin.py:188} INFO - [2024-05-04T12:31:40.108+0530] {dag.py:3096} INFO - Sync 1 DAGs
[2024-05-04T12:31:40.113+0530] {logging_mixin.py:188} INFO - [2024-05-04T12:31:40.113+0530] {dag.py:3954} INFO - Setting next_dagrun for example_params_ui_tutorial to None, run_after=None
[2024-05-04T12:31:40.123+0530] {processor.py:183} INFO - Processing /usr/local/lib/python3.10/dist-packages/airflow/example_dags/example_params_ui_tutorial.py took 0.046 seconds
[2024-05-04T12:32:30.343+0530] {processor.py:161} INFO - Started process (PID=13054) to work on /usr/local/lib/python3.10/dist-packages/airflow/example_dags/example_params_ui_tutorial.py
[2024-05-04T12:32:30.344+0530] {processor.py:830} INFO - Processing file /usr/local/lib/python3.10/dist-packages/airflow/example_dags/example_params_ui_tutorial.py for tasks to queue
[2024-05-04T12:32:30.345+0530] {logging_mixin.py:188} INFO - [2024-05-04T12:32:30.345+0530] {dagbag.py:540} INFO - Filling up the DagBag from /usr/local/lib/python3.10/dist-packages/airflow/example_dags/example_params_ui_tutorial.py
[2024-05-04T12:32:30.354+0530] {processor.py:840} INFO - DAG(s) 'example_params_ui_tutorial' retrieved from /usr/local/lib/python3.10/dist-packages/airflow/example_dags/example_params_ui_tutorial.py
[2024-05-04T12:32:30.376+0530] {logging_mixin.py:188} INFO - [2024-05-04T12:32:30.376+0530] {dag.py:3096} INFO - Sync 1 DAGs
[2024-05-04T12:32:30.380+0530] {logging_mixin.py:188} INFO - [2024-05-04T12:32:30.380+0530] {dag.py:3954} INFO - Setting next_dagrun for example_params_ui_tutorial to None, run_after=None
[2024-05-04T12:32:30.391+0530] {processor.py:183} INFO - Processing /usr/local/lib/python3.10/dist-packages/airflow/example_dags/example_params_ui_tutorial.py took 0.053 seconds
[2024-05-04T12:33:21.029+0530] {processor.py:161} INFO - Started process (PID=13222) to work on /usr/local/lib/python3.10/dist-packages/airflow/example_dags/example_params_ui_tutorial.py
[2024-05-04T12:33:21.029+0530] {processor.py:830} INFO - Processing file /usr/local/lib/python3.10/dist-packages/airflow/example_dags/example_params_ui_tutorial.py for tasks to queue
[2024-05-04T12:33:21.031+0530] {logging_mixin.py:188} INFO - [2024-05-04T12:33:21.030+0530] {dagbag.py:540} INFO - Filling up the DagBag from /usr/local/lib/python3.10/dist-packages/airflow/example_dags/example_params_ui_tutorial.py
[2024-05-04T12:33:21.036+0530] {processor.py:840} INFO - DAG(s) 'example_params_ui_tutorial' retrieved from /usr/local/lib/python3.10/dist-packages/airflow/example_dags/example_params_ui_tutorial.py
[2024-05-04T12:33:21.052+0530] {logging_mixin.py:188} INFO - [2024-05-04T12:33:21.052+0530] {dag.py:3096} INFO - Sync 1 DAGs
[2024-05-04T12:33:21.057+0530] {logging_mixin.py:188} INFO - [2024-05-04T12:33:21.056+0530] {dag.py:3954} INFO - Setting next_dagrun for example_params_ui_tutorial to None, run_after=None
[2024-05-04T12:33:21.066+0530] {processor.py:183} INFO - Processing /usr/local/lib/python3.10/dist-packages/airflow/example_dags/example_params_ui_tutorial.py took 0.044 seconds
[2024-05-04T12:34:14.863+0530] {processor.py:161} INFO - Started process (PID=13373) to work on /usr/local/lib/python3.10/dist-packages/airflow/example_dags/example_params_ui_tutorial.py
[2024-05-04T12:34:14.863+0530] {processor.py:830} INFO - Processing file /usr/local/lib/python3.10/dist-packages/airflow/example_dags/example_params_ui_tutorial.py for tasks to queue
[2024-05-04T12:34:14.865+0530] {logging_mixin.py:188} INFO - [2024-05-04T12:34:14.864+0530] {dagbag.py:540} INFO - Filling up the DagBag from /usr/local/lib/python3.10/dist-packages/airflow/example_dags/example_params_ui_tutorial.py
[2024-05-04T12:34:14.873+0530] {processor.py:840} INFO - DAG(s) 'example_params_ui_tutorial' retrieved from /usr/local/lib/python3.10/dist-packages/airflow/example_dags/example_params_ui_tutorial.py
[2024-05-04T12:34:14.890+0530] {logging_mixin.py:188} INFO - [2024-05-04T12:34:14.890+0530] {dag.py:3096} INFO - Sync 1 DAGs
[2024-05-04T12:34:14.895+0530] {logging_mixin.py:188} INFO - [2024-05-04T12:34:14.894+0530] {dag.py:3954} INFO - Setting next_dagrun for example_params_ui_tutorial to None, run_after=None
[2024-05-04T12:34:14.905+0530] {processor.py:183} INFO - Processing /usr/local/lib/python3.10/dist-packages/airflow/example_dags/example_params_ui_tutorial.py took 0.047 seconds
[2024-05-04T12:35:07.664+0530] {processor.py:161} INFO - Started process (PID=13566) to work on /usr/local/lib/python3.10/dist-packages/airflow/example_dags/example_params_ui_tutorial.py
[2024-05-04T12:35:07.665+0530] {processor.py:830} INFO - Processing file /usr/local/lib/python3.10/dist-packages/airflow/example_dags/example_params_ui_tutorial.py for tasks to queue
[2024-05-04T12:35:07.666+0530] {logging_mixin.py:188} INFO - [2024-05-04T12:35:07.666+0530] {dagbag.py:540} INFO - Filling up the DagBag from /usr/local/lib/python3.10/dist-packages/airflow/example_dags/example_params_ui_tutorial.py
[2024-05-04T12:35:07.672+0530] {processor.py:840} INFO - DAG(s) 'example_params_ui_tutorial' retrieved from /usr/local/lib/python3.10/dist-packages/airflow/example_dags/example_params_ui_tutorial.py
[2024-05-04T12:35:07.688+0530] {logging_mixin.py:188} INFO - [2024-05-04T12:35:07.688+0530] {dag.py:3096} INFO - Sync 1 DAGs
[2024-05-04T12:35:07.693+0530] {logging_mixin.py:188} INFO - [2024-05-04T12:35:07.692+0530] {dag.py:3954} INFO - Setting next_dagrun for example_params_ui_tutorial to None, run_after=None
[2024-05-04T12:35:07.703+0530] {processor.py:183} INFO - Processing /usr/local/lib/python3.10/dist-packages/airflow/example_dags/example_params_ui_tutorial.py took 0.044 seconds
[2024-05-04T12:35:57.307+0530] {processor.py:161} INFO - Started process (PID=13684) to work on /usr/local/lib/python3.10/dist-packages/airflow/example_dags/example_params_ui_tutorial.py
[2024-05-04T12:35:57.308+0530] {processor.py:830} INFO - Processing file /usr/local/lib/python3.10/dist-packages/airflow/example_dags/example_params_ui_tutorial.py for tasks to queue
[2024-05-04T12:35:57.308+0530] {logging_mixin.py:188} INFO - [2024-05-04T12:35:57.308+0530] {dagbag.py:540} INFO - Filling up the DagBag from /usr/local/lib/python3.10/dist-packages/airflow/example_dags/example_params_ui_tutorial.py
[2024-05-04T12:35:57.313+0530] {processor.py:840} INFO - DAG(s) 'example_params_ui_tutorial' retrieved from /usr/local/lib/python3.10/dist-packages/airflow/example_dags/example_params_ui_tutorial.py
[2024-05-04T12:35:57.331+0530] {logging_mixin.py:188} INFO - [2024-05-04T12:35:57.331+0530] {dag.py:3096} INFO - Sync 1 DAGs
[2024-05-04T12:35:57.335+0530] {logging_mixin.py:188} INFO - [2024-05-04T12:35:57.335+0530] {dag.py:3954} INFO - Setting next_dagrun for example_params_ui_tutorial to None, run_after=None
[2024-05-04T12:35:57.346+0530] {processor.py:183} INFO - Processing /usr/local/lib/python3.10/dist-packages/airflow/example_dags/example_params_ui_tutorial.py took 0.042 seconds
[2024-05-04T12:37:11.870+0530] {processor.py:161} INFO - Started process (PID=13875) to work on /usr/local/lib/python3.10/dist-packages/airflow/example_dags/example_params_ui_tutorial.py
[2024-05-04T12:37:11.871+0530] {processor.py:830} INFO - Processing file /usr/local/lib/python3.10/dist-packages/airflow/example_dags/example_params_ui_tutorial.py for tasks to queue
[2024-05-04T12:37:11.872+0530] {logging_mixin.py:188} INFO - [2024-05-04T12:37:11.872+0530] {dagbag.py:540} INFO - Filling up the DagBag from /usr/local/lib/python3.10/dist-packages/airflow/example_dags/example_params_ui_tutorial.py
[2024-05-04T12:37:11.881+0530] {processor.py:840} INFO - DAG(s) 'example_params_ui_tutorial' retrieved from /usr/local/lib/python3.10/dist-packages/airflow/example_dags/example_params_ui_tutorial.py
[2024-05-04T12:37:11.900+0530] {logging_mixin.py:188} INFO - [2024-05-04T12:37:11.900+0530] {dag.py:3096} INFO - Sync 1 DAGs
[2024-05-04T12:37:11.905+0530] {logging_mixin.py:188} INFO - [2024-05-04T12:37:11.905+0530] {dag.py:3954} INFO - Setting next_dagrun for example_params_ui_tutorial to None, run_after=None
[2024-05-04T12:37:11.915+0530] {processor.py:183} INFO - Processing /usr/local/lib/python3.10/dist-packages/airflow/example_dags/example_params_ui_tutorial.py took 0.049 seconds
[2024-05-04T12:38:04.552+0530] {processor.py:161} INFO - Started process (PID=14004) to work on /usr/local/lib/python3.10/dist-packages/airflow/example_dags/example_params_ui_tutorial.py
[2024-05-04T12:38:04.553+0530] {processor.py:830} INFO - Processing file /usr/local/lib/python3.10/dist-packages/airflow/example_dags/example_params_ui_tutorial.py for tasks to queue
[2024-05-04T12:38:04.554+0530] {logging_mixin.py:188} INFO - [2024-05-04T12:38:04.554+0530] {dagbag.py:540} INFO - Filling up the DagBag from /usr/local/lib/python3.10/dist-packages/airflow/example_dags/example_params_ui_tutorial.py
[2024-05-04T12:38:04.559+0530] {processor.py:840} INFO - DAG(s) 'example_params_ui_tutorial' retrieved from /usr/local/lib/python3.10/dist-packages/airflow/example_dags/example_params_ui_tutorial.py
[2024-05-04T12:38:04.575+0530] {logging_mixin.py:188} INFO - [2024-05-04T12:38:04.575+0530] {dag.py:3096} INFO - Sync 1 DAGs
[2024-05-04T12:38:04.580+0530] {logging_mixin.py:188} INFO - [2024-05-04T12:38:04.580+0530] {dag.py:3954} INFO - Setting next_dagrun for example_params_ui_tutorial to None, run_after=None
[2024-05-04T12:38:04.590+0530] {processor.py:183} INFO - Processing /usr/local/lib/python3.10/dist-packages/airflow/example_dags/example_params_ui_tutorial.py took 0.042 seconds
[2024-05-04T12:38:57.596+0530] {processor.py:161} INFO - Started process (PID=14189) to work on /usr/local/lib/python3.10/dist-packages/airflow/example_dags/example_params_ui_tutorial.py
[2024-05-04T12:38:57.597+0530] {processor.py:830} INFO - Processing file /usr/local/lib/python3.10/dist-packages/airflow/example_dags/example_params_ui_tutorial.py for tasks to queue
[2024-05-04T12:38:57.597+0530] {logging_mixin.py:188} INFO - [2024-05-04T12:38:57.597+0530] {dagbag.py:540} INFO - Filling up the DagBag from /usr/local/lib/python3.10/dist-packages/airflow/example_dags/example_params_ui_tutorial.py
[2024-05-04T12:38:57.605+0530] {processor.py:840} INFO - DAG(s) 'example_params_ui_tutorial' retrieved from /usr/local/lib/python3.10/dist-packages/airflow/example_dags/example_params_ui_tutorial.py
[2024-05-04T12:38:57.621+0530] {logging_mixin.py:188} INFO - [2024-05-04T12:38:57.621+0530] {dag.py:3096} INFO - Sync 1 DAGs
[2024-05-04T12:38:57.626+0530] {logging_mixin.py:188} INFO - [2024-05-04T12:38:57.626+0530] {dag.py:3954} INFO - Setting next_dagrun for example_params_ui_tutorial to None, run_after=None
[2024-05-04T12:38:57.636+0530] {processor.py:183} INFO - Processing /usr/local/lib/python3.10/dist-packages/airflow/example_dags/example_params_ui_tutorial.py took 0.044 seconds
[2024-05-04T12:39:48.682+0530] {processor.py:161} INFO - Started process (PID=14443) to work on /usr/local/lib/python3.10/dist-packages/airflow/example_dags/example_params_ui_tutorial.py
[2024-05-04T12:39:48.682+0530] {processor.py:830} INFO - Processing file /usr/local/lib/python3.10/dist-packages/airflow/example_dags/example_params_ui_tutorial.py for tasks to queue
[2024-05-04T12:39:48.684+0530] {logging_mixin.py:188} INFO - [2024-05-04T12:39:48.684+0530] {dagbag.py:540} INFO - Filling up the DagBag from /usr/local/lib/python3.10/dist-packages/airflow/example_dags/example_params_ui_tutorial.py
[2024-05-04T12:39:48.694+0530] {processor.py:840} INFO - DAG(s) 'example_params_ui_tutorial' retrieved from /usr/local/lib/python3.10/dist-packages/airflow/example_dags/example_params_ui_tutorial.py
[2024-05-04T12:39:48.711+0530] {logging_mixin.py:188} INFO - [2024-05-04T12:39:48.711+0530] {dag.py:3096} INFO - Sync 1 DAGs
[2024-05-04T12:39:48.715+0530] {logging_mixin.py:188} INFO - [2024-05-04T12:39:48.715+0530] {dag.py:3954} INFO - Setting next_dagrun for example_params_ui_tutorial to None, run_after=None
[2024-05-04T12:39:48.726+0530] {processor.py:183} INFO - Processing /usr/local/lib/python3.10/dist-packages/airflow/example_dags/example_params_ui_tutorial.py took 0.049 seconds
[2024-05-04T12:40:39.672+0530] {processor.py:161} INFO - Started process (PID=14625) to work on /usr/local/lib/python3.10/dist-packages/airflow/example_dags/example_params_ui_tutorial.py
[2024-05-04T12:40:39.673+0530] {processor.py:830} INFO - Processing file /usr/local/lib/python3.10/dist-packages/airflow/example_dags/example_params_ui_tutorial.py for tasks to queue
[2024-05-04T12:40:39.674+0530] {logging_mixin.py:188} INFO - [2024-05-04T12:40:39.674+0530] {dagbag.py:540} INFO - Filling up the DagBag from /usr/local/lib/python3.10/dist-packages/airflow/example_dags/example_params_ui_tutorial.py
[2024-05-04T12:40:39.680+0530] {processor.py:840} INFO - DAG(s) 'example_params_ui_tutorial' retrieved from /usr/local/lib/python3.10/dist-packages/airflow/example_dags/example_params_ui_tutorial.py
[2024-05-04T12:40:39.696+0530] {logging_mixin.py:188} INFO - [2024-05-04T12:40:39.696+0530] {dag.py:3096} INFO - Sync 1 DAGs
[2024-05-04T12:40:39.701+0530] {logging_mixin.py:188} INFO - [2024-05-04T12:40:39.701+0530] {dag.py:3954} INFO - Setting next_dagrun for example_params_ui_tutorial to None, run_after=None
[2024-05-04T12:40:39.711+0530] {processor.py:183} INFO - Processing /usr/local/lib/python3.10/dist-packages/airflow/example_dags/example_params_ui_tutorial.py took 0.046 seconds
[2024-05-04T12:41:31.612+0530] {processor.py:161} INFO - Started process (PID=14790) to work on /usr/local/lib/python3.10/dist-packages/airflow/example_dags/example_params_ui_tutorial.py
[2024-05-04T12:41:31.612+0530] {processor.py:830} INFO - Processing file /usr/local/lib/python3.10/dist-packages/airflow/example_dags/example_params_ui_tutorial.py for tasks to queue
[2024-05-04T12:41:31.614+0530] {logging_mixin.py:188} INFO - [2024-05-04T12:41:31.613+0530] {dagbag.py:540} INFO - Filling up the DagBag from /usr/local/lib/python3.10/dist-packages/airflow/example_dags/example_params_ui_tutorial.py
[2024-05-04T12:41:31.619+0530] {processor.py:840} INFO - DAG(s) 'example_params_ui_tutorial' retrieved from /usr/local/lib/python3.10/dist-packages/airflow/example_dags/example_params_ui_tutorial.py
[2024-05-04T12:41:31.636+0530] {logging_mixin.py:188} INFO - [2024-05-04T12:41:31.636+0530] {dag.py:3096} INFO - Sync 1 DAGs
[2024-05-04T12:41:31.640+0530] {logging_mixin.py:188} INFO - [2024-05-04T12:41:31.640+0530] {dag.py:3954} INFO - Setting next_dagrun for example_params_ui_tutorial to None, run_after=None
[2024-05-04T12:41:31.651+0530] {processor.py:183} INFO - Processing /usr/local/lib/python3.10/dist-packages/airflow/example_dags/example_params_ui_tutorial.py took 0.046 seconds
[2024-05-04T12:42:22.606+0530] {processor.py:161} INFO - Started process (PID=14966) to work on /usr/local/lib/python3.10/dist-packages/airflow/example_dags/example_params_ui_tutorial.py
[2024-05-04T12:42:22.606+0530] {processor.py:830} INFO - Processing file /usr/local/lib/python3.10/dist-packages/airflow/example_dags/example_params_ui_tutorial.py for tasks to queue
[2024-05-04T12:42:22.608+0530] {logging_mixin.py:188} INFO - [2024-05-04T12:42:22.608+0530] {dagbag.py:540} INFO - Filling up the DagBag from /usr/local/lib/python3.10/dist-packages/airflow/example_dags/example_params_ui_tutorial.py
[2024-05-04T12:42:22.617+0530] {processor.py:840} INFO - DAG(s) 'example_params_ui_tutorial' retrieved from /usr/local/lib/python3.10/dist-packages/airflow/example_dags/example_params_ui_tutorial.py
[2024-05-04T12:42:22.634+0530] {logging_mixin.py:188} INFO - [2024-05-04T12:42:22.634+0530] {dag.py:3096} INFO - Sync 1 DAGs
[2024-05-04T12:42:22.638+0530] {logging_mixin.py:188} INFO - [2024-05-04T12:42:22.638+0530] {dag.py:3954} INFO - Setting next_dagrun for example_params_ui_tutorial to None, run_after=None
[2024-05-04T12:42:22.648+0530] {processor.py:183} INFO - Processing /usr/local/lib/python3.10/dist-packages/airflow/example_dags/example_params_ui_tutorial.py took 0.048 seconds
[2024-05-04T12:43:12.992+0530] {processor.py:161} INFO - Started process (PID=15127) to work on /usr/local/lib/python3.10/dist-packages/airflow/example_dags/example_params_ui_tutorial.py
[2024-05-04T12:43:12.993+0530] {processor.py:830} INFO - Processing file /usr/local/lib/python3.10/dist-packages/airflow/example_dags/example_params_ui_tutorial.py for tasks to queue
[2024-05-04T12:43:12.994+0530] {logging_mixin.py:188} INFO - [2024-05-04T12:43:12.994+0530] {dagbag.py:540} INFO - Filling up the DagBag from /usr/local/lib/python3.10/dist-packages/airflow/example_dags/example_params_ui_tutorial.py
[2024-05-04T12:43:13.000+0530] {processor.py:840} INFO - DAG(s) 'example_params_ui_tutorial' retrieved from /usr/local/lib/python3.10/dist-packages/airflow/example_dags/example_params_ui_tutorial.py
[2024-05-04T12:43:13.016+0530] {logging_mixin.py:188} INFO - [2024-05-04T12:43:13.016+0530] {dag.py:3096} INFO - Sync 1 DAGs
[2024-05-04T12:43:13.021+0530] {logging_mixin.py:188} INFO - [2024-05-04T12:43:13.020+0530] {dag.py:3954} INFO - Setting next_dagrun for example_params_ui_tutorial to None, run_after=None
[2024-05-04T12:43:13.030+0530] {processor.py:183} INFO - Processing /usr/local/lib/python3.10/dist-packages/airflow/example_dags/example_params_ui_tutorial.py took 0.044 seconds
[2024-05-04T12:44:03.423+0530] {processor.py:161} INFO - Started process (PID=15302) to work on /usr/local/lib/python3.10/dist-packages/airflow/example_dags/example_params_ui_tutorial.py
[2024-05-04T12:44:03.424+0530] {processor.py:830} INFO - Processing file /usr/local/lib/python3.10/dist-packages/airflow/example_dags/example_params_ui_tutorial.py for tasks to queue
[2024-05-04T12:44:03.425+0530] {logging_mixin.py:188} INFO - [2024-05-04T12:44:03.424+0530] {dagbag.py:540} INFO - Filling up the DagBag from /usr/local/lib/python3.10/dist-packages/airflow/example_dags/example_params_ui_tutorial.py
[2024-05-04T12:44:03.434+0530] {processor.py:840} INFO - DAG(s) 'example_params_ui_tutorial' retrieved from /usr/local/lib/python3.10/dist-packages/airflow/example_dags/example_params_ui_tutorial.py
[2024-05-04T12:44:03.451+0530] {logging_mixin.py:188} INFO - [2024-05-04T12:44:03.450+0530] {dag.py:3096} INFO - Sync 1 DAGs
[2024-05-04T12:44:03.455+0530] {logging_mixin.py:188} INFO - [2024-05-04T12:44:03.455+0530] {dag.py:3954} INFO - Setting next_dagrun for example_params_ui_tutorial to None, run_after=None
[2024-05-04T12:44:03.465+0530] {processor.py:183} INFO - Processing /usr/local/lib/python3.10/dist-packages/airflow/example_dags/example_params_ui_tutorial.py took 0.047 seconds
[2024-05-04T12:44:53.914+0530] {processor.py:161} INFO - Started process (PID=15496) to work on /usr/local/lib/python3.10/dist-packages/airflow/example_dags/example_params_ui_tutorial.py
[2024-05-04T12:44:53.915+0530] {processor.py:830} INFO - Processing file /usr/local/lib/python3.10/dist-packages/airflow/example_dags/example_params_ui_tutorial.py for tasks to queue
[2024-05-04T12:44:53.917+0530] {logging_mixin.py:188} INFO - [2024-05-04T12:44:53.917+0530] {dagbag.py:540} INFO - Filling up the DagBag from /usr/local/lib/python3.10/dist-packages/airflow/example_dags/example_params_ui_tutorial.py
[2024-05-04T12:44:53.926+0530] {processor.py:840} INFO - DAG(s) 'example_params_ui_tutorial' retrieved from /usr/local/lib/python3.10/dist-packages/airflow/example_dags/example_params_ui_tutorial.py
[2024-05-04T12:44:53.942+0530] {logging_mixin.py:188} INFO - [2024-05-04T12:44:53.942+0530] {dag.py:3096} INFO - Sync 1 DAGs
[2024-05-04T12:44:53.947+0530] {logging_mixin.py:188} INFO - [2024-05-04T12:44:53.947+0530] {dag.py:3954} INFO - Setting next_dagrun for example_params_ui_tutorial to None, run_after=None
[2024-05-04T12:44:53.957+0530] {processor.py:183} INFO - Processing /usr/local/lib/python3.10/dist-packages/airflow/example_dags/example_params_ui_tutorial.py took 0.047 seconds
[2024-05-04T12:45:45.258+0530] {processor.py:161} INFO - Started process (PID=15663) to work on /usr/local/lib/python3.10/dist-packages/airflow/example_dags/example_params_ui_tutorial.py
[2024-05-04T12:45:45.259+0530] {processor.py:830} INFO - Processing file /usr/local/lib/python3.10/dist-packages/airflow/example_dags/example_params_ui_tutorial.py for tasks to queue
[2024-05-04T12:45:45.260+0530] {logging_mixin.py:188} INFO - [2024-05-04T12:45:45.260+0530] {dagbag.py:540} INFO - Filling up the DagBag from /usr/local/lib/python3.10/dist-packages/airflow/example_dags/example_params_ui_tutorial.py
[2024-05-04T12:45:45.269+0530] {processor.py:840} INFO - DAG(s) 'example_params_ui_tutorial' retrieved from /usr/local/lib/python3.10/dist-packages/airflow/example_dags/example_params_ui_tutorial.py
[2024-05-04T12:45:45.290+0530] {logging_mixin.py:188} INFO - [2024-05-04T12:45:45.290+0530] {dag.py:3096} INFO - Sync 1 DAGs
[2024-05-04T12:45:45.294+0530] {logging_mixin.py:188} INFO - [2024-05-04T12:45:45.294+0530] {dag.py:3954} INFO - Setting next_dagrun for example_params_ui_tutorial to None, run_after=None
[2024-05-04T12:45:45.307+0530] {processor.py:183} INFO - Processing /usr/local/lib/python3.10/dist-packages/airflow/example_dags/example_params_ui_tutorial.py took 0.056 seconds
[2024-05-04T12:46:34.647+0530] {processor.py:161} INFO - Started process (PID=15889) to work on /usr/local/lib/python3.10/dist-packages/airflow/example_dags/example_params_ui_tutorial.py
[2024-05-04T12:46:34.648+0530] {processor.py:830} INFO - Processing file /usr/local/lib/python3.10/dist-packages/airflow/example_dags/example_params_ui_tutorial.py for tasks to queue
[2024-05-04T12:46:34.649+0530] {logging_mixin.py:188} INFO - [2024-05-04T12:46:34.649+0530] {dagbag.py:540} INFO - Filling up the DagBag from /usr/local/lib/python3.10/dist-packages/airflow/example_dags/example_params_ui_tutorial.py
[2024-05-04T12:46:34.655+0530] {processor.py:840} INFO - DAG(s) 'example_params_ui_tutorial' retrieved from /usr/local/lib/python3.10/dist-packages/airflow/example_dags/example_params_ui_tutorial.py
[2024-05-04T12:46:34.672+0530] {logging_mixin.py:188} INFO - [2024-05-04T12:46:34.671+0530] {dag.py:3096} INFO - Sync 1 DAGs
[2024-05-04T12:46:34.676+0530] {logging_mixin.py:188} INFO - [2024-05-04T12:46:34.676+0530] {dag.py:3954} INFO - Setting next_dagrun for example_params_ui_tutorial to None, run_after=None
[2024-05-04T12:46:34.686+0530] {processor.py:183} INFO - Processing /usr/local/lib/python3.10/dist-packages/airflow/example_dags/example_params_ui_tutorial.py took 0.045 seconds
[2024-05-04T12:47:25.761+0530] {processor.py:161} INFO - Started process (PID=16094) to work on /usr/local/lib/python3.10/dist-packages/airflow/example_dags/example_params_ui_tutorial.py
[2024-05-04T12:47:25.761+0530] {processor.py:830} INFO - Processing file /usr/local/lib/python3.10/dist-packages/airflow/example_dags/example_params_ui_tutorial.py for tasks to queue
[2024-05-04T12:47:25.762+0530] {logging_mixin.py:188} INFO - [2024-05-04T12:47:25.762+0530] {dagbag.py:540} INFO - Filling up the DagBag from /usr/local/lib/python3.10/dist-packages/airflow/example_dags/example_params_ui_tutorial.py
[2024-05-04T12:47:25.771+0530] {processor.py:840} INFO - DAG(s) 'example_params_ui_tutorial' retrieved from /usr/local/lib/python3.10/dist-packages/airflow/example_dags/example_params_ui_tutorial.py
[2024-05-04T12:47:25.788+0530] {logging_mixin.py:188} INFO - [2024-05-04T12:47:25.788+0530] {dag.py:3096} INFO - Sync 1 DAGs
[2024-05-04T12:47:25.792+0530] {logging_mixin.py:188} INFO - [2024-05-04T12:47:25.792+0530] {dag.py:3954} INFO - Setting next_dagrun for example_params_ui_tutorial to None, run_after=None
[2024-05-04T12:47:25.803+0530] {processor.py:183} INFO - Processing /usr/local/lib/python3.10/dist-packages/airflow/example_dags/example_params_ui_tutorial.py took 0.047 seconds
[2024-05-04T12:48:17.279+0530] {processor.py:161} INFO - Started process (PID=16267) to work on /usr/local/lib/python3.10/dist-packages/airflow/example_dags/example_params_ui_tutorial.py
[2024-05-04T12:48:17.280+0530] {processor.py:830} INFO - Processing file /usr/local/lib/python3.10/dist-packages/airflow/example_dags/example_params_ui_tutorial.py for tasks to queue
[2024-05-04T12:48:17.281+0530] {logging_mixin.py:188} INFO - [2024-05-04T12:48:17.281+0530] {dagbag.py:540} INFO - Filling up the DagBag from /usr/local/lib/python3.10/dist-packages/airflow/example_dags/example_params_ui_tutorial.py
[2024-05-04T12:48:17.290+0530] {processor.py:840} INFO - DAG(s) 'example_params_ui_tutorial' retrieved from /usr/local/lib/python3.10/dist-packages/airflow/example_dags/example_params_ui_tutorial.py
[2024-05-04T12:48:17.307+0530] {logging_mixin.py:188} INFO - [2024-05-04T12:48:17.307+0530] {dag.py:3096} INFO - Sync 1 DAGs
[2024-05-04T12:48:17.311+0530] {logging_mixin.py:188} INFO - [2024-05-04T12:48:17.311+0530] {dag.py:3954} INFO - Setting next_dagrun for example_params_ui_tutorial to None, run_after=None
[2024-05-04T12:48:17.321+0530] {processor.py:183} INFO - Processing /usr/local/lib/python3.10/dist-packages/airflow/example_dags/example_params_ui_tutorial.py took 0.047 seconds
[2024-05-04T12:49:08.857+0530] {processor.py:161} INFO - Started process (PID=16436) to work on /usr/local/lib/python3.10/dist-packages/airflow/example_dags/example_params_ui_tutorial.py
[2024-05-04T12:49:08.858+0530] {processor.py:830} INFO - Processing file /usr/local/lib/python3.10/dist-packages/airflow/example_dags/example_params_ui_tutorial.py for tasks to queue
[2024-05-04T12:49:08.859+0530] {logging_mixin.py:188} INFO - [2024-05-04T12:49:08.859+0530] {dagbag.py:540} INFO - Filling up the DagBag from /usr/local/lib/python3.10/dist-packages/airflow/example_dags/example_params_ui_tutorial.py
[2024-05-04T12:49:08.865+0530] {processor.py:840} INFO - DAG(s) 'example_params_ui_tutorial' retrieved from /usr/local/lib/python3.10/dist-packages/airflow/example_dags/example_params_ui_tutorial.py
[2024-05-04T12:49:08.881+0530] {logging_mixin.py:188} INFO - [2024-05-04T12:49:08.881+0530] {dag.py:3096} INFO - Sync 1 DAGs
[2024-05-04T12:49:08.886+0530] {logging_mixin.py:188} INFO - [2024-05-04T12:49:08.886+0530] {dag.py:3954} INFO - Setting next_dagrun for example_params_ui_tutorial to None, run_after=None
[2024-05-04T12:49:08.896+0530] {processor.py:183} INFO - Processing /usr/local/lib/python3.10/dist-packages/airflow/example_dags/example_params_ui_tutorial.py took 0.044 seconds
[2024-05-04T12:50:02.432+0530] {processor.py:161} INFO - Started process (PID=16732) to work on /usr/local/lib/python3.10/dist-packages/airflow/example_dags/example_params_ui_tutorial.py
[2024-05-04T12:50:02.433+0530] {processor.py:830} INFO - Processing file /usr/local/lib/python3.10/dist-packages/airflow/example_dags/example_params_ui_tutorial.py for tasks to queue
[2024-05-04T12:50:02.434+0530] {logging_mixin.py:188} INFO - [2024-05-04T12:50:02.434+0530] {dagbag.py:540} INFO - Filling up the DagBag from /usr/local/lib/python3.10/dist-packages/airflow/example_dags/example_params_ui_tutorial.py
[2024-05-04T12:50:02.440+0530] {processor.py:840} INFO - DAG(s) 'example_params_ui_tutorial' retrieved from /usr/local/lib/python3.10/dist-packages/airflow/example_dags/example_params_ui_tutorial.py
[2024-05-04T12:50:02.456+0530] {logging_mixin.py:188} INFO - [2024-05-04T12:50:02.456+0530] {dag.py:3096} INFO - Sync 1 DAGs
[2024-05-04T12:50:02.461+0530] {logging_mixin.py:188} INFO - [2024-05-04T12:50:02.461+0530] {dag.py:3954} INFO - Setting next_dagrun for example_params_ui_tutorial to None, run_after=None
[2024-05-04T12:50:02.470+0530] {processor.py:183} INFO - Processing /usr/local/lib/python3.10/dist-packages/airflow/example_dags/example_params_ui_tutorial.py took 0.046 seconds
[2024-05-04T12:50:53.408+0530] {processor.py:161} INFO - Started process (PID=16859) to work on /usr/local/lib/python3.10/dist-packages/airflow/example_dags/example_params_ui_tutorial.py
[2024-05-04T12:50:53.409+0530] {processor.py:830} INFO - Processing file /usr/local/lib/python3.10/dist-packages/airflow/example_dags/example_params_ui_tutorial.py for tasks to queue
[2024-05-04T12:50:53.410+0530] {logging_mixin.py:188} INFO - [2024-05-04T12:50:53.410+0530] {dagbag.py:540} INFO - Filling up the DagBag from /usr/local/lib/python3.10/dist-packages/airflow/example_dags/example_params_ui_tutorial.py
[2024-05-04T12:50:53.417+0530] {processor.py:840} INFO - DAG(s) 'example_params_ui_tutorial' retrieved from /usr/local/lib/python3.10/dist-packages/airflow/example_dags/example_params_ui_tutorial.py
[2024-05-04T12:50:53.434+0530] {logging_mixin.py:188} INFO - [2024-05-04T12:50:53.434+0530] {dag.py:3096} INFO - Sync 1 DAGs
[2024-05-04T12:50:53.439+0530] {logging_mixin.py:188} INFO - [2024-05-04T12:50:53.439+0530] {dag.py:3954} INFO - Setting next_dagrun for example_params_ui_tutorial to None, run_after=None
[2024-05-04T12:50:53.449+0530] {processor.py:183} INFO - Processing /usr/local/lib/python3.10/dist-packages/airflow/example_dags/example_params_ui_tutorial.py took 0.047 seconds
[2024-05-04T12:51:43.192+0530] {processor.py:161} INFO - Started process (PID=16992) to work on /usr/local/lib/python3.10/dist-packages/airflow/example_dags/example_params_ui_tutorial.py
[2024-05-04T12:51:43.193+0530] {processor.py:830} INFO - Processing file /usr/local/lib/python3.10/dist-packages/airflow/example_dags/example_params_ui_tutorial.py for tasks to queue
[2024-05-04T12:51:43.193+0530] {logging_mixin.py:188} INFO - [2024-05-04T12:51:43.193+0530] {dagbag.py:540} INFO - Filling up the DagBag from /usr/local/lib/python3.10/dist-packages/airflow/example_dags/example_params_ui_tutorial.py
[2024-05-04T12:51:43.198+0530] {processor.py:840} INFO - DAG(s) 'example_params_ui_tutorial' retrieved from /usr/local/lib/python3.10/dist-packages/airflow/example_dags/example_params_ui_tutorial.py
[2024-05-04T12:51:43.215+0530] {logging_mixin.py:188} INFO - [2024-05-04T12:51:43.215+0530] {dag.py:3096} INFO - Sync 1 DAGs
[2024-05-04T12:51:43.219+0530] {logging_mixin.py:188} INFO - [2024-05-04T12:51:43.219+0530] {dag.py:3954} INFO - Setting next_dagrun for example_params_ui_tutorial to None, run_after=None
[2024-05-04T12:51:43.229+0530] {processor.py:183} INFO - Processing /usr/local/lib/python3.10/dist-packages/airflow/example_dags/example_params_ui_tutorial.py took 0.040 seconds
[2024-05-04T12:52:35.590+0530] {processor.py:161} INFO - Started process (PID=17130) to work on /usr/local/lib/python3.10/dist-packages/airflow/example_dags/example_params_ui_tutorial.py
[2024-05-04T12:52:35.591+0530] {processor.py:830} INFO - Processing file /usr/local/lib/python3.10/dist-packages/airflow/example_dags/example_params_ui_tutorial.py for tasks to queue
[2024-05-04T12:52:35.592+0530] {logging_mixin.py:188} INFO - [2024-05-04T12:52:35.591+0530] {dagbag.py:540} INFO - Filling up the DagBag from /usr/local/lib/python3.10/dist-packages/airflow/example_dags/example_params_ui_tutorial.py
[2024-05-04T12:52:35.596+0530] {processor.py:840} INFO - DAG(s) 'example_params_ui_tutorial' retrieved from /usr/local/lib/python3.10/dist-packages/airflow/example_dags/example_params_ui_tutorial.py
[2024-05-04T12:52:35.613+0530] {logging_mixin.py:188} INFO - [2024-05-04T12:52:35.613+0530] {dag.py:3096} INFO - Sync 1 DAGs
[2024-05-04T12:52:35.617+0530] {logging_mixin.py:188} INFO - [2024-05-04T12:52:35.617+0530] {dag.py:3954} INFO - Setting next_dagrun for example_params_ui_tutorial to None, run_after=None
[2024-05-04T12:52:35.627+0530] {processor.py:183} INFO - Processing /usr/local/lib/python3.10/dist-packages/airflow/example_dags/example_params_ui_tutorial.py took 0.041 seconds
[2024-05-04T12:53:25.130+0530] {processor.py:161} INFO - Started process (PID=17268) to work on /usr/local/lib/python3.10/dist-packages/airflow/example_dags/example_params_ui_tutorial.py
[2024-05-04T12:53:25.130+0530] {processor.py:830} INFO - Processing file /usr/local/lib/python3.10/dist-packages/airflow/example_dags/example_params_ui_tutorial.py for tasks to queue
[2024-05-04T12:53:25.131+0530] {logging_mixin.py:188} INFO - [2024-05-04T12:53:25.131+0530] {dagbag.py:540} INFO - Filling up the DagBag from /usr/local/lib/python3.10/dist-packages/airflow/example_dags/example_params_ui_tutorial.py
[2024-05-04T12:53:25.135+0530] {processor.py:840} INFO - DAG(s) 'example_params_ui_tutorial' retrieved from /usr/local/lib/python3.10/dist-packages/airflow/example_dags/example_params_ui_tutorial.py
[2024-05-04T12:53:25.152+0530] {logging_mixin.py:188} INFO - [2024-05-04T12:53:25.152+0530] {dag.py:3096} INFO - Sync 1 DAGs
[2024-05-04T12:53:25.156+0530] {logging_mixin.py:188} INFO - [2024-05-04T12:53:25.156+0530] {dag.py:3954} INFO - Setting next_dagrun for example_params_ui_tutorial to None, run_after=None
[2024-05-04T12:53:25.166+0530] {processor.py:183} INFO - Processing /usr/local/lib/python3.10/dist-packages/airflow/example_dags/example_params_ui_tutorial.py took 0.041 seconds
[2024-05-04T12:54:15.455+0530] {processor.py:161} INFO - Started process (PID=17407) to work on /usr/local/lib/python3.10/dist-packages/airflow/example_dags/example_params_ui_tutorial.py
[2024-05-04T12:54:15.456+0530] {processor.py:830} INFO - Processing file /usr/local/lib/python3.10/dist-packages/airflow/example_dags/example_params_ui_tutorial.py for tasks to queue
[2024-05-04T12:54:15.458+0530] {logging_mixin.py:188} INFO - [2024-05-04T12:54:15.457+0530] {dagbag.py:540} INFO - Filling up the DagBag from /usr/local/lib/python3.10/dist-packages/airflow/example_dags/example_params_ui_tutorial.py
[2024-05-04T12:54:15.466+0530] {processor.py:840} INFO - DAG(s) 'example_params_ui_tutorial' retrieved from /usr/local/lib/python3.10/dist-packages/airflow/example_dags/example_params_ui_tutorial.py
[2024-05-04T12:54:15.483+0530] {logging_mixin.py:188} INFO - [2024-05-04T12:54:15.483+0530] {dag.py:3096} INFO - Sync 1 DAGs
[2024-05-04T12:54:15.488+0530] {logging_mixin.py:188} INFO - [2024-05-04T12:54:15.488+0530] {dag.py:3954} INFO - Setting next_dagrun for example_params_ui_tutorial to None, run_after=None
[2024-05-04T12:54:15.498+0530] {processor.py:183} INFO - Processing /usr/local/lib/python3.10/dist-packages/airflow/example_dags/example_params_ui_tutorial.py took 0.047 seconds
