[2024-05-04T12:10:30.337+0530] {processor.py:161} INFO - Started process (PID=7498) to work on /usr/local/lib/python3.10/dist-packages/airflow/example_dags/example_latest_only_with_trigger.py
[2024-05-04T12:10:30.337+0530] {processor.py:830} INFO - Processing file /usr/local/lib/python3.10/dist-packages/airflow/example_dags/example_latest_only_with_trigger.py for tasks to queue
[2024-05-04T12:10:30.338+0530] {logging_mixin.py:188} INFO - [2024-05-04T12:10:30.338+0530] {dagbag.py:540} INFO - Filling up the DagBag from /usr/local/lib/python3.10/dist-packages/airflow/example_dags/example_latest_only_with_trigger.py
[2024-05-04T12:10:30.341+0530] {processor.py:840} INFO - DAG(s) 'latest_only_with_trigger' retrieved from /usr/local/lib/python3.10/dist-packages/airflow/example_dags/example_latest_only_with_trigger.py
[2024-05-04T12:10:30.347+0530] {logging_mixin.py:188} INFO - [2024-05-04T12:10:30.347+0530] {dag.py:3096} INFO - Sync 1 DAGs
[2024-05-04T12:10:30.355+0530] {logging_mixin.py:188} INFO - [2024-05-04T12:10:30.355+0530] {dag.py:3954} INFO - Setting next_dagrun for latest_only_with_trigger to 2024-05-04 00:00:00+00:00, run_after=2024-05-04 04:00:00+00:00
[2024-05-04T12:10:30.365+0530] {processor.py:183} INFO - Processing /usr/local/lib/python3.10/dist-packages/airflow/example_dags/example_latest_only_with_trigger.py took 0.034 seconds
[2024-05-04T12:11:24.946+0530] {processor.py:161} INFO - Started process (PID=7700) to work on /usr/local/lib/python3.10/dist-packages/airflow/example_dags/example_latest_only_with_trigger.py
[2024-05-04T12:11:24.948+0530] {processor.py:830} INFO - Processing file /usr/local/lib/python3.10/dist-packages/airflow/example_dags/example_latest_only_with_trigger.py for tasks to queue
[2024-05-04T12:11:24.950+0530] {logging_mixin.py:188} INFO - [2024-05-04T12:11:24.949+0530] {dagbag.py:540} INFO - Filling up the DagBag from /usr/local/lib/python3.10/dist-packages/airflow/example_dags/example_latest_only_with_trigger.py
[2024-05-04T12:11:24.955+0530] {processor.py:840} INFO - DAG(s) 'latest_only_with_trigger' retrieved from /usr/local/lib/python3.10/dist-packages/airflow/example_dags/example_latest_only_with_trigger.py
[2024-05-04T12:11:24.962+0530] {logging_mixin.py:188} INFO - [2024-05-04T12:11:24.962+0530] {dag.py:3096} INFO - Sync 1 DAGs
[2024-05-04T12:11:24.970+0530] {logging_mixin.py:188} INFO - [2024-05-04T12:11:24.970+0530] {dag.py:3954} INFO - Setting next_dagrun for latest_only_with_trigger to 2024-05-04 00:00:00+00:00, run_after=2024-05-04 04:00:00+00:00
[2024-05-04T12:11:24.980+0530] {processor.py:183} INFO - Processing /usr/local/lib/python3.10/dist-packages/airflow/example_dags/example_latest_only_with_trigger.py took 0.038 seconds
[2024-05-04T12:12:33.355+0530] {processor.py:161} INFO - Started process (PID=8438) to work on /usr/local/lib/python3.10/dist-packages/airflow/example_dags/example_latest_only_with_trigger.py
[2024-05-04T12:12:33.355+0530] {processor.py:830} INFO - Processing file /usr/local/lib/python3.10/dist-packages/airflow/example_dags/example_latest_only_with_trigger.py for tasks to queue
[2024-05-04T12:12:33.356+0530] {logging_mixin.py:188} INFO - [2024-05-04T12:12:33.356+0530] {dagbag.py:540} INFO - Filling up the DagBag from /usr/local/lib/python3.10/dist-packages/airflow/example_dags/example_latest_only_with_trigger.py
[2024-05-04T12:12:33.360+0530] {processor.py:840} INFO - DAG(s) 'latest_only_with_trigger' retrieved from /usr/local/lib/python3.10/dist-packages/airflow/example_dags/example_latest_only_with_trigger.py
[2024-05-04T12:12:33.366+0530] {logging_mixin.py:188} INFO - [2024-05-04T12:12:33.366+0530] {dag.py:3096} INFO - Sync 1 DAGs
[2024-05-04T12:12:33.376+0530] {logging_mixin.py:188} INFO - [2024-05-04T12:12:33.376+0530] {dag.py:3954} INFO - Setting next_dagrun for latest_only_with_trigger to 2024-05-04 00:00:00+00:00, run_after=2024-05-04 04:00:00+00:00
[2024-05-04T12:12:33.388+0530] {processor.py:183} INFO - Processing /usr/local/lib/python3.10/dist-packages/airflow/example_dags/example_latest_only_with_trigger.py took 0.039 seconds
[2024-05-04T12:13:33.834+0530] {processor.py:161} INFO - Started process (PID=9017) to work on /usr/local/lib/python3.10/dist-packages/airflow/example_dags/example_latest_only_with_trigger.py
[2024-05-04T12:13:33.835+0530] {processor.py:830} INFO - Processing file /usr/local/lib/python3.10/dist-packages/airflow/example_dags/example_latest_only_with_trigger.py for tasks to queue
[2024-05-04T12:13:33.837+0530] {logging_mixin.py:188} INFO - [2024-05-04T12:13:33.836+0530] {dagbag.py:540} INFO - Filling up the DagBag from /usr/local/lib/python3.10/dist-packages/airflow/example_dags/example_latest_only_with_trigger.py
[2024-05-04T12:13:33.840+0530] {processor.py:840} INFO - DAG(s) 'latest_only_with_trigger' retrieved from /usr/local/lib/python3.10/dist-packages/airflow/example_dags/example_latest_only_with_trigger.py
[2024-05-04T12:13:33.847+0530] {logging_mixin.py:188} INFO - [2024-05-04T12:13:33.847+0530] {dag.py:3096} INFO - Sync 1 DAGs
[2024-05-04T12:13:33.856+0530] {logging_mixin.py:188} INFO - [2024-05-04T12:13:33.856+0530] {dag.py:3954} INFO - Setting next_dagrun for latest_only_with_trigger to 2024-05-04 00:00:00+00:00, run_after=2024-05-04 04:00:00+00:00
[2024-05-04T12:13:33.867+0530] {processor.py:183} INFO - Processing /usr/local/lib/python3.10/dist-packages/airflow/example_dags/example_latest_only_with_trigger.py took 0.041 seconds
[2024-05-04T12:14:50.370+0530] {processor.py:161} INFO - Started process (PID=9266) to work on /usr/local/lib/python3.10/dist-packages/airflow/example_dags/example_latest_only_with_trigger.py
[2024-05-04T12:14:50.370+0530] {processor.py:830} INFO - Processing file /usr/local/lib/python3.10/dist-packages/airflow/example_dags/example_latest_only_with_trigger.py for tasks to queue
[2024-05-04T12:14:50.371+0530] {logging_mixin.py:188} INFO - [2024-05-04T12:14:50.371+0530] {dagbag.py:540} INFO - Filling up the DagBag from /usr/local/lib/python3.10/dist-packages/airflow/example_dags/example_latest_only_with_trigger.py
[2024-05-04T12:14:50.373+0530] {processor.py:840} INFO - DAG(s) 'latest_only_with_trigger' retrieved from /usr/local/lib/python3.10/dist-packages/airflow/example_dags/example_latest_only_with_trigger.py
[2024-05-04T12:14:50.379+0530] {logging_mixin.py:188} INFO - [2024-05-04T12:14:50.379+0530] {dag.py:3096} INFO - Sync 1 DAGs
[2024-05-04T12:14:50.386+0530] {logging_mixin.py:188} INFO - [2024-05-04T12:14:50.386+0530] {dag.py:3954} INFO - Setting next_dagrun for latest_only_with_trigger to 2024-05-04 00:00:00+00:00, run_after=2024-05-04 04:00:00+00:00
[2024-05-04T12:14:50.397+0530] {processor.py:183} INFO - Processing /usr/local/lib/python3.10/dist-packages/airflow/example_dags/example_latest_only_with_trigger.py took 0.031 seconds
[2024-05-04T12:16:04.869+0530] {processor.py:161} INFO - Started process (PID=9490) to work on /usr/local/lib/python3.10/dist-packages/airflow/example_dags/example_latest_only_with_trigger.py
[2024-05-04T12:16:04.870+0530] {processor.py:830} INFO - Processing file /usr/local/lib/python3.10/dist-packages/airflow/example_dags/example_latest_only_with_trigger.py for tasks to queue
[2024-05-04T12:16:04.872+0530] {logging_mixin.py:188} INFO - [2024-05-04T12:16:04.871+0530] {dagbag.py:540} INFO - Filling up the DagBag from /usr/local/lib/python3.10/dist-packages/airflow/example_dags/example_latest_only_with_trigger.py
[2024-05-04T12:16:04.878+0530] {processor.py:840} INFO - DAG(s) 'latest_only_with_trigger' retrieved from /usr/local/lib/python3.10/dist-packages/airflow/example_dags/example_latest_only_with_trigger.py
[2024-05-04T12:16:04.890+0530] {logging_mixin.py:188} INFO - [2024-05-04T12:16:04.889+0530] {dag.py:3096} INFO - Sync 1 DAGs
[2024-05-04T12:16:04.897+0530] {logging_mixin.py:188} INFO - [2024-05-04T12:16:04.897+0530] {dag.py:3954} INFO - Setting next_dagrun for latest_only_with_trigger to 2024-05-04 00:00:00+00:00, run_after=2024-05-04 04:00:00+00:00
[2024-05-04T12:16:04.908+0530] {processor.py:183} INFO - Processing /usr/local/lib/python3.10/dist-packages/airflow/example_dags/example_latest_only_with_trigger.py took 0.044 seconds
[2024-05-04T12:17:23.486+0530] {processor.py:161} INFO - Started process (PID=9860) to work on /usr/local/lib/python3.10/dist-packages/airflow/example_dags/example_latest_only_with_trigger.py
[2024-05-04T12:17:23.486+0530] {processor.py:830} INFO - Processing file /usr/local/lib/python3.10/dist-packages/airflow/example_dags/example_latest_only_with_trigger.py for tasks to queue
[2024-05-04T12:17:23.488+0530] {logging_mixin.py:188} INFO - [2024-05-04T12:17:23.488+0530] {dagbag.py:540} INFO - Filling up the DagBag from /usr/local/lib/python3.10/dist-packages/airflow/example_dags/example_latest_only_with_trigger.py
[2024-05-04T12:17:23.493+0530] {processor.py:840} INFO - DAG(s) 'latest_only_with_trigger' retrieved from /usr/local/lib/python3.10/dist-packages/airflow/example_dags/example_latest_only_with_trigger.py
[2024-05-04T12:17:23.500+0530] {logging_mixin.py:188} INFO - [2024-05-04T12:17:23.500+0530] {dag.py:3096} INFO - Sync 1 DAGs
[2024-05-04T12:17:23.508+0530] {logging_mixin.py:188} INFO - [2024-05-04T12:17:23.508+0530] {dag.py:3954} INFO - Setting next_dagrun for latest_only_with_trigger to 2024-05-04 00:00:00+00:00, run_after=2024-05-04 04:00:00+00:00
[2024-05-04T12:17:23.520+0530] {processor.py:183} INFO - Processing /usr/local/lib/python3.10/dist-packages/airflow/example_dags/example_latest_only_with_trigger.py took 0.038 seconds
[2024-05-04T12:18:35.547+0530] {processor.py:161} INFO - Started process (PID=10814) to work on /usr/local/lib/python3.10/dist-packages/airflow/example_dags/example_latest_only_with_trigger.py
[2024-05-04T12:18:35.548+0530] {processor.py:830} INFO - Processing file /usr/local/lib/python3.10/dist-packages/airflow/example_dags/example_latest_only_with_trigger.py for tasks to queue
[2024-05-04T12:18:35.548+0530] {logging_mixin.py:188} INFO - [2024-05-04T12:18:35.548+0530] {dagbag.py:540} INFO - Filling up the DagBag from /usr/local/lib/python3.10/dist-packages/airflow/example_dags/example_latest_only_with_trigger.py
[2024-05-04T12:18:35.551+0530] {processor.py:840} INFO - DAG(s) 'latest_only_with_trigger' retrieved from /usr/local/lib/python3.10/dist-packages/airflow/example_dags/example_latest_only_with_trigger.py
[2024-05-04T12:18:35.557+0530] {logging_mixin.py:188} INFO - [2024-05-04T12:18:35.557+0530] {dag.py:3096} INFO - Sync 1 DAGs
[2024-05-04T12:18:35.564+0530] {logging_mixin.py:188} INFO - [2024-05-04T12:18:35.564+0530] {dag.py:3954} INFO - Setting next_dagrun for latest_only_with_trigger to 2024-05-04 00:00:00+00:00, run_after=2024-05-04 04:00:00+00:00
[2024-05-04T12:18:35.574+0530] {processor.py:183} INFO - Processing /usr/local/lib/python3.10/dist-packages/airflow/example_dags/example_latest_only_with_trigger.py took 0.032 seconds
[2024-05-04T12:19:30.864+0530] {processor.py:161} INFO - Started process (PID=10944) to work on /usr/local/lib/python3.10/dist-packages/airflow/example_dags/example_latest_only_with_trigger.py
[2024-05-04T12:19:30.865+0530] {processor.py:830} INFO - Processing file /usr/local/lib/python3.10/dist-packages/airflow/example_dags/example_latest_only_with_trigger.py for tasks to queue
[2024-05-04T12:19:30.866+0530] {logging_mixin.py:188} INFO - [2024-05-04T12:19:30.866+0530] {dagbag.py:540} INFO - Filling up the DagBag from /usr/local/lib/python3.10/dist-packages/airflow/example_dags/example_latest_only_with_trigger.py
[2024-05-04T12:19:30.872+0530] {processor.py:840} INFO - DAG(s) 'latest_only_with_trigger' retrieved from /usr/local/lib/python3.10/dist-packages/airflow/example_dags/example_latest_only_with_trigger.py
[2024-05-04T12:19:30.880+0530] {logging_mixin.py:188} INFO - [2024-05-04T12:19:30.880+0530] {dag.py:3096} INFO - Sync 1 DAGs
[2024-05-04T12:19:30.888+0530] {logging_mixin.py:188} INFO - [2024-05-04T12:19:30.888+0530] {dag.py:3954} INFO - Setting next_dagrun for latest_only_with_trigger to 2024-05-04 00:00:00+00:00, run_after=2024-05-04 04:00:00+00:00
[2024-05-04T12:19:30.897+0530] {processor.py:183} INFO - Processing /usr/local/lib/python3.10/dist-packages/airflow/example_dags/example_latest_only_with_trigger.py took 0.038 seconds
[2024-05-04T12:20:47.970+0530] {processor.py:161} INFO - Started process (PID=11145) to work on /usr/local/lib/python3.10/dist-packages/airflow/example_dags/example_latest_only_with_trigger.py
[2024-05-04T12:20:47.971+0530] {processor.py:830} INFO - Processing file /usr/local/lib/python3.10/dist-packages/airflow/example_dags/example_latest_only_with_trigger.py for tasks to queue
[2024-05-04T12:20:47.972+0530] {logging_mixin.py:188} INFO - [2024-05-04T12:20:47.971+0530] {dagbag.py:540} INFO - Filling up the DagBag from /usr/local/lib/python3.10/dist-packages/airflow/example_dags/example_latest_only_with_trigger.py
[2024-05-04T12:20:47.974+0530] {processor.py:840} INFO - DAG(s) 'latest_only_with_trigger' retrieved from /usr/local/lib/python3.10/dist-packages/airflow/example_dags/example_latest_only_with_trigger.py
[2024-05-04T12:20:47.980+0530] {logging_mixin.py:188} INFO - [2024-05-04T12:20:47.980+0530] {dag.py:3096} INFO - Sync 1 DAGs
[2024-05-04T12:20:47.988+0530] {logging_mixin.py:188} INFO - [2024-05-04T12:20:47.988+0530] {dag.py:3954} INFO - Setting next_dagrun for latest_only_with_trigger to 2024-05-04 00:00:00+00:00, run_after=2024-05-04 04:00:00+00:00
[2024-05-04T12:20:47.998+0530] {processor.py:183} INFO - Processing /usr/local/lib/python3.10/dist-packages/airflow/example_dags/example_latest_only_with_trigger.py took 0.033 seconds
[2024-05-04T12:22:05.120+0530] {processor.py:161} INFO - Started process (PID=11334) to work on /usr/local/lib/python3.10/dist-packages/airflow/example_dags/example_latest_only_with_trigger.py
[2024-05-04T12:22:05.120+0530] {processor.py:830} INFO - Processing file /usr/local/lib/python3.10/dist-packages/airflow/example_dags/example_latest_only_with_trigger.py for tasks to queue
[2024-05-04T12:22:05.122+0530] {logging_mixin.py:188} INFO - [2024-05-04T12:22:05.121+0530] {dagbag.py:540} INFO - Filling up the DagBag from /usr/local/lib/python3.10/dist-packages/airflow/example_dags/example_latest_only_with_trigger.py
[2024-05-04T12:22:05.127+0530] {processor.py:840} INFO - DAG(s) 'latest_only_with_trigger' retrieved from /usr/local/lib/python3.10/dist-packages/airflow/example_dags/example_latest_only_with_trigger.py
[2024-05-04T12:22:05.134+0530] {logging_mixin.py:188} INFO - [2024-05-04T12:22:05.134+0530] {dag.py:3096} INFO - Sync 1 DAGs
[2024-05-04T12:22:05.142+0530] {logging_mixin.py:188} INFO - [2024-05-04T12:22:05.142+0530] {dag.py:3954} INFO - Setting next_dagrun for latest_only_with_trigger to 2024-05-04 00:00:00+00:00, run_after=2024-05-04 04:00:00+00:00
[2024-05-04T12:22:05.151+0530] {processor.py:183} INFO - Processing /usr/local/lib/python3.10/dist-packages/airflow/example_dags/example_latest_only_with_trigger.py took 0.037 seconds
[2024-05-04T12:23:21.866+0530] {processor.py:161} INFO - Started process (PID=11514) to work on /usr/local/lib/python3.10/dist-packages/airflow/example_dags/example_latest_only_with_trigger.py
[2024-05-04T12:23:21.866+0530] {processor.py:830} INFO - Processing file /usr/local/lib/python3.10/dist-packages/airflow/example_dags/example_latest_only_with_trigger.py for tasks to queue
[2024-05-04T12:23:21.868+0530] {logging_mixin.py:188} INFO - [2024-05-04T12:23:21.868+0530] {dagbag.py:540} INFO - Filling up the DagBag from /usr/local/lib/python3.10/dist-packages/airflow/example_dags/example_latest_only_with_trigger.py
[2024-05-04T12:23:21.873+0530] {processor.py:840} INFO - DAG(s) 'latest_only_with_trigger' retrieved from /usr/local/lib/python3.10/dist-packages/airflow/example_dags/example_latest_only_with_trigger.py
[2024-05-04T12:23:21.880+0530] {logging_mixin.py:188} INFO - [2024-05-04T12:23:21.880+0530] {dag.py:3096} INFO - Sync 1 DAGs
[2024-05-04T12:23:21.888+0530] {logging_mixin.py:188} INFO - [2024-05-04T12:23:21.887+0530] {dag.py:3954} INFO - Setting next_dagrun for latest_only_with_trigger to 2024-05-04 00:00:00+00:00, run_after=2024-05-04 04:00:00+00:00
[2024-05-04T12:23:21.897+0530] {processor.py:183} INFO - Processing /usr/local/lib/python3.10/dist-packages/airflow/example_dags/example_latest_only_with_trigger.py took 0.034 seconds
[2024-05-04T12:24:37.412+0530] {processor.py:161} INFO - Started process (PID=11800) to work on /usr/local/lib/python3.10/dist-packages/airflow/example_dags/example_latest_only_with_trigger.py
[2024-05-04T12:24:37.412+0530] {processor.py:830} INFO - Processing file /usr/local/lib/python3.10/dist-packages/airflow/example_dags/example_latest_only_with_trigger.py for tasks to queue
[2024-05-04T12:24:37.413+0530] {logging_mixin.py:188} INFO - [2024-05-04T12:24:37.413+0530] {dagbag.py:540} INFO - Filling up the DagBag from /usr/local/lib/python3.10/dist-packages/airflow/example_dags/example_latest_only_with_trigger.py
[2024-05-04T12:24:37.415+0530] {processor.py:840} INFO - DAG(s) 'latest_only_with_trigger' retrieved from /usr/local/lib/python3.10/dist-packages/airflow/example_dags/example_latest_only_with_trigger.py
[2024-05-04T12:24:37.421+0530] {logging_mixin.py:188} INFO - [2024-05-04T12:24:37.421+0530] {dag.py:3096} INFO - Sync 1 DAGs
[2024-05-04T12:24:37.430+0530] {logging_mixin.py:188} INFO - [2024-05-04T12:24:37.429+0530] {dag.py:3954} INFO - Setting next_dagrun for latest_only_with_trigger to 2024-05-04 00:00:00+00:00, run_after=2024-05-04 04:00:00+00:00
[2024-05-04T12:24:37.442+0530] {processor.py:183} INFO - Processing /usr/local/lib/python3.10/dist-packages/airflow/example_dags/example_latest_only_with_trigger.py took 0.032 seconds
[2024-05-04T12:25:52.027+0530] {processor.py:161} INFO - Started process (PID=12019) to work on /usr/local/lib/python3.10/dist-packages/airflow/example_dags/example_latest_only_with_trigger.py
[2024-05-04T12:25:52.027+0530] {processor.py:830} INFO - Processing file /usr/local/lib/python3.10/dist-packages/airflow/example_dags/example_latest_only_with_trigger.py for tasks to queue
[2024-05-04T12:25:52.029+0530] {logging_mixin.py:188} INFO - [2024-05-04T12:25:52.029+0530] {dagbag.py:540} INFO - Filling up the DagBag from /usr/local/lib/python3.10/dist-packages/airflow/example_dags/example_latest_only_with_trigger.py
[2024-05-04T12:25:52.036+0530] {processor.py:840} INFO - DAG(s) 'latest_only_with_trigger' retrieved from /usr/local/lib/python3.10/dist-packages/airflow/example_dags/example_latest_only_with_trigger.py
[2024-05-04T12:25:52.046+0530] {logging_mixin.py:188} INFO - [2024-05-04T12:25:52.046+0530] {dag.py:3096} INFO - Sync 1 DAGs
[2024-05-04T12:25:52.053+0530] {logging_mixin.py:188} INFO - [2024-05-04T12:25:52.053+0530] {dag.py:3954} INFO - Setting next_dagrun for latest_only_with_trigger to 2024-05-04 00:00:00+00:00, run_after=2024-05-04 04:00:00+00:00
[2024-05-04T12:25:52.063+0530] {processor.py:183} INFO - Processing /usr/local/lib/python3.10/dist-packages/airflow/example_dags/example_latest_only_with_trigger.py took 0.039 seconds
[2024-05-04T12:27:09.790+0530] {processor.py:161} INFO - Started process (PID=12217) to work on /usr/local/lib/python3.10/dist-packages/airflow/example_dags/example_latest_only_with_trigger.py
[2024-05-04T12:27:09.790+0530] {processor.py:830} INFO - Processing file /usr/local/lib/python3.10/dist-packages/airflow/example_dags/example_latest_only_with_trigger.py for tasks to queue
[2024-05-04T12:27:09.792+0530] {logging_mixin.py:188} INFO - [2024-05-04T12:27:09.791+0530] {dagbag.py:540} INFO - Filling up the DagBag from /usr/local/lib/python3.10/dist-packages/airflow/example_dags/example_latest_only_with_trigger.py
[2024-05-04T12:27:09.797+0530] {processor.py:840} INFO - DAG(s) 'latest_only_with_trigger' retrieved from /usr/local/lib/python3.10/dist-packages/airflow/example_dags/example_latest_only_with_trigger.py
[2024-05-04T12:27:09.803+0530] {logging_mixin.py:188} INFO - [2024-05-04T12:27:09.803+0530] {dag.py:3096} INFO - Sync 1 DAGs
[2024-05-04T12:27:09.810+0530] {logging_mixin.py:188} INFO - [2024-05-04T12:27:09.810+0530] {dag.py:3954} INFO - Setting next_dagrun for latest_only_with_trigger to 2024-05-04 00:00:00+00:00, run_after=2024-05-04 04:00:00+00:00
[2024-05-04T12:27:09.820+0530] {processor.py:183} INFO - Processing /usr/local/lib/python3.10/dist-packages/airflow/example_dags/example_latest_only_with_trigger.py took 0.033 seconds
[2024-05-04T12:28:24.532+0530] {processor.py:161} INFO - Started process (PID=12390) to work on /usr/local/lib/python3.10/dist-packages/airflow/example_dags/example_latest_only_with_trigger.py
[2024-05-04T12:28:24.533+0530] {processor.py:830} INFO - Processing file /usr/local/lib/python3.10/dist-packages/airflow/example_dags/example_latest_only_with_trigger.py for tasks to queue
[2024-05-04T12:28:24.534+0530] {logging_mixin.py:188} INFO - [2024-05-04T12:28:24.534+0530] {dagbag.py:540} INFO - Filling up the DagBag from /usr/local/lib/python3.10/dist-packages/airflow/example_dags/example_latest_only_with_trigger.py
[2024-05-04T12:28:24.537+0530] {processor.py:840} INFO - DAG(s) 'latest_only_with_trigger' retrieved from /usr/local/lib/python3.10/dist-packages/airflow/example_dags/example_latest_only_with_trigger.py
[2024-05-04T12:28:24.543+0530] {logging_mixin.py:188} INFO - [2024-05-04T12:28:24.543+0530] {dag.py:3096} INFO - Sync 1 DAGs
[2024-05-04T12:28:24.551+0530] {logging_mixin.py:188} INFO - [2024-05-04T12:28:24.551+0530] {dag.py:3954} INFO - Setting next_dagrun for latest_only_with_trigger to 2024-05-04 00:00:00+00:00, run_after=2024-05-04 04:00:00+00:00
[2024-05-04T12:28:24.560+0530] {processor.py:183} INFO - Processing /usr/local/lib/python3.10/dist-packages/airflow/example_dags/example_latest_only_with_trigger.py took 0.034 seconds
[2024-05-04T12:29:36.953+0530] {processor.py:161} INFO - Started process (PID=12578) to work on /usr/local/lib/python3.10/dist-packages/airflow/example_dags/example_latest_only_with_trigger.py
[2024-05-04T12:29:36.954+0530] {processor.py:830} INFO - Processing file /usr/local/lib/python3.10/dist-packages/airflow/example_dags/example_latest_only_with_trigger.py for tasks to queue
[2024-05-04T12:29:36.955+0530] {logging_mixin.py:188} INFO - [2024-05-04T12:29:36.954+0530] {dagbag.py:540} INFO - Filling up the DagBag from /usr/local/lib/python3.10/dist-packages/airflow/example_dags/example_latest_only_with_trigger.py
[2024-05-04T12:29:36.957+0530] {processor.py:840} INFO - DAG(s) 'latest_only_with_trigger' retrieved from /usr/local/lib/python3.10/dist-packages/airflow/example_dags/example_latest_only_with_trigger.py
[2024-05-04T12:29:36.963+0530] {logging_mixin.py:188} INFO - [2024-05-04T12:29:36.963+0530] {dag.py:3096} INFO - Sync 1 DAGs
[2024-05-04T12:29:36.970+0530] {logging_mixin.py:188} INFO - [2024-05-04T12:29:36.970+0530] {dag.py:3954} INFO - Setting next_dagrun for latest_only_with_trigger to 2024-05-04 00:00:00+00:00, run_after=2024-05-04 04:00:00+00:00
[2024-05-04T12:29:36.981+0530] {processor.py:183} INFO - Processing /usr/local/lib/python3.10/dist-packages/airflow/example_dags/example_latest_only_with_trigger.py took 0.034 seconds
[2024-05-04T12:30:51.252+0530] {processor.py:161} INFO - Started process (PID=12812) to work on /usr/local/lib/python3.10/dist-packages/airflow/example_dags/example_latest_only_with_trigger.py
[2024-05-04T12:30:51.253+0530] {processor.py:830} INFO - Processing file /usr/local/lib/python3.10/dist-packages/airflow/example_dags/example_latest_only_with_trigger.py for tasks to queue
[2024-05-04T12:30:51.254+0530] {logging_mixin.py:188} INFO - [2024-05-04T12:30:51.254+0530] {dagbag.py:540} INFO - Filling up the DagBag from /usr/local/lib/python3.10/dist-packages/airflow/example_dags/example_latest_only_with_trigger.py
[2024-05-04T12:30:51.258+0530] {processor.py:840} INFO - DAG(s) 'latest_only_with_trigger' retrieved from /usr/local/lib/python3.10/dist-packages/airflow/example_dags/example_latest_only_with_trigger.py
[2024-05-04T12:30:51.264+0530] {logging_mixin.py:188} INFO - [2024-05-04T12:30:51.264+0530] {dag.py:3096} INFO - Sync 1 DAGs
[2024-05-04T12:30:51.271+0530] {logging_mixin.py:188} INFO - [2024-05-04T12:30:51.271+0530] {dag.py:3954} INFO - Setting next_dagrun for latest_only_with_trigger to 2024-05-04 00:00:00+00:00, run_after=2024-05-04 04:00:00+00:00
[2024-05-04T12:30:51.281+0530] {processor.py:183} INFO - Processing /usr/local/lib/python3.10/dist-packages/airflow/example_dags/example_latest_only_with_trigger.py took 0.037 seconds
[2024-05-04T12:32:08.937+0530] {processor.py:161} INFO - Started process (PID=13010) to work on /usr/local/lib/python3.10/dist-packages/airflow/example_dags/example_latest_only_with_trigger.py
[2024-05-04T12:32:08.938+0530] {processor.py:830} INFO - Processing file /usr/local/lib/python3.10/dist-packages/airflow/example_dags/example_latest_only_with_trigger.py for tasks to queue
[2024-05-04T12:32:08.939+0530] {logging_mixin.py:188} INFO - [2024-05-04T12:32:08.939+0530] {dagbag.py:540} INFO - Filling up the DagBag from /usr/local/lib/python3.10/dist-packages/airflow/example_dags/example_latest_only_with_trigger.py
[2024-05-04T12:32:08.943+0530] {processor.py:840} INFO - DAG(s) 'latest_only_with_trigger' retrieved from /usr/local/lib/python3.10/dist-packages/airflow/example_dags/example_latest_only_with_trigger.py
[2024-05-04T12:32:08.949+0530] {logging_mixin.py:188} INFO - [2024-05-04T12:32:08.949+0530] {dag.py:3096} INFO - Sync 1 DAGs
[2024-05-04T12:32:08.956+0530] {logging_mixin.py:188} INFO - [2024-05-04T12:32:08.956+0530] {dag.py:3954} INFO - Setting next_dagrun for latest_only_with_trigger to 2024-05-04 00:00:00+00:00, run_after=2024-05-04 04:00:00+00:00
[2024-05-04T12:32:08.966+0530] {processor.py:183} INFO - Processing /usr/local/lib/python3.10/dist-packages/airflow/example_dags/example_latest_only_with_trigger.py took 0.037 seconds
[2024-05-04T12:33:24.764+0530] {processor.py:161} INFO - Started process (PID=13230) to work on /usr/local/lib/python3.10/dist-packages/airflow/example_dags/example_latest_only_with_trigger.py
[2024-05-04T12:33:24.765+0530] {processor.py:830} INFO - Processing file /usr/local/lib/python3.10/dist-packages/airflow/example_dags/example_latest_only_with_trigger.py for tasks to queue
[2024-05-04T12:33:24.766+0530] {logging_mixin.py:188} INFO - [2024-05-04T12:33:24.766+0530] {dagbag.py:540} INFO - Filling up the DagBag from /usr/local/lib/python3.10/dist-packages/airflow/example_dags/example_latest_only_with_trigger.py
[2024-05-04T12:33:24.770+0530] {processor.py:840} INFO - DAG(s) 'latest_only_with_trigger' retrieved from /usr/local/lib/python3.10/dist-packages/airflow/example_dags/example_latest_only_with_trigger.py
[2024-05-04T12:33:24.776+0530] {logging_mixin.py:188} INFO - [2024-05-04T12:33:24.776+0530] {dag.py:3096} INFO - Sync 1 DAGs
[2024-05-04T12:33:24.783+0530] {logging_mixin.py:188} INFO - [2024-05-04T12:33:24.783+0530] {dag.py:3954} INFO - Setting next_dagrun for latest_only_with_trigger to 2024-05-04 00:00:00+00:00, run_after=2024-05-04 04:00:00+00:00
[2024-05-04T12:33:24.793+0530] {processor.py:183} INFO - Processing /usr/local/lib/python3.10/dist-packages/airflow/example_dags/example_latest_only_with_trigger.py took 0.036 seconds
[2024-05-04T12:34:45.339+0530] {processor.py:161} INFO - Started process (PID=13521) to work on /usr/local/lib/python3.10/dist-packages/airflow/example_dags/example_latest_only_with_trigger.py
[2024-05-04T12:34:45.340+0530] {processor.py:830} INFO - Processing file /usr/local/lib/python3.10/dist-packages/airflow/example_dags/example_latest_only_with_trigger.py for tasks to queue
[2024-05-04T12:34:45.340+0530] {logging_mixin.py:188} INFO - [2024-05-04T12:34:45.340+0530] {dagbag.py:540} INFO - Filling up the DagBag from /usr/local/lib/python3.10/dist-packages/airflow/example_dags/example_latest_only_with_trigger.py
[2024-05-04T12:34:45.345+0530] {processor.py:840} INFO - DAG(s) 'latest_only_with_trigger' retrieved from /usr/local/lib/python3.10/dist-packages/airflow/example_dags/example_latest_only_with_trigger.py
[2024-05-04T12:34:45.353+0530] {logging_mixin.py:188} INFO - [2024-05-04T12:34:45.353+0530] {dag.py:3096} INFO - Sync 1 DAGs
[2024-05-04T12:34:45.360+0530] {logging_mixin.py:188} INFO - [2024-05-04T12:34:45.360+0530] {dag.py:3954} INFO - Setting next_dagrun for latest_only_with_trigger to 2024-05-04 00:00:00+00:00, run_after=2024-05-04 04:00:00+00:00
[2024-05-04T12:34:45.371+0530] {processor.py:183} INFO - Processing /usr/local/lib/python3.10/dist-packages/airflow/example_dags/example_latest_only_with_trigger.py took 0.038 seconds
[2024-05-04T12:36:01.320+0530] {processor.py:161} INFO - Started process (PID=13693) to work on /usr/local/lib/python3.10/dist-packages/airflow/example_dags/example_latest_only_with_trigger.py
[2024-05-04T12:36:01.321+0530] {processor.py:830} INFO - Processing file /usr/local/lib/python3.10/dist-packages/airflow/example_dags/example_latest_only_with_trigger.py for tasks to queue
[2024-05-04T12:36:01.322+0530] {logging_mixin.py:188} INFO - [2024-05-04T12:36:01.322+0530] {dagbag.py:540} INFO - Filling up the DagBag from /usr/local/lib/python3.10/dist-packages/airflow/example_dags/example_latest_only_with_trigger.py
[2024-05-04T12:36:01.326+0530] {processor.py:840} INFO - DAG(s) 'latest_only_with_trigger' retrieved from /usr/local/lib/python3.10/dist-packages/airflow/example_dags/example_latest_only_with_trigger.py
[2024-05-04T12:36:01.332+0530] {logging_mixin.py:188} INFO - [2024-05-04T12:36:01.332+0530] {dag.py:3096} INFO - Sync 1 DAGs
[2024-05-04T12:36:01.339+0530] {logging_mixin.py:188} INFO - [2024-05-04T12:36:01.339+0530] {dag.py:3954} INFO - Setting next_dagrun for latest_only_with_trigger to 2024-05-04 00:00:00+00:00, run_after=2024-05-04 04:00:00+00:00
[2024-05-04T12:36:01.349+0530] {processor.py:183} INFO - Processing /usr/local/lib/python3.10/dist-packages/airflow/example_dags/example_latest_only_with_trigger.py took 0.037 seconds
[2024-05-04T12:37:16.355+0530] {processor.py:161} INFO - Started process (PID=13884) to work on /usr/local/lib/python3.10/dist-packages/airflow/example_dags/example_latest_only_with_trigger.py
[2024-05-04T12:37:16.356+0530] {processor.py:830} INFO - Processing file /usr/local/lib/python3.10/dist-packages/airflow/example_dags/example_latest_only_with_trigger.py for tasks to queue
[2024-05-04T12:37:16.357+0530] {logging_mixin.py:188} INFO - [2024-05-04T12:37:16.357+0530] {dagbag.py:540} INFO - Filling up the DagBag from /usr/local/lib/python3.10/dist-packages/airflow/example_dags/example_latest_only_with_trigger.py
[2024-05-04T12:37:16.362+0530] {processor.py:840} INFO - DAG(s) 'latest_only_with_trigger' retrieved from /usr/local/lib/python3.10/dist-packages/airflow/example_dags/example_latest_only_with_trigger.py
[2024-05-04T12:37:16.369+0530] {logging_mixin.py:188} INFO - [2024-05-04T12:37:16.369+0530] {dag.py:3096} INFO - Sync 1 DAGs
[2024-05-04T12:37:16.377+0530] {logging_mixin.py:188} INFO - [2024-05-04T12:37:16.377+0530] {dag.py:3954} INFO - Setting next_dagrun for latest_only_with_trigger to 2024-05-04 00:00:00+00:00, run_after=2024-05-04 04:00:00+00:00
[2024-05-04T12:37:16.387+0530] {processor.py:183} INFO - Processing /usr/local/lib/python3.10/dist-packages/airflow/example_dags/example_latest_only_with_trigger.py took 0.034 seconds
[2024-05-04T12:38:34.955+0530] {processor.py:161} INFO - Started process (PID=14064) to work on /usr/local/lib/python3.10/dist-packages/airflow/example_dags/example_latest_only_with_trigger.py
[2024-05-04T12:38:34.955+0530] {processor.py:830} INFO - Processing file /usr/local/lib/python3.10/dist-packages/airflow/example_dags/example_latest_only_with_trigger.py for tasks to queue
[2024-05-04T12:38:34.957+0530] {logging_mixin.py:188} INFO - [2024-05-04T12:38:34.957+0530] {dagbag.py:540} INFO - Filling up the DagBag from /usr/local/lib/python3.10/dist-packages/airflow/example_dags/example_latest_only_with_trigger.py
[2024-05-04T12:38:34.962+0530] {processor.py:840} INFO - DAG(s) 'latest_only_with_trigger' retrieved from /usr/local/lib/python3.10/dist-packages/airflow/example_dags/example_latest_only_with_trigger.py
[2024-05-04T12:38:34.969+0530] {logging_mixin.py:188} INFO - [2024-05-04T12:38:34.969+0530] {dag.py:3096} INFO - Sync 1 DAGs
[2024-05-04T12:38:34.977+0530] {logging_mixin.py:188} INFO - [2024-05-04T12:38:34.977+0530] {dag.py:3954} INFO - Setting next_dagrun for latest_only_with_trigger to 2024-05-04 00:00:00+00:00, run_after=2024-05-04 04:00:00+00:00
[2024-05-04T12:38:34.987+0530] {processor.py:183} INFO - Processing /usr/local/lib/python3.10/dist-packages/airflow/example_dags/example_latest_only_with_trigger.py took 0.037 seconds
[2024-05-04T12:39:54.366+0530] {processor.py:161} INFO - Started process (PID=14460) to work on /usr/local/lib/python3.10/dist-packages/airflow/example_dags/example_latest_only_with_trigger.py
[2024-05-04T12:39:54.367+0530] {processor.py:830} INFO - Processing file /usr/local/lib/python3.10/dist-packages/airflow/example_dags/example_latest_only_with_trigger.py for tasks to queue
[2024-05-04T12:39:54.367+0530] {logging_mixin.py:188} INFO - [2024-05-04T12:39:54.367+0530] {dagbag.py:540} INFO - Filling up the DagBag from /usr/local/lib/python3.10/dist-packages/airflow/example_dags/example_latest_only_with_trigger.py
[2024-05-04T12:39:54.370+0530] {processor.py:840} INFO - DAG(s) 'latest_only_with_trigger' retrieved from /usr/local/lib/python3.10/dist-packages/airflow/example_dags/example_latest_only_with_trigger.py
[2024-05-04T12:39:54.376+0530] {logging_mixin.py:188} INFO - [2024-05-04T12:39:54.375+0530] {dag.py:3096} INFO - Sync 1 DAGs
[2024-05-04T12:39:54.383+0530] {logging_mixin.py:188} INFO - [2024-05-04T12:39:54.383+0530] {dag.py:3954} INFO - Setting next_dagrun for latest_only_with_trigger to 2024-05-04 00:00:00+00:00, run_after=2024-05-04 04:00:00+00:00
[2024-05-04T12:39:54.393+0530] {processor.py:183} INFO - Processing /usr/local/lib/python3.10/dist-packages/airflow/example_dags/example_latest_only_with_trigger.py took 0.033 seconds
[2024-05-04T12:41:11.640+0530] {processor.py:161} INFO - Started process (PID=14718) to work on /usr/local/lib/python3.10/dist-packages/airflow/example_dags/example_latest_only_with_trigger.py
[2024-05-04T12:41:11.641+0530] {processor.py:830} INFO - Processing file /usr/local/lib/python3.10/dist-packages/airflow/example_dags/example_latest_only_with_trigger.py for tasks to queue
[2024-05-04T12:41:11.643+0530] {logging_mixin.py:188} INFO - [2024-05-04T12:41:11.642+0530] {dagbag.py:540} INFO - Filling up the DagBag from /usr/local/lib/python3.10/dist-packages/airflow/example_dags/example_latest_only_with_trigger.py
[2024-05-04T12:41:11.648+0530] {processor.py:840} INFO - DAG(s) 'latest_only_with_trigger' retrieved from /usr/local/lib/python3.10/dist-packages/airflow/example_dags/example_latest_only_with_trigger.py
[2024-05-04T12:41:11.655+0530] {logging_mixin.py:188} INFO - [2024-05-04T12:41:11.655+0530] {dag.py:3096} INFO - Sync 1 DAGs
[2024-05-04T12:41:11.662+0530] {logging_mixin.py:188} INFO - [2024-05-04T12:41:11.662+0530] {dag.py:3954} INFO - Setting next_dagrun for latest_only_with_trigger to 2024-05-04 00:00:00+00:00, run_after=2024-05-04 04:00:00+00:00
[2024-05-04T12:41:11.672+0530] {processor.py:183} INFO - Processing /usr/local/lib/python3.10/dist-packages/airflow/example_dags/example_latest_only_with_trigger.py took 0.037 seconds
[2024-05-04T12:42:25.487+0530] {processor.py:161} INFO - Started process (PID=14973) to work on /usr/local/lib/python3.10/dist-packages/airflow/example_dags/example_latest_only_with_trigger.py
[2024-05-04T12:42:25.488+0530] {processor.py:830} INFO - Processing file /usr/local/lib/python3.10/dist-packages/airflow/example_dags/example_latest_only_with_trigger.py for tasks to queue
[2024-05-04T12:42:25.489+0530] {logging_mixin.py:188} INFO - [2024-05-04T12:42:25.488+0530] {dagbag.py:540} INFO - Filling up the DagBag from /usr/local/lib/python3.10/dist-packages/airflow/example_dags/example_latest_only_with_trigger.py
[2024-05-04T12:42:25.492+0530] {processor.py:840} INFO - DAG(s) 'latest_only_with_trigger' retrieved from /usr/local/lib/python3.10/dist-packages/airflow/example_dags/example_latest_only_with_trigger.py
[2024-05-04T12:42:25.500+0530] {logging_mixin.py:188} INFO - [2024-05-04T12:42:25.499+0530] {dag.py:3096} INFO - Sync 1 DAGs
[2024-05-04T12:42:25.507+0530] {logging_mixin.py:188} INFO - [2024-05-04T12:42:25.507+0530] {dag.py:3954} INFO - Setting next_dagrun for latest_only_with_trigger to 2024-05-04 00:00:00+00:00, run_after=2024-05-04 04:00:00+00:00
[2024-05-04T12:42:25.519+0530] {processor.py:183} INFO - Processing /usr/local/lib/python3.10/dist-packages/airflow/example_dags/example_latest_only_with_trigger.py took 0.037 seconds
[2024-05-04T12:43:42.833+0530] {processor.py:161} INFO - Started process (PID=15219) to work on /usr/local/lib/python3.10/dist-packages/airflow/example_dags/example_latest_only_with_trigger.py
[2024-05-04T12:43:42.834+0530] {processor.py:830} INFO - Processing file /usr/local/lib/python3.10/dist-packages/airflow/example_dags/example_latest_only_with_trigger.py for tasks to queue
[2024-05-04T12:43:42.834+0530] {logging_mixin.py:188} INFO - [2024-05-04T12:43:42.834+0530] {dagbag.py:540} INFO - Filling up the DagBag from /usr/local/lib/python3.10/dist-packages/airflow/example_dags/example_latest_only_with_trigger.py
[2024-05-04T12:43:42.837+0530] {processor.py:840} INFO - DAG(s) 'latest_only_with_trigger' retrieved from /usr/local/lib/python3.10/dist-packages/airflow/example_dags/example_latest_only_with_trigger.py
[2024-05-04T12:43:42.843+0530] {logging_mixin.py:188} INFO - [2024-05-04T12:43:42.843+0530] {dag.py:3096} INFO - Sync 1 DAGs
[2024-05-04T12:43:42.850+0530] {logging_mixin.py:188} INFO - [2024-05-04T12:43:42.850+0530] {dag.py:3954} INFO - Setting next_dagrun for latest_only_with_trigger to 2024-05-04 00:00:00+00:00, run_after=2024-05-04 04:00:00+00:00
[2024-05-04T12:43:42.860+0530] {processor.py:183} INFO - Processing /usr/local/lib/python3.10/dist-packages/airflow/example_dags/example_latest_only_with_trigger.py took 0.030 seconds
[2024-05-04T12:44:58.924+0530] {processor.py:161} INFO - Started process (PID=15514) to work on /usr/local/lib/python3.10/dist-packages/airflow/example_dags/example_latest_only_with_trigger.py
[2024-05-04T12:44:58.925+0530] {processor.py:830} INFO - Processing file /usr/local/lib/python3.10/dist-packages/airflow/example_dags/example_latest_only_with_trigger.py for tasks to queue
[2024-05-04T12:44:58.926+0530] {logging_mixin.py:188} INFO - [2024-05-04T12:44:58.926+0530] {dagbag.py:540} INFO - Filling up the DagBag from /usr/local/lib/python3.10/dist-packages/airflow/example_dags/example_latest_only_with_trigger.py
[2024-05-04T12:44:58.932+0530] {processor.py:840} INFO - DAG(s) 'latest_only_with_trigger' retrieved from /usr/local/lib/python3.10/dist-packages/airflow/example_dags/example_latest_only_with_trigger.py
[2024-05-04T12:44:58.938+0530] {logging_mixin.py:188} INFO - [2024-05-04T12:44:58.938+0530] {dag.py:3096} INFO - Sync 1 DAGs
[2024-05-04T12:44:58.945+0530] {logging_mixin.py:188} INFO - [2024-05-04T12:44:58.945+0530] {dag.py:3954} INFO - Setting next_dagrun for latest_only_with_trigger to 2024-05-04 00:00:00+00:00, run_after=2024-05-04 04:00:00+00:00
[2024-05-04T12:44:58.955+0530] {processor.py:183} INFO - Processing /usr/local/lib/python3.10/dist-packages/airflow/example_dags/example_latest_only_with_trigger.py took 0.034 seconds
[2024-05-04T12:46:13.360+0530] {processor.py:161} INFO - Started process (PID=15809) to work on /usr/local/lib/python3.10/dist-packages/airflow/example_dags/example_latest_only_with_trigger.py
[2024-05-04T12:46:13.361+0530] {processor.py:830} INFO - Processing file /usr/local/lib/python3.10/dist-packages/airflow/example_dags/example_latest_only_with_trigger.py for tasks to queue
[2024-05-04T12:46:13.362+0530] {logging_mixin.py:188} INFO - [2024-05-04T12:46:13.362+0530] {dagbag.py:540} INFO - Filling up the DagBag from /usr/local/lib/python3.10/dist-packages/airflow/example_dags/example_latest_only_with_trigger.py
[2024-05-04T12:46:13.368+0530] {processor.py:840} INFO - DAG(s) 'latest_only_with_trigger' retrieved from /usr/local/lib/python3.10/dist-packages/airflow/example_dags/example_latest_only_with_trigger.py
[2024-05-04T12:46:13.375+0530] {logging_mixin.py:188} INFO - [2024-05-04T12:46:13.375+0530] {dag.py:3096} INFO - Sync 1 DAGs
[2024-05-04T12:46:13.382+0530] {logging_mixin.py:188} INFO - [2024-05-04T12:46:13.382+0530] {dag.py:3954} INFO - Setting next_dagrun for latest_only_with_trigger to 2024-05-04 00:00:00+00:00, run_after=2024-05-04 04:00:00+00:00
[2024-05-04T12:46:13.393+0530] {processor.py:183} INFO - Processing /usr/local/lib/python3.10/dist-packages/airflow/example_dags/example_latest_only_with_trigger.py took 0.037 seconds
[2024-05-04T12:47:31.075+0530] {processor.py:161} INFO - Started process (PID=16110) to work on /usr/local/lib/python3.10/dist-packages/airflow/example_dags/example_latest_only_with_trigger.py
[2024-05-04T12:47:31.076+0530] {processor.py:830} INFO - Processing file /usr/local/lib/python3.10/dist-packages/airflow/example_dags/example_latest_only_with_trigger.py for tasks to queue
[2024-05-04T12:47:31.077+0530] {logging_mixin.py:188} INFO - [2024-05-04T12:47:31.077+0530] {dagbag.py:540} INFO - Filling up the DagBag from /usr/local/lib/python3.10/dist-packages/airflow/example_dags/example_latest_only_with_trigger.py
[2024-05-04T12:47:31.081+0530] {processor.py:840} INFO - DAG(s) 'latest_only_with_trigger' retrieved from /usr/local/lib/python3.10/dist-packages/airflow/example_dags/example_latest_only_with_trigger.py
[2024-05-04T12:47:31.088+0530] {logging_mixin.py:188} INFO - [2024-05-04T12:47:31.088+0530] {dag.py:3096} INFO - Sync 1 DAGs
[2024-05-04T12:47:31.095+0530] {logging_mixin.py:188} INFO - [2024-05-04T12:47:31.095+0530] {dag.py:3954} INFO - Setting next_dagrun for latest_only_with_trigger to 2024-05-04 00:00:00+00:00, run_after=2024-05-04 04:00:00+00:00
[2024-05-04T12:47:31.105+0530] {processor.py:183} INFO - Processing /usr/local/lib/python3.10/dist-packages/airflow/example_dags/example_latest_only_with_trigger.py took 0.037 seconds
[2024-05-04T12:48:47.022+0530] {processor.py:161} INFO - Started process (PID=16353) to work on /usr/local/lib/python3.10/dist-packages/airflow/example_dags/example_latest_only_with_trigger.py
[2024-05-04T12:48:47.022+0530] {processor.py:830} INFO - Processing file /usr/local/lib/python3.10/dist-packages/airflow/example_dags/example_latest_only_with_trigger.py for tasks to queue
[2024-05-04T12:48:47.024+0530] {logging_mixin.py:188} INFO - [2024-05-04T12:48:47.023+0530] {dagbag.py:540} INFO - Filling up the DagBag from /usr/local/lib/python3.10/dist-packages/airflow/example_dags/example_latest_only_with_trigger.py
[2024-05-04T12:48:47.029+0530] {processor.py:840} INFO - DAG(s) 'latest_only_with_trigger' retrieved from /usr/local/lib/python3.10/dist-packages/airflow/example_dags/example_latest_only_with_trigger.py
[2024-05-04T12:48:47.036+0530] {logging_mixin.py:188} INFO - [2024-05-04T12:48:47.036+0530] {dag.py:3096} INFO - Sync 1 DAGs
[2024-05-04T12:48:47.044+0530] {logging_mixin.py:188} INFO - [2024-05-04T12:48:47.043+0530] {dag.py:3954} INFO - Setting next_dagrun for latest_only_with_trigger to 2024-05-04 00:00:00+00:00, run_after=2024-05-04 04:00:00+00:00
[2024-05-04T12:48:47.053+0530] {processor.py:183} INFO - Processing /usr/local/lib/python3.10/dist-packages/airflow/example_dags/example_latest_only_with_trigger.py took 0.037 seconds
[2024-05-04T12:50:07.780+0530] {processor.py:161} INFO - Started process (PID=16745) to work on /usr/local/lib/python3.10/dist-packages/airflow/example_dags/example_latest_only_with_trigger.py
[2024-05-04T12:50:07.781+0530] {processor.py:830} INFO - Processing file /usr/local/lib/python3.10/dist-packages/airflow/example_dags/example_latest_only_with_trigger.py for tasks to queue
[2024-05-04T12:50:07.782+0530] {logging_mixin.py:188} INFO - [2024-05-04T12:50:07.782+0530] {dagbag.py:540} INFO - Filling up the DagBag from /usr/local/lib/python3.10/dist-packages/airflow/example_dags/example_latest_only_with_trigger.py
[2024-05-04T12:50:07.784+0530] {processor.py:840} INFO - DAG(s) 'latest_only_with_trigger' retrieved from /usr/local/lib/python3.10/dist-packages/airflow/example_dags/example_latest_only_with_trigger.py
[2024-05-04T12:50:07.790+0530] {logging_mixin.py:188} INFO - [2024-05-04T12:50:07.790+0530] {dag.py:3096} INFO - Sync 1 DAGs
[2024-05-04T12:50:07.799+0530] {logging_mixin.py:188} INFO - [2024-05-04T12:50:07.799+0530] {dag.py:3954} INFO - Setting next_dagrun for latest_only_with_trigger to 2024-05-04 00:00:00+00:00, run_after=2024-05-04 04:00:00+00:00
[2024-05-04T12:50:07.810+0530] {processor.py:183} INFO - Processing /usr/local/lib/python3.10/dist-packages/airflow/example_dags/example_latest_only_with_trigger.py took 0.037 seconds
[2024-05-04T12:51:21.363+0530] {processor.py:161} INFO - Started process (PID=16925) to work on /usr/local/lib/python3.10/dist-packages/airflow/example_dags/example_latest_only_with_trigger.py
[2024-05-04T12:51:21.364+0530] {processor.py:830} INFO - Processing file /usr/local/lib/python3.10/dist-packages/airflow/example_dags/example_latest_only_with_trigger.py for tasks to queue
[2024-05-04T12:51:21.366+0530] {logging_mixin.py:188} INFO - [2024-05-04T12:51:21.366+0530] {dagbag.py:540} INFO - Filling up the DagBag from /usr/local/lib/python3.10/dist-packages/airflow/example_dags/example_latest_only_with_trigger.py
[2024-05-04T12:51:21.371+0530] {processor.py:840} INFO - DAG(s) 'latest_only_with_trigger' retrieved from /usr/local/lib/python3.10/dist-packages/airflow/example_dags/example_latest_only_with_trigger.py
[2024-05-04T12:51:21.377+0530] {logging_mixin.py:188} INFO - [2024-05-04T12:51:21.377+0530] {dag.py:3096} INFO - Sync 1 DAGs
[2024-05-04T12:51:21.384+0530] {logging_mixin.py:188} INFO - [2024-05-04T12:51:21.384+0530] {dag.py:3954} INFO - Setting next_dagrun for latest_only_with_trigger to 2024-05-04 00:00:00+00:00, run_after=2024-05-04 04:00:00+00:00
[2024-05-04T12:51:21.397+0530] {processor.py:183} INFO - Processing /usr/local/lib/python3.10/dist-packages/airflow/example_dags/example_latest_only_with_trigger.py took 0.043 seconds
[2024-05-04T12:52:38.621+0530] {processor.py:161} INFO - Started process (PID=17138) to work on /usr/local/lib/python3.10/dist-packages/airflow/example_dags/example_latest_only_with_trigger.py
[2024-05-04T12:52:38.622+0530] {processor.py:830} INFO - Processing file /usr/local/lib/python3.10/dist-packages/airflow/example_dags/example_latest_only_with_trigger.py for tasks to queue
[2024-05-04T12:52:38.623+0530] {logging_mixin.py:188} INFO - [2024-05-04T12:52:38.622+0530] {dagbag.py:540} INFO - Filling up the DagBag from /usr/local/lib/python3.10/dist-packages/airflow/example_dags/example_latest_only_with_trigger.py
[2024-05-04T12:52:38.625+0530] {processor.py:840} INFO - DAG(s) 'latest_only_with_trigger' retrieved from /usr/local/lib/python3.10/dist-packages/airflow/example_dags/example_latest_only_with_trigger.py
[2024-05-04T12:52:38.631+0530] {logging_mixin.py:188} INFO - [2024-05-04T12:52:38.631+0530] {dag.py:3096} INFO - Sync 1 DAGs
[2024-05-04T12:52:38.638+0530] {logging_mixin.py:188} INFO - [2024-05-04T12:52:38.638+0530] {dag.py:3954} INFO - Setting next_dagrun for latest_only_with_trigger to 2024-05-04 00:00:00+00:00, run_after=2024-05-04 04:00:00+00:00
[2024-05-04T12:52:38.648+0530] {processor.py:183} INFO - Processing /usr/local/lib/python3.10/dist-packages/airflow/example_dags/example_latest_only_with_trigger.py took 0.029 seconds
[2024-05-04T12:53:53.805+0530] {processor.py:161} INFO - Started process (PID=17341) to work on /usr/local/lib/python3.10/dist-packages/airflow/example_dags/example_latest_only_with_trigger.py
[2024-05-04T12:53:53.805+0530] {processor.py:830} INFO - Processing file /usr/local/lib/python3.10/dist-packages/airflow/example_dags/example_latest_only_with_trigger.py for tasks to queue
[2024-05-04T12:53:53.806+0530] {logging_mixin.py:188} INFO - [2024-05-04T12:53:53.806+0530] {dagbag.py:540} INFO - Filling up the DagBag from /usr/local/lib/python3.10/dist-packages/airflow/example_dags/example_latest_only_with_trigger.py
[2024-05-04T12:53:53.808+0530] {processor.py:840} INFO - DAG(s) 'latest_only_with_trigger' retrieved from /usr/local/lib/python3.10/dist-packages/airflow/example_dags/example_latest_only_with_trigger.py
[2024-05-04T12:53:53.814+0530] {logging_mixin.py:188} INFO - [2024-05-04T12:53:53.814+0530] {dag.py:3096} INFO - Sync 1 DAGs
[2024-05-04T12:53:53.822+0530] {logging_mixin.py:188} INFO - [2024-05-04T12:53:53.821+0530] {dag.py:3954} INFO - Setting next_dagrun for latest_only_with_trigger to 2024-05-04 00:00:00+00:00, run_after=2024-05-04 04:00:00+00:00
[2024-05-04T12:53:53.831+0530] {processor.py:183} INFO - Processing /usr/local/lib/python3.10/dist-packages/airflow/example_dags/example_latest_only_with_trigger.py took 0.033 seconds
[2024-05-04T12:54:47.478+0530] {processor.py:161} INFO - Started process (PID=17506) to work on /usr/local/lib/python3.10/dist-packages/airflow/example_dags/example_latest_only_with_trigger.py
[2024-05-04T12:54:47.479+0530] {processor.py:830} INFO - Processing file /usr/local/lib/python3.10/dist-packages/airflow/example_dags/example_latest_only_with_trigger.py for tasks to queue
[2024-05-04T12:54:47.479+0530] {logging_mixin.py:188} INFO - [2024-05-04T12:54:47.479+0530] {dagbag.py:540} INFO - Filling up the DagBag from /usr/local/lib/python3.10/dist-packages/airflow/example_dags/example_latest_only_with_trigger.py
[2024-05-04T12:54:47.482+0530] {processor.py:840} INFO - DAG(s) 'latest_only_with_trigger' retrieved from /usr/local/lib/python3.10/dist-packages/airflow/example_dags/example_latest_only_with_trigger.py
[2024-05-04T12:54:47.488+0530] {logging_mixin.py:188} INFO - [2024-05-04T12:54:47.488+0530] {dag.py:3096} INFO - Sync 1 DAGs
[2024-05-04T12:54:47.495+0530] {logging_mixin.py:188} INFO - [2024-05-04T12:54:47.495+0530] {dag.py:3954} INFO - Setting next_dagrun for latest_only_with_trigger to 2024-05-04 00:00:00+00:00, run_after=2024-05-04 04:00:00+00:00
[2024-05-04T12:54:47.505+0530] {processor.py:183} INFO - Processing /usr/local/lib/python3.10/dist-packages/airflow/example_dags/example_latest_only_with_trigger.py took 0.031 seconds
