[2024-05-04T12:09:56.358+0530] {processor.py:161} INFO - Started process (PID=7034) to work on /usr/local/lib/python3.10/dist-packages/airflow/example_dags/example_branch_labels.py
[2024-05-04T12:09:56.358+0530] {processor.py:830} INFO - Processing file /usr/local/lib/python3.10/dist-packages/airflow/example_dags/example_branch_labels.py for tasks to queue
[2024-05-04T12:09:56.359+0530] {logging_mixin.py:188} INFO - [2024-05-04T12:09:56.359+0530] {dagbag.py:540} INFO - Filling up the DagBag from /usr/local/lib/python3.10/dist-packages/airflow/example_dags/example_branch_labels.py
[2024-05-04T12:09:56.364+0530] {processor.py:840} INFO - DAG(s) 'example_branch_labels' retrieved from /usr/local/lib/python3.10/dist-packages/airflow/example_dags/example_branch_labels.py
[2024-05-04T12:09:56.371+0530] {logging_mixin.py:188} INFO - [2024-05-04T12:09:56.371+0530] {dag.py:3096} INFO - Sync 1 DAGs
[2024-05-04T12:09:56.379+0530] {logging_mixin.py:188} INFO - [2024-05-04T12:09:56.379+0530] {dag.py:3954} INFO - Setting next_dagrun for example_branch_labels to 2024-05-03 00:00:00+00:00, run_after=2024-05-04 00:00:00+00:00
[2024-05-04T12:09:56.389+0530] {processor.py:183} INFO - Processing /usr/local/lib/python3.10/dist-packages/airflow/example_dags/example_branch_labels.py took 0.037 seconds
[2024-05-04T12:10:52.955+0530] {processor.py:161} INFO - Started process (PID=7563) to work on /usr/local/lib/python3.10/dist-packages/airflow/example_dags/example_branch_labels.py
[2024-05-04T12:10:52.956+0530] {processor.py:830} INFO - Processing file /usr/local/lib/python3.10/dist-packages/airflow/example_dags/example_branch_labels.py for tasks to queue
[2024-05-04T12:10:52.959+0530] {logging_mixin.py:188} INFO - [2024-05-04T12:10:52.958+0530] {dagbag.py:540} INFO - Filling up the DagBag from /usr/local/lib/python3.10/dist-packages/airflow/example_dags/example_branch_labels.py
[2024-05-04T12:10:52.970+0530] {processor.py:840} INFO - DAG(s) 'example_branch_labels' retrieved from /usr/local/lib/python3.10/dist-packages/airflow/example_dags/example_branch_labels.py
[2024-05-04T12:10:52.978+0530] {logging_mixin.py:188} INFO - [2024-05-04T12:10:52.978+0530] {dag.py:3096} INFO - Sync 1 DAGs
[2024-05-04T12:10:52.986+0530] {logging_mixin.py:188} INFO - [2024-05-04T12:10:52.986+0530] {dag.py:3954} INFO - Setting next_dagrun for example_branch_labels to 2024-05-03 00:00:00+00:00, run_after=2024-05-04 00:00:00+00:00
[2024-05-04T12:10:52.996+0530] {processor.py:183} INFO - Processing /usr/local/lib/python3.10/dist-packages/airflow/example_dags/example_branch_labels.py took 0.049 seconds
[2024-05-04T12:11:51.902+0530] {processor.py:161} INFO - Started process (PID=8175) to work on /usr/local/lib/python3.10/dist-packages/airflow/example_dags/example_branch_labels.py
[2024-05-04T12:11:51.902+0530] {processor.py:830} INFO - Processing file /usr/local/lib/python3.10/dist-packages/airflow/example_dags/example_branch_labels.py for tasks to queue
[2024-05-04T12:11:51.904+0530] {logging_mixin.py:188} INFO - [2024-05-04T12:11:51.903+0530] {dagbag.py:540} INFO - Filling up the DagBag from /usr/local/lib/python3.10/dist-packages/airflow/example_dags/example_branch_labels.py
[2024-05-04T12:11:51.910+0530] {processor.py:840} INFO - DAG(s) 'example_branch_labels' retrieved from /usr/local/lib/python3.10/dist-packages/airflow/example_dags/example_branch_labels.py
[2024-05-04T12:11:51.917+0530] {logging_mixin.py:188} INFO - [2024-05-04T12:11:51.917+0530] {dag.py:3096} INFO - Sync 1 DAGs
[2024-05-04T12:11:51.926+0530] {logging_mixin.py:188} INFO - [2024-05-04T12:11:51.926+0530] {dag.py:3954} INFO - Setting next_dagrun for example_branch_labels to 2024-05-03 00:00:00+00:00, run_after=2024-05-04 00:00:00+00:00
[2024-05-04T12:11:51.937+0530] {processor.py:183} INFO - Processing /usr/local/lib/python3.10/dist-packages/airflow/example_dags/example_branch_labels.py took 0.040 seconds
[2024-05-04T12:12:57.440+0530] {processor.py:161} INFO - Started process (PID=8805) to work on /usr/local/lib/python3.10/dist-packages/airflow/example_dags/example_branch_labels.py
[2024-05-04T12:12:57.440+0530] {processor.py:830} INFO - Processing file /usr/local/lib/python3.10/dist-packages/airflow/example_dags/example_branch_labels.py for tasks to queue
[2024-05-04T12:12:57.442+0530] {logging_mixin.py:188} INFO - [2024-05-04T12:12:57.442+0530] {dagbag.py:540} INFO - Filling up the DagBag from /usr/local/lib/python3.10/dist-packages/airflow/example_dags/example_branch_labels.py
[2024-05-04T12:12:57.451+0530] {processor.py:840} INFO - DAG(s) 'example_branch_labels' retrieved from /usr/local/lib/python3.10/dist-packages/airflow/example_dags/example_branch_labels.py
[2024-05-04T12:12:57.458+0530] {logging_mixin.py:188} INFO - [2024-05-04T12:12:57.458+0530] {dag.py:3096} INFO - Sync 1 DAGs
[2024-05-04T12:12:57.465+0530] {logging_mixin.py:188} INFO - [2024-05-04T12:12:57.465+0530] {dag.py:3954} INFO - Setting next_dagrun for example_branch_labels to 2024-05-03 00:00:00+00:00, run_after=2024-05-04 00:00:00+00:00
[2024-05-04T12:12:57.475+0530] {processor.py:183} INFO - Processing /usr/local/lib/python3.10/dist-packages/airflow/example_dags/example_branch_labels.py took 0.040 seconds
[2024-05-04T12:13:53.056+0530] {processor.py:161} INFO - Started process (PID=9084) to work on /usr/local/lib/python3.10/dist-packages/airflow/example_dags/example_branch_labels.py
[2024-05-04T12:13:53.057+0530] {processor.py:830} INFO - Processing file /usr/local/lib/python3.10/dist-packages/airflow/example_dags/example_branch_labels.py for tasks to queue
[2024-05-04T12:13:53.058+0530] {logging_mixin.py:188} INFO - [2024-05-04T12:13:53.057+0530] {dagbag.py:540} INFO - Filling up the DagBag from /usr/local/lib/python3.10/dist-packages/airflow/example_dags/example_branch_labels.py
[2024-05-04T12:13:53.064+0530] {processor.py:840} INFO - DAG(s) 'example_branch_labels' retrieved from /usr/local/lib/python3.10/dist-packages/airflow/example_dags/example_branch_labels.py
[2024-05-04T12:13:53.071+0530] {logging_mixin.py:188} INFO - [2024-05-04T12:13:53.070+0530] {dag.py:3096} INFO - Sync 1 DAGs
[2024-05-04T12:13:53.078+0530] {logging_mixin.py:188} INFO - [2024-05-04T12:13:53.078+0530] {dag.py:3954} INFO - Setting next_dagrun for example_branch_labels to 2024-05-03 00:00:00+00:00, run_after=2024-05-04 00:00:00+00:00
[2024-05-04T12:13:53.089+0530] {processor.py:183} INFO - Processing /usr/local/lib/python3.10/dist-packages/airflow/example_dags/example_branch_labels.py took 0.039 seconds
[2024-05-04T12:14:43.638+0530] {processor.py:161} INFO - Started process (PID=9252) to work on /usr/local/lib/python3.10/dist-packages/airflow/example_dags/example_branch_labels.py
[2024-05-04T12:14:43.639+0530] {processor.py:830} INFO - Processing file /usr/local/lib/python3.10/dist-packages/airflow/example_dags/example_branch_labels.py for tasks to queue
[2024-05-04T12:14:43.640+0530] {logging_mixin.py:188} INFO - [2024-05-04T12:14:43.639+0530] {dagbag.py:540} INFO - Filling up the DagBag from /usr/local/lib/python3.10/dist-packages/airflow/example_dags/example_branch_labels.py
[2024-05-04T12:14:43.649+0530] {processor.py:840} INFO - DAG(s) 'example_branch_labels' retrieved from /usr/local/lib/python3.10/dist-packages/airflow/example_dags/example_branch_labels.py
[2024-05-04T12:14:43.662+0530] {logging_mixin.py:188} INFO - [2024-05-04T12:14:43.661+0530] {dag.py:3096} INFO - Sync 1 DAGs
[2024-05-04T12:14:43.669+0530] {logging_mixin.py:188} INFO - [2024-05-04T12:14:43.669+0530] {dag.py:3954} INFO - Setting next_dagrun for example_branch_labels to 2024-05-03 00:00:00+00:00, run_after=2024-05-04 00:00:00+00:00
[2024-05-04T12:14:43.679+0530] {processor.py:183} INFO - Processing /usr/local/lib/python3.10/dist-packages/airflow/example_dags/example_branch_labels.py took 0.043 seconds
[2024-05-04T12:15:35.589+0530] {processor.py:161} INFO - Started process (PID=9425) to work on /usr/local/lib/python3.10/dist-packages/airflow/example_dags/example_branch_labels.py
[2024-05-04T12:15:35.590+0530] {processor.py:830} INFO - Processing file /usr/local/lib/python3.10/dist-packages/airflow/example_dags/example_branch_labels.py for tasks to queue
[2024-05-04T12:15:35.590+0530] {logging_mixin.py:188} INFO - [2024-05-04T12:15:35.590+0530] {dagbag.py:540} INFO - Filling up the DagBag from /usr/local/lib/python3.10/dist-packages/airflow/example_dags/example_branch_labels.py
[2024-05-04T12:15:35.594+0530] {processor.py:840} INFO - DAG(s) 'example_branch_labels' retrieved from /usr/local/lib/python3.10/dist-packages/airflow/example_dags/example_branch_labels.py
[2024-05-04T12:15:35.600+0530] {logging_mixin.py:188} INFO - [2024-05-04T12:15:35.600+0530] {dag.py:3096} INFO - Sync 1 DAGs
[2024-05-04T12:15:35.608+0530] {logging_mixin.py:188} INFO - [2024-05-04T12:15:35.607+0530] {dag.py:3954} INFO - Setting next_dagrun for example_branch_labels to 2024-05-03 00:00:00+00:00, run_after=2024-05-04 00:00:00+00:00
[2024-05-04T12:15:35.617+0530] {processor.py:183} INFO - Processing /usr/local/lib/python3.10/dist-packages/airflow/example_dags/example_branch_labels.py took 0.033 seconds
[2024-05-04T12:16:25.158+0530] {processor.py:161} INFO - Started process (PID=9548) to work on /usr/local/lib/python3.10/dist-packages/airflow/example_dags/example_branch_labels.py
[2024-05-04T12:16:25.159+0530] {processor.py:830} INFO - Processing file /usr/local/lib/python3.10/dist-packages/airflow/example_dags/example_branch_labels.py for tasks to queue
[2024-05-04T12:16:25.160+0530] {logging_mixin.py:188} INFO - [2024-05-04T12:16:25.160+0530] {dagbag.py:540} INFO - Filling up the DagBag from /usr/local/lib/python3.10/dist-packages/airflow/example_dags/example_branch_labels.py
[2024-05-04T12:16:25.165+0530] {processor.py:840} INFO - DAG(s) 'example_branch_labels' retrieved from /usr/local/lib/python3.10/dist-packages/airflow/example_dags/example_branch_labels.py
[2024-05-04T12:16:25.171+0530] {logging_mixin.py:188} INFO - [2024-05-04T12:16:25.171+0530] {dag.py:3096} INFO - Sync 1 DAGs
[2024-05-04T12:16:25.178+0530] {logging_mixin.py:188} INFO - [2024-05-04T12:16:25.178+0530] {dag.py:3954} INFO - Setting next_dagrun for example_branch_labels to 2024-05-03 00:00:00+00:00, run_after=2024-05-04 00:00:00+00:00
[2024-05-04T12:16:25.188+0530] {processor.py:183} INFO - Processing /usr/local/lib/python3.10/dist-packages/airflow/example_dags/example_branch_labels.py took 0.039 seconds
[2024-05-04T12:17:16.900+0530] {processor.py:161} INFO - Started process (PID=9845) to work on /usr/local/lib/python3.10/dist-packages/airflow/example_dags/example_branch_labels.py
[2024-05-04T12:17:16.901+0530] {processor.py:830} INFO - Processing file /usr/local/lib/python3.10/dist-packages/airflow/example_dags/example_branch_labels.py for tasks to queue
[2024-05-04T12:17:16.902+0530] {logging_mixin.py:188} INFO - [2024-05-04T12:17:16.902+0530] {dagbag.py:540} INFO - Filling up the DagBag from /usr/local/lib/python3.10/dist-packages/airflow/example_dags/example_branch_labels.py
[2024-05-04T12:17:16.907+0530] {processor.py:840} INFO - DAG(s) 'example_branch_labels' retrieved from /usr/local/lib/python3.10/dist-packages/airflow/example_dags/example_branch_labels.py
[2024-05-04T12:17:16.913+0530] {logging_mixin.py:188} INFO - [2024-05-04T12:17:16.913+0530] {dag.py:3096} INFO - Sync 1 DAGs
[2024-05-04T12:17:16.921+0530] {logging_mixin.py:188} INFO - [2024-05-04T12:17:16.921+0530] {dag.py:3954} INFO - Setting next_dagrun for example_branch_labels to 2024-05-03 00:00:00+00:00, run_after=2024-05-04 00:00:00+00:00
[2024-05-04T12:17:16.930+0530] {processor.py:183} INFO - Processing /usr/local/lib/python3.10/dist-packages/airflow/example_dags/example_branch_labels.py took 0.039 seconds
[2024-05-04T12:18:19.987+0530] {processor.py:161} INFO - Started process (PID=10750) to work on /usr/local/lib/python3.10/dist-packages/airflow/example_dags/example_branch_labels.py
[2024-05-04T12:18:19.988+0530] {processor.py:830} INFO - Processing file /usr/local/lib/python3.10/dist-packages/airflow/example_dags/example_branch_labels.py for tasks to queue
[2024-05-04T12:18:19.990+0530] {logging_mixin.py:188} INFO - [2024-05-04T12:18:19.990+0530] {dagbag.py:540} INFO - Filling up the DagBag from /usr/local/lib/python3.10/dist-packages/airflow/example_dags/example_branch_labels.py
[2024-05-04T12:18:19.996+0530] {processor.py:840} INFO - DAG(s) 'example_branch_labels' retrieved from /usr/local/lib/python3.10/dist-packages/airflow/example_dags/example_branch_labels.py
[2024-05-04T12:18:20.002+0530] {logging_mixin.py:188} INFO - [2024-05-04T12:18:20.002+0530] {dag.py:3096} INFO - Sync 1 DAGs
[2024-05-04T12:18:20.010+0530] {logging_mixin.py:188} INFO - [2024-05-04T12:18:20.010+0530] {dag.py:3954} INFO - Setting next_dagrun for example_branch_labels to 2024-05-03 00:00:00+00:00, run_after=2024-05-04 00:00:00+00:00
[2024-05-04T12:18:20.019+0530] {processor.py:183} INFO - Processing /usr/local/lib/python3.10/dist-packages/airflow/example_dags/example_branch_labels.py took 0.041 seconds
[2024-05-04T12:19:14.405+0530] {processor.py:161} INFO - Started process (PID=10911) to work on /usr/local/lib/python3.10/dist-packages/airflow/example_dags/example_branch_labels.py
[2024-05-04T12:19:14.406+0530] {processor.py:830} INFO - Processing file /usr/local/lib/python3.10/dist-packages/airflow/example_dags/example_branch_labels.py for tasks to queue
[2024-05-04T12:19:14.407+0530] {logging_mixin.py:188} INFO - [2024-05-04T12:19:14.406+0530] {dagbag.py:540} INFO - Filling up the DagBag from /usr/local/lib/python3.10/dist-packages/airflow/example_dags/example_branch_labels.py
[2024-05-04T12:19:14.413+0530] {processor.py:840} INFO - DAG(s) 'example_branch_labels' retrieved from /usr/local/lib/python3.10/dist-packages/airflow/example_dags/example_branch_labels.py
[2024-05-04T12:19:14.420+0530] {logging_mixin.py:188} INFO - [2024-05-04T12:19:14.420+0530] {dag.py:3096} INFO - Sync 1 DAGs
[2024-05-04T12:19:14.428+0530] {logging_mixin.py:188} INFO - [2024-05-04T12:19:14.428+0530] {dag.py:3954} INFO - Setting next_dagrun for example_branch_labels to 2024-05-03 00:00:00+00:00, run_after=2024-05-04 00:00:00+00:00
[2024-05-04T12:19:14.440+0530] {processor.py:183} INFO - Processing /usr/local/lib/python3.10/dist-packages/airflow/example_dags/example_branch_labels.py took 0.037 seconds
[2024-05-04T12:20:05.648+0530] {processor.py:161} INFO - Started process (PID=11066) to work on /usr/local/lib/python3.10/dist-packages/airflow/example_dags/example_branch_labels.py
[2024-05-04T12:20:05.649+0530] {processor.py:830} INFO - Processing file /usr/local/lib/python3.10/dist-packages/airflow/example_dags/example_branch_labels.py for tasks to queue
[2024-05-04T12:20:05.650+0530] {logging_mixin.py:188} INFO - [2024-05-04T12:20:05.650+0530] {dagbag.py:540} INFO - Filling up the DagBag from /usr/local/lib/python3.10/dist-packages/airflow/example_dags/example_branch_labels.py
[2024-05-04T12:20:05.655+0530] {processor.py:840} INFO - DAG(s) 'example_branch_labels' retrieved from /usr/local/lib/python3.10/dist-packages/airflow/example_dags/example_branch_labels.py
[2024-05-04T12:20:05.660+0530] {logging_mixin.py:188} INFO - [2024-05-04T12:20:05.660+0530] {dag.py:3096} INFO - Sync 1 DAGs
[2024-05-04T12:20:05.668+0530] {logging_mixin.py:188} INFO - [2024-05-04T12:20:05.668+0530] {dag.py:3954} INFO - Setting next_dagrun for example_branch_labels to 2024-05-03 00:00:00+00:00, run_after=2024-05-04 00:00:00+00:00
[2024-05-04T12:20:05.678+0530] {processor.py:183} INFO - Processing /usr/local/lib/python3.10/dist-packages/airflow/example_dags/example_branch_labels.py took 0.036 seconds
[2024-05-04T12:20:58.357+0530] {processor.py:161} INFO - Started process (PID=11186) to work on /usr/local/lib/python3.10/dist-packages/airflow/example_dags/example_branch_labels.py
[2024-05-04T12:20:58.357+0530] {processor.py:830} INFO - Processing file /usr/local/lib/python3.10/dist-packages/airflow/example_dags/example_branch_labels.py for tasks to queue
[2024-05-04T12:20:58.358+0530] {logging_mixin.py:188} INFO - [2024-05-04T12:20:58.358+0530] {dagbag.py:540} INFO - Filling up the DagBag from /usr/local/lib/python3.10/dist-packages/airflow/example_dags/example_branch_labels.py
[2024-05-04T12:20:58.361+0530] {processor.py:840} INFO - DAG(s) 'example_branch_labels' retrieved from /usr/local/lib/python3.10/dist-packages/airflow/example_dags/example_branch_labels.py
[2024-05-04T12:20:58.368+0530] {logging_mixin.py:188} INFO - [2024-05-04T12:20:58.368+0530] {dag.py:3096} INFO - Sync 1 DAGs
[2024-05-04T12:20:58.376+0530] {logging_mixin.py:188} INFO - [2024-05-04T12:20:58.375+0530] {dag.py:3954} INFO - Setting next_dagrun for example_branch_labels to 2024-05-03 00:00:00+00:00, run_after=2024-05-04 00:00:00+00:00
[2024-05-04T12:20:58.385+0530] {processor.py:183} INFO - Processing /usr/local/lib/python3.10/dist-packages/airflow/example_dags/example_branch_labels.py took 0.031 seconds
[2024-05-04T12:21:49.985+0530] {processor.py:161} INFO - Started process (PID=11303) to work on /usr/local/lib/python3.10/dist-packages/airflow/example_dags/example_branch_labels.py
[2024-05-04T12:21:49.986+0530] {processor.py:830} INFO - Processing file /usr/local/lib/python3.10/dist-packages/airflow/example_dags/example_branch_labels.py for tasks to queue
[2024-05-04T12:21:49.986+0530] {logging_mixin.py:188} INFO - [2024-05-04T12:21:49.986+0530] {dagbag.py:540} INFO - Filling up the DagBag from /usr/local/lib/python3.10/dist-packages/airflow/example_dags/example_branch_labels.py
[2024-05-04T12:21:49.990+0530] {processor.py:840} INFO - DAG(s) 'example_branch_labels' retrieved from /usr/local/lib/python3.10/dist-packages/airflow/example_dags/example_branch_labels.py
[2024-05-04T12:21:49.996+0530] {logging_mixin.py:188} INFO - [2024-05-04T12:21:49.996+0530] {dag.py:3096} INFO - Sync 1 DAGs
[2024-05-04T12:21:50.004+0530] {logging_mixin.py:188} INFO - [2024-05-04T12:21:50.003+0530] {dag.py:3954} INFO - Setting next_dagrun for example_branch_labels to 2024-05-03 00:00:00+00:00, run_after=2024-05-04 00:00:00+00:00
[2024-05-04T12:21:50.013+0530] {processor.py:183} INFO - Processing /usr/local/lib/python3.10/dist-packages/airflow/example_dags/example_branch_labels.py took 0.033 seconds
[2024-05-04T12:22:41.266+0530] {processor.py:161} INFO - Started process (PID=11424) to work on /usr/local/lib/python3.10/dist-packages/airflow/example_dags/example_branch_labels.py
[2024-05-04T12:22:41.267+0530] {processor.py:830} INFO - Processing file /usr/local/lib/python3.10/dist-packages/airflow/example_dags/example_branch_labels.py for tasks to queue
[2024-05-04T12:22:41.268+0530] {logging_mixin.py:188} INFO - [2024-05-04T12:22:41.267+0530] {dagbag.py:540} INFO - Filling up the DagBag from /usr/local/lib/python3.10/dist-packages/airflow/example_dags/example_branch_labels.py
[2024-05-04T12:22:41.275+0530] {processor.py:840} INFO - DAG(s) 'example_branch_labels' retrieved from /usr/local/lib/python3.10/dist-packages/airflow/example_dags/example_branch_labels.py
[2024-05-04T12:22:41.281+0530] {logging_mixin.py:188} INFO - [2024-05-04T12:22:41.281+0530] {dag.py:3096} INFO - Sync 1 DAGs
[2024-05-04T12:22:41.289+0530] {logging_mixin.py:188} INFO - [2024-05-04T12:22:41.289+0530] {dag.py:3954} INFO - Setting next_dagrun for example_branch_labels to 2024-05-03 00:00:00+00:00, run_after=2024-05-04 00:00:00+00:00
[2024-05-04T12:22:41.298+0530] {processor.py:183} INFO - Processing /usr/local/lib/python3.10/dist-packages/airflow/example_dags/example_branch_labels.py took 0.038 seconds
[2024-05-04T12:23:33.140+0530] {processor.py:161} INFO - Started process (PID=11553) to work on /usr/local/lib/python3.10/dist-packages/airflow/example_dags/example_branch_labels.py
[2024-05-04T12:23:33.141+0530] {processor.py:830} INFO - Processing file /usr/local/lib/python3.10/dist-packages/airflow/example_dags/example_branch_labels.py for tasks to queue
[2024-05-04T12:23:33.141+0530] {logging_mixin.py:188} INFO - [2024-05-04T12:23:33.141+0530] {dagbag.py:540} INFO - Filling up the DagBag from /usr/local/lib/python3.10/dist-packages/airflow/example_dags/example_branch_labels.py
[2024-05-04T12:23:33.145+0530] {processor.py:840} INFO - DAG(s) 'example_branch_labels' retrieved from /usr/local/lib/python3.10/dist-packages/airflow/example_dags/example_branch_labels.py
[2024-05-04T12:23:33.151+0530] {logging_mixin.py:188} INFO - [2024-05-04T12:23:33.151+0530] {dag.py:3096} INFO - Sync 1 DAGs
[2024-05-04T12:23:33.158+0530] {logging_mixin.py:188} INFO - [2024-05-04T12:23:33.158+0530] {dag.py:3954} INFO - Setting next_dagrun for example_branch_labels to 2024-05-03 00:00:00+00:00, run_after=2024-05-04 00:00:00+00:00
[2024-05-04T12:23:33.168+0530] {processor.py:183} INFO - Processing /usr/local/lib/python3.10/dist-packages/airflow/example_dags/example_branch_labels.py took 0.035 seconds
[2024-05-04T12:24:22.733+0530] {processor.py:161} INFO - Started process (PID=11750) to work on /usr/local/lib/python3.10/dist-packages/airflow/example_dags/example_branch_labels.py
[2024-05-04T12:24:22.734+0530] {processor.py:830} INFO - Processing file /usr/local/lib/python3.10/dist-packages/airflow/example_dags/example_branch_labels.py for tasks to queue
[2024-05-04T12:24:22.735+0530] {logging_mixin.py:188} INFO - [2024-05-04T12:24:22.735+0530] {dagbag.py:540} INFO - Filling up the DagBag from /usr/local/lib/python3.10/dist-packages/airflow/example_dags/example_branch_labels.py
[2024-05-04T12:24:22.741+0530] {processor.py:840} INFO - DAG(s) 'example_branch_labels' retrieved from /usr/local/lib/python3.10/dist-packages/airflow/example_dags/example_branch_labels.py
[2024-05-04T12:24:22.750+0530] {logging_mixin.py:188} INFO - [2024-05-04T12:24:22.750+0530] {dag.py:3096} INFO - Sync 1 DAGs
[2024-05-04T12:24:22.760+0530] {logging_mixin.py:188} INFO - [2024-05-04T12:24:22.759+0530] {dag.py:3954} INFO - Setting next_dagrun for example_branch_labels to 2024-05-03 00:00:00+00:00, run_after=2024-05-04 00:00:00+00:00
[2024-05-04T12:24:22.771+0530] {processor.py:183} INFO - Processing /usr/local/lib/python3.10/dist-packages/airflow/example_dags/example_branch_labels.py took 0.046 seconds
[2024-05-04T12:25:13.375+0530] {processor.py:161} INFO - Started process (PID=11930) to work on /usr/local/lib/python3.10/dist-packages/airflow/example_dags/example_branch_labels.py
[2024-05-04T12:25:13.376+0530] {processor.py:830} INFO - Processing file /usr/local/lib/python3.10/dist-packages/airflow/example_dags/example_branch_labels.py for tasks to queue
[2024-05-04T12:25:13.377+0530] {logging_mixin.py:188} INFO - [2024-05-04T12:25:13.377+0530] {dagbag.py:540} INFO - Filling up the DagBag from /usr/local/lib/python3.10/dist-packages/airflow/example_dags/example_branch_labels.py
[2024-05-04T12:25:13.382+0530] {processor.py:840} INFO - DAG(s) 'example_branch_labels' retrieved from /usr/local/lib/python3.10/dist-packages/airflow/example_dags/example_branch_labels.py
[2024-05-04T12:25:13.388+0530] {logging_mixin.py:188} INFO - [2024-05-04T12:25:13.388+0530] {dag.py:3096} INFO - Sync 1 DAGs
[2024-05-04T12:25:13.397+0530] {logging_mixin.py:188} INFO - [2024-05-04T12:25:13.397+0530] {dag.py:3954} INFO - Setting next_dagrun for example_branch_labels to 2024-05-03 00:00:00+00:00, run_after=2024-05-04 00:00:00+00:00
[2024-05-04T12:25:13.408+0530] {processor.py:183} INFO - Processing /usr/local/lib/python3.10/dist-packages/airflow/example_dags/example_branch_labels.py took 0.039 seconds
[2024-05-04T12:26:03.857+0530] {processor.py:161} INFO - Started process (PID=12059) to work on /usr/local/lib/python3.10/dist-packages/airflow/example_dags/example_branch_labels.py
[2024-05-04T12:26:03.858+0530] {processor.py:830} INFO - Processing file /usr/local/lib/python3.10/dist-packages/airflow/example_dags/example_branch_labels.py for tasks to queue
[2024-05-04T12:26:03.858+0530] {logging_mixin.py:188} INFO - [2024-05-04T12:26:03.858+0530] {dagbag.py:540} INFO - Filling up the DagBag from /usr/local/lib/python3.10/dist-packages/airflow/example_dags/example_branch_labels.py
[2024-05-04T12:26:03.861+0530] {processor.py:840} INFO - DAG(s) 'example_branch_labels' retrieved from /usr/local/lib/python3.10/dist-packages/airflow/example_dags/example_branch_labels.py
[2024-05-04T12:26:03.867+0530] {logging_mixin.py:188} INFO - [2024-05-04T12:26:03.867+0530] {dag.py:3096} INFO - Sync 1 DAGs
[2024-05-04T12:26:03.875+0530] {logging_mixin.py:188} INFO - [2024-05-04T12:26:03.875+0530] {dag.py:3954} INFO - Setting next_dagrun for example_branch_labels to 2024-05-03 00:00:00+00:00, run_after=2024-05-04 00:00:00+00:00
[2024-05-04T12:26:03.885+0530] {processor.py:183} INFO - Processing /usr/local/lib/python3.10/dist-packages/airflow/example_dags/example_branch_labels.py took 0.030 seconds
[2024-05-04T12:26:54.757+0530] {processor.py:161} INFO - Started process (PID=12185) to work on /usr/local/lib/python3.10/dist-packages/airflow/example_dags/example_branch_labels.py
[2024-05-04T12:26:54.758+0530] {processor.py:830} INFO - Processing file /usr/local/lib/python3.10/dist-packages/airflow/example_dags/example_branch_labels.py for tasks to queue
[2024-05-04T12:26:54.759+0530] {logging_mixin.py:188} INFO - [2024-05-04T12:26:54.758+0530] {dagbag.py:540} INFO - Filling up the DagBag from /usr/local/lib/python3.10/dist-packages/airflow/example_dags/example_branch_labels.py
[2024-05-04T12:26:54.762+0530] {processor.py:840} INFO - DAG(s) 'example_branch_labels' retrieved from /usr/local/lib/python3.10/dist-packages/airflow/example_dags/example_branch_labels.py
[2024-05-04T12:26:54.768+0530] {logging_mixin.py:188} INFO - [2024-05-04T12:26:54.768+0530] {dag.py:3096} INFO - Sync 1 DAGs
[2024-05-04T12:26:54.776+0530] {logging_mixin.py:188} INFO - [2024-05-04T12:26:54.776+0530] {dag.py:3954} INFO - Setting next_dagrun for example_branch_labels to 2024-05-03 00:00:00+00:00, run_after=2024-05-04 00:00:00+00:00
[2024-05-04T12:26:54.785+0530] {processor.py:183} INFO - Processing /usr/local/lib/python3.10/dist-packages/airflow/example_dags/example_branch_labels.py took 0.032 seconds
[2024-05-04T12:27:45.337+0530] {processor.py:161} INFO - Started process (PID=12307) to work on /usr/local/lib/python3.10/dist-packages/airflow/example_dags/example_branch_labels.py
[2024-05-04T12:27:45.337+0530] {processor.py:830} INFO - Processing file /usr/local/lib/python3.10/dist-packages/airflow/example_dags/example_branch_labels.py for tasks to queue
[2024-05-04T12:27:45.338+0530] {logging_mixin.py:188} INFO - [2024-05-04T12:27:45.338+0530] {dagbag.py:540} INFO - Filling up the DagBag from /usr/local/lib/python3.10/dist-packages/airflow/example_dags/example_branch_labels.py
[2024-05-04T12:27:45.345+0530] {processor.py:840} INFO - DAG(s) 'example_branch_labels' retrieved from /usr/local/lib/python3.10/dist-packages/airflow/example_dags/example_branch_labels.py
[2024-05-04T12:27:45.351+0530] {logging_mixin.py:188} INFO - [2024-05-04T12:27:45.351+0530] {dag.py:3096} INFO - Sync 1 DAGs
[2024-05-04T12:27:45.359+0530] {logging_mixin.py:188} INFO - [2024-05-04T12:27:45.359+0530] {dag.py:3954} INFO - Setting next_dagrun for example_branch_labels to 2024-05-03 00:00:00+00:00, run_after=2024-05-04 00:00:00+00:00
[2024-05-04T12:27:45.369+0530] {processor.py:183} INFO - Processing /usr/local/lib/python3.10/dist-packages/airflow/example_dags/example_branch_labels.py took 0.038 seconds
[2024-05-04T12:28:35.200+0530] {processor.py:161} INFO - Started process (PID=12430) to work on /usr/local/lib/python3.10/dist-packages/airflow/example_dags/example_branch_labels.py
[2024-05-04T12:28:35.200+0530] {processor.py:830} INFO - Processing file /usr/local/lib/python3.10/dist-packages/airflow/example_dags/example_branch_labels.py for tasks to queue
[2024-05-04T12:28:35.201+0530] {logging_mixin.py:188} INFO - [2024-05-04T12:28:35.201+0530] {dagbag.py:540} INFO - Filling up the DagBag from /usr/local/lib/python3.10/dist-packages/airflow/example_dags/example_branch_labels.py
[2024-05-04T12:28:35.204+0530] {processor.py:840} INFO - DAG(s) 'example_branch_labels' retrieved from /usr/local/lib/python3.10/dist-packages/airflow/example_dags/example_branch_labels.py
[2024-05-04T12:28:35.211+0530] {logging_mixin.py:188} INFO - [2024-05-04T12:28:35.211+0530] {dag.py:3096} INFO - Sync 1 DAGs
[2024-05-04T12:28:35.219+0530] {logging_mixin.py:188} INFO - [2024-05-04T12:28:35.219+0530] {dag.py:3954} INFO - Setting next_dagrun for example_branch_labels to 2024-05-03 00:00:00+00:00, run_after=2024-05-04 00:00:00+00:00
[2024-05-04T12:28:35.229+0530] {processor.py:183} INFO - Processing /usr/local/lib/python3.10/dist-packages/airflow/example_dags/example_branch_labels.py took 0.035 seconds
[2024-05-04T12:29:22.656+0530] {processor.py:161} INFO - Started process (PID=12549) to work on /usr/local/lib/python3.10/dist-packages/airflow/example_dags/example_branch_labels.py
[2024-05-04T12:29:22.658+0530] {processor.py:830} INFO - Processing file /usr/local/lib/python3.10/dist-packages/airflow/example_dags/example_branch_labels.py for tasks to queue
[2024-05-04T12:29:22.661+0530] {logging_mixin.py:188} INFO - [2024-05-04T12:29:22.660+0530] {dagbag.py:540} INFO - Filling up the DagBag from /usr/local/lib/python3.10/dist-packages/airflow/example_dags/example_branch_labels.py
[2024-05-04T12:29:22.672+0530] {processor.py:840} INFO - DAG(s) 'example_branch_labels' retrieved from /usr/local/lib/python3.10/dist-packages/airflow/example_dags/example_branch_labels.py
[2024-05-04T12:29:22.680+0530] {logging_mixin.py:188} INFO - [2024-05-04T12:29:22.680+0530] {dag.py:3096} INFO - Sync 1 DAGs
[2024-05-04T12:29:22.687+0530] {logging_mixin.py:188} INFO - [2024-05-04T12:29:22.687+0530] {dag.py:3954} INFO - Setting next_dagrun for example_branch_labels to 2024-05-03 00:00:00+00:00, run_after=2024-05-04 00:00:00+00:00
[2024-05-04T12:29:22.697+0530] {processor.py:183} INFO - Processing /usr/local/lib/python3.10/dist-packages/airflow/example_dags/example_branch_labels.py took 0.048 seconds
[2024-05-04T12:30:11.624+0530] {processor.py:161} INFO - Started process (PID=12701) to work on /usr/local/lib/python3.10/dist-packages/airflow/example_dags/example_branch_labels.py
[2024-05-04T12:30:11.625+0530] {processor.py:830} INFO - Processing file /usr/local/lib/python3.10/dist-packages/airflow/example_dags/example_branch_labels.py for tasks to queue
[2024-05-04T12:30:11.626+0530] {logging_mixin.py:188} INFO - [2024-05-04T12:30:11.626+0530] {dagbag.py:540} INFO - Filling up the DagBag from /usr/local/lib/python3.10/dist-packages/airflow/example_dags/example_branch_labels.py
[2024-05-04T12:30:11.633+0530] {processor.py:840} INFO - DAG(s) 'example_branch_labels' retrieved from /usr/local/lib/python3.10/dist-packages/airflow/example_dags/example_branch_labels.py
[2024-05-04T12:30:11.640+0530] {logging_mixin.py:188} INFO - [2024-05-04T12:30:11.640+0530] {dag.py:3096} INFO - Sync 1 DAGs
[2024-05-04T12:30:11.648+0530] {logging_mixin.py:188} INFO - [2024-05-04T12:30:11.648+0530] {dag.py:3954} INFO - Setting next_dagrun for example_branch_labels to 2024-05-03 00:00:00+00:00, run_after=2024-05-04 00:00:00+00:00
[2024-05-04T12:30:11.658+0530] {processor.py:183} INFO - Processing /usr/local/lib/python3.10/dist-packages/airflow/example_dags/example_branch_labels.py took 0.039 seconds
[2024-05-04T12:31:01.840+0530] {processor.py:161} INFO - Started process (PID=12851) to work on /usr/local/lib/python3.10/dist-packages/airflow/example_dags/example_branch_labels.py
[2024-05-04T12:31:01.841+0530] {processor.py:830} INFO - Processing file /usr/local/lib/python3.10/dist-packages/airflow/example_dags/example_branch_labels.py for tasks to queue
[2024-05-04T12:31:01.842+0530] {logging_mixin.py:188} INFO - [2024-05-04T12:31:01.842+0530] {dagbag.py:540} INFO - Filling up the DagBag from /usr/local/lib/python3.10/dist-packages/airflow/example_dags/example_branch_labels.py
[2024-05-04T12:31:01.847+0530] {processor.py:840} INFO - DAG(s) 'example_branch_labels' retrieved from /usr/local/lib/python3.10/dist-packages/airflow/example_dags/example_branch_labels.py
[2024-05-04T12:31:01.853+0530] {logging_mixin.py:188} INFO - [2024-05-04T12:31:01.853+0530] {dag.py:3096} INFO - Sync 1 DAGs
[2024-05-04T12:31:01.861+0530] {logging_mixin.py:188} INFO - [2024-05-04T12:31:01.861+0530] {dag.py:3954} INFO - Setting next_dagrun for example_branch_labels to 2024-05-03 00:00:00+00:00, run_after=2024-05-04 00:00:00+00:00
[2024-05-04T12:31:01.871+0530] {processor.py:183} INFO - Processing /usr/local/lib/python3.10/dist-packages/airflow/example_dags/example_branch_labels.py took 0.039 seconds
[2024-05-04T12:31:55.224+0530] {processor.py:161} INFO - Started process (PID=12979) to work on /usr/local/lib/python3.10/dist-packages/airflow/example_dags/example_branch_labels.py
[2024-05-04T12:31:55.225+0530] {processor.py:830} INFO - Processing file /usr/local/lib/python3.10/dist-packages/airflow/example_dags/example_branch_labels.py for tasks to queue
[2024-05-04T12:31:55.226+0530] {logging_mixin.py:188} INFO - [2024-05-04T12:31:55.226+0530] {dagbag.py:540} INFO - Filling up the DagBag from /usr/local/lib/python3.10/dist-packages/airflow/example_dags/example_branch_labels.py
[2024-05-04T12:31:55.231+0530] {processor.py:840} INFO - DAG(s) 'example_branch_labels' retrieved from /usr/local/lib/python3.10/dist-packages/airflow/example_dags/example_branch_labels.py
[2024-05-04T12:31:55.237+0530] {logging_mixin.py:188} INFO - [2024-05-04T12:31:55.237+0530] {dag.py:3096} INFO - Sync 1 DAGs
[2024-05-04T12:31:55.245+0530] {logging_mixin.py:188} INFO - [2024-05-04T12:31:55.245+0530] {dag.py:3954} INFO - Setting next_dagrun for example_branch_labels to 2024-05-03 00:00:00+00:00, run_after=2024-05-04 00:00:00+00:00
[2024-05-04T12:31:55.255+0530] {processor.py:183} INFO - Processing /usr/local/lib/python3.10/dist-packages/airflow/example_dags/example_branch_labels.py took 0.038 seconds
[2024-05-04T12:32:43.616+0530] {processor.py:161} INFO - Started process (PID=13106) to work on /usr/local/lib/python3.10/dist-packages/airflow/example_dags/example_branch_labels.py
[2024-05-04T12:32:43.616+0530] {processor.py:830} INFO - Processing file /usr/local/lib/python3.10/dist-packages/airflow/example_dags/example_branch_labels.py for tasks to queue
[2024-05-04T12:32:43.617+0530] {logging_mixin.py:188} INFO - [2024-05-04T12:32:43.617+0530] {dagbag.py:540} INFO - Filling up the DagBag from /usr/local/lib/python3.10/dist-packages/airflow/example_dags/example_branch_labels.py
[2024-05-04T12:32:43.624+0530] {processor.py:840} INFO - DAG(s) 'example_branch_labels' retrieved from /usr/local/lib/python3.10/dist-packages/airflow/example_dags/example_branch_labels.py
[2024-05-04T12:32:43.631+0530] {logging_mixin.py:188} INFO - [2024-05-04T12:32:43.631+0530] {dag.py:3096} INFO - Sync 1 DAGs
[2024-05-04T12:32:43.639+0530] {logging_mixin.py:188} INFO - [2024-05-04T12:32:43.639+0530] {dag.py:3954} INFO - Setting next_dagrun for example_branch_labels to 2024-05-03 00:00:00+00:00, run_after=2024-05-04 00:00:00+00:00
[2024-05-04T12:32:43.648+0530] {processor.py:183} INFO - Processing /usr/local/lib/python3.10/dist-packages/airflow/example_dags/example_branch_labels.py took 0.039 seconds
[2024-05-04T12:33:36.310+0530] {processor.py:161} INFO - Started process (PID=13270) to work on /usr/local/lib/python3.10/dist-packages/airflow/example_dags/example_branch_labels.py
[2024-05-04T12:33:36.310+0530] {processor.py:830} INFO - Processing file /usr/local/lib/python3.10/dist-packages/airflow/example_dags/example_branch_labels.py for tasks to queue
[2024-05-04T12:33:36.312+0530] {logging_mixin.py:188} INFO - [2024-05-04T12:33:36.311+0530] {dagbag.py:540} INFO - Filling up the DagBag from /usr/local/lib/python3.10/dist-packages/airflow/example_dags/example_branch_labels.py
[2024-05-04T12:33:36.318+0530] {processor.py:840} INFO - DAG(s) 'example_branch_labels' retrieved from /usr/local/lib/python3.10/dist-packages/airflow/example_dags/example_branch_labels.py
[2024-05-04T12:33:36.325+0530] {logging_mixin.py:188} INFO - [2024-05-04T12:33:36.325+0530] {dag.py:3096} INFO - Sync 1 DAGs
[2024-05-04T12:33:36.333+0530] {logging_mixin.py:188} INFO - [2024-05-04T12:33:36.333+0530] {dag.py:3954} INFO - Setting next_dagrun for example_branch_labels to 2024-05-03 00:00:00+00:00, run_after=2024-05-04 00:00:00+00:00
[2024-05-04T12:33:36.343+0530] {processor.py:183} INFO - Processing /usr/local/lib/python3.10/dist-packages/airflow/example_dags/example_branch_labels.py took 0.038 seconds
[2024-05-04T12:34:30.022+0530] {processor.py:161} INFO - Started process (PID=13426) to work on /usr/local/lib/python3.10/dist-packages/airflow/example_dags/example_branch_labels.py
[2024-05-04T12:34:30.022+0530] {processor.py:830} INFO - Processing file /usr/local/lib/python3.10/dist-packages/airflow/example_dags/example_branch_labels.py for tasks to queue
[2024-05-04T12:34:30.024+0530] {logging_mixin.py:188} INFO - [2024-05-04T12:34:30.023+0530] {dagbag.py:540} INFO - Filling up the DagBag from /usr/local/lib/python3.10/dist-packages/airflow/example_dags/example_branch_labels.py
[2024-05-04T12:34:30.030+0530] {processor.py:840} INFO - DAG(s) 'example_branch_labels' retrieved from /usr/local/lib/python3.10/dist-packages/airflow/example_dags/example_branch_labels.py
[2024-05-04T12:34:30.037+0530] {logging_mixin.py:188} INFO - [2024-05-04T12:34:30.037+0530] {dag.py:3096} INFO - Sync 1 DAGs
[2024-05-04T12:34:30.045+0530] {logging_mixin.py:188} INFO - [2024-05-04T12:34:30.045+0530] {dag.py:3954} INFO - Setting next_dagrun for example_branch_labels to 2024-05-03 00:00:00+00:00, run_after=2024-05-04 00:00:00+00:00
[2024-05-04T12:34:30.055+0530] {processor.py:183} INFO - Processing /usr/local/lib/python3.10/dist-packages/airflow/example_dags/example_branch_labels.py took 0.039 seconds
[2024-05-04T12:35:21.012+0530] {processor.py:161} INFO - Started process (PID=13613) to work on /usr/local/lib/python3.10/dist-packages/airflow/example_dags/example_branch_labels.py
[2024-05-04T12:35:21.014+0530] {processor.py:830} INFO - Processing file /usr/local/lib/python3.10/dist-packages/airflow/example_dags/example_branch_labels.py for tasks to queue
[2024-05-04T12:35:21.017+0530] {logging_mixin.py:188} INFO - [2024-05-04T12:35:21.016+0530] {dagbag.py:540} INFO - Filling up the DagBag from /usr/local/lib/python3.10/dist-packages/airflow/example_dags/example_branch_labels.py
[2024-05-04T12:35:21.027+0530] {processor.py:840} INFO - DAG(s) 'example_branch_labels' retrieved from /usr/local/lib/python3.10/dist-packages/airflow/example_dags/example_branch_labels.py
[2024-05-04T12:35:21.034+0530] {logging_mixin.py:188} INFO - [2024-05-04T12:35:21.034+0530] {dag.py:3096} INFO - Sync 1 DAGs
[2024-05-04T12:35:21.041+0530] {logging_mixin.py:188} INFO - [2024-05-04T12:35:21.041+0530] {dag.py:3954} INFO - Setting next_dagrun for example_branch_labels to 2024-05-03 00:00:00+00:00, run_after=2024-05-04 00:00:00+00:00
[2024-05-04T12:35:21.051+0530] {processor.py:183} INFO - Processing /usr/local/lib/python3.10/dist-packages/airflow/example_dags/example_branch_labels.py took 0.050 seconds
[2024-05-04T12:36:11.298+0530] {processor.py:161} INFO - Started process (PID=13735) to work on /usr/local/lib/python3.10/dist-packages/airflow/example_dags/example_branch_labels.py
[2024-05-04T12:36:11.298+0530] {processor.py:830} INFO - Processing file /usr/local/lib/python3.10/dist-packages/airflow/example_dags/example_branch_labels.py for tasks to queue
[2024-05-04T12:36:11.299+0530] {logging_mixin.py:188} INFO - [2024-05-04T12:36:11.299+0530] {dagbag.py:540} INFO - Filling up the DagBag from /usr/local/lib/python3.10/dist-packages/airflow/example_dags/example_branch_labels.py
[2024-05-04T12:36:11.303+0530] {processor.py:840} INFO - DAG(s) 'example_branch_labels' retrieved from /usr/local/lib/python3.10/dist-packages/airflow/example_dags/example_branch_labels.py
[2024-05-04T12:36:11.309+0530] {logging_mixin.py:188} INFO - [2024-05-04T12:36:11.309+0530] {dag.py:3096} INFO - Sync 1 DAGs
[2024-05-04T12:36:11.320+0530] {logging_mixin.py:188} INFO - [2024-05-04T12:36:11.319+0530] {dag.py:3954} INFO - Setting next_dagrun for example_branch_labels to 2024-05-03 00:00:00+00:00, run_after=2024-05-04 00:00:00+00:00
[2024-05-04T12:36:11.331+0530] {processor.py:183} INFO - Processing /usr/local/lib/python3.10/dist-packages/airflow/example_dags/example_branch_labels.py took 0.038 seconds
[2024-05-04T12:37:00.952+0530] {processor.py:161} INFO - Started process (PID=13853) to work on /usr/local/lib/python3.10/dist-packages/airflow/example_dags/example_branch_labels.py
[2024-05-04T12:37:00.953+0530] {processor.py:830} INFO - Processing file /usr/local/lib/python3.10/dist-packages/airflow/example_dags/example_branch_labels.py for tasks to queue
[2024-05-04T12:37:00.954+0530] {logging_mixin.py:188} INFO - [2024-05-04T12:37:00.954+0530] {dagbag.py:540} INFO - Filling up the DagBag from /usr/local/lib/python3.10/dist-packages/airflow/example_dags/example_branch_labels.py
[2024-05-04T12:37:00.958+0530] {processor.py:840} INFO - DAG(s) 'example_branch_labels' retrieved from /usr/local/lib/python3.10/dist-packages/airflow/example_dags/example_branch_labels.py
[2024-05-04T12:37:00.965+0530] {logging_mixin.py:188} INFO - [2024-05-04T12:37:00.964+0530] {dag.py:3096} INFO - Sync 1 DAGs
[2024-05-04T12:37:00.972+0530] {logging_mixin.py:188} INFO - [2024-05-04T12:37:00.972+0530] {dag.py:3954} INFO - Setting next_dagrun for example_branch_labels to 2024-05-03 00:00:00+00:00, run_after=2024-05-04 00:00:00+00:00
[2024-05-04T12:37:00.982+0530] {processor.py:183} INFO - Processing /usr/local/lib/python3.10/dist-packages/airflow/example_dags/example_branch_labels.py took 0.037 seconds
[2024-05-04T12:37:53.243+0530] {processor.py:161} INFO - Started process (PID=13981) to work on /usr/local/lib/python3.10/dist-packages/airflow/example_dags/example_branch_labels.py
[2024-05-04T12:37:53.244+0530] {processor.py:830} INFO - Processing file /usr/local/lib/python3.10/dist-packages/airflow/example_dags/example_branch_labels.py for tasks to queue
[2024-05-04T12:37:53.245+0530] {logging_mixin.py:188} INFO - [2024-05-04T12:37:53.244+0530] {dagbag.py:540} INFO - Filling up the DagBag from /usr/local/lib/python3.10/dist-packages/airflow/example_dags/example_branch_labels.py
[2024-05-04T12:37:53.257+0530] {processor.py:840} INFO - DAG(s) 'example_branch_labels' retrieved from /usr/local/lib/python3.10/dist-packages/airflow/example_dags/example_branch_labels.py
[2024-05-04T12:37:53.269+0530] {logging_mixin.py:188} INFO - [2024-05-04T12:37:53.269+0530] {dag.py:3096} INFO - Sync 1 DAGs
[2024-05-04T12:37:53.277+0530] {logging_mixin.py:188} INFO - [2024-05-04T12:37:53.277+0530] {dag.py:3954} INFO - Setting next_dagrun for example_branch_labels to 2024-05-03 00:00:00+00:00, run_after=2024-05-04 00:00:00+00:00
[2024-05-04T12:37:53.286+0530] {processor.py:183} INFO - Processing /usr/local/lib/python3.10/dist-packages/airflow/example_dags/example_branch_labels.py took 0.049 seconds
[2024-05-04T12:38:46.333+0530] {processor.py:161} INFO - Started process (PID=14130) to work on /usr/local/lib/python3.10/dist-packages/airflow/example_dags/example_branch_labels.py
[2024-05-04T12:38:46.333+0530] {processor.py:830} INFO - Processing file /usr/local/lib/python3.10/dist-packages/airflow/example_dags/example_branch_labels.py for tasks to queue
[2024-05-04T12:38:46.335+0530] {logging_mixin.py:188} INFO - [2024-05-04T12:38:46.334+0530] {dagbag.py:540} INFO - Filling up the DagBag from /usr/local/lib/python3.10/dist-packages/airflow/example_dags/example_branch_labels.py
[2024-05-04T12:38:46.341+0530] {processor.py:840} INFO - DAG(s) 'example_branch_labels' retrieved from /usr/local/lib/python3.10/dist-packages/airflow/example_dags/example_branch_labels.py
[2024-05-04T12:38:46.348+0530] {logging_mixin.py:188} INFO - [2024-05-04T12:38:46.348+0530] {dag.py:3096} INFO - Sync 1 DAGs
[2024-05-04T12:38:46.357+0530] {logging_mixin.py:188} INFO - [2024-05-04T12:38:46.357+0530] {dag.py:3954} INFO - Setting next_dagrun for example_branch_labels to 2024-05-03 00:00:00+00:00, run_after=2024-05-04 00:00:00+00:00
[2024-05-04T12:38:46.367+0530] {processor.py:183} INFO - Processing /usr/local/lib/python3.10/dist-packages/airflow/example_dags/example_branch_labels.py took 0.040 seconds
[2024-05-04T12:39:39.615+0530] {processor.py:161} INFO - Started process (PID=14389) to work on /usr/local/lib/python3.10/dist-packages/airflow/example_dags/example_branch_labels.py
[2024-05-04T12:39:39.616+0530] {processor.py:830} INFO - Processing file /usr/local/lib/python3.10/dist-packages/airflow/example_dags/example_branch_labels.py for tasks to queue
[2024-05-04T12:39:39.617+0530] {logging_mixin.py:188} INFO - [2024-05-04T12:39:39.616+0530] {dagbag.py:540} INFO - Filling up the DagBag from /usr/local/lib/python3.10/dist-packages/airflow/example_dags/example_branch_labels.py
[2024-05-04T12:39:39.623+0530] {processor.py:840} INFO - DAG(s) 'example_branch_labels' retrieved from /usr/local/lib/python3.10/dist-packages/airflow/example_dags/example_branch_labels.py
[2024-05-04T12:39:39.630+0530] {logging_mixin.py:188} INFO - [2024-05-04T12:39:39.630+0530] {dag.py:3096} INFO - Sync 1 DAGs
[2024-05-04T12:39:39.639+0530] {logging_mixin.py:188} INFO - [2024-05-04T12:39:39.639+0530] {dag.py:3954} INFO - Setting next_dagrun for example_branch_labels to 2024-05-03 00:00:00+00:00, run_after=2024-05-04 00:00:00+00:00
[2024-05-04T12:39:39.650+0530] {processor.py:183} INFO - Processing /usr/local/lib/python3.10/dist-packages/airflow/example_dags/example_branch_labels.py took 0.040 seconds
[2024-05-04T12:40:28.578+0530] {processor.py:161} INFO - Started process (PID=14593) to work on /usr/local/lib/python3.10/dist-packages/airflow/example_dags/example_branch_labels.py
[2024-05-04T12:40:28.579+0530] {processor.py:830} INFO - Processing file /usr/local/lib/python3.10/dist-packages/airflow/example_dags/example_branch_labels.py for tasks to queue
[2024-05-04T12:40:28.581+0530] {logging_mixin.py:188} INFO - [2024-05-04T12:40:28.581+0530] {dagbag.py:540} INFO - Filling up the DagBag from /usr/local/lib/python3.10/dist-packages/airflow/example_dags/example_branch_labels.py
[2024-05-04T12:40:28.588+0530] {processor.py:840} INFO - DAG(s) 'example_branch_labels' retrieved from /usr/local/lib/python3.10/dist-packages/airflow/example_dags/example_branch_labels.py
[2024-05-04T12:40:28.595+0530] {logging_mixin.py:188} INFO - [2024-05-04T12:40:28.594+0530] {dag.py:3096} INFO - Sync 1 DAGs
[2024-05-04T12:40:28.602+0530] {logging_mixin.py:188} INFO - [2024-05-04T12:40:28.602+0530] {dag.py:3954} INFO - Setting next_dagrun for example_branch_labels to 2024-05-03 00:00:00+00:00, run_after=2024-05-04 00:00:00+00:00
[2024-05-04T12:40:28.612+0530] {processor.py:183} INFO - Processing /usr/local/lib/python3.10/dist-packages/airflow/example_dags/example_branch_labels.py took 0.046 seconds
[2024-05-04T12:41:22.033+0530] {processor.py:161} INFO - Started process (PID=14765) to work on /usr/local/lib/python3.10/dist-packages/airflow/example_dags/example_branch_labels.py
[2024-05-04T12:41:22.034+0530] {processor.py:830} INFO - Processing file /usr/local/lib/python3.10/dist-packages/airflow/example_dags/example_branch_labels.py for tasks to queue
[2024-05-04T12:41:22.035+0530] {logging_mixin.py:188} INFO - [2024-05-04T12:41:22.035+0530] {dagbag.py:540} INFO - Filling up the DagBag from /usr/local/lib/python3.10/dist-packages/airflow/example_dags/example_branch_labels.py
[2024-05-04T12:41:22.042+0530] {processor.py:840} INFO - DAG(s) 'example_branch_labels' retrieved from /usr/local/lib/python3.10/dist-packages/airflow/example_dags/example_branch_labels.py
[2024-05-04T12:41:22.049+0530] {logging_mixin.py:188} INFO - [2024-05-04T12:41:22.049+0530] {dag.py:3096} INFO - Sync 1 DAGs
[2024-05-04T12:41:22.057+0530] {logging_mixin.py:188} INFO - [2024-05-04T12:41:22.056+0530] {dag.py:3954} INFO - Setting next_dagrun for example_branch_labels to 2024-05-03 00:00:00+00:00, run_after=2024-05-04 00:00:00+00:00
[2024-05-04T12:41:22.066+0530] {processor.py:183} INFO - Processing /usr/local/lib/python3.10/dist-packages/airflow/example_dags/example_branch_labels.py took 0.039 seconds
[2024-05-04T12:42:11.165+0530] {processor.py:161} INFO - Started process (PID=14935) to work on /usr/local/lib/python3.10/dist-packages/airflow/example_dags/example_branch_labels.py
[2024-05-04T12:42:11.165+0530] {processor.py:830} INFO - Processing file /usr/local/lib/python3.10/dist-packages/airflow/example_dags/example_branch_labels.py for tasks to queue
[2024-05-04T12:42:11.166+0530] {logging_mixin.py:188} INFO - [2024-05-04T12:42:11.166+0530] {dagbag.py:540} INFO - Filling up the DagBag from /usr/local/lib/python3.10/dist-packages/airflow/example_dags/example_branch_labels.py
[2024-05-04T12:42:11.173+0530] {processor.py:840} INFO - DAG(s) 'example_branch_labels' retrieved from /usr/local/lib/python3.10/dist-packages/airflow/example_dags/example_branch_labels.py
[2024-05-04T12:42:11.180+0530] {logging_mixin.py:188} INFO - [2024-05-04T12:42:11.180+0530] {dag.py:3096} INFO - Sync 1 DAGs
[2024-05-04T12:42:11.188+0530] {logging_mixin.py:188} INFO - [2024-05-04T12:42:11.188+0530] {dag.py:3954} INFO - Setting next_dagrun for example_branch_labels to 2024-05-03 00:00:00+00:00, run_after=2024-05-04 00:00:00+00:00
[2024-05-04T12:42:11.197+0530] {processor.py:183} INFO - Processing /usr/local/lib/python3.10/dist-packages/airflow/example_dags/example_branch_labels.py took 0.038 seconds
[2024-05-04T12:43:01.548+0530] {processor.py:161} INFO - Started process (PID=15097) to work on /usr/local/lib/python3.10/dist-packages/airflow/example_dags/example_branch_labels.py
[2024-05-04T12:43:01.549+0530] {processor.py:830} INFO - Processing file /usr/local/lib/python3.10/dist-packages/airflow/example_dags/example_branch_labels.py for tasks to queue
[2024-05-04T12:43:01.550+0530] {logging_mixin.py:188} INFO - [2024-05-04T12:43:01.550+0530] {dagbag.py:540} INFO - Filling up the DagBag from /usr/local/lib/python3.10/dist-packages/airflow/example_dags/example_branch_labels.py
[2024-05-04T12:43:01.554+0530] {processor.py:840} INFO - DAG(s) 'example_branch_labels' retrieved from /usr/local/lib/python3.10/dist-packages/airflow/example_dags/example_branch_labels.py
[2024-05-04T12:43:01.561+0530] {logging_mixin.py:188} INFO - [2024-05-04T12:43:01.561+0530] {dag.py:3096} INFO - Sync 1 DAGs
[2024-05-04T12:43:01.568+0530] {logging_mixin.py:188} INFO - [2024-05-04T12:43:01.568+0530] {dag.py:3954} INFO - Setting next_dagrun for example_branch_labels to 2024-05-03 00:00:00+00:00, run_after=2024-05-04 00:00:00+00:00
[2024-05-04T12:43:01.579+0530] {processor.py:183} INFO - Processing /usr/local/lib/python3.10/dist-packages/airflow/example_dags/example_branch_labels.py took 0.037 seconds
[2024-05-04T12:43:53.132+0530] {processor.py:161} INFO - Started process (PID=15268) to work on /usr/local/lib/python3.10/dist-packages/airflow/example_dags/example_branch_labels.py
[2024-05-04T12:43:53.132+0530] {processor.py:830} INFO - Processing file /usr/local/lib/python3.10/dist-packages/airflow/example_dags/example_branch_labels.py for tasks to queue
[2024-05-04T12:43:53.134+0530] {logging_mixin.py:188} INFO - [2024-05-04T12:43:53.133+0530] {dagbag.py:540} INFO - Filling up the DagBag from /usr/local/lib/python3.10/dist-packages/airflow/example_dags/example_branch_labels.py
[2024-05-04T12:43:53.140+0530] {processor.py:840} INFO - DAG(s) 'example_branch_labels' retrieved from /usr/local/lib/python3.10/dist-packages/airflow/example_dags/example_branch_labels.py
[2024-05-04T12:43:53.147+0530] {logging_mixin.py:188} INFO - [2024-05-04T12:43:53.147+0530] {dag.py:3096} INFO - Sync 1 DAGs
[2024-05-04T12:43:53.155+0530] {logging_mixin.py:188} INFO - [2024-05-04T12:43:53.155+0530] {dag.py:3954} INFO - Setting next_dagrun for example_branch_labels to 2024-05-03 00:00:00+00:00, run_after=2024-05-04 00:00:00+00:00
[2024-05-04T12:43:53.165+0530] {processor.py:183} INFO - Processing /usr/local/lib/python3.10/dist-packages/airflow/example_dags/example_branch_labels.py took 0.039 seconds
[2024-05-04T12:44:43.615+0530] {processor.py:161} INFO - Started process (PID=15469) to work on /usr/local/lib/python3.10/dist-packages/airflow/example_dags/example_branch_labels.py
[2024-05-04T12:44:43.616+0530] {processor.py:830} INFO - Processing file /usr/local/lib/python3.10/dist-packages/airflow/example_dags/example_branch_labels.py for tasks to queue
[2024-05-04T12:44:43.617+0530] {logging_mixin.py:188} INFO - [2024-05-04T12:44:43.617+0530] {dagbag.py:540} INFO - Filling up the DagBag from /usr/local/lib/python3.10/dist-packages/airflow/example_dags/example_branch_labels.py
[2024-05-04T12:44:43.620+0530] {processor.py:840} INFO - DAG(s) 'example_branch_labels' retrieved from /usr/local/lib/python3.10/dist-packages/airflow/example_dags/example_branch_labels.py
[2024-05-04T12:44:43.626+0530] {logging_mixin.py:188} INFO - [2024-05-04T12:44:43.626+0530] {dag.py:3096} INFO - Sync 1 DAGs
[2024-05-04T12:44:43.634+0530] {logging_mixin.py:188} INFO - [2024-05-04T12:44:43.634+0530] {dag.py:3954} INFO - Setting next_dagrun for example_branch_labels to 2024-05-03 00:00:00+00:00, run_after=2024-05-04 00:00:00+00:00
[2024-05-04T12:44:43.644+0530] {processor.py:183} INFO - Processing /usr/local/lib/python3.10/dist-packages/airflow/example_dags/example_branch_labels.py took 0.033 seconds
[2024-05-04T12:45:34.102+0530] {processor.py:161} INFO - Started process (PID=15628) to work on /usr/local/lib/python3.10/dist-packages/airflow/example_dags/example_branch_labels.py
[2024-05-04T12:45:34.102+0530] {processor.py:830} INFO - Processing file /usr/local/lib/python3.10/dist-packages/airflow/example_dags/example_branch_labels.py for tasks to queue
[2024-05-04T12:45:34.104+0530] {logging_mixin.py:188} INFO - [2024-05-04T12:45:34.103+0530] {dagbag.py:540} INFO - Filling up the DagBag from /usr/local/lib/python3.10/dist-packages/airflow/example_dags/example_branch_labels.py
[2024-05-04T12:45:34.110+0530] {processor.py:840} INFO - DAG(s) 'example_branch_labels' retrieved from /usr/local/lib/python3.10/dist-packages/airflow/example_dags/example_branch_labels.py
[2024-05-04T12:45:34.117+0530] {logging_mixin.py:188} INFO - [2024-05-04T12:45:34.117+0530] {dag.py:3096} INFO - Sync 1 DAGs
[2024-05-04T12:45:34.125+0530] {logging_mixin.py:188} INFO - [2024-05-04T12:45:34.125+0530] {dag.py:3954} INFO - Setting next_dagrun for example_branch_labels to 2024-05-03 00:00:00+00:00, run_after=2024-05-04 00:00:00+00:00
[2024-05-04T12:45:34.134+0530] {processor.py:183} INFO - Processing /usr/local/lib/python3.10/dist-packages/airflow/example_dags/example_branch_labels.py took 0.038 seconds
[2024-05-04T12:46:23.945+0530] {processor.py:161} INFO - Started process (PID=15858) to work on /usr/local/lib/python3.10/dist-packages/airflow/example_dags/example_branch_labels.py
[2024-05-04T12:46:23.945+0530] {processor.py:830} INFO - Processing file /usr/local/lib/python3.10/dist-packages/airflow/example_dags/example_branch_labels.py for tasks to queue
[2024-05-04T12:46:23.947+0530] {logging_mixin.py:188} INFO - [2024-05-04T12:46:23.946+0530] {dagbag.py:540} INFO - Filling up the DagBag from /usr/local/lib/python3.10/dist-packages/airflow/example_dags/example_branch_labels.py
[2024-05-04T12:46:23.951+0530] {processor.py:840} INFO - DAG(s) 'example_branch_labels' retrieved from /usr/local/lib/python3.10/dist-packages/airflow/example_dags/example_branch_labels.py
[2024-05-04T12:46:23.957+0530] {logging_mixin.py:188} INFO - [2024-05-04T12:46:23.957+0530] {dag.py:3096} INFO - Sync 1 DAGs
[2024-05-04T12:46:23.965+0530] {logging_mixin.py:188} INFO - [2024-05-04T12:46:23.965+0530] {dag.py:3954} INFO - Setting next_dagrun for example_branch_labels to 2024-05-03 00:00:00+00:00, run_after=2024-05-04 00:00:00+00:00
[2024-05-04T12:46:23.975+0530] {processor.py:183} INFO - Processing /usr/local/lib/python3.10/dist-packages/airflow/example_dags/example_branch_labels.py took 0.034 seconds
[2024-05-04T12:47:15.473+0530] {processor.py:161} INFO - Started process (PID=16061) to work on /usr/local/lib/python3.10/dist-packages/airflow/example_dags/example_branch_labels.py
[2024-05-04T12:47:15.473+0530] {processor.py:830} INFO - Processing file /usr/local/lib/python3.10/dist-packages/airflow/example_dags/example_branch_labels.py for tasks to queue
[2024-05-04T12:47:15.475+0530] {logging_mixin.py:188} INFO - [2024-05-04T12:47:15.474+0530] {dagbag.py:540} INFO - Filling up the DagBag from /usr/local/lib/python3.10/dist-packages/airflow/example_dags/example_branch_labels.py
[2024-05-04T12:47:15.481+0530] {processor.py:840} INFO - DAG(s) 'example_branch_labels' retrieved from /usr/local/lib/python3.10/dist-packages/airflow/example_dags/example_branch_labels.py
[2024-05-04T12:47:15.488+0530] {logging_mixin.py:188} INFO - [2024-05-04T12:47:15.488+0530] {dag.py:3096} INFO - Sync 1 DAGs
[2024-05-04T12:47:15.496+0530] {logging_mixin.py:188} INFO - [2024-05-04T12:47:15.496+0530] {dag.py:3954} INFO - Setting next_dagrun for example_branch_labels to 2024-05-03 00:00:00+00:00, run_after=2024-05-04 00:00:00+00:00
[2024-05-04T12:47:15.506+0530] {processor.py:183} INFO - Processing /usr/local/lib/python3.10/dist-packages/airflow/example_dags/example_branch_labels.py took 0.036 seconds
[2024-05-04T12:48:05.901+0530] {processor.py:161} INFO - Started process (PID=16231) to work on /usr/local/lib/python3.10/dist-packages/airflow/example_dags/example_branch_labels.py
[2024-05-04T12:48:05.901+0530] {processor.py:830} INFO - Processing file /usr/local/lib/python3.10/dist-packages/airflow/example_dags/example_branch_labels.py for tasks to queue
[2024-05-04T12:48:05.902+0530] {logging_mixin.py:188} INFO - [2024-05-04T12:48:05.902+0530] {dagbag.py:540} INFO - Filling up the DagBag from /usr/local/lib/python3.10/dist-packages/airflow/example_dags/example_branch_labels.py
[2024-05-04T12:48:05.906+0530] {processor.py:840} INFO - DAG(s) 'example_branch_labels' retrieved from /usr/local/lib/python3.10/dist-packages/airflow/example_dags/example_branch_labels.py
[2024-05-04T12:48:05.912+0530] {logging_mixin.py:188} INFO - [2024-05-04T12:48:05.912+0530] {dag.py:3096} INFO - Sync 1 DAGs
[2024-05-04T12:48:05.920+0530] {logging_mixin.py:188} INFO - [2024-05-04T12:48:05.919+0530] {dag.py:3954} INFO - Setting next_dagrun for example_branch_labels to 2024-05-03 00:00:00+00:00, run_after=2024-05-04 00:00:00+00:00
[2024-05-04T12:48:05.929+0530] {processor.py:183} INFO - Processing /usr/local/lib/python3.10/dist-packages/airflow/example_dags/example_branch_labels.py took 0.031 seconds
[2024-05-04T12:48:58.563+0530] {processor.py:161} INFO - Started process (PID=16405) to work on /usr/local/lib/python3.10/dist-packages/airflow/example_dags/example_branch_labels.py
[2024-05-04T12:48:58.564+0530] {processor.py:830} INFO - Processing file /usr/local/lib/python3.10/dist-packages/airflow/example_dags/example_branch_labels.py for tasks to queue
[2024-05-04T12:48:58.565+0530] {logging_mixin.py:188} INFO - [2024-05-04T12:48:58.565+0530] {dagbag.py:540} INFO - Filling up the DagBag from /usr/local/lib/python3.10/dist-packages/airflow/example_dags/example_branch_labels.py
[2024-05-04T12:48:58.569+0530] {processor.py:840} INFO - DAG(s) 'example_branch_labels' retrieved from /usr/local/lib/python3.10/dist-packages/airflow/example_dags/example_branch_labels.py
[2024-05-04T12:48:58.576+0530] {logging_mixin.py:188} INFO - [2024-05-04T12:48:58.575+0530] {dag.py:3096} INFO - Sync 1 DAGs
[2024-05-04T12:48:58.583+0530] {logging_mixin.py:188} INFO - [2024-05-04T12:48:58.583+0530] {dag.py:3954} INFO - Setting next_dagrun for example_branch_labels to 2024-05-03 00:00:00+00:00, run_after=2024-05-04 00:00:00+00:00
[2024-05-04T12:48:58.593+0530] {processor.py:183} INFO - Processing /usr/local/lib/python3.10/dist-packages/airflow/example_dags/example_branch_labels.py took 0.036 seconds
[2024-05-04T12:49:51.495+0530] {processor.py:161} INFO - Started process (PID=16706) to work on /usr/local/lib/python3.10/dist-packages/airflow/example_dags/example_branch_labels.py
[2024-05-04T12:49:51.496+0530] {processor.py:830} INFO - Processing file /usr/local/lib/python3.10/dist-packages/airflow/example_dags/example_branch_labels.py for tasks to queue
[2024-05-04T12:49:51.498+0530] {logging_mixin.py:188} INFO - [2024-05-04T12:49:51.497+0530] {dagbag.py:540} INFO - Filling up the DagBag from /usr/local/lib/python3.10/dist-packages/airflow/example_dags/example_branch_labels.py
[2024-05-04T12:49:51.504+0530] {processor.py:840} INFO - DAG(s) 'example_branch_labels' retrieved from /usr/local/lib/python3.10/dist-packages/airflow/example_dags/example_branch_labels.py
[2024-05-04T12:49:51.511+0530] {logging_mixin.py:188} INFO - [2024-05-04T12:49:51.511+0530] {dag.py:3096} INFO - Sync 1 DAGs
[2024-05-04T12:49:51.519+0530] {logging_mixin.py:188} INFO - [2024-05-04T12:49:51.519+0530] {dag.py:3954} INFO - Setting next_dagrun for example_branch_labels to 2024-05-03 00:00:00+00:00, run_after=2024-05-04 00:00:00+00:00
[2024-05-04T12:49:51.529+0530] {processor.py:183} INFO - Processing /usr/local/lib/python3.10/dist-packages/airflow/example_dags/example_branch_labels.py took 0.039 seconds
[2024-05-04T12:50:43.704+0530] {processor.py:161} INFO - Started process (PID=16838) to work on /usr/local/lib/python3.10/dist-packages/airflow/example_dags/example_branch_labels.py
[2024-05-04T12:50:43.705+0530] {processor.py:830} INFO - Processing file /usr/local/lib/python3.10/dist-packages/airflow/example_dags/example_branch_labels.py for tasks to queue
[2024-05-04T12:50:43.706+0530] {logging_mixin.py:188} INFO - [2024-05-04T12:50:43.706+0530] {dagbag.py:540} INFO - Filling up the DagBag from /usr/local/lib/python3.10/dist-packages/airflow/example_dags/example_branch_labels.py
[2024-05-04T12:50:43.711+0530] {processor.py:840} INFO - DAG(s) 'example_branch_labels' retrieved from /usr/local/lib/python3.10/dist-packages/airflow/example_dags/example_branch_labels.py
[2024-05-04T12:50:43.717+0530] {logging_mixin.py:188} INFO - [2024-05-04T12:50:43.717+0530] {dag.py:3096} INFO - Sync 1 DAGs
[2024-05-04T12:50:43.725+0530] {logging_mixin.py:188} INFO - [2024-05-04T12:50:43.724+0530] {dag.py:3954} INFO - Setting next_dagrun for example_branch_labels to 2024-05-03 00:00:00+00:00, run_after=2024-05-04 00:00:00+00:00
[2024-05-04T12:50:43.734+0530] {processor.py:183} INFO - Processing /usr/local/lib/python3.10/dist-packages/airflow/example_dags/example_branch_labels.py took 0.037 seconds
[2024-05-04T12:51:32.885+0530] {processor.py:161} INFO - Started process (PID=16968) to work on /usr/local/lib/python3.10/dist-packages/airflow/example_dags/example_branch_labels.py
[2024-05-04T12:51:32.886+0530] {processor.py:830} INFO - Processing file /usr/local/lib/python3.10/dist-packages/airflow/example_dags/example_branch_labels.py for tasks to queue
[2024-05-04T12:51:32.886+0530] {logging_mixin.py:188} INFO - [2024-05-04T12:51:32.886+0530] {dagbag.py:540} INFO - Filling up the DagBag from /usr/local/lib/python3.10/dist-packages/airflow/example_dags/example_branch_labels.py
[2024-05-04T12:51:32.890+0530] {processor.py:840} INFO - DAG(s) 'example_branch_labels' retrieved from /usr/local/lib/python3.10/dist-packages/airflow/example_dags/example_branch_labels.py
[2024-05-04T12:51:32.896+0530] {logging_mixin.py:188} INFO - [2024-05-04T12:51:32.896+0530] {dag.py:3096} INFO - Sync 1 DAGs
[2024-05-04T12:51:32.903+0530] {logging_mixin.py:188} INFO - [2024-05-04T12:51:32.903+0530] {dag.py:3954} INFO - Setting next_dagrun for example_branch_labels to 2024-05-03 00:00:00+00:00, run_after=2024-05-04 00:00:00+00:00
[2024-05-04T12:51:32.913+0530] {processor.py:183} INFO - Processing /usr/local/lib/python3.10/dist-packages/airflow/example_dags/example_branch_labels.py took 0.034 seconds
[2024-05-04T12:52:24.320+0530] {processor.py:161} INFO - Started process (PID=17106) to work on /usr/local/lib/python3.10/dist-packages/airflow/example_dags/example_branch_labels.py
[2024-05-04T12:52:24.320+0530] {processor.py:830} INFO - Processing file /usr/local/lib/python3.10/dist-packages/airflow/example_dags/example_branch_labels.py for tasks to queue
[2024-05-04T12:52:24.322+0530] {logging_mixin.py:188} INFO - [2024-05-04T12:52:24.321+0530] {dagbag.py:540} INFO - Filling up the DagBag from /usr/local/lib/python3.10/dist-packages/airflow/example_dags/example_branch_labels.py
[2024-05-04T12:52:24.329+0530] {processor.py:840} INFO - DAG(s) 'example_branch_labels' retrieved from /usr/local/lib/python3.10/dist-packages/airflow/example_dags/example_branch_labels.py
[2024-05-04T12:52:24.335+0530] {logging_mixin.py:188} INFO - [2024-05-04T12:52:24.335+0530] {dag.py:3096} INFO - Sync 1 DAGs
[2024-05-04T12:52:24.343+0530] {logging_mixin.py:188} INFO - [2024-05-04T12:52:24.343+0530] {dag.py:3954} INFO - Setting next_dagrun for example_branch_labels to 2024-05-03 00:00:00+00:00, run_after=2024-05-04 00:00:00+00:00
[2024-05-04T12:52:24.353+0530] {processor.py:183} INFO - Processing /usr/local/lib/python3.10/dist-packages/airflow/example_dags/example_branch_labels.py took 0.038 seconds
[2024-05-04T12:53:15.977+0530] {processor.py:161} INFO - Started process (PID=17242) to work on /usr/local/lib/python3.10/dist-packages/airflow/example_dags/example_branch_labels.py
[2024-05-04T12:53:15.978+0530] {processor.py:830} INFO - Processing file /usr/local/lib/python3.10/dist-packages/airflow/example_dags/example_branch_labels.py for tasks to queue
[2024-05-04T12:53:15.979+0530] {logging_mixin.py:188} INFO - [2024-05-04T12:53:15.979+0530] {dagbag.py:540} INFO - Filling up the DagBag from /usr/local/lib/python3.10/dist-packages/airflow/example_dags/example_branch_labels.py
[2024-05-04T12:53:15.984+0530] {processor.py:840} INFO - DAG(s) 'example_branch_labels' retrieved from /usr/local/lib/python3.10/dist-packages/airflow/example_dags/example_branch_labels.py
[2024-05-04T12:53:15.990+0530] {logging_mixin.py:188} INFO - [2024-05-04T12:53:15.990+0530] {dag.py:3096} INFO - Sync 1 DAGs
[2024-05-04T12:53:15.998+0530] {logging_mixin.py:188} INFO - [2024-05-04T12:53:15.997+0530] {dag.py:3954} INFO - Setting next_dagrun for example_branch_labels to 2024-05-03 00:00:00+00:00, run_after=2024-05-04 00:00:00+00:00
[2024-05-04T12:53:16.007+0530] {processor.py:183} INFO - Processing /usr/local/lib/python3.10/dist-packages/airflow/example_dags/example_branch_labels.py took 0.039 seconds
[2024-05-04T12:54:05.152+0530] {processor.py:161} INFO - Started process (PID=17389) to work on /usr/local/lib/python3.10/dist-packages/airflow/example_dags/example_branch_labels.py
[2024-05-04T12:54:05.152+0530] {processor.py:830} INFO - Processing file /usr/local/lib/python3.10/dist-packages/airflow/example_dags/example_branch_labels.py for tasks to queue
[2024-05-04T12:54:05.153+0530] {logging_mixin.py:188} INFO - [2024-05-04T12:54:05.153+0530] {dagbag.py:540} INFO - Filling up the DagBag from /usr/local/lib/python3.10/dist-packages/airflow/example_dags/example_branch_labels.py
[2024-05-04T12:54:05.156+0530] {processor.py:840} INFO - DAG(s) 'example_branch_labels' retrieved from /usr/local/lib/python3.10/dist-packages/airflow/example_dags/example_branch_labels.py
[2024-05-04T12:54:05.162+0530] {logging_mixin.py:188} INFO - [2024-05-04T12:54:05.162+0530] {dag.py:3096} INFO - Sync 1 DAGs
[2024-05-04T12:54:05.170+0530] {logging_mixin.py:188} INFO - [2024-05-04T12:54:05.170+0530] {dag.py:3954} INFO - Setting next_dagrun for example_branch_labels to 2024-05-03 00:00:00+00:00, run_after=2024-05-04 00:00:00+00:00
[2024-05-04T12:54:05.183+0530] {processor.py:183} INFO - Processing /usr/local/lib/python3.10/dist-packages/airflow/example_dags/example_branch_labels.py took 0.038 seconds
