[2024-05-04T12:10:28.361+0530] {processor.py:161} INFO - Started process (PID=7494) to work on /usr/local/lib/python3.10/dist-packages/airflow/example_dags/example_time_delta_sensor_async.py
[2024-05-04T12:10:28.361+0530] {processor.py:830} INFO - Processing file /usr/local/lib/python3.10/dist-packages/airflow/example_dags/example_time_delta_sensor_async.py for tasks to queue
[2024-05-04T12:10:28.362+0530] {logging_mixin.py:188} INFO - [2024-05-04T12:10:28.362+0530] {dagbag.py:540} INFO - Filling up the DagBag from /usr/local/lib/python3.10/dist-packages/airflow/example_dags/example_time_delta_sensor_async.py
[2024-05-04T12:10:28.364+0530] {processor.py:840} INFO - DAG(s) 'example_time_delta_sensor_async' retrieved from /usr/local/lib/python3.10/dist-packages/airflow/example_dags/example_time_delta_sensor_async.py
[2024-05-04T12:10:28.370+0530] {logging_mixin.py:188} INFO - [2024-05-04T12:10:28.370+0530] {dag.py:3096} INFO - Sync 1 DAGs
[2024-05-04T12:10:28.375+0530] {logging_mixin.py:188} INFO - [2024-05-04T12:10:28.374+0530] {dag.py:3954} INFO - Setting next_dagrun for example_time_delta_sensor_async to None, run_after=None
[2024-05-04T12:10:28.384+0530] {processor.py:183} INFO - Processing /usr/local/lib/python3.10/dist-packages/airflow/example_dags/example_time_delta_sensor_async.py took 0.026 seconds
[2024-05-04T12:11:22.636+0530] {processor.py:161} INFO - Started process (PID=7697) to work on /usr/local/lib/python3.10/dist-packages/airflow/example_dags/example_time_delta_sensor_async.py
[2024-05-04T12:11:22.637+0530] {processor.py:830} INFO - Processing file /usr/local/lib/python3.10/dist-packages/airflow/example_dags/example_time_delta_sensor_async.py for tasks to queue
[2024-05-04T12:11:22.638+0530] {logging_mixin.py:188} INFO - [2024-05-04T12:11:22.637+0530] {dagbag.py:540} INFO - Filling up the DagBag from /usr/local/lib/python3.10/dist-packages/airflow/example_dags/example_time_delta_sensor_async.py
[2024-05-04T12:11:22.642+0530] {processor.py:840} INFO - DAG(s) 'example_time_delta_sensor_async' retrieved from /usr/local/lib/python3.10/dist-packages/airflow/example_dags/example_time_delta_sensor_async.py
[2024-05-04T12:11:22.649+0530] {logging_mixin.py:188} INFO - [2024-05-04T12:11:22.649+0530] {dag.py:3096} INFO - Sync 1 DAGs
[2024-05-04T12:11:22.653+0530] {logging_mixin.py:188} INFO - [2024-05-04T12:11:22.653+0530] {dag.py:3954} INFO - Setting next_dagrun for example_time_delta_sensor_async to None, run_after=None
[2024-05-04T12:11:22.663+0530] {processor.py:183} INFO - Processing /usr/local/lib/python3.10/dist-packages/airflow/example_dags/example_time_delta_sensor_async.py took 0.030 seconds
[2024-05-04T12:12:31.224+0530] {processor.py:161} INFO - Started process (PID=8434) to work on /usr/local/lib/python3.10/dist-packages/airflow/example_dags/example_time_delta_sensor_async.py
[2024-05-04T12:12:31.225+0530] {processor.py:830} INFO - Processing file /usr/local/lib/python3.10/dist-packages/airflow/example_dags/example_time_delta_sensor_async.py for tasks to queue
[2024-05-04T12:12:31.226+0530] {logging_mixin.py:188} INFO - [2024-05-04T12:12:31.226+0530] {dagbag.py:540} INFO - Filling up the DagBag from /usr/local/lib/python3.10/dist-packages/airflow/example_dags/example_time_delta_sensor_async.py
[2024-05-04T12:12:31.229+0530] {processor.py:840} INFO - DAG(s) 'example_time_delta_sensor_async' retrieved from /usr/local/lib/python3.10/dist-packages/airflow/example_dags/example_time_delta_sensor_async.py
[2024-05-04T12:12:31.234+0530] {logging_mixin.py:188} INFO - [2024-05-04T12:12:31.234+0530] {dag.py:3096} INFO - Sync 1 DAGs
[2024-05-04T12:12:31.239+0530] {logging_mixin.py:188} INFO - [2024-05-04T12:12:31.239+0530] {dag.py:3954} INFO - Setting next_dagrun for example_time_delta_sensor_async to None, run_after=None
[2024-05-04T12:12:31.248+0530] {processor.py:183} INFO - Processing /usr/local/lib/python3.10/dist-packages/airflow/example_dags/example_time_delta_sensor_async.py took 0.031 seconds
[2024-05-04T12:13:32.106+0530] {processor.py:161} INFO - Started process (PID=9013) to work on /usr/local/lib/python3.10/dist-packages/airflow/example_dags/example_time_delta_sensor_async.py
[2024-05-04T12:13:32.107+0530] {processor.py:830} INFO - Processing file /usr/local/lib/python3.10/dist-packages/airflow/example_dags/example_time_delta_sensor_async.py for tasks to queue
[2024-05-04T12:13:32.109+0530] {logging_mixin.py:188} INFO - [2024-05-04T12:13:32.109+0530] {dagbag.py:540} INFO - Filling up the DagBag from /usr/local/lib/python3.10/dist-packages/airflow/example_dags/example_time_delta_sensor_async.py
[2024-05-04T12:13:32.113+0530] {processor.py:840} INFO - DAG(s) 'example_time_delta_sensor_async' retrieved from /usr/local/lib/python3.10/dist-packages/airflow/example_dags/example_time_delta_sensor_async.py
[2024-05-04T12:13:32.122+0530] {logging_mixin.py:188} INFO - [2024-05-04T12:13:32.122+0530] {dag.py:3096} INFO - Sync 1 DAGs
[2024-05-04T12:13:32.127+0530] {logging_mixin.py:188} INFO - [2024-05-04T12:13:32.127+0530] {dag.py:3954} INFO - Setting next_dagrun for example_time_delta_sensor_async to None, run_after=None
[2024-05-04T12:13:32.138+0530] {processor.py:183} INFO - Processing /usr/local/lib/python3.10/dist-packages/airflow/example_dags/example_time_delta_sensor_async.py took 0.036 seconds
[2024-05-04T12:14:26.380+0530] {processor.py:161} INFO - Started process (PID=9163) to work on /usr/local/lib/python3.10/dist-packages/airflow/example_dags/example_time_delta_sensor_async.py
[2024-05-04T12:14:26.381+0530] {processor.py:830} INFO - Processing file /usr/local/lib/python3.10/dist-packages/airflow/example_dags/example_time_delta_sensor_async.py for tasks to queue
[2024-05-04T12:14:26.382+0530] {logging_mixin.py:188} INFO - [2024-05-04T12:14:26.382+0530] {dagbag.py:540} INFO - Filling up the DagBag from /usr/local/lib/python3.10/dist-packages/airflow/example_dags/example_time_delta_sensor_async.py
[2024-05-04T12:14:26.385+0530] {processor.py:840} INFO - DAG(s) 'example_time_delta_sensor_async' retrieved from /usr/local/lib/python3.10/dist-packages/airflow/example_dags/example_time_delta_sensor_async.py
[2024-05-04T12:14:26.391+0530] {logging_mixin.py:188} INFO - [2024-05-04T12:14:26.391+0530] {dag.py:3096} INFO - Sync 1 DAGs
[2024-05-04T12:14:26.395+0530] {logging_mixin.py:188} INFO - [2024-05-04T12:14:26.395+0530] {dag.py:3954} INFO - Setting next_dagrun for example_time_delta_sensor_async to None, run_after=None
[2024-05-04T12:14:26.406+0530] {processor.py:183} INFO - Processing /usr/local/lib/python3.10/dist-packages/airflow/example_dags/example_time_delta_sensor_async.py took 0.033 seconds
[2024-05-04T12:15:42.197+0530] {processor.py:161} INFO - Started process (PID=9439) to work on /usr/local/lib/python3.10/dist-packages/airflow/example_dags/example_time_delta_sensor_async.py
[2024-05-04T12:15:42.198+0530] {processor.py:830} INFO - Processing file /usr/local/lib/python3.10/dist-packages/airflow/example_dags/example_time_delta_sensor_async.py for tasks to queue
[2024-05-04T12:15:42.199+0530] {logging_mixin.py:188} INFO - [2024-05-04T12:15:42.198+0530] {dagbag.py:540} INFO - Filling up the DagBag from /usr/local/lib/python3.10/dist-packages/airflow/example_dags/example_time_delta_sensor_async.py
[2024-05-04T12:15:42.201+0530] {processor.py:840} INFO - DAG(s) 'example_time_delta_sensor_async' retrieved from /usr/local/lib/python3.10/dist-packages/airflow/example_dags/example_time_delta_sensor_async.py
[2024-05-04T12:15:42.207+0530] {logging_mixin.py:188} INFO - [2024-05-04T12:15:42.207+0530] {dag.py:3096} INFO - Sync 1 DAGs
[2024-05-04T12:15:42.212+0530] {logging_mixin.py:188} INFO - [2024-05-04T12:15:42.212+0530] {dag.py:3954} INFO - Setting next_dagrun for example_time_delta_sensor_async to None, run_after=None
[2024-05-04T12:15:42.222+0530] {processor.py:183} INFO - Processing /usr/local/lib/python3.10/dist-packages/airflow/example_dags/example_time_delta_sensor_async.py took 0.031 seconds
[2024-05-04T12:16:58.897+0530] {processor.py:161} INFO - Started process (PID=9680) to work on /usr/local/lib/python3.10/dist-packages/airflow/example_dags/example_time_delta_sensor_async.py
[2024-05-04T12:16:58.898+0530] {processor.py:830} INFO - Processing file /usr/local/lib/python3.10/dist-packages/airflow/example_dags/example_time_delta_sensor_async.py for tasks to queue
[2024-05-04T12:16:58.898+0530] {logging_mixin.py:188} INFO - [2024-05-04T12:16:58.898+0530] {dagbag.py:540} INFO - Filling up the DagBag from /usr/local/lib/python3.10/dist-packages/airflow/example_dags/example_time_delta_sensor_async.py
[2024-05-04T12:16:58.900+0530] {processor.py:840} INFO - DAG(s) 'example_time_delta_sensor_async' retrieved from /usr/local/lib/python3.10/dist-packages/airflow/example_dags/example_time_delta_sensor_async.py
[2024-05-04T12:16:58.908+0530] {logging_mixin.py:188} INFO - [2024-05-04T12:16:58.908+0530] {dag.py:3096} INFO - Sync 1 DAGs
[2024-05-04T12:16:58.913+0530] {logging_mixin.py:188} INFO - [2024-05-04T12:16:58.913+0530] {dag.py:3954} INFO - Setting next_dagrun for example_time_delta_sensor_async to None, run_after=None
[2024-05-04T12:16:58.924+0530] {processor.py:183} INFO - Processing /usr/local/lib/python3.10/dist-packages/airflow/example_dags/example_time_delta_sensor_async.py took 0.033 seconds
[2024-05-04T12:18:33.282+0530] {processor.py:161} INFO - Started process (PID=10810) to work on /usr/local/lib/python3.10/dist-packages/airflow/example_dags/example_time_delta_sensor_async.py
[2024-05-04T12:18:33.282+0530] {processor.py:830} INFO - Processing file /usr/local/lib/python3.10/dist-packages/airflow/example_dags/example_time_delta_sensor_async.py for tasks to queue
[2024-05-04T12:18:33.283+0530] {logging_mixin.py:188} INFO - [2024-05-04T12:18:33.283+0530] {dagbag.py:540} INFO - Filling up the DagBag from /usr/local/lib/python3.10/dist-packages/airflow/example_dags/example_time_delta_sensor_async.py
[2024-05-04T12:18:33.285+0530] {processor.py:840} INFO - DAG(s) 'example_time_delta_sensor_async' retrieved from /usr/local/lib/python3.10/dist-packages/airflow/example_dags/example_time_delta_sensor_async.py
[2024-05-04T12:18:33.291+0530] {logging_mixin.py:188} INFO - [2024-05-04T12:18:33.291+0530] {dag.py:3096} INFO - Sync 1 DAGs
[2024-05-04T12:18:33.295+0530] {logging_mixin.py:188} INFO - [2024-05-04T12:18:33.295+0530] {dag.py:3954} INFO - Setting next_dagrun for example_time_delta_sensor_async to None, run_after=None
[2024-05-04T12:18:33.305+0530] {processor.py:183} INFO - Processing /usr/local/lib/python3.10/dist-packages/airflow/example_dags/example_time_delta_sensor_async.py took 0.030 seconds
[2024-05-04T12:19:28.567+0530] {processor.py:161} INFO - Started process (PID=10941) to work on /usr/local/lib/python3.10/dist-packages/airflow/example_dags/example_time_delta_sensor_async.py
[2024-05-04T12:19:28.568+0530] {processor.py:830} INFO - Processing file /usr/local/lib/python3.10/dist-packages/airflow/example_dags/example_time_delta_sensor_async.py for tasks to queue
[2024-05-04T12:19:28.569+0530] {logging_mixin.py:188} INFO - [2024-05-04T12:19:28.569+0530] {dagbag.py:540} INFO - Filling up the DagBag from /usr/local/lib/python3.10/dist-packages/airflow/example_dags/example_time_delta_sensor_async.py
[2024-05-04T12:19:28.574+0530] {processor.py:840} INFO - DAG(s) 'example_time_delta_sensor_async' retrieved from /usr/local/lib/python3.10/dist-packages/airflow/example_dags/example_time_delta_sensor_async.py
[2024-05-04T12:19:28.582+0530] {logging_mixin.py:188} INFO - [2024-05-04T12:19:28.582+0530] {dag.py:3096} INFO - Sync 1 DAGs
[2024-05-04T12:19:28.592+0530] {logging_mixin.py:188} INFO - [2024-05-04T12:19:28.592+0530] {dag.py:3954} INFO - Setting next_dagrun for example_time_delta_sensor_async to None, run_after=None
[2024-05-04T12:19:28.603+0530] {processor.py:183} INFO - Processing /usr/local/lib/python3.10/dist-packages/airflow/example_dags/example_time_delta_sensor_async.py took 0.042 seconds
[2024-05-04T12:20:45.669+0530] {processor.py:161} INFO - Started process (PID=11141) to work on /usr/local/lib/python3.10/dist-packages/airflow/example_dags/example_time_delta_sensor_async.py
[2024-05-04T12:20:45.669+0530] {processor.py:830} INFO - Processing file /usr/local/lib/python3.10/dist-packages/airflow/example_dags/example_time_delta_sensor_async.py for tasks to queue
[2024-05-04T12:20:45.671+0530] {logging_mixin.py:188} INFO - [2024-05-04T12:20:45.670+0530] {dagbag.py:540} INFO - Filling up the DagBag from /usr/local/lib/python3.10/dist-packages/airflow/example_dags/example_time_delta_sensor_async.py
[2024-05-04T12:20:45.678+0530] {processor.py:840} INFO - DAG(s) 'example_time_delta_sensor_async' retrieved from /usr/local/lib/python3.10/dist-packages/airflow/example_dags/example_time_delta_sensor_async.py
[2024-05-04T12:20:45.691+0530] {logging_mixin.py:188} INFO - [2024-05-04T12:20:45.691+0530] {dag.py:3096} INFO - Sync 1 DAGs
[2024-05-04T12:20:45.695+0530] {logging_mixin.py:188} INFO - [2024-05-04T12:20:45.695+0530] {dag.py:3954} INFO - Setting next_dagrun for example_time_delta_sensor_async to None, run_after=None
[2024-05-04T12:20:45.705+0530] {processor.py:183} INFO - Processing /usr/local/lib/python3.10/dist-packages/airflow/example_dags/example_time_delta_sensor_async.py took 0.042 seconds
[2024-05-04T12:21:39.367+0530] {processor.py:161} INFO - Started process (PID=11264) to work on /usr/local/lib/python3.10/dist-packages/airflow/example_dags/example_time_delta_sensor_async.py
[2024-05-04T12:21:39.368+0530] {processor.py:830} INFO - Processing file /usr/local/lib/python3.10/dist-packages/airflow/example_dags/example_time_delta_sensor_async.py for tasks to queue
[2024-05-04T12:21:39.368+0530] {logging_mixin.py:188} INFO - [2024-05-04T12:21:39.368+0530] {dagbag.py:540} INFO - Filling up the DagBag from /usr/local/lib/python3.10/dist-packages/airflow/example_dags/example_time_delta_sensor_async.py
[2024-05-04T12:21:39.370+0530] {processor.py:840} INFO - DAG(s) 'example_time_delta_sensor_async' retrieved from /usr/local/lib/python3.10/dist-packages/airflow/example_dags/example_time_delta_sensor_async.py
[2024-05-04T12:21:39.376+0530] {logging_mixin.py:188} INFO - [2024-05-04T12:21:39.376+0530] {dag.py:3096} INFO - Sync 1 DAGs
[2024-05-04T12:21:39.381+0530] {logging_mixin.py:188} INFO - [2024-05-04T12:21:39.380+0530] {dag.py:3954} INFO - Setting next_dagrun for example_time_delta_sensor_async to None, run_after=None
[2024-05-04T12:21:39.390+0530] {processor.py:183} INFO - Processing /usr/local/lib/python3.10/dist-packages/airflow/example_dags/example_time_delta_sensor_async.py took 0.029 seconds
[2024-05-04T12:22:57.069+0530] {processor.py:161} INFO - Started process (PID=11459) to work on /usr/local/lib/python3.10/dist-packages/airflow/example_dags/example_time_delta_sensor_async.py
[2024-05-04T12:22:57.069+0530] {processor.py:830} INFO - Processing file /usr/local/lib/python3.10/dist-packages/airflow/example_dags/example_time_delta_sensor_async.py for tasks to queue
[2024-05-04T12:22:57.070+0530] {logging_mixin.py:188} INFO - [2024-05-04T12:22:57.070+0530] {dagbag.py:540} INFO - Filling up the DagBag from /usr/local/lib/python3.10/dist-packages/airflow/example_dags/example_time_delta_sensor_async.py
[2024-05-04T12:22:57.073+0530] {processor.py:840} INFO - DAG(s) 'example_time_delta_sensor_async' retrieved from /usr/local/lib/python3.10/dist-packages/airflow/example_dags/example_time_delta_sensor_async.py
[2024-05-04T12:22:57.079+0530] {logging_mixin.py:188} INFO - [2024-05-04T12:22:57.078+0530] {dag.py:3096} INFO - Sync 1 DAGs
[2024-05-04T12:22:57.083+0530] {logging_mixin.py:188} INFO - [2024-05-04T12:22:57.083+0530] {dag.py:3954} INFO - Setting next_dagrun for example_time_delta_sensor_async to None, run_after=None
[2024-05-04T12:22:57.093+0530] {processor.py:183} INFO - Processing /usr/local/lib/python3.10/dist-packages/airflow/example_dags/example_time_delta_sensor_async.py took 0.026 seconds
[2024-05-04T12:24:12.090+0530] {processor.py:161} INFO - Started process (PID=11648) to work on /usr/local/lib/python3.10/dist-packages/airflow/example_dags/example_time_delta_sensor_async.py
[2024-05-04T12:24:12.090+0530] {processor.py:830} INFO - Processing file /usr/local/lib/python3.10/dist-packages/airflow/example_dags/example_time_delta_sensor_async.py for tasks to queue
[2024-05-04T12:24:12.091+0530] {logging_mixin.py:188} INFO - [2024-05-04T12:24:12.091+0530] {dagbag.py:540} INFO - Filling up the DagBag from /usr/local/lib/python3.10/dist-packages/airflow/example_dags/example_time_delta_sensor_async.py
[2024-05-04T12:24:12.093+0530] {processor.py:840} INFO - DAG(s) 'example_time_delta_sensor_async' retrieved from /usr/local/lib/python3.10/dist-packages/airflow/example_dags/example_time_delta_sensor_async.py
[2024-05-04T12:24:12.099+0530] {logging_mixin.py:188} INFO - [2024-05-04T12:24:12.099+0530] {dag.py:3096} INFO - Sync 1 DAGs
[2024-05-04T12:24:12.103+0530] {logging_mixin.py:188} INFO - [2024-05-04T12:24:12.103+0530] {dag.py:3954} INFO - Setting next_dagrun for example_time_delta_sensor_async to None, run_after=None
[2024-05-04T12:24:12.113+0530] {processor.py:183} INFO - Processing /usr/local/lib/python3.10/dist-packages/airflow/example_dags/example_time_delta_sensor_async.py took 0.027 seconds
[2024-05-04T12:25:27.546+0530] {processor.py:161} INFO - Started process (PID=11958) to work on /usr/local/lib/python3.10/dist-packages/airflow/example_dags/example_time_delta_sensor_async.py
[2024-05-04T12:25:27.546+0530] {processor.py:830} INFO - Processing file /usr/local/lib/python3.10/dist-packages/airflow/example_dags/example_time_delta_sensor_async.py for tasks to queue
[2024-05-04T12:25:27.548+0530] {logging_mixin.py:188} INFO - [2024-05-04T12:25:27.548+0530] {dagbag.py:540} INFO - Filling up the DagBag from /usr/local/lib/python3.10/dist-packages/airflow/example_dags/example_time_delta_sensor_async.py
[2024-05-04T12:25:27.552+0530] {processor.py:840} INFO - DAG(s) 'example_time_delta_sensor_async' retrieved from /usr/local/lib/python3.10/dist-packages/airflow/example_dags/example_time_delta_sensor_async.py
[2024-05-04T12:25:27.560+0530] {logging_mixin.py:188} INFO - [2024-05-04T12:25:27.559+0530] {dag.py:3096} INFO - Sync 1 DAGs
[2024-05-04T12:25:27.564+0530] {logging_mixin.py:188} INFO - [2024-05-04T12:25:27.564+0530] {dag.py:3954} INFO - Setting next_dagrun for example_time_delta_sensor_async to None, run_after=None
[2024-05-04T12:25:27.575+0530] {processor.py:183} INFO - Processing /usr/local/lib/python3.10/dist-packages/airflow/example_dags/example_time_delta_sensor_async.py took 0.033 seconds
[2024-05-04T12:26:43.838+0530] {processor.py:161} INFO - Started process (PID=12142) to work on /usr/local/lib/python3.10/dist-packages/airflow/example_dags/example_time_delta_sensor_async.py
[2024-05-04T12:26:43.839+0530] {processor.py:830} INFO - Processing file /usr/local/lib/python3.10/dist-packages/airflow/example_dags/example_time_delta_sensor_async.py for tasks to queue
[2024-05-04T12:26:43.841+0530] {logging_mixin.py:188} INFO - [2024-05-04T12:26:43.841+0530] {dagbag.py:540} INFO - Filling up the DagBag from /usr/local/lib/python3.10/dist-packages/airflow/example_dags/example_time_delta_sensor_async.py
[2024-05-04T12:26:43.845+0530] {processor.py:840} INFO - DAG(s) 'example_time_delta_sensor_async' retrieved from /usr/local/lib/python3.10/dist-packages/airflow/example_dags/example_time_delta_sensor_async.py
[2024-05-04T12:26:43.853+0530] {logging_mixin.py:188} INFO - [2024-05-04T12:26:43.852+0530] {dag.py:3096} INFO - Sync 1 DAGs
[2024-05-04T12:26:43.857+0530] {logging_mixin.py:188} INFO - [2024-05-04T12:26:43.857+0530] {dag.py:3954} INFO - Setting next_dagrun for example_time_delta_sensor_async to None, run_after=None
[2024-05-04T12:26:43.867+0530] {processor.py:183} INFO - Processing /usr/local/lib/python3.10/dist-packages/airflow/example_dags/example_time_delta_sensor_async.py took 0.033 seconds
[2024-05-04T12:28:00.242+0530] {processor.py:161} INFO - Started process (PID=12343) to work on /usr/local/lib/python3.10/dist-packages/airflow/example_dags/example_time_delta_sensor_async.py
[2024-05-04T12:28:00.243+0530] {processor.py:830} INFO - Processing file /usr/local/lib/python3.10/dist-packages/airflow/example_dags/example_time_delta_sensor_async.py for tasks to queue
[2024-05-04T12:28:00.243+0530] {logging_mixin.py:188} INFO - [2024-05-04T12:28:00.243+0530] {dagbag.py:540} INFO - Filling up the DagBag from /usr/local/lib/python3.10/dist-packages/airflow/example_dags/example_time_delta_sensor_async.py
[2024-05-04T12:28:00.245+0530] {processor.py:840} INFO - DAG(s) 'example_time_delta_sensor_async' retrieved from /usr/local/lib/python3.10/dist-packages/airflow/example_dags/example_time_delta_sensor_async.py
[2024-05-04T12:28:00.251+0530] {logging_mixin.py:188} INFO - [2024-05-04T12:28:00.251+0530] {dag.py:3096} INFO - Sync 1 DAGs
[2024-05-04T12:28:00.255+0530] {logging_mixin.py:188} INFO - [2024-05-04T12:28:00.255+0530] {dag.py:3954} INFO - Setting next_dagrun for example_time_delta_sensor_async to None, run_after=None
[2024-05-04T12:28:00.265+0530] {processor.py:183} INFO - Processing /usr/local/lib/python3.10/dist-packages/airflow/example_dags/example_time_delta_sensor_async.py took 0.028 seconds
[2024-05-04T12:29:12.361+0530] {processor.py:161} INFO - Started process (PID=12506) to work on /usr/local/lib/python3.10/dist-packages/airflow/example_dags/example_time_delta_sensor_async.py
[2024-05-04T12:29:12.362+0530] {processor.py:830} INFO - Processing file /usr/local/lib/python3.10/dist-packages/airflow/example_dags/example_time_delta_sensor_async.py for tasks to queue
[2024-05-04T12:29:12.363+0530] {logging_mixin.py:188} INFO - [2024-05-04T12:29:12.362+0530] {dagbag.py:540} INFO - Filling up the DagBag from /usr/local/lib/python3.10/dist-packages/airflow/example_dags/example_time_delta_sensor_async.py
[2024-05-04T12:29:12.364+0530] {processor.py:840} INFO - DAG(s) 'example_time_delta_sensor_async' retrieved from /usr/local/lib/python3.10/dist-packages/airflow/example_dags/example_time_delta_sensor_async.py
[2024-05-04T12:29:12.373+0530] {logging_mixin.py:188} INFO - [2024-05-04T12:29:12.373+0530] {dag.py:3096} INFO - Sync 1 DAGs
[2024-05-04T12:29:12.377+0530] {logging_mixin.py:188} INFO - [2024-05-04T12:29:12.377+0530] {dag.py:3954} INFO - Setting next_dagrun for example_time_delta_sensor_async to None, run_after=None
[2024-05-04T12:29:12.387+0530] {processor.py:183} INFO - Processing /usr/local/lib/python3.10/dist-packages/airflow/example_dags/example_time_delta_sensor_async.py took 0.032 seconds
[2024-05-04T12:30:24.397+0530] {processor.py:161} INFO - Started process (PID=12728) to work on /usr/local/lib/python3.10/dist-packages/airflow/example_dags/example_time_delta_sensor_async.py
[2024-05-04T12:30:24.398+0530] {processor.py:830} INFO - Processing file /usr/local/lib/python3.10/dist-packages/airflow/example_dags/example_time_delta_sensor_async.py for tasks to queue
[2024-05-04T12:30:24.398+0530] {logging_mixin.py:188} INFO - [2024-05-04T12:30:24.398+0530] {dagbag.py:540} INFO - Filling up the DagBag from /usr/local/lib/python3.10/dist-packages/airflow/example_dags/example_time_delta_sensor_async.py
[2024-05-04T12:30:24.400+0530] {processor.py:840} INFO - DAG(s) 'example_time_delta_sensor_async' retrieved from /usr/local/lib/python3.10/dist-packages/airflow/example_dags/example_time_delta_sensor_async.py
[2024-05-04T12:30:24.406+0530] {logging_mixin.py:188} INFO - [2024-05-04T12:30:24.406+0530] {dag.py:3096} INFO - Sync 1 DAGs
[2024-05-04T12:30:24.411+0530] {logging_mixin.py:188} INFO - [2024-05-04T12:30:24.411+0530] {dag.py:3954} INFO - Setting next_dagrun for example_time_delta_sensor_async to None, run_after=None
[2024-05-04T12:30:24.423+0530] {processor.py:183} INFO - Processing /usr/local/lib/python3.10/dist-packages/airflow/example_dags/example_time_delta_sensor_async.py took 0.032 seconds
[2024-05-04T12:31:42.984+0530] {processor.py:161} INFO - Started process (PID=12931) to work on /usr/local/lib/python3.10/dist-packages/airflow/example_dags/example_time_delta_sensor_async.py
[2024-05-04T12:31:42.985+0530] {processor.py:830} INFO - Processing file /usr/local/lib/python3.10/dist-packages/airflow/example_dags/example_time_delta_sensor_async.py for tasks to queue
[2024-05-04T12:31:42.986+0530] {logging_mixin.py:188} INFO - [2024-05-04T12:31:42.986+0530] {dagbag.py:540} INFO - Filling up the DagBag from /usr/local/lib/python3.10/dist-packages/airflow/example_dags/example_time_delta_sensor_async.py
[2024-05-04T12:31:42.990+0530] {processor.py:840} INFO - DAG(s) 'example_time_delta_sensor_async' retrieved from /usr/local/lib/python3.10/dist-packages/airflow/example_dags/example_time_delta_sensor_async.py
[2024-05-04T12:31:42.998+0530] {logging_mixin.py:188} INFO - [2024-05-04T12:31:42.998+0530] {dag.py:3096} INFO - Sync 1 DAGs
[2024-05-04T12:31:43.003+0530] {logging_mixin.py:188} INFO - [2024-05-04T12:31:43.002+0530] {dag.py:3954} INFO - Setting next_dagrun for example_time_delta_sensor_async to None, run_after=None
[2024-05-04T12:31:43.013+0530] {processor.py:183} INFO - Processing /usr/local/lib/python3.10/dist-packages/airflow/example_dags/example_time_delta_sensor_async.py took 0.034 seconds
[2024-05-04T12:32:57.907+0530] {processor.py:161} INFO - Started process (PID=13139) to work on /usr/local/lib/python3.10/dist-packages/airflow/example_dags/example_time_delta_sensor_async.py
[2024-05-04T12:32:57.908+0530] {processor.py:830} INFO - Processing file /usr/local/lib/python3.10/dist-packages/airflow/example_dags/example_time_delta_sensor_async.py for tasks to queue
[2024-05-04T12:32:57.910+0530] {logging_mixin.py:188} INFO - [2024-05-04T12:32:57.909+0530] {dagbag.py:540} INFO - Filling up the DagBag from /usr/local/lib/python3.10/dist-packages/airflow/example_dags/example_time_delta_sensor_async.py
[2024-05-04T12:32:57.916+0530] {processor.py:840} INFO - DAG(s) 'example_time_delta_sensor_async' retrieved from /usr/local/lib/python3.10/dist-packages/airflow/example_dags/example_time_delta_sensor_async.py
[2024-05-04T12:32:57.927+0530] {logging_mixin.py:188} INFO - [2024-05-04T12:32:57.926+0530] {dag.py:3096} INFO - Sync 1 DAGs
[2024-05-04T12:32:57.931+0530] {logging_mixin.py:188} INFO - [2024-05-04T12:32:57.931+0530] {dag.py:3954} INFO - Setting next_dagrun for example_time_delta_sensor_async to None, run_after=None
[2024-05-04T12:32:57.941+0530] {processor.py:183} INFO - Processing /usr/local/lib/python3.10/dist-packages/airflow/example_dags/example_time_delta_sensor_async.py took 0.044 seconds
[2024-05-04T12:33:52.355+0530] {processor.py:161} INFO - Started process (PID=13329) to work on /usr/local/lib/python3.10/dist-packages/airflow/example_dags/example_time_delta_sensor_async.py
[2024-05-04T12:33:52.355+0530] {processor.py:830} INFO - Processing file /usr/local/lib/python3.10/dist-packages/airflow/example_dags/example_time_delta_sensor_async.py for tasks to queue
[2024-05-04T12:33:52.357+0530] {logging_mixin.py:188} INFO - [2024-05-04T12:33:52.356+0530] {dagbag.py:540} INFO - Filling up the DagBag from /usr/local/lib/python3.10/dist-packages/airflow/example_dags/example_time_delta_sensor_async.py
[2024-05-04T12:33:52.361+0530] {processor.py:840} INFO - DAG(s) 'example_time_delta_sensor_async' retrieved from /usr/local/lib/python3.10/dist-packages/airflow/example_dags/example_time_delta_sensor_async.py
[2024-05-04T12:33:52.368+0530] {logging_mixin.py:188} INFO - [2024-05-04T12:33:52.368+0530] {dag.py:3096} INFO - Sync 1 DAGs
[2024-05-04T12:33:52.372+0530] {logging_mixin.py:188} INFO - [2024-05-04T12:33:52.372+0530] {dag.py:3954} INFO - Setting next_dagrun for example_time_delta_sensor_async to None, run_after=None
[2024-05-04T12:33:52.382+0530] {processor.py:183} INFO - Processing /usr/local/lib/python3.10/dist-packages/airflow/example_dags/example_time_delta_sensor_async.py took 0.033 seconds
[2024-05-04T12:35:10.862+0530] {processor.py:161} INFO - Started process (PID=13574) to work on /usr/local/lib/python3.10/dist-packages/airflow/example_dags/example_time_delta_sensor_async.py
[2024-05-04T12:35:10.863+0530] {processor.py:830} INFO - Processing file /usr/local/lib/python3.10/dist-packages/airflow/example_dags/example_time_delta_sensor_async.py for tasks to queue
[2024-05-04T12:35:10.865+0530] {logging_mixin.py:188} INFO - [2024-05-04T12:35:10.864+0530] {dagbag.py:540} INFO - Filling up the DagBag from /usr/local/lib/python3.10/dist-packages/airflow/example_dags/example_time_delta_sensor_async.py
[2024-05-04T12:35:10.868+0530] {processor.py:840} INFO - DAG(s) 'example_time_delta_sensor_async' retrieved from /usr/local/lib/python3.10/dist-packages/airflow/example_dags/example_time_delta_sensor_async.py
[2024-05-04T12:35:10.874+0530] {logging_mixin.py:188} INFO - [2024-05-04T12:35:10.874+0530] {dag.py:3096} INFO - Sync 1 DAGs
[2024-05-04T12:35:10.879+0530] {logging_mixin.py:188} INFO - [2024-05-04T12:35:10.879+0530] {dag.py:3954} INFO - Setting next_dagrun for example_time_delta_sensor_async to None, run_after=None
[2024-05-04T12:35:10.889+0530] {processor.py:183} INFO - Processing /usr/local/lib/python3.10/dist-packages/airflow/example_dags/example_time_delta_sensor_async.py took 0.035 seconds
[2024-05-04T12:36:24.996+0530] {processor.py:161} INFO - Started process (PID=13760) to work on /usr/local/lib/python3.10/dist-packages/airflow/example_dags/example_time_delta_sensor_async.py
[2024-05-04T12:36:24.997+0530] {processor.py:830} INFO - Processing file /usr/local/lib/python3.10/dist-packages/airflow/example_dags/example_time_delta_sensor_async.py for tasks to queue
[2024-05-04T12:36:25.000+0530] {logging_mixin.py:188} INFO - [2024-05-04T12:36:25.000+0530] {dagbag.py:540} INFO - Filling up the DagBag from /usr/local/lib/python3.10/dist-packages/airflow/example_dags/example_time_delta_sensor_async.py
[2024-05-04T12:36:25.007+0530] {processor.py:840} INFO - DAG(s) 'example_time_delta_sensor_async' retrieved from /usr/local/lib/python3.10/dist-packages/airflow/example_dags/example_time_delta_sensor_async.py
[2024-05-04T12:36:25.015+0530] {logging_mixin.py:188} INFO - [2024-05-04T12:36:25.015+0530] {dag.py:3096} INFO - Sync 1 DAGs
[2024-05-04T12:36:25.020+0530] {logging_mixin.py:188} INFO - [2024-05-04T12:36:25.019+0530] {dag.py:3954} INFO - Setting next_dagrun for example_time_delta_sensor_async to None, run_after=None
[2024-05-04T12:36:25.030+0530] {processor.py:183} INFO - Processing /usr/local/lib/python3.10/dist-packages/airflow/example_dags/example_time_delta_sensor_async.py took 0.045 seconds
[2024-05-04T12:37:43.108+0530] {processor.py:161} INFO - Started process (PID=13937) to work on /usr/local/lib/python3.10/dist-packages/airflow/example_dags/example_time_delta_sensor_async.py
[2024-05-04T12:37:43.109+0530] {processor.py:830} INFO - Processing file /usr/local/lib/python3.10/dist-packages/airflow/example_dags/example_time_delta_sensor_async.py for tasks to queue
[2024-05-04T12:37:43.110+0530] {logging_mixin.py:188} INFO - [2024-05-04T12:37:43.110+0530] {dagbag.py:540} INFO - Filling up the DagBag from /usr/local/lib/python3.10/dist-packages/airflow/example_dags/example_time_delta_sensor_async.py
[2024-05-04T12:37:43.113+0530] {processor.py:840} INFO - DAG(s) 'example_time_delta_sensor_async' retrieved from /usr/local/lib/python3.10/dist-packages/airflow/example_dags/example_time_delta_sensor_async.py
[2024-05-04T12:37:43.120+0530] {logging_mixin.py:188} INFO - [2024-05-04T12:37:43.120+0530] {dag.py:3096} INFO - Sync 1 DAGs
[2024-05-04T12:37:43.124+0530] {logging_mixin.py:188} INFO - [2024-05-04T12:37:43.124+0530] {dag.py:3954} INFO - Setting next_dagrun for example_time_delta_sensor_async to None, run_after=None
[2024-05-04T12:37:43.134+0530] {processor.py:183} INFO - Processing /usr/local/lib/python3.10/dist-packages/airflow/example_dags/example_time_delta_sensor_async.py took 0.033 seconds
[2024-05-04T12:39:02.011+0530] {processor.py:161} INFO - Started process (PID=14257) to work on /usr/local/lib/python3.10/dist-packages/airflow/example_dags/example_time_delta_sensor_async.py
[2024-05-04T12:39:02.011+0530] {processor.py:830} INFO - Processing file /usr/local/lib/python3.10/dist-packages/airflow/example_dags/example_time_delta_sensor_async.py for tasks to queue
[2024-05-04T12:39:02.012+0530] {logging_mixin.py:188} INFO - [2024-05-04T12:39:02.012+0530] {dagbag.py:540} INFO - Filling up the DagBag from /usr/local/lib/python3.10/dist-packages/airflow/example_dags/example_time_delta_sensor_async.py
[2024-05-04T12:39:02.014+0530] {processor.py:840} INFO - DAG(s) 'example_time_delta_sensor_async' retrieved from /usr/local/lib/python3.10/dist-packages/airflow/example_dags/example_time_delta_sensor_async.py
[2024-05-04T12:39:02.020+0530] {logging_mixin.py:188} INFO - [2024-05-04T12:39:02.020+0530] {dag.py:3096} INFO - Sync 1 DAGs
[2024-05-04T12:39:02.024+0530] {logging_mixin.py:188} INFO - [2024-05-04T12:39:02.024+0530] {dag.py:3954} INFO - Setting next_dagrun for example_time_delta_sensor_async to None, run_after=None
[2024-05-04T12:39:02.034+0530] {processor.py:183} INFO - Processing /usr/local/lib/python3.10/dist-packages/airflow/example_dags/example_time_delta_sensor_async.py took 0.029 seconds
[2024-05-04T12:39:53.233+0530] {processor.py:161} INFO - Started process (PID=14457) to work on /usr/local/lib/python3.10/dist-packages/airflow/example_dags/example_time_delta_sensor_async.py
[2024-05-04T12:39:53.233+0530] {processor.py:830} INFO - Processing file /usr/local/lib/python3.10/dist-packages/airflow/example_dags/example_time_delta_sensor_async.py for tasks to queue
[2024-05-04T12:39:53.235+0530] {logging_mixin.py:188} INFO - [2024-05-04T12:39:53.234+0530] {dagbag.py:540} INFO - Filling up the DagBag from /usr/local/lib/python3.10/dist-packages/airflow/example_dags/example_time_delta_sensor_async.py
[2024-05-04T12:39:53.239+0530] {processor.py:840} INFO - DAG(s) 'example_time_delta_sensor_async' retrieved from /usr/local/lib/python3.10/dist-packages/airflow/example_dags/example_time_delta_sensor_async.py
[2024-05-04T12:39:53.246+0530] {logging_mixin.py:188} INFO - [2024-05-04T12:39:53.246+0530] {dag.py:3096} INFO - Sync 1 DAGs
[2024-05-04T12:39:53.251+0530] {logging_mixin.py:188} INFO - [2024-05-04T12:39:53.251+0530] {dag.py:3954} INFO - Setting next_dagrun for example_time_delta_sensor_async to None, run_after=None
[2024-05-04T12:39:53.260+0530] {processor.py:183} INFO - Processing /usr/local/lib/python3.10/dist-packages/airflow/example_dags/example_time_delta_sensor_async.py took 0.033 seconds
[2024-05-04T12:41:10.494+0530] {processor.py:161} INFO - Started process (PID=14715) to work on /usr/local/lib/python3.10/dist-packages/airflow/example_dags/example_time_delta_sensor_async.py
[2024-05-04T12:41:10.494+0530] {processor.py:830} INFO - Processing file /usr/local/lib/python3.10/dist-packages/airflow/example_dags/example_time_delta_sensor_async.py for tasks to queue
[2024-05-04T12:41:10.495+0530] {logging_mixin.py:188} INFO - [2024-05-04T12:41:10.495+0530] {dagbag.py:540} INFO - Filling up the DagBag from /usr/local/lib/python3.10/dist-packages/airflow/example_dags/example_time_delta_sensor_async.py
[2024-05-04T12:41:10.497+0530] {processor.py:840} INFO - DAG(s) 'example_time_delta_sensor_async' retrieved from /usr/local/lib/python3.10/dist-packages/airflow/example_dags/example_time_delta_sensor_async.py
[2024-05-04T12:41:10.503+0530] {logging_mixin.py:188} INFO - [2024-05-04T12:41:10.503+0530] {dag.py:3096} INFO - Sync 1 DAGs
[2024-05-04T12:41:10.507+0530] {logging_mixin.py:188} INFO - [2024-05-04T12:41:10.507+0530] {dag.py:3954} INFO - Setting next_dagrun for example_time_delta_sensor_async to None, run_after=None
[2024-05-04T12:41:10.517+0530] {processor.py:183} INFO - Processing /usr/local/lib/python3.10/dist-packages/airflow/example_dags/example_time_delta_sensor_async.py took 0.030 seconds
[2024-05-04T12:42:24.331+0530] {processor.py:161} INFO - Started process (PID=14972) to work on /usr/local/lib/python3.10/dist-packages/airflow/example_dags/example_time_delta_sensor_async.py
[2024-05-04T12:42:24.332+0530] {processor.py:830} INFO - Processing file /usr/local/lib/python3.10/dist-packages/airflow/example_dags/example_time_delta_sensor_async.py for tasks to queue
[2024-05-04T12:42:24.333+0530] {logging_mixin.py:188} INFO - [2024-05-04T12:42:24.332+0530] {dagbag.py:540} INFO - Filling up the DagBag from /usr/local/lib/python3.10/dist-packages/airflow/example_dags/example_time_delta_sensor_async.py
[2024-05-04T12:42:24.334+0530] {processor.py:840} INFO - DAG(s) 'example_time_delta_sensor_async' retrieved from /usr/local/lib/python3.10/dist-packages/airflow/example_dags/example_time_delta_sensor_async.py
[2024-05-04T12:42:24.340+0530] {logging_mixin.py:188} INFO - [2024-05-04T12:42:24.340+0530] {dag.py:3096} INFO - Sync 1 DAGs
[2024-05-04T12:42:24.345+0530] {logging_mixin.py:188} INFO - [2024-05-04T12:42:24.345+0530] {dag.py:3954} INFO - Setting next_dagrun for example_time_delta_sensor_async to None, run_after=None
[2024-05-04T12:42:24.355+0530] {processor.py:183} INFO - Processing /usr/local/lib/python3.10/dist-packages/airflow/example_dags/example_time_delta_sensor_async.py took 0.030 seconds
[2024-05-04T12:43:17.003+0530] {processor.py:161} INFO - Started process (PID=15137) to work on /usr/local/lib/python3.10/dist-packages/airflow/example_dags/example_time_delta_sensor_async.py
[2024-05-04T12:43:17.004+0530] {processor.py:830} INFO - Processing file /usr/local/lib/python3.10/dist-packages/airflow/example_dags/example_time_delta_sensor_async.py for tasks to queue
[2024-05-04T12:43:17.006+0530] {logging_mixin.py:188} INFO - [2024-05-04T12:43:17.006+0530] {dagbag.py:540} INFO - Filling up the DagBag from /usr/local/lib/python3.10/dist-packages/airflow/example_dags/example_time_delta_sensor_async.py
[2024-05-04T12:43:17.010+0530] {processor.py:840} INFO - DAG(s) 'example_time_delta_sensor_async' retrieved from /usr/local/lib/python3.10/dist-packages/airflow/example_dags/example_time_delta_sensor_async.py
[2024-05-04T12:43:17.017+0530] {logging_mixin.py:188} INFO - [2024-05-04T12:43:17.017+0530] {dag.py:3096} INFO - Sync 1 DAGs
[2024-05-04T12:43:17.021+0530] {logging_mixin.py:188} INFO - [2024-05-04T12:43:17.021+0530] {dag.py:3954} INFO - Setting next_dagrun for example_time_delta_sensor_async to None, run_after=None
[2024-05-04T12:43:17.032+0530] {processor.py:183} INFO - Processing /usr/local/lib/python3.10/dist-packages/airflow/example_dags/example_time_delta_sensor_async.py took 0.038 seconds
[2024-05-04T12:44:33.307+0530] {processor.py:161} INFO - Started process (PID=15391) to work on /usr/local/lib/python3.10/dist-packages/airflow/example_dags/example_time_delta_sensor_async.py
[2024-05-04T12:44:33.308+0530] {processor.py:830} INFO - Processing file /usr/local/lib/python3.10/dist-packages/airflow/example_dags/example_time_delta_sensor_async.py for tasks to queue
[2024-05-04T12:44:33.309+0530] {logging_mixin.py:188} INFO - [2024-05-04T12:44:33.309+0530] {dagbag.py:540} INFO - Filling up the DagBag from /usr/local/lib/python3.10/dist-packages/airflow/example_dags/example_time_delta_sensor_async.py
[2024-05-04T12:44:33.313+0530] {processor.py:840} INFO - DAG(s) 'example_time_delta_sensor_async' retrieved from /usr/local/lib/python3.10/dist-packages/airflow/example_dags/example_time_delta_sensor_async.py
[2024-05-04T12:44:33.320+0530] {logging_mixin.py:188} INFO - [2024-05-04T12:44:33.320+0530] {dag.py:3096} INFO - Sync 1 DAGs
[2024-05-04T12:44:33.325+0530] {logging_mixin.py:188} INFO - [2024-05-04T12:44:33.324+0530] {dag.py:3954} INFO - Setting next_dagrun for example_time_delta_sensor_async to None, run_after=None
[2024-05-04T12:44:33.334+0530] {processor.py:183} INFO - Processing /usr/local/lib/python3.10/dist-packages/airflow/example_dags/example_time_delta_sensor_async.py took 0.030 seconds
[2024-05-04T12:45:48.104+0530] {processor.py:161} INFO - Started process (PID=15672) to work on /usr/local/lib/python3.10/dist-packages/airflow/example_dags/example_time_delta_sensor_async.py
[2024-05-04T12:45:48.105+0530] {processor.py:830} INFO - Processing file /usr/local/lib/python3.10/dist-packages/airflow/example_dags/example_time_delta_sensor_async.py for tasks to queue
[2024-05-04T12:45:48.106+0530] {logging_mixin.py:188} INFO - [2024-05-04T12:45:48.106+0530] {dagbag.py:540} INFO - Filling up the DagBag from /usr/local/lib/python3.10/dist-packages/airflow/example_dags/example_time_delta_sensor_async.py
[2024-05-04T12:45:48.109+0530] {processor.py:840} INFO - DAG(s) 'example_time_delta_sensor_async' retrieved from /usr/local/lib/python3.10/dist-packages/airflow/example_dags/example_time_delta_sensor_async.py
[2024-05-04T12:45:48.115+0530] {logging_mixin.py:188} INFO - [2024-05-04T12:45:48.115+0530] {dag.py:3096} INFO - Sync 1 DAGs
[2024-05-04T12:45:48.119+0530] {logging_mixin.py:188} INFO - [2024-05-04T12:45:48.119+0530] {dag.py:3954} INFO - Setting next_dagrun for example_time_delta_sensor_async to None, run_after=None
[2024-05-04T12:45:48.129+0530] {processor.py:183} INFO - Processing /usr/local/lib/python3.10/dist-packages/airflow/example_dags/example_time_delta_sensor_async.py took 0.031 seconds
[2024-05-04T12:47:04.115+0530] {processor.py:161} INFO - Started process (PID=15982) to work on /usr/local/lib/python3.10/dist-packages/airflow/example_dags/example_time_delta_sensor_async.py
[2024-05-04T12:47:04.116+0530] {processor.py:830} INFO - Processing file /usr/local/lib/python3.10/dist-packages/airflow/example_dags/example_time_delta_sensor_async.py for tasks to queue
[2024-05-04T12:47:04.118+0530] {logging_mixin.py:188} INFO - [2024-05-04T12:47:04.117+0530] {dagbag.py:540} INFO - Filling up the DagBag from /usr/local/lib/python3.10/dist-packages/airflow/example_dags/example_time_delta_sensor_async.py
[2024-05-04T12:47:04.121+0530] {processor.py:840} INFO - DAG(s) 'example_time_delta_sensor_async' retrieved from /usr/local/lib/python3.10/dist-packages/airflow/example_dags/example_time_delta_sensor_async.py
[2024-05-04T12:47:04.127+0530] {logging_mixin.py:188} INFO - [2024-05-04T12:47:04.127+0530] {dag.py:3096} INFO - Sync 1 DAGs
[2024-05-04T12:47:04.132+0530] {logging_mixin.py:188} INFO - [2024-05-04T12:47:04.132+0530] {dag.py:3954} INFO - Setting next_dagrun for example_time_delta_sensor_async to None, run_after=None
[2024-05-04T12:47:04.142+0530] {processor.py:183} INFO - Processing /usr/local/lib/python3.10/dist-packages/airflow/example_dags/example_time_delta_sensor_async.py took 0.034 seconds
[2024-05-04T12:48:21.285+0530] {processor.py:161} INFO - Started process (PID=16279) to work on /usr/local/lib/python3.10/dist-packages/airflow/example_dags/example_time_delta_sensor_async.py
[2024-05-04T12:48:21.285+0530] {processor.py:830} INFO - Processing file /usr/local/lib/python3.10/dist-packages/airflow/example_dags/example_time_delta_sensor_async.py for tasks to queue
[2024-05-04T12:48:21.287+0530] {logging_mixin.py:188} INFO - [2024-05-04T12:48:21.286+0530] {dagbag.py:540} INFO - Filling up the DagBag from /usr/local/lib/python3.10/dist-packages/airflow/example_dags/example_time_delta_sensor_async.py
[2024-05-04T12:48:21.289+0530] {processor.py:840} INFO - DAG(s) 'example_time_delta_sensor_async' retrieved from /usr/local/lib/python3.10/dist-packages/airflow/example_dags/example_time_delta_sensor_async.py
[2024-05-04T12:48:21.295+0530] {logging_mixin.py:188} INFO - [2024-05-04T12:48:21.295+0530] {dag.py:3096} INFO - Sync 1 DAGs
[2024-05-04T12:48:21.300+0530] {logging_mixin.py:188} INFO - [2024-05-04T12:48:21.300+0530] {dag.py:3954} INFO - Setting next_dagrun for example_time_delta_sensor_async to None, run_after=None
[2024-05-04T12:48:21.310+0530] {processor.py:183} INFO - Processing /usr/local/lib/python3.10/dist-packages/airflow/example_dags/example_time_delta_sensor_async.py took 0.031 seconds
[2024-05-04T12:49:40.817+0530] {processor.py:161} INFO - Started process (PID=16529) to work on /usr/local/lib/python3.10/dist-packages/airflow/example_dags/example_time_delta_sensor_async.py
[2024-05-04T12:49:40.818+0530] {processor.py:830} INFO - Processing file /usr/local/lib/python3.10/dist-packages/airflow/example_dags/example_time_delta_sensor_async.py for tasks to queue
[2024-05-04T12:49:40.819+0530] {logging_mixin.py:188} INFO - [2024-05-04T12:49:40.818+0530] {dagbag.py:540} INFO - Filling up the DagBag from /usr/local/lib/python3.10/dist-packages/airflow/example_dags/example_time_delta_sensor_async.py
[2024-05-04T12:49:40.820+0530] {processor.py:840} INFO - DAG(s) 'example_time_delta_sensor_async' retrieved from /usr/local/lib/python3.10/dist-packages/airflow/example_dags/example_time_delta_sensor_async.py
[2024-05-04T12:49:40.826+0530] {logging_mixin.py:188} INFO - [2024-05-04T12:49:40.826+0530] {dag.py:3096} INFO - Sync 1 DAGs
[2024-05-04T12:49:40.831+0530] {logging_mixin.py:188} INFO - [2024-05-04T12:49:40.830+0530] {dag.py:3954} INFO - Setting next_dagrun for example_time_delta_sensor_async to None, run_after=None
[2024-05-04T12:49:40.841+0530] {processor.py:183} INFO - Processing /usr/local/lib/python3.10/dist-packages/airflow/example_dags/example_time_delta_sensor_async.py took 0.026 seconds
[2024-05-04T12:50:56.765+0530] {processor.py:161} INFO - Started process (PID=16869) to work on /usr/local/lib/python3.10/dist-packages/airflow/example_dags/example_time_delta_sensor_async.py
[2024-05-04T12:50:56.765+0530] {processor.py:830} INFO - Processing file /usr/local/lib/python3.10/dist-packages/airflow/example_dags/example_time_delta_sensor_async.py for tasks to queue
[2024-05-04T12:50:56.766+0530] {logging_mixin.py:188} INFO - [2024-05-04T12:50:56.766+0530] {dagbag.py:540} INFO - Filling up the DagBag from /usr/local/lib/python3.10/dist-packages/airflow/example_dags/example_time_delta_sensor_async.py
[2024-05-04T12:50:56.770+0530] {processor.py:840} INFO - DAG(s) 'example_time_delta_sensor_async' retrieved from /usr/local/lib/python3.10/dist-packages/airflow/example_dags/example_time_delta_sensor_async.py
[2024-05-04T12:50:56.778+0530] {logging_mixin.py:188} INFO - [2024-05-04T12:50:56.778+0530] {dag.py:3096} INFO - Sync 1 DAGs
[2024-05-04T12:50:56.782+0530] {logging_mixin.py:188} INFO - [2024-05-04T12:50:56.782+0530] {dag.py:3954} INFO - Setting next_dagrun for example_time_delta_sensor_async to None, run_after=None
[2024-05-04T12:50:56.792+0530] {processor.py:183} INFO - Processing /usr/local/lib/python3.10/dist-packages/airflow/example_dags/example_time_delta_sensor_async.py took 0.033 seconds
[2024-05-04T12:52:14.002+0530] {processor.py:161} INFO - Started process (PID=17064) to work on /usr/local/lib/python3.10/dist-packages/airflow/example_dags/example_time_delta_sensor_async.py
[2024-05-04T12:52:14.002+0530] {processor.py:830} INFO - Processing file /usr/local/lib/python3.10/dist-packages/airflow/example_dags/example_time_delta_sensor_async.py for tasks to queue
[2024-05-04T12:52:14.003+0530] {logging_mixin.py:188} INFO - [2024-05-04T12:52:14.003+0530] {dagbag.py:540} INFO - Filling up the DagBag from /usr/local/lib/python3.10/dist-packages/airflow/example_dags/example_time_delta_sensor_async.py
[2024-05-04T12:52:14.007+0530] {processor.py:840} INFO - DAG(s) 'example_time_delta_sensor_async' retrieved from /usr/local/lib/python3.10/dist-packages/airflow/example_dags/example_time_delta_sensor_async.py
[2024-05-04T12:52:14.015+0530] {logging_mixin.py:188} INFO - [2024-05-04T12:52:14.015+0530] {dag.py:3096} INFO - Sync 1 DAGs
[2024-05-04T12:52:14.019+0530] {logging_mixin.py:188} INFO - [2024-05-04T12:52:14.019+0530] {dag.py:3954} INFO - Setting next_dagrun for example_time_delta_sensor_async to None, run_after=None
[2024-05-04T12:52:14.029+0530] {processor.py:183} INFO - Processing /usr/local/lib/python3.10/dist-packages/airflow/example_dags/example_time_delta_sensor_async.py took 0.034 seconds
[2024-05-04T12:53:29.128+0530] {processor.py:161} INFO - Started process (PID=17290) to work on /usr/local/lib/python3.10/dist-packages/airflow/example_dags/example_time_delta_sensor_async.py
[2024-05-04T12:53:29.129+0530] {processor.py:830} INFO - Processing file /usr/local/lib/python3.10/dist-packages/airflow/example_dags/example_time_delta_sensor_async.py for tasks to queue
[2024-05-04T12:53:29.130+0530] {logging_mixin.py:188} INFO - [2024-05-04T12:53:29.130+0530] {dagbag.py:540} INFO - Filling up the DagBag from /usr/local/lib/python3.10/dist-packages/airflow/example_dags/example_time_delta_sensor_async.py
[2024-05-04T12:53:29.134+0530] {processor.py:840} INFO - DAG(s) 'example_time_delta_sensor_async' retrieved from /usr/local/lib/python3.10/dist-packages/airflow/example_dags/example_time_delta_sensor_async.py
[2024-05-04T12:53:29.142+0530] {logging_mixin.py:188} INFO - [2024-05-04T12:53:29.141+0530] {dag.py:3096} INFO - Sync 1 DAGs
[2024-05-04T12:53:29.146+0530] {logging_mixin.py:188} INFO - [2024-05-04T12:53:29.146+0530] {dag.py:3954} INFO - Setting next_dagrun for example_time_delta_sensor_async to None, run_after=None
[2024-05-04T12:53:29.156+0530] {processor.py:183} INFO - Processing /usr/local/lib/python3.10/dist-packages/airflow/example_dags/example_time_delta_sensor_async.py took 0.033 seconds
[2024-05-04T12:54:46.325+0530] {processor.py:161} INFO - Started process (PID=17505) to work on /usr/local/lib/python3.10/dist-packages/airflow/example_dags/example_time_delta_sensor_async.py
[2024-05-04T12:54:46.325+0530] {processor.py:830} INFO - Processing file /usr/local/lib/python3.10/dist-packages/airflow/example_dags/example_time_delta_sensor_async.py for tasks to queue
[2024-05-04T12:54:46.326+0530] {logging_mixin.py:188} INFO - [2024-05-04T12:54:46.326+0530] {dagbag.py:540} INFO - Filling up the DagBag from /usr/local/lib/python3.10/dist-packages/airflow/example_dags/example_time_delta_sensor_async.py
[2024-05-04T12:54:46.328+0530] {processor.py:840} INFO - DAG(s) 'example_time_delta_sensor_async' retrieved from /usr/local/lib/python3.10/dist-packages/airflow/example_dags/example_time_delta_sensor_async.py
[2024-05-04T12:54:46.334+0530] {logging_mixin.py:188} INFO - [2024-05-04T12:54:46.334+0530] {dag.py:3096} INFO - Sync 1 DAGs
[2024-05-04T12:54:46.339+0530] {logging_mixin.py:188} INFO - [2024-05-04T12:54:46.339+0530] {dag.py:3954} INFO - Setting next_dagrun for example_time_delta_sensor_async to None, run_after=None
[2024-05-04T12:54:46.349+0530] {processor.py:183} INFO - Processing /usr/local/lib/python3.10/dist-packages/airflow/example_dags/example_time_delta_sensor_async.py took 0.029 seconds
