[2024-05-04T12:09:54.909+0530] {processor.py:161} INFO - Started process (PID=7031) to work on /usr/local/lib/python3.10/dist-packages/airflow/example_dags/example_kubernetes_executor.py
[2024-05-04T12:09:54.909+0530] {processor.py:830} INFO - Processing file /usr/local/lib/python3.10/dist-packages/airflow/example_dags/example_kubernetes_executor.py for tasks to queue
[2024-05-04T12:09:54.910+0530] {logging_mixin.py:188} INFO - [2024-05-04T12:09:54.909+0530] {dagbag.py:540} INFO - Filling up the DagBag from /usr/local/lib/python3.10/dist-packages/airflow/example_dags/example_kubernetes_executor.py
[2024-05-04T12:09:55.054+0530] {processor.py:840} INFO - DAG(s) 'example_kubernetes_executor' retrieved from /usr/local/lib/python3.10/dist-packages/airflow/example_dags/example_kubernetes_executor.py
[2024-05-04T12:09:55.062+0530] {logging_mixin.py:188} WARNING - /usr/local/lib/python3.10/dist-packages/airflow/serialization/serialized_objects.py:1673 DeprecationWarning: This module is deprecated. The `cncf.kubernetes` provider before version 7.4.0 uses this module - you should migrate to a newer version of `cncf.kubernetes` to get rid of this warning. If you import the module via `airflow.kubernetes` import, please use `cncf.kubernetes' provider 7.4.0+ and switch all your imports to use `apache.airflow.providers.cncf.kubernetes` to get rid of the warning.
[2024-05-04T12:09:55.068+0530] {logging_mixin.py:188} INFO - [2024-05-04T12:09:55.068+0530] {dag.py:3096} INFO - Sync 1 DAGs
[2024-05-04T12:09:55.073+0530] {logging_mixin.py:188} INFO - [2024-05-04T12:09:55.073+0530] {dag.py:3954} INFO - Setting next_dagrun for example_kubernetes_executor to None, run_after=None
[2024-05-04T12:09:55.084+0530] {processor.py:183} INFO - Processing /usr/local/lib/python3.10/dist-packages/airflow/example_dags/example_kubernetes_executor.py took 0.178 seconds
[2024-05-04T12:10:50.640+0530] {processor.py:161} INFO - Started process (PID=7556) to work on /usr/local/lib/python3.10/dist-packages/airflow/example_dags/example_kubernetes_executor.py
[2024-05-04T12:10:50.641+0530] {processor.py:830} INFO - Processing file /usr/local/lib/python3.10/dist-packages/airflow/example_dags/example_kubernetes_executor.py for tasks to queue
[2024-05-04T12:10:50.642+0530] {logging_mixin.py:188} INFO - [2024-05-04T12:10:50.642+0530] {dagbag.py:540} INFO - Filling up the DagBag from /usr/local/lib/python3.10/dist-packages/airflow/example_dags/example_kubernetes_executor.py
[2024-05-04T12:10:50.719+0530] {processor.py:840} INFO - DAG(s) 'example_kubernetes_executor' retrieved from /usr/local/lib/python3.10/dist-packages/airflow/example_dags/example_kubernetes_executor.py
[2024-05-04T12:10:50.725+0530] {logging_mixin.py:188} WARNING - /usr/local/lib/python3.10/dist-packages/airflow/serialization/serialized_objects.py:1673 DeprecationWarning: This module is deprecated. The `cncf.kubernetes` provider before version 7.4.0 uses this module - you should migrate to a newer version of `cncf.kubernetes` to get rid of this warning. If you import the module via `airflow.kubernetes` import, please use `cncf.kubernetes' provider 7.4.0+ and switch all your imports to use `apache.airflow.providers.cncf.kubernetes` to get rid of the warning.
[2024-05-04T12:10:50.729+0530] {logging_mixin.py:188} INFO - [2024-05-04T12:10:50.729+0530] {dag.py:3096} INFO - Sync 1 DAGs
[2024-05-04T12:10:50.734+0530] {logging_mixin.py:188} INFO - [2024-05-04T12:10:50.734+0530] {dag.py:3954} INFO - Setting next_dagrun for example_kubernetes_executor to None, run_after=None
[2024-05-04T12:10:50.746+0530] {processor.py:183} INFO - Processing /usr/local/lib/python3.10/dist-packages/airflow/example_dags/example_kubernetes_executor.py took 0.112 seconds
[2024-05-04T12:11:50.101+0530] {processor.py:161} INFO - Started process (PID=8172) to work on /usr/local/lib/python3.10/dist-packages/airflow/example_dags/example_kubernetes_executor.py
[2024-05-04T12:11:50.101+0530] {processor.py:830} INFO - Processing file /usr/local/lib/python3.10/dist-packages/airflow/example_dags/example_kubernetes_executor.py for tasks to queue
[2024-05-04T12:11:50.102+0530] {logging_mixin.py:188} INFO - [2024-05-04T12:11:50.102+0530] {dagbag.py:540} INFO - Filling up the DagBag from /usr/local/lib/python3.10/dist-packages/airflow/example_dags/example_kubernetes_executor.py
[2024-05-04T12:11:50.190+0530] {processor.py:840} INFO - DAG(s) 'example_kubernetes_executor' retrieved from /usr/local/lib/python3.10/dist-packages/airflow/example_dags/example_kubernetes_executor.py
[2024-05-04T12:11:50.196+0530] {logging_mixin.py:188} WARNING - /usr/local/lib/python3.10/dist-packages/airflow/serialization/serialized_objects.py:1673 DeprecationWarning: This module is deprecated. The `cncf.kubernetes` provider before version 7.4.0 uses this module - you should migrate to a newer version of `cncf.kubernetes` to get rid of this warning. If you import the module via `airflow.kubernetes` import, please use `cncf.kubernetes' provider 7.4.0+ and switch all your imports to use `apache.airflow.providers.cncf.kubernetes` to get rid of the warning.
[2024-05-04T12:11:50.201+0530] {logging_mixin.py:188} INFO - [2024-05-04T12:11:50.201+0530] {dag.py:3096} INFO - Sync 1 DAGs
[2024-05-04T12:11:50.206+0530] {logging_mixin.py:188} INFO - [2024-05-04T12:11:50.206+0530] {dag.py:3954} INFO - Setting next_dagrun for example_kubernetes_executor to None, run_after=None
[2024-05-04T12:11:50.216+0530] {processor.py:183} INFO - Processing /usr/local/lib/python3.10/dist-packages/airflow/example_dags/example_kubernetes_executor.py took 0.118 seconds
[2024-05-04T12:12:55.075+0530] {processor.py:161} INFO - Started process (PID=8785) to work on /usr/local/lib/python3.10/dist-packages/airflow/example_dags/example_kubernetes_executor.py
[2024-05-04T12:12:55.075+0530] {processor.py:830} INFO - Processing file /usr/local/lib/python3.10/dist-packages/airflow/example_dags/example_kubernetes_executor.py for tasks to queue
[2024-05-04T12:12:55.076+0530] {logging_mixin.py:188} INFO - [2024-05-04T12:12:55.076+0530] {dagbag.py:540} INFO - Filling up the DagBag from /usr/local/lib/python3.10/dist-packages/airflow/example_dags/example_kubernetes_executor.py
[2024-05-04T12:12:55.171+0530] {processor.py:840} INFO - DAG(s) 'example_kubernetes_executor' retrieved from /usr/local/lib/python3.10/dist-packages/airflow/example_dags/example_kubernetes_executor.py
[2024-05-04T12:12:55.179+0530] {logging_mixin.py:188} WARNING - /usr/local/lib/python3.10/dist-packages/airflow/serialization/serialized_objects.py:1673 DeprecationWarning: This module is deprecated. The `cncf.kubernetes` provider before version 7.4.0 uses this module - you should migrate to a newer version of `cncf.kubernetes` to get rid of this warning. If you import the module via `airflow.kubernetes` import, please use `cncf.kubernetes' provider 7.4.0+ and switch all your imports to use `apache.airflow.providers.cncf.kubernetes` to get rid of the warning.
[2024-05-04T12:12:55.184+0530] {logging_mixin.py:188} INFO - [2024-05-04T12:12:55.184+0530] {dag.py:3096} INFO - Sync 1 DAGs
[2024-05-04T12:12:55.191+0530] {logging_mixin.py:188} INFO - [2024-05-04T12:12:55.190+0530] {dag.py:3954} INFO - Setting next_dagrun for example_kubernetes_executor to None, run_after=None
[2024-05-04T12:12:55.201+0530] {processor.py:183} INFO - Processing /usr/local/lib/python3.10/dist-packages/airflow/example_dags/example_kubernetes_executor.py took 0.130 seconds
[2024-05-04T12:13:51.497+0530] {processor.py:161} INFO - Started process (PID=9080) to work on /usr/local/lib/python3.10/dist-packages/airflow/example_dags/example_kubernetes_executor.py
[2024-05-04T12:13:51.497+0530] {processor.py:830} INFO - Processing file /usr/local/lib/python3.10/dist-packages/airflow/example_dags/example_kubernetes_executor.py for tasks to queue
[2024-05-04T12:13:51.499+0530] {logging_mixin.py:188} INFO - [2024-05-04T12:13:51.498+0530] {dagbag.py:540} INFO - Filling up the DagBag from /usr/local/lib/python3.10/dist-packages/airflow/example_dags/example_kubernetes_executor.py
[2024-05-04T12:13:51.577+0530] {processor.py:840} INFO - DAG(s) 'example_kubernetes_executor' retrieved from /usr/local/lib/python3.10/dist-packages/airflow/example_dags/example_kubernetes_executor.py
[2024-05-04T12:13:51.582+0530] {logging_mixin.py:188} WARNING - /usr/local/lib/python3.10/dist-packages/airflow/serialization/serialized_objects.py:1673 DeprecationWarning: This module is deprecated. The `cncf.kubernetes` provider before version 7.4.0 uses this module - you should migrate to a newer version of `cncf.kubernetes` to get rid of this warning. If you import the module via `airflow.kubernetes` import, please use `cncf.kubernetes' provider 7.4.0+ and switch all your imports to use `apache.airflow.providers.cncf.kubernetes` to get rid of the warning.
[2024-05-04T12:13:51.587+0530] {logging_mixin.py:188} INFO - [2024-05-04T12:13:51.587+0530] {dag.py:3096} INFO - Sync 1 DAGs
[2024-05-04T12:13:51.592+0530] {logging_mixin.py:188} INFO - [2024-05-04T12:13:51.591+0530] {dag.py:3954} INFO - Setting next_dagrun for example_kubernetes_executor to None, run_after=None
[2024-05-04T12:13:51.602+0530] {processor.py:183} INFO - Processing /usr/local/lib/python3.10/dist-packages/airflow/example_dags/example_kubernetes_executor.py took 0.110 seconds
[2024-05-04T12:14:42.673+0530] {processor.py:161} INFO - Started process (PID=9248) to work on /usr/local/lib/python3.10/dist-packages/airflow/example_dags/example_kubernetes_executor.py
[2024-05-04T12:14:42.674+0530] {processor.py:830} INFO - Processing file /usr/local/lib/python3.10/dist-packages/airflow/example_dags/example_kubernetes_executor.py for tasks to queue
[2024-05-04T12:14:42.676+0530] {logging_mixin.py:188} INFO - [2024-05-04T12:14:42.675+0530] {dagbag.py:540} INFO - Filling up the DagBag from /usr/local/lib/python3.10/dist-packages/airflow/example_dags/example_kubernetes_executor.py
[2024-05-04T12:14:42.754+0530] {processor.py:840} INFO - DAG(s) 'example_kubernetes_executor' retrieved from /usr/local/lib/python3.10/dist-packages/airflow/example_dags/example_kubernetes_executor.py
[2024-05-04T12:14:42.759+0530] {logging_mixin.py:188} WARNING - /usr/local/lib/python3.10/dist-packages/airflow/serialization/serialized_objects.py:1673 DeprecationWarning: This module is deprecated. The `cncf.kubernetes` provider before version 7.4.0 uses this module - you should migrate to a newer version of `cncf.kubernetes` to get rid of this warning. If you import the module via `airflow.kubernetes` import, please use `cncf.kubernetes' provider 7.4.0+ and switch all your imports to use `apache.airflow.providers.cncf.kubernetes` to get rid of the warning.
[2024-05-04T12:14:42.763+0530] {logging_mixin.py:188} INFO - [2024-05-04T12:14:42.763+0530] {dag.py:3096} INFO - Sync 1 DAGs
[2024-05-04T12:14:42.767+0530] {logging_mixin.py:188} INFO - [2024-05-04T12:14:42.767+0530] {dag.py:3954} INFO - Setting next_dagrun for example_kubernetes_executor to None, run_after=None
[2024-05-04T12:14:42.778+0530] {processor.py:183} INFO - Processing /usr/local/lib/python3.10/dist-packages/airflow/example_dags/example_kubernetes_executor.py took 0.109 seconds
[2024-05-04T12:15:34.174+0530] {processor.py:161} INFO - Started process (PID=9422) to work on /usr/local/lib/python3.10/dist-packages/airflow/example_dags/example_kubernetes_executor.py
[2024-05-04T12:15:34.175+0530] {processor.py:830} INFO - Processing file /usr/local/lib/python3.10/dist-packages/airflow/example_dags/example_kubernetes_executor.py for tasks to queue
[2024-05-04T12:15:34.177+0530] {logging_mixin.py:188} INFO - [2024-05-04T12:15:34.176+0530] {dagbag.py:540} INFO - Filling up the DagBag from /usr/local/lib/python3.10/dist-packages/airflow/example_dags/example_kubernetes_executor.py
[2024-05-04T12:15:34.254+0530] {processor.py:840} INFO - DAG(s) 'example_kubernetes_executor' retrieved from /usr/local/lib/python3.10/dist-packages/airflow/example_dags/example_kubernetes_executor.py
[2024-05-04T12:15:34.260+0530] {logging_mixin.py:188} WARNING - /usr/local/lib/python3.10/dist-packages/airflow/serialization/serialized_objects.py:1673 DeprecationWarning: This module is deprecated. The `cncf.kubernetes` provider before version 7.4.0 uses this module - you should migrate to a newer version of `cncf.kubernetes` to get rid of this warning. If you import the module via `airflow.kubernetes` import, please use `cncf.kubernetes' provider 7.4.0+ and switch all your imports to use `apache.airflow.providers.cncf.kubernetes` to get rid of the warning.
[2024-05-04T12:15:34.264+0530] {logging_mixin.py:188} INFO - [2024-05-04T12:15:34.264+0530] {dag.py:3096} INFO - Sync 1 DAGs
[2024-05-04T12:15:34.268+0530] {logging_mixin.py:188} INFO - [2024-05-04T12:15:34.268+0530] {dag.py:3954} INFO - Setting next_dagrun for example_kubernetes_executor to None, run_after=None
[2024-05-04T12:15:34.278+0530] {processor.py:183} INFO - Processing /usr/local/lib/python3.10/dist-packages/airflow/example_dags/example_kubernetes_executor.py took 0.109 seconds
[2024-05-04T12:16:23.346+0530] {processor.py:161} INFO - Started process (PID=9544) to work on /usr/local/lib/python3.10/dist-packages/airflow/example_dags/example_kubernetes_executor.py
[2024-05-04T12:16:23.347+0530] {processor.py:830} INFO - Processing file /usr/local/lib/python3.10/dist-packages/airflow/example_dags/example_kubernetes_executor.py for tasks to queue
[2024-05-04T12:16:23.349+0530] {logging_mixin.py:188} INFO - [2024-05-04T12:16:23.348+0530] {dagbag.py:540} INFO - Filling up the DagBag from /usr/local/lib/python3.10/dist-packages/airflow/example_dags/example_kubernetes_executor.py
[2024-05-04T12:16:23.426+0530] {processor.py:840} INFO - DAG(s) 'example_kubernetes_executor' retrieved from /usr/local/lib/python3.10/dist-packages/airflow/example_dags/example_kubernetes_executor.py
[2024-05-04T12:16:23.431+0530] {logging_mixin.py:188} WARNING - /usr/local/lib/python3.10/dist-packages/airflow/serialization/serialized_objects.py:1673 DeprecationWarning: This module is deprecated. The `cncf.kubernetes` provider before version 7.4.0 uses this module - you should migrate to a newer version of `cncf.kubernetes` to get rid of this warning. If you import the module via `airflow.kubernetes` import, please use `cncf.kubernetes' provider 7.4.0+ and switch all your imports to use `apache.airflow.providers.cncf.kubernetes` to get rid of the warning.
[2024-05-04T12:16:23.435+0530] {logging_mixin.py:188} INFO - [2024-05-04T12:16:23.435+0530] {dag.py:3096} INFO - Sync 1 DAGs
[2024-05-04T12:16:23.440+0530] {logging_mixin.py:188} INFO - [2024-05-04T12:16:23.440+0530] {dag.py:3954} INFO - Setting next_dagrun for example_kubernetes_executor to None, run_after=None
[2024-05-04T12:16:23.449+0530] {processor.py:183} INFO - Processing /usr/local/lib/python3.10/dist-packages/airflow/example_dags/example_kubernetes_executor.py took 0.108 seconds
[2024-05-04T12:17:14.801+0530] {processor.py:161} INFO - Started process (PID=9841) to work on /usr/local/lib/python3.10/dist-packages/airflow/example_dags/example_kubernetes_executor.py
[2024-05-04T12:17:14.802+0530] {processor.py:830} INFO - Processing file /usr/local/lib/python3.10/dist-packages/airflow/example_dags/example_kubernetes_executor.py for tasks to queue
[2024-05-04T12:17:14.804+0530] {logging_mixin.py:188} INFO - [2024-05-04T12:17:14.804+0530] {dagbag.py:540} INFO - Filling up the DagBag from /usr/local/lib/python3.10/dist-packages/airflow/example_dags/example_kubernetes_executor.py
[2024-05-04T12:17:14.885+0530] {processor.py:840} INFO - DAG(s) 'example_kubernetes_executor' retrieved from /usr/local/lib/python3.10/dist-packages/airflow/example_dags/example_kubernetes_executor.py
[2024-05-04T12:17:14.890+0530] {logging_mixin.py:188} WARNING - /usr/local/lib/python3.10/dist-packages/airflow/serialization/serialized_objects.py:1673 DeprecationWarning: This module is deprecated. The `cncf.kubernetes` provider before version 7.4.0 uses this module - you should migrate to a newer version of `cncf.kubernetes` to get rid of this warning. If you import the module via `airflow.kubernetes` import, please use `cncf.kubernetes' provider 7.4.0+ and switch all your imports to use `apache.airflow.providers.cncf.kubernetes` to get rid of the warning.
[2024-05-04T12:17:14.894+0530] {logging_mixin.py:188} INFO - [2024-05-04T12:17:14.894+0530] {dag.py:3096} INFO - Sync 1 DAGs
[2024-05-04T12:17:14.899+0530] {logging_mixin.py:188} INFO - [2024-05-04T12:17:14.899+0530] {dag.py:3954} INFO - Setting next_dagrun for example_kubernetes_executor to None, run_after=None
[2024-05-04T12:17:14.909+0530] {processor.py:183} INFO - Processing /usr/local/lib/python3.10/dist-packages/airflow/example_dags/example_kubernetes_executor.py took 0.115 seconds
[2024-05-04T12:18:17.610+0530] {processor.py:161} INFO - Started process (PID=10746) to work on /usr/local/lib/python3.10/dist-packages/airflow/example_dags/example_kubernetes_executor.py
[2024-05-04T12:18:17.611+0530] {processor.py:830} INFO - Processing file /usr/local/lib/python3.10/dist-packages/airflow/example_dags/example_kubernetes_executor.py for tasks to queue
[2024-05-04T12:18:17.613+0530] {logging_mixin.py:188} INFO - [2024-05-04T12:18:17.613+0530] {dagbag.py:540} INFO - Filling up the DagBag from /usr/local/lib/python3.10/dist-packages/airflow/example_dags/example_kubernetes_executor.py
[2024-05-04T12:18:17.697+0530] {processor.py:840} INFO - DAG(s) 'example_kubernetes_executor' retrieved from /usr/local/lib/python3.10/dist-packages/airflow/example_dags/example_kubernetes_executor.py
[2024-05-04T12:18:17.703+0530] {logging_mixin.py:188} WARNING - /usr/local/lib/python3.10/dist-packages/airflow/serialization/serialized_objects.py:1673 DeprecationWarning: This module is deprecated. The `cncf.kubernetes` provider before version 7.4.0 uses this module - you should migrate to a newer version of `cncf.kubernetes` to get rid of this warning. If you import the module via `airflow.kubernetes` import, please use `cncf.kubernetes' provider 7.4.0+ and switch all your imports to use `apache.airflow.providers.cncf.kubernetes` to get rid of the warning.
[2024-05-04T12:18:17.707+0530] {logging_mixin.py:188} INFO - [2024-05-04T12:18:17.707+0530] {dag.py:3096} INFO - Sync 1 DAGs
[2024-05-04T12:18:17.712+0530] {logging_mixin.py:188} INFO - [2024-05-04T12:18:17.712+0530] {dag.py:3954} INFO - Setting next_dagrun for example_kubernetes_executor to None, run_after=None
[2024-05-04T12:18:17.723+0530] {processor.py:183} INFO - Processing /usr/local/lib/python3.10/dist-packages/airflow/example_dags/example_kubernetes_executor.py took 0.119 seconds
[2024-05-04T12:19:12.986+0530] {processor.py:161} INFO - Started process (PID=10906) to work on /usr/local/lib/python3.10/dist-packages/airflow/example_dags/example_kubernetes_executor.py
[2024-05-04T12:19:12.986+0530] {processor.py:830} INFO - Processing file /usr/local/lib/python3.10/dist-packages/airflow/example_dags/example_kubernetes_executor.py for tasks to queue
[2024-05-04T12:19:12.987+0530] {logging_mixin.py:188} INFO - [2024-05-04T12:19:12.987+0530] {dagbag.py:540} INFO - Filling up the DagBag from /usr/local/lib/python3.10/dist-packages/airflow/example_dags/example_kubernetes_executor.py
[2024-05-04T12:19:13.060+0530] {processor.py:840} INFO - DAG(s) 'example_kubernetes_executor' retrieved from /usr/local/lib/python3.10/dist-packages/airflow/example_dags/example_kubernetes_executor.py
[2024-05-04T12:19:13.066+0530] {logging_mixin.py:188} WARNING - /usr/local/lib/python3.10/dist-packages/airflow/serialization/serialized_objects.py:1673 DeprecationWarning: This module is deprecated. The `cncf.kubernetes` provider before version 7.4.0 uses this module - you should migrate to a newer version of `cncf.kubernetes` to get rid of this warning. If you import the module via `airflow.kubernetes` import, please use `cncf.kubernetes' provider 7.4.0+ and switch all your imports to use `apache.airflow.providers.cncf.kubernetes` to get rid of the warning.
[2024-05-04T12:19:13.070+0530] {logging_mixin.py:188} INFO - [2024-05-04T12:19:13.070+0530] {dag.py:3096} INFO - Sync 1 DAGs
[2024-05-04T12:19:13.074+0530] {logging_mixin.py:188} INFO - [2024-05-04T12:19:13.074+0530] {dag.py:3954} INFO - Setting next_dagrun for example_kubernetes_executor to None, run_after=None
[2024-05-04T12:19:13.084+0530] {processor.py:183} INFO - Processing /usr/local/lib/python3.10/dist-packages/airflow/example_dags/example_kubernetes_executor.py took 0.103 seconds
[2024-05-04T12:20:03.944+0530] {processor.py:161} INFO - Started process (PID=11063) to work on /usr/local/lib/python3.10/dist-packages/airflow/example_dags/example_kubernetes_executor.py
[2024-05-04T12:20:03.945+0530] {processor.py:830} INFO - Processing file /usr/local/lib/python3.10/dist-packages/airflow/example_dags/example_kubernetes_executor.py for tasks to queue
[2024-05-04T12:20:03.946+0530] {logging_mixin.py:188} INFO - [2024-05-04T12:20:03.946+0530] {dagbag.py:540} INFO - Filling up the DagBag from /usr/local/lib/python3.10/dist-packages/airflow/example_dags/example_kubernetes_executor.py
[2024-05-04T12:20:04.020+0530] {processor.py:840} INFO - DAG(s) 'example_kubernetes_executor' retrieved from /usr/local/lib/python3.10/dist-packages/airflow/example_dags/example_kubernetes_executor.py
[2024-05-04T12:20:04.025+0530] {logging_mixin.py:188} WARNING - /usr/local/lib/python3.10/dist-packages/airflow/serialization/serialized_objects.py:1673 DeprecationWarning: This module is deprecated. The `cncf.kubernetes` provider before version 7.4.0 uses this module - you should migrate to a newer version of `cncf.kubernetes` to get rid of this warning. If you import the module via `airflow.kubernetes` import, please use `cncf.kubernetes' provider 7.4.0+ and switch all your imports to use `apache.airflow.providers.cncf.kubernetes` to get rid of the warning.
[2024-05-04T12:20:04.030+0530] {logging_mixin.py:188} INFO - [2024-05-04T12:20:04.029+0530] {dag.py:3096} INFO - Sync 1 DAGs
[2024-05-04T12:20:04.034+0530] {logging_mixin.py:188} INFO - [2024-05-04T12:20:04.034+0530] {dag.py:3954} INFO - Setting next_dagrun for example_kubernetes_executor to None, run_after=None
[2024-05-04T12:20:04.044+0530] {processor.py:183} INFO - Processing /usr/local/lib/python3.10/dist-packages/airflow/example_dags/example_kubernetes_executor.py took 0.107 seconds
[2024-05-04T12:20:55.972+0530] {processor.py:161} INFO - Started process (PID=11181) to work on /usr/local/lib/python3.10/dist-packages/airflow/example_dags/example_kubernetes_executor.py
[2024-05-04T12:20:55.973+0530] {processor.py:830} INFO - Processing file /usr/local/lib/python3.10/dist-packages/airflow/example_dags/example_kubernetes_executor.py for tasks to queue
[2024-05-04T12:20:55.975+0530] {logging_mixin.py:188} INFO - [2024-05-04T12:20:55.974+0530] {dagbag.py:540} INFO - Filling up the DagBag from /usr/local/lib/python3.10/dist-packages/airflow/example_dags/example_kubernetes_executor.py
[2024-05-04T12:20:56.054+0530] {processor.py:840} INFO - DAG(s) 'example_kubernetes_executor' retrieved from /usr/local/lib/python3.10/dist-packages/airflow/example_dags/example_kubernetes_executor.py
[2024-05-04T12:20:56.060+0530] {logging_mixin.py:188} WARNING - /usr/local/lib/python3.10/dist-packages/airflow/serialization/serialized_objects.py:1673 DeprecationWarning: This module is deprecated. The `cncf.kubernetes` provider before version 7.4.0 uses this module - you should migrate to a newer version of `cncf.kubernetes` to get rid of this warning. If you import the module via `airflow.kubernetes` import, please use `cncf.kubernetes' provider 7.4.0+ and switch all your imports to use `apache.airflow.providers.cncf.kubernetes` to get rid of the warning.
[2024-05-04T12:20:56.064+0530] {logging_mixin.py:188} INFO - [2024-05-04T12:20:56.064+0530] {dag.py:3096} INFO - Sync 1 DAGs
[2024-05-04T12:20:56.068+0530] {logging_mixin.py:188} INFO - [2024-05-04T12:20:56.068+0530] {dag.py:3954} INFO - Setting next_dagrun for example_kubernetes_executor to None, run_after=None
[2024-05-04T12:20:56.078+0530] {processor.py:183} INFO - Processing /usr/local/lib/python3.10/dist-packages/airflow/example_dags/example_kubernetes_executor.py took 0.110 seconds
[2024-05-04T12:21:47.572+0530] {processor.py:161} INFO - Started process (PID=11300) to work on /usr/local/lib/python3.10/dist-packages/airflow/example_dags/example_kubernetes_executor.py
[2024-05-04T12:21:47.573+0530] {processor.py:830} INFO - Processing file /usr/local/lib/python3.10/dist-packages/airflow/example_dags/example_kubernetes_executor.py for tasks to queue
[2024-05-04T12:21:47.573+0530] {logging_mixin.py:188} INFO - [2024-05-04T12:21:47.573+0530] {dagbag.py:540} INFO - Filling up the DagBag from /usr/local/lib/python3.10/dist-packages/airflow/example_dags/example_kubernetes_executor.py
[2024-05-04T12:21:47.647+0530] {processor.py:840} INFO - DAG(s) 'example_kubernetes_executor' retrieved from /usr/local/lib/python3.10/dist-packages/airflow/example_dags/example_kubernetes_executor.py
[2024-05-04T12:21:47.652+0530] {logging_mixin.py:188} WARNING - /usr/local/lib/python3.10/dist-packages/airflow/serialization/serialized_objects.py:1673 DeprecationWarning: This module is deprecated. The `cncf.kubernetes` provider before version 7.4.0 uses this module - you should migrate to a newer version of `cncf.kubernetes` to get rid of this warning. If you import the module via `airflow.kubernetes` import, please use `cncf.kubernetes' provider 7.4.0+ and switch all your imports to use `apache.airflow.providers.cncf.kubernetes` to get rid of the warning.
[2024-05-04T12:21:47.656+0530] {logging_mixin.py:188} INFO - [2024-05-04T12:21:47.656+0530] {dag.py:3096} INFO - Sync 1 DAGs
[2024-05-04T12:21:47.661+0530] {logging_mixin.py:188} INFO - [2024-05-04T12:21:47.661+0530] {dag.py:3954} INFO - Setting next_dagrun for example_kubernetes_executor to None, run_after=None
[2024-05-04T12:21:47.671+0530] {processor.py:183} INFO - Processing /usr/local/lib/python3.10/dist-packages/airflow/example_dags/example_kubernetes_executor.py took 0.103 seconds
[2024-05-04T12:22:39.269+0530] {processor.py:161} INFO - Started process (PID=11420) to work on /usr/local/lib/python3.10/dist-packages/airflow/example_dags/example_kubernetes_executor.py
[2024-05-04T12:22:39.270+0530] {processor.py:830} INFO - Processing file /usr/local/lib/python3.10/dist-packages/airflow/example_dags/example_kubernetes_executor.py for tasks to queue
[2024-05-04T12:22:39.271+0530] {logging_mixin.py:188} INFO - [2024-05-04T12:22:39.271+0530] {dagbag.py:540} INFO - Filling up the DagBag from /usr/local/lib/python3.10/dist-packages/airflow/example_dags/example_kubernetes_executor.py
[2024-05-04T12:22:39.348+0530] {processor.py:840} INFO - DAG(s) 'example_kubernetes_executor' retrieved from /usr/local/lib/python3.10/dist-packages/airflow/example_dags/example_kubernetes_executor.py
[2024-05-04T12:22:39.353+0530] {logging_mixin.py:188} WARNING - /usr/local/lib/python3.10/dist-packages/airflow/serialization/serialized_objects.py:1673 DeprecationWarning: This module is deprecated. The `cncf.kubernetes` provider before version 7.4.0 uses this module - you should migrate to a newer version of `cncf.kubernetes` to get rid of this warning. If you import the module via `airflow.kubernetes` import, please use `cncf.kubernetes' provider 7.4.0+ and switch all your imports to use `apache.airflow.providers.cncf.kubernetes` to get rid of the warning.
[2024-05-04T12:22:39.357+0530] {logging_mixin.py:188} INFO - [2024-05-04T12:22:39.357+0530] {dag.py:3096} INFO - Sync 1 DAGs
[2024-05-04T12:22:39.361+0530] {logging_mixin.py:188} INFO - [2024-05-04T12:22:39.361+0530] {dag.py:3954} INFO - Setting next_dagrun for example_kubernetes_executor to None, run_after=None
[2024-05-04T12:22:39.371+0530] {processor.py:183} INFO - Processing /usr/local/lib/python3.10/dist-packages/airflow/example_dags/example_kubernetes_executor.py took 0.107 seconds
[2024-05-04T12:23:30.821+0530] {processor.py:161} INFO - Started process (PID=11549) to work on /usr/local/lib/python3.10/dist-packages/airflow/example_dags/example_kubernetes_executor.py
[2024-05-04T12:23:30.822+0530] {processor.py:830} INFO - Processing file /usr/local/lib/python3.10/dist-packages/airflow/example_dags/example_kubernetes_executor.py for tasks to queue
[2024-05-04T12:23:30.823+0530] {logging_mixin.py:188} INFO - [2024-05-04T12:23:30.823+0530] {dagbag.py:540} INFO - Filling up the DagBag from /usr/local/lib/python3.10/dist-packages/airflow/example_dags/example_kubernetes_executor.py
[2024-05-04T12:23:30.901+0530] {processor.py:840} INFO - DAG(s) 'example_kubernetes_executor' retrieved from /usr/local/lib/python3.10/dist-packages/airflow/example_dags/example_kubernetes_executor.py
[2024-05-04T12:23:30.907+0530] {logging_mixin.py:188} WARNING - /usr/local/lib/python3.10/dist-packages/airflow/serialization/serialized_objects.py:1673 DeprecationWarning: This module is deprecated. The `cncf.kubernetes` provider before version 7.4.0 uses this module - you should migrate to a newer version of `cncf.kubernetes` to get rid of this warning. If you import the module via `airflow.kubernetes` import, please use `cncf.kubernetes' provider 7.4.0+ and switch all your imports to use `apache.airflow.providers.cncf.kubernetes` to get rid of the warning.
[2024-05-04T12:23:30.913+0530] {logging_mixin.py:188} INFO - [2024-05-04T12:23:30.913+0530] {dag.py:3096} INFO - Sync 1 DAGs
[2024-05-04T12:23:30.918+0530] {logging_mixin.py:188} INFO - [2024-05-04T12:23:30.918+0530] {dag.py:3954} INFO - Setting next_dagrun for example_kubernetes_executor to None, run_after=None
[2024-05-04T12:23:30.930+0530] {processor.py:183} INFO - Processing /usr/local/lib/python3.10/dist-packages/airflow/example_dags/example_kubernetes_executor.py took 0.114 seconds
[2024-05-04T12:24:21.199+0530] {processor.py:161} INFO - Started process (PID=11740) to work on /usr/local/lib/python3.10/dist-packages/airflow/example_dags/example_kubernetes_executor.py
[2024-05-04T12:24:21.200+0530] {processor.py:830} INFO - Processing file /usr/local/lib/python3.10/dist-packages/airflow/example_dags/example_kubernetes_executor.py for tasks to queue
[2024-05-04T12:24:21.201+0530] {logging_mixin.py:188} INFO - [2024-05-04T12:24:21.200+0530] {dagbag.py:540} INFO - Filling up the DagBag from /usr/local/lib/python3.10/dist-packages/airflow/example_dags/example_kubernetes_executor.py
[2024-05-04T12:24:21.281+0530] {processor.py:840} INFO - DAG(s) 'example_kubernetes_executor' retrieved from /usr/local/lib/python3.10/dist-packages/airflow/example_dags/example_kubernetes_executor.py
[2024-05-04T12:24:21.287+0530] {logging_mixin.py:188} WARNING - /usr/local/lib/python3.10/dist-packages/airflow/serialization/serialized_objects.py:1673 DeprecationWarning: This module is deprecated. The `cncf.kubernetes` provider before version 7.4.0 uses this module - you should migrate to a newer version of `cncf.kubernetes` to get rid of this warning. If you import the module via `airflow.kubernetes` import, please use `cncf.kubernetes' provider 7.4.0+ and switch all your imports to use `apache.airflow.providers.cncf.kubernetes` to get rid of the warning.
[2024-05-04T12:24:21.291+0530] {logging_mixin.py:188} INFO - [2024-05-04T12:24:21.291+0530] {dag.py:3096} INFO - Sync 1 DAGs
[2024-05-04T12:24:21.296+0530] {logging_mixin.py:188} INFO - [2024-05-04T12:24:21.296+0530] {dag.py:3954} INFO - Setting next_dagrun for example_kubernetes_executor to None, run_after=None
[2024-05-04T12:24:21.307+0530] {processor.py:183} INFO - Processing /usr/local/lib/python3.10/dist-packages/airflow/example_dags/example_kubernetes_executor.py took 0.114 seconds
[2024-05-04T12:25:10.996+0530] {processor.py:161} INFO - Started process (PID=11926) to work on /usr/local/lib/python3.10/dist-packages/airflow/example_dags/example_kubernetes_executor.py
[2024-05-04T12:25:10.996+0530] {processor.py:830} INFO - Processing file /usr/local/lib/python3.10/dist-packages/airflow/example_dags/example_kubernetes_executor.py for tasks to queue
[2024-05-04T12:25:10.997+0530] {logging_mixin.py:188} INFO - [2024-05-04T12:25:10.997+0530] {dagbag.py:540} INFO - Filling up the DagBag from /usr/local/lib/python3.10/dist-packages/airflow/example_dags/example_kubernetes_executor.py
[2024-05-04T12:25:11.073+0530] {processor.py:840} INFO - DAG(s) 'example_kubernetes_executor' retrieved from /usr/local/lib/python3.10/dist-packages/airflow/example_dags/example_kubernetes_executor.py
[2024-05-04T12:25:11.078+0530] {logging_mixin.py:188} WARNING - /usr/local/lib/python3.10/dist-packages/airflow/serialization/serialized_objects.py:1673 DeprecationWarning: This module is deprecated. The `cncf.kubernetes` provider before version 7.4.0 uses this module - you should migrate to a newer version of `cncf.kubernetes` to get rid of this warning. If you import the module via `airflow.kubernetes` import, please use `cncf.kubernetes' provider 7.4.0+ and switch all your imports to use `apache.airflow.providers.cncf.kubernetes` to get rid of the warning.
[2024-05-04T12:25:11.082+0530] {logging_mixin.py:188} INFO - [2024-05-04T12:25:11.082+0530] {dag.py:3096} INFO - Sync 1 DAGs
[2024-05-04T12:25:11.087+0530] {logging_mixin.py:188} INFO - [2024-05-04T12:25:11.087+0530] {dag.py:3954} INFO - Setting next_dagrun for example_kubernetes_executor to None, run_after=None
[2024-05-04T12:25:11.097+0530] {processor.py:183} INFO - Processing /usr/local/lib/python3.10/dist-packages/airflow/example_dags/example_kubernetes_executor.py took 0.105 seconds
[2024-05-04T12:26:01.478+0530] {processor.py:161} INFO - Started process (PID=12055) to work on /usr/local/lib/python3.10/dist-packages/airflow/example_dags/example_kubernetes_executor.py
[2024-05-04T12:26:01.478+0530] {processor.py:830} INFO - Processing file /usr/local/lib/python3.10/dist-packages/airflow/example_dags/example_kubernetes_executor.py for tasks to queue
[2024-05-04T12:26:01.479+0530] {logging_mixin.py:188} INFO - [2024-05-04T12:26:01.479+0530] {dagbag.py:540} INFO - Filling up the DagBag from /usr/local/lib/python3.10/dist-packages/airflow/example_dags/example_kubernetes_executor.py
[2024-05-04T12:26:01.554+0530] {processor.py:840} INFO - DAG(s) 'example_kubernetes_executor' retrieved from /usr/local/lib/python3.10/dist-packages/airflow/example_dags/example_kubernetes_executor.py
[2024-05-04T12:26:01.560+0530] {logging_mixin.py:188} WARNING - /usr/local/lib/python3.10/dist-packages/airflow/serialization/serialized_objects.py:1673 DeprecationWarning: This module is deprecated. The `cncf.kubernetes` provider before version 7.4.0 uses this module - you should migrate to a newer version of `cncf.kubernetes` to get rid of this warning. If you import the module via `airflow.kubernetes` import, please use `cncf.kubernetes' provider 7.4.0+ and switch all your imports to use `apache.airflow.providers.cncf.kubernetes` to get rid of the warning.
[2024-05-04T12:26:01.564+0530] {logging_mixin.py:188} INFO - [2024-05-04T12:26:01.564+0530] {dag.py:3096} INFO - Sync 1 DAGs
[2024-05-04T12:26:01.568+0530] {logging_mixin.py:188} INFO - [2024-05-04T12:26:01.568+0530] {dag.py:3954} INFO - Setting next_dagrun for example_kubernetes_executor to None, run_after=None
[2024-05-04T12:26:01.578+0530] {processor.py:183} INFO - Processing /usr/local/lib/python3.10/dist-packages/airflow/example_dags/example_kubernetes_executor.py took 0.103 seconds
[2024-05-04T12:26:53.197+0530] {processor.py:161} INFO - Started process (PID=12181) to work on /usr/local/lib/python3.10/dist-packages/airflow/example_dags/example_kubernetes_executor.py
[2024-05-04T12:26:53.198+0530] {processor.py:830} INFO - Processing file /usr/local/lib/python3.10/dist-packages/airflow/example_dags/example_kubernetes_executor.py for tasks to queue
[2024-05-04T12:26:53.200+0530] {logging_mixin.py:188} INFO - [2024-05-04T12:26:53.199+0530] {dagbag.py:540} INFO - Filling up the DagBag from /usr/local/lib/python3.10/dist-packages/airflow/example_dags/example_kubernetes_executor.py
[2024-05-04T12:26:53.278+0530] {processor.py:840} INFO - DAG(s) 'example_kubernetes_executor' retrieved from /usr/local/lib/python3.10/dist-packages/airflow/example_dags/example_kubernetes_executor.py
[2024-05-04T12:26:53.283+0530] {logging_mixin.py:188} WARNING - /usr/local/lib/python3.10/dist-packages/airflow/serialization/serialized_objects.py:1673 DeprecationWarning: This module is deprecated. The `cncf.kubernetes` provider before version 7.4.0 uses this module - you should migrate to a newer version of `cncf.kubernetes` to get rid of this warning. If you import the module via `airflow.kubernetes` import, please use `cncf.kubernetes' provider 7.4.0+ and switch all your imports to use `apache.airflow.providers.cncf.kubernetes` to get rid of the warning.
[2024-05-04T12:26:53.287+0530] {logging_mixin.py:188} INFO - [2024-05-04T12:26:53.287+0530] {dag.py:3096} INFO - Sync 1 DAGs
[2024-05-04T12:26:53.292+0530] {logging_mixin.py:188} INFO - [2024-05-04T12:26:53.292+0530] {dag.py:3954} INFO - Setting next_dagrun for example_kubernetes_executor to None, run_after=None
[2024-05-04T12:26:53.302+0530] {processor.py:183} INFO - Processing /usr/local/lib/python3.10/dist-packages/airflow/example_dags/example_kubernetes_executor.py took 0.108 seconds
[2024-05-04T12:27:44.786+0530] {processor.py:161} INFO - Started process (PID=12304) to work on /usr/local/lib/python3.10/dist-packages/airflow/example_dags/example_kubernetes_executor.py
[2024-05-04T12:27:44.787+0530] {processor.py:830} INFO - Processing file /usr/local/lib/python3.10/dist-packages/airflow/example_dags/example_kubernetes_executor.py for tasks to queue
[2024-05-04T12:27:44.787+0530] {logging_mixin.py:188} INFO - [2024-05-04T12:27:44.787+0530] {dagbag.py:540} INFO - Filling up the DagBag from /usr/local/lib/python3.10/dist-packages/airflow/example_dags/example_kubernetes_executor.py
[2024-05-04T12:27:44.863+0530] {processor.py:840} INFO - DAG(s) 'example_kubernetes_executor' retrieved from /usr/local/lib/python3.10/dist-packages/airflow/example_dags/example_kubernetes_executor.py
[2024-05-04T12:27:44.868+0530] {logging_mixin.py:188} WARNING - /usr/local/lib/python3.10/dist-packages/airflow/serialization/serialized_objects.py:1673 DeprecationWarning: This module is deprecated. The `cncf.kubernetes` provider before version 7.4.0 uses this module - you should migrate to a newer version of `cncf.kubernetes` to get rid of this warning. If you import the module via `airflow.kubernetes` import, please use `cncf.kubernetes' provider 7.4.0+ and switch all your imports to use `apache.airflow.providers.cncf.kubernetes` to get rid of the warning.
[2024-05-04T12:27:44.872+0530] {logging_mixin.py:188} INFO - [2024-05-04T12:27:44.872+0530] {dag.py:3096} INFO - Sync 1 DAGs
[2024-05-04T12:27:44.876+0530] {logging_mixin.py:188} INFO - [2024-05-04T12:27:44.876+0530] {dag.py:3954} INFO - Setting next_dagrun for example_kubernetes_executor to None, run_after=None
[2024-05-04T12:27:44.887+0530] {processor.py:183} INFO - Processing /usr/local/lib/python3.10/dist-packages/airflow/example_dags/example_kubernetes_executor.py took 0.106 seconds
[2024-05-04T12:28:33.480+0530] {processor.py:161} INFO - Started process (PID=12426) to work on /usr/local/lib/python3.10/dist-packages/airflow/example_dags/example_kubernetes_executor.py
[2024-05-04T12:28:33.480+0530] {processor.py:830} INFO - Processing file /usr/local/lib/python3.10/dist-packages/airflow/example_dags/example_kubernetes_executor.py for tasks to queue
[2024-05-04T12:28:33.482+0530] {logging_mixin.py:188} INFO - [2024-05-04T12:28:33.482+0530] {dagbag.py:540} INFO - Filling up the DagBag from /usr/local/lib/python3.10/dist-packages/airflow/example_dags/example_kubernetes_executor.py
[2024-05-04T12:28:33.571+0530] {processor.py:840} INFO - DAG(s) 'example_kubernetes_executor' retrieved from /usr/local/lib/python3.10/dist-packages/airflow/example_dags/example_kubernetes_executor.py
[2024-05-04T12:28:33.577+0530] {logging_mixin.py:188} WARNING - /usr/local/lib/python3.10/dist-packages/airflow/serialization/serialized_objects.py:1673 DeprecationWarning: This module is deprecated. The `cncf.kubernetes` provider before version 7.4.0 uses this module - you should migrate to a newer version of `cncf.kubernetes` to get rid of this warning. If you import the module via `airflow.kubernetes` import, please use `cncf.kubernetes' provider 7.4.0+ and switch all your imports to use `apache.airflow.providers.cncf.kubernetes` to get rid of the warning.
[2024-05-04T12:28:33.581+0530] {logging_mixin.py:188} INFO - [2024-05-04T12:28:33.581+0530] {dag.py:3096} INFO - Sync 1 DAGs
[2024-05-04T12:28:33.586+0530] {logging_mixin.py:188} INFO - [2024-05-04T12:28:33.585+0530] {dag.py:3954} INFO - Setting next_dagrun for example_kubernetes_executor to None, run_after=None
[2024-05-04T12:28:33.595+0530] {processor.py:183} INFO - Processing /usr/local/lib/python3.10/dist-packages/airflow/example_dags/example_kubernetes_executor.py took 0.121 seconds
[2024-05-04T12:29:21.064+0530] {processor.py:161} INFO - Started process (PID=12545) to work on /usr/local/lib/python3.10/dist-packages/airflow/example_dags/example_kubernetes_executor.py
[2024-05-04T12:29:21.065+0530] {processor.py:830} INFO - Processing file /usr/local/lib/python3.10/dist-packages/airflow/example_dags/example_kubernetes_executor.py for tasks to queue
[2024-05-04T12:29:21.066+0530] {logging_mixin.py:188} INFO - [2024-05-04T12:29:21.065+0530] {dagbag.py:540} INFO - Filling up the DagBag from /usr/local/lib/python3.10/dist-packages/airflow/example_dags/example_kubernetes_executor.py
[2024-05-04T12:29:21.147+0530] {processor.py:840} INFO - DAG(s) 'example_kubernetes_executor' retrieved from /usr/local/lib/python3.10/dist-packages/airflow/example_dags/example_kubernetes_executor.py
[2024-05-04T12:29:21.152+0530] {logging_mixin.py:188} WARNING - /usr/local/lib/python3.10/dist-packages/airflow/serialization/serialized_objects.py:1673 DeprecationWarning: This module is deprecated. The `cncf.kubernetes` provider before version 7.4.0 uses this module - you should migrate to a newer version of `cncf.kubernetes` to get rid of this warning. If you import the module via `airflow.kubernetes` import, please use `cncf.kubernetes' provider 7.4.0+ and switch all your imports to use `apache.airflow.providers.cncf.kubernetes` to get rid of the warning.
[2024-05-04T12:29:21.156+0530] {logging_mixin.py:188} INFO - [2024-05-04T12:29:21.156+0530] {dag.py:3096} INFO - Sync 1 DAGs
[2024-05-04T12:29:21.161+0530] {logging_mixin.py:188} INFO - [2024-05-04T12:29:21.161+0530] {dag.py:3954} INFO - Setting next_dagrun for example_kubernetes_executor to None, run_after=None
[2024-05-04T12:29:21.171+0530] {processor.py:183} INFO - Processing /usr/local/lib/python3.10/dist-packages/airflow/example_dags/example_kubernetes_executor.py took 0.111 seconds
[2024-05-04T12:30:09.236+0530] {processor.py:161} INFO - Started process (PID=12697) to work on /usr/local/lib/python3.10/dist-packages/airflow/example_dags/example_kubernetes_executor.py
[2024-05-04T12:30:09.237+0530] {processor.py:830} INFO - Processing file /usr/local/lib/python3.10/dist-packages/airflow/example_dags/example_kubernetes_executor.py for tasks to queue
[2024-05-04T12:30:09.238+0530] {logging_mixin.py:188} INFO - [2024-05-04T12:30:09.238+0530] {dagbag.py:540} INFO - Filling up the DagBag from /usr/local/lib/python3.10/dist-packages/airflow/example_dags/example_kubernetes_executor.py
[2024-05-04T12:30:09.319+0530] {processor.py:840} INFO - DAG(s) 'example_kubernetes_executor' retrieved from /usr/local/lib/python3.10/dist-packages/airflow/example_dags/example_kubernetes_executor.py
[2024-05-04T12:30:09.324+0530] {logging_mixin.py:188} WARNING - /usr/local/lib/python3.10/dist-packages/airflow/serialization/serialized_objects.py:1673 DeprecationWarning: This module is deprecated. The `cncf.kubernetes` provider before version 7.4.0 uses this module - you should migrate to a newer version of `cncf.kubernetes` to get rid of this warning. If you import the module via `airflow.kubernetes` import, please use `cncf.kubernetes' provider 7.4.0+ and switch all your imports to use `apache.airflow.providers.cncf.kubernetes` to get rid of the warning.
[2024-05-04T12:30:09.328+0530] {logging_mixin.py:188} INFO - [2024-05-04T12:30:09.328+0530] {dag.py:3096} INFO - Sync 1 DAGs
[2024-05-04T12:30:09.333+0530] {logging_mixin.py:188} INFO - [2024-05-04T12:30:09.333+0530] {dag.py:3954} INFO - Setting next_dagrun for example_kubernetes_executor to None, run_after=None
[2024-05-04T12:30:09.343+0530] {processor.py:183} INFO - Processing /usr/local/lib/python3.10/dist-packages/airflow/example_dags/example_kubernetes_executor.py took 0.112 seconds
[2024-05-04T12:30:59.448+0530] {processor.py:161} INFO - Started process (PID=12848) to work on /usr/local/lib/python3.10/dist-packages/airflow/example_dags/example_kubernetes_executor.py
[2024-05-04T12:30:59.449+0530] {processor.py:830} INFO - Processing file /usr/local/lib/python3.10/dist-packages/airflow/example_dags/example_kubernetes_executor.py for tasks to queue
[2024-05-04T12:30:59.450+0530] {logging_mixin.py:188} INFO - [2024-05-04T12:30:59.450+0530] {dagbag.py:540} INFO - Filling up the DagBag from /usr/local/lib/python3.10/dist-packages/airflow/example_dags/example_kubernetes_executor.py
[2024-05-04T12:30:59.525+0530] {processor.py:840} INFO - DAG(s) 'example_kubernetes_executor' retrieved from /usr/local/lib/python3.10/dist-packages/airflow/example_dags/example_kubernetes_executor.py
[2024-05-04T12:30:59.531+0530] {logging_mixin.py:188} WARNING - /usr/local/lib/python3.10/dist-packages/airflow/serialization/serialized_objects.py:1673 DeprecationWarning: This module is deprecated. The `cncf.kubernetes` provider before version 7.4.0 uses this module - you should migrate to a newer version of `cncf.kubernetes` to get rid of this warning. If you import the module via `airflow.kubernetes` import, please use `cncf.kubernetes' provider 7.4.0+ and switch all your imports to use `apache.airflow.providers.cncf.kubernetes` to get rid of the warning.
[2024-05-04T12:30:59.535+0530] {logging_mixin.py:188} INFO - [2024-05-04T12:30:59.534+0530] {dag.py:3096} INFO - Sync 1 DAGs
[2024-05-04T12:30:59.539+0530] {logging_mixin.py:188} INFO - [2024-05-04T12:30:59.539+0530] {dag.py:3954} INFO - Setting next_dagrun for example_kubernetes_executor to None, run_after=None
[2024-05-04T12:30:59.549+0530] {processor.py:183} INFO - Processing /usr/local/lib/python3.10/dist-packages/airflow/example_dags/example_kubernetes_executor.py took 0.108 seconds
[2024-05-04T12:31:53.207+0530] {processor.py:161} INFO - Started process (PID=12974) to work on /usr/local/lib/python3.10/dist-packages/airflow/example_dags/example_kubernetes_executor.py
[2024-05-04T12:31:53.208+0530] {processor.py:830} INFO - Processing file /usr/local/lib/python3.10/dist-packages/airflow/example_dags/example_kubernetes_executor.py for tasks to queue
[2024-05-04T12:31:53.210+0530] {logging_mixin.py:188} INFO - [2024-05-04T12:31:53.209+0530] {dagbag.py:540} INFO - Filling up the DagBag from /usr/local/lib/python3.10/dist-packages/airflow/example_dags/example_kubernetes_executor.py
[2024-05-04T12:31:53.287+0530] {processor.py:840} INFO - DAG(s) 'example_kubernetes_executor' retrieved from /usr/local/lib/python3.10/dist-packages/airflow/example_dags/example_kubernetes_executor.py
[2024-05-04T12:31:53.293+0530] {logging_mixin.py:188} WARNING - /usr/local/lib/python3.10/dist-packages/airflow/serialization/serialized_objects.py:1673 DeprecationWarning: This module is deprecated. The `cncf.kubernetes` provider before version 7.4.0 uses this module - you should migrate to a newer version of `cncf.kubernetes` to get rid of this warning. If you import the module via `airflow.kubernetes` import, please use `cncf.kubernetes' provider 7.4.0+ and switch all your imports to use `apache.airflow.providers.cncf.kubernetes` to get rid of the warning.
[2024-05-04T12:31:53.297+0530] {logging_mixin.py:188} INFO - [2024-05-04T12:31:53.297+0530] {dag.py:3096} INFO - Sync 1 DAGs
[2024-05-04T12:31:53.301+0530] {logging_mixin.py:188} INFO - [2024-05-04T12:31:53.301+0530] {dag.py:3954} INFO - Setting next_dagrun for example_kubernetes_executor to None, run_after=None
[2024-05-04T12:31:53.311+0530] {processor.py:183} INFO - Processing /usr/local/lib/python3.10/dist-packages/airflow/example_dags/example_kubernetes_executor.py took 0.111 seconds
[2024-05-04T12:32:41.792+0530] {processor.py:161} INFO - Started process (PID=13100) to work on /usr/local/lib/python3.10/dist-packages/airflow/example_dags/example_kubernetes_executor.py
[2024-05-04T12:32:41.793+0530] {processor.py:830} INFO - Processing file /usr/local/lib/python3.10/dist-packages/airflow/example_dags/example_kubernetes_executor.py for tasks to queue
[2024-05-04T12:32:41.794+0530] {logging_mixin.py:188} INFO - [2024-05-04T12:32:41.794+0530] {dagbag.py:540} INFO - Filling up the DagBag from /usr/local/lib/python3.10/dist-packages/airflow/example_dags/example_kubernetes_executor.py
[2024-05-04T12:32:41.869+0530] {processor.py:840} INFO - DAG(s) 'example_kubernetes_executor' retrieved from /usr/local/lib/python3.10/dist-packages/airflow/example_dags/example_kubernetes_executor.py
[2024-05-04T12:32:41.874+0530] {logging_mixin.py:188} WARNING - /usr/local/lib/python3.10/dist-packages/airflow/serialization/serialized_objects.py:1673 DeprecationWarning: This module is deprecated. The `cncf.kubernetes` provider before version 7.4.0 uses this module - you should migrate to a newer version of `cncf.kubernetes` to get rid of this warning. If you import the module via `airflow.kubernetes` import, please use `cncf.kubernetes' provider 7.4.0+ and switch all your imports to use `apache.airflow.providers.cncf.kubernetes` to get rid of the warning.
[2024-05-04T12:32:41.878+0530] {logging_mixin.py:188} INFO - [2024-05-04T12:32:41.878+0530] {dag.py:3096} INFO - Sync 1 DAGs
[2024-05-04T12:32:41.926+0530] {logging_mixin.py:188} INFO - [2024-05-04T12:32:41.926+0530] {dag.py:3954} INFO - Setting next_dagrun for example_kubernetes_executor to None, run_after=None
[2024-05-04T12:32:41.936+0530] {processor.py:183} INFO - Processing /usr/local/lib/python3.10/dist-packages/airflow/example_dags/example_kubernetes_executor.py took 0.150 seconds
[2024-05-04T12:33:33.919+0530] {processor.py:161} INFO - Started process (PID=13266) to work on /usr/local/lib/python3.10/dist-packages/airflow/example_dags/example_kubernetes_executor.py
[2024-05-04T12:33:33.920+0530] {processor.py:830} INFO - Processing file /usr/local/lib/python3.10/dist-packages/airflow/example_dags/example_kubernetes_executor.py for tasks to queue
[2024-05-04T12:33:33.922+0530] {logging_mixin.py:188} INFO - [2024-05-04T12:33:33.921+0530] {dagbag.py:540} INFO - Filling up the DagBag from /usr/local/lib/python3.10/dist-packages/airflow/example_dags/example_kubernetes_executor.py
[2024-05-04T12:33:34.001+0530] {processor.py:840} INFO - DAG(s) 'example_kubernetes_executor' retrieved from /usr/local/lib/python3.10/dist-packages/airflow/example_dags/example_kubernetes_executor.py
[2024-05-04T12:33:34.007+0530] {logging_mixin.py:188} WARNING - /usr/local/lib/python3.10/dist-packages/airflow/serialization/serialized_objects.py:1673 DeprecationWarning: This module is deprecated. The `cncf.kubernetes` provider before version 7.4.0 uses this module - you should migrate to a newer version of `cncf.kubernetes` to get rid of this warning. If you import the module via `airflow.kubernetes` import, please use `cncf.kubernetes' provider 7.4.0+ and switch all your imports to use `apache.airflow.providers.cncf.kubernetes` to get rid of the warning.
[2024-05-04T12:33:34.011+0530] {logging_mixin.py:188} INFO - [2024-05-04T12:33:34.011+0530] {dag.py:3096} INFO - Sync 1 DAGs
[2024-05-04T12:33:34.016+0530] {logging_mixin.py:188} INFO - [2024-05-04T12:33:34.016+0530] {dag.py:3954} INFO - Setting next_dagrun for example_kubernetes_executor to None, run_after=None
[2024-05-04T12:33:34.027+0530] {processor.py:183} INFO - Processing /usr/local/lib/python3.10/dist-packages/airflow/example_dags/example_kubernetes_executor.py took 0.115 seconds
[2024-05-04T12:34:27.644+0530] {processor.py:161} INFO - Started process (PID=13422) to work on /usr/local/lib/python3.10/dist-packages/airflow/example_dags/example_kubernetes_executor.py
[2024-05-04T12:34:27.645+0530] {processor.py:830} INFO - Processing file /usr/local/lib/python3.10/dist-packages/airflow/example_dags/example_kubernetes_executor.py for tasks to queue
[2024-05-04T12:34:27.647+0530] {logging_mixin.py:188} INFO - [2024-05-04T12:34:27.647+0530] {dagbag.py:540} INFO - Filling up the DagBag from /usr/local/lib/python3.10/dist-packages/airflow/example_dags/example_kubernetes_executor.py
[2024-05-04T12:34:27.724+0530] {processor.py:840} INFO - DAG(s) 'example_kubernetes_executor' retrieved from /usr/local/lib/python3.10/dist-packages/airflow/example_dags/example_kubernetes_executor.py
[2024-05-04T12:34:27.730+0530] {logging_mixin.py:188} WARNING - /usr/local/lib/python3.10/dist-packages/airflow/serialization/serialized_objects.py:1673 DeprecationWarning: This module is deprecated. The `cncf.kubernetes` provider before version 7.4.0 uses this module - you should migrate to a newer version of `cncf.kubernetes` to get rid of this warning. If you import the module via `airflow.kubernetes` import, please use `cncf.kubernetes' provider 7.4.0+ and switch all your imports to use `apache.airflow.providers.cncf.kubernetes` to get rid of the warning.
[2024-05-04T12:34:27.734+0530] {logging_mixin.py:188} INFO - [2024-05-04T12:34:27.734+0530] {dag.py:3096} INFO - Sync 1 DAGs
[2024-05-04T12:34:27.738+0530] {logging_mixin.py:188} INFO - [2024-05-04T12:34:27.738+0530] {dag.py:3954} INFO - Setting next_dagrun for example_kubernetes_executor to None, run_after=None
[2024-05-04T12:34:27.748+0530] {processor.py:183} INFO - Processing /usr/local/lib/python3.10/dist-packages/airflow/example_dags/example_kubernetes_executor.py took 0.112 seconds
[2024-05-04T12:35:19.094+0530] {processor.py:161} INFO - Started process (PID=13609) to work on /usr/local/lib/python3.10/dist-packages/airflow/example_dags/example_kubernetes_executor.py
[2024-05-04T12:35:19.094+0530] {processor.py:830} INFO - Processing file /usr/local/lib/python3.10/dist-packages/airflow/example_dags/example_kubernetes_executor.py for tasks to queue
[2024-05-04T12:35:19.096+0530] {logging_mixin.py:188} INFO - [2024-05-04T12:35:19.096+0530] {dagbag.py:540} INFO - Filling up the DagBag from /usr/local/lib/python3.10/dist-packages/airflow/example_dags/example_kubernetes_executor.py
[2024-05-04T12:35:19.174+0530] {processor.py:840} INFO - DAG(s) 'example_kubernetes_executor' retrieved from /usr/local/lib/python3.10/dist-packages/airflow/example_dags/example_kubernetes_executor.py
[2024-05-04T12:35:19.225+0530] {logging_mixin.py:188} WARNING - /usr/local/lib/python3.10/dist-packages/airflow/serialization/serialized_objects.py:1673 DeprecationWarning: This module is deprecated. The `cncf.kubernetes` provider before version 7.4.0 uses this module - you should migrate to a newer version of `cncf.kubernetes` to get rid of this warning. If you import the module via `airflow.kubernetes` import, please use `cncf.kubernetes' provider 7.4.0+ and switch all your imports to use `apache.airflow.providers.cncf.kubernetes` to get rid of the warning.
[2024-05-04T12:35:19.229+0530] {logging_mixin.py:188} INFO - [2024-05-04T12:35:19.229+0530] {dag.py:3096} INFO - Sync 1 DAGs
[2024-05-04T12:35:19.233+0530] {logging_mixin.py:188} INFO - [2024-05-04T12:35:19.233+0530] {dag.py:3954} INFO - Setting next_dagrun for example_kubernetes_executor to None, run_after=None
[2024-05-04T12:35:19.242+0530] {processor.py:183} INFO - Processing /usr/local/lib/python3.10/dist-packages/airflow/example_dags/example_kubernetes_executor.py took 0.152 seconds
[2024-05-04T12:36:09.528+0530] {processor.py:161} INFO - Started process (PID=13731) to work on /usr/local/lib/python3.10/dist-packages/airflow/example_dags/example_kubernetes_executor.py
[2024-05-04T12:36:09.528+0530] {processor.py:830} INFO - Processing file /usr/local/lib/python3.10/dist-packages/airflow/example_dags/example_kubernetes_executor.py for tasks to queue
[2024-05-04T12:36:09.529+0530] {logging_mixin.py:188} INFO - [2024-05-04T12:36:09.529+0530] {dagbag.py:540} INFO - Filling up the DagBag from /usr/local/lib/python3.10/dist-packages/airflow/example_dags/example_kubernetes_executor.py
[2024-05-04T12:36:09.603+0530] {processor.py:840} INFO - DAG(s) 'example_kubernetes_executor' retrieved from /usr/local/lib/python3.10/dist-packages/airflow/example_dags/example_kubernetes_executor.py
[2024-05-04T12:36:09.608+0530] {logging_mixin.py:188} WARNING - /usr/local/lib/python3.10/dist-packages/airflow/serialization/serialized_objects.py:1673 DeprecationWarning: This module is deprecated. The `cncf.kubernetes` provider before version 7.4.0 uses this module - you should migrate to a newer version of `cncf.kubernetes` to get rid of this warning. If you import the module via `airflow.kubernetes` import, please use `cncf.kubernetes' provider 7.4.0+ and switch all your imports to use `apache.airflow.providers.cncf.kubernetes` to get rid of the warning.
[2024-05-04T12:36:09.613+0530] {logging_mixin.py:188} INFO - [2024-05-04T12:36:09.612+0530] {dag.py:3096} INFO - Sync 1 DAGs
[2024-05-04T12:36:09.663+0530] {logging_mixin.py:188} INFO - [2024-05-04T12:36:09.663+0530] {dag.py:3954} INFO - Setting next_dagrun for example_kubernetes_executor to None, run_after=None
[2024-05-04T12:36:09.673+0530] {processor.py:183} INFO - Processing /usr/local/lib/python3.10/dist-packages/airflow/example_dags/example_kubernetes_executor.py took 0.150 seconds
[2024-05-04T12:36:59.005+0530] {processor.py:161} INFO - Started process (PID=13849) to work on /usr/local/lib/python3.10/dist-packages/airflow/example_dags/example_kubernetes_executor.py
[2024-05-04T12:36:59.005+0530] {processor.py:830} INFO - Processing file /usr/local/lib/python3.10/dist-packages/airflow/example_dags/example_kubernetes_executor.py for tasks to queue
[2024-05-04T12:36:59.006+0530] {logging_mixin.py:188} INFO - [2024-05-04T12:36:59.006+0530] {dagbag.py:540} INFO - Filling up the DagBag from /usr/local/lib/python3.10/dist-packages/airflow/example_dags/example_kubernetes_executor.py
[2024-05-04T12:36:59.093+0530] {processor.py:840} INFO - DAG(s) 'example_kubernetes_executor' retrieved from /usr/local/lib/python3.10/dist-packages/airflow/example_dags/example_kubernetes_executor.py
[2024-05-04T12:36:59.098+0530] {logging_mixin.py:188} WARNING - /usr/local/lib/python3.10/dist-packages/airflow/serialization/serialized_objects.py:1673 DeprecationWarning: This module is deprecated. The `cncf.kubernetes` provider before version 7.4.0 uses this module - you should migrate to a newer version of `cncf.kubernetes` to get rid of this warning. If you import the module via `airflow.kubernetes` import, please use `cncf.kubernetes' provider 7.4.0+ and switch all your imports to use `apache.airflow.providers.cncf.kubernetes` to get rid of the warning.
[2024-05-04T12:36:59.102+0530] {logging_mixin.py:188} INFO - [2024-05-04T12:36:59.102+0530] {dag.py:3096} INFO - Sync 1 DAGs
[2024-05-04T12:36:59.107+0530] {logging_mixin.py:188} INFO - [2024-05-04T12:36:59.106+0530] {dag.py:3954} INFO - Setting next_dagrun for example_kubernetes_executor to None, run_after=None
[2024-05-04T12:36:59.117+0530] {processor.py:183} INFO - Processing /usr/local/lib/python3.10/dist-packages/airflow/example_dags/example_kubernetes_executor.py took 0.116 seconds
[2024-05-04T12:37:51.274+0530] {processor.py:161} INFO - Started process (PID=13974) to work on /usr/local/lib/python3.10/dist-packages/airflow/example_dags/example_kubernetes_executor.py
[2024-05-04T12:37:51.275+0530] {processor.py:830} INFO - Processing file /usr/local/lib/python3.10/dist-packages/airflow/example_dags/example_kubernetes_executor.py for tasks to queue
[2024-05-04T12:37:51.276+0530] {logging_mixin.py:188} INFO - [2024-05-04T12:37:51.276+0530] {dagbag.py:540} INFO - Filling up the DagBag from /usr/local/lib/python3.10/dist-packages/airflow/example_dags/example_kubernetes_executor.py
[2024-05-04T12:37:51.360+0530] {processor.py:840} INFO - DAG(s) 'example_kubernetes_executor' retrieved from /usr/local/lib/python3.10/dist-packages/airflow/example_dags/example_kubernetes_executor.py
[2024-05-04T12:37:51.413+0530] {logging_mixin.py:188} WARNING - /usr/local/lib/python3.10/dist-packages/airflow/serialization/serialized_objects.py:1673 DeprecationWarning: This module is deprecated. The `cncf.kubernetes` provider before version 7.4.0 uses this module - you should migrate to a newer version of `cncf.kubernetes` to get rid of this warning. If you import the module via `airflow.kubernetes` import, please use `cncf.kubernetes' provider 7.4.0+ and switch all your imports to use `apache.airflow.providers.cncf.kubernetes` to get rid of the warning.
[2024-05-04T12:37:51.417+0530] {logging_mixin.py:188} INFO - [2024-05-04T12:37:51.417+0530] {dag.py:3096} INFO - Sync 1 DAGs
[2024-05-04T12:37:51.421+0530] {logging_mixin.py:188} INFO - [2024-05-04T12:37:51.421+0530] {dag.py:3954} INFO - Setting next_dagrun for example_kubernetes_executor to None, run_after=None
[2024-05-04T12:37:51.431+0530] {processor.py:183} INFO - Processing /usr/local/lib/python3.10/dist-packages/airflow/example_dags/example_kubernetes_executor.py took 0.160 seconds
[2024-05-04T12:38:43.954+0530] {processor.py:161} INFO - Started process (PID=14099) to work on /usr/local/lib/python3.10/dist-packages/airflow/example_dags/example_kubernetes_executor.py
[2024-05-04T12:38:43.955+0530] {processor.py:830} INFO - Processing file /usr/local/lib/python3.10/dist-packages/airflow/example_dags/example_kubernetes_executor.py for tasks to queue
[2024-05-04T12:38:43.956+0530] {logging_mixin.py:188} INFO - [2024-05-04T12:38:43.955+0530] {dagbag.py:540} INFO - Filling up the DagBag from /usr/local/lib/python3.10/dist-packages/airflow/example_dags/example_kubernetes_executor.py
[2024-05-04T12:38:44.035+0530] {processor.py:840} INFO - DAG(s) 'example_kubernetes_executor' retrieved from /usr/local/lib/python3.10/dist-packages/airflow/example_dags/example_kubernetes_executor.py
[2024-05-04T12:38:44.041+0530] {logging_mixin.py:188} WARNING - /usr/local/lib/python3.10/dist-packages/airflow/serialization/serialized_objects.py:1673 DeprecationWarning: This module is deprecated. The `cncf.kubernetes` provider before version 7.4.0 uses this module - you should migrate to a newer version of `cncf.kubernetes` to get rid of this warning. If you import the module via `airflow.kubernetes` import, please use `cncf.kubernetes' provider 7.4.0+ and switch all your imports to use `apache.airflow.providers.cncf.kubernetes` to get rid of the warning.
[2024-05-04T12:38:44.091+0530] {logging_mixin.py:188} INFO - [2024-05-04T12:38:44.091+0530] {dag.py:3096} INFO - Sync 1 DAGs
[2024-05-04T12:38:44.095+0530] {logging_mixin.py:188} INFO - [2024-05-04T12:38:44.095+0530] {dag.py:3954} INFO - Setting next_dagrun for example_kubernetes_executor to None, run_after=None
[2024-05-04T12:38:44.105+0530] {processor.py:183} INFO - Processing /usr/local/lib/python3.10/dist-packages/airflow/example_dags/example_kubernetes_executor.py took 0.155 seconds
[2024-05-04T12:39:38.170+0530] {processor.py:161} INFO - Started process (PID=14383) to work on /usr/local/lib/python3.10/dist-packages/airflow/example_dags/example_kubernetes_executor.py
[2024-05-04T12:39:38.170+0530] {processor.py:830} INFO - Processing file /usr/local/lib/python3.10/dist-packages/airflow/example_dags/example_kubernetes_executor.py for tasks to queue
[2024-05-04T12:39:38.171+0530] {logging_mixin.py:188} INFO - [2024-05-04T12:39:38.171+0530] {dagbag.py:540} INFO - Filling up the DagBag from /usr/local/lib/python3.10/dist-packages/airflow/example_dags/example_kubernetes_executor.py
[2024-05-04T12:39:38.245+0530] {processor.py:840} INFO - DAG(s) 'example_kubernetes_executor' retrieved from /usr/local/lib/python3.10/dist-packages/airflow/example_dags/example_kubernetes_executor.py
[2024-05-04T12:39:38.250+0530] {logging_mixin.py:188} WARNING - /usr/local/lib/python3.10/dist-packages/airflow/serialization/serialized_objects.py:1673 DeprecationWarning: This module is deprecated. The `cncf.kubernetes` provider before version 7.4.0 uses this module - you should migrate to a newer version of `cncf.kubernetes` to get rid of this warning. If you import the module via `airflow.kubernetes` import, please use `cncf.kubernetes' provider 7.4.0+ and switch all your imports to use `apache.airflow.providers.cncf.kubernetes` to get rid of the warning.
[2024-05-04T12:39:38.254+0530] {logging_mixin.py:188} INFO - [2024-05-04T12:39:38.254+0530] {dag.py:3096} INFO - Sync 1 DAGs
[2024-05-04T12:39:38.303+0530] {logging_mixin.py:188} INFO - [2024-05-04T12:39:38.303+0530] {dag.py:3954} INFO - Setting next_dagrun for example_kubernetes_executor to None, run_after=None
[2024-05-04T12:39:38.313+0530] {processor.py:183} INFO - Processing /usr/local/lib/python3.10/dist-packages/airflow/example_dags/example_kubernetes_executor.py took 0.147 seconds
[2024-05-04T12:40:27.104+0530] {processor.py:161} INFO - Started process (PID=14587) to work on /usr/local/lib/python3.10/dist-packages/airflow/example_dags/example_kubernetes_executor.py
[2024-05-04T12:40:27.105+0530] {processor.py:830} INFO - Processing file /usr/local/lib/python3.10/dist-packages/airflow/example_dags/example_kubernetes_executor.py for tasks to queue
[2024-05-04T12:40:27.106+0530] {logging_mixin.py:188} INFO - [2024-05-04T12:40:27.106+0530] {dagbag.py:540} INFO - Filling up the DagBag from /usr/local/lib/python3.10/dist-packages/airflow/example_dags/example_kubernetes_executor.py
[2024-05-04T12:40:27.228+0530] {processor.py:840} INFO - DAG(s) 'example_kubernetes_executor' retrieved from /usr/local/lib/python3.10/dist-packages/airflow/example_dags/example_kubernetes_executor.py
[2024-05-04T12:40:27.233+0530] {logging_mixin.py:188} WARNING - /usr/local/lib/python3.10/dist-packages/airflow/serialization/serialized_objects.py:1673 DeprecationWarning: This module is deprecated. The `cncf.kubernetes` provider before version 7.4.0 uses this module - you should migrate to a newer version of `cncf.kubernetes` to get rid of this warning. If you import the module via `airflow.kubernetes` import, please use `cncf.kubernetes' provider 7.4.0+ and switch all your imports to use `apache.airflow.providers.cncf.kubernetes` to get rid of the warning.
[2024-05-04T12:40:27.237+0530] {logging_mixin.py:188} INFO - [2024-05-04T12:40:27.236+0530] {dag.py:3096} INFO - Sync 1 DAGs
[2024-05-04T12:40:27.240+0530] {logging_mixin.py:188} INFO - [2024-05-04T12:40:27.240+0530] {dag.py:3954} INFO - Setting next_dagrun for example_kubernetes_executor to None, run_after=None
[2024-05-04T12:40:27.250+0530] {processor.py:183} INFO - Processing /usr/local/lib/python3.10/dist-packages/airflow/example_dags/example_kubernetes_executor.py took 0.150 seconds
[2024-05-04T12:41:19.676+0530] {processor.py:161} INFO - Started process (PID=14759) to work on /usr/local/lib/python3.10/dist-packages/airflow/example_dags/example_kubernetes_executor.py
[2024-05-04T12:41:19.677+0530] {processor.py:830} INFO - Processing file /usr/local/lib/python3.10/dist-packages/airflow/example_dags/example_kubernetes_executor.py for tasks to queue
[2024-05-04T12:41:19.679+0530] {logging_mixin.py:188} INFO - [2024-05-04T12:41:19.678+0530] {dagbag.py:540} INFO - Filling up the DagBag from /usr/local/lib/python3.10/dist-packages/airflow/example_dags/example_kubernetes_executor.py
[2024-05-04T12:41:19.766+0530] {processor.py:840} INFO - DAG(s) 'example_kubernetes_executor' retrieved from /usr/local/lib/python3.10/dist-packages/airflow/example_dags/example_kubernetes_executor.py
[2024-05-04T12:41:19.833+0530] {logging_mixin.py:188} WARNING - /usr/local/lib/python3.10/dist-packages/airflow/serialization/serialized_objects.py:1673 DeprecationWarning: This module is deprecated. The `cncf.kubernetes` provider before version 7.4.0 uses this module - you should migrate to a newer version of `cncf.kubernetes` to get rid of this warning. If you import the module via `airflow.kubernetes` import, please use `cncf.kubernetes' provider 7.4.0+ and switch all your imports to use `apache.airflow.providers.cncf.kubernetes` to get rid of the warning.
[2024-05-04T12:41:19.838+0530] {logging_mixin.py:188} INFO - [2024-05-04T12:41:19.838+0530] {dag.py:3096} INFO - Sync 1 DAGs
[2024-05-04T12:41:19.842+0530] {logging_mixin.py:188} INFO - [2024-05-04T12:41:19.842+0530] {dag.py:3954} INFO - Setting next_dagrun for example_kubernetes_executor to None, run_after=None
[2024-05-04T12:41:19.853+0530] {processor.py:183} INFO - Processing /usr/local/lib/python3.10/dist-packages/airflow/example_dags/example_kubernetes_executor.py took 0.187 seconds
[2024-05-04T12:42:08.788+0530] {processor.py:161} INFO - Started process (PID=14924) to work on /usr/local/lib/python3.10/dist-packages/airflow/example_dags/example_kubernetes_executor.py
[2024-05-04T12:42:08.789+0530] {processor.py:830} INFO - Processing file /usr/local/lib/python3.10/dist-packages/airflow/example_dags/example_kubernetes_executor.py for tasks to queue
[2024-05-04T12:42:08.791+0530] {logging_mixin.py:188} INFO - [2024-05-04T12:42:08.790+0530] {dagbag.py:540} INFO - Filling up the DagBag from /usr/local/lib/python3.10/dist-packages/airflow/example_dags/example_kubernetes_executor.py
[2024-05-04T12:42:08.866+0530] {processor.py:840} INFO - DAG(s) 'example_kubernetes_executor' retrieved from /usr/local/lib/python3.10/dist-packages/airflow/example_dags/example_kubernetes_executor.py
[2024-05-04T12:42:08.871+0530] {logging_mixin.py:188} WARNING - /usr/local/lib/python3.10/dist-packages/airflow/serialization/serialized_objects.py:1673 DeprecationWarning: This module is deprecated. The `cncf.kubernetes` provider before version 7.4.0 uses this module - you should migrate to a newer version of `cncf.kubernetes` to get rid of this warning. If you import the module via `airflow.kubernetes` import, please use `cncf.kubernetes' provider 7.4.0+ and switch all your imports to use `apache.airflow.providers.cncf.kubernetes` to get rid of the warning.
[2024-05-04T12:42:08.876+0530] {logging_mixin.py:188} INFO - [2024-05-04T12:42:08.876+0530] {dag.py:3096} INFO - Sync 1 DAGs
[2024-05-04T12:42:08.924+0530] {logging_mixin.py:188} INFO - [2024-05-04T12:42:08.924+0530] {dag.py:3954} INFO - Setting next_dagrun for example_kubernetes_executor to None, run_after=None
[2024-05-04T12:42:08.936+0530] {processor.py:183} INFO - Processing /usr/local/lib/python3.10/dist-packages/airflow/example_dags/example_kubernetes_executor.py took 0.155 seconds
[2024-05-04T12:43:00.116+0530] {processor.py:161} INFO - Started process (PID=15092) to work on /usr/local/lib/python3.10/dist-packages/airflow/example_dags/example_kubernetes_executor.py
[2024-05-04T12:43:00.117+0530] {processor.py:830} INFO - Processing file /usr/local/lib/python3.10/dist-packages/airflow/example_dags/example_kubernetes_executor.py for tasks to queue
[2024-05-04T12:43:00.118+0530] {logging_mixin.py:188} INFO - [2024-05-04T12:43:00.118+0530] {dagbag.py:540} INFO - Filling up the DagBag from /usr/local/lib/python3.10/dist-packages/airflow/example_dags/example_kubernetes_executor.py
[2024-05-04T12:43:00.236+0530] {processor.py:840} INFO - DAG(s) 'example_kubernetes_executor' retrieved from /usr/local/lib/python3.10/dist-packages/airflow/example_dags/example_kubernetes_executor.py
[2024-05-04T12:43:00.240+0530] {logging_mixin.py:188} WARNING - /usr/local/lib/python3.10/dist-packages/airflow/serialization/serialized_objects.py:1673 DeprecationWarning: This module is deprecated. The `cncf.kubernetes` provider before version 7.4.0 uses this module - you should migrate to a newer version of `cncf.kubernetes` to get rid of this warning. If you import the module via `airflow.kubernetes` import, please use `cncf.kubernetes' provider 7.4.0+ and switch all your imports to use `apache.airflow.providers.cncf.kubernetes` to get rid of the warning.
[2024-05-04T12:43:00.244+0530] {logging_mixin.py:188} INFO - [2024-05-04T12:43:00.244+0530] {dag.py:3096} INFO - Sync 1 DAGs
[2024-05-04T12:43:00.248+0530] {logging_mixin.py:188} INFO - [2024-05-04T12:43:00.248+0530] {dag.py:3954} INFO - Setting next_dagrun for example_kubernetes_executor to None, run_after=None
[2024-05-04T12:43:00.259+0530] {processor.py:183} INFO - Processing /usr/local/lib/python3.10/dist-packages/airflow/example_dags/example_kubernetes_executor.py took 0.149 seconds
[2024-05-04T12:43:51.397+0530] {processor.py:161} INFO - Started process (PID=15260) to work on /usr/local/lib/python3.10/dist-packages/airflow/example_dags/example_kubernetes_executor.py
[2024-05-04T12:43:51.397+0530] {processor.py:830} INFO - Processing file /usr/local/lib/python3.10/dist-packages/airflow/example_dags/example_kubernetes_executor.py for tasks to queue
[2024-05-04T12:43:51.398+0530] {logging_mixin.py:188} INFO - [2024-05-04T12:43:51.398+0530] {dagbag.py:540} INFO - Filling up the DagBag from /usr/local/lib/python3.10/dist-packages/airflow/example_dags/example_kubernetes_executor.py
[2024-05-04T12:43:51.526+0530] {processor.py:840} INFO - DAG(s) 'example_kubernetes_executor' retrieved from /usr/local/lib/python3.10/dist-packages/airflow/example_dags/example_kubernetes_executor.py
[2024-05-04T12:43:51.530+0530] {logging_mixin.py:188} WARNING - /usr/local/lib/python3.10/dist-packages/airflow/serialization/serialized_objects.py:1673 DeprecationWarning: This module is deprecated. The `cncf.kubernetes` provider before version 7.4.0 uses this module - you should migrate to a newer version of `cncf.kubernetes` to get rid of this warning. If you import the module via `airflow.kubernetes` import, please use `cncf.kubernetes' provider 7.4.0+ and switch all your imports to use `apache.airflow.providers.cncf.kubernetes` to get rid of the warning.
[2024-05-04T12:43:51.534+0530] {logging_mixin.py:188} INFO - [2024-05-04T12:43:51.534+0530] {dag.py:3096} INFO - Sync 1 DAGs
[2024-05-04T12:43:51.538+0530] {logging_mixin.py:188} INFO - [2024-05-04T12:43:51.538+0530] {dag.py:3954} INFO - Setting next_dagrun for example_kubernetes_executor to None, run_after=None
[2024-05-04T12:43:51.548+0530] {processor.py:183} INFO - Processing /usr/local/lib/python3.10/dist-packages/airflow/example_dags/example_kubernetes_executor.py took 0.155 seconds
[2024-05-04T12:44:41.881+0530] {processor.py:161} INFO - Started process (PID=15440) to work on /usr/local/lib/python3.10/dist-packages/airflow/example_dags/example_kubernetes_executor.py
[2024-05-04T12:44:41.882+0530] {processor.py:830} INFO - Processing file /usr/local/lib/python3.10/dist-packages/airflow/example_dags/example_kubernetes_executor.py for tasks to queue
[2024-05-04T12:44:41.883+0530] {logging_mixin.py:188} INFO - [2024-05-04T12:44:41.882+0530] {dagbag.py:540} INFO - Filling up the DagBag from /usr/local/lib/python3.10/dist-packages/airflow/example_dags/example_kubernetes_executor.py
[2024-05-04T12:44:41.958+0530] {processor.py:840} INFO - DAG(s) 'example_kubernetes_executor' retrieved from /usr/local/lib/python3.10/dist-packages/airflow/example_dags/example_kubernetes_executor.py
[2024-05-04T12:44:42.008+0530] {logging_mixin.py:188} WARNING - /usr/local/lib/python3.10/dist-packages/airflow/serialization/serialized_objects.py:1673 DeprecationWarning: This module is deprecated. The `cncf.kubernetes` provider before version 7.4.0 uses this module - you should migrate to a newer version of `cncf.kubernetes` to get rid of this warning. If you import the module via `airflow.kubernetes` import, please use `cncf.kubernetes' provider 7.4.0+ and switch all your imports to use `apache.airflow.providers.cncf.kubernetes` to get rid of the warning.
[2024-05-04T12:44:42.012+0530] {logging_mixin.py:188} INFO - [2024-05-04T12:44:42.012+0530] {dag.py:3096} INFO - Sync 1 DAGs
[2024-05-04T12:44:42.016+0530] {logging_mixin.py:188} INFO - [2024-05-04T12:44:42.016+0530] {dag.py:3954} INFO - Setting next_dagrun for example_kubernetes_executor to None, run_after=None
[2024-05-04T12:44:42.026+0530] {processor.py:183} INFO - Processing /usr/local/lib/python3.10/dist-packages/airflow/example_dags/example_kubernetes_executor.py took 0.147 seconds
[2024-05-04T12:45:31.726+0530] {processor.py:161} INFO - Started process (PID=15622) to work on /usr/local/lib/python3.10/dist-packages/airflow/example_dags/example_kubernetes_executor.py
[2024-05-04T12:45:31.727+0530] {processor.py:830} INFO - Processing file /usr/local/lib/python3.10/dist-packages/airflow/example_dags/example_kubernetes_executor.py for tasks to queue
[2024-05-04T12:45:31.728+0530] {logging_mixin.py:188} INFO - [2024-05-04T12:45:31.727+0530] {dagbag.py:540} INFO - Filling up the DagBag from /usr/local/lib/python3.10/dist-packages/airflow/example_dags/example_kubernetes_executor.py
[2024-05-04T12:45:31.845+0530] {processor.py:840} INFO - DAG(s) 'example_kubernetes_executor' retrieved from /usr/local/lib/python3.10/dist-packages/airflow/example_dags/example_kubernetes_executor.py
[2024-05-04T12:45:31.850+0530] {logging_mixin.py:188} WARNING - /usr/local/lib/python3.10/dist-packages/airflow/serialization/serialized_objects.py:1673 DeprecationWarning: This module is deprecated. The `cncf.kubernetes` provider before version 7.4.0 uses this module - you should migrate to a newer version of `cncf.kubernetes` to get rid of this warning. If you import the module via `airflow.kubernetes` import, please use `cncf.kubernetes' provider 7.4.0+ and switch all your imports to use `apache.airflow.providers.cncf.kubernetes` to get rid of the warning.
[2024-05-04T12:45:31.854+0530] {logging_mixin.py:188} INFO - [2024-05-04T12:45:31.854+0530] {dag.py:3096} INFO - Sync 1 DAGs
[2024-05-04T12:45:31.858+0530] {logging_mixin.py:188} INFO - [2024-05-04T12:45:31.858+0530] {dag.py:3954} INFO - Setting next_dagrun for example_kubernetes_executor to None, run_after=None
[2024-05-04T12:45:31.867+0530] {processor.py:183} INFO - Processing /usr/local/lib/python3.10/dist-packages/airflow/example_dags/example_kubernetes_executor.py took 0.146 seconds
[2024-05-04T12:46:21.567+0530] {processor.py:161} INFO - Started process (PID=15850) to work on /usr/local/lib/python3.10/dist-packages/airflow/example_dags/example_kubernetes_executor.py
[2024-05-04T12:46:21.568+0530] {processor.py:830} INFO - Processing file /usr/local/lib/python3.10/dist-packages/airflow/example_dags/example_kubernetes_executor.py for tasks to queue
[2024-05-04T12:46:21.570+0530] {logging_mixin.py:188} INFO - [2024-05-04T12:46:21.569+0530] {dagbag.py:540} INFO - Filling up the DagBag from /usr/local/lib/python3.10/dist-packages/airflow/example_dags/example_kubernetes_executor.py
[2024-05-04T12:46:21.699+0530] {processor.py:840} INFO - DAG(s) 'example_kubernetes_executor' retrieved from /usr/local/lib/python3.10/dist-packages/airflow/example_dags/example_kubernetes_executor.py
[2024-05-04T12:46:21.703+0530] {logging_mixin.py:188} WARNING - /usr/local/lib/python3.10/dist-packages/airflow/serialization/serialized_objects.py:1673 DeprecationWarning: This module is deprecated. The `cncf.kubernetes` provider before version 7.4.0 uses this module - you should migrate to a newer version of `cncf.kubernetes` to get rid of this warning. If you import the module via `airflow.kubernetes` import, please use `cncf.kubernetes' provider 7.4.0+ and switch all your imports to use `apache.airflow.providers.cncf.kubernetes` to get rid of the warning.
[2024-05-04T12:46:21.707+0530] {logging_mixin.py:188} INFO - [2024-05-04T12:46:21.707+0530] {dag.py:3096} INFO - Sync 1 DAGs
[2024-05-04T12:46:21.711+0530] {logging_mixin.py:188} INFO - [2024-05-04T12:46:21.711+0530] {dag.py:3954} INFO - Setting next_dagrun for example_kubernetes_executor to None, run_after=None
[2024-05-04T12:46:21.721+0530] {processor.py:183} INFO - Processing /usr/local/lib/python3.10/dist-packages/airflow/example_dags/example_kubernetes_executor.py took 0.157 seconds
[2024-05-04T12:47:13.088+0530] {processor.py:161} INFO - Started process (PID=16051) to work on /usr/local/lib/python3.10/dist-packages/airflow/example_dags/example_kubernetes_executor.py
[2024-05-04T12:47:13.089+0530] {processor.py:830} INFO - Processing file /usr/local/lib/python3.10/dist-packages/airflow/example_dags/example_kubernetes_executor.py for tasks to queue
[2024-05-04T12:47:13.089+0530] {logging_mixin.py:188} INFO - [2024-05-04T12:47:13.089+0530] {dagbag.py:540} INFO - Filling up the DagBag from /usr/local/lib/python3.10/dist-packages/airflow/example_dags/example_kubernetes_executor.py
[2024-05-04T12:47:13.211+0530] {processor.py:840} INFO - DAG(s) 'example_kubernetes_executor' retrieved from /usr/local/lib/python3.10/dist-packages/airflow/example_dags/example_kubernetes_executor.py
[2024-05-04T12:47:13.216+0530] {logging_mixin.py:188} WARNING - /usr/local/lib/python3.10/dist-packages/airflow/serialization/serialized_objects.py:1673 DeprecationWarning: This module is deprecated. The `cncf.kubernetes` provider before version 7.4.0 uses this module - you should migrate to a newer version of `cncf.kubernetes` to get rid of this warning. If you import the module via `airflow.kubernetes` import, please use `cncf.kubernetes' provider 7.4.0+ and switch all your imports to use `apache.airflow.providers.cncf.kubernetes` to get rid of the warning.
[2024-05-04T12:47:13.220+0530] {logging_mixin.py:188} INFO - [2024-05-04T12:47:13.220+0530] {dag.py:3096} INFO - Sync 1 DAGs
[2024-05-04T12:47:13.224+0530] {logging_mixin.py:188} INFO - [2024-05-04T12:47:13.224+0530] {dag.py:3954} INFO - Setting next_dagrun for example_kubernetes_executor to None, run_after=None
[2024-05-04T12:47:13.235+0530] {processor.py:183} INFO - Processing /usr/local/lib/python3.10/dist-packages/airflow/example_dags/example_kubernetes_executor.py took 0.151 seconds
[2024-05-04T12:48:04.292+0530] {processor.py:161} INFO - Started process (PID=16227) to work on /usr/local/lib/python3.10/dist-packages/airflow/example_dags/example_kubernetes_executor.py
[2024-05-04T12:48:04.293+0530] {processor.py:830} INFO - Processing file /usr/local/lib/python3.10/dist-packages/airflow/example_dags/example_kubernetes_executor.py for tasks to queue
[2024-05-04T12:48:04.294+0530] {logging_mixin.py:188} INFO - [2024-05-04T12:48:04.294+0530] {dagbag.py:540} INFO - Filling up the DagBag from /usr/local/lib/python3.10/dist-packages/airflow/example_dags/example_kubernetes_executor.py
[2024-05-04T12:48:04.412+0530] {processor.py:840} INFO - DAG(s) 'example_kubernetes_executor' retrieved from /usr/local/lib/python3.10/dist-packages/airflow/example_dags/example_kubernetes_executor.py
[2024-05-04T12:48:04.417+0530] {logging_mixin.py:188} WARNING - /usr/local/lib/python3.10/dist-packages/airflow/serialization/serialized_objects.py:1673 DeprecationWarning: This module is deprecated. The `cncf.kubernetes` provider before version 7.4.0 uses this module - you should migrate to a newer version of `cncf.kubernetes` to get rid of this warning. If you import the module via `airflow.kubernetes` import, please use `cncf.kubernetes' provider 7.4.0+ and switch all your imports to use `apache.airflow.providers.cncf.kubernetes` to get rid of the warning.
[2024-05-04T12:48:04.421+0530] {logging_mixin.py:188} INFO - [2024-05-04T12:48:04.421+0530] {dag.py:3096} INFO - Sync 1 DAGs
[2024-05-04T12:48:04.425+0530] {logging_mixin.py:188} INFO - [2024-05-04T12:48:04.424+0530] {dag.py:3954} INFO - Setting next_dagrun for example_kubernetes_executor to None, run_after=None
[2024-05-04T12:48:04.434+0530] {processor.py:183} INFO - Processing /usr/local/lib/python3.10/dist-packages/airflow/example_dags/example_kubernetes_executor.py took 0.150 seconds
[2024-05-04T12:48:56.173+0530] {processor.py:161} INFO - Started process (PID=16396) to work on /usr/local/lib/python3.10/dist-packages/airflow/example_dags/example_kubernetes_executor.py
[2024-05-04T12:48:56.173+0530] {processor.py:830} INFO - Processing file /usr/local/lib/python3.10/dist-packages/airflow/example_dags/example_kubernetes_executor.py for tasks to queue
[2024-05-04T12:48:56.174+0530] {logging_mixin.py:188} INFO - [2024-05-04T12:48:56.174+0530] {dagbag.py:540} INFO - Filling up the DagBag from /usr/local/lib/python3.10/dist-packages/airflow/example_dags/example_kubernetes_executor.py
[2024-05-04T12:48:56.294+0530] {processor.py:840} INFO - DAG(s) 'example_kubernetes_executor' retrieved from /usr/local/lib/python3.10/dist-packages/airflow/example_dags/example_kubernetes_executor.py
[2024-05-04T12:48:56.299+0530] {logging_mixin.py:188} WARNING - /usr/local/lib/python3.10/dist-packages/airflow/serialization/serialized_objects.py:1673 DeprecationWarning: This module is deprecated. The `cncf.kubernetes` provider before version 7.4.0 uses this module - you should migrate to a newer version of `cncf.kubernetes` to get rid of this warning. If you import the module via `airflow.kubernetes` import, please use `cncf.kubernetes' provider 7.4.0+ and switch all your imports to use `apache.airflow.providers.cncf.kubernetes` to get rid of the warning.
[2024-05-04T12:48:56.303+0530] {logging_mixin.py:188} INFO - [2024-05-04T12:48:56.303+0530] {dag.py:3096} INFO - Sync 1 DAGs
[2024-05-04T12:48:56.307+0530] {logging_mixin.py:188} INFO - [2024-05-04T12:48:56.307+0530] {dag.py:3954} INFO - Setting next_dagrun for example_kubernetes_executor to None, run_after=None
[2024-05-04T12:48:56.317+0530] {processor.py:183} INFO - Processing /usr/local/lib/python3.10/dist-packages/airflow/example_dags/example_kubernetes_executor.py took 0.147 seconds
[2024-05-04T12:49:49.128+0530] {processor.py:161} INFO - Started process (PID=16605) to work on /usr/local/lib/python3.10/dist-packages/airflow/example_dags/example_kubernetes_executor.py
[2024-05-04T12:49:49.129+0530] {processor.py:830} INFO - Processing file /usr/local/lib/python3.10/dist-packages/airflow/example_dags/example_kubernetes_executor.py for tasks to queue
[2024-05-04T12:49:49.130+0530] {logging_mixin.py:188} INFO - [2024-05-04T12:49:49.130+0530] {dagbag.py:540} INFO - Filling up the DagBag from /usr/local/lib/python3.10/dist-packages/airflow/example_dags/example_kubernetes_executor.py
[2024-05-04T12:49:49.251+0530] {processor.py:840} INFO - DAG(s) 'example_kubernetes_executor' retrieved from /usr/local/lib/python3.10/dist-packages/airflow/example_dags/example_kubernetes_executor.py
[2024-05-04T12:49:49.255+0530] {logging_mixin.py:188} WARNING - /usr/local/lib/python3.10/dist-packages/airflow/serialization/serialized_objects.py:1673 DeprecationWarning: This module is deprecated. The `cncf.kubernetes` provider before version 7.4.0 uses this module - you should migrate to a newer version of `cncf.kubernetes` to get rid of this warning. If you import the module via `airflow.kubernetes` import, please use `cncf.kubernetes' provider 7.4.0+ and switch all your imports to use `apache.airflow.providers.cncf.kubernetes` to get rid of the warning.
[2024-05-04T12:49:49.259+0530] {logging_mixin.py:188} INFO - [2024-05-04T12:49:49.259+0530] {dag.py:3096} INFO - Sync 1 DAGs
[2024-05-04T12:49:49.263+0530] {logging_mixin.py:188} INFO - [2024-05-04T12:49:49.263+0530] {dag.py:3954} INFO - Setting next_dagrun for example_kubernetes_executor to None, run_after=None
[2024-05-04T12:49:49.273+0530] {processor.py:183} INFO - Processing /usr/local/lib/python3.10/dist-packages/airflow/example_dags/example_kubernetes_executor.py took 0.150 seconds
[2024-05-04T12:50:41.328+0530] {processor.py:161} INFO - Started process (PID=16833) to work on /usr/local/lib/python3.10/dist-packages/airflow/example_dags/example_kubernetes_executor.py
[2024-05-04T12:50:41.329+0530] {processor.py:830} INFO - Processing file /usr/local/lib/python3.10/dist-packages/airflow/example_dags/example_kubernetes_executor.py for tasks to queue
[2024-05-04T12:50:41.330+0530] {logging_mixin.py:188} INFO - [2024-05-04T12:50:41.329+0530] {dagbag.py:540} INFO - Filling up the DagBag from /usr/local/lib/python3.10/dist-packages/airflow/example_dags/example_kubernetes_executor.py
[2024-05-04T12:50:41.449+0530] {processor.py:840} INFO - DAG(s) 'example_kubernetes_executor' retrieved from /usr/local/lib/python3.10/dist-packages/airflow/example_dags/example_kubernetes_executor.py
[2024-05-04T12:50:41.453+0530] {logging_mixin.py:188} WARNING - /usr/local/lib/python3.10/dist-packages/airflow/serialization/serialized_objects.py:1673 DeprecationWarning: This module is deprecated. The `cncf.kubernetes` provider before version 7.4.0 uses this module - you should migrate to a newer version of `cncf.kubernetes` to get rid of this warning. If you import the module via `airflow.kubernetes` import, please use `cncf.kubernetes' provider 7.4.0+ and switch all your imports to use `apache.airflow.providers.cncf.kubernetes` to get rid of the warning.
[2024-05-04T12:50:41.457+0530] {logging_mixin.py:188} INFO - [2024-05-04T12:50:41.457+0530] {dag.py:3096} INFO - Sync 1 DAGs
[2024-05-04T12:50:41.461+0530] {logging_mixin.py:188} INFO - [2024-05-04T12:50:41.461+0530] {dag.py:3954} INFO - Setting next_dagrun for example_kubernetes_executor to None, run_after=None
[2024-05-04T12:50:41.471+0530] {processor.py:183} INFO - Processing /usr/local/lib/python3.10/dist-packages/airflow/example_dags/example_kubernetes_executor.py took 0.150 seconds
[2024-05-04T12:51:30.504+0530] {processor.py:161} INFO - Started process (PID=16961) to work on /usr/local/lib/python3.10/dist-packages/airflow/example_dags/example_kubernetes_executor.py
[2024-05-04T12:51:30.505+0530] {processor.py:830} INFO - Processing file /usr/local/lib/python3.10/dist-packages/airflow/example_dags/example_kubernetes_executor.py for tasks to queue
[2024-05-04T12:51:30.506+0530] {logging_mixin.py:188} INFO - [2024-05-04T12:51:30.506+0530] {dagbag.py:540} INFO - Filling up the DagBag from /usr/local/lib/python3.10/dist-packages/airflow/example_dags/example_kubernetes_executor.py
[2024-05-04T12:51:30.623+0530] {processor.py:840} INFO - DAG(s) 'example_kubernetes_executor' retrieved from /usr/local/lib/python3.10/dist-packages/airflow/example_dags/example_kubernetes_executor.py
[2024-05-04T12:51:30.627+0530] {logging_mixin.py:188} WARNING - /usr/local/lib/python3.10/dist-packages/airflow/serialization/serialized_objects.py:1673 DeprecationWarning: This module is deprecated. The `cncf.kubernetes` provider before version 7.4.0 uses this module - you should migrate to a newer version of `cncf.kubernetes` to get rid of this warning. If you import the module via `airflow.kubernetes` import, please use `cncf.kubernetes' provider 7.4.0+ and switch all your imports to use `apache.airflow.providers.cncf.kubernetes` to get rid of the warning.
[2024-05-04T12:51:30.631+0530] {logging_mixin.py:188} INFO - [2024-05-04T12:51:30.631+0530] {dag.py:3096} INFO - Sync 1 DAGs
[2024-05-04T12:51:30.634+0530] {logging_mixin.py:188} INFO - [2024-05-04T12:51:30.634+0530] {dag.py:3954} INFO - Setting next_dagrun for example_kubernetes_executor to None, run_after=None
[2024-05-04T12:51:30.644+0530] {processor.py:183} INFO - Processing /usr/local/lib/python3.10/dist-packages/airflow/example_dags/example_kubernetes_executor.py took 0.148 seconds
[2024-05-04T12:52:21.935+0530] {processor.py:161} INFO - Started process (PID=17099) to work on /usr/local/lib/python3.10/dist-packages/airflow/example_dags/example_kubernetes_executor.py
[2024-05-04T12:52:21.936+0530] {processor.py:830} INFO - Processing file /usr/local/lib/python3.10/dist-packages/airflow/example_dags/example_kubernetes_executor.py for tasks to queue
[2024-05-04T12:52:21.938+0530] {logging_mixin.py:188} INFO - [2024-05-04T12:52:21.937+0530] {dagbag.py:540} INFO - Filling up the DagBag from /usr/local/lib/python3.10/dist-packages/airflow/example_dags/example_kubernetes_executor.py
[2024-05-04T12:52:22.059+0530] {processor.py:840} INFO - DAG(s) 'example_kubernetes_executor' retrieved from /usr/local/lib/python3.10/dist-packages/airflow/example_dags/example_kubernetes_executor.py
[2024-05-04T12:52:22.064+0530] {logging_mixin.py:188} WARNING - /usr/local/lib/python3.10/dist-packages/airflow/serialization/serialized_objects.py:1673 DeprecationWarning: This module is deprecated. The `cncf.kubernetes` provider before version 7.4.0 uses this module - you should migrate to a newer version of `cncf.kubernetes` to get rid of this warning. If you import the module via `airflow.kubernetes` import, please use `cncf.kubernetes' provider 7.4.0+ and switch all your imports to use `apache.airflow.providers.cncf.kubernetes` to get rid of the warning.
[2024-05-04T12:52:22.067+0530] {logging_mixin.py:188} INFO - [2024-05-04T12:52:22.067+0530] {dag.py:3096} INFO - Sync 1 DAGs
[2024-05-04T12:52:22.071+0530] {logging_mixin.py:188} INFO - [2024-05-04T12:52:22.071+0530] {dag.py:3954} INFO - Setting next_dagrun for example_kubernetes_executor to None, run_after=None
[2024-05-04T12:52:22.081+0530] {processor.py:183} INFO - Processing /usr/local/lib/python3.10/dist-packages/airflow/example_dags/example_kubernetes_executor.py took 0.151 seconds
[2024-05-04T12:53:13.589+0530] {processor.py:161} INFO - Started process (PID=17235) to work on /usr/local/lib/python3.10/dist-packages/airflow/example_dags/example_kubernetes_executor.py
[2024-05-04T12:53:13.589+0530] {processor.py:830} INFO - Processing file /usr/local/lib/python3.10/dist-packages/airflow/example_dags/example_kubernetes_executor.py for tasks to queue
[2024-05-04T12:53:13.590+0530] {logging_mixin.py:188} INFO - [2024-05-04T12:53:13.590+0530] {dagbag.py:540} INFO - Filling up the DagBag from /usr/local/lib/python3.10/dist-packages/airflow/example_dags/example_kubernetes_executor.py
[2024-05-04T12:53:13.706+0530] {processor.py:840} INFO - DAG(s) 'example_kubernetes_executor' retrieved from /usr/local/lib/python3.10/dist-packages/airflow/example_dags/example_kubernetes_executor.py
[2024-05-04T12:53:13.710+0530] {logging_mixin.py:188} WARNING - /usr/local/lib/python3.10/dist-packages/airflow/serialization/serialized_objects.py:1673 DeprecationWarning: This module is deprecated. The `cncf.kubernetes` provider before version 7.4.0 uses this module - you should migrate to a newer version of `cncf.kubernetes` to get rid of this warning. If you import the module via `airflow.kubernetes` import, please use `cncf.kubernetes' provider 7.4.0+ and switch all your imports to use `apache.airflow.providers.cncf.kubernetes` to get rid of the warning.
[2024-05-04T12:53:13.714+0530] {logging_mixin.py:188} INFO - [2024-05-04T12:53:13.714+0530] {dag.py:3096} INFO - Sync 1 DAGs
[2024-05-04T12:53:13.718+0530] {logging_mixin.py:188} INFO - [2024-05-04T12:53:13.718+0530] {dag.py:3954} INFO - Setting next_dagrun for example_kubernetes_executor to None, run_after=None
[2024-05-04T12:53:13.728+0530] {processor.py:183} INFO - Processing /usr/local/lib/python3.10/dist-packages/airflow/example_dags/example_kubernetes_executor.py took 0.143 seconds
[2024-05-04T12:54:03.428+0530] {processor.py:161} INFO - Started process (PID=17382) to work on /usr/local/lib/python3.10/dist-packages/airflow/example_dags/example_kubernetes_executor.py
[2024-05-04T12:54:03.429+0530] {processor.py:830} INFO - Processing file /usr/local/lib/python3.10/dist-packages/airflow/example_dags/example_kubernetes_executor.py for tasks to queue
[2024-05-04T12:54:03.430+0530] {logging_mixin.py:188} INFO - [2024-05-04T12:54:03.430+0530] {dagbag.py:540} INFO - Filling up the DagBag from /usr/local/lib/python3.10/dist-packages/airflow/example_dags/example_kubernetes_executor.py
[2024-05-04T12:54:03.544+0530] {processor.py:840} INFO - DAG(s) 'example_kubernetes_executor' retrieved from /usr/local/lib/python3.10/dist-packages/airflow/example_dags/example_kubernetes_executor.py
[2024-05-04T12:54:03.549+0530] {logging_mixin.py:188} WARNING - /usr/local/lib/python3.10/dist-packages/airflow/serialization/serialized_objects.py:1673 DeprecationWarning: This module is deprecated. The `cncf.kubernetes` provider before version 7.4.0 uses this module - you should migrate to a newer version of `cncf.kubernetes` to get rid of this warning. If you import the module via `airflow.kubernetes` import, please use `cncf.kubernetes' provider 7.4.0+ and switch all your imports to use `apache.airflow.providers.cncf.kubernetes` to get rid of the warning.
[2024-05-04T12:54:03.553+0530] {logging_mixin.py:188} INFO - [2024-05-04T12:54:03.552+0530] {dag.py:3096} INFO - Sync 1 DAGs
[2024-05-04T12:54:03.556+0530] {logging_mixin.py:188} INFO - [2024-05-04T12:54:03.556+0530] {dag.py:3954} INFO - Setting next_dagrun for example_kubernetes_executor to None, run_after=None
[2024-05-04T12:54:03.566+0530] {processor.py:183} INFO - Processing /usr/local/lib/python3.10/dist-packages/airflow/example_dags/example_kubernetes_executor.py took 0.143 seconds
