[2024-05-04T12:10:20.195+0530] {processor.py:161} INFO - Started process (PID=7460) to work on /usr/local/lib/python3.10/dist-packages/airflow/example_dags/example_python_decorator.py
[2024-05-04T12:10:20.195+0530] {processor.py:830} INFO - Processing file /usr/local/lib/python3.10/dist-packages/airflow/example_dags/example_python_decorator.py for tasks to queue
[2024-05-04T12:10:20.196+0530] {logging_mixin.py:188} INFO - [2024-05-04T12:10:20.196+0530] {dagbag.py:540} INFO - Filling up the DagBag from /usr/local/lib/python3.10/dist-packages/airflow/example_dags/example_python_decorator.py
[2024-05-04T12:10:20.200+0530] {logging_mixin.py:188} INFO - [2024-05-04T12:10:20.200+0530] {example_python_decorator.py:80} WARNING - The virtalenv_python example task requires virtualenv, please install it.
[2024-05-04T12:10:20.201+0530] {processor.py:840} INFO - DAG(s) 'example_python_decorator' retrieved from /usr/local/lib/python3.10/dist-packages/airflow/example_dags/example_python_decorator.py
[2024-05-04T12:10:20.208+0530] {logging_mixin.py:188} INFO - [2024-05-04T12:10:20.208+0530] {dag.py:3096} INFO - Sync 1 DAGs
[2024-05-04T12:10:20.213+0530] {logging_mixin.py:188} INFO - [2024-05-04T12:10:20.213+0530] {dag.py:3954} INFO - Setting next_dagrun for example_python_decorator to None, run_after=None
[2024-05-04T12:10:20.223+0530] {processor.py:183} INFO - Processing /usr/local/lib/python3.10/dist-packages/airflow/example_dags/example_python_decorator.py took 0.034 seconds
[2024-05-04T12:11:15.783+0530] {processor.py:161} INFO - Started process (PID=7679) to work on /usr/local/lib/python3.10/dist-packages/airflow/example_dags/example_python_decorator.py
[2024-05-04T12:11:15.784+0530] {processor.py:830} INFO - Processing file /usr/local/lib/python3.10/dist-packages/airflow/example_dags/example_python_decorator.py for tasks to queue
[2024-05-04T12:11:15.785+0530] {logging_mixin.py:188} INFO - [2024-05-04T12:11:15.785+0530] {dagbag.py:540} INFO - Filling up the DagBag from /usr/local/lib/python3.10/dist-packages/airflow/example_dags/example_python_decorator.py
[2024-05-04T12:11:15.790+0530] {logging_mixin.py:188} INFO - [2024-05-04T12:11:15.790+0530] {example_python_decorator.py:80} WARNING - The virtalenv_python example task requires virtualenv, please install it.
[2024-05-04T12:11:15.791+0530] {processor.py:840} INFO - DAG(s) 'example_python_decorator' retrieved from /usr/local/lib/python3.10/dist-packages/airflow/example_dags/example_python_decorator.py
[2024-05-04T12:11:15.797+0530] {logging_mixin.py:188} INFO - [2024-05-04T12:11:15.797+0530] {dag.py:3096} INFO - Sync 1 DAGs
[2024-05-04T12:11:15.801+0530] {logging_mixin.py:188} INFO - [2024-05-04T12:11:15.801+0530] {dag.py:3954} INFO - Setting next_dagrun for example_python_decorator to None, run_after=None
[2024-05-04T12:11:15.811+0530] {processor.py:183} INFO - Processing /usr/local/lib/python3.10/dist-packages/airflow/example_dags/example_python_decorator.py took 0.031 seconds
[2024-05-04T12:12:23.225+0530] {processor.py:161} INFO - Started process (PID=8389) to work on /usr/local/lib/python3.10/dist-packages/airflow/example_dags/example_python_decorator.py
[2024-05-04T12:12:23.225+0530] {processor.py:830} INFO - Processing file /usr/local/lib/python3.10/dist-packages/airflow/example_dags/example_python_decorator.py for tasks to queue
[2024-05-04T12:12:23.226+0530] {logging_mixin.py:188} INFO - [2024-05-04T12:12:23.226+0530] {dagbag.py:540} INFO - Filling up the DagBag from /usr/local/lib/python3.10/dist-packages/airflow/example_dags/example_python_decorator.py
[2024-05-04T12:12:23.230+0530] {logging_mixin.py:188} INFO - [2024-05-04T12:12:23.230+0530] {example_python_decorator.py:80} WARNING - The virtalenv_python example task requires virtualenv, please install it.
[2024-05-04T12:12:23.230+0530] {processor.py:840} INFO - DAG(s) 'example_python_decorator' retrieved from /usr/local/lib/python3.10/dist-packages/airflow/example_dags/example_python_decorator.py
[2024-05-04T12:12:23.236+0530] {logging_mixin.py:188} INFO - [2024-05-04T12:12:23.236+0530] {dag.py:3096} INFO - Sync 1 DAGs
[2024-05-04T12:12:23.241+0530] {logging_mixin.py:188} INFO - [2024-05-04T12:12:23.240+0530] {dag.py:3954} INFO - Setting next_dagrun for example_python_decorator to None, run_after=None
[2024-05-04T12:12:23.251+0530] {processor.py:183} INFO - Processing /usr/local/lib/python3.10/dist-packages/airflow/example_dags/example_python_decorator.py took 0.030 seconds
[2024-05-04T12:13:23.542+0530] {processor.py:161} INFO - Started process (PID=8992) to work on /usr/local/lib/python3.10/dist-packages/airflow/example_dags/example_python_decorator.py
[2024-05-04T12:13:23.542+0530] {processor.py:830} INFO - Processing file /usr/local/lib/python3.10/dist-packages/airflow/example_dags/example_python_decorator.py for tasks to queue
[2024-05-04T12:13:23.543+0530] {logging_mixin.py:188} INFO - [2024-05-04T12:13:23.543+0530] {dagbag.py:540} INFO - Filling up the DagBag from /usr/local/lib/python3.10/dist-packages/airflow/example_dags/example_python_decorator.py
[2024-05-04T12:13:23.551+0530] {logging_mixin.py:188} INFO - [2024-05-04T12:13:23.551+0530] {example_python_decorator.py:80} WARNING - The virtalenv_python example task requires virtualenv, please install it.
[2024-05-04T12:13:23.551+0530] {processor.py:840} INFO - DAG(s) 'example_python_decorator' retrieved from /usr/local/lib/python3.10/dist-packages/airflow/example_dags/example_python_decorator.py
[2024-05-04T12:13:23.558+0530] {logging_mixin.py:188} INFO - [2024-05-04T12:13:23.558+0530] {dag.py:3096} INFO - Sync 1 DAGs
[2024-05-04T12:13:23.562+0530] {logging_mixin.py:188} INFO - [2024-05-04T12:13:23.562+0530] {dag.py:3954} INFO - Setting next_dagrun for example_python_decorator to None, run_after=None
[2024-05-04T12:13:23.572+0530] {processor.py:183} INFO - Processing /usr/local/lib/python3.10/dist-packages/airflow/example_dags/example_python_decorator.py took 0.036 seconds
[2024-05-04T12:14:18.354+0530] {processor.py:161} INFO - Started process (PID=9141) to work on /usr/local/lib/python3.10/dist-packages/airflow/example_dags/example_python_decorator.py
[2024-05-04T12:14:18.354+0530] {processor.py:830} INFO - Processing file /usr/local/lib/python3.10/dist-packages/airflow/example_dags/example_python_decorator.py for tasks to queue
[2024-05-04T12:14:18.356+0530] {logging_mixin.py:188} INFO - [2024-05-04T12:14:18.355+0530] {dagbag.py:540} INFO - Filling up the DagBag from /usr/local/lib/python3.10/dist-packages/airflow/example_dags/example_python_decorator.py
[2024-05-04T12:14:18.363+0530] {logging_mixin.py:188} INFO - [2024-05-04T12:14:18.363+0530] {example_python_decorator.py:80} WARNING - The virtalenv_python example task requires virtualenv, please install it.
[2024-05-04T12:14:18.363+0530] {processor.py:840} INFO - DAG(s) 'example_python_decorator' retrieved from /usr/local/lib/python3.10/dist-packages/airflow/example_dags/example_python_decorator.py
[2024-05-04T12:14:18.370+0530] {logging_mixin.py:188} INFO - [2024-05-04T12:14:18.370+0530] {dag.py:3096} INFO - Sync 1 DAGs
[2024-05-04T12:14:18.375+0530] {logging_mixin.py:188} INFO - [2024-05-04T12:14:18.374+0530] {dag.py:3954} INFO - Setting next_dagrun for example_python_decorator to None, run_after=None
[2024-05-04T12:14:18.384+0530] {processor.py:183} INFO - Processing /usr/local/lib/python3.10/dist-packages/airflow/example_dags/example_python_decorator.py took 0.036 seconds
[2024-05-04T12:15:11.447+0530] {processor.py:161} INFO - Started process (PID=9315) to work on /usr/local/lib/python3.10/dist-packages/airflow/example_dags/example_python_decorator.py
[2024-05-04T12:15:11.448+0530] {processor.py:830} INFO - Processing file /usr/local/lib/python3.10/dist-packages/airflow/example_dags/example_python_decorator.py for tasks to queue
[2024-05-04T12:15:11.450+0530] {logging_mixin.py:188} INFO - [2024-05-04T12:15:11.449+0530] {dagbag.py:540} INFO - Filling up the DagBag from /usr/local/lib/python3.10/dist-packages/airflow/example_dags/example_python_decorator.py
[2024-05-04T12:15:11.455+0530] {logging_mixin.py:188} INFO - [2024-05-04T12:15:11.455+0530] {example_python_decorator.py:80} WARNING - The virtalenv_python example task requires virtualenv, please install it.
[2024-05-04T12:15:11.455+0530] {processor.py:840} INFO - DAG(s) 'example_python_decorator' retrieved from /usr/local/lib/python3.10/dist-packages/airflow/example_dags/example_python_decorator.py
[2024-05-04T12:15:11.461+0530] {logging_mixin.py:188} INFO - [2024-05-04T12:15:11.461+0530] {dag.py:3096} INFO - Sync 1 DAGs
[2024-05-04T12:15:11.466+0530] {logging_mixin.py:188} INFO - [2024-05-04T12:15:11.466+0530] {dag.py:3954} INFO - Setting next_dagrun for example_python_decorator to None, run_after=None
[2024-05-04T12:15:11.475+0530] {processor.py:183} INFO - Processing /usr/local/lib/python3.10/dist-packages/airflow/example_dags/example_python_decorator.py took 0.036 seconds
[2024-05-04T12:16:02.602+0530] {processor.py:161} INFO - Started process (PID=9482) to work on /usr/local/lib/python3.10/dist-packages/airflow/example_dags/example_python_decorator.py
[2024-05-04T12:16:02.602+0530] {processor.py:830} INFO - Processing file /usr/local/lib/python3.10/dist-packages/airflow/example_dags/example_python_decorator.py for tasks to queue
[2024-05-04T12:16:02.604+0530] {logging_mixin.py:188} INFO - [2024-05-04T12:16:02.603+0530] {dagbag.py:540} INFO - Filling up the DagBag from /usr/local/lib/python3.10/dist-packages/airflow/example_dags/example_python_decorator.py
[2024-05-04T12:16:02.611+0530] {logging_mixin.py:188} INFO - [2024-05-04T12:16:02.611+0530] {example_python_decorator.py:80} WARNING - The virtalenv_python example task requires virtualenv, please install it.
[2024-05-04T12:16:02.612+0530] {processor.py:840} INFO - DAG(s) 'example_python_decorator' retrieved from /usr/local/lib/python3.10/dist-packages/airflow/example_dags/example_python_decorator.py
[2024-05-04T12:16:02.620+0530] {logging_mixin.py:188} INFO - [2024-05-04T12:16:02.620+0530] {dag.py:3096} INFO - Sync 1 DAGs
[2024-05-04T12:16:02.627+0530] {logging_mixin.py:188} INFO - [2024-05-04T12:16:02.627+0530] {dag.py:3954} INFO - Setting next_dagrun for example_python_decorator to None, run_after=None
[2024-05-04T12:16:02.637+0530] {processor.py:183} INFO - Processing /usr/local/lib/python3.10/dist-packages/airflow/example_dags/example_python_decorator.py took 0.040 seconds
[2024-05-04T12:16:53.712+0530] {processor.py:161} INFO - Started process (PID=9666) to work on /usr/local/lib/python3.10/dist-packages/airflow/example_dags/example_python_decorator.py
[2024-05-04T12:16:53.714+0530] {processor.py:830} INFO - Processing file /usr/local/lib/python3.10/dist-packages/airflow/example_dags/example_python_decorator.py for tasks to queue
[2024-05-04T12:16:53.715+0530] {logging_mixin.py:188} INFO - [2024-05-04T12:16:53.715+0530] {dagbag.py:540} INFO - Filling up the DagBag from /usr/local/lib/python3.10/dist-packages/airflow/example_dags/example_python_decorator.py
[2024-05-04T12:16:53.721+0530] {logging_mixin.py:188} INFO - [2024-05-04T12:16:53.721+0530] {example_python_decorator.py:80} WARNING - The virtalenv_python example task requires virtualenv, please install it.
[2024-05-04T12:16:53.721+0530] {processor.py:840} INFO - DAG(s) 'example_python_decorator' retrieved from /usr/local/lib/python3.10/dist-packages/airflow/example_dags/example_python_decorator.py
[2024-05-04T12:16:53.728+0530] {logging_mixin.py:188} INFO - [2024-05-04T12:16:53.728+0530] {dag.py:3096} INFO - Sync 1 DAGs
[2024-05-04T12:16:53.732+0530] {logging_mixin.py:188} INFO - [2024-05-04T12:16:53.732+0530] {dag.py:3954} INFO - Setting next_dagrun for example_python_decorator to None, run_after=None
[2024-05-04T12:16:53.744+0530] {processor.py:183} INFO - Processing /usr/local/lib/python3.10/dist-packages/airflow/example_dags/example_python_decorator.py took 0.037 seconds
[2024-05-04T12:17:54.627+0530] {processor.py:161} INFO - Started process (PID=10429) to work on /usr/local/lib/python3.10/dist-packages/airflow/example_dags/example_python_decorator.py
[2024-05-04T12:17:54.628+0530] {processor.py:830} INFO - Processing file /usr/local/lib/python3.10/dist-packages/airflow/example_dags/example_python_decorator.py for tasks to queue
[2024-05-04T12:17:54.629+0530] {logging_mixin.py:188} INFO - [2024-05-04T12:17:54.629+0530] {dagbag.py:540} INFO - Filling up the DagBag from /usr/local/lib/python3.10/dist-packages/airflow/example_dags/example_python_decorator.py
[2024-05-04T12:17:54.640+0530] {logging_mixin.py:188} INFO - [2024-05-04T12:17:54.639+0530] {example_python_decorator.py:80} WARNING - The virtalenv_python example task requires virtualenv, please install it.
[2024-05-04T12:17:54.640+0530] {processor.py:840} INFO - DAG(s) 'example_python_decorator' retrieved from /usr/local/lib/python3.10/dist-packages/airflow/example_dags/example_python_decorator.py
[2024-05-04T12:17:54.650+0530] {logging_mixin.py:188} INFO - [2024-05-04T12:17:54.649+0530] {dag.py:3096} INFO - Sync 1 DAGs
[2024-05-04T12:17:54.654+0530] {logging_mixin.py:188} INFO - [2024-05-04T12:17:54.654+0530] {dag.py:3954} INFO - Setting next_dagrun for example_python_decorator to None, run_after=None
[2024-05-04T12:17:54.664+0530] {processor.py:183} INFO - Processing /usr/local/lib/python3.10/dist-packages/airflow/example_dags/example_python_decorator.py took 0.045 seconds
[2024-05-04T12:19:01.712+0530] {processor.py:161} INFO - Started process (PID=10865) to work on /usr/local/lib/python3.10/dist-packages/airflow/example_dags/example_python_decorator.py
[2024-05-04T12:19:01.713+0530] {processor.py:830} INFO - Processing file /usr/local/lib/python3.10/dist-packages/airflow/example_dags/example_python_decorator.py for tasks to queue
[2024-05-04T12:19:01.714+0530] {logging_mixin.py:188} INFO - [2024-05-04T12:19:01.714+0530] {dagbag.py:540} INFO - Filling up the DagBag from /usr/local/lib/python3.10/dist-packages/airflow/example_dags/example_python_decorator.py
[2024-05-04T12:19:01.722+0530] {logging_mixin.py:188} INFO - [2024-05-04T12:19:01.722+0530] {example_python_decorator.py:80} WARNING - The virtalenv_python example task requires virtualenv, please install it.
[2024-05-04T12:19:01.722+0530] {processor.py:840} INFO - DAG(s) 'example_python_decorator' retrieved from /usr/local/lib/python3.10/dist-packages/airflow/example_dags/example_python_decorator.py
[2024-05-04T12:19:01.729+0530] {logging_mixin.py:188} INFO - [2024-05-04T12:19:01.728+0530] {dag.py:3096} INFO - Sync 1 DAGs
[2024-05-04T12:19:01.733+0530] {logging_mixin.py:188} INFO - [2024-05-04T12:19:01.733+0530] {dag.py:3954} INFO - Setting next_dagrun for example_python_decorator to None, run_after=None
[2024-05-04T12:19:01.743+0530] {processor.py:183} INFO - Processing /usr/local/lib/python3.10/dist-packages/airflow/example_dags/example_python_decorator.py took 0.035 seconds
[2024-05-04T12:19:54.188+0530] {processor.py:161} INFO - Started process (PID=11022) to work on /usr/local/lib/python3.10/dist-packages/airflow/example_dags/example_python_decorator.py
[2024-05-04T12:19:54.189+0530] {processor.py:830} INFO - Processing file /usr/local/lib/python3.10/dist-packages/airflow/example_dags/example_python_decorator.py for tasks to queue
[2024-05-04T12:19:54.190+0530] {logging_mixin.py:188} INFO - [2024-05-04T12:19:54.190+0530] {dagbag.py:540} INFO - Filling up the DagBag from /usr/local/lib/python3.10/dist-packages/airflow/example_dags/example_python_decorator.py
[2024-05-04T12:19:54.194+0530] {logging_mixin.py:188} INFO - [2024-05-04T12:19:54.194+0530] {example_python_decorator.py:80} WARNING - The virtalenv_python example task requires virtualenv, please install it.
[2024-05-04T12:19:54.194+0530] {processor.py:840} INFO - DAG(s) 'example_python_decorator' retrieved from /usr/local/lib/python3.10/dist-packages/airflow/example_dags/example_python_decorator.py
[2024-05-04T12:19:54.200+0530] {logging_mixin.py:188} INFO - [2024-05-04T12:19:54.200+0530] {dag.py:3096} INFO - Sync 1 DAGs
[2024-05-04T12:19:54.204+0530] {logging_mixin.py:188} INFO - [2024-05-04T12:19:54.204+0530] {dag.py:3954} INFO - Setting next_dagrun for example_python_decorator to None, run_after=None
[2024-05-04T12:19:54.214+0530] {processor.py:183} INFO - Processing /usr/local/lib/python3.10/dist-packages/airflow/example_dags/example_python_decorator.py took 0.032 seconds
[2024-05-04T12:21:09.700+0530] {processor.py:161} INFO - Started process (PID=11204) to work on /usr/local/lib/python3.10/dist-packages/airflow/example_dags/example_python_decorator.py
[2024-05-04T12:21:09.700+0530] {processor.py:830} INFO - Processing file /usr/local/lib/python3.10/dist-packages/airflow/example_dags/example_python_decorator.py for tasks to queue
[2024-05-04T12:21:09.702+0530] {logging_mixin.py:188} INFO - [2024-05-04T12:21:09.701+0530] {dagbag.py:540} INFO - Filling up the DagBag from /usr/local/lib/python3.10/dist-packages/airflow/example_dags/example_python_decorator.py
[2024-05-04T12:21:09.712+0530] {logging_mixin.py:188} INFO - [2024-05-04T12:21:09.712+0530] {example_python_decorator.py:80} WARNING - The virtalenv_python example task requires virtualenv, please install it.
[2024-05-04T12:21:09.713+0530] {processor.py:840} INFO - DAG(s) 'example_python_decorator' retrieved from /usr/local/lib/python3.10/dist-packages/airflow/example_dags/example_python_decorator.py
[2024-05-04T12:21:09.720+0530] {logging_mixin.py:188} INFO - [2024-05-04T12:21:09.720+0530] {dag.py:3096} INFO - Sync 1 DAGs
[2024-05-04T12:21:09.724+0530] {logging_mixin.py:188} INFO - [2024-05-04T12:21:09.724+0530] {dag.py:3954} INFO - Setting next_dagrun for example_python_decorator to None, run_after=None
[2024-05-04T12:21:09.734+0530] {processor.py:183} INFO - Processing /usr/local/lib/python3.10/dist-packages/airflow/example_dags/example_python_decorator.py took 0.037 seconds
[2024-05-04T12:22:00.681+0530] {processor.py:161} INFO - Started process (PID=11326) to work on /usr/local/lib/python3.10/dist-packages/airflow/example_dags/example_python_decorator.py
[2024-05-04T12:22:00.682+0530] {processor.py:830} INFO - Processing file /usr/local/lib/python3.10/dist-packages/airflow/example_dags/example_python_decorator.py for tasks to queue
[2024-05-04T12:22:00.683+0530] {logging_mixin.py:188} INFO - [2024-05-04T12:22:00.683+0530] {dagbag.py:540} INFO - Filling up the DagBag from /usr/local/lib/python3.10/dist-packages/airflow/example_dags/example_python_decorator.py
[2024-05-04T12:22:00.689+0530] {logging_mixin.py:188} INFO - [2024-05-04T12:22:00.689+0530] {example_python_decorator.py:80} WARNING - The virtalenv_python example task requires virtualenv, please install it.
[2024-05-04T12:22:00.689+0530] {processor.py:840} INFO - DAG(s) 'example_python_decorator' retrieved from /usr/local/lib/python3.10/dist-packages/airflow/example_dags/example_python_decorator.py
[2024-05-04T12:22:00.695+0530] {logging_mixin.py:188} INFO - [2024-05-04T12:22:00.695+0530] {dag.py:3096} INFO - Sync 1 DAGs
[2024-05-04T12:22:00.700+0530] {logging_mixin.py:188} INFO - [2024-05-04T12:22:00.699+0530] {dag.py:3954} INFO - Setting next_dagrun for example_python_decorator to None, run_after=None
[2024-05-04T12:22:00.709+0530] {processor.py:183} INFO - Processing /usr/local/lib/python3.10/dist-packages/airflow/example_dags/example_python_decorator.py took 0.037 seconds
[2024-05-04T12:22:51.414+0530] {processor.py:161} INFO - Started process (PID=11449) to work on /usr/local/lib/python3.10/dist-packages/airflow/example_dags/example_python_decorator.py
[2024-05-04T12:22:51.414+0530] {processor.py:830} INFO - Processing file /usr/local/lib/python3.10/dist-packages/airflow/example_dags/example_python_decorator.py for tasks to queue
[2024-05-04T12:22:51.415+0530] {logging_mixin.py:188} INFO - [2024-05-04T12:22:51.415+0530] {dagbag.py:540} INFO - Filling up the DagBag from /usr/local/lib/python3.10/dist-packages/airflow/example_dags/example_python_decorator.py
[2024-05-04T12:22:51.423+0530] {logging_mixin.py:188} INFO - [2024-05-04T12:22:51.422+0530] {example_python_decorator.py:80} WARNING - The virtalenv_python example task requires virtualenv, please install it.
[2024-05-04T12:22:51.423+0530] {processor.py:840} INFO - DAG(s) 'example_python_decorator' retrieved from /usr/local/lib/python3.10/dist-packages/airflow/example_dags/example_python_decorator.py
[2024-05-04T12:22:51.429+0530] {logging_mixin.py:188} INFO - [2024-05-04T12:22:51.429+0530] {dag.py:3096} INFO - Sync 1 DAGs
[2024-05-04T12:22:51.434+0530] {logging_mixin.py:188} INFO - [2024-05-04T12:22:51.434+0530] {dag.py:3954} INFO - Setting next_dagrun for example_python_decorator to None, run_after=None
[2024-05-04T12:22:51.444+0530] {processor.py:183} INFO - Processing /usr/local/lib/python3.10/dist-packages/airflow/example_dags/example_python_decorator.py took 0.036 seconds
[2024-05-04T12:23:43.292+0530] {processor.py:161} INFO - Started process (PID=11576) to work on /usr/local/lib/python3.10/dist-packages/airflow/example_dags/example_python_decorator.py
[2024-05-04T12:23:43.293+0530] {processor.py:830} INFO - Processing file /usr/local/lib/python3.10/dist-packages/airflow/example_dags/example_python_decorator.py for tasks to queue
[2024-05-04T12:23:43.293+0530] {logging_mixin.py:188} INFO - [2024-05-04T12:23:43.293+0530] {dagbag.py:540} INFO - Filling up the DagBag from /usr/local/lib/python3.10/dist-packages/airflow/example_dags/example_python_decorator.py
[2024-05-04T12:23:43.300+0530] {logging_mixin.py:188} INFO - [2024-05-04T12:23:43.300+0530] {example_python_decorator.py:80} WARNING - The virtalenv_python example task requires virtualenv, please install it.
[2024-05-04T12:23:43.301+0530] {processor.py:840} INFO - DAG(s) 'example_python_decorator' retrieved from /usr/local/lib/python3.10/dist-packages/airflow/example_dags/example_python_decorator.py
[2024-05-04T12:23:43.309+0530] {logging_mixin.py:188} INFO - [2024-05-04T12:23:43.309+0530] {dag.py:3096} INFO - Sync 1 DAGs
[2024-05-04T12:23:43.313+0530] {logging_mixin.py:188} INFO - [2024-05-04T12:23:43.313+0530] {dag.py:3954} INFO - Setting next_dagrun for example_python_decorator to None, run_after=None
[2024-05-04T12:23:43.323+0530] {processor.py:183} INFO - Processing /usr/local/lib/python3.10/dist-packages/airflow/example_dags/example_python_decorator.py took 0.035 seconds
[2024-05-04T12:24:32.864+0530] {processor.py:161} INFO - Started process (PID=11780) to work on /usr/local/lib/python3.10/dist-packages/airflow/example_dags/example_python_decorator.py
[2024-05-04T12:24:32.865+0530] {processor.py:830} INFO - Processing file /usr/local/lib/python3.10/dist-packages/airflow/example_dags/example_python_decorator.py for tasks to queue
[2024-05-04T12:24:32.865+0530] {logging_mixin.py:188} INFO - [2024-05-04T12:24:32.865+0530] {dagbag.py:540} INFO - Filling up the DagBag from /usr/local/lib/python3.10/dist-packages/airflow/example_dags/example_python_decorator.py
[2024-05-04T12:24:32.869+0530] {logging_mixin.py:188} INFO - [2024-05-04T12:24:32.869+0530] {example_python_decorator.py:80} WARNING - The virtalenv_python example task requires virtualenv, please install it.
[2024-05-04T12:24:32.869+0530] {processor.py:840} INFO - DAG(s) 'example_python_decorator' retrieved from /usr/local/lib/python3.10/dist-packages/airflow/example_dags/example_python_decorator.py
[2024-05-04T12:24:32.876+0530] {logging_mixin.py:188} INFO - [2024-05-04T12:24:32.876+0530] {dag.py:3096} INFO - Sync 1 DAGs
[2024-05-04T12:24:32.880+0530] {logging_mixin.py:188} INFO - [2024-05-04T12:24:32.880+0530] {dag.py:3954} INFO - Setting next_dagrun for example_python_decorator to None, run_after=None
[2024-05-04T12:24:32.890+0530] {processor.py:183} INFO - Processing /usr/local/lib/python3.10/dist-packages/airflow/example_dags/example_python_decorator.py took 0.029 seconds
[2024-05-04T12:25:24.138+0530] {processor.py:161} INFO - Started process (PID=11952) to work on /usr/local/lib/python3.10/dist-packages/airflow/example_dags/example_python_decorator.py
[2024-05-04T12:25:24.139+0530] {processor.py:830} INFO - Processing file /usr/local/lib/python3.10/dist-packages/airflow/example_dags/example_python_decorator.py for tasks to queue
[2024-05-04T12:25:24.139+0530] {logging_mixin.py:188} INFO - [2024-05-04T12:25:24.139+0530] {dagbag.py:540} INFO - Filling up the DagBag from /usr/local/lib/python3.10/dist-packages/airflow/example_dags/example_python_decorator.py
[2024-05-04T12:25:24.143+0530] {logging_mixin.py:188} INFO - [2024-05-04T12:25:24.143+0530] {example_python_decorator.py:80} WARNING - The virtalenv_python example task requires virtualenv, please install it.
[2024-05-04T12:25:24.143+0530] {processor.py:840} INFO - DAG(s) 'example_python_decorator' retrieved from /usr/local/lib/python3.10/dist-packages/airflow/example_dags/example_python_decorator.py
[2024-05-04T12:25:24.150+0530] {logging_mixin.py:188} INFO - [2024-05-04T12:25:24.149+0530] {dag.py:3096} INFO - Sync 1 DAGs
[2024-05-04T12:25:24.154+0530] {logging_mixin.py:188} INFO - [2024-05-04T12:25:24.154+0530] {dag.py:3954} INFO - Setting next_dagrun for example_python_decorator to None, run_after=None
[2024-05-04T12:25:24.164+0530] {processor.py:183} INFO - Processing /usr/local/lib/python3.10/dist-packages/airflow/example_dags/example_python_decorator.py took 0.032 seconds
[2024-05-04T12:26:14.203+0530] {processor.py:161} INFO - Started process (PID=12079) to work on /usr/local/lib/python3.10/dist-packages/airflow/example_dags/example_python_decorator.py
[2024-05-04T12:26:14.204+0530] {processor.py:830} INFO - Processing file /usr/local/lib/python3.10/dist-packages/airflow/example_dags/example_python_decorator.py for tasks to queue
[2024-05-04T12:26:14.206+0530] {logging_mixin.py:188} INFO - [2024-05-04T12:26:14.205+0530] {dagbag.py:540} INFO - Filling up the DagBag from /usr/local/lib/python3.10/dist-packages/airflow/example_dags/example_python_decorator.py
[2024-05-04T12:26:14.212+0530] {logging_mixin.py:188} INFO - [2024-05-04T12:26:14.212+0530] {example_python_decorator.py:80} WARNING - The virtalenv_python example task requires virtualenv, please install it.
[2024-05-04T12:26:14.212+0530] {processor.py:840} INFO - DAG(s) 'example_python_decorator' retrieved from /usr/local/lib/python3.10/dist-packages/airflow/example_dags/example_python_decorator.py
[2024-05-04T12:26:14.218+0530] {logging_mixin.py:188} INFO - [2024-05-04T12:26:14.218+0530] {dag.py:3096} INFO - Sync 1 DAGs
[2024-05-04T12:26:14.222+0530] {logging_mixin.py:188} INFO - [2024-05-04T12:26:14.222+0530] {dag.py:3954} INFO - Setting next_dagrun for example_python_decorator to None, run_after=None
[2024-05-04T12:26:14.232+0530] {processor.py:183} INFO - Processing /usr/local/lib/python3.10/dist-packages/airflow/example_dags/example_python_decorator.py took 0.037 seconds
[2024-05-04T12:27:06.024+0530] {processor.py:161} INFO - Started process (PID=12206) to work on /usr/local/lib/python3.10/dist-packages/airflow/example_dags/example_python_decorator.py
[2024-05-04T12:27:06.025+0530] {processor.py:830} INFO - Processing file /usr/local/lib/python3.10/dist-packages/airflow/example_dags/example_python_decorator.py for tasks to queue
[2024-05-04T12:27:06.026+0530] {logging_mixin.py:188} INFO - [2024-05-04T12:27:06.026+0530] {dagbag.py:540} INFO - Filling up the DagBag from /usr/local/lib/python3.10/dist-packages/airflow/example_dags/example_python_decorator.py
[2024-05-04T12:27:06.029+0530] {logging_mixin.py:188} INFO - [2024-05-04T12:27:06.029+0530] {example_python_decorator.py:80} WARNING - The virtalenv_python example task requires virtualenv, please install it.
[2024-05-04T12:27:06.030+0530] {processor.py:840} INFO - DAG(s) 'example_python_decorator' retrieved from /usr/local/lib/python3.10/dist-packages/airflow/example_dags/example_python_decorator.py
[2024-05-04T12:27:06.036+0530] {logging_mixin.py:188} INFO - [2024-05-04T12:27:06.036+0530] {dag.py:3096} INFO - Sync 1 DAGs
[2024-05-04T12:27:06.040+0530] {logging_mixin.py:188} INFO - [2024-05-04T12:27:06.040+0530] {dag.py:3954} INFO - Setting next_dagrun for example_python_decorator to None, run_after=None
[2024-05-04T12:27:06.051+0530] {processor.py:183} INFO - Processing /usr/local/lib/python3.10/dist-packages/airflow/example_dags/example_python_decorator.py took 0.029 seconds
[2024-05-04T12:27:56.633+0530] {processor.py:161} INFO - Started process (PID=12332) to work on /usr/local/lib/python3.10/dist-packages/airflow/example_dags/example_python_decorator.py
[2024-05-04T12:27:56.634+0530] {processor.py:830} INFO - Processing file /usr/local/lib/python3.10/dist-packages/airflow/example_dags/example_python_decorator.py for tasks to queue
[2024-05-04T12:27:56.634+0530] {logging_mixin.py:188} INFO - [2024-05-04T12:27:56.634+0530] {dagbag.py:540} INFO - Filling up the DagBag from /usr/local/lib/python3.10/dist-packages/airflow/example_dags/example_python_decorator.py
[2024-05-04T12:27:56.638+0530] {logging_mixin.py:188} INFO - [2024-05-04T12:27:56.638+0530] {example_python_decorator.py:80} WARNING - The virtalenv_python example task requires virtualenv, please install it.
[2024-05-04T12:27:56.638+0530] {processor.py:840} INFO - DAG(s) 'example_python_decorator' retrieved from /usr/local/lib/python3.10/dist-packages/airflow/example_dags/example_python_decorator.py
[2024-05-04T12:27:56.645+0530] {logging_mixin.py:188} INFO - [2024-05-04T12:27:56.644+0530] {dag.py:3096} INFO - Sync 1 DAGs
[2024-05-04T12:27:56.650+0530] {logging_mixin.py:188} INFO - [2024-05-04T12:27:56.649+0530] {dag.py:3954} INFO - Setting next_dagrun for example_python_decorator to None, run_after=None
[2024-05-04T12:27:56.662+0530] {processor.py:183} INFO - Processing /usr/local/lib/python3.10/dist-packages/airflow/example_dags/example_python_decorator.py took 0.033 seconds
[2024-05-04T12:28:45.900+0530] {processor.py:161} INFO - Started process (PID=12452) to work on /usr/local/lib/python3.10/dist-packages/airflow/example_dags/example_python_decorator.py
[2024-05-04T12:28:45.901+0530] {processor.py:830} INFO - Processing file /usr/local/lib/python3.10/dist-packages/airflow/example_dags/example_python_decorator.py for tasks to queue
[2024-05-04T12:28:45.901+0530] {logging_mixin.py:188} INFO - [2024-05-04T12:28:45.901+0530] {dagbag.py:540} INFO - Filling up the DagBag from /usr/local/lib/python3.10/dist-packages/airflow/example_dags/example_python_decorator.py
[2024-05-04T12:28:45.905+0530] {logging_mixin.py:188} INFO - [2024-05-04T12:28:45.905+0530] {example_python_decorator.py:80} WARNING - The virtalenv_python example task requires virtualenv, please install it.
[2024-05-04T12:28:45.905+0530] {processor.py:840} INFO - DAG(s) 'example_python_decorator' retrieved from /usr/local/lib/python3.10/dist-packages/airflow/example_dags/example_python_decorator.py
[2024-05-04T12:28:45.911+0530] {logging_mixin.py:188} INFO - [2024-05-04T12:28:45.911+0530] {dag.py:3096} INFO - Sync 1 DAGs
[2024-05-04T12:28:45.916+0530] {logging_mixin.py:188} INFO - [2024-05-04T12:28:45.916+0530] {dag.py:3954} INFO - Setting next_dagrun for example_python_decorator to None, run_after=None
[2024-05-04T12:28:45.926+0530] {processor.py:183} INFO - Processing /usr/local/lib/python3.10/dist-packages/airflow/example_dags/example_python_decorator.py took 0.030 seconds
[2024-05-04T12:29:57.093+0530] {processor.py:161} INFO - Started process (PID=12646) to work on /usr/local/lib/python3.10/dist-packages/airflow/example_dags/example_python_decorator.py
[2024-05-04T12:29:57.094+0530] {processor.py:830} INFO - Processing file /usr/local/lib/python3.10/dist-packages/airflow/example_dags/example_python_decorator.py for tasks to queue
[2024-05-04T12:29:57.095+0530] {logging_mixin.py:188} INFO - [2024-05-04T12:29:57.094+0530] {dagbag.py:540} INFO - Filling up the DagBag from /usr/local/lib/python3.10/dist-packages/airflow/example_dags/example_python_decorator.py
[2024-05-04T12:29:57.098+0530] {logging_mixin.py:188} INFO - [2024-05-04T12:29:57.098+0530] {example_python_decorator.py:80} WARNING - The virtalenv_python example task requires virtualenv, please install it.
[2024-05-04T12:29:57.099+0530] {processor.py:840} INFO - DAG(s) 'example_python_decorator' retrieved from /usr/local/lib/python3.10/dist-packages/airflow/example_dags/example_python_decorator.py
[2024-05-04T12:29:57.105+0530] {logging_mixin.py:188} INFO - [2024-05-04T12:29:57.105+0530] {dag.py:3096} INFO - Sync 1 DAGs
[2024-05-04T12:29:57.110+0530] {logging_mixin.py:188} INFO - [2024-05-04T12:29:57.110+0530] {dag.py:3954} INFO - Setting next_dagrun for example_python_decorator to None, run_after=None
[2024-05-04T12:29:57.120+0530] {processor.py:183} INFO - Processing /usr/local/lib/python3.10/dist-packages/airflow/example_dags/example_python_decorator.py took 0.031 seconds
[2024-05-04T12:30:48.963+0530] {processor.py:161} INFO - Started process (PID=12805) to work on /usr/local/lib/python3.10/dist-packages/airflow/example_dags/example_python_decorator.py
[2024-05-04T12:30:48.964+0530] {processor.py:830} INFO - Processing file /usr/local/lib/python3.10/dist-packages/airflow/example_dags/example_python_decorator.py for tasks to queue
[2024-05-04T12:30:48.965+0530] {logging_mixin.py:188} INFO - [2024-05-04T12:30:48.965+0530] {dagbag.py:540} INFO - Filling up the DagBag from /usr/local/lib/python3.10/dist-packages/airflow/example_dags/example_python_decorator.py
[2024-05-04T12:30:48.970+0530] {logging_mixin.py:188} INFO - [2024-05-04T12:30:48.970+0530] {example_python_decorator.py:80} WARNING - The virtalenv_python example task requires virtualenv, please install it.
[2024-05-04T12:30:48.970+0530] {processor.py:840} INFO - DAG(s) 'example_python_decorator' retrieved from /usr/local/lib/python3.10/dist-packages/airflow/example_dags/example_python_decorator.py
[2024-05-04T12:30:48.979+0530] {logging_mixin.py:188} INFO - [2024-05-04T12:30:48.979+0530] {dag.py:3096} INFO - Sync 1 DAGs
[2024-05-04T12:30:48.984+0530] {logging_mixin.py:188} INFO - [2024-05-04T12:30:48.984+0530] {dag.py:3954} INFO - Setting next_dagrun for example_python_decorator to None, run_after=None
[2024-05-04T12:30:48.997+0530] {processor.py:183} INFO - Processing /usr/local/lib/python3.10/dist-packages/airflow/example_dags/example_python_decorator.py took 0.038 seconds
[2024-05-04T12:31:41.850+0530] {processor.py:161} INFO - Started process (PID=12929) to work on /usr/local/lib/python3.10/dist-packages/airflow/example_dags/example_python_decorator.py
[2024-05-04T12:31:41.851+0530] {processor.py:830} INFO - Processing file /usr/local/lib/python3.10/dist-packages/airflow/example_dags/example_python_decorator.py for tasks to queue
[2024-05-04T12:31:41.852+0530] {logging_mixin.py:188} INFO - [2024-05-04T12:31:41.852+0530] {dagbag.py:540} INFO - Filling up the DagBag from /usr/local/lib/python3.10/dist-packages/airflow/example_dags/example_python_decorator.py
[2024-05-04T12:31:41.859+0530] {logging_mixin.py:188} INFO - [2024-05-04T12:31:41.859+0530] {example_python_decorator.py:80} WARNING - The virtalenv_python example task requires virtualenv, please install it.
[2024-05-04T12:31:41.860+0530] {processor.py:840} INFO - DAG(s) 'example_python_decorator' retrieved from /usr/local/lib/python3.10/dist-packages/airflow/example_dags/example_python_decorator.py
[2024-05-04T12:31:41.866+0530] {logging_mixin.py:188} INFO - [2024-05-04T12:31:41.866+0530] {dag.py:3096} INFO - Sync 1 DAGs
[2024-05-04T12:31:41.871+0530] {logging_mixin.py:188} INFO - [2024-05-04T12:31:41.871+0530] {dag.py:3954} INFO - Setting next_dagrun for example_python_decorator to None, run_after=None
[2024-05-04T12:31:41.881+0530] {processor.py:183} INFO - Processing /usr/local/lib/python3.10/dist-packages/airflow/example_dags/example_python_decorator.py took 0.036 seconds
[2024-05-04T12:32:54.658+0530] {processor.py:161} INFO - Started process (PID=13132) to work on /usr/local/lib/python3.10/dist-packages/airflow/example_dags/example_python_decorator.py
[2024-05-04T12:32:54.659+0530] {processor.py:830} INFO - Processing file /usr/local/lib/python3.10/dist-packages/airflow/example_dags/example_python_decorator.py for tasks to queue
[2024-05-04T12:32:54.660+0530] {logging_mixin.py:188} INFO - [2024-05-04T12:32:54.660+0530] {dagbag.py:540} INFO - Filling up the DagBag from /usr/local/lib/python3.10/dist-packages/airflow/example_dags/example_python_decorator.py
[2024-05-04T12:32:54.667+0530] {logging_mixin.py:188} INFO - [2024-05-04T12:32:54.667+0530] {example_python_decorator.py:80} WARNING - The virtalenv_python example task requires virtualenv, please install it.
[2024-05-04T12:32:54.668+0530] {processor.py:840} INFO - DAG(s) 'example_python_decorator' retrieved from /usr/local/lib/python3.10/dist-packages/airflow/example_dags/example_python_decorator.py
[2024-05-04T12:32:54.674+0530] {logging_mixin.py:188} INFO - [2024-05-04T12:32:54.674+0530] {dag.py:3096} INFO - Sync 1 DAGs
[2024-05-04T12:32:54.679+0530] {logging_mixin.py:188} INFO - [2024-05-04T12:32:54.679+0530] {dag.py:3954} INFO - Setting next_dagrun for example_python_decorator to None, run_after=None
[2024-05-04T12:32:54.689+0530] {processor.py:183} INFO - Processing /usr/local/lib/python3.10/dist-packages/airflow/example_dags/example_python_decorator.py took 0.036 seconds
[2024-05-04T12:33:46.813+0530] {processor.py:161} INFO - Started process (PID=13309) to work on /usr/local/lib/python3.10/dist-packages/airflow/example_dags/example_python_decorator.py
[2024-05-04T12:33:46.814+0530] {processor.py:830} INFO - Processing file /usr/local/lib/python3.10/dist-packages/airflow/example_dags/example_python_decorator.py for tasks to queue
[2024-05-04T12:33:46.815+0530] {logging_mixin.py:188} INFO - [2024-05-04T12:33:46.815+0530] {dagbag.py:540} INFO - Filling up the DagBag from /usr/local/lib/python3.10/dist-packages/airflow/example_dags/example_python_decorator.py
[2024-05-04T12:33:46.822+0530] {logging_mixin.py:188} INFO - [2024-05-04T12:33:46.822+0530] {example_python_decorator.py:80} WARNING - The virtalenv_python example task requires virtualenv, please install it.
[2024-05-04T12:33:46.822+0530] {processor.py:840} INFO - DAG(s) 'example_python_decorator' retrieved from /usr/local/lib/python3.10/dist-packages/airflow/example_dags/example_python_decorator.py
[2024-05-04T12:33:46.829+0530] {logging_mixin.py:188} INFO - [2024-05-04T12:33:46.829+0530] {dag.py:3096} INFO - Sync 1 DAGs
[2024-05-04T12:33:46.835+0530] {logging_mixin.py:188} INFO - [2024-05-04T12:33:46.835+0530] {dag.py:3954} INFO - Setting next_dagrun for example_python_decorator to None, run_after=None
[2024-05-04T12:33:46.848+0530] {processor.py:183} INFO - Processing /usr/local/lib/python3.10/dist-packages/airflow/example_dags/example_python_decorator.py took 0.040 seconds
[2024-05-04T12:34:40.205+0530] {processor.py:161} INFO - Started process (PID=13450) to work on /usr/local/lib/python3.10/dist-packages/airflow/example_dags/example_python_decorator.py
[2024-05-04T12:34:40.205+0530] {processor.py:830} INFO - Processing file /usr/local/lib/python3.10/dist-packages/airflow/example_dags/example_python_decorator.py for tasks to queue
[2024-05-04T12:34:40.206+0530] {logging_mixin.py:188} INFO - [2024-05-04T12:34:40.206+0530] {dagbag.py:540} INFO - Filling up the DagBag from /usr/local/lib/python3.10/dist-packages/airflow/example_dags/example_python_decorator.py
[2024-05-04T12:34:40.218+0530] {logging_mixin.py:188} INFO - [2024-05-04T12:34:40.218+0530] {example_python_decorator.py:80} WARNING - The virtalenv_python example task requires virtualenv, please install it.
[2024-05-04T12:34:40.219+0530] {processor.py:840} INFO - DAG(s) 'example_python_decorator' retrieved from /usr/local/lib/python3.10/dist-packages/airflow/example_dags/example_python_decorator.py
[2024-05-04T12:34:40.229+0530] {logging_mixin.py:188} INFO - [2024-05-04T12:34:40.229+0530] {dag.py:3096} INFO - Sync 1 DAGs
[2024-05-04T12:34:40.235+0530] {logging_mixin.py:188} INFO - [2024-05-04T12:34:40.235+0530] {dag.py:3954} INFO - Setting next_dagrun for example_python_decorator to None, run_after=None
[2024-05-04T12:34:40.246+0530] {processor.py:183} INFO - Processing /usr/local/lib/python3.10/dist-packages/airflow/example_dags/example_python_decorator.py took 0.044 seconds
[2024-05-04T12:35:32.133+0530] {processor.py:161} INFO - Started process (PID=13635) to work on /usr/local/lib/python3.10/dist-packages/airflow/example_dags/example_python_decorator.py
[2024-05-04T12:35:32.133+0530] {processor.py:830} INFO - Processing file /usr/local/lib/python3.10/dist-packages/airflow/example_dags/example_python_decorator.py for tasks to queue
[2024-05-04T12:35:32.134+0530] {logging_mixin.py:188} INFO - [2024-05-04T12:35:32.134+0530] {dagbag.py:540} INFO - Filling up the DagBag from /usr/local/lib/python3.10/dist-packages/airflow/example_dags/example_python_decorator.py
[2024-05-04T12:35:32.138+0530] {logging_mixin.py:188} INFO - [2024-05-04T12:35:32.138+0530] {example_python_decorator.py:80} WARNING - The virtalenv_python example task requires virtualenv, please install it.
[2024-05-04T12:35:32.138+0530] {processor.py:840} INFO - DAG(s) 'example_python_decorator' retrieved from /usr/local/lib/python3.10/dist-packages/airflow/example_dags/example_python_decorator.py
[2024-05-04T12:35:32.145+0530] {logging_mixin.py:188} INFO - [2024-05-04T12:35:32.144+0530] {dag.py:3096} INFO - Sync 1 DAGs
[2024-05-04T12:35:32.149+0530] {logging_mixin.py:188} INFO - [2024-05-04T12:35:32.149+0530] {dag.py:3954} INFO - Setting next_dagrun for example_python_decorator to None, run_after=None
[2024-05-04T12:35:32.159+0530] {processor.py:183} INFO - Processing /usr/local/lib/python3.10/dist-packages/airflow/example_dags/example_python_decorator.py took 0.029 seconds
[2024-05-04T12:36:21.842+0530] {processor.py:161} INFO - Started process (PID=13753) to work on /usr/local/lib/python3.10/dist-packages/airflow/example_dags/example_python_decorator.py
[2024-05-04T12:36:21.843+0530] {processor.py:830} INFO - Processing file /usr/local/lib/python3.10/dist-packages/airflow/example_dags/example_python_decorator.py for tasks to queue
[2024-05-04T12:36:21.844+0530] {logging_mixin.py:188} INFO - [2024-05-04T12:36:21.843+0530] {dagbag.py:540} INFO - Filling up the DagBag from /usr/local/lib/python3.10/dist-packages/airflow/example_dags/example_python_decorator.py
[2024-05-04T12:36:21.851+0530] {logging_mixin.py:188} INFO - [2024-05-04T12:36:21.851+0530] {example_python_decorator.py:80} WARNING - The virtalenv_python example task requires virtualenv, please install it.
[2024-05-04T12:36:21.852+0530] {processor.py:840} INFO - DAG(s) 'example_python_decorator' retrieved from /usr/local/lib/python3.10/dist-packages/airflow/example_dags/example_python_decorator.py
[2024-05-04T12:36:21.859+0530] {logging_mixin.py:188} INFO - [2024-05-04T12:36:21.859+0530] {dag.py:3096} INFO - Sync 1 DAGs
[2024-05-04T12:36:21.863+0530] {logging_mixin.py:188} INFO - [2024-05-04T12:36:21.863+0530] {dag.py:3954} INFO - Setting next_dagrun for example_python_decorator to None, run_after=None
[2024-05-04T12:36:21.874+0530] {processor.py:183} INFO - Processing /usr/local/lib/python3.10/dist-packages/airflow/example_dags/example_python_decorator.py took 0.036 seconds
[2024-05-04T12:37:13.901+0530] {processor.py:161} INFO - Started process (PID=13879) to work on /usr/local/lib/python3.10/dist-packages/airflow/example_dags/example_python_decorator.py
[2024-05-04T12:37:13.901+0530] {processor.py:830} INFO - Processing file /usr/local/lib/python3.10/dist-packages/airflow/example_dags/example_python_decorator.py for tasks to queue
[2024-05-04T12:37:13.902+0530] {logging_mixin.py:188} INFO - [2024-05-04T12:37:13.902+0530] {dagbag.py:540} INFO - Filling up the DagBag from /usr/local/lib/python3.10/dist-packages/airflow/example_dags/example_python_decorator.py
[2024-05-04T12:37:13.905+0530] {logging_mixin.py:188} INFO - [2024-05-04T12:37:13.905+0530] {example_python_decorator.py:80} WARNING - The virtalenv_python example task requires virtualenv, please install it.
[2024-05-04T12:37:13.906+0530] {processor.py:840} INFO - DAG(s) 'example_python_decorator' retrieved from /usr/local/lib/python3.10/dist-packages/airflow/example_dags/example_python_decorator.py
[2024-05-04T12:37:13.912+0530] {logging_mixin.py:188} INFO - [2024-05-04T12:37:13.912+0530] {dag.py:3096} INFO - Sync 1 DAGs
[2024-05-04T12:37:13.916+0530] {logging_mixin.py:188} INFO - [2024-05-04T12:37:13.916+0530] {dag.py:3954} INFO - Setting next_dagrun for example_python_decorator to None, run_after=None
[2024-05-04T12:37:13.927+0530] {processor.py:183} INFO - Processing /usr/local/lib/python3.10/dist-packages/airflow/example_dags/example_python_decorator.py took 0.029 seconds
[2024-05-04T12:38:06.837+0530] {processor.py:161} INFO - Started process (PID=14008) to work on /usr/local/lib/python3.10/dist-packages/airflow/example_dags/example_python_decorator.py
[2024-05-04T12:38:06.837+0530] {processor.py:830} INFO - Processing file /usr/local/lib/python3.10/dist-packages/airflow/example_dags/example_python_decorator.py for tasks to queue
[2024-05-04T12:38:06.838+0530] {logging_mixin.py:188} INFO - [2024-05-04T12:38:06.838+0530] {dagbag.py:540} INFO - Filling up the DagBag from /usr/local/lib/python3.10/dist-packages/airflow/example_dags/example_python_decorator.py
[2024-05-04T12:38:06.842+0530] {logging_mixin.py:188} INFO - [2024-05-04T12:38:06.842+0530] {example_python_decorator.py:80} WARNING - The virtalenv_python example task requires virtualenv, please install it.
[2024-05-04T12:38:06.842+0530] {processor.py:840} INFO - DAG(s) 'example_python_decorator' retrieved from /usr/local/lib/python3.10/dist-packages/airflow/example_dags/example_python_decorator.py
[2024-05-04T12:38:06.849+0530] {logging_mixin.py:188} INFO - [2024-05-04T12:38:06.849+0530] {dag.py:3096} INFO - Sync 1 DAGs
[2024-05-04T12:38:06.853+0530] {logging_mixin.py:188} INFO - [2024-05-04T12:38:06.853+0530] {dag.py:3954} INFO - Setting next_dagrun for example_python_decorator to None, run_after=None
[2024-05-04T12:38:06.863+0530] {processor.py:183} INFO - Processing /usr/local/lib/python3.10/dist-packages/airflow/example_dags/example_python_decorator.py took 0.031 seconds
[2024-05-04T12:38:59.743+0530] {processor.py:161} INFO - Started process (PID=14198) to work on /usr/local/lib/python3.10/dist-packages/airflow/example_dags/example_python_decorator.py
[2024-05-04T12:38:59.744+0530] {processor.py:830} INFO - Processing file /usr/local/lib/python3.10/dist-packages/airflow/example_dags/example_python_decorator.py for tasks to queue
[2024-05-04T12:38:59.745+0530] {logging_mixin.py:188} INFO - [2024-05-04T12:38:59.745+0530] {dagbag.py:540} INFO - Filling up the DagBag from /usr/local/lib/python3.10/dist-packages/airflow/example_dags/example_python_decorator.py
[2024-05-04T12:38:59.753+0530] {logging_mixin.py:188} INFO - [2024-05-04T12:38:59.753+0530] {example_python_decorator.py:80} WARNING - The virtalenv_python example task requires virtualenv, please install it.
[2024-05-04T12:38:59.753+0530] {processor.py:840} INFO - DAG(s) 'example_python_decorator' retrieved from /usr/local/lib/python3.10/dist-packages/airflow/example_dags/example_python_decorator.py
[2024-05-04T12:38:59.759+0530] {logging_mixin.py:188} INFO - [2024-05-04T12:38:59.759+0530] {dag.py:3096} INFO - Sync 1 DAGs
[2024-05-04T12:38:59.764+0530] {logging_mixin.py:188} INFO - [2024-05-04T12:38:59.764+0530] {dag.py:3954} INFO - Setting next_dagrun for example_python_decorator to None, run_after=None
[2024-05-04T12:38:59.773+0530] {processor.py:183} INFO - Processing /usr/local/lib/python3.10/dist-packages/airflow/example_dags/example_python_decorator.py took 0.036 seconds
[2024-05-04T12:39:50.966+0530] {processor.py:161} INFO - Started process (PID=14451) to work on /usr/local/lib/python3.10/dist-packages/airflow/example_dags/example_python_decorator.py
[2024-05-04T12:39:50.966+0530] {processor.py:830} INFO - Processing file /usr/local/lib/python3.10/dist-packages/airflow/example_dags/example_python_decorator.py for tasks to queue
[2024-05-04T12:39:50.967+0530] {logging_mixin.py:188} INFO - [2024-05-04T12:39:50.967+0530] {dagbag.py:540} INFO - Filling up the DagBag from /usr/local/lib/python3.10/dist-packages/airflow/example_dags/example_python_decorator.py
[2024-05-04T12:39:50.970+0530] {logging_mixin.py:188} INFO - [2024-05-04T12:39:50.970+0530] {example_python_decorator.py:80} WARNING - The virtalenv_python example task requires virtualenv, please install it.
[2024-05-04T12:39:50.971+0530] {processor.py:840} INFO - DAG(s) 'example_python_decorator' retrieved from /usr/local/lib/python3.10/dist-packages/airflow/example_dags/example_python_decorator.py
[2024-05-04T12:39:50.977+0530] {logging_mixin.py:188} INFO - [2024-05-04T12:39:50.977+0530] {dag.py:3096} INFO - Sync 1 DAGs
[2024-05-04T12:39:50.981+0530] {logging_mixin.py:188} INFO - [2024-05-04T12:39:50.981+0530] {dag.py:3954} INFO - Setting next_dagrun for example_python_decorator to None, run_after=None
[2024-05-04T12:39:50.991+0530] {processor.py:183} INFO - Processing /usr/local/lib/python3.10/dist-packages/airflow/example_dags/example_python_decorator.py took 0.031 seconds
[2024-05-04T12:41:07.056+0530] {processor.py:161} INFO - Started process (PID=14705) to work on /usr/local/lib/python3.10/dist-packages/airflow/example_dags/example_python_decorator.py
[2024-05-04T12:41:07.056+0530] {processor.py:830} INFO - Processing file /usr/local/lib/python3.10/dist-packages/airflow/example_dags/example_python_decorator.py for tasks to queue
[2024-05-04T12:41:07.057+0530] {logging_mixin.py:188} INFO - [2024-05-04T12:41:07.057+0530] {dagbag.py:540} INFO - Filling up the DagBag from /usr/local/lib/python3.10/dist-packages/airflow/example_dags/example_python_decorator.py
[2024-05-04T12:41:07.060+0530] {logging_mixin.py:188} INFO - [2024-05-04T12:41:07.060+0530] {example_python_decorator.py:80} WARNING - The virtalenv_python example task requires virtualenv, please install it.
[2024-05-04T12:41:07.061+0530] {processor.py:840} INFO - DAG(s) 'example_python_decorator' retrieved from /usr/local/lib/python3.10/dist-packages/airflow/example_dags/example_python_decorator.py
[2024-05-04T12:41:07.067+0530] {logging_mixin.py:188} INFO - [2024-05-04T12:41:07.067+0530] {dag.py:3096} INFO - Sync 1 DAGs
[2024-05-04T12:41:07.072+0530] {logging_mixin.py:188} INFO - [2024-05-04T12:41:07.072+0530] {dag.py:3954} INFO - Setting next_dagrun for example_python_decorator to None, run_after=None
[2024-05-04T12:41:07.086+0530] {processor.py:183} INFO - Processing /usr/local/lib/python3.10/dist-packages/airflow/example_dags/example_python_decorator.py took 0.033 seconds
[2024-05-04T12:41:57.757+0530] {processor.py:161} INFO - Started process (PID=14871) to work on /usr/local/lib/python3.10/dist-packages/airflow/example_dags/example_python_decorator.py
[2024-05-04T12:41:57.758+0530] {processor.py:830} INFO - Processing file /usr/local/lib/python3.10/dist-packages/airflow/example_dags/example_python_decorator.py for tasks to queue
[2024-05-04T12:41:57.759+0530] {logging_mixin.py:188} INFO - [2024-05-04T12:41:57.759+0530] {dagbag.py:540} INFO - Filling up the DagBag from /usr/local/lib/python3.10/dist-packages/airflow/example_dags/example_python_decorator.py
[2024-05-04T12:41:57.766+0530] {logging_mixin.py:188} INFO - [2024-05-04T12:41:57.766+0530] {example_python_decorator.py:80} WARNING - The virtalenv_python example task requires virtualenv, please install it.
[2024-05-04T12:41:57.766+0530] {processor.py:840} INFO - DAG(s) 'example_python_decorator' retrieved from /usr/local/lib/python3.10/dist-packages/airflow/example_dags/example_python_decorator.py
[2024-05-04T12:41:57.773+0530] {logging_mixin.py:188} INFO - [2024-05-04T12:41:57.773+0530] {dag.py:3096} INFO - Sync 1 DAGs
[2024-05-04T12:41:57.778+0530] {logging_mixin.py:188} INFO - [2024-05-04T12:41:57.778+0530] {dag.py:3954} INFO - Setting next_dagrun for example_python_decorator to None, run_after=None
[2024-05-04T12:41:57.788+0530] {processor.py:183} INFO - Processing /usr/local/lib/python3.10/dist-packages/airflow/example_dags/example_python_decorator.py took 0.036 seconds
[2024-05-04T12:42:46.101+0530] {processor.py:161} INFO - Started process (PID=15031) to work on /usr/local/lib/python3.10/dist-packages/airflow/example_dags/example_python_decorator.py
[2024-05-04T12:42:46.101+0530] {processor.py:830} INFO - Processing file /usr/local/lib/python3.10/dist-packages/airflow/example_dags/example_python_decorator.py for tasks to queue
[2024-05-04T12:42:46.103+0530] {logging_mixin.py:188} INFO - [2024-05-04T12:42:46.102+0530] {dagbag.py:540} INFO - Filling up the DagBag from /usr/local/lib/python3.10/dist-packages/airflow/example_dags/example_python_decorator.py
[2024-05-04T12:42:46.113+0530] {logging_mixin.py:188} INFO - [2024-05-04T12:42:46.112+0530] {example_python_decorator.py:80} WARNING - The virtalenv_python example task requires virtualenv, please install it.
[2024-05-04T12:42:46.114+0530] {processor.py:840} INFO - DAG(s) 'example_python_decorator' retrieved from /usr/local/lib/python3.10/dist-packages/airflow/example_dags/example_python_decorator.py
[2024-05-04T12:42:46.127+0530] {logging_mixin.py:188} INFO - [2024-05-04T12:42:46.127+0530] {dag.py:3096} INFO - Sync 1 DAGs
[2024-05-04T12:42:46.132+0530] {logging_mixin.py:188} INFO - [2024-05-04T12:42:46.131+0530] {dag.py:3954} INFO - Setting next_dagrun for example_python_decorator to None, run_after=None
[2024-05-04T12:42:46.141+0530] {processor.py:183} INFO - Processing /usr/local/lib/python3.10/dist-packages/airflow/example_dags/example_python_decorator.py took 0.046 seconds
[2024-05-04T12:43:39.061+0530] {processor.py:161} INFO - Started process (PID=15206) to work on /usr/local/lib/python3.10/dist-packages/airflow/example_dags/example_python_decorator.py
[2024-05-04T12:43:39.061+0530] {processor.py:830} INFO - Processing file /usr/local/lib/python3.10/dist-packages/airflow/example_dags/example_python_decorator.py for tasks to queue
[2024-05-04T12:43:39.062+0530] {logging_mixin.py:188} INFO - [2024-05-04T12:43:39.062+0530] {dagbag.py:540} INFO - Filling up the DagBag from /usr/local/lib/python3.10/dist-packages/airflow/example_dags/example_python_decorator.py
[2024-05-04T12:43:39.066+0530] {logging_mixin.py:188} INFO - [2024-05-04T12:43:39.066+0530] {example_python_decorator.py:80} WARNING - The virtalenv_python example task requires virtualenv, please install it.
[2024-05-04T12:43:39.067+0530] {processor.py:840} INFO - DAG(s) 'example_python_decorator' retrieved from /usr/local/lib/python3.10/dist-packages/airflow/example_dags/example_python_decorator.py
[2024-05-04T12:43:39.073+0530] {logging_mixin.py:188} INFO - [2024-05-04T12:43:39.073+0530] {dag.py:3096} INFO - Sync 1 DAGs
[2024-05-04T12:43:39.077+0530] {logging_mixin.py:188} INFO - [2024-05-04T12:43:39.077+0530] {dag.py:3954} INFO - Setting next_dagrun for example_python_decorator to None, run_after=None
[2024-05-04T12:43:39.087+0530] {processor.py:183} INFO - Processing /usr/local/lib/python3.10/dist-packages/airflow/example_dags/example_python_decorator.py took 0.028 seconds
[2024-05-04T12:44:30.861+0530] {processor.py:161} INFO - Started process (PID=15384) to work on /usr/local/lib/python3.10/dist-packages/airflow/example_dags/example_python_decorator.py
[2024-05-04T12:44:30.861+0530] {processor.py:830} INFO - Processing file /usr/local/lib/python3.10/dist-packages/airflow/example_dags/example_python_decorator.py for tasks to queue
[2024-05-04T12:44:30.863+0530] {logging_mixin.py:188} INFO - [2024-05-04T12:44:30.862+0530] {dagbag.py:540} INFO - Filling up the DagBag from /usr/local/lib/python3.10/dist-packages/airflow/example_dags/example_python_decorator.py
[2024-05-04T12:44:30.867+0530] {logging_mixin.py:188} INFO - [2024-05-04T12:44:30.867+0530] {example_python_decorator.py:80} WARNING - The virtalenv_python example task requires virtualenv, please install it.
[2024-05-04T12:44:30.867+0530] {processor.py:840} INFO - DAG(s) 'example_python_decorator' retrieved from /usr/local/lib/python3.10/dist-packages/airflow/example_dags/example_python_decorator.py
[2024-05-04T12:44:30.874+0530] {logging_mixin.py:188} INFO - [2024-05-04T12:44:30.874+0530] {dag.py:3096} INFO - Sync 1 DAGs
[2024-05-04T12:44:30.878+0530] {logging_mixin.py:188} INFO - [2024-05-04T12:44:30.878+0530] {dag.py:3954} INFO - Setting next_dagrun for example_python_decorator to None, run_after=None
[2024-05-04T12:44:30.888+0530] {processor.py:183} INFO - Processing /usr/local/lib/python3.10/dist-packages/airflow/example_dags/example_python_decorator.py took 0.034 seconds
[2024-05-04T12:45:19.531+0530] {processor.py:161} INFO - Started process (PID=15567) to work on /usr/local/lib/python3.10/dist-packages/airflow/example_dags/example_python_decorator.py
[2024-05-04T12:45:19.531+0530] {processor.py:830} INFO - Processing file /usr/local/lib/python3.10/dist-packages/airflow/example_dags/example_python_decorator.py for tasks to queue
[2024-05-04T12:45:19.532+0530] {logging_mixin.py:188} INFO - [2024-05-04T12:45:19.532+0530] {dagbag.py:540} INFO - Filling up the DagBag from /usr/local/lib/python3.10/dist-packages/airflow/example_dags/example_python_decorator.py
[2024-05-04T12:45:19.536+0530] {logging_mixin.py:188} INFO - [2024-05-04T12:45:19.536+0530] {example_python_decorator.py:80} WARNING - The virtalenv_python example task requires virtualenv, please install it.
[2024-05-04T12:45:19.536+0530] {processor.py:840} INFO - DAG(s) 'example_python_decorator' retrieved from /usr/local/lib/python3.10/dist-packages/airflow/example_dags/example_python_decorator.py
[2024-05-04T12:45:19.543+0530] {logging_mixin.py:188} INFO - [2024-05-04T12:45:19.543+0530] {dag.py:3096} INFO - Sync 1 DAGs
[2024-05-04T12:45:19.548+0530] {logging_mixin.py:188} INFO - [2024-05-04T12:45:19.548+0530] {dag.py:3954} INFO - Setting next_dagrun for example_python_decorator to None, run_after=None
[2024-05-04T12:45:19.560+0530] {processor.py:183} INFO - Processing /usr/local/lib/python3.10/dist-packages/airflow/example_dags/example_python_decorator.py took 0.032 seconds
[2024-05-04T12:46:09.368+0530] {processor.py:161} INFO - Started process (PID=15796) to work on /usr/local/lib/python3.10/dist-packages/airflow/example_dags/example_python_decorator.py
[2024-05-04T12:46:09.369+0530] {processor.py:830} INFO - Processing file /usr/local/lib/python3.10/dist-packages/airflow/example_dags/example_python_decorator.py for tasks to queue
[2024-05-04T12:46:09.370+0530] {logging_mixin.py:188} INFO - [2024-05-04T12:46:09.370+0530] {dagbag.py:540} INFO - Filling up the DagBag from /usr/local/lib/python3.10/dist-packages/airflow/example_dags/example_python_decorator.py
[2024-05-04T12:46:09.375+0530] {logging_mixin.py:188} INFO - [2024-05-04T12:46:09.375+0530] {example_python_decorator.py:80} WARNING - The virtalenv_python example task requires virtualenv, please install it.
[2024-05-04T12:46:09.376+0530] {processor.py:840} INFO - DAG(s) 'example_python_decorator' retrieved from /usr/local/lib/python3.10/dist-packages/airflow/example_dags/example_python_decorator.py
[2024-05-04T12:46:09.382+0530] {logging_mixin.py:188} INFO - [2024-05-04T12:46:09.382+0530] {dag.py:3096} INFO - Sync 1 DAGs
[2024-05-04T12:46:09.386+0530] {logging_mixin.py:188} INFO - [2024-05-04T12:46:09.386+0530] {dag.py:3954} INFO - Setting next_dagrun for example_python_decorator to None, run_after=None
[2024-05-04T12:46:09.396+0530] {processor.py:183} INFO - Processing /usr/local/lib/python3.10/dist-packages/airflow/example_dags/example_python_decorator.py took 0.036 seconds
[2024-05-04T12:47:01.802+0530] {processor.py:161} INFO - Started process (PID=15975) to work on /usr/local/lib/python3.10/dist-packages/airflow/example_dags/example_python_decorator.py
[2024-05-04T12:47:01.802+0530] {processor.py:830} INFO - Processing file /usr/local/lib/python3.10/dist-packages/airflow/example_dags/example_python_decorator.py for tasks to queue
[2024-05-04T12:47:01.803+0530] {logging_mixin.py:188} INFO - [2024-05-04T12:47:01.803+0530] {dagbag.py:540} INFO - Filling up the DagBag from /usr/local/lib/python3.10/dist-packages/airflow/example_dags/example_python_decorator.py
[2024-05-04T12:47:01.807+0530] {logging_mixin.py:188} INFO - [2024-05-04T12:47:01.807+0530] {example_python_decorator.py:80} WARNING - The virtalenv_python example task requires virtualenv, please install it.
[2024-05-04T12:47:01.807+0530] {processor.py:840} INFO - DAG(s) 'example_python_decorator' retrieved from /usr/local/lib/python3.10/dist-packages/airflow/example_dags/example_python_decorator.py
[2024-05-04T12:47:01.813+0530] {logging_mixin.py:188} INFO - [2024-05-04T12:47:01.813+0530] {dag.py:3096} INFO - Sync 1 DAGs
[2024-05-04T12:47:01.818+0530] {logging_mixin.py:188} INFO - [2024-05-04T12:47:01.817+0530] {dag.py:3954} INFO - Setting next_dagrun for example_python_decorator to None, run_after=None
[2024-05-04T12:47:01.828+0530] {processor.py:183} INFO - Processing /usr/local/lib/python3.10/dist-packages/airflow/example_dags/example_python_decorator.py took 0.030 seconds
[2024-05-04T12:47:53.607+0530] {processor.py:161} INFO - Started process (PID=16174) to work on /usr/local/lib/python3.10/dist-packages/airflow/example_dags/example_python_decorator.py
[2024-05-04T12:47:53.607+0530] {processor.py:830} INFO - Processing file /usr/local/lib/python3.10/dist-packages/airflow/example_dags/example_python_decorator.py for tasks to queue
[2024-05-04T12:47:53.609+0530] {logging_mixin.py:188} INFO - [2024-05-04T12:47:53.609+0530] {dagbag.py:540} INFO - Filling up the DagBag from /usr/local/lib/python3.10/dist-packages/airflow/example_dags/example_python_decorator.py
[2024-05-04T12:47:53.617+0530] {logging_mixin.py:188} INFO - [2024-05-04T12:47:53.616+0530] {example_python_decorator.py:80} WARNING - The virtalenv_python example task requires virtualenv, please install it.
[2024-05-04T12:47:53.617+0530] {processor.py:840} INFO - DAG(s) 'example_python_decorator' retrieved from /usr/local/lib/python3.10/dist-packages/airflow/example_dags/example_python_decorator.py
[2024-05-04T12:47:53.624+0530] {logging_mixin.py:188} INFO - [2024-05-04T12:47:53.624+0530] {dag.py:3096} INFO - Sync 1 DAGs
[2024-05-04T12:47:53.628+0530] {logging_mixin.py:188} INFO - [2024-05-04T12:47:53.628+0530] {dag.py:3954} INFO - Setting next_dagrun for example_python_decorator to None, run_after=None
[2024-05-04T12:47:53.638+0530] {processor.py:183} INFO - Processing /usr/local/lib/python3.10/dist-packages/airflow/example_dags/example_python_decorator.py took 0.036 seconds
[2024-05-04T12:48:44.291+0530] {processor.py:161} INFO - Started process (PID=16346) to work on /usr/local/lib/python3.10/dist-packages/airflow/example_dags/example_python_decorator.py
[2024-05-04T12:48:44.292+0530] {processor.py:830} INFO - Processing file /usr/local/lib/python3.10/dist-packages/airflow/example_dags/example_python_decorator.py for tasks to queue
[2024-05-04T12:48:44.292+0530] {logging_mixin.py:188} INFO - [2024-05-04T12:48:44.292+0530] {dagbag.py:540} INFO - Filling up the DagBag from /usr/local/lib/python3.10/dist-packages/airflow/example_dags/example_python_decorator.py
[2024-05-04T12:48:44.296+0530] {logging_mixin.py:188} INFO - [2024-05-04T12:48:44.296+0530] {example_python_decorator.py:80} WARNING - The virtalenv_python example task requires virtualenv, please install it.
[2024-05-04T12:48:44.296+0530] {processor.py:840} INFO - DAG(s) 'example_python_decorator' retrieved from /usr/local/lib/python3.10/dist-packages/airflow/example_dags/example_python_decorator.py
[2024-05-04T12:48:44.302+0530] {logging_mixin.py:188} INFO - [2024-05-04T12:48:44.302+0530] {dag.py:3096} INFO - Sync 1 DAGs
[2024-05-04T12:48:44.307+0530] {logging_mixin.py:188} INFO - [2024-05-04T12:48:44.307+0530] {dag.py:3954} INFO - Setting next_dagrun for example_python_decorator to None, run_after=None
[2024-05-04T12:48:44.317+0530] {processor.py:183} INFO - Processing /usr/local/lib/python3.10/dist-packages/airflow/example_dags/example_python_decorator.py took 0.030 seconds
[2024-05-04T12:49:37.395+0530] {processor.py:161} INFO - Started process (PID=16519) to work on /usr/local/lib/python3.10/dist-packages/airflow/example_dags/example_python_decorator.py
[2024-05-04T12:49:37.396+0530] {processor.py:830} INFO - Processing file /usr/local/lib/python3.10/dist-packages/airflow/example_dags/example_python_decorator.py for tasks to queue
[2024-05-04T12:49:37.397+0530] {logging_mixin.py:188} INFO - [2024-05-04T12:49:37.396+0530] {dagbag.py:540} INFO - Filling up the DagBag from /usr/local/lib/python3.10/dist-packages/airflow/example_dags/example_python_decorator.py
[2024-05-04T12:49:37.404+0530] {logging_mixin.py:188} INFO - [2024-05-04T12:49:37.404+0530] {example_python_decorator.py:80} WARNING - The virtalenv_python example task requires virtualenv, please install it.
[2024-05-04T12:49:37.404+0530] {processor.py:840} INFO - DAG(s) 'example_python_decorator' retrieved from /usr/local/lib/python3.10/dist-packages/airflow/example_dags/example_python_decorator.py
[2024-05-04T12:49:37.411+0530] {logging_mixin.py:188} INFO - [2024-05-04T12:49:37.411+0530] {dag.py:3096} INFO - Sync 1 DAGs
[2024-05-04T12:49:37.416+0530] {logging_mixin.py:188} INFO - [2024-05-04T12:49:37.415+0530] {dag.py:3954} INFO - Setting next_dagrun for example_python_decorator to None, run_after=None
[2024-05-04T12:49:37.428+0530] {processor.py:183} INFO - Processing /usr/local/lib/python3.10/dist-packages/airflow/example_dags/example_python_decorator.py took 0.038 seconds
[2024-05-04T12:50:31.052+0530] {processor.py:161} INFO - Started process (PID=16792) to work on /usr/local/lib/python3.10/dist-packages/airflow/example_dags/example_python_decorator.py
[2024-05-04T12:50:31.053+0530] {processor.py:830} INFO - Processing file /usr/local/lib/python3.10/dist-packages/airflow/example_dags/example_python_decorator.py for tasks to queue
[2024-05-04T12:50:31.054+0530] {logging_mixin.py:188} INFO - [2024-05-04T12:50:31.054+0530] {dagbag.py:540} INFO - Filling up the DagBag from /usr/local/lib/python3.10/dist-packages/airflow/example_dags/example_python_decorator.py
[2024-05-04T12:50:31.059+0530] {logging_mixin.py:188} INFO - [2024-05-04T12:50:31.059+0530] {example_python_decorator.py:80} WARNING - The virtalenv_python example task requires virtualenv, please install it.
[2024-05-04T12:50:31.059+0530] {processor.py:840} INFO - DAG(s) 'example_python_decorator' retrieved from /usr/local/lib/python3.10/dist-packages/airflow/example_dags/example_python_decorator.py
[2024-05-04T12:50:31.065+0530] {logging_mixin.py:188} INFO - [2024-05-04T12:50:31.065+0530] {dag.py:3096} INFO - Sync 1 DAGs
[2024-05-04T12:50:31.069+0530] {logging_mixin.py:188} INFO - [2024-05-04T12:50:31.069+0530] {dag.py:3954} INFO - Setting next_dagrun for example_python_decorator to None, run_after=None
[2024-05-04T12:50:31.080+0530] {processor.py:183} INFO - Processing /usr/local/lib/python3.10/dist-packages/airflow/example_dags/example_python_decorator.py took 0.034 seconds
[2024-05-04T12:51:44.920+0530] {processor.py:161} INFO - Started process (PID=16996) to work on /usr/local/lib/python3.10/dist-packages/airflow/example_dags/example_python_decorator.py
[2024-05-04T12:51:44.921+0530] {processor.py:830} INFO - Processing file /usr/local/lib/python3.10/dist-packages/airflow/example_dags/example_python_decorator.py for tasks to queue
[2024-05-04T12:51:44.921+0530] {logging_mixin.py:188} INFO - [2024-05-04T12:51:44.921+0530] {dagbag.py:540} INFO - Filling up the DagBag from /usr/local/lib/python3.10/dist-packages/airflow/example_dags/example_python_decorator.py
[2024-05-04T12:51:44.925+0530] {logging_mixin.py:188} INFO - [2024-05-04T12:51:44.925+0530] {example_python_decorator.py:80} WARNING - The virtalenv_python example task requires virtualenv, please install it.
[2024-05-04T12:51:44.925+0530] {processor.py:840} INFO - DAG(s) 'example_python_decorator' retrieved from /usr/local/lib/python3.10/dist-packages/airflow/example_dags/example_python_decorator.py
[2024-05-04T12:51:44.931+0530] {logging_mixin.py:188} INFO - [2024-05-04T12:51:44.931+0530] {dag.py:3096} INFO - Sync 1 DAGs
[2024-05-04T12:51:44.936+0530] {logging_mixin.py:188} INFO - [2024-05-04T12:51:44.936+0530] {dag.py:3954} INFO - Setting next_dagrun for example_python_decorator to None, run_after=None
[2024-05-04T12:51:44.946+0530] {processor.py:183} INFO - Processing /usr/local/lib/python3.10/dist-packages/airflow/example_dags/example_python_decorator.py took 0.032 seconds
[2024-05-04T12:52:37.068+0530] {processor.py:161} INFO - Started process (PID=17133) to work on /usr/local/lib/python3.10/dist-packages/airflow/example_dags/example_python_decorator.py
[2024-05-04T12:52:37.069+0530] {processor.py:830} INFO - Processing file /usr/local/lib/python3.10/dist-packages/airflow/example_dags/example_python_decorator.py for tasks to queue
[2024-05-04T12:52:37.070+0530] {logging_mixin.py:188} INFO - [2024-05-04T12:52:37.070+0530] {dagbag.py:540} INFO - Filling up the DagBag from /usr/local/lib/python3.10/dist-packages/airflow/example_dags/example_python_decorator.py
[2024-05-04T12:52:37.075+0530] {logging_mixin.py:188} INFO - [2024-05-04T12:52:37.075+0530] {example_python_decorator.py:80} WARNING - The virtalenv_python example task requires virtualenv, please install it.
[2024-05-04T12:52:37.076+0530] {processor.py:840} INFO - DAG(s) 'example_python_decorator' retrieved from /usr/local/lib/python3.10/dist-packages/airflow/example_dags/example_python_decorator.py
[2024-05-04T12:52:37.082+0530] {logging_mixin.py:188} INFO - [2024-05-04T12:52:37.082+0530] {dag.py:3096} INFO - Sync 1 DAGs
[2024-05-04T12:52:37.086+0530] {logging_mixin.py:188} INFO - [2024-05-04T12:52:37.086+0530] {dag.py:3954} INFO - Setting next_dagrun for example_python_decorator to None, run_after=None
[2024-05-04T12:52:37.096+0530] {processor.py:183} INFO - Processing /usr/local/lib/python3.10/dist-packages/airflow/example_dags/example_python_decorator.py took 0.037 seconds
[2024-05-04T12:53:27.401+0530] {processor.py:161} INFO - Started process (PID=17272) to work on /usr/local/lib/python3.10/dist-packages/airflow/example_dags/example_python_decorator.py
[2024-05-04T12:53:27.402+0530] {processor.py:830} INFO - Processing file /usr/local/lib/python3.10/dist-packages/airflow/example_dags/example_python_decorator.py for tasks to queue
[2024-05-04T12:53:27.404+0530] {logging_mixin.py:188} INFO - [2024-05-04T12:53:27.403+0530] {dagbag.py:540} INFO - Filling up the DagBag from /usr/local/lib/python3.10/dist-packages/airflow/example_dags/example_python_decorator.py
[2024-05-04T12:53:27.411+0530] {logging_mixin.py:188} INFO - [2024-05-04T12:53:27.411+0530] {example_python_decorator.py:80} WARNING - The virtalenv_python example task requires virtualenv, please install it.
[2024-05-04T12:53:27.411+0530] {processor.py:840} INFO - DAG(s) 'example_python_decorator' retrieved from /usr/local/lib/python3.10/dist-packages/airflow/example_dags/example_python_decorator.py
[2024-05-04T12:53:27.418+0530] {logging_mixin.py:188} INFO - [2024-05-04T12:53:27.418+0530] {dag.py:3096} INFO - Sync 1 DAGs
[2024-05-04T12:53:27.422+0530] {logging_mixin.py:188} INFO - [2024-05-04T12:53:27.422+0530] {dag.py:3954} INFO - Setting next_dagrun for example_python_decorator to None, run_after=None
[2024-05-04T12:53:27.432+0530] {processor.py:183} INFO - Processing /usr/local/lib/python3.10/dist-packages/airflow/example_dags/example_python_decorator.py took 0.036 seconds
[2024-05-04T12:54:42.319+0530] {processor.py:161} INFO - Started process (PID=17483) to work on /usr/local/lib/python3.10/dist-packages/airflow/example_dags/example_python_decorator.py
[2024-05-04T12:54:42.320+0530] {processor.py:830} INFO - Processing file /usr/local/lib/python3.10/dist-packages/airflow/example_dags/example_python_decorator.py for tasks to queue
[2024-05-04T12:54:42.321+0530] {logging_mixin.py:188} INFO - [2024-05-04T12:54:42.321+0530] {dagbag.py:540} INFO - Filling up the DagBag from /usr/local/lib/python3.10/dist-packages/airflow/example_dags/example_python_decorator.py
[2024-05-04T12:54:42.326+0530] {logging_mixin.py:188} INFO - [2024-05-04T12:54:42.326+0530] {example_python_decorator.py:80} WARNING - The virtalenv_python example task requires virtualenv, please install it.
[2024-05-04T12:54:42.326+0530] {processor.py:840} INFO - DAG(s) 'example_python_decorator' retrieved from /usr/local/lib/python3.10/dist-packages/airflow/example_dags/example_python_decorator.py
[2024-05-04T12:54:42.333+0530] {logging_mixin.py:188} INFO - [2024-05-04T12:54:42.333+0530] {dag.py:3096} INFO - Sync 1 DAGs
[2024-05-04T12:54:42.338+0530] {logging_mixin.py:188} INFO - [2024-05-04T12:54:42.338+0530] {dag.py:3954} INFO - Setting next_dagrun for example_python_decorator to None, run_after=None
[2024-05-04T12:54:42.348+0530] {processor.py:183} INFO - Processing /usr/local/lib/python3.10/dist-packages/airflow/example_dags/example_python_decorator.py took 0.033 seconds
