[2024-05-04T12:10:08.903+0530] {processor.py:161} INFO - Started process (PID=7318) to work on /usr/local/lib/python3.10/dist-packages/airflow/example_dags/example_branch_python_dop_operator_3.py
[2024-05-04T12:10:08.904+0530] {processor.py:830} INFO - Processing file /usr/local/lib/python3.10/dist-packages/airflow/example_dags/example_branch_python_dop_operator_3.py for tasks to queue
[2024-05-04T12:10:08.904+0530] {logging_mixin.py:188} INFO - [2024-05-04T12:10:08.904+0530] {dagbag.py:540} INFO - Filling up the DagBag from /usr/local/lib/python3.10/dist-packages/airflow/example_dags/example_branch_python_dop_operator_3.py
[2024-05-04T12:10:08.909+0530] {processor.py:840} INFO - DAG(s) 'example_branch_dop_operator_v3' retrieved from /usr/local/lib/python3.10/dist-packages/airflow/example_dags/example_branch_python_dop_operator_3.py
[2024-05-04T12:10:08.915+0530] {logging_mixin.py:188} INFO - [2024-05-04T12:10:08.915+0530] {dag.py:3096} INFO - Sync 1 DAGs
[2024-05-04T12:10:08.924+0530] {logging_mixin.py:188} INFO - [2024-05-04T12:10:08.924+0530] {dag.py:3954} INFO - Setting next_dagrun for example_branch_dop_operator_v3 to 2024-05-04 06:39:00+00:00, run_after=2024-05-04 06:40:00+00:00
[2024-05-04T12:10:08.935+0530] {processor.py:183} INFO - Processing /usr/local/lib/python3.10/dist-packages/airflow/example_dags/example_branch_python_dop_operator_3.py took 0.037 seconds
[2024-05-04T12:11:05.493+0530] {processor.py:161} INFO - Started process (PID=7657) to work on /usr/local/lib/python3.10/dist-packages/airflow/example_dags/example_branch_python_dop_operator_3.py
[2024-05-04T12:11:05.494+0530] {processor.py:830} INFO - Processing file /usr/local/lib/python3.10/dist-packages/airflow/example_dags/example_branch_python_dop_operator_3.py for tasks to queue
[2024-05-04T12:11:05.495+0530] {logging_mixin.py:188} INFO - [2024-05-04T12:11:05.495+0530] {dagbag.py:540} INFO - Filling up the DagBag from /usr/local/lib/python3.10/dist-packages/airflow/example_dags/example_branch_python_dop_operator_3.py
[2024-05-04T12:11:05.499+0530] {processor.py:840} INFO - DAG(s) 'example_branch_dop_operator_v3' retrieved from /usr/local/lib/python3.10/dist-packages/airflow/example_dags/example_branch_python_dop_operator_3.py
[2024-05-04T12:11:05.505+0530] {logging_mixin.py:188} INFO - [2024-05-04T12:11:05.505+0530] {dag.py:3096} INFO - Sync 1 DAGs
[2024-05-04T12:11:05.515+0530] {logging_mixin.py:188} INFO - [2024-05-04T12:11:05.515+0530] {dag.py:3954} INFO - Setting next_dagrun for example_branch_dop_operator_v3 to 2024-05-04 06:40:00+00:00, run_after=2024-05-04 06:41:00+00:00
[2024-05-04T12:11:05.525+0530] {processor.py:183} INFO - Processing /usr/local/lib/python3.10/dist-packages/airflow/example_dags/example_branch_python_dop_operator_3.py took 0.037 seconds
[2024-05-04T12:12:12.043+0530] {processor.py:161} INFO - Started process (PID=8307) to work on /usr/local/lib/python3.10/dist-packages/airflow/example_dags/example_branch_python_dop_operator_3.py
[2024-05-04T12:12:12.044+0530] {processor.py:830} INFO - Processing file /usr/local/lib/python3.10/dist-packages/airflow/example_dags/example_branch_python_dop_operator_3.py for tasks to queue
[2024-05-04T12:12:12.046+0530] {logging_mixin.py:188} INFO - [2024-05-04T12:12:12.045+0530] {dagbag.py:540} INFO - Filling up the DagBag from /usr/local/lib/python3.10/dist-packages/airflow/example_dags/example_branch_python_dop_operator_3.py
[2024-05-04T12:12:12.055+0530] {processor.py:840} INFO - DAG(s) 'example_branch_dop_operator_v3' retrieved from /usr/local/lib/python3.10/dist-packages/airflow/example_dags/example_branch_python_dop_operator_3.py
[2024-05-04T12:12:12.066+0530] {logging_mixin.py:188} INFO - [2024-05-04T12:12:12.066+0530] {dag.py:3096} INFO - Sync 1 DAGs
[2024-05-04T12:12:12.075+0530] {logging_mixin.py:188} INFO - [2024-05-04T12:12:12.075+0530] {dag.py:3954} INFO - Setting next_dagrun for example_branch_dop_operator_v3 to 2024-05-04 06:41:00+00:00, run_after=2024-05-04 06:42:00+00:00
[2024-05-04T12:12:12.084+0530] {processor.py:183} INFO - Processing /usr/local/lib/python3.10/dist-packages/airflow/example_dags/example_branch_python_dop_operator_3.py took 0.046 seconds
[2024-05-04T12:13:12.596+0530] {processor.py:161} INFO - Started process (PID=8936) to work on /usr/local/lib/python3.10/dist-packages/airflow/example_dags/example_branch_python_dop_operator_3.py
[2024-05-04T12:13:12.597+0530] {processor.py:830} INFO - Processing file /usr/local/lib/python3.10/dist-packages/airflow/example_dags/example_branch_python_dop_operator_3.py for tasks to queue
[2024-05-04T12:13:12.601+0530] {logging_mixin.py:188} INFO - [2024-05-04T12:13:12.600+0530] {dagbag.py:540} INFO - Filling up the DagBag from /usr/local/lib/python3.10/dist-packages/airflow/example_dags/example_branch_python_dop_operator_3.py
[2024-05-04T12:13:12.612+0530] {processor.py:840} INFO - DAG(s) 'example_branch_dop_operator_v3' retrieved from /usr/local/lib/python3.10/dist-packages/airflow/example_dags/example_branch_python_dop_operator_3.py
[2024-05-04T12:13:12.618+0530] {logging_mixin.py:188} INFO - [2024-05-04T12:13:12.618+0530] {dag.py:3096} INFO - Sync 1 DAGs
[2024-05-04T12:13:12.628+0530] {logging_mixin.py:188} INFO - [2024-05-04T12:13:12.628+0530] {dag.py:3954} INFO - Setting next_dagrun for example_branch_dop_operator_v3 to 2024-05-04 06:42:00+00:00, run_after=2024-05-04 06:43:00+00:00
[2024-05-04T12:13:12.637+0530] {processor.py:183} INFO - Processing /usr/local/lib/python3.10/dist-packages/airflow/example_dags/example_branch_python_dop_operator_3.py took 0.047 seconds
[2024-05-04T12:14:06.931+0530] {processor.py:161} INFO - Started process (PID=9116) to work on /usr/local/lib/python3.10/dist-packages/airflow/example_dags/example_branch_python_dop_operator_3.py
[2024-05-04T12:14:06.932+0530] {processor.py:830} INFO - Processing file /usr/local/lib/python3.10/dist-packages/airflow/example_dags/example_branch_python_dop_operator_3.py for tasks to queue
[2024-05-04T12:14:06.932+0530] {logging_mixin.py:188} INFO - [2024-05-04T12:14:06.932+0530] {dagbag.py:540} INFO - Filling up the DagBag from /usr/local/lib/python3.10/dist-packages/airflow/example_dags/example_branch_python_dop_operator_3.py
[2024-05-04T12:14:06.938+0530] {processor.py:840} INFO - DAG(s) 'example_branch_dop_operator_v3' retrieved from /usr/local/lib/python3.10/dist-packages/airflow/example_dags/example_branch_python_dop_operator_3.py
[2024-05-04T12:14:06.944+0530] {logging_mixin.py:188} INFO - [2024-05-04T12:14:06.944+0530] {dag.py:3096} INFO - Sync 1 DAGs
[2024-05-04T12:14:06.954+0530] {logging_mixin.py:188} INFO - [2024-05-04T12:14:06.954+0530] {dag.py:3954} INFO - Setting next_dagrun for example_branch_dop_operator_v3 to 2024-05-04 06:43:00+00:00, run_after=2024-05-04 06:44:00+00:00
[2024-05-04T12:14:06.964+0530] {processor.py:183} INFO - Processing /usr/local/lib/python3.10/dist-packages/airflow/example_dags/example_branch_python_dop_operator_3.py took 0.037 seconds
[2024-05-04T12:15:00.899+0530] {processor.py:161} INFO - Started process (PID=9289) to work on /usr/local/lib/python3.10/dist-packages/airflow/example_dags/example_branch_python_dop_operator_3.py
[2024-05-04T12:15:00.900+0530] {processor.py:830} INFO - Processing file /usr/local/lib/python3.10/dist-packages/airflow/example_dags/example_branch_python_dop_operator_3.py for tasks to queue
[2024-05-04T12:15:00.902+0530] {logging_mixin.py:188} INFO - [2024-05-04T12:15:00.902+0530] {dagbag.py:540} INFO - Filling up the DagBag from /usr/local/lib/python3.10/dist-packages/airflow/example_dags/example_branch_python_dop_operator_3.py
[2024-05-04T12:15:00.908+0530] {processor.py:840} INFO - DAG(s) 'example_branch_dop_operator_v3' retrieved from /usr/local/lib/python3.10/dist-packages/airflow/example_dags/example_branch_python_dop_operator_3.py
[2024-05-04T12:15:00.914+0530] {logging_mixin.py:188} INFO - [2024-05-04T12:15:00.913+0530] {dag.py:3096} INFO - Sync 1 DAGs
[2024-05-04T12:15:00.922+0530] {logging_mixin.py:188} INFO - [2024-05-04T12:15:00.922+0530] {dag.py:3954} INFO - Setting next_dagrun for example_branch_dop_operator_v3 to 2024-05-04 06:44:00+00:00, run_after=2024-05-04 06:45:00+00:00
[2024-05-04T12:15:00.932+0530] {processor.py:183} INFO - Processing /usr/local/lib/python3.10/dist-packages/airflow/example_dags/example_branch_python_dop_operator_3.py took 0.041 seconds
[2024-05-04T12:15:51.905+0530] {processor.py:161} INFO - Started process (PID=9459) to work on /usr/local/lib/python3.10/dist-packages/airflow/example_dags/example_branch_python_dop_operator_3.py
[2024-05-04T12:15:51.906+0530] {processor.py:830} INFO - Processing file /usr/local/lib/python3.10/dist-packages/airflow/example_dags/example_branch_python_dop_operator_3.py for tasks to queue
[2024-05-04T12:15:51.907+0530] {logging_mixin.py:188} INFO - [2024-05-04T12:15:51.906+0530] {dagbag.py:540} INFO - Filling up the DagBag from /usr/local/lib/python3.10/dist-packages/airflow/example_dags/example_branch_python_dop_operator_3.py
[2024-05-04T12:15:51.911+0530] {processor.py:840} INFO - DAG(s) 'example_branch_dop_operator_v3' retrieved from /usr/local/lib/python3.10/dist-packages/airflow/example_dags/example_branch_python_dop_operator_3.py
[2024-05-04T12:15:51.917+0530] {logging_mixin.py:188} INFO - [2024-05-04T12:15:51.917+0530] {dag.py:3096} INFO - Sync 1 DAGs
[2024-05-04T12:15:51.925+0530] {logging_mixin.py:188} INFO - [2024-05-04T12:15:51.925+0530] {dag.py:3954} INFO - Setting next_dagrun for example_branch_dop_operator_v3 to 2024-05-04 06:44:00+00:00, run_after=2024-05-04 06:45:00+00:00
[2024-05-04T12:15:51.935+0530] {processor.py:183} INFO - Processing /usr/local/lib/python3.10/dist-packages/airflow/example_dags/example_branch_python_dop_operator_3.py took 0.037 seconds
[2024-05-04T12:16:43.048+0530] {processor.py:161} INFO - Started process (PID=9598) to work on /usr/local/lib/python3.10/dist-packages/airflow/example_dags/example_branch_python_dop_operator_3.py
[2024-05-04T12:16:43.049+0530] {processor.py:830} INFO - Processing file /usr/local/lib/python3.10/dist-packages/airflow/example_dags/example_branch_python_dop_operator_3.py for tasks to queue
[2024-05-04T12:16:43.050+0530] {logging_mixin.py:188} INFO - [2024-05-04T12:16:43.050+0530] {dagbag.py:540} INFO - Filling up the DagBag from /usr/local/lib/python3.10/dist-packages/airflow/example_dags/example_branch_python_dop_operator_3.py
[2024-05-04T12:16:43.055+0530] {processor.py:840} INFO - DAG(s) 'example_branch_dop_operator_v3' retrieved from /usr/local/lib/python3.10/dist-packages/airflow/example_dags/example_branch_python_dop_operator_3.py
[2024-05-04T12:16:43.061+0530] {logging_mixin.py:188} INFO - [2024-05-04T12:16:43.061+0530] {dag.py:3096} INFO - Sync 1 DAGs
[2024-05-04T12:16:43.069+0530] {logging_mixin.py:188} INFO - [2024-05-04T12:16:43.069+0530] {dag.py:3954} INFO - Setting next_dagrun for example_branch_dop_operator_v3 to 2024-05-04 06:45:00+00:00, run_after=2024-05-04 06:46:00+00:00
[2024-05-04T12:16:43.079+0530] {processor.py:183} INFO - Processing /usr/local/lib/python3.10/dist-packages/airflow/example_dags/example_branch_python_dop_operator_3.py took 0.038 seconds
[2024-05-04T12:17:40.149+0530] {processor.py:161} INFO - Started process (PID=10201) to work on /usr/local/lib/python3.10/dist-packages/airflow/example_dags/example_branch_python_dop_operator_3.py
[2024-05-04T12:17:40.149+0530] {processor.py:830} INFO - Processing file /usr/local/lib/python3.10/dist-packages/airflow/example_dags/example_branch_python_dop_operator_3.py for tasks to queue
[2024-05-04T12:17:40.150+0530] {logging_mixin.py:188} INFO - [2024-05-04T12:17:40.150+0530] {dagbag.py:540} INFO - Filling up the DagBag from /usr/local/lib/python3.10/dist-packages/airflow/example_dags/example_branch_python_dop_operator_3.py
[2024-05-04T12:17:40.154+0530] {processor.py:840} INFO - DAG(s) 'example_branch_dop_operator_v3' retrieved from /usr/local/lib/python3.10/dist-packages/airflow/example_dags/example_branch_python_dop_operator_3.py
[2024-05-04T12:17:40.160+0530] {logging_mixin.py:188} INFO - [2024-05-04T12:17:40.160+0530] {dag.py:3096} INFO - Sync 1 DAGs
[2024-05-04T12:17:40.169+0530] {logging_mixin.py:188} INFO - [2024-05-04T12:17:40.169+0530] {dag.py:3954} INFO - Setting next_dagrun for example_branch_dop_operator_v3 to 2024-05-04 06:46:00+00:00, run_after=2024-05-04 06:47:00+00:00
[2024-05-04T12:17:40.179+0530] {processor.py:183} INFO - Processing /usr/local/lib/python3.10/dist-packages/airflow/example_dags/example_branch_python_dop_operator_3.py took 0.033 seconds
[2024-05-04T12:18:50.398+0530] {processor.py:161} INFO - Started process (PID=10842) to work on /usr/local/lib/python3.10/dist-packages/airflow/example_dags/example_branch_python_dop_operator_3.py
[2024-05-04T12:18:50.398+0530] {processor.py:830} INFO - Processing file /usr/local/lib/python3.10/dist-packages/airflow/example_dags/example_branch_python_dop_operator_3.py for tasks to queue
[2024-05-04T12:18:50.400+0530] {logging_mixin.py:188} INFO - [2024-05-04T12:18:50.399+0530] {dagbag.py:540} INFO - Filling up the DagBag from /usr/local/lib/python3.10/dist-packages/airflow/example_dags/example_branch_python_dop_operator_3.py
[2024-05-04T12:18:50.407+0530] {processor.py:840} INFO - DAG(s) 'example_branch_dop_operator_v3' retrieved from /usr/local/lib/python3.10/dist-packages/airflow/example_dags/example_branch_python_dop_operator_3.py
[2024-05-04T12:18:50.413+0530] {logging_mixin.py:188} INFO - [2024-05-04T12:18:50.413+0530] {dag.py:3096} INFO - Sync 1 DAGs
[2024-05-04T12:18:50.422+0530] {logging_mixin.py:188} INFO - [2024-05-04T12:18:50.422+0530] {dag.py:3954} INFO - Setting next_dagrun for example_branch_dop_operator_v3 to 2024-05-04 06:47:00+00:00, run_after=2024-05-04 06:48:00+00:00
[2024-05-04T12:18:50.432+0530] {processor.py:183} INFO - Processing /usr/local/lib/python3.10/dist-packages/airflow/example_dags/example_branch_python_dop_operator_3.py took 0.040 seconds
[2024-05-04T12:19:44.467+0530] {processor.py:161} INFO - Started process (PID=11000) to work on /usr/local/lib/python3.10/dist-packages/airflow/example_dags/example_branch_python_dop_operator_3.py
[2024-05-04T12:19:44.467+0530] {processor.py:830} INFO - Processing file /usr/local/lib/python3.10/dist-packages/airflow/example_dags/example_branch_python_dop_operator_3.py for tasks to queue
[2024-05-04T12:19:44.468+0530] {logging_mixin.py:188} INFO - [2024-05-04T12:19:44.468+0530] {dagbag.py:540} INFO - Filling up the DagBag from /usr/local/lib/python3.10/dist-packages/airflow/example_dags/example_branch_python_dop_operator_3.py
[2024-05-04T12:19:44.472+0530] {processor.py:840} INFO - DAG(s) 'example_branch_dop_operator_v3' retrieved from /usr/local/lib/python3.10/dist-packages/airflow/example_dags/example_branch_python_dop_operator_3.py
[2024-05-04T12:19:44.478+0530] {logging_mixin.py:188} INFO - [2024-05-04T12:19:44.478+0530] {dag.py:3096} INFO - Sync 1 DAGs
[2024-05-04T12:19:44.487+0530] {logging_mixin.py:188} INFO - [2024-05-04T12:19:44.487+0530] {dag.py:3954} INFO - Setting next_dagrun for example_branch_dop_operator_v3 to 2024-05-04 06:48:00+00:00, run_after=2024-05-04 06:49:00+00:00
[2024-05-04T12:19:44.497+0530] {processor.py:183} INFO - Processing /usr/local/lib/python3.10/dist-packages/airflow/example_dags/example_branch_python_dop_operator_3.py took 0.036 seconds
[2024-05-04T12:20:35.376+0530] {processor.py:161} INFO - Started process (PID=11121) to work on /usr/local/lib/python3.10/dist-packages/airflow/example_dags/example_branch_python_dop_operator_3.py
[2024-05-04T12:20:35.377+0530] {processor.py:830} INFO - Processing file /usr/local/lib/python3.10/dist-packages/airflow/example_dags/example_branch_python_dop_operator_3.py for tasks to queue
[2024-05-04T12:20:35.378+0530] {logging_mixin.py:188} INFO - [2024-05-04T12:20:35.377+0530] {dagbag.py:540} INFO - Filling up the DagBag from /usr/local/lib/python3.10/dist-packages/airflow/example_dags/example_branch_python_dop_operator_3.py
[2024-05-04T12:20:35.381+0530] {processor.py:840} INFO - DAG(s) 'example_branch_dop_operator_v3' retrieved from /usr/local/lib/python3.10/dist-packages/airflow/example_dags/example_branch_python_dop_operator_3.py
[2024-05-04T12:20:35.387+0530] {logging_mixin.py:188} INFO - [2024-05-04T12:20:35.387+0530] {dag.py:3096} INFO - Sync 1 DAGs
[2024-05-04T12:20:35.396+0530] {logging_mixin.py:188} INFO - [2024-05-04T12:20:35.396+0530] {dag.py:3954} INFO - Setting next_dagrun for example_branch_dop_operator_v3 to 2024-05-04 06:49:00+00:00, run_after=2024-05-04 06:50:00+00:00
[2024-05-04T12:20:35.406+0530] {processor.py:183} INFO - Processing /usr/local/lib/python3.10/dist-packages/airflow/example_dags/example_branch_python_dop_operator_3.py took 0.037 seconds
[2024-05-04T12:21:29.108+0530] {processor.py:161} INFO - Started process (PID=11246) to work on /usr/local/lib/python3.10/dist-packages/airflow/example_dags/example_branch_python_dop_operator_3.py
[2024-05-04T12:21:29.109+0530] {processor.py:830} INFO - Processing file /usr/local/lib/python3.10/dist-packages/airflow/example_dags/example_branch_python_dop_operator_3.py for tasks to queue
[2024-05-04T12:21:29.110+0530] {logging_mixin.py:188} INFO - [2024-05-04T12:21:29.110+0530] {dagbag.py:540} INFO - Filling up the DagBag from /usr/local/lib/python3.10/dist-packages/airflow/example_dags/example_branch_python_dop_operator_3.py
[2024-05-04T12:21:29.118+0530] {processor.py:840} INFO - DAG(s) 'example_branch_dop_operator_v3' retrieved from /usr/local/lib/python3.10/dist-packages/airflow/example_dags/example_branch_python_dop_operator_3.py
[2024-05-04T12:21:29.124+0530] {logging_mixin.py:188} INFO - [2024-05-04T12:21:29.124+0530] {dag.py:3096} INFO - Sync 1 DAGs
[2024-05-04T12:21:29.133+0530] {logging_mixin.py:188} INFO - [2024-05-04T12:21:29.133+0530] {dag.py:3954} INFO - Setting next_dagrun for example_branch_dop_operator_v3 to 2024-05-04 06:50:00+00:00, run_after=2024-05-04 06:51:00+00:00
[2024-05-04T12:21:29.144+0530] {processor.py:183} INFO - Processing /usr/local/lib/python3.10/dist-packages/airflow/example_dags/example_branch_python_dop_operator_3.py took 0.041 seconds
[2024-05-04T12:22:20.268+0530] {processor.py:161} INFO - Started process (PID=11364) to work on /usr/local/lib/python3.10/dist-packages/airflow/example_dags/example_branch_python_dop_operator_3.py
[2024-05-04T12:22:20.269+0530] {processor.py:830} INFO - Processing file /usr/local/lib/python3.10/dist-packages/airflow/example_dags/example_branch_python_dop_operator_3.py for tasks to queue
[2024-05-04T12:22:20.270+0530] {logging_mixin.py:188} INFO - [2024-05-04T12:22:20.270+0530] {dagbag.py:540} INFO - Filling up the DagBag from /usr/local/lib/python3.10/dist-packages/airflow/example_dags/example_branch_python_dop_operator_3.py
[2024-05-04T12:22:20.277+0530] {processor.py:840} INFO - DAG(s) 'example_branch_dop_operator_v3' retrieved from /usr/local/lib/python3.10/dist-packages/airflow/example_dags/example_branch_python_dop_operator_3.py
[2024-05-04T12:22:20.284+0530] {logging_mixin.py:188} INFO - [2024-05-04T12:22:20.283+0530] {dag.py:3096} INFO - Sync 1 DAGs
[2024-05-04T12:22:20.292+0530] {logging_mixin.py:188} INFO - [2024-05-04T12:22:20.292+0530] {dag.py:3954} INFO - Setting next_dagrun for example_branch_dop_operator_v3 to 2024-05-04 06:51:00+00:00, run_after=2024-05-04 06:52:00+00:00
[2024-05-04T12:22:20.303+0530] {processor.py:183} INFO - Processing /usr/local/lib/python3.10/dist-packages/airflow/example_dags/example_branch_python_dop_operator_3.py took 0.040 seconds
[2024-05-04T12:23:11.712+0530] {processor.py:161} INFO - Started process (PID=11489) to work on /usr/local/lib/python3.10/dist-packages/airflow/example_dags/example_branch_python_dop_operator_3.py
[2024-05-04T12:23:11.713+0530] {processor.py:830} INFO - Processing file /usr/local/lib/python3.10/dist-packages/airflow/example_dags/example_branch_python_dop_operator_3.py for tasks to queue
[2024-05-04T12:23:11.714+0530] {logging_mixin.py:188} INFO - [2024-05-04T12:23:11.714+0530] {dagbag.py:540} INFO - Filling up the DagBag from /usr/local/lib/python3.10/dist-packages/airflow/example_dags/example_branch_python_dop_operator_3.py
[2024-05-04T12:23:11.718+0530] {processor.py:840} INFO - DAG(s) 'example_branch_dop_operator_v3' retrieved from /usr/local/lib/python3.10/dist-packages/airflow/example_dags/example_branch_python_dop_operator_3.py
[2024-05-04T12:23:11.723+0530] {logging_mixin.py:188} INFO - [2024-05-04T12:23:11.723+0530] {dag.py:3096} INFO - Sync 1 DAGs
[2024-05-04T12:23:11.732+0530] {logging_mixin.py:188} INFO - [2024-05-04T12:23:11.732+0530] {dag.py:3954} INFO - Setting next_dagrun for example_branch_dop_operator_v3 to 2024-05-04 06:52:00+00:00, run_after=2024-05-04 06:53:00+00:00
[2024-05-04T12:23:11.742+0530] {processor.py:183} INFO - Processing /usr/local/lib/python3.10/dist-packages/airflow/example_dags/example_branch_python_dop_operator_3.py took 0.034 seconds
[2024-05-04T12:24:02.429+0530] {processor.py:161} INFO - Started process (PID=11617) to work on /usr/local/lib/python3.10/dist-packages/airflow/example_dags/example_branch_python_dop_operator_3.py
[2024-05-04T12:24:02.430+0530] {processor.py:830} INFO - Processing file /usr/local/lib/python3.10/dist-packages/airflow/example_dags/example_branch_python_dop_operator_3.py for tasks to queue
[2024-05-04T12:24:02.431+0530] {logging_mixin.py:188} INFO - [2024-05-04T12:24:02.431+0530] {dagbag.py:540} INFO - Filling up the DagBag from /usr/local/lib/python3.10/dist-packages/airflow/example_dags/example_branch_python_dop_operator_3.py
[2024-05-04T12:24:02.437+0530] {processor.py:840} INFO - DAG(s) 'example_branch_dop_operator_v3' retrieved from /usr/local/lib/python3.10/dist-packages/airflow/example_dags/example_branch_python_dop_operator_3.py
[2024-05-04T12:24:02.444+0530] {logging_mixin.py:188} INFO - [2024-05-04T12:24:02.444+0530] {dag.py:3096} INFO - Sync 1 DAGs
[2024-05-04T12:24:02.453+0530] {logging_mixin.py:188} INFO - [2024-05-04T12:24:02.453+0530] {dag.py:3954} INFO - Setting next_dagrun for example_branch_dop_operator_v3 to 2024-05-04 06:53:00+00:00, run_after=2024-05-04 06:54:00+00:00
[2024-05-04T12:24:02.464+0530] {processor.py:183} INFO - Processing /usr/local/lib/python3.10/dist-packages/airflow/example_dags/example_branch_python_dop_operator_3.py took 0.040 seconds
[2024-05-04T12:24:53.128+0530] {processor.py:161} INFO - Started process (PID=11865) to work on /usr/local/lib/python3.10/dist-packages/airflow/example_dags/example_branch_python_dop_operator_3.py
[2024-05-04T12:24:53.128+0530] {processor.py:830} INFO - Processing file /usr/local/lib/python3.10/dist-packages/airflow/example_dags/example_branch_python_dop_operator_3.py for tasks to queue
[2024-05-04T12:24:53.130+0530] {logging_mixin.py:188} INFO - [2024-05-04T12:24:53.130+0530] {dagbag.py:540} INFO - Filling up the DagBag from /usr/local/lib/python3.10/dist-packages/airflow/example_dags/example_branch_python_dop_operator_3.py
[2024-05-04T12:24:53.138+0530] {processor.py:840} INFO - DAG(s) 'example_branch_dop_operator_v3' retrieved from /usr/local/lib/python3.10/dist-packages/airflow/example_dags/example_branch_python_dop_operator_3.py
[2024-05-04T12:24:53.144+0530] {logging_mixin.py:188} INFO - [2024-05-04T12:24:53.144+0530] {dag.py:3096} INFO - Sync 1 DAGs
[2024-05-04T12:24:53.152+0530] {logging_mixin.py:188} INFO - [2024-05-04T12:24:53.152+0530] {dag.py:3954} INFO - Setting next_dagrun for example_branch_dop_operator_v3 to 2024-05-04 06:53:00+00:00, run_after=2024-05-04 06:54:00+00:00
[2024-05-04T12:24:53.162+0530] {processor.py:183} INFO - Processing /usr/local/lib/python3.10/dist-packages/airflow/example_dags/example_branch_python_dop_operator_3.py took 0.040 seconds
[2024-05-04T12:25:42.981+0530] {processor.py:161} INFO - Started process (PID=11996) to work on /usr/local/lib/python3.10/dist-packages/airflow/example_dags/example_branch_python_dop_operator_3.py
[2024-05-04T12:25:42.982+0530] {processor.py:830} INFO - Processing file /usr/local/lib/python3.10/dist-packages/airflow/example_dags/example_branch_python_dop_operator_3.py for tasks to queue
[2024-05-04T12:25:42.982+0530] {logging_mixin.py:188} INFO - [2024-05-04T12:25:42.982+0530] {dagbag.py:540} INFO - Filling up the DagBag from /usr/local/lib/python3.10/dist-packages/airflow/example_dags/example_branch_python_dop_operator_3.py
[2024-05-04T12:25:42.986+0530] {processor.py:840} INFO - DAG(s) 'example_branch_dop_operator_v3' retrieved from /usr/local/lib/python3.10/dist-packages/airflow/example_dags/example_branch_python_dop_operator_3.py
[2024-05-04T12:25:42.991+0530] {logging_mixin.py:188} INFO - [2024-05-04T12:25:42.991+0530] {dag.py:3096} INFO - Sync 1 DAGs
[2024-05-04T12:25:43.000+0530] {logging_mixin.py:188} INFO - [2024-05-04T12:25:43.000+0530] {dag.py:3954} INFO - Setting next_dagrun for example_branch_dop_operator_v3 to 2024-05-04 06:54:00+00:00, run_after=2024-05-04 06:55:00+00:00
[2024-05-04T12:25:43.010+0530] {processor.py:183} INFO - Processing /usr/local/lib/python3.10/dist-packages/airflow/example_dags/example_branch_python_dop_operator_3.py took 0.031 seconds
[2024-05-04T12:26:32.308+0530] {processor.py:161} INFO - Started process (PID=12118) to work on /usr/local/lib/python3.10/dist-packages/airflow/example_dags/example_branch_python_dop_operator_3.py
[2024-05-04T12:26:32.309+0530] {processor.py:830} INFO - Processing file /usr/local/lib/python3.10/dist-packages/airflow/example_dags/example_branch_python_dop_operator_3.py for tasks to queue
[2024-05-04T12:26:32.310+0530] {logging_mixin.py:188} INFO - [2024-05-04T12:26:32.309+0530] {dagbag.py:540} INFO - Filling up the DagBag from /usr/local/lib/python3.10/dist-packages/airflow/example_dags/example_branch_python_dop_operator_3.py
[2024-05-04T12:26:32.317+0530] {processor.py:840} INFO - DAG(s) 'example_branch_dop_operator_v3' retrieved from /usr/local/lib/python3.10/dist-packages/airflow/example_dags/example_branch_python_dop_operator_3.py
[2024-05-04T12:26:32.324+0530] {logging_mixin.py:188} INFO - [2024-05-04T12:26:32.324+0530] {dag.py:3096} INFO - Sync 1 DAGs
[2024-05-04T12:26:32.333+0530] {logging_mixin.py:188} INFO - [2024-05-04T12:26:32.333+0530] {dag.py:3954} INFO - Setting next_dagrun for example_branch_dop_operator_v3 to 2024-05-04 06:55:00+00:00, run_after=2024-05-04 06:56:00+00:00
[2024-05-04T12:26:32.344+0530] {processor.py:183} INFO - Processing /usr/local/lib/python3.10/dist-packages/airflow/example_dags/example_branch_python_dop_operator_3.py took 0.041 seconds
[2024-05-04T12:27:26.205+0530] {processor.py:161} INFO - Started process (PID=12246) to work on /usr/local/lib/python3.10/dist-packages/airflow/example_dags/example_branch_python_dop_operator_3.py
[2024-05-04T12:27:26.206+0530] {processor.py:830} INFO - Processing file /usr/local/lib/python3.10/dist-packages/airflow/example_dags/example_branch_python_dop_operator_3.py for tasks to queue
[2024-05-04T12:27:26.207+0530] {logging_mixin.py:188} INFO - [2024-05-04T12:27:26.207+0530] {dagbag.py:540} INFO - Filling up the DagBag from /usr/local/lib/python3.10/dist-packages/airflow/example_dags/example_branch_python_dop_operator_3.py
[2024-05-04T12:27:26.212+0530] {processor.py:840} INFO - DAG(s) 'example_branch_dop_operator_v3' retrieved from /usr/local/lib/python3.10/dist-packages/airflow/example_dags/example_branch_python_dop_operator_3.py
[2024-05-04T12:27:26.218+0530] {logging_mixin.py:188} INFO - [2024-05-04T12:27:26.218+0530] {dag.py:3096} INFO - Sync 1 DAGs
[2024-05-04T12:27:26.227+0530] {logging_mixin.py:188} INFO - [2024-05-04T12:27:26.227+0530] {dag.py:3954} INFO - Setting next_dagrun for example_branch_dop_operator_v3 to 2024-05-04 06:56:00+00:00, run_after=2024-05-04 06:57:00+00:00
[2024-05-04T12:27:26.237+0530] {processor.py:183} INFO - Processing /usr/local/lib/python3.10/dist-packages/airflow/example_dags/example_branch_python_dop_operator_3.py took 0.041 seconds
[2024-05-04T12:28:15.672+0530] {processor.py:161} INFO - Started process (PID=12373) to work on /usr/local/lib/python3.10/dist-packages/airflow/example_dags/example_branch_python_dop_operator_3.py
[2024-05-04T12:28:15.673+0530] {processor.py:830} INFO - Processing file /usr/local/lib/python3.10/dist-packages/airflow/example_dags/example_branch_python_dop_operator_3.py for tasks to queue
[2024-05-04T12:28:15.674+0530] {logging_mixin.py:188} INFO - [2024-05-04T12:28:15.674+0530] {dagbag.py:540} INFO - Filling up the DagBag from /usr/local/lib/python3.10/dist-packages/airflow/example_dags/example_branch_python_dop_operator_3.py
[2024-05-04T12:28:15.679+0530] {processor.py:840} INFO - DAG(s) 'example_branch_dop_operator_v3' retrieved from /usr/local/lib/python3.10/dist-packages/airflow/example_dags/example_branch_python_dop_operator_3.py
[2024-05-04T12:28:15.685+0530] {logging_mixin.py:188} INFO - [2024-05-04T12:28:15.685+0530] {dag.py:3096} INFO - Sync 1 DAGs
[2024-05-04T12:28:15.694+0530] {logging_mixin.py:188} INFO - [2024-05-04T12:28:15.693+0530] {dag.py:3954} INFO - Setting next_dagrun for example_branch_dop_operator_v3 to 2024-05-04 06:57:00+00:00, run_after=2024-05-04 06:58:00+00:00
[2024-05-04T12:28:15.703+0530] {processor.py:183} INFO - Processing /usr/local/lib/python3.10/dist-packages/airflow/example_dags/example_branch_python_dop_operator_3.py took 0.038 seconds
[2024-05-04T12:29:04.348+0530] {processor.py:161} INFO - Started process (PID=12490) to work on /usr/local/lib/python3.10/dist-packages/airflow/example_dags/example_branch_python_dop_operator_3.py
[2024-05-04T12:29:04.349+0530] {processor.py:830} INFO - Processing file /usr/local/lib/python3.10/dist-packages/airflow/example_dags/example_branch_python_dop_operator_3.py for tasks to queue
[2024-05-04T12:29:04.350+0530] {logging_mixin.py:188} INFO - [2024-05-04T12:29:04.350+0530] {dagbag.py:540} INFO - Filling up the DagBag from /usr/local/lib/python3.10/dist-packages/airflow/example_dags/example_branch_python_dop_operator_3.py
[2024-05-04T12:29:04.355+0530] {processor.py:840} INFO - DAG(s) 'example_branch_dop_operator_v3' retrieved from /usr/local/lib/python3.10/dist-packages/airflow/example_dags/example_branch_python_dop_operator_3.py
[2024-05-04T12:29:04.360+0530] {logging_mixin.py:188} INFO - [2024-05-04T12:29:04.360+0530] {dag.py:3096} INFO - Sync 1 DAGs
[2024-05-04T12:29:04.369+0530] {logging_mixin.py:188} INFO - [2024-05-04T12:29:04.369+0530] {dag.py:3954} INFO - Setting next_dagrun for example_branch_dop_operator_v3 to 2024-05-04 06:58:00+00:00, run_after=2024-05-04 06:59:00+00:00
[2024-05-04T12:29:04.379+0530] {processor.py:183} INFO - Processing /usr/local/lib/python3.10/dist-packages/airflow/example_dags/example_branch_python_dop_operator_3.py took 0.037 seconds
[2024-05-04T12:29:51.792+0530] {processor.py:161} INFO - Started process (PID=12635) to work on /usr/local/lib/python3.10/dist-packages/airflow/example_dags/example_branch_python_dop_operator_3.py
[2024-05-04T12:29:51.792+0530] {processor.py:830} INFO - Processing file /usr/local/lib/python3.10/dist-packages/airflow/example_dags/example_branch_python_dop_operator_3.py for tasks to queue
[2024-05-04T12:29:51.794+0530] {logging_mixin.py:188} INFO - [2024-05-04T12:29:51.793+0530] {dagbag.py:540} INFO - Filling up the DagBag from /usr/local/lib/python3.10/dist-packages/airflow/example_dags/example_branch_python_dop_operator_3.py
[2024-05-04T12:29:51.801+0530] {processor.py:840} INFO - DAG(s) 'example_branch_dop_operator_v3' retrieved from /usr/local/lib/python3.10/dist-packages/airflow/example_dags/example_branch_python_dop_operator_3.py
[2024-05-04T12:29:51.807+0530] {logging_mixin.py:188} INFO - [2024-05-04T12:29:51.807+0530] {dag.py:3096} INFO - Sync 1 DAGs
[2024-05-04T12:29:51.816+0530] {logging_mixin.py:188} INFO - [2024-05-04T12:29:51.816+0530] {dag.py:3954} INFO - Setting next_dagrun for example_branch_dop_operator_v3 to 2024-05-04 06:58:00+00:00, run_after=2024-05-04 06:59:00+00:00
[2024-05-04T12:29:51.826+0530] {processor.py:183} INFO - Processing /usr/local/lib/python3.10/dist-packages/airflow/example_dags/example_branch_python_dop_operator_3.py took 0.040 seconds
[2024-05-04T12:30:39.858+0530] {processor.py:161} INFO - Started process (PID=12763) to work on /usr/local/lib/python3.10/dist-packages/airflow/example_dags/example_branch_python_dop_operator_3.py
[2024-05-04T12:30:39.860+0530] {processor.py:830} INFO - Processing file /usr/local/lib/python3.10/dist-packages/airflow/example_dags/example_branch_python_dop_operator_3.py for tasks to queue
[2024-05-04T12:30:39.863+0530] {logging_mixin.py:188} INFO - [2024-05-04T12:30:39.862+0530] {dagbag.py:540} INFO - Filling up the DagBag from /usr/local/lib/python3.10/dist-packages/airflow/example_dags/example_branch_python_dop_operator_3.py
[2024-05-04T12:30:39.871+0530] {processor.py:840} INFO - DAG(s) 'example_branch_dop_operator_v3' retrieved from /usr/local/lib/python3.10/dist-packages/airflow/example_dags/example_branch_python_dop_operator_3.py
[2024-05-04T12:30:39.878+0530] {logging_mixin.py:188} INFO - [2024-05-04T12:30:39.878+0530] {dag.py:3096} INFO - Sync 1 DAGs
[2024-05-04T12:30:39.887+0530] {logging_mixin.py:188} INFO - [2024-05-04T12:30:39.887+0530] {dag.py:3954} INFO - Setting next_dagrun for example_branch_dop_operator_v3 to 2024-05-04 06:59:00+00:00, run_after=2024-05-04 07:00:00+00:00
[2024-05-04T12:30:39.898+0530] {processor.py:183} INFO - Processing /usr/local/lib/python3.10/dist-packages/airflow/example_dags/example_branch_python_dop_operator_3.py took 0.049 seconds
[2024-05-04T12:31:33.841+0530] {processor.py:161} INFO - Started process (PID=12913) to work on /usr/local/lib/python3.10/dist-packages/airflow/example_dags/example_branch_python_dop_operator_3.py
[2024-05-04T12:31:33.841+0530] {processor.py:830} INFO - Processing file /usr/local/lib/python3.10/dist-packages/airflow/example_dags/example_branch_python_dop_operator_3.py for tasks to queue
[2024-05-04T12:31:33.842+0530] {logging_mixin.py:188} INFO - [2024-05-04T12:31:33.842+0530] {dagbag.py:540} INFO - Filling up the DagBag from /usr/local/lib/python3.10/dist-packages/airflow/example_dags/example_branch_python_dop_operator_3.py
[2024-05-04T12:31:33.845+0530] {processor.py:840} INFO - DAG(s) 'example_branch_dop_operator_v3' retrieved from /usr/local/lib/python3.10/dist-packages/airflow/example_dags/example_branch_python_dop_operator_3.py
[2024-05-04T12:31:33.851+0530] {logging_mixin.py:188} INFO - [2024-05-04T12:31:33.851+0530] {dag.py:3096} INFO - Sync 1 DAGs
[2024-05-04T12:31:33.860+0530] {logging_mixin.py:188} INFO - [2024-05-04T12:31:33.860+0530] {dag.py:3954} INFO - Setting next_dagrun for example_branch_dop_operator_v3 to 2024-05-04 07:00:00+00:00, run_after=2024-05-04 07:01:00+00:00
[2024-05-04T12:31:33.871+0530] {processor.py:183} INFO - Processing /usr/local/lib/python3.10/dist-packages/airflow/example_dags/example_branch_python_dop_operator_3.py took 0.037 seconds
[2024-05-04T12:32:24.080+0530] {processor.py:161} INFO - Started process (PID=13042) to work on /usr/local/lib/python3.10/dist-packages/airflow/example_dags/example_branch_python_dop_operator_3.py
[2024-05-04T12:32:24.081+0530] {processor.py:830} INFO - Processing file /usr/local/lib/python3.10/dist-packages/airflow/example_dags/example_branch_python_dop_operator_3.py for tasks to queue
[2024-05-04T12:32:24.083+0530] {logging_mixin.py:188} INFO - [2024-05-04T12:32:24.082+0530] {dagbag.py:540} INFO - Filling up the DagBag from /usr/local/lib/python3.10/dist-packages/airflow/example_dags/example_branch_python_dop_operator_3.py
[2024-05-04T12:32:24.088+0530] {processor.py:840} INFO - DAG(s) 'example_branch_dop_operator_v3' retrieved from /usr/local/lib/python3.10/dist-packages/airflow/example_dags/example_branch_python_dop_operator_3.py
[2024-05-04T12:32:24.094+0530] {logging_mixin.py:188} INFO - [2024-05-04T12:32:24.094+0530] {dag.py:3096} INFO - Sync 1 DAGs
[2024-05-04T12:32:24.102+0530] {logging_mixin.py:188} INFO - [2024-05-04T12:32:24.102+0530] {dag.py:3954} INFO - Setting next_dagrun for example_branch_dop_operator_v3 to 2024-05-04 07:01:00+00:00, run_after=2024-05-04 07:02:00+00:00
[2024-05-04T12:32:24.114+0530] {processor.py:183} INFO - Processing /usr/local/lib/python3.10/dist-packages/airflow/example_dags/example_branch_python_dop_operator_3.py took 0.042 seconds
[2024-05-04T12:33:14.493+0530] {processor.py:161} INFO - Started process (PID=13206) to work on /usr/local/lib/python3.10/dist-packages/airflow/example_dags/example_branch_python_dop_operator_3.py
[2024-05-04T12:33:14.494+0530] {processor.py:830} INFO - Processing file /usr/local/lib/python3.10/dist-packages/airflow/example_dags/example_branch_python_dop_operator_3.py for tasks to queue
[2024-05-04T12:33:14.495+0530] {logging_mixin.py:188} INFO - [2024-05-04T12:33:14.494+0530] {dagbag.py:540} INFO - Filling up the DagBag from /usr/local/lib/python3.10/dist-packages/airflow/example_dags/example_branch_python_dop_operator_3.py
[2024-05-04T12:33:14.498+0530] {processor.py:840} INFO - DAG(s) 'example_branch_dop_operator_v3' retrieved from /usr/local/lib/python3.10/dist-packages/airflow/example_dags/example_branch_python_dop_operator_3.py
[2024-05-04T12:33:14.504+0530] {logging_mixin.py:188} INFO - [2024-05-04T12:33:14.504+0530] {dag.py:3096} INFO - Sync 1 DAGs
[2024-05-04T12:33:14.512+0530] {logging_mixin.py:188} INFO - [2024-05-04T12:33:14.512+0530] {dag.py:3954} INFO - Setting next_dagrun for example_branch_dop_operator_v3 to 2024-05-04 07:02:00+00:00, run_after=2024-05-04 07:03:00+00:00
[2024-05-04T12:33:14.522+0530] {processor.py:183} INFO - Processing /usr/local/lib/python3.10/dist-packages/airflow/example_dags/example_branch_python_dop_operator_3.py took 0.033 seconds
[2024-05-04T12:34:08.175+0530] {processor.py:161} INFO - Started process (PID=13357) to work on /usr/local/lib/python3.10/dist-packages/airflow/example_dags/example_branch_python_dop_operator_3.py
[2024-05-04T12:34:08.175+0530] {processor.py:830} INFO - Processing file /usr/local/lib/python3.10/dist-packages/airflow/example_dags/example_branch_python_dop_operator_3.py for tasks to queue
[2024-05-04T12:34:08.176+0530] {logging_mixin.py:188} INFO - [2024-05-04T12:34:08.176+0530] {dagbag.py:540} INFO - Filling up the DagBag from /usr/local/lib/python3.10/dist-packages/airflow/example_dags/example_branch_python_dop_operator_3.py
[2024-05-04T12:34:08.179+0530] {processor.py:840} INFO - DAG(s) 'example_branch_dop_operator_v3' retrieved from /usr/local/lib/python3.10/dist-packages/airflow/example_dags/example_branch_python_dop_operator_3.py
[2024-05-04T12:34:08.185+0530] {logging_mixin.py:188} INFO - [2024-05-04T12:34:08.185+0530] {dag.py:3096} INFO - Sync 1 DAGs
[2024-05-04T12:34:08.194+0530] {logging_mixin.py:188} INFO - [2024-05-04T12:34:08.194+0530] {dag.py:3954} INFO - Setting next_dagrun for example_branch_dop_operator_v3 to 2024-05-04 07:03:00+00:00, run_after=2024-05-04 07:04:00+00:00
[2024-05-04T12:34:08.205+0530] {processor.py:183} INFO - Processing /usr/local/lib/python3.10/dist-packages/airflow/example_dags/example_branch_python_dop_operator_3.py took 0.036 seconds
[2024-05-04T12:35:00.724+0530] {processor.py:161} INFO - Started process (PID=13550) to work on /usr/local/lib/python3.10/dist-packages/airflow/example_dags/example_branch_python_dop_operator_3.py
[2024-05-04T12:35:00.724+0530] {processor.py:830} INFO - Processing file /usr/local/lib/python3.10/dist-packages/airflow/example_dags/example_branch_python_dop_operator_3.py for tasks to queue
[2024-05-04T12:35:00.726+0530] {logging_mixin.py:188} INFO - [2024-05-04T12:35:00.725+0530] {dagbag.py:540} INFO - Filling up the DagBag from /usr/local/lib/python3.10/dist-packages/airflow/example_dags/example_branch_python_dop_operator_3.py
[2024-05-04T12:35:00.733+0530] {processor.py:840} INFO - DAG(s) 'example_branch_dop_operator_v3' retrieved from /usr/local/lib/python3.10/dist-packages/airflow/example_dags/example_branch_python_dop_operator_3.py
[2024-05-04T12:35:00.739+0530] {logging_mixin.py:188} INFO - [2024-05-04T12:35:00.739+0530] {dag.py:3096} INFO - Sync 1 DAGs
[2024-05-04T12:35:00.748+0530] {logging_mixin.py:188} INFO - [2024-05-04T12:35:00.748+0530] {dag.py:3954} INFO - Setting next_dagrun for example_branch_dop_operator_v3 to 2024-05-04 07:04:00+00:00, run_after=2024-05-04 07:05:00+00:00
[2024-05-04T12:35:00.759+0530] {processor.py:183} INFO - Processing /usr/local/lib/python3.10/dist-packages/airflow/example_dags/example_branch_python_dop_operator_3.py took 0.040 seconds
[2024-05-04T12:35:51.029+0530] {processor.py:161} INFO - Started process (PID=13671) to work on /usr/local/lib/python3.10/dist-packages/airflow/example_dags/example_branch_python_dop_operator_3.py
[2024-05-04T12:35:51.029+0530] {processor.py:830} INFO - Processing file /usr/local/lib/python3.10/dist-packages/airflow/example_dags/example_branch_python_dop_operator_3.py for tasks to queue
[2024-05-04T12:35:51.030+0530] {logging_mixin.py:188} INFO - [2024-05-04T12:35:51.030+0530] {dagbag.py:540} INFO - Filling up the DagBag from /usr/local/lib/python3.10/dist-packages/airflow/example_dags/example_branch_python_dop_operator_3.py
[2024-05-04T12:35:51.034+0530] {processor.py:840} INFO - DAG(s) 'example_branch_dop_operator_v3' retrieved from /usr/local/lib/python3.10/dist-packages/airflow/example_dags/example_branch_python_dop_operator_3.py
[2024-05-04T12:35:51.039+0530] {logging_mixin.py:188} INFO - [2024-05-04T12:35:51.039+0530] {dag.py:3096} INFO - Sync 1 DAGs
[2024-05-04T12:35:51.048+0530] {logging_mixin.py:188} INFO - [2024-05-04T12:35:51.048+0530] {dag.py:3954} INFO - Setting next_dagrun for example_branch_dop_operator_v3 to 2024-05-04 07:04:00+00:00, run_after=2024-05-04 07:05:00+00:00
[2024-05-04T12:35:51.059+0530] {processor.py:183} INFO - Processing /usr/local/lib/python3.10/dist-packages/airflow/example_dags/example_branch_python_dop_operator_3.py took 0.035 seconds
[2024-05-04T12:36:39.281+0530] {processor.py:161} INFO - Started process (PID=13786) to work on /usr/local/lib/python3.10/dist-packages/airflow/example_dags/example_branch_python_dop_operator_3.py
[2024-05-04T12:36:39.282+0530] {processor.py:830} INFO - Processing file /usr/local/lib/python3.10/dist-packages/airflow/example_dags/example_branch_python_dop_operator_3.py for tasks to queue
[2024-05-04T12:36:39.283+0530] {logging_mixin.py:188} INFO - [2024-05-04T12:36:39.283+0530] {dagbag.py:540} INFO - Filling up the DagBag from /usr/local/lib/python3.10/dist-packages/airflow/example_dags/example_branch_python_dop_operator_3.py
[2024-05-04T12:36:39.288+0530] {processor.py:840} INFO - DAG(s) 'example_branch_dop_operator_v3' retrieved from /usr/local/lib/python3.10/dist-packages/airflow/example_dags/example_branch_python_dop_operator_3.py
[2024-05-04T12:36:39.294+0530] {logging_mixin.py:188} INFO - [2024-05-04T12:36:39.293+0530] {dag.py:3096} INFO - Sync 1 DAGs
[2024-05-04T12:36:39.303+0530] {logging_mixin.py:188} INFO - [2024-05-04T12:36:39.303+0530] {dag.py:3954} INFO - Setting next_dagrun for example_branch_dop_operator_v3 to 2024-05-04 07:05:00+00:00, run_after=2024-05-04 07:06:00+00:00
[2024-05-04T12:36:39.313+0530] {processor.py:183} INFO - Processing /usr/local/lib/python3.10/dist-packages/airflow/example_dags/example_branch_python_dop_operator_3.py took 0.039 seconds
[2024-05-04T12:37:30.662+0530] {processor.py:161} INFO - Started process (PID=13911) to work on /usr/local/lib/python3.10/dist-packages/airflow/example_dags/example_branch_python_dop_operator_3.py
[2024-05-04T12:37:30.663+0530] {processor.py:830} INFO - Processing file /usr/local/lib/python3.10/dist-packages/airflow/example_dags/example_branch_python_dop_operator_3.py for tasks to queue
[2024-05-04T12:37:30.663+0530] {logging_mixin.py:188} INFO - [2024-05-04T12:37:30.663+0530] {dagbag.py:540} INFO - Filling up the DagBag from /usr/local/lib/python3.10/dist-packages/airflow/example_dags/example_branch_python_dop_operator_3.py
[2024-05-04T12:37:30.667+0530] {processor.py:840} INFO - DAG(s) 'example_branch_dop_operator_v3' retrieved from /usr/local/lib/python3.10/dist-packages/airflow/example_dags/example_branch_python_dop_operator_3.py
[2024-05-04T12:37:30.673+0530] {logging_mixin.py:188} INFO - [2024-05-04T12:37:30.673+0530] {dag.py:3096} INFO - Sync 1 DAGs
[2024-05-04T12:37:30.682+0530] {logging_mixin.py:188} INFO - [2024-05-04T12:37:30.682+0530] {dag.py:3954} INFO - Setting next_dagrun for example_branch_dop_operator_v3 to 2024-05-04 07:06:00+00:00, run_after=2024-05-04 07:07:00+00:00
[2024-05-04T12:37:30.691+0530] {processor.py:183} INFO - Processing /usr/local/lib/python3.10/dist-packages/airflow/example_dags/example_branch_python_dop_operator_3.py took 0.034 seconds
[2024-05-04T12:38:23.662+0530] {processor.py:161} INFO - Started process (PID=14045) to work on /usr/local/lib/python3.10/dist-packages/airflow/example_dags/example_branch_python_dop_operator_3.py
[2024-05-04T12:38:23.663+0530] {processor.py:830} INFO - Processing file /usr/local/lib/python3.10/dist-packages/airflow/example_dags/example_branch_python_dop_operator_3.py for tasks to queue
[2024-05-04T12:38:23.664+0530] {logging_mixin.py:188} INFO - [2024-05-04T12:38:23.663+0530] {dagbag.py:540} INFO - Filling up the DagBag from /usr/local/lib/python3.10/dist-packages/airflow/example_dags/example_branch_python_dop_operator_3.py
[2024-05-04T12:38:23.671+0530] {processor.py:840} INFO - DAG(s) 'example_branch_dop_operator_v3' retrieved from /usr/local/lib/python3.10/dist-packages/airflow/example_dags/example_branch_python_dop_operator_3.py
[2024-05-04T12:38:23.677+0530] {logging_mixin.py:188} INFO - [2024-05-04T12:38:23.677+0530] {dag.py:3096} INFO - Sync 1 DAGs
[2024-05-04T12:38:23.687+0530] {logging_mixin.py:188} INFO - [2024-05-04T12:38:23.687+0530] {dag.py:3954} INFO - Setting next_dagrun for example_branch_dop_operator_v3 to 2024-05-04 07:07:00+00:00, run_after=2024-05-04 07:08:00+00:00
[2024-05-04T12:38:23.698+0530] {processor.py:183} INFO - Processing /usr/local/lib/python3.10/dist-packages/airflow/example_dags/example_branch_python_dop_operator_3.py took 0.038 seconds
[2024-05-04T12:39:17.884+0530] {processor.py:161} INFO - Started process (PID=14302) to work on /usr/local/lib/python3.10/dist-packages/airflow/example_dags/example_branch_python_dop_operator_3.py
[2024-05-04T12:39:17.884+0530] {processor.py:830} INFO - Processing file /usr/local/lib/python3.10/dist-packages/airflow/example_dags/example_branch_python_dop_operator_3.py for tasks to queue
[2024-05-04T12:39:17.885+0530] {logging_mixin.py:188} INFO - [2024-05-04T12:39:17.885+0530] {dagbag.py:540} INFO - Filling up the DagBag from /usr/local/lib/python3.10/dist-packages/airflow/example_dags/example_branch_python_dop_operator_3.py
[2024-05-04T12:39:17.889+0530] {processor.py:840} INFO - DAG(s) 'example_branch_dop_operator_v3' retrieved from /usr/local/lib/python3.10/dist-packages/airflow/example_dags/example_branch_python_dop_operator_3.py
[2024-05-04T12:39:17.895+0530] {logging_mixin.py:188} INFO - [2024-05-04T12:39:17.895+0530] {dag.py:3096} INFO - Sync 1 DAGs
[2024-05-04T12:39:17.904+0530] {logging_mixin.py:188} INFO - [2024-05-04T12:39:17.904+0530] {dag.py:3954} INFO - Setting next_dagrun for example_branch_dop_operator_v3 to 2024-05-04 07:08:00+00:00, run_after=2024-05-04 07:09:00+00:00
[2024-05-04T12:39:17.914+0530] {processor.py:183} INFO - Processing /usr/local/lib/python3.10/dist-packages/airflow/example_dags/example_branch_python_dop_operator_3.py took 0.033 seconds
[2024-05-04T12:40:09.742+0530] {processor.py:161} INFO - Started process (PID=14510) to work on /usr/local/lib/python3.10/dist-packages/airflow/example_dags/example_branch_python_dop_operator_3.py
[2024-05-04T12:40:09.742+0530] {processor.py:830} INFO - Processing file /usr/local/lib/python3.10/dist-packages/airflow/example_dags/example_branch_python_dop_operator_3.py for tasks to queue
[2024-05-04T12:40:09.744+0530] {logging_mixin.py:188} INFO - [2024-05-04T12:40:09.743+0530] {dagbag.py:540} INFO - Filling up the DagBag from /usr/local/lib/python3.10/dist-packages/airflow/example_dags/example_branch_python_dop_operator_3.py
[2024-05-04T12:40:09.750+0530] {processor.py:840} INFO - DAG(s) 'example_branch_dop_operator_v3' retrieved from /usr/local/lib/python3.10/dist-packages/airflow/example_dags/example_branch_python_dop_operator_3.py
[2024-05-04T12:40:09.757+0530] {logging_mixin.py:188} INFO - [2024-05-04T12:40:09.757+0530] {dag.py:3096} INFO - Sync 1 DAGs
[2024-05-04T12:40:09.765+0530] {logging_mixin.py:188} INFO - [2024-05-04T12:40:09.765+0530] {dag.py:3954} INFO - Setting next_dagrun for example_branch_dop_operator_v3 to 2024-05-04 07:09:00+00:00, run_after=2024-05-04 07:10:00+00:00
[2024-05-04T12:40:09.775+0530] {processor.py:183} INFO - Processing /usr/local/lib/python3.10/dist-packages/airflow/example_dags/example_branch_python_dop_operator_3.py took 0.039 seconds
[2024-05-04T12:40:59.977+0530] {processor.py:161} INFO - Started process (PID=14682) to work on /usr/local/lib/python3.10/dist-packages/airflow/example_dags/example_branch_python_dop_operator_3.py
[2024-05-04T12:40:59.978+0530] {processor.py:830} INFO - Processing file /usr/local/lib/python3.10/dist-packages/airflow/example_dags/example_branch_python_dop_operator_3.py for tasks to queue
[2024-05-04T12:40:59.979+0530] {logging_mixin.py:188} INFO - [2024-05-04T12:40:59.978+0530] {dagbag.py:540} INFO - Filling up the DagBag from /usr/local/lib/python3.10/dist-packages/airflow/example_dags/example_branch_python_dop_operator_3.py
[2024-05-04T12:40:59.982+0530] {processor.py:840} INFO - DAG(s) 'example_branch_dop_operator_v3' retrieved from /usr/local/lib/python3.10/dist-packages/airflow/example_dags/example_branch_python_dop_operator_3.py
[2024-05-04T12:40:59.988+0530] {logging_mixin.py:188} INFO - [2024-05-04T12:40:59.988+0530] {dag.py:3096} INFO - Sync 1 DAGs
[2024-05-04T12:40:59.997+0530] {logging_mixin.py:188} INFO - [2024-05-04T12:40:59.997+0530] {dag.py:3954} INFO - Setting next_dagrun for example_branch_dop_operator_v3 to 2024-05-04 07:09:00+00:00, run_after=2024-05-04 07:10:00+00:00
[2024-05-04T12:41:00.008+0530] {processor.py:183} INFO - Processing /usr/local/lib/python3.10/dist-packages/airflow/example_dags/example_branch_python_dop_operator_3.py took 0.037 seconds
[2024-05-04T12:41:50.477+0530] {processor.py:161} INFO - Started process (PID=14847) to work on /usr/local/lib/python3.10/dist-packages/airflow/example_dags/example_branch_python_dop_operator_3.py
[2024-05-04T12:41:50.478+0530] {processor.py:830} INFO - Processing file /usr/local/lib/python3.10/dist-packages/airflow/example_dags/example_branch_python_dop_operator_3.py for tasks to queue
[2024-05-04T12:41:50.478+0530] {logging_mixin.py:188} INFO - [2024-05-04T12:41:50.478+0530] {dagbag.py:540} INFO - Filling up the DagBag from /usr/local/lib/python3.10/dist-packages/airflow/example_dags/example_branch_python_dop_operator_3.py
[2024-05-04T12:41:50.482+0530] {processor.py:840} INFO - DAG(s) 'example_branch_dop_operator_v3' retrieved from /usr/local/lib/python3.10/dist-packages/airflow/example_dags/example_branch_python_dop_operator_3.py
[2024-05-04T12:41:50.488+0530] {logging_mixin.py:188} INFO - [2024-05-04T12:41:50.488+0530] {dag.py:3096} INFO - Sync 1 DAGs
[2024-05-04T12:41:50.497+0530] {logging_mixin.py:188} INFO - [2024-05-04T12:41:50.497+0530] {dag.py:3954} INFO - Setting next_dagrun for example_branch_dop_operator_v3 to 2024-05-04 07:10:00+00:00, run_after=2024-05-04 07:11:00+00:00
[2024-05-04T12:41:50.510+0530] {processor.py:183} INFO - Processing /usr/local/lib/python3.10/dist-packages/airflow/example_dags/example_branch_python_dop_operator_3.py took 0.038 seconds
[2024-05-04T12:42:39.463+0530] {processor.py:161} INFO - Started process (PID=15010) to work on /usr/local/lib/python3.10/dist-packages/airflow/example_dags/example_branch_python_dop_operator_3.py
[2024-05-04T12:42:39.464+0530] {processor.py:830} INFO - Processing file /usr/local/lib/python3.10/dist-packages/airflow/example_dags/example_branch_python_dop_operator_3.py for tasks to queue
[2024-05-04T12:42:39.465+0530] {logging_mixin.py:188} INFO - [2024-05-04T12:42:39.465+0530] {dagbag.py:540} INFO - Filling up the DagBag from /usr/local/lib/python3.10/dist-packages/airflow/example_dags/example_branch_python_dop_operator_3.py
[2024-05-04T12:42:39.476+0530] {processor.py:840} INFO - DAG(s) 'example_branch_dop_operator_v3' retrieved from /usr/local/lib/python3.10/dist-packages/airflow/example_dags/example_branch_python_dop_operator_3.py
[2024-05-04T12:42:39.484+0530] {logging_mixin.py:188} INFO - [2024-05-04T12:42:39.484+0530] {dag.py:3096} INFO - Sync 1 DAGs
[2024-05-04T12:42:39.493+0530] {logging_mixin.py:188} INFO - [2024-05-04T12:42:39.492+0530] {dag.py:3954} INFO - Setting next_dagrun for example_branch_dop_operator_v3 to 2024-05-04 07:11:00+00:00, run_after=2024-05-04 07:12:00+00:00
[2024-05-04T12:42:39.503+0530] {processor.py:183} INFO - Processing /usr/local/lib/python3.10/dist-packages/airflow/example_dags/example_branch_python_dop_operator_3.py took 0.046 seconds
[2024-05-04T12:43:32.441+0530] {processor.py:161} INFO - Started process (PID=15182) to work on /usr/local/lib/python3.10/dist-packages/airflow/example_dags/example_branch_python_dop_operator_3.py
[2024-05-04T12:43:32.442+0530] {processor.py:830} INFO - Processing file /usr/local/lib/python3.10/dist-packages/airflow/example_dags/example_branch_python_dop_operator_3.py for tasks to queue
[2024-05-04T12:43:32.443+0530] {logging_mixin.py:188} INFO - [2024-05-04T12:43:32.442+0530] {dagbag.py:540} INFO - Filling up the DagBag from /usr/local/lib/python3.10/dist-packages/airflow/example_dags/example_branch_python_dop_operator_3.py
[2024-05-04T12:43:32.447+0530] {processor.py:840} INFO - DAG(s) 'example_branch_dop_operator_v3' retrieved from /usr/local/lib/python3.10/dist-packages/airflow/example_dags/example_branch_python_dop_operator_3.py
[2024-05-04T12:43:32.453+0530] {logging_mixin.py:188} INFO - [2024-05-04T12:43:32.452+0530] {dag.py:3096} INFO - Sync 1 DAGs
[2024-05-04T12:43:32.461+0530] {logging_mixin.py:188} INFO - [2024-05-04T12:43:32.461+0530] {dag.py:3954} INFO - Setting next_dagrun for example_branch_dop_operator_v3 to 2024-05-04 07:12:00+00:00, run_after=2024-05-04 07:13:00+00:00
[2024-05-04T12:43:32.471+0530] {processor.py:183} INFO - Processing /usr/local/lib/python3.10/dist-packages/airflow/example_dags/example_branch_python_dop_operator_3.py took 0.037 seconds
[2024-05-04T12:44:24.033+0530] {processor.py:161} INFO - Started process (PID=15364) to work on /usr/local/lib/python3.10/dist-packages/airflow/example_dags/example_branch_python_dop_operator_3.py
[2024-05-04T12:44:24.034+0530] {processor.py:830} INFO - Processing file /usr/local/lib/python3.10/dist-packages/airflow/example_dags/example_branch_python_dop_operator_3.py for tasks to queue
[2024-05-04T12:44:24.035+0530] {logging_mixin.py:188} INFO - [2024-05-04T12:44:24.034+0530] {dagbag.py:540} INFO - Filling up the DagBag from /usr/local/lib/python3.10/dist-packages/airflow/example_dags/example_branch_python_dop_operator_3.py
[2024-05-04T12:44:24.038+0530] {processor.py:840} INFO - DAG(s) 'example_branch_dop_operator_v3' retrieved from /usr/local/lib/python3.10/dist-packages/airflow/example_dags/example_branch_python_dop_operator_3.py
[2024-05-04T12:44:24.044+0530] {logging_mixin.py:188} INFO - [2024-05-04T12:44:24.044+0530] {dag.py:3096} INFO - Sync 1 DAGs
[2024-05-04T12:44:24.053+0530] {logging_mixin.py:188} INFO - [2024-05-04T12:44:24.053+0530] {dag.py:3954} INFO - Setting next_dagrun for example_branch_dop_operator_v3 to 2024-05-04 07:13:00+00:00, run_after=2024-05-04 07:14:00+00:00
[2024-05-04T12:44:24.063+0530] {processor.py:183} INFO - Processing /usr/local/lib/python3.10/dist-packages/airflow/example_dags/example_branch_python_dop_operator_3.py took 0.035 seconds
[2024-05-04T12:45:13.800+0530] {processor.py:161} INFO - Started process (PID=15549) to work on /usr/local/lib/python3.10/dist-packages/airflow/example_dags/example_branch_python_dop_operator_3.py
[2024-05-04T12:45:13.800+0530] {processor.py:830} INFO - Processing file /usr/local/lib/python3.10/dist-packages/airflow/example_dags/example_branch_python_dop_operator_3.py for tasks to queue
[2024-05-04T12:45:13.801+0530] {logging_mixin.py:188} INFO - [2024-05-04T12:45:13.801+0530] {dagbag.py:540} INFO - Filling up the DagBag from /usr/local/lib/python3.10/dist-packages/airflow/example_dags/example_branch_python_dop_operator_3.py
[2024-05-04T12:45:13.809+0530] {processor.py:840} INFO - DAG(s) 'example_branch_dop_operator_v3' retrieved from /usr/local/lib/python3.10/dist-packages/airflow/example_dags/example_branch_python_dop_operator_3.py
[2024-05-04T12:45:13.815+0530] {logging_mixin.py:188} INFO - [2024-05-04T12:45:13.815+0530] {dag.py:3096} INFO - Sync 1 DAGs
[2024-05-04T12:45:13.824+0530] {logging_mixin.py:188} INFO - [2024-05-04T12:45:13.824+0530] {dag.py:3954} INFO - Setting next_dagrun for example_branch_dop_operator_v3 to 2024-05-04 07:14:00+00:00, run_after=2024-05-04 07:15:00+00:00
[2024-05-04T12:45:13.835+0530] {processor.py:183} INFO - Processing /usr/local/lib/python3.10/dist-packages/airflow/example_dags/example_branch_python_dop_operator_3.py took 0.041 seconds
[2024-05-04T12:46:02.105+0530] {processor.py:161} INFO - Started process (PID=15775) to work on /usr/local/lib/python3.10/dist-packages/airflow/example_dags/example_branch_python_dop_operator_3.py
[2024-05-04T12:46:02.106+0530] {processor.py:830} INFO - Processing file /usr/local/lib/python3.10/dist-packages/airflow/example_dags/example_branch_python_dop_operator_3.py for tasks to queue
[2024-05-04T12:46:02.107+0530] {logging_mixin.py:188} INFO - [2024-05-04T12:46:02.107+0530] {dagbag.py:540} INFO - Filling up the DagBag from /usr/local/lib/python3.10/dist-packages/airflow/example_dags/example_branch_python_dop_operator_3.py
[2024-05-04T12:46:02.112+0530] {processor.py:840} INFO - DAG(s) 'example_branch_dop_operator_v3' retrieved from /usr/local/lib/python3.10/dist-packages/airflow/example_dags/example_branch_python_dop_operator_3.py
[2024-05-04T12:46:02.118+0530] {logging_mixin.py:188} INFO - [2024-05-04T12:46:02.118+0530] {dag.py:3096} INFO - Sync 1 DAGs
[2024-05-04T12:46:02.127+0530] {logging_mixin.py:188} INFO - [2024-05-04T12:46:02.127+0530] {dag.py:3954} INFO - Setting next_dagrun for example_branch_dop_operator_v3 to 2024-05-04 07:15:00+00:00, run_after=2024-05-04 07:16:00+00:00
[2024-05-04T12:46:02.137+0530] {processor.py:183} INFO - Processing /usr/local/lib/python3.10/dist-packages/airflow/example_dags/example_branch_python_dop_operator_3.py took 0.041 seconds
[2024-05-04T12:46:53.712+0530] {processor.py:161} INFO - Started process (PID=15948) to work on /usr/local/lib/python3.10/dist-packages/airflow/example_dags/example_branch_python_dop_operator_3.py
[2024-05-04T12:46:53.712+0530] {processor.py:830} INFO - Processing file /usr/local/lib/python3.10/dist-packages/airflow/example_dags/example_branch_python_dop_operator_3.py for tasks to queue
[2024-05-04T12:46:53.714+0530] {logging_mixin.py:188} INFO - [2024-05-04T12:46:53.714+0530] {dagbag.py:540} INFO - Filling up the DagBag from /usr/local/lib/python3.10/dist-packages/airflow/example_dags/example_branch_python_dop_operator_3.py
[2024-05-04T12:46:53.722+0530] {processor.py:840} INFO - DAG(s) 'example_branch_dop_operator_v3' retrieved from /usr/local/lib/python3.10/dist-packages/airflow/example_dags/example_branch_python_dop_operator_3.py
[2024-05-04T12:46:53.728+0530] {logging_mixin.py:188} INFO - [2024-05-04T12:46:53.728+0530] {dag.py:3096} INFO - Sync 1 DAGs
[2024-05-04T12:46:53.737+0530] {logging_mixin.py:188} INFO - [2024-05-04T12:46:53.737+0530] {dag.py:3954} INFO - Setting next_dagrun for example_branch_dop_operator_v3 to 2024-05-04 07:15:00+00:00, run_after=2024-05-04 07:16:00+00:00
[2024-05-04T12:46:53.748+0530] {processor.py:183} INFO - Processing /usr/local/lib/python3.10/dist-packages/airflow/example_dags/example_branch_python_dop_operator_3.py took 0.042 seconds
[2024-05-04T12:47:46.561+0530] {processor.py:161} INFO - Started process (PID=16153) to work on /usr/local/lib/python3.10/dist-packages/airflow/example_dags/example_branch_python_dop_operator_3.py
[2024-05-04T12:47:46.562+0530] {processor.py:830} INFO - Processing file /usr/local/lib/python3.10/dist-packages/airflow/example_dags/example_branch_python_dop_operator_3.py for tasks to queue
[2024-05-04T12:47:46.563+0530] {logging_mixin.py:188} INFO - [2024-05-04T12:47:46.562+0530] {dagbag.py:540} INFO - Filling up the DagBag from /usr/local/lib/python3.10/dist-packages/airflow/example_dags/example_branch_python_dop_operator_3.py
[2024-05-04T12:47:46.566+0530] {processor.py:840} INFO - DAG(s) 'example_branch_dop_operator_v3' retrieved from /usr/local/lib/python3.10/dist-packages/airflow/example_dags/example_branch_python_dop_operator_3.py
[2024-05-04T12:47:46.572+0530] {logging_mixin.py:188} INFO - [2024-05-04T12:47:46.572+0530] {dag.py:3096} INFO - Sync 1 DAGs
[2024-05-04T12:47:46.581+0530] {logging_mixin.py:188} INFO - [2024-05-04T12:47:46.581+0530] {dag.py:3954} INFO - Setting next_dagrun for example_branch_dop_operator_v3 to 2024-05-04 07:16:00+00:00, run_after=2024-05-04 07:17:00+00:00
[2024-05-04T12:47:46.591+0530] {processor.py:183} INFO - Processing /usr/local/lib/python3.10/dist-packages/airflow/example_dags/example_branch_python_dop_operator_3.py took 0.033 seconds
[2024-05-04T12:48:36.633+0530] {processor.py:161} INFO - Started process (PID=16319) to work on /usr/local/lib/python3.10/dist-packages/airflow/example_dags/example_branch_python_dop_operator_3.py
[2024-05-04T12:48:36.633+0530] {processor.py:830} INFO - Processing file /usr/local/lib/python3.10/dist-packages/airflow/example_dags/example_branch_python_dop_operator_3.py for tasks to queue
[2024-05-04T12:48:36.634+0530] {logging_mixin.py:188} INFO - [2024-05-04T12:48:36.634+0530] {dagbag.py:540} INFO - Filling up the DagBag from /usr/local/lib/python3.10/dist-packages/airflow/example_dags/example_branch_python_dop_operator_3.py
[2024-05-04T12:48:36.638+0530] {processor.py:840} INFO - DAG(s) 'example_branch_dop_operator_v3' retrieved from /usr/local/lib/python3.10/dist-packages/airflow/example_dags/example_branch_python_dop_operator_3.py
[2024-05-04T12:48:36.645+0530] {logging_mixin.py:188} INFO - [2024-05-04T12:48:36.644+0530] {dag.py:3096} INFO - Sync 1 DAGs
[2024-05-04T12:48:36.656+0530] {logging_mixin.py:188} INFO - [2024-05-04T12:48:36.655+0530] {dag.py:3954} INFO - Setting next_dagrun for example_branch_dop_operator_v3 to 2024-05-04 07:17:00+00:00, run_after=2024-05-04 07:18:00+00:00
[2024-05-04T12:48:36.666+0530] {processor.py:183} INFO - Processing /usr/local/lib/python3.10/dist-packages/airflow/example_dags/example_branch_python_dop_operator_3.py took 0.038 seconds
[2024-05-04T12:49:29.431+0530] {processor.py:161} INFO - Started process (PID=16499) to work on /usr/local/lib/python3.10/dist-packages/airflow/example_dags/example_branch_python_dop_operator_3.py
[2024-05-04T12:49:29.432+0530] {processor.py:830} INFO - Processing file /usr/local/lib/python3.10/dist-packages/airflow/example_dags/example_branch_python_dop_operator_3.py for tasks to queue
[2024-05-04T12:49:29.433+0530] {logging_mixin.py:188} INFO - [2024-05-04T12:49:29.433+0530] {dagbag.py:540} INFO - Filling up the DagBag from /usr/local/lib/python3.10/dist-packages/airflow/example_dags/example_branch_python_dop_operator_3.py
[2024-05-04T12:49:29.441+0530] {processor.py:840} INFO - DAG(s) 'example_branch_dop_operator_v3' retrieved from /usr/local/lib/python3.10/dist-packages/airflow/example_dags/example_branch_python_dop_operator_3.py
[2024-05-04T12:49:29.447+0530] {logging_mixin.py:188} INFO - [2024-05-04T12:49:29.447+0530] {dag.py:3096} INFO - Sync 1 DAGs
[2024-05-04T12:49:29.456+0530] {logging_mixin.py:188} INFO - [2024-05-04T12:49:29.456+0530] {dag.py:3954} INFO - Setting next_dagrun for example_branch_dop_operator_v3 to 2024-05-04 07:18:00+00:00, run_after=2024-05-04 07:19:00+00:00
[2024-05-04T12:49:29.466+0530] {processor.py:183} INFO - Processing /usr/local/lib/python3.10/dist-packages/airflow/example_dags/example_branch_python_dop_operator_3.py took 0.040 seconds
[2024-05-04T12:50:22.916+0530] {processor.py:161} INFO - Started process (PID=16771) to work on /usr/local/lib/python3.10/dist-packages/airflow/example_dags/example_branch_python_dop_operator_3.py
[2024-05-04T12:50:22.916+0530] {processor.py:830} INFO - Processing file /usr/local/lib/python3.10/dist-packages/airflow/example_dags/example_branch_python_dop_operator_3.py for tasks to queue
[2024-05-04T12:50:22.918+0530] {logging_mixin.py:188} INFO - [2024-05-04T12:50:22.917+0530] {dagbag.py:540} INFO - Filling up the DagBag from /usr/local/lib/python3.10/dist-packages/airflow/example_dags/example_branch_python_dop_operator_3.py
[2024-05-04T12:50:22.922+0530] {processor.py:840} INFO - DAG(s) 'example_branch_dop_operator_v3' retrieved from /usr/local/lib/python3.10/dist-packages/airflow/example_dags/example_branch_python_dop_operator_3.py
[2024-05-04T12:50:22.928+0530] {logging_mixin.py:188} INFO - [2024-05-04T12:50:22.928+0530] {dag.py:3096} INFO - Sync 1 DAGs
[2024-05-04T12:50:22.936+0530] {logging_mixin.py:188} INFO - [2024-05-04T12:50:22.936+0530] {dag.py:3954} INFO - Setting next_dagrun for example_branch_dop_operator_v3 to 2024-05-04 07:19:00+00:00, run_after=2024-05-04 07:20:00+00:00
[2024-05-04T12:50:22.947+0530] {processor.py:183} INFO - Processing /usr/local/lib/python3.10/dist-packages/airflow/example_dags/example_branch_python_dop_operator_3.py took 0.037 seconds
[2024-05-04T12:51:12.196+0530] {processor.py:161} INFO - Started process (PID=16905) to work on /usr/local/lib/python3.10/dist-packages/airflow/example_dags/example_branch_python_dop_operator_3.py
[2024-05-04T12:51:12.197+0530] {processor.py:830} INFO - Processing file /usr/local/lib/python3.10/dist-packages/airflow/example_dags/example_branch_python_dop_operator_3.py for tasks to queue
[2024-05-04T12:51:12.199+0530] {logging_mixin.py:188} INFO - [2024-05-04T12:51:12.198+0530] {dagbag.py:540} INFO - Filling up the DagBag from /usr/local/lib/python3.10/dist-packages/airflow/example_dags/example_branch_python_dop_operator_3.py
[2024-05-04T12:51:12.204+0530] {processor.py:840} INFO - DAG(s) 'example_branch_dop_operator_v3' retrieved from /usr/local/lib/python3.10/dist-packages/airflow/example_dags/example_branch_python_dop_operator_3.py
[2024-05-04T12:51:12.210+0530] {logging_mixin.py:188} INFO - [2024-05-04T12:51:12.210+0530] {dag.py:3096} INFO - Sync 1 DAGs
[2024-05-04T12:51:12.219+0530] {logging_mixin.py:188} INFO - [2024-05-04T12:51:12.218+0530] {dag.py:3954} INFO - Setting next_dagrun for example_branch_dop_operator_v3 to 2024-05-04 07:20:00+00:00, run_after=2024-05-04 07:21:00+00:00
[2024-05-04T12:51:12.228+0530] {processor.py:183} INFO - Processing /usr/local/lib/python3.10/dist-packages/airflow/example_dags/example_branch_python_dop_operator_3.py took 0.041 seconds
[2024-05-04T12:52:03.613+0530] {processor.py:161} INFO - Started process (PID=17039) to work on /usr/local/lib/python3.10/dist-packages/airflow/example_dags/example_branch_python_dop_operator_3.py
[2024-05-04T12:52:03.613+0530] {processor.py:830} INFO - Processing file /usr/local/lib/python3.10/dist-packages/airflow/example_dags/example_branch_python_dop_operator_3.py for tasks to queue
[2024-05-04T12:52:03.615+0530] {logging_mixin.py:188} INFO - [2024-05-04T12:52:03.615+0530] {dagbag.py:540} INFO - Filling up the DagBag from /usr/local/lib/python3.10/dist-packages/airflow/example_dags/example_branch_python_dop_operator_3.py
[2024-05-04T12:52:03.622+0530] {processor.py:840} INFO - DAG(s) 'example_branch_dop_operator_v3' retrieved from /usr/local/lib/python3.10/dist-packages/airflow/example_dags/example_branch_python_dop_operator_3.py
[2024-05-04T12:52:03.629+0530] {logging_mixin.py:188} INFO - [2024-05-04T12:52:03.628+0530] {dag.py:3096} INFO - Sync 1 DAGs
[2024-05-04T12:52:03.638+0530] {logging_mixin.py:188} INFO - [2024-05-04T12:52:03.637+0530] {dag.py:3954} INFO - Setting next_dagrun for example_branch_dop_operator_v3 to 2024-05-04 07:21:00+00:00, run_after=2024-05-04 07:22:00+00:00
[2024-05-04T12:52:03.647+0530] {processor.py:183} INFO - Processing /usr/local/lib/python3.10/dist-packages/airflow/example_dags/example_branch_python_dop_operator_3.py took 0.039 seconds
[2024-05-04T12:52:54.047+0530] {processor.py:161} INFO - Started process (PID=17170) to work on /usr/local/lib/python3.10/dist-packages/airflow/example_dags/example_branch_python_dop_operator_3.py
[2024-05-04T12:52:54.048+0530] {processor.py:830} INFO - Processing file /usr/local/lib/python3.10/dist-packages/airflow/example_dags/example_branch_python_dop_operator_3.py for tasks to queue
[2024-05-04T12:52:54.050+0530] {logging_mixin.py:188} INFO - [2024-05-04T12:52:54.049+0530] {dagbag.py:540} INFO - Filling up the DagBag from /usr/local/lib/python3.10/dist-packages/airflow/example_dags/example_branch_python_dop_operator_3.py
[2024-05-04T12:52:54.057+0530] {processor.py:840} INFO - DAG(s) 'example_branch_dop_operator_v3' retrieved from /usr/local/lib/python3.10/dist-packages/airflow/example_dags/example_branch_python_dop_operator_3.py
[2024-05-04T12:52:54.063+0530] {logging_mixin.py:188} INFO - [2024-05-04T12:52:54.063+0530] {dag.py:3096} INFO - Sync 1 DAGs
[2024-05-04T12:52:54.072+0530] {logging_mixin.py:188} INFO - [2024-05-04T12:52:54.072+0530] {dag.py:3954} INFO - Setting next_dagrun for example_branch_dop_operator_v3 to 2024-05-04 07:21:00+00:00, run_after=2024-05-04 07:22:00+00:00
[2024-05-04T12:52:54.082+0530] {processor.py:183} INFO - Processing /usr/local/lib/python3.10/dist-packages/airflow/example_dags/example_branch_python_dop_operator_3.py took 0.040 seconds
[2024-05-04T12:53:45.712+0530] {processor.py:161} INFO - Started process (PID=17325) to work on /usr/local/lib/python3.10/dist-packages/airflow/example_dags/example_branch_python_dop_operator_3.py
[2024-05-04T12:53:45.713+0530] {processor.py:830} INFO - Processing file /usr/local/lib/python3.10/dist-packages/airflow/example_dags/example_branch_python_dop_operator_3.py for tasks to queue
[2024-05-04T12:53:45.713+0530] {logging_mixin.py:188} INFO - [2024-05-04T12:53:45.713+0530] {dagbag.py:540} INFO - Filling up the DagBag from /usr/local/lib/python3.10/dist-packages/airflow/example_dags/example_branch_python_dop_operator_3.py
[2024-05-04T12:53:45.717+0530] {processor.py:840} INFO - DAG(s) 'example_branch_dop_operator_v3' retrieved from /usr/local/lib/python3.10/dist-packages/airflow/example_dags/example_branch_python_dop_operator_3.py
[2024-05-04T12:53:45.724+0530] {logging_mixin.py:188} INFO - [2024-05-04T12:53:45.724+0530] {dag.py:3096} INFO - Sync 1 DAGs
[2024-05-04T12:53:45.734+0530] {logging_mixin.py:188} INFO - [2024-05-04T12:53:45.733+0530] {dag.py:3954} INFO - Setting next_dagrun for example_branch_dop_operator_v3 to 2024-05-04 07:22:00+00:00, run_after=2024-05-04 07:23:00+00:00
[2024-05-04T12:53:45.744+0530] {processor.py:183} INFO - Processing /usr/local/lib/python3.10/dist-packages/airflow/example_dags/example_branch_python_dop_operator_3.py took 0.035 seconds
[2024-05-04T12:54:36.026+0530] {processor.py:161} INFO - Started process (PID=17455) to work on /usr/local/lib/python3.10/dist-packages/airflow/example_dags/example_branch_python_dop_operator_3.py
[2024-05-04T12:54:36.027+0530] {processor.py:830} INFO - Processing file /usr/local/lib/python3.10/dist-packages/airflow/example_dags/example_branch_python_dop_operator_3.py for tasks to queue
[2024-05-04T12:54:36.028+0530] {logging_mixin.py:188} INFO - [2024-05-04T12:54:36.027+0530] {dagbag.py:540} INFO - Filling up the DagBag from /usr/local/lib/python3.10/dist-packages/airflow/example_dags/example_branch_python_dop_operator_3.py
[2024-05-04T12:54:36.031+0530] {processor.py:840} INFO - DAG(s) 'example_branch_dop_operator_v3' retrieved from /usr/local/lib/python3.10/dist-packages/airflow/example_dags/example_branch_python_dop_operator_3.py
[2024-05-04T12:54:36.037+0530] {logging_mixin.py:188} INFO - [2024-05-04T12:54:36.037+0530] {dag.py:3096} INFO - Sync 1 DAGs
[2024-05-04T12:54:36.046+0530] {logging_mixin.py:188} INFO - [2024-05-04T12:54:36.046+0530] {dag.py:3954} INFO - Setting next_dagrun for example_branch_dop_operator_v3 to 2024-05-04 07:23:00+00:00, run_after=2024-05-04 07:24:00+00:00
[2024-05-04T12:54:36.056+0530] {processor.py:183} INFO - Processing /usr/local/lib/python3.10/dist-packages/airflow/example_dags/example_branch_python_dop_operator_3.py took 0.032 seconds
