[2024-05-04T12:10:12.895+0530] {processor.py:161} INFO - Started process (PID=7393) to work on /usr/local/lib/python3.10/dist-packages/airflow/example_dags/example_local_kubernetes_executor.py
[2024-05-04T12:10:12.895+0530] {processor.py:830} INFO - Processing file /usr/local/lib/python3.10/dist-packages/airflow/example_dags/example_local_kubernetes_executor.py for tasks to queue
[2024-05-04T12:10:12.896+0530] {logging_mixin.py:188} INFO - [2024-05-04T12:10:12.896+0530] {dagbag.py:540} INFO - Filling up the DagBag from /usr/local/lib/python3.10/dist-packages/airflow/example_dags/example_local_kubernetes_executor.py
[2024-05-04T12:10:12.983+0530] {processor.py:840} INFO - DAG(s) 'example_local_kubernetes_executor' retrieved from /usr/local/lib/python3.10/dist-packages/airflow/example_dags/example_local_kubernetes_executor.py
[2024-05-04T12:10:12.990+0530] {logging_mixin.py:188} WARNING - /usr/local/lib/python3.10/dist-packages/airflow/serialization/serialized_objects.py:1673 DeprecationWarning: This module is deprecated. The `cncf.kubernetes` provider before version 7.4.0 uses this module - you should migrate to a newer version of `cncf.kubernetes` to get rid of this warning. If you import the module via `airflow.kubernetes` import, please use `cncf.kubernetes' provider 7.4.0+ and switch all your imports to use `apache.airflow.providers.cncf.kubernetes` to get rid of the warning.
[2024-05-04T12:10:12.994+0530] {logging_mixin.py:188} INFO - [2024-05-04T12:10:12.994+0530] {dag.py:3096} INFO - Sync 1 DAGs
[2024-05-04T12:10:12.999+0530] {logging_mixin.py:188} INFO - [2024-05-04T12:10:12.999+0530] {dag.py:3954} INFO - Setting next_dagrun for example_local_kubernetes_executor to None, run_after=None
[2024-05-04T12:10:13.011+0530] {processor.py:183} INFO - Processing /usr/local/lib/python3.10/dist-packages/airflow/example_dags/example_local_kubernetes_executor.py took 0.119 seconds
[2024-05-04T12:11:09.478+0530] {processor.py:161} INFO - Started process (PID=7665) to work on /usr/local/lib/python3.10/dist-packages/airflow/example_dags/example_local_kubernetes_executor.py
[2024-05-04T12:11:09.478+0530] {processor.py:830} INFO - Processing file /usr/local/lib/python3.10/dist-packages/airflow/example_dags/example_local_kubernetes_executor.py for tasks to queue
[2024-05-04T12:11:09.479+0530] {logging_mixin.py:188} INFO - [2024-05-04T12:11:09.479+0530] {dagbag.py:540} INFO - Filling up the DagBag from /usr/local/lib/python3.10/dist-packages/airflow/example_dags/example_local_kubernetes_executor.py
[2024-05-04T12:11:09.552+0530] {processor.py:840} INFO - DAG(s) 'example_local_kubernetes_executor' retrieved from /usr/local/lib/python3.10/dist-packages/airflow/example_dags/example_local_kubernetes_executor.py
[2024-05-04T12:11:09.558+0530] {logging_mixin.py:188} WARNING - /usr/local/lib/python3.10/dist-packages/airflow/serialization/serialized_objects.py:1673 DeprecationWarning: This module is deprecated. The `cncf.kubernetes` provider before version 7.4.0 uses this module - you should migrate to a newer version of `cncf.kubernetes` to get rid of this warning. If you import the module via `airflow.kubernetes` import, please use `cncf.kubernetes' provider 7.4.0+ and switch all your imports to use `apache.airflow.providers.cncf.kubernetes` to get rid of the warning.
[2024-05-04T12:11:09.561+0530] {logging_mixin.py:188} INFO - [2024-05-04T12:11:09.561+0530] {dag.py:3096} INFO - Sync 1 DAGs
[2024-05-04T12:11:09.566+0530] {logging_mixin.py:188} INFO - [2024-05-04T12:11:09.566+0530] {dag.py:3954} INFO - Setting next_dagrun for example_local_kubernetes_executor to None, run_after=None
[2024-05-04T12:11:09.576+0530] {processor.py:183} INFO - Processing /usr/local/lib/python3.10/dist-packages/airflow/example_dags/example_local_kubernetes_executor.py took 0.104 seconds
[2024-05-04T12:12:15.689+0530] {processor.py:161} INFO - Started process (PID=8344) to work on /usr/local/lib/python3.10/dist-packages/airflow/example_dags/example_local_kubernetes_executor.py
[2024-05-04T12:12:15.690+0530] {processor.py:830} INFO - Processing file /usr/local/lib/python3.10/dist-packages/airflow/example_dags/example_local_kubernetes_executor.py for tasks to queue
[2024-05-04T12:12:15.691+0530] {logging_mixin.py:188} INFO - [2024-05-04T12:12:15.691+0530] {dagbag.py:540} INFO - Filling up the DagBag from /usr/local/lib/python3.10/dist-packages/airflow/example_dags/example_local_kubernetes_executor.py
[2024-05-04T12:12:15.763+0530] {processor.py:840} INFO - DAG(s) 'example_local_kubernetes_executor' retrieved from /usr/local/lib/python3.10/dist-packages/airflow/example_dags/example_local_kubernetes_executor.py
[2024-05-04T12:12:15.769+0530] {logging_mixin.py:188} WARNING - /usr/local/lib/python3.10/dist-packages/airflow/serialization/serialized_objects.py:1673 DeprecationWarning: This module is deprecated. The `cncf.kubernetes` provider before version 7.4.0 uses this module - you should migrate to a newer version of `cncf.kubernetes` to get rid of this warning. If you import the module via `airflow.kubernetes` import, please use `cncf.kubernetes' provider 7.4.0+ and switch all your imports to use `apache.airflow.providers.cncf.kubernetes` to get rid of the warning.
[2024-05-04T12:12:15.772+0530] {logging_mixin.py:188} INFO - [2024-05-04T12:12:15.771+0530] {dag.py:3096} INFO - Sync 1 DAGs
[2024-05-04T12:12:15.776+0530] {logging_mixin.py:188} INFO - [2024-05-04T12:12:15.776+0530] {dag.py:3954} INFO - Setting next_dagrun for example_local_kubernetes_executor to None, run_after=None
[2024-05-04T12:12:15.787+0530] {processor.py:183} INFO - Processing /usr/local/lib/python3.10/dist-packages/airflow/example_dags/example_local_kubernetes_executor.py took 0.104 seconds
[2024-05-04T12:13:16.682+0530] {processor.py:161} INFO - Started process (PID=8961) to work on /usr/local/lib/python3.10/dist-packages/airflow/example_dags/example_local_kubernetes_executor.py
[2024-05-04T12:13:16.682+0530] {processor.py:830} INFO - Processing file /usr/local/lib/python3.10/dist-packages/airflow/example_dags/example_local_kubernetes_executor.py for tasks to queue
[2024-05-04T12:13:16.684+0530] {logging_mixin.py:188} INFO - [2024-05-04T12:13:16.683+0530] {dagbag.py:540} INFO - Filling up the DagBag from /usr/local/lib/python3.10/dist-packages/airflow/example_dags/example_local_kubernetes_executor.py
[2024-05-04T12:13:16.764+0530] {processor.py:840} INFO - DAG(s) 'example_local_kubernetes_executor' retrieved from /usr/local/lib/python3.10/dist-packages/airflow/example_dags/example_local_kubernetes_executor.py
[2024-05-04T12:13:16.772+0530] {logging_mixin.py:188} WARNING - /usr/local/lib/python3.10/dist-packages/airflow/serialization/serialized_objects.py:1673 DeprecationWarning: This module is deprecated. The `cncf.kubernetes` provider before version 7.4.0 uses this module - you should migrate to a newer version of `cncf.kubernetes` to get rid of this warning. If you import the module via `airflow.kubernetes` import, please use `cncf.kubernetes' provider 7.4.0+ and switch all your imports to use `apache.airflow.providers.cncf.kubernetes` to get rid of the warning.
[2024-05-04T12:13:16.775+0530] {logging_mixin.py:188} INFO - [2024-05-04T12:13:16.775+0530] {dag.py:3096} INFO - Sync 1 DAGs
[2024-05-04T12:13:16.779+0530] {logging_mixin.py:188} INFO - [2024-05-04T12:13:16.779+0530] {dag.py:3954} INFO - Setting next_dagrun for example_local_kubernetes_executor to None, run_after=None
[2024-05-04T12:13:16.792+0530] {processor.py:183} INFO - Processing /usr/local/lib/python3.10/dist-packages/airflow/example_dags/example_local_kubernetes_executor.py took 0.114 seconds
[2024-05-04T12:14:10.959+0530] {processor.py:161} INFO - Started process (PID=9124) to work on /usr/local/lib/python3.10/dist-packages/airflow/example_dags/example_local_kubernetes_executor.py
[2024-05-04T12:14:10.960+0530] {processor.py:830} INFO - Processing file /usr/local/lib/python3.10/dist-packages/airflow/example_dags/example_local_kubernetes_executor.py for tasks to queue
[2024-05-04T12:14:10.962+0530] {logging_mixin.py:188} INFO - [2024-05-04T12:14:10.961+0530] {dagbag.py:540} INFO - Filling up the DagBag from /usr/local/lib/python3.10/dist-packages/airflow/example_dags/example_local_kubernetes_executor.py
[2024-05-04T12:14:11.036+0530] {processor.py:840} INFO - DAG(s) 'example_local_kubernetes_executor' retrieved from /usr/local/lib/python3.10/dist-packages/airflow/example_dags/example_local_kubernetes_executor.py
[2024-05-04T12:14:11.042+0530] {logging_mixin.py:188} WARNING - /usr/local/lib/python3.10/dist-packages/airflow/serialization/serialized_objects.py:1673 DeprecationWarning: This module is deprecated. The `cncf.kubernetes` provider before version 7.4.0 uses this module - you should migrate to a newer version of `cncf.kubernetes` to get rid of this warning. If you import the module via `airflow.kubernetes` import, please use `cncf.kubernetes' provider 7.4.0+ and switch all your imports to use `apache.airflow.providers.cncf.kubernetes` to get rid of the warning.
[2024-05-04T12:14:11.045+0530] {logging_mixin.py:188} INFO - [2024-05-04T12:14:11.044+0530] {dag.py:3096} INFO - Sync 1 DAGs
[2024-05-04T12:14:11.049+0530] {logging_mixin.py:188} INFO - [2024-05-04T12:14:11.049+0530] {dag.py:3954} INFO - Setting next_dagrun for example_local_kubernetes_executor to None, run_after=None
[2024-05-04T12:14:11.059+0530] {processor.py:183} INFO - Processing /usr/local/lib/python3.10/dist-packages/airflow/example_dags/example_local_kubernetes_executor.py took 0.111 seconds
[2024-05-04T12:15:03.920+0530] {processor.py:161} INFO - Started process (PID=9299) to work on /usr/local/lib/python3.10/dist-packages/airflow/example_dags/example_local_kubernetes_executor.py
[2024-05-04T12:15:03.921+0530] {processor.py:830} INFO - Processing file /usr/local/lib/python3.10/dist-packages/airflow/example_dags/example_local_kubernetes_executor.py for tasks to queue
[2024-05-04T12:15:03.922+0530] {logging_mixin.py:188} INFO - [2024-05-04T12:15:03.921+0530] {dagbag.py:540} INFO - Filling up the DagBag from /usr/local/lib/python3.10/dist-packages/airflow/example_dags/example_local_kubernetes_executor.py
[2024-05-04T12:15:04.003+0530] {processor.py:840} INFO - DAG(s) 'example_local_kubernetes_executor' retrieved from /usr/local/lib/python3.10/dist-packages/airflow/example_dags/example_local_kubernetes_executor.py
[2024-05-04T12:15:04.009+0530] {logging_mixin.py:188} WARNING - /usr/local/lib/python3.10/dist-packages/airflow/serialization/serialized_objects.py:1673 DeprecationWarning: This module is deprecated. The `cncf.kubernetes` provider before version 7.4.0 uses this module - you should migrate to a newer version of `cncf.kubernetes` to get rid of this warning. If you import the module via `airflow.kubernetes` import, please use `cncf.kubernetes' provider 7.4.0+ and switch all your imports to use `apache.airflow.providers.cncf.kubernetes` to get rid of the warning.
[2024-05-04T12:15:04.011+0530] {logging_mixin.py:188} INFO - [2024-05-04T12:15:04.011+0530] {dag.py:3096} INFO - Sync 1 DAGs
[2024-05-04T12:15:04.016+0530] {logging_mixin.py:188} INFO - [2024-05-04T12:15:04.016+0530] {dag.py:3954} INFO - Setting next_dagrun for example_local_kubernetes_executor to None, run_after=None
[2024-05-04T12:15:04.025+0530] {processor.py:183} INFO - Processing /usr/local/lib/python3.10/dist-packages/airflow/example_dags/example_local_kubernetes_executor.py took 0.111 seconds
[2024-05-04T12:15:55.871+0530] {processor.py:161} INFO - Started process (PID=9466) to work on /usr/local/lib/python3.10/dist-packages/airflow/example_dags/example_local_kubernetes_executor.py
[2024-05-04T12:15:55.871+0530] {processor.py:830} INFO - Processing file /usr/local/lib/python3.10/dist-packages/airflow/example_dags/example_local_kubernetes_executor.py for tasks to queue
[2024-05-04T12:15:55.872+0530] {logging_mixin.py:188} INFO - [2024-05-04T12:15:55.872+0530] {dagbag.py:540} INFO - Filling up the DagBag from /usr/local/lib/python3.10/dist-packages/airflow/example_dags/example_local_kubernetes_executor.py
[2024-05-04T12:15:55.944+0530] {processor.py:840} INFO - DAG(s) 'example_local_kubernetes_executor' retrieved from /usr/local/lib/python3.10/dist-packages/airflow/example_dags/example_local_kubernetes_executor.py
[2024-05-04T12:15:55.950+0530] {logging_mixin.py:188} WARNING - /usr/local/lib/python3.10/dist-packages/airflow/serialization/serialized_objects.py:1673 DeprecationWarning: This module is deprecated. The `cncf.kubernetes` provider before version 7.4.0 uses this module - you should migrate to a newer version of `cncf.kubernetes` to get rid of this warning. If you import the module via `airflow.kubernetes` import, please use `cncf.kubernetes' provider 7.4.0+ and switch all your imports to use `apache.airflow.providers.cncf.kubernetes` to get rid of the warning.
[2024-05-04T12:15:55.952+0530] {logging_mixin.py:188} INFO - [2024-05-04T12:15:55.952+0530] {dag.py:3096} INFO - Sync 1 DAGs
[2024-05-04T12:15:55.957+0530] {logging_mixin.py:188} INFO - [2024-05-04T12:15:55.957+0530] {dag.py:3954} INFO - Setting next_dagrun for example_local_kubernetes_executor to None, run_after=None
[2024-05-04T12:15:55.967+0530] {processor.py:183} INFO - Processing /usr/local/lib/python3.10/dist-packages/airflow/example_dags/example_local_kubernetes_executor.py took 0.102 seconds
[2024-05-04T12:16:46.571+0530] {processor.py:161} INFO - Started process (PID=9620) to work on /usr/local/lib/python3.10/dist-packages/airflow/example_dags/example_local_kubernetes_executor.py
[2024-05-04T12:16:46.572+0530] {processor.py:830} INFO - Processing file /usr/local/lib/python3.10/dist-packages/airflow/example_dags/example_local_kubernetes_executor.py for tasks to queue
[2024-05-04T12:16:46.574+0530] {logging_mixin.py:188} INFO - [2024-05-04T12:16:46.573+0530] {dagbag.py:540} INFO - Filling up the DagBag from /usr/local/lib/python3.10/dist-packages/airflow/example_dags/example_local_kubernetes_executor.py
[2024-05-04T12:16:46.647+0530] {processor.py:840} INFO - DAG(s) 'example_local_kubernetes_executor' retrieved from /usr/local/lib/python3.10/dist-packages/airflow/example_dags/example_local_kubernetes_executor.py
[2024-05-04T12:16:46.653+0530] {logging_mixin.py:188} WARNING - /usr/local/lib/python3.10/dist-packages/airflow/serialization/serialized_objects.py:1673 DeprecationWarning: This module is deprecated. The `cncf.kubernetes` provider before version 7.4.0 uses this module - you should migrate to a newer version of `cncf.kubernetes` to get rid of this warning. If you import the module via `airflow.kubernetes` import, please use `cncf.kubernetes' provider 7.4.0+ and switch all your imports to use `apache.airflow.providers.cncf.kubernetes` to get rid of the warning.
[2024-05-04T12:16:46.656+0530] {logging_mixin.py:188} INFO - [2024-05-04T12:16:46.655+0530] {dag.py:3096} INFO - Sync 1 DAGs
[2024-05-04T12:16:46.660+0530] {logging_mixin.py:188} INFO - [2024-05-04T12:16:46.660+0530] {dag.py:3954} INFO - Setting next_dagrun for example_local_kubernetes_executor to None, run_after=None
[2024-05-04T12:16:46.670+0530] {processor.py:183} INFO - Processing /usr/local/lib/python3.10/dist-packages/airflow/example_dags/example_local_kubernetes_executor.py took 0.107 seconds
[2024-05-04T12:17:47.111+0530] {processor.py:161} INFO - Started process (PID=10358) to work on /usr/local/lib/python3.10/dist-packages/airflow/example_dags/example_local_kubernetes_executor.py
[2024-05-04T12:17:47.112+0530] {processor.py:830} INFO - Processing file /usr/local/lib/python3.10/dist-packages/airflow/example_dags/example_local_kubernetes_executor.py for tasks to queue
[2024-05-04T12:17:47.114+0530] {logging_mixin.py:188} INFO - [2024-05-04T12:17:47.114+0530] {dagbag.py:540} INFO - Filling up the DagBag from /usr/local/lib/python3.10/dist-packages/airflow/example_dags/example_local_kubernetes_executor.py
[2024-05-04T12:17:47.194+0530] {processor.py:840} INFO - DAG(s) 'example_local_kubernetes_executor' retrieved from /usr/local/lib/python3.10/dist-packages/airflow/example_dags/example_local_kubernetes_executor.py
[2024-05-04T12:17:47.200+0530] {logging_mixin.py:188} WARNING - /usr/local/lib/python3.10/dist-packages/airflow/serialization/serialized_objects.py:1673 DeprecationWarning: This module is deprecated. The `cncf.kubernetes` provider before version 7.4.0 uses this module - you should migrate to a newer version of `cncf.kubernetes` to get rid of this warning. If you import the module via `airflow.kubernetes` import, please use `cncf.kubernetes' provider 7.4.0+ and switch all your imports to use `apache.airflow.providers.cncf.kubernetes` to get rid of the warning.
[2024-05-04T12:17:47.203+0530] {logging_mixin.py:188} INFO - [2024-05-04T12:17:47.202+0530] {dag.py:3096} INFO - Sync 1 DAGs
[2024-05-04T12:17:47.207+0530] {logging_mixin.py:188} INFO - [2024-05-04T12:17:47.207+0530] {dag.py:3954} INFO - Setting next_dagrun for example_local_kubernetes_executor to None, run_after=None
[2024-05-04T12:17:47.218+0530] {processor.py:183} INFO - Processing /usr/local/lib/python3.10/dist-packages/airflow/example_dags/example_local_kubernetes_executor.py took 0.117 seconds
[2024-05-04T12:18:54.961+0530] {processor.py:161} INFO - Started process (PID=10850) to work on /usr/local/lib/python3.10/dist-packages/airflow/example_dags/example_local_kubernetes_executor.py
[2024-05-04T12:18:54.962+0530] {processor.py:830} INFO - Processing file /usr/local/lib/python3.10/dist-packages/airflow/example_dags/example_local_kubernetes_executor.py for tasks to queue
[2024-05-04T12:18:54.963+0530] {logging_mixin.py:188} INFO - [2024-05-04T12:18:54.963+0530] {dagbag.py:540} INFO - Filling up the DagBag from /usr/local/lib/python3.10/dist-packages/airflow/example_dags/example_local_kubernetes_executor.py
[2024-05-04T12:18:55.043+0530] {processor.py:840} INFO - DAG(s) 'example_local_kubernetes_executor' retrieved from /usr/local/lib/python3.10/dist-packages/airflow/example_dags/example_local_kubernetes_executor.py
[2024-05-04T12:18:55.048+0530] {logging_mixin.py:188} WARNING - /usr/local/lib/python3.10/dist-packages/airflow/serialization/serialized_objects.py:1673 DeprecationWarning: This module is deprecated. The `cncf.kubernetes` provider before version 7.4.0 uses this module - you should migrate to a newer version of `cncf.kubernetes` to get rid of this warning. If you import the module via `airflow.kubernetes` import, please use `cncf.kubernetes' provider 7.4.0+ and switch all your imports to use `apache.airflow.providers.cncf.kubernetes` to get rid of the warning.
[2024-05-04T12:18:55.051+0530] {logging_mixin.py:188} INFO - [2024-05-04T12:18:55.051+0530] {dag.py:3096} INFO - Sync 1 DAGs
[2024-05-04T12:18:55.055+0530] {logging_mixin.py:188} INFO - [2024-05-04T12:18:55.055+0530] {dag.py:3954} INFO - Setting next_dagrun for example_local_kubernetes_executor to None, run_after=None
[2024-05-04T12:18:55.065+0530] {processor.py:183} INFO - Processing /usr/local/lib/python3.10/dist-packages/airflow/example_dags/example_local_kubernetes_executor.py took 0.111 seconds
[2024-05-04T12:19:47.581+0530] {processor.py:161} INFO - Started process (PID=11006) to work on /usr/local/lib/python3.10/dist-packages/airflow/example_dags/example_local_kubernetes_executor.py
[2024-05-04T12:19:47.581+0530] {processor.py:830} INFO - Processing file /usr/local/lib/python3.10/dist-packages/airflow/example_dags/example_local_kubernetes_executor.py for tasks to queue
[2024-05-04T12:19:47.583+0530] {logging_mixin.py:188} INFO - [2024-05-04T12:19:47.583+0530] {dagbag.py:540} INFO - Filling up the DagBag from /usr/local/lib/python3.10/dist-packages/airflow/example_dags/example_local_kubernetes_executor.py
[2024-05-04T12:19:47.668+0530] {processor.py:840} INFO - DAG(s) 'example_local_kubernetes_executor' retrieved from /usr/local/lib/python3.10/dist-packages/airflow/example_dags/example_local_kubernetes_executor.py
[2024-05-04T12:19:47.674+0530] {logging_mixin.py:188} WARNING - /usr/local/lib/python3.10/dist-packages/airflow/serialization/serialized_objects.py:1673 DeprecationWarning: This module is deprecated. The `cncf.kubernetes` provider before version 7.4.0 uses this module - you should migrate to a newer version of `cncf.kubernetes` to get rid of this warning. If you import the module via `airflow.kubernetes` import, please use `cncf.kubernetes' provider 7.4.0+ and switch all your imports to use `apache.airflow.providers.cncf.kubernetes` to get rid of the warning.
[2024-05-04T12:19:47.677+0530] {logging_mixin.py:188} INFO - [2024-05-04T12:19:47.676+0530] {dag.py:3096} INFO - Sync 1 DAGs
[2024-05-04T12:19:47.681+0530] {logging_mixin.py:188} INFO - [2024-05-04T12:19:47.681+0530] {dag.py:3954} INFO - Setting next_dagrun for example_local_kubernetes_executor to None, run_after=None
[2024-05-04T12:19:47.691+0530] {processor.py:183} INFO - Processing /usr/local/lib/python3.10/dist-packages/airflow/example_dags/example_local_kubernetes_executor.py took 0.112 seconds
[2024-05-04T12:20:39.366+0530] {processor.py:161} INFO - Started process (PID=11129) to work on /usr/local/lib/python3.10/dist-packages/airflow/example_dags/example_local_kubernetes_executor.py
[2024-05-04T12:20:39.366+0530] {processor.py:830} INFO - Processing file /usr/local/lib/python3.10/dist-packages/airflow/example_dags/example_local_kubernetes_executor.py for tasks to queue
[2024-05-04T12:20:39.368+0530] {logging_mixin.py:188} INFO - [2024-05-04T12:20:39.367+0530] {dagbag.py:540} INFO - Filling up the DagBag from /usr/local/lib/python3.10/dist-packages/airflow/example_dags/example_local_kubernetes_executor.py
[2024-05-04T12:20:39.443+0530] {processor.py:840} INFO - DAG(s) 'example_local_kubernetes_executor' retrieved from /usr/local/lib/python3.10/dist-packages/airflow/example_dags/example_local_kubernetes_executor.py
[2024-05-04T12:20:39.449+0530] {logging_mixin.py:188} WARNING - /usr/local/lib/python3.10/dist-packages/airflow/serialization/serialized_objects.py:1673 DeprecationWarning: This module is deprecated. The `cncf.kubernetes` provider before version 7.4.0 uses this module - you should migrate to a newer version of `cncf.kubernetes` to get rid of this warning. If you import the module via `airflow.kubernetes` import, please use `cncf.kubernetes' provider 7.4.0+ and switch all your imports to use `apache.airflow.providers.cncf.kubernetes` to get rid of the warning.
[2024-05-04T12:20:39.452+0530] {logging_mixin.py:188} INFO - [2024-05-04T12:20:39.452+0530] {dag.py:3096} INFO - Sync 1 DAGs
[2024-05-04T12:20:39.456+0530] {logging_mixin.py:188} INFO - [2024-05-04T12:20:39.456+0530] {dag.py:3954} INFO - Setting next_dagrun for example_local_kubernetes_executor to None, run_after=None
[2024-05-04T12:20:39.467+0530] {processor.py:183} INFO - Processing /usr/local/lib/python3.10/dist-packages/airflow/example_dags/example_local_kubernetes_executor.py took 0.107 seconds
[2024-05-04T12:21:33.138+0530] {processor.py:161} INFO - Started process (PID=11253) to work on /usr/local/lib/python3.10/dist-packages/airflow/example_dags/example_local_kubernetes_executor.py
[2024-05-04T12:21:33.139+0530] {processor.py:830} INFO - Processing file /usr/local/lib/python3.10/dist-packages/airflow/example_dags/example_local_kubernetes_executor.py for tasks to queue
[2024-05-04T12:21:33.141+0530] {logging_mixin.py:188} INFO - [2024-05-04T12:21:33.140+0530] {dagbag.py:540} INFO - Filling up the DagBag from /usr/local/lib/python3.10/dist-packages/airflow/example_dags/example_local_kubernetes_executor.py
[2024-05-04T12:21:33.222+0530] {processor.py:840} INFO - DAG(s) 'example_local_kubernetes_executor' retrieved from /usr/local/lib/python3.10/dist-packages/airflow/example_dags/example_local_kubernetes_executor.py
[2024-05-04T12:21:33.228+0530] {logging_mixin.py:188} WARNING - /usr/local/lib/python3.10/dist-packages/airflow/serialization/serialized_objects.py:1673 DeprecationWarning: This module is deprecated. The `cncf.kubernetes` provider before version 7.4.0 uses this module - you should migrate to a newer version of `cncf.kubernetes` to get rid of this warning. If you import the module via `airflow.kubernetes` import, please use `cncf.kubernetes' provider 7.4.0+ and switch all your imports to use `apache.airflow.providers.cncf.kubernetes` to get rid of the warning.
[2024-05-04T12:21:33.231+0530] {logging_mixin.py:188} INFO - [2024-05-04T12:21:33.231+0530] {dag.py:3096} INFO - Sync 1 DAGs
[2024-05-04T12:21:33.236+0530] {logging_mixin.py:188} INFO - [2024-05-04T12:21:33.235+0530] {dag.py:3954} INFO - Setting next_dagrun for example_local_kubernetes_executor to None, run_after=None
[2024-05-04T12:21:33.245+0530] {processor.py:183} INFO - Processing /usr/local/lib/python3.10/dist-packages/airflow/example_dags/example_local_kubernetes_executor.py took 0.113 seconds
[2024-05-04T12:22:23.729+0530] {processor.py:161} INFO - Started process (PID=11372) to work on /usr/local/lib/python3.10/dist-packages/airflow/example_dags/example_local_kubernetes_executor.py
[2024-05-04T12:22:23.730+0530] {processor.py:830} INFO - Processing file /usr/local/lib/python3.10/dist-packages/airflow/example_dags/example_local_kubernetes_executor.py for tasks to queue
[2024-05-04T12:22:23.731+0530] {logging_mixin.py:188} INFO - [2024-05-04T12:22:23.731+0530] {dagbag.py:540} INFO - Filling up the DagBag from /usr/local/lib/python3.10/dist-packages/airflow/example_dags/example_local_kubernetes_executor.py
[2024-05-04T12:22:23.807+0530] {processor.py:840} INFO - DAG(s) 'example_local_kubernetes_executor' retrieved from /usr/local/lib/python3.10/dist-packages/airflow/example_dags/example_local_kubernetes_executor.py
[2024-05-04T12:22:23.813+0530] {logging_mixin.py:188} WARNING - /usr/local/lib/python3.10/dist-packages/airflow/serialization/serialized_objects.py:1673 DeprecationWarning: This module is deprecated. The `cncf.kubernetes` provider before version 7.4.0 uses this module - you should migrate to a newer version of `cncf.kubernetes` to get rid of this warning. If you import the module via `airflow.kubernetes` import, please use `cncf.kubernetes' provider 7.4.0+ and switch all your imports to use `apache.airflow.providers.cncf.kubernetes` to get rid of the warning.
[2024-05-04T12:22:23.816+0530] {logging_mixin.py:188} INFO - [2024-05-04T12:22:23.815+0530] {dag.py:3096} INFO - Sync 1 DAGs
[2024-05-04T12:22:23.820+0530] {logging_mixin.py:188} INFO - [2024-05-04T12:22:23.820+0530] {dag.py:3954} INFO - Setting next_dagrun for example_local_kubernetes_executor to None, run_after=None
[2024-05-04T12:22:23.830+0530] {processor.py:183} INFO - Processing /usr/local/lib/python3.10/dist-packages/airflow/example_dags/example_local_kubernetes_executor.py took 0.106 seconds
[2024-05-04T12:23:15.381+0530] {processor.py:161} INFO - Started process (PID=11496) to work on /usr/local/lib/python3.10/dist-packages/airflow/example_dags/example_local_kubernetes_executor.py
[2024-05-04T12:23:15.381+0530] {processor.py:830} INFO - Processing file /usr/local/lib/python3.10/dist-packages/airflow/example_dags/example_local_kubernetes_executor.py for tasks to queue
[2024-05-04T12:23:15.382+0530] {logging_mixin.py:188} INFO - [2024-05-04T12:23:15.382+0530] {dagbag.py:540} INFO - Filling up the DagBag from /usr/local/lib/python3.10/dist-packages/airflow/example_dags/example_local_kubernetes_executor.py
[2024-05-04T12:23:15.453+0530] {processor.py:840} INFO - DAG(s) 'example_local_kubernetes_executor' retrieved from /usr/local/lib/python3.10/dist-packages/airflow/example_dags/example_local_kubernetes_executor.py
[2024-05-04T12:23:15.459+0530] {logging_mixin.py:188} WARNING - /usr/local/lib/python3.10/dist-packages/airflow/serialization/serialized_objects.py:1673 DeprecationWarning: This module is deprecated. The `cncf.kubernetes` provider before version 7.4.0 uses this module - you should migrate to a newer version of `cncf.kubernetes` to get rid of this warning. If you import the module via `airflow.kubernetes` import, please use `cncf.kubernetes' provider 7.4.0+ and switch all your imports to use `apache.airflow.providers.cncf.kubernetes` to get rid of the warning.
[2024-05-04T12:23:15.462+0530] {logging_mixin.py:188} INFO - [2024-05-04T12:23:15.461+0530] {dag.py:3096} INFO - Sync 1 DAGs
[2024-05-04T12:23:15.466+0530] {logging_mixin.py:188} INFO - [2024-05-04T12:23:15.466+0530] {dag.py:3954} INFO - Setting next_dagrun for example_local_kubernetes_executor to None, run_after=None
[2024-05-04T12:23:15.476+0530] {processor.py:183} INFO - Processing /usr/local/lib/python3.10/dist-packages/airflow/example_dags/example_local_kubernetes_executor.py took 0.098 seconds
[2024-05-04T12:24:06.030+0530] {processor.py:161} INFO - Started process (PID=11624) to work on /usr/local/lib/python3.10/dist-packages/airflow/example_dags/example_local_kubernetes_executor.py
[2024-05-04T12:24:06.031+0530] {processor.py:830} INFO - Processing file /usr/local/lib/python3.10/dist-packages/airflow/example_dags/example_local_kubernetes_executor.py for tasks to queue
[2024-05-04T12:24:06.031+0530] {logging_mixin.py:188} INFO - [2024-05-04T12:24:06.031+0530] {dagbag.py:540} INFO - Filling up the DagBag from /usr/local/lib/python3.10/dist-packages/airflow/example_dags/example_local_kubernetes_executor.py
[2024-05-04T12:24:06.103+0530] {processor.py:840} INFO - DAG(s) 'example_local_kubernetes_executor' retrieved from /usr/local/lib/python3.10/dist-packages/airflow/example_dags/example_local_kubernetes_executor.py
[2024-05-04T12:24:06.109+0530] {logging_mixin.py:188} WARNING - /usr/local/lib/python3.10/dist-packages/airflow/serialization/serialized_objects.py:1673 DeprecationWarning: This module is deprecated. The `cncf.kubernetes` provider before version 7.4.0 uses this module - you should migrate to a newer version of `cncf.kubernetes` to get rid of this warning. If you import the module via `airflow.kubernetes` import, please use `cncf.kubernetes' provider 7.4.0+ and switch all your imports to use `apache.airflow.providers.cncf.kubernetes` to get rid of the warning.
[2024-05-04T12:24:06.113+0530] {logging_mixin.py:188} INFO - [2024-05-04T12:24:06.113+0530] {dag.py:3096} INFO - Sync 1 DAGs
[2024-05-04T12:24:06.118+0530] {logging_mixin.py:188} INFO - [2024-05-04T12:24:06.118+0530] {dag.py:3954} INFO - Setting next_dagrun for example_local_kubernetes_executor to None, run_after=None
[2024-05-04T12:24:06.127+0530] {processor.py:183} INFO - Processing /usr/local/lib/python3.10/dist-packages/airflow/example_dags/example_local_kubernetes_executor.py took 0.100 seconds
[2024-05-04T12:24:56.699+0530] {processor.py:161} INFO - Started process (PID=11874) to work on /usr/local/lib/python3.10/dist-packages/airflow/example_dags/example_local_kubernetes_executor.py
[2024-05-04T12:24:56.700+0530] {processor.py:830} INFO - Processing file /usr/local/lib/python3.10/dist-packages/airflow/example_dags/example_local_kubernetes_executor.py for tasks to queue
[2024-05-04T12:24:56.701+0530] {logging_mixin.py:188} INFO - [2024-05-04T12:24:56.700+0530] {dagbag.py:540} INFO - Filling up the DagBag from /usr/local/lib/python3.10/dist-packages/airflow/example_dags/example_local_kubernetes_executor.py
[2024-05-04T12:24:56.774+0530] {processor.py:840} INFO - DAG(s) 'example_local_kubernetes_executor' retrieved from /usr/local/lib/python3.10/dist-packages/airflow/example_dags/example_local_kubernetes_executor.py
[2024-05-04T12:24:56.780+0530] {logging_mixin.py:188} WARNING - /usr/local/lib/python3.10/dist-packages/airflow/serialization/serialized_objects.py:1673 DeprecationWarning: This module is deprecated. The `cncf.kubernetes` provider before version 7.4.0 uses this module - you should migrate to a newer version of `cncf.kubernetes` to get rid of this warning. If you import the module via `airflow.kubernetes` import, please use `cncf.kubernetes' provider 7.4.0+ and switch all your imports to use `apache.airflow.providers.cncf.kubernetes` to get rid of the warning.
[2024-05-04T12:24:56.783+0530] {logging_mixin.py:188} INFO - [2024-05-04T12:24:56.783+0530] {dag.py:3096} INFO - Sync 1 DAGs
[2024-05-04T12:24:56.787+0530] {logging_mixin.py:188} INFO - [2024-05-04T12:24:56.787+0530] {dag.py:3954} INFO - Setting next_dagrun for example_local_kubernetes_executor to None, run_after=None
[2024-05-04T12:24:56.798+0530] {processor.py:183} INFO - Processing /usr/local/lib/python3.10/dist-packages/airflow/example_dags/example_local_kubernetes_executor.py took 0.103 seconds
[2024-05-04T12:25:45.393+0530] {processor.py:161} INFO - Started process (PID=12005) to work on /usr/local/lib/python3.10/dist-packages/airflow/example_dags/example_local_kubernetes_executor.py
[2024-05-04T12:25:45.394+0530] {processor.py:830} INFO - Processing file /usr/local/lib/python3.10/dist-packages/airflow/example_dags/example_local_kubernetes_executor.py for tasks to queue
[2024-05-04T12:25:45.395+0530] {logging_mixin.py:188} INFO - [2024-05-04T12:25:45.395+0530] {dagbag.py:540} INFO - Filling up the DagBag from /usr/local/lib/python3.10/dist-packages/airflow/example_dags/example_local_kubernetes_executor.py
[2024-05-04T12:25:45.472+0530] {processor.py:840} INFO - DAG(s) 'example_local_kubernetes_executor' retrieved from /usr/local/lib/python3.10/dist-packages/airflow/example_dags/example_local_kubernetes_executor.py
[2024-05-04T12:25:45.478+0530] {logging_mixin.py:188} WARNING - /usr/local/lib/python3.10/dist-packages/airflow/serialization/serialized_objects.py:1673 DeprecationWarning: This module is deprecated. The `cncf.kubernetes` provider before version 7.4.0 uses this module - you should migrate to a newer version of `cncf.kubernetes` to get rid of this warning. If you import the module via `airflow.kubernetes` import, please use `cncf.kubernetes' provider 7.4.0+ and switch all your imports to use `apache.airflow.providers.cncf.kubernetes` to get rid of the warning.
[2024-05-04T12:25:45.481+0530] {logging_mixin.py:188} INFO - [2024-05-04T12:25:45.480+0530] {dag.py:3096} INFO - Sync 1 DAGs
[2024-05-04T12:25:45.486+0530] {logging_mixin.py:188} INFO - [2024-05-04T12:25:45.486+0530] {dag.py:3954} INFO - Setting next_dagrun for example_local_kubernetes_executor to None, run_after=None
[2024-05-04T12:25:45.496+0530] {processor.py:183} INFO - Processing /usr/local/lib/python3.10/dist-packages/airflow/example_dags/example_local_kubernetes_executor.py took 0.108 seconds
[2024-05-04T12:26:36.303+0530] {processor.py:161} INFO - Started process (PID=12126) to work on /usr/local/lib/python3.10/dist-packages/airflow/example_dags/example_local_kubernetes_executor.py
[2024-05-04T12:26:36.304+0530] {processor.py:830} INFO - Processing file /usr/local/lib/python3.10/dist-packages/airflow/example_dags/example_local_kubernetes_executor.py for tasks to queue
[2024-05-04T12:26:36.304+0530] {logging_mixin.py:188} INFO - [2024-05-04T12:26:36.304+0530] {dagbag.py:540} INFO - Filling up the DagBag from /usr/local/lib/python3.10/dist-packages/airflow/example_dags/example_local_kubernetes_executor.py
[2024-05-04T12:26:36.379+0530] {processor.py:840} INFO - DAG(s) 'example_local_kubernetes_executor' retrieved from /usr/local/lib/python3.10/dist-packages/airflow/example_dags/example_local_kubernetes_executor.py
[2024-05-04T12:26:36.385+0530] {logging_mixin.py:188} WARNING - /usr/local/lib/python3.10/dist-packages/airflow/serialization/serialized_objects.py:1673 DeprecationWarning: This module is deprecated. The `cncf.kubernetes` provider before version 7.4.0 uses this module - you should migrate to a newer version of `cncf.kubernetes` to get rid of this warning. If you import the module via `airflow.kubernetes` import, please use `cncf.kubernetes' provider 7.4.0+ and switch all your imports to use `apache.airflow.providers.cncf.kubernetes` to get rid of the warning.
[2024-05-04T12:26:36.388+0530] {logging_mixin.py:188} INFO - [2024-05-04T12:26:36.387+0530] {dag.py:3096} INFO - Sync 1 DAGs
[2024-05-04T12:26:36.392+0530] {logging_mixin.py:188} INFO - [2024-05-04T12:26:36.392+0530] {dag.py:3954} INFO - Setting next_dagrun for example_local_kubernetes_executor to None, run_after=None
[2024-05-04T12:26:36.402+0530] {processor.py:183} INFO - Processing /usr/local/lib/python3.10/dist-packages/airflow/example_dags/example_local_kubernetes_executor.py took 0.102 seconds
[2024-05-04T12:27:30.307+0530] {processor.py:161} INFO - Started process (PID=12254) to work on /usr/local/lib/python3.10/dist-packages/airflow/example_dags/example_local_kubernetes_executor.py
[2024-05-04T12:27:30.308+0530] {processor.py:830} INFO - Processing file /usr/local/lib/python3.10/dist-packages/airflow/example_dags/example_local_kubernetes_executor.py for tasks to queue
[2024-05-04T12:27:30.310+0530] {logging_mixin.py:188} INFO - [2024-05-04T12:27:30.309+0530] {dagbag.py:540} INFO - Filling up the DagBag from /usr/local/lib/python3.10/dist-packages/airflow/example_dags/example_local_kubernetes_executor.py
[2024-05-04T12:27:30.385+0530] {processor.py:840} INFO - DAG(s) 'example_local_kubernetes_executor' retrieved from /usr/local/lib/python3.10/dist-packages/airflow/example_dags/example_local_kubernetes_executor.py
[2024-05-04T12:27:30.391+0530] {logging_mixin.py:188} WARNING - /usr/local/lib/python3.10/dist-packages/airflow/serialization/serialized_objects.py:1673 DeprecationWarning: This module is deprecated. The `cncf.kubernetes` provider before version 7.4.0 uses this module - you should migrate to a newer version of `cncf.kubernetes` to get rid of this warning. If you import the module via `airflow.kubernetes` import, please use `cncf.kubernetes' provider 7.4.0+ and switch all your imports to use `apache.airflow.providers.cncf.kubernetes` to get rid of the warning.
[2024-05-04T12:27:30.393+0530] {logging_mixin.py:188} INFO - [2024-05-04T12:27:30.393+0530] {dag.py:3096} INFO - Sync 1 DAGs
[2024-05-04T12:27:30.398+0530] {logging_mixin.py:188} INFO - [2024-05-04T12:27:30.397+0530] {dag.py:3954} INFO - Setting next_dagrun for example_local_kubernetes_executor to None, run_after=None
[2024-05-04T12:27:30.407+0530] {processor.py:183} INFO - Processing /usr/local/lib/python3.10/dist-packages/airflow/example_dags/example_local_kubernetes_executor.py took 0.110 seconds
[2024-05-04T12:28:19.671+0530] {processor.py:161} INFO - Started process (PID=12381) to work on /usr/local/lib/python3.10/dist-packages/airflow/example_dags/example_local_kubernetes_executor.py
[2024-05-04T12:28:19.672+0530] {processor.py:830} INFO - Processing file /usr/local/lib/python3.10/dist-packages/airflow/example_dags/example_local_kubernetes_executor.py for tasks to queue
[2024-05-04T12:28:19.674+0530] {logging_mixin.py:188} INFO - [2024-05-04T12:28:19.673+0530] {dagbag.py:540} INFO - Filling up the DagBag from /usr/local/lib/python3.10/dist-packages/airflow/example_dags/example_local_kubernetes_executor.py
[2024-05-04T12:28:19.748+0530] {processor.py:840} INFO - DAG(s) 'example_local_kubernetes_executor' retrieved from /usr/local/lib/python3.10/dist-packages/airflow/example_dags/example_local_kubernetes_executor.py
[2024-05-04T12:28:19.753+0530] {logging_mixin.py:188} WARNING - /usr/local/lib/python3.10/dist-packages/airflow/serialization/serialized_objects.py:1673 DeprecationWarning: This module is deprecated. The `cncf.kubernetes` provider before version 7.4.0 uses this module - you should migrate to a newer version of `cncf.kubernetes` to get rid of this warning. If you import the module via `airflow.kubernetes` import, please use `cncf.kubernetes' provider 7.4.0+ and switch all your imports to use `apache.airflow.providers.cncf.kubernetes` to get rid of the warning.
[2024-05-04T12:28:19.756+0530] {logging_mixin.py:188} INFO - [2024-05-04T12:28:19.756+0530] {dag.py:3096} INFO - Sync 1 DAGs
[2024-05-04T12:28:19.761+0530] {logging_mixin.py:188} INFO - [2024-05-04T12:28:19.761+0530] {dag.py:3954} INFO - Setting next_dagrun for example_local_kubernetes_executor to None, run_after=None
[2024-05-04T12:28:19.772+0530] {processor.py:183} INFO - Processing /usr/local/lib/python3.10/dist-packages/airflow/example_dags/example_local_kubernetes_executor.py took 0.108 seconds
[2024-05-04T12:29:07.517+0530] {processor.py:161} INFO - Started process (PID=12496) to work on /usr/local/lib/python3.10/dist-packages/airflow/example_dags/example_local_kubernetes_executor.py
[2024-05-04T12:29:07.517+0530] {processor.py:830} INFO - Processing file /usr/local/lib/python3.10/dist-packages/airflow/example_dags/example_local_kubernetes_executor.py for tasks to queue
[2024-05-04T12:29:07.519+0530] {logging_mixin.py:188} INFO - [2024-05-04T12:29:07.518+0530] {dagbag.py:540} INFO - Filling up the DagBag from /usr/local/lib/python3.10/dist-packages/airflow/example_dags/example_local_kubernetes_executor.py
[2024-05-04T12:29:07.597+0530] {processor.py:840} INFO - DAG(s) 'example_local_kubernetes_executor' retrieved from /usr/local/lib/python3.10/dist-packages/airflow/example_dags/example_local_kubernetes_executor.py
[2024-05-04T12:29:07.603+0530] {logging_mixin.py:188} WARNING - /usr/local/lib/python3.10/dist-packages/airflow/serialization/serialized_objects.py:1673 DeprecationWarning: This module is deprecated. The `cncf.kubernetes` provider before version 7.4.0 uses this module - you should migrate to a newer version of `cncf.kubernetes` to get rid of this warning. If you import the module via `airflow.kubernetes` import, please use `cncf.kubernetes' provider 7.4.0+ and switch all your imports to use `apache.airflow.providers.cncf.kubernetes` to get rid of the warning.
[2024-05-04T12:29:07.606+0530] {logging_mixin.py:188} INFO - [2024-05-04T12:29:07.606+0530] {dag.py:3096} INFO - Sync 1 DAGs
[2024-05-04T12:29:07.610+0530] {logging_mixin.py:188} INFO - [2024-05-04T12:29:07.610+0530] {dag.py:3954} INFO - Setting next_dagrun for example_local_kubernetes_executor to None, run_after=None
[2024-05-04T12:29:07.620+0530] {processor.py:183} INFO - Processing /usr/local/lib/python3.10/dist-packages/airflow/example_dags/example_local_kubernetes_executor.py took 0.108 seconds
[2024-05-04T12:29:55.224+0530] {processor.py:161} INFO - Started process (PID=12641) to work on /usr/local/lib/python3.10/dist-packages/airflow/example_dags/example_local_kubernetes_executor.py
[2024-05-04T12:29:55.224+0530] {processor.py:830} INFO - Processing file /usr/local/lib/python3.10/dist-packages/airflow/example_dags/example_local_kubernetes_executor.py for tasks to queue
[2024-05-04T12:29:55.226+0530] {logging_mixin.py:188} INFO - [2024-05-04T12:29:55.225+0530] {dagbag.py:540} INFO - Filling up the DagBag from /usr/local/lib/python3.10/dist-packages/airflow/example_dags/example_local_kubernetes_executor.py
[2024-05-04T12:29:55.299+0530] {processor.py:840} INFO - DAG(s) 'example_local_kubernetes_executor' retrieved from /usr/local/lib/python3.10/dist-packages/airflow/example_dags/example_local_kubernetes_executor.py
[2024-05-04T12:29:55.305+0530] {logging_mixin.py:188} WARNING - /usr/local/lib/python3.10/dist-packages/airflow/serialization/serialized_objects.py:1673 DeprecationWarning: This module is deprecated. The `cncf.kubernetes` provider before version 7.4.0 uses this module - you should migrate to a newer version of `cncf.kubernetes` to get rid of this warning. If you import the module via `airflow.kubernetes` import, please use `cncf.kubernetes' provider 7.4.0+ and switch all your imports to use `apache.airflow.providers.cncf.kubernetes` to get rid of the warning.
[2024-05-04T12:29:55.307+0530] {logging_mixin.py:188} INFO - [2024-05-04T12:29:55.307+0530] {dag.py:3096} INFO - Sync 1 DAGs
[2024-05-04T12:29:55.312+0530] {logging_mixin.py:188} INFO - [2024-05-04T12:29:55.311+0530] {dag.py:3954} INFO - Setting next_dagrun for example_local_kubernetes_executor to None, run_after=None
[2024-05-04T12:29:55.321+0530] {processor.py:183} INFO - Processing /usr/local/lib/python3.10/dist-packages/airflow/example_dags/example_local_kubernetes_executor.py took 0.105 seconds
[2024-05-04T12:30:43.842+0530] {processor.py:161} INFO - Started process (PID=12787) to work on /usr/local/lib/python3.10/dist-packages/airflow/example_dags/example_local_kubernetes_executor.py
[2024-05-04T12:30:43.843+0530] {processor.py:830} INFO - Processing file /usr/local/lib/python3.10/dist-packages/airflow/example_dags/example_local_kubernetes_executor.py for tasks to queue
[2024-05-04T12:30:43.844+0530] {logging_mixin.py:188} INFO - [2024-05-04T12:30:43.844+0530] {dagbag.py:540} INFO - Filling up the DagBag from /usr/local/lib/python3.10/dist-packages/airflow/example_dags/example_local_kubernetes_executor.py
[2024-05-04T12:30:43.934+0530] {processor.py:840} INFO - DAG(s) 'example_local_kubernetes_executor' retrieved from /usr/local/lib/python3.10/dist-packages/airflow/example_dags/example_local_kubernetes_executor.py
[2024-05-04T12:30:43.940+0530] {logging_mixin.py:188} WARNING - /usr/local/lib/python3.10/dist-packages/airflow/serialization/serialized_objects.py:1673 DeprecationWarning: This module is deprecated. The `cncf.kubernetes` provider before version 7.4.0 uses this module - you should migrate to a newer version of `cncf.kubernetes` to get rid of this warning. If you import the module via `airflow.kubernetes` import, please use `cncf.kubernetes' provider 7.4.0+ and switch all your imports to use `apache.airflow.providers.cncf.kubernetes` to get rid of the warning.
[2024-05-04T12:30:43.944+0530] {logging_mixin.py:188} INFO - [2024-05-04T12:30:43.943+0530] {dag.py:3096} INFO - Sync 1 DAGs
[2024-05-04T12:30:43.949+0530] {logging_mixin.py:188} INFO - [2024-05-04T12:30:43.949+0530] {dag.py:3954} INFO - Setting next_dagrun for example_local_kubernetes_executor to None, run_after=None
[2024-05-04T12:30:43.961+0530] {processor.py:183} INFO - Processing /usr/local/lib/python3.10/dist-packages/airflow/example_dags/example_local_kubernetes_executor.py took 0.124 seconds
[2024-05-04T12:31:37.843+0530] {processor.py:161} INFO - Started process (PID=12920) to work on /usr/local/lib/python3.10/dist-packages/airflow/example_dags/example_local_kubernetes_executor.py
[2024-05-04T12:31:37.844+0530] {processor.py:830} INFO - Processing file /usr/local/lib/python3.10/dist-packages/airflow/example_dags/example_local_kubernetes_executor.py for tasks to queue
[2024-05-04T12:31:37.846+0530] {logging_mixin.py:188} INFO - [2024-05-04T12:31:37.845+0530] {dagbag.py:540} INFO - Filling up the DagBag from /usr/local/lib/python3.10/dist-packages/airflow/example_dags/example_local_kubernetes_executor.py
[2024-05-04T12:31:37.920+0530] {processor.py:840} INFO - DAG(s) 'example_local_kubernetes_executor' retrieved from /usr/local/lib/python3.10/dist-packages/airflow/example_dags/example_local_kubernetes_executor.py
[2024-05-04T12:31:37.926+0530] {logging_mixin.py:188} WARNING - /usr/local/lib/python3.10/dist-packages/airflow/serialization/serialized_objects.py:1673 DeprecationWarning: This module is deprecated. The `cncf.kubernetes` provider before version 7.4.0 uses this module - you should migrate to a newer version of `cncf.kubernetes` to get rid of this warning. If you import the module via `airflow.kubernetes` import, please use `cncf.kubernetes' provider 7.4.0+ and switch all your imports to use `apache.airflow.providers.cncf.kubernetes` to get rid of the warning.
[2024-05-04T12:31:37.928+0530] {logging_mixin.py:188} INFO - [2024-05-04T12:31:37.928+0530] {dag.py:3096} INFO - Sync 1 DAGs
[2024-05-04T12:31:37.933+0530] {logging_mixin.py:188} INFO - [2024-05-04T12:31:37.932+0530] {dag.py:3954} INFO - Setting next_dagrun for example_local_kubernetes_executor to None, run_after=None
[2024-05-04T12:31:37.986+0530] {processor.py:183} INFO - Processing /usr/local/lib/python3.10/dist-packages/airflow/example_dags/example_local_kubernetes_executor.py took 0.151 seconds
[2024-05-04T12:32:26.945+0530] {processor.py:161} INFO - Started process (PID=13049) to work on /usr/local/lib/python3.10/dist-packages/airflow/example_dags/example_local_kubernetes_executor.py
[2024-05-04T12:32:26.946+0530] {processor.py:830} INFO - Processing file /usr/local/lib/python3.10/dist-packages/airflow/example_dags/example_local_kubernetes_executor.py for tasks to queue
[2024-05-04T12:32:26.948+0530] {logging_mixin.py:188} INFO - [2024-05-04T12:32:26.947+0530] {dagbag.py:540} INFO - Filling up the DagBag from /usr/local/lib/python3.10/dist-packages/airflow/example_dags/example_local_kubernetes_executor.py
[2024-05-04T12:32:27.023+0530] {processor.py:840} INFO - DAG(s) 'example_local_kubernetes_executor' retrieved from /usr/local/lib/python3.10/dist-packages/airflow/example_dags/example_local_kubernetes_executor.py
[2024-05-04T12:32:27.028+0530] {logging_mixin.py:188} WARNING - /usr/local/lib/python3.10/dist-packages/airflow/serialization/serialized_objects.py:1673 DeprecationWarning: This module is deprecated. The `cncf.kubernetes` provider before version 7.4.0 uses this module - you should migrate to a newer version of `cncf.kubernetes` to get rid of this warning. If you import the module via `airflow.kubernetes` import, please use `cncf.kubernetes' provider 7.4.0+ and switch all your imports to use `apache.airflow.providers.cncf.kubernetes` to get rid of the warning.
[2024-05-04T12:32:27.031+0530] {logging_mixin.py:188} INFO - [2024-05-04T12:32:27.031+0530] {dag.py:3096} INFO - Sync 1 DAGs
[2024-05-04T12:32:27.035+0530] {logging_mixin.py:188} INFO - [2024-05-04T12:32:27.035+0530] {dag.py:3954} INFO - Setting next_dagrun for example_local_kubernetes_executor to None, run_after=None
[2024-05-04T12:32:27.045+0530] {processor.py:183} INFO - Processing /usr/local/lib/python3.10/dist-packages/airflow/example_dags/example_local_kubernetes_executor.py took 0.107 seconds
[2024-05-04T12:33:18.481+0530] {processor.py:161} INFO - Started process (PID=13214) to work on /usr/local/lib/python3.10/dist-packages/airflow/example_dags/example_local_kubernetes_executor.py
[2024-05-04T12:33:18.481+0530] {processor.py:830} INFO - Processing file /usr/local/lib/python3.10/dist-packages/airflow/example_dags/example_local_kubernetes_executor.py for tasks to queue
[2024-05-04T12:33:18.482+0530] {logging_mixin.py:188} INFO - [2024-05-04T12:33:18.482+0530] {dagbag.py:540} INFO - Filling up the DagBag from /usr/local/lib/python3.10/dist-packages/airflow/example_dags/example_local_kubernetes_executor.py
[2024-05-04T12:33:18.554+0530] {processor.py:840} INFO - DAG(s) 'example_local_kubernetes_executor' retrieved from /usr/local/lib/python3.10/dist-packages/airflow/example_dags/example_local_kubernetes_executor.py
[2024-05-04T12:33:18.560+0530] {logging_mixin.py:188} WARNING - /usr/local/lib/python3.10/dist-packages/airflow/serialization/serialized_objects.py:1673 DeprecationWarning: This module is deprecated. The `cncf.kubernetes` provider before version 7.4.0 uses this module - you should migrate to a newer version of `cncf.kubernetes` to get rid of this warning. If you import the module via `airflow.kubernetes` import, please use `cncf.kubernetes' provider 7.4.0+ and switch all your imports to use `apache.airflow.providers.cncf.kubernetes` to get rid of the warning.
[2024-05-04T12:33:18.563+0530] {logging_mixin.py:188} INFO - [2024-05-04T12:33:18.563+0530] {dag.py:3096} INFO - Sync 1 DAGs
[2024-05-04T12:33:18.567+0530] {logging_mixin.py:188} INFO - [2024-05-04T12:33:18.567+0530] {dag.py:3954} INFO - Setting next_dagrun for example_local_kubernetes_executor to None, run_after=None
[2024-05-04T12:33:18.577+0530] {processor.py:183} INFO - Processing /usr/local/lib/python3.10/dist-packages/airflow/example_dags/example_local_kubernetes_executor.py took 0.099 seconds
[2024-05-04T12:34:11.352+0530] {processor.py:161} INFO - Started process (PID=13367) to work on /usr/local/lib/python3.10/dist-packages/airflow/example_dags/example_local_kubernetes_executor.py
[2024-05-04T12:34:11.353+0530] {processor.py:830} INFO - Processing file /usr/local/lib/python3.10/dist-packages/airflow/example_dags/example_local_kubernetes_executor.py for tasks to queue
[2024-05-04T12:34:11.353+0530] {logging_mixin.py:188} INFO - [2024-05-04T12:34:11.353+0530] {dagbag.py:540} INFO - Filling up the DagBag from /usr/local/lib/python3.10/dist-packages/airflow/example_dags/example_local_kubernetes_executor.py
[2024-05-04T12:34:11.426+0530] {processor.py:840} INFO - DAG(s) 'example_local_kubernetes_executor' retrieved from /usr/local/lib/python3.10/dist-packages/airflow/example_dags/example_local_kubernetes_executor.py
[2024-05-04T12:34:11.432+0530] {logging_mixin.py:188} WARNING - /usr/local/lib/python3.10/dist-packages/airflow/serialization/serialized_objects.py:1673 DeprecationWarning: This module is deprecated. The `cncf.kubernetes` provider before version 7.4.0 uses this module - you should migrate to a newer version of `cncf.kubernetes` to get rid of this warning. If you import the module via `airflow.kubernetes` import, please use `cncf.kubernetes' provider 7.4.0+ and switch all your imports to use `apache.airflow.providers.cncf.kubernetes` to get rid of the warning.
[2024-05-04T12:34:11.435+0530] {logging_mixin.py:188} INFO - [2024-05-04T12:34:11.434+0530] {dag.py:3096} INFO - Sync 1 DAGs
[2024-05-04T12:34:11.483+0530] {logging_mixin.py:188} INFO - [2024-05-04T12:34:11.483+0530] {dag.py:3954} INFO - Setting next_dagrun for example_local_kubernetes_executor to None, run_after=None
[2024-05-04T12:34:11.493+0530] {processor.py:183} INFO - Processing /usr/local/lib/python3.10/dist-packages/airflow/example_dags/example_local_kubernetes_executor.py took 0.147 seconds
[2024-05-04T12:35:04.794+0530] {processor.py:161} INFO - Started process (PID=13558) to work on /usr/local/lib/python3.10/dist-packages/airflow/example_dags/example_local_kubernetes_executor.py
[2024-05-04T12:35:04.794+0530] {processor.py:830} INFO - Processing file /usr/local/lib/python3.10/dist-packages/airflow/example_dags/example_local_kubernetes_executor.py for tasks to queue
[2024-05-04T12:35:04.796+0530] {logging_mixin.py:188} INFO - [2024-05-04T12:35:04.795+0530] {dagbag.py:540} INFO - Filling up the DagBag from /usr/local/lib/python3.10/dist-packages/airflow/example_dags/example_local_kubernetes_executor.py
[2024-05-04T12:35:04.873+0530] {processor.py:840} INFO - DAG(s) 'example_local_kubernetes_executor' retrieved from /usr/local/lib/python3.10/dist-packages/airflow/example_dags/example_local_kubernetes_executor.py
[2024-05-04T12:35:04.878+0530] {logging_mixin.py:188} WARNING - /usr/local/lib/python3.10/dist-packages/airflow/serialization/serialized_objects.py:1673 DeprecationWarning: This module is deprecated. The `cncf.kubernetes` provider before version 7.4.0 uses this module - you should migrate to a newer version of `cncf.kubernetes` to get rid of this warning. If you import the module via `airflow.kubernetes` import, please use `cncf.kubernetes' provider 7.4.0+ and switch all your imports to use `apache.airflow.providers.cncf.kubernetes` to get rid of the warning.
[2024-05-04T12:35:04.881+0530] {logging_mixin.py:188} INFO - [2024-05-04T12:35:04.881+0530] {dag.py:3096} INFO - Sync 1 DAGs
[2024-05-04T12:35:04.886+0530] {logging_mixin.py:188} INFO - [2024-05-04T12:35:04.886+0530] {dag.py:3954} INFO - Setting next_dagrun for example_local_kubernetes_executor to None, run_after=None
[2024-05-04T12:35:04.940+0530] {processor.py:183} INFO - Processing /usr/local/lib/python3.10/dist-packages/airflow/example_dags/example_local_kubernetes_executor.py took 0.149 seconds
[2024-05-04T12:35:53.901+0530] {processor.py:161} INFO - Started process (PID=13677) to work on /usr/local/lib/python3.10/dist-packages/airflow/example_dags/example_local_kubernetes_executor.py
[2024-05-04T12:35:53.902+0530] {processor.py:830} INFO - Processing file /usr/local/lib/python3.10/dist-packages/airflow/example_dags/example_local_kubernetes_executor.py for tasks to queue
[2024-05-04T12:35:53.903+0530] {logging_mixin.py:188} INFO - [2024-05-04T12:35:53.903+0530] {dagbag.py:540} INFO - Filling up the DagBag from /usr/local/lib/python3.10/dist-packages/airflow/example_dags/example_local_kubernetes_executor.py
[2024-05-04T12:35:53.991+0530] {processor.py:840} INFO - DAG(s) 'example_local_kubernetes_executor' retrieved from /usr/local/lib/python3.10/dist-packages/airflow/example_dags/example_local_kubernetes_executor.py
[2024-05-04T12:35:53.996+0530] {logging_mixin.py:188} WARNING - /usr/local/lib/python3.10/dist-packages/airflow/serialization/serialized_objects.py:1673 DeprecationWarning: This module is deprecated. The `cncf.kubernetes` provider before version 7.4.0 uses this module - you should migrate to a newer version of `cncf.kubernetes` to get rid of this warning. If you import the module via `airflow.kubernetes` import, please use `cncf.kubernetes' provider 7.4.0+ and switch all your imports to use `apache.airflow.providers.cncf.kubernetes` to get rid of the warning.
[2024-05-04T12:35:53.999+0530] {logging_mixin.py:188} INFO - [2024-05-04T12:35:53.999+0530] {dag.py:3096} INFO - Sync 1 DAGs
[2024-05-04T12:35:54.003+0530] {logging_mixin.py:188} INFO - [2024-05-04T12:35:54.003+0530] {dag.py:3954} INFO - Setting next_dagrun for example_local_kubernetes_executor to None, run_after=None
[2024-05-04T12:35:54.013+0530] {processor.py:183} INFO - Processing /usr/local/lib/python3.10/dist-packages/airflow/example_dags/example_local_kubernetes_executor.py took 0.118 seconds
[2024-05-04T12:36:43.269+0530] {processor.py:161} INFO - Started process (PID=13795) to work on /usr/local/lib/python3.10/dist-packages/airflow/example_dags/example_local_kubernetes_executor.py
[2024-05-04T12:36:43.269+0530] {processor.py:830} INFO - Processing file /usr/local/lib/python3.10/dist-packages/airflow/example_dags/example_local_kubernetes_executor.py for tasks to queue
[2024-05-04T12:36:43.270+0530] {logging_mixin.py:188} INFO - [2024-05-04T12:36:43.270+0530] {dagbag.py:540} INFO - Filling up the DagBag from /usr/local/lib/python3.10/dist-packages/airflow/example_dags/example_local_kubernetes_executor.py
[2024-05-04T12:36:43.342+0530] {processor.py:840} INFO - DAG(s) 'example_local_kubernetes_executor' retrieved from /usr/local/lib/python3.10/dist-packages/airflow/example_dags/example_local_kubernetes_executor.py
[2024-05-04T12:36:43.393+0530] {logging_mixin.py:188} WARNING - /usr/local/lib/python3.10/dist-packages/airflow/serialization/serialized_objects.py:1673 DeprecationWarning: This module is deprecated. The `cncf.kubernetes` provider before version 7.4.0 uses this module - you should migrate to a newer version of `cncf.kubernetes` to get rid of this warning. If you import the module via `airflow.kubernetes` import, please use `cncf.kubernetes' provider 7.4.0+ and switch all your imports to use `apache.airflow.providers.cncf.kubernetes` to get rid of the warning.
[2024-05-04T12:36:43.395+0530] {logging_mixin.py:188} INFO - [2024-05-04T12:36:43.395+0530] {dag.py:3096} INFO - Sync 1 DAGs
[2024-05-04T12:36:43.399+0530] {logging_mixin.py:188} INFO - [2024-05-04T12:36:43.399+0530] {dag.py:3954} INFO - Setting next_dagrun for example_local_kubernetes_executor to None, run_after=None
[2024-05-04T12:36:43.409+0530] {processor.py:183} INFO - Processing /usr/local/lib/python3.10/dist-packages/airflow/example_dags/example_local_kubernetes_executor.py took 0.145 seconds
[2024-05-04T12:37:35.268+0530] {processor.py:161} INFO - Started process (PID=13919) to work on /usr/local/lib/python3.10/dist-packages/airflow/example_dags/example_local_kubernetes_executor.py
[2024-05-04T12:37:35.269+0530] {processor.py:830} INFO - Processing file /usr/local/lib/python3.10/dist-packages/airflow/example_dags/example_local_kubernetes_executor.py for tasks to queue
[2024-05-04T12:37:35.271+0530] {logging_mixin.py:188} INFO - [2024-05-04T12:37:35.270+0530] {dagbag.py:540} INFO - Filling up the DagBag from /usr/local/lib/python3.10/dist-packages/airflow/example_dags/example_local_kubernetes_executor.py
[2024-05-04T12:37:35.347+0530] {processor.py:840} INFO - DAG(s) 'example_local_kubernetes_executor' retrieved from /usr/local/lib/python3.10/dist-packages/airflow/example_dags/example_local_kubernetes_executor.py
[2024-05-04T12:37:35.353+0530] {logging_mixin.py:188} WARNING - /usr/local/lib/python3.10/dist-packages/airflow/serialization/serialized_objects.py:1673 DeprecationWarning: This module is deprecated. The `cncf.kubernetes` provider before version 7.4.0 uses this module - you should migrate to a newer version of `cncf.kubernetes` to get rid of this warning. If you import the module via `airflow.kubernetes` import, please use `cncf.kubernetes' provider 7.4.0+ and switch all your imports to use `apache.airflow.providers.cncf.kubernetes` to get rid of the warning.
[2024-05-04T12:37:35.356+0530] {logging_mixin.py:188} INFO - [2024-05-04T12:37:35.355+0530] {dag.py:3096} INFO - Sync 1 DAGs
[2024-05-04T12:37:35.405+0530] {logging_mixin.py:188} INFO - [2024-05-04T12:37:35.405+0530] {dag.py:3954} INFO - Setting next_dagrun for example_local_kubernetes_executor to None, run_after=None
[2024-05-04T12:37:35.415+0530] {processor.py:183} INFO - Processing /usr/local/lib/python3.10/dist-packages/airflow/example_dags/example_local_kubernetes_executor.py took 0.151 seconds
[2024-05-04T12:38:27.428+0530] {processor.py:161} INFO - Started process (PID=14052) to work on /usr/local/lib/python3.10/dist-packages/airflow/example_dags/example_local_kubernetes_executor.py
[2024-05-04T12:38:27.429+0530] {processor.py:830} INFO - Processing file /usr/local/lib/python3.10/dist-packages/airflow/example_dags/example_local_kubernetes_executor.py for tasks to queue
[2024-05-04T12:38:27.430+0530] {logging_mixin.py:188} INFO - [2024-05-04T12:38:27.430+0530] {dagbag.py:540} INFO - Filling up the DagBag from /usr/local/lib/python3.10/dist-packages/airflow/example_dags/example_local_kubernetes_executor.py
[2024-05-04T12:38:27.505+0530] {processor.py:840} INFO - DAG(s) 'example_local_kubernetes_executor' retrieved from /usr/local/lib/python3.10/dist-packages/airflow/example_dags/example_local_kubernetes_executor.py
[2024-05-04T12:38:27.511+0530] {logging_mixin.py:188} WARNING - /usr/local/lib/python3.10/dist-packages/airflow/serialization/serialized_objects.py:1673 DeprecationWarning: This module is deprecated. The `cncf.kubernetes` provider before version 7.4.0 uses this module - you should migrate to a newer version of `cncf.kubernetes` to get rid of this warning. If you import the module via `airflow.kubernetes` import, please use `cncf.kubernetes' provider 7.4.0+ and switch all your imports to use `apache.airflow.providers.cncf.kubernetes` to get rid of the warning.
[2024-05-04T12:38:27.514+0530] {logging_mixin.py:188} INFO - [2024-05-04T12:38:27.513+0530] {dag.py:3096} INFO - Sync 1 DAGs
[2024-05-04T12:38:27.518+0530] {logging_mixin.py:188} INFO - [2024-05-04T12:38:27.518+0530] {dag.py:3954} INFO - Setting next_dagrun for example_local_kubernetes_executor to None, run_after=None
[2024-05-04T12:38:27.573+0530] {processor.py:183} INFO - Processing /usr/local/lib/python3.10/dist-packages/airflow/example_dags/example_local_kubernetes_executor.py took 0.147 seconds
[2024-05-04T12:39:22.443+0530] {processor.py:161} INFO - Started process (PID=14315) to work on /usr/local/lib/python3.10/dist-packages/airflow/example_dags/example_local_kubernetes_executor.py
[2024-05-04T12:39:22.443+0530] {processor.py:830} INFO - Processing file /usr/local/lib/python3.10/dist-packages/airflow/example_dags/example_local_kubernetes_executor.py for tasks to queue
[2024-05-04T12:39:22.445+0530] {logging_mixin.py:188} INFO - [2024-05-04T12:39:22.444+0530] {dagbag.py:540} INFO - Filling up the DagBag from /usr/local/lib/python3.10/dist-packages/airflow/example_dags/example_local_kubernetes_executor.py
[2024-05-04T12:39:22.564+0530] {processor.py:840} INFO - DAG(s) 'example_local_kubernetes_executor' retrieved from /usr/local/lib/python3.10/dist-packages/airflow/example_dags/example_local_kubernetes_executor.py
[2024-05-04T12:39:22.569+0530] {logging_mixin.py:188} WARNING - /usr/local/lib/python3.10/dist-packages/airflow/serialization/serialized_objects.py:1673 DeprecationWarning: This module is deprecated. The `cncf.kubernetes` provider before version 7.4.0 uses this module - you should migrate to a newer version of `cncf.kubernetes` to get rid of this warning. If you import the module via `airflow.kubernetes` import, please use `cncf.kubernetes' provider 7.4.0+ and switch all your imports to use `apache.airflow.providers.cncf.kubernetes` to get rid of the warning.
[2024-05-04T12:39:22.571+0530] {logging_mixin.py:188} INFO - [2024-05-04T12:39:22.571+0530] {dag.py:3096} INFO - Sync 1 DAGs
[2024-05-04T12:39:22.575+0530] {logging_mixin.py:188} INFO - [2024-05-04T12:39:22.575+0530] {dag.py:3954} INFO - Setting next_dagrun for example_local_kubernetes_executor to None, run_after=None
[2024-05-04T12:39:22.584+0530] {processor.py:183} INFO - Processing /usr/local/lib/python3.10/dist-packages/airflow/example_dags/example_local_kubernetes_executor.py took 0.144 seconds
[2024-05-04T12:40:13.315+0530] {processor.py:161} INFO - Started process (PID=14521) to work on /usr/local/lib/python3.10/dist-packages/airflow/example_dags/example_local_kubernetes_executor.py
[2024-05-04T12:40:13.316+0530] {processor.py:830} INFO - Processing file /usr/local/lib/python3.10/dist-packages/airflow/example_dags/example_local_kubernetes_executor.py for tasks to queue
[2024-05-04T12:40:13.318+0530] {logging_mixin.py:188} INFO - [2024-05-04T12:40:13.317+0530] {dagbag.py:540} INFO - Filling up the DagBag from /usr/local/lib/python3.10/dist-packages/airflow/example_dags/example_local_kubernetes_executor.py
[2024-05-04T12:40:13.393+0530] {processor.py:840} INFO - DAG(s) 'example_local_kubernetes_executor' retrieved from /usr/local/lib/python3.10/dist-packages/airflow/example_dags/example_local_kubernetes_executor.py
[2024-05-04T12:40:13.444+0530] {logging_mixin.py:188} WARNING - /usr/local/lib/python3.10/dist-packages/airflow/serialization/serialized_objects.py:1673 DeprecationWarning: This module is deprecated. The `cncf.kubernetes` provider before version 7.4.0 uses this module - you should migrate to a newer version of `cncf.kubernetes` to get rid of this warning. If you import the module via `airflow.kubernetes` import, please use `cncf.kubernetes' provider 7.4.0+ and switch all your imports to use `apache.airflow.providers.cncf.kubernetes` to get rid of the warning.
[2024-05-04T12:40:13.446+0530] {logging_mixin.py:188} INFO - [2024-05-04T12:40:13.446+0530] {dag.py:3096} INFO - Sync 1 DAGs
[2024-05-04T12:40:13.450+0530] {logging_mixin.py:188} INFO - [2024-05-04T12:40:13.450+0530] {dag.py:3954} INFO - Setting next_dagrun for example_local_kubernetes_executor to None, run_after=None
[2024-05-04T12:40:13.460+0530] {processor.py:183} INFO - Processing /usr/local/lib/python3.10/dist-packages/airflow/example_dags/example_local_kubernetes_executor.py took 0.150 seconds
[2024-05-04T12:41:04.260+0530] {processor.py:161} INFO - Started process (PID=14698) to work on /usr/local/lib/python3.10/dist-packages/airflow/example_dags/example_local_kubernetes_executor.py
[2024-05-04T12:41:04.261+0530] {processor.py:830} INFO - Processing file /usr/local/lib/python3.10/dist-packages/airflow/example_dags/example_local_kubernetes_executor.py for tasks to queue
[2024-05-04T12:41:04.262+0530] {logging_mixin.py:188} INFO - [2024-05-04T12:41:04.262+0530] {dagbag.py:540} INFO - Filling up the DagBag from /usr/local/lib/python3.10/dist-packages/airflow/example_dags/example_local_kubernetes_executor.py
[2024-05-04T12:41:04.334+0530] {processor.py:840} INFO - DAG(s) 'example_local_kubernetes_executor' retrieved from /usr/local/lib/python3.10/dist-packages/airflow/example_dags/example_local_kubernetes_executor.py
[2024-05-04T12:41:04.340+0530] {logging_mixin.py:188} WARNING - /usr/local/lib/python3.10/dist-packages/airflow/serialization/serialized_objects.py:1673 DeprecationWarning: This module is deprecated. The `cncf.kubernetes` provider before version 7.4.0 uses this module - you should migrate to a newer version of `cncf.kubernetes` to get rid of this warning. If you import the module via `airflow.kubernetes` import, please use `cncf.kubernetes' provider 7.4.0+ and switch all your imports to use `apache.airflow.providers.cncf.kubernetes` to get rid of the warning.
[2024-05-04T12:41:04.343+0530] {logging_mixin.py:188} INFO - [2024-05-04T12:41:04.342+0530] {dag.py:3096} INFO - Sync 1 DAGs
[2024-05-04T12:41:04.391+0530] {logging_mixin.py:188} INFO - [2024-05-04T12:41:04.391+0530] {dag.py:3954} INFO - Setting next_dagrun for example_local_kubernetes_executor to None, run_after=None
[2024-05-04T12:41:04.401+0530] {processor.py:183} INFO - Processing /usr/local/lib/python3.10/dist-packages/airflow/example_dags/example_local_kubernetes_executor.py took 0.149 seconds
[2024-05-04T12:41:54.479+0530] {processor.py:161} INFO - Started process (PID=14861) to work on /usr/local/lib/python3.10/dist-packages/airflow/example_dags/example_local_kubernetes_executor.py
[2024-05-04T12:41:54.480+0530] {processor.py:830} INFO - Processing file /usr/local/lib/python3.10/dist-packages/airflow/example_dags/example_local_kubernetes_executor.py for tasks to queue
[2024-05-04T12:41:54.480+0530] {logging_mixin.py:188} INFO - [2024-05-04T12:41:54.480+0530] {dagbag.py:540} INFO - Filling up the DagBag from /usr/local/lib/python3.10/dist-packages/airflow/example_dags/example_local_kubernetes_executor.py
[2024-05-04T12:41:54.598+0530] {processor.py:840} INFO - DAG(s) 'example_local_kubernetes_executor' retrieved from /usr/local/lib/python3.10/dist-packages/airflow/example_dags/example_local_kubernetes_executor.py
[2024-05-04T12:41:54.603+0530] {logging_mixin.py:188} WARNING - /usr/local/lib/python3.10/dist-packages/airflow/serialization/serialized_objects.py:1673 DeprecationWarning: This module is deprecated. The `cncf.kubernetes` provider before version 7.4.0 uses this module - you should migrate to a newer version of `cncf.kubernetes` to get rid of this warning. If you import the module via `airflow.kubernetes` import, please use `cncf.kubernetes' provider 7.4.0+ and switch all your imports to use `apache.airflow.providers.cncf.kubernetes` to get rid of the warning.
[2024-05-04T12:41:54.605+0530] {logging_mixin.py:188} INFO - [2024-05-04T12:41:54.605+0530] {dag.py:3096} INFO - Sync 1 DAGs
[2024-05-04T12:41:54.609+0530] {logging_mixin.py:188} INFO - [2024-05-04T12:41:54.608+0530] {dag.py:3954} INFO - Setting next_dagrun for example_local_kubernetes_executor to None, run_after=None
[2024-05-04T12:41:54.618+0530] {processor.py:183} INFO - Processing /usr/local/lib/python3.10/dist-packages/airflow/example_dags/example_local_kubernetes_executor.py took 0.146 seconds
[2024-05-04T12:42:43.225+0530] {processor.py:161} INFO - Started process (PID=15024) to work on /usr/local/lib/python3.10/dist-packages/airflow/example_dags/example_local_kubernetes_executor.py
[2024-05-04T12:42:43.226+0530] {processor.py:830} INFO - Processing file /usr/local/lib/python3.10/dist-packages/airflow/example_dags/example_local_kubernetes_executor.py for tasks to queue
[2024-05-04T12:42:43.227+0530] {logging_mixin.py:188} INFO - [2024-05-04T12:42:43.227+0530] {dagbag.py:540} INFO - Filling up the DagBag from /usr/local/lib/python3.10/dist-packages/airflow/example_dags/example_local_kubernetes_executor.py
[2024-05-04T12:42:43.344+0530] {processor.py:840} INFO - DAG(s) 'example_local_kubernetes_executor' retrieved from /usr/local/lib/python3.10/dist-packages/airflow/example_dags/example_local_kubernetes_executor.py
[2024-05-04T12:42:43.349+0530] {logging_mixin.py:188} WARNING - /usr/local/lib/python3.10/dist-packages/airflow/serialization/serialized_objects.py:1673 DeprecationWarning: This module is deprecated. The `cncf.kubernetes` provider before version 7.4.0 uses this module - you should migrate to a newer version of `cncf.kubernetes` to get rid of this warning. If you import the module via `airflow.kubernetes` import, please use `cncf.kubernetes' provider 7.4.0+ and switch all your imports to use `apache.airflow.providers.cncf.kubernetes` to get rid of the warning.
[2024-05-04T12:42:43.351+0530] {logging_mixin.py:188} INFO - [2024-05-04T12:42:43.351+0530] {dag.py:3096} INFO - Sync 1 DAGs
[2024-05-04T12:42:43.355+0530] {logging_mixin.py:188} INFO - [2024-05-04T12:42:43.355+0530] {dag.py:3954} INFO - Setting next_dagrun for example_local_kubernetes_executor to None, run_after=None
[2024-05-04T12:42:43.364+0530] {processor.py:183} INFO - Processing /usr/local/lib/python3.10/dist-packages/airflow/example_dags/example_local_kubernetes_executor.py took 0.147 seconds
[2024-05-04T12:43:36.440+0530] {processor.py:161} INFO - Started process (PID=15194) to work on /usr/local/lib/python3.10/dist-packages/airflow/example_dags/example_local_kubernetes_executor.py
[2024-05-04T12:43:36.441+0530] {processor.py:830} INFO - Processing file /usr/local/lib/python3.10/dist-packages/airflow/example_dags/example_local_kubernetes_executor.py for tasks to queue
[2024-05-04T12:43:36.442+0530] {logging_mixin.py:188} INFO - [2024-05-04T12:43:36.442+0530] {dagbag.py:540} INFO - Filling up the DagBag from /usr/local/lib/python3.10/dist-packages/airflow/example_dags/example_local_kubernetes_executor.py
[2024-05-04T12:43:36.558+0530] {processor.py:840} INFO - DAG(s) 'example_local_kubernetes_executor' retrieved from /usr/local/lib/python3.10/dist-packages/airflow/example_dags/example_local_kubernetes_executor.py
[2024-05-04T12:43:36.563+0530] {logging_mixin.py:188} WARNING - /usr/local/lib/python3.10/dist-packages/airflow/serialization/serialized_objects.py:1673 DeprecationWarning: This module is deprecated. The `cncf.kubernetes` provider before version 7.4.0 uses this module - you should migrate to a newer version of `cncf.kubernetes` to get rid of this warning. If you import the module via `airflow.kubernetes` import, please use `cncf.kubernetes' provider 7.4.0+ and switch all your imports to use `apache.airflow.providers.cncf.kubernetes` to get rid of the warning.
[2024-05-04T12:43:36.566+0530] {logging_mixin.py:188} INFO - [2024-05-04T12:43:36.565+0530] {dag.py:3096} INFO - Sync 1 DAGs
[2024-05-04T12:43:36.569+0530] {logging_mixin.py:188} INFO - [2024-05-04T12:43:36.569+0530] {dag.py:3954} INFO - Setting next_dagrun for example_local_kubernetes_executor to None, run_after=None
[2024-05-04T12:43:36.579+0530] {processor.py:183} INFO - Processing /usr/local/lib/python3.10/dist-packages/airflow/example_dags/example_local_kubernetes_executor.py took 0.145 seconds
[2024-05-04T12:44:28.036+0530] {processor.py:161} INFO - Started process (PID=15376) to work on /usr/local/lib/python3.10/dist-packages/airflow/example_dags/example_local_kubernetes_executor.py
[2024-05-04T12:44:28.037+0530] {processor.py:830} INFO - Processing file /usr/local/lib/python3.10/dist-packages/airflow/example_dags/example_local_kubernetes_executor.py for tasks to queue
[2024-05-04T12:44:28.038+0530] {logging_mixin.py:188} INFO - [2024-05-04T12:44:28.038+0530] {dagbag.py:540} INFO - Filling up the DagBag from /usr/local/lib/python3.10/dist-packages/airflow/example_dags/example_local_kubernetes_executor.py
[2024-05-04T12:44:28.155+0530] {processor.py:840} INFO - DAG(s) 'example_local_kubernetes_executor' retrieved from /usr/local/lib/python3.10/dist-packages/airflow/example_dags/example_local_kubernetes_executor.py
[2024-05-04T12:44:28.160+0530] {logging_mixin.py:188} WARNING - /usr/local/lib/python3.10/dist-packages/airflow/serialization/serialized_objects.py:1673 DeprecationWarning: This module is deprecated. The `cncf.kubernetes` provider before version 7.4.0 uses this module - you should migrate to a newer version of `cncf.kubernetes` to get rid of this warning. If you import the module via `airflow.kubernetes` import, please use `cncf.kubernetes' provider 7.4.0+ and switch all your imports to use `apache.airflow.providers.cncf.kubernetes` to get rid of the warning.
[2024-05-04T12:44:28.163+0530] {logging_mixin.py:188} INFO - [2024-05-04T12:44:28.162+0530] {dag.py:3096} INFO - Sync 1 DAGs
[2024-05-04T12:44:28.167+0530] {logging_mixin.py:188} INFO - [2024-05-04T12:44:28.167+0530] {dag.py:3954} INFO - Setting next_dagrun for example_local_kubernetes_executor to None, run_after=None
[2024-05-04T12:44:28.176+0530] {processor.py:183} INFO - Processing /usr/local/lib/python3.10/dist-packages/airflow/example_dags/example_local_kubernetes_executor.py took 0.148 seconds
[2024-05-04T12:45:17.728+0530] {processor.py:161} INFO - Started process (PID=15560) to work on /usr/local/lib/python3.10/dist-packages/airflow/example_dags/example_local_kubernetes_executor.py
[2024-05-04T12:45:17.729+0530] {processor.py:830} INFO - Processing file /usr/local/lib/python3.10/dist-packages/airflow/example_dags/example_local_kubernetes_executor.py for tasks to queue
[2024-05-04T12:45:17.730+0530] {logging_mixin.py:188} INFO - [2024-05-04T12:45:17.730+0530] {dagbag.py:540} INFO - Filling up the DagBag from /usr/local/lib/python3.10/dist-packages/airflow/example_dags/example_local_kubernetes_executor.py
[2024-05-04T12:45:17.848+0530] {processor.py:840} INFO - DAG(s) 'example_local_kubernetes_executor' retrieved from /usr/local/lib/python3.10/dist-packages/airflow/example_dags/example_local_kubernetes_executor.py
[2024-05-04T12:45:17.852+0530] {logging_mixin.py:188} WARNING - /usr/local/lib/python3.10/dist-packages/airflow/serialization/serialized_objects.py:1673 DeprecationWarning: This module is deprecated. The `cncf.kubernetes` provider before version 7.4.0 uses this module - you should migrate to a newer version of `cncf.kubernetes` to get rid of this warning. If you import the module via `airflow.kubernetes` import, please use `cncf.kubernetes' provider 7.4.0+ and switch all your imports to use `apache.airflow.providers.cncf.kubernetes` to get rid of the warning.
[2024-05-04T12:45:17.855+0530] {logging_mixin.py:188} INFO - [2024-05-04T12:45:17.854+0530] {dag.py:3096} INFO - Sync 1 DAGs
[2024-05-04T12:45:17.858+0530] {logging_mixin.py:188} INFO - [2024-05-04T12:45:17.858+0530] {dag.py:3954} INFO - Setting next_dagrun for example_local_kubernetes_executor to None, run_after=None
[2024-05-04T12:45:17.868+0530] {processor.py:183} INFO - Processing /usr/local/lib/python3.10/dist-packages/airflow/example_dags/example_local_kubernetes_executor.py took 0.148 seconds
[2024-05-04T12:46:05.856+0530] {processor.py:161} INFO - Started process (PID=15785) to work on /usr/local/lib/python3.10/dist-packages/airflow/example_dags/example_local_kubernetes_executor.py
[2024-05-04T12:46:05.857+0530] {processor.py:830} INFO - Processing file /usr/local/lib/python3.10/dist-packages/airflow/example_dags/example_local_kubernetes_executor.py for tasks to queue
[2024-05-04T12:46:05.858+0530] {logging_mixin.py:188} INFO - [2024-05-04T12:46:05.858+0530] {dagbag.py:540} INFO - Filling up the DagBag from /usr/local/lib/python3.10/dist-packages/airflow/example_dags/example_local_kubernetes_executor.py
[2024-05-04T12:46:05.976+0530] {processor.py:840} INFO - DAG(s) 'example_local_kubernetes_executor' retrieved from /usr/local/lib/python3.10/dist-packages/airflow/example_dags/example_local_kubernetes_executor.py
[2024-05-04T12:46:05.981+0530] {logging_mixin.py:188} WARNING - /usr/local/lib/python3.10/dist-packages/airflow/serialization/serialized_objects.py:1673 DeprecationWarning: This module is deprecated. The `cncf.kubernetes` provider before version 7.4.0 uses this module - you should migrate to a newer version of `cncf.kubernetes` to get rid of this warning. If you import the module via `airflow.kubernetes` import, please use `cncf.kubernetes' provider 7.4.0+ and switch all your imports to use `apache.airflow.providers.cncf.kubernetes` to get rid of the warning.
[2024-05-04T12:46:05.983+0530] {logging_mixin.py:188} INFO - [2024-05-04T12:46:05.983+0530] {dag.py:3096} INFO - Sync 1 DAGs
[2024-05-04T12:46:05.987+0530] {logging_mixin.py:188} INFO - [2024-05-04T12:46:05.987+0530] {dag.py:3954} INFO - Setting next_dagrun for example_local_kubernetes_executor to None, run_after=None
[2024-05-04T12:46:05.996+0530] {processor.py:183} INFO - Processing /usr/local/lib/python3.10/dist-packages/airflow/example_dags/example_local_kubernetes_executor.py took 0.147 seconds
[2024-05-04T12:46:57.711+0530] {processor.py:161} INFO - Started process (PID=15961) to work on /usr/local/lib/python3.10/dist-packages/airflow/example_dags/example_local_kubernetes_executor.py
[2024-05-04T12:46:57.712+0530] {processor.py:830} INFO - Processing file /usr/local/lib/python3.10/dist-packages/airflow/example_dags/example_local_kubernetes_executor.py for tasks to queue
[2024-05-04T12:46:57.713+0530] {logging_mixin.py:188} INFO - [2024-05-04T12:46:57.713+0530] {dagbag.py:540} INFO - Filling up the DagBag from /usr/local/lib/python3.10/dist-packages/airflow/example_dags/example_local_kubernetes_executor.py
[2024-05-04T12:46:57.834+0530] {processor.py:840} INFO - DAG(s) 'example_local_kubernetes_executor' retrieved from /usr/local/lib/python3.10/dist-packages/airflow/example_dags/example_local_kubernetes_executor.py
[2024-05-04T12:46:57.839+0530] {logging_mixin.py:188} WARNING - /usr/local/lib/python3.10/dist-packages/airflow/serialization/serialized_objects.py:1673 DeprecationWarning: This module is deprecated. The `cncf.kubernetes` provider before version 7.4.0 uses this module - you should migrate to a newer version of `cncf.kubernetes` to get rid of this warning. If you import the module via `airflow.kubernetes` import, please use `cncf.kubernetes' provider 7.4.0+ and switch all your imports to use `apache.airflow.providers.cncf.kubernetes` to get rid of the warning.
[2024-05-04T12:46:57.842+0530] {logging_mixin.py:188} INFO - [2024-05-04T12:46:57.841+0530] {dag.py:3096} INFO - Sync 1 DAGs
[2024-05-04T12:46:57.845+0530] {logging_mixin.py:188} INFO - [2024-05-04T12:46:57.845+0530] {dag.py:3954} INFO - Setting next_dagrun for example_local_kubernetes_executor to None, run_after=None
[2024-05-04T12:46:57.855+0530] {processor.py:183} INFO - Processing /usr/local/lib/python3.10/dist-packages/airflow/example_dags/example_local_kubernetes_executor.py took 0.150 seconds
[2024-05-04T12:47:49.221+0530] {processor.py:161} INFO - Started process (PID=16159) to work on /usr/local/lib/python3.10/dist-packages/airflow/example_dags/example_local_kubernetes_executor.py
[2024-05-04T12:47:49.222+0530] {processor.py:830} INFO - Processing file /usr/local/lib/python3.10/dist-packages/airflow/example_dags/example_local_kubernetes_executor.py for tasks to queue
[2024-05-04T12:47:49.222+0530] {logging_mixin.py:188} INFO - [2024-05-04T12:47:49.222+0530] {dagbag.py:540} INFO - Filling up the DagBag from /usr/local/lib/python3.10/dist-packages/airflow/example_dags/example_local_kubernetes_executor.py
[2024-05-04T12:47:49.339+0530] {processor.py:840} INFO - DAG(s) 'example_local_kubernetes_executor' retrieved from /usr/local/lib/python3.10/dist-packages/airflow/example_dags/example_local_kubernetes_executor.py
[2024-05-04T12:47:49.344+0530] {logging_mixin.py:188} WARNING - /usr/local/lib/python3.10/dist-packages/airflow/serialization/serialized_objects.py:1673 DeprecationWarning: This module is deprecated. The `cncf.kubernetes` provider before version 7.4.0 uses this module - you should migrate to a newer version of `cncf.kubernetes` to get rid of this warning. If you import the module via `airflow.kubernetes` import, please use `cncf.kubernetes' provider 7.4.0+ and switch all your imports to use `apache.airflow.providers.cncf.kubernetes` to get rid of the warning.
[2024-05-04T12:47:49.346+0530] {logging_mixin.py:188} INFO - [2024-05-04T12:47:49.346+0530] {dag.py:3096} INFO - Sync 1 DAGs
[2024-05-04T12:47:49.350+0530] {logging_mixin.py:188} INFO - [2024-05-04T12:47:49.350+0530] {dag.py:3954} INFO - Setting next_dagrun for example_local_kubernetes_executor to None, run_after=None
[2024-05-04T12:47:49.359+0530] {processor.py:183} INFO - Processing /usr/local/lib/python3.10/dist-packages/airflow/example_dags/example_local_kubernetes_executor.py took 0.141 seconds
[2024-05-04T12:48:40.624+0530] {processor.py:161} INFO - Started process (PID=16332) to work on /usr/local/lib/python3.10/dist-packages/airflow/example_dags/example_local_kubernetes_executor.py
[2024-05-04T12:48:40.625+0530] {processor.py:830} INFO - Processing file /usr/local/lib/python3.10/dist-packages/airflow/example_dags/example_local_kubernetes_executor.py for tasks to queue
[2024-05-04T12:48:40.626+0530] {logging_mixin.py:188} INFO - [2024-05-04T12:48:40.626+0530] {dagbag.py:540} INFO - Filling up the DagBag from /usr/local/lib/python3.10/dist-packages/airflow/example_dags/example_local_kubernetes_executor.py
[2024-05-04T12:48:40.749+0530] {processor.py:840} INFO - DAG(s) 'example_local_kubernetes_executor' retrieved from /usr/local/lib/python3.10/dist-packages/airflow/example_dags/example_local_kubernetes_executor.py
[2024-05-04T12:48:40.754+0530] {logging_mixin.py:188} WARNING - /usr/local/lib/python3.10/dist-packages/airflow/serialization/serialized_objects.py:1673 DeprecationWarning: This module is deprecated. The `cncf.kubernetes` provider before version 7.4.0 uses this module - you should migrate to a newer version of `cncf.kubernetes` to get rid of this warning. If you import the module via `airflow.kubernetes` import, please use `cncf.kubernetes' provider 7.4.0+ and switch all your imports to use `apache.airflow.providers.cncf.kubernetes` to get rid of the warning.
[2024-05-04T12:48:40.756+0530] {logging_mixin.py:188} INFO - [2024-05-04T12:48:40.756+0530] {dag.py:3096} INFO - Sync 1 DAGs
[2024-05-04T12:48:40.760+0530] {logging_mixin.py:188} INFO - [2024-05-04T12:48:40.760+0530] {dag.py:3954} INFO - Setting next_dagrun for example_local_kubernetes_executor to None, run_after=None
[2024-05-04T12:48:40.770+0530] {processor.py:183} INFO - Processing /usr/local/lib/python3.10/dist-packages/airflow/example_dags/example_local_kubernetes_executor.py took 0.151 seconds
[2024-05-04T12:49:32.739+0530] {processor.py:161} INFO - Started process (PID=16509) to work on /usr/local/lib/python3.10/dist-packages/airflow/example_dags/example_local_kubernetes_executor.py
[2024-05-04T12:49:32.739+0530] {processor.py:830} INFO - Processing file /usr/local/lib/python3.10/dist-packages/airflow/example_dags/example_local_kubernetes_executor.py for tasks to queue
[2024-05-04T12:49:32.740+0530] {logging_mixin.py:188} INFO - [2024-05-04T12:49:32.740+0530] {dagbag.py:540} INFO - Filling up the DagBag from /usr/local/lib/python3.10/dist-packages/airflow/example_dags/example_local_kubernetes_executor.py
[2024-05-04T12:49:32.856+0530] {processor.py:840} INFO - DAG(s) 'example_local_kubernetes_executor' retrieved from /usr/local/lib/python3.10/dist-packages/airflow/example_dags/example_local_kubernetes_executor.py
[2024-05-04T12:49:32.861+0530] {logging_mixin.py:188} WARNING - /usr/local/lib/python3.10/dist-packages/airflow/serialization/serialized_objects.py:1673 DeprecationWarning: This module is deprecated. The `cncf.kubernetes` provider before version 7.4.0 uses this module - you should migrate to a newer version of `cncf.kubernetes` to get rid of this warning. If you import the module via `airflow.kubernetes` import, please use `cncf.kubernetes' provider 7.4.0+ and switch all your imports to use `apache.airflow.providers.cncf.kubernetes` to get rid of the warning.
[2024-05-04T12:49:32.863+0530] {logging_mixin.py:188} INFO - [2024-05-04T12:49:32.863+0530] {dag.py:3096} INFO - Sync 1 DAGs
[2024-05-04T12:49:32.867+0530] {logging_mixin.py:188} INFO - [2024-05-04T12:49:32.867+0530] {dag.py:3954} INFO - Setting next_dagrun for example_local_kubernetes_executor to None, run_after=None
[2024-05-04T12:49:32.877+0530] {processor.py:183} INFO - Processing /usr/local/lib/python3.10/dist-packages/airflow/example_dags/example_local_kubernetes_executor.py took 0.140 seconds
[2024-05-04T12:50:27.040+0530] {processor.py:161} INFO - Started process (PID=16782) to work on /usr/local/lib/python3.10/dist-packages/airflow/example_dags/example_local_kubernetes_executor.py
[2024-05-04T12:50:27.041+0530] {processor.py:830} INFO - Processing file /usr/local/lib/python3.10/dist-packages/airflow/example_dags/example_local_kubernetes_executor.py for tasks to queue
[2024-05-04T12:50:27.042+0530] {logging_mixin.py:188} INFO - [2024-05-04T12:50:27.042+0530] {dagbag.py:540} INFO - Filling up the DagBag from /usr/local/lib/python3.10/dist-packages/airflow/example_dags/example_local_kubernetes_executor.py
[2024-05-04T12:50:27.155+0530] {processor.py:840} INFO - DAG(s) 'example_local_kubernetes_executor' retrieved from /usr/local/lib/python3.10/dist-packages/airflow/example_dags/example_local_kubernetes_executor.py
[2024-05-04T12:50:27.160+0530] {logging_mixin.py:188} WARNING - /usr/local/lib/python3.10/dist-packages/airflow/serialization/serialized_objects.py:1673 DeprecationWarning: This module is deprecated. The `cncf.kubernetes` provider before version 7.4.0 uses this module - you should migrate to a newer version of `cncf.kubernetes` to get rid of this warning. If you import the module via `airflow.kubernetes` import, please use `cncf.kubernetes' provider 7.4.0+ and switch all your imports to use `apache.airflow.providers.cncf.kubernetes` to get rid of the warning.
[2024-05-04T12:50:27.163+0530] {logging_mixin.py:188} INFO - [2024-05-04T12:50:27.163+0530] {dag.py:3096} INFO - Sync 1 DAGs
[2024-05-04T12:50:27.167+0530] {logging_mixin.py:188} INFO - [2024-05-04T12:50:27.166+0530] {dag.py:3954} INFO - Setting next_dagrun for example_local_kubernetes_executor to None, run_after=None
[2024-05-04T12:50:27.176+0530] {processor.py:183} INFO - Processing /usr/local/lib/python3.10/dist-packages/airflow/example_dags/example_local_kubernetes_executor.py took 0.142 seconds
[2024-05-04T12:51:16.216+0530] {processor.py:161} INFO - Started process (PID=16913) to work on /usr/local/lib/python3.10/dist-packages/airflow/example_dags/example_local_kubernetes_executor.py
[2024-05-04T12:51:16.217+0530] {processor.py:830} INFO - Processing file /usr/local/lib/python3.10/dist-packages/airflow/example_dags/example_local_kubernetes_executor.py for tasks to queue
[2024-05-04T12:51:16.218+0530] {logging_mixin.py:188} INFO - [2024-05-04T12:51:16.218+0530] {dagbag.py:540} INFO - Filling up the DagBag from /usr/local/lib/python3.10/dist-packages/airflow/example_dags/example_local_kubernetes_executor.py
[2024-05-04T12:51:16.333+0530] {processor.py:840} INFO - DAG(s) 'example_local_kubernetes_executor' retrieved from /usr/local/lib/python3.10/dist-packages/airflow/example_dags/example_local_kubernetes_executor.py
[2024-05-04T12:51:16.338+0530] {logging_mixin.py:188} WARNING - /usr/local/lib/python3.10/dist-packages/airflow/serialization/serialized_objects.py:1673 DeprecationWarning: This module is deprecated. The `cncf.kubernetes` provider before version 7.4.0 uses this module - you should migrate to a newer version of `cncf.kubernetes` to get rid of this warning. If you import the module via `airflow.kubernetes` import, please use `cncf.kubernetes' provider 7.4.0+ and switch all your imports to use `apache.airflow.providers.cncf.kubernetes` to get rid of the warning.
[2024-05-04T12:51:16.340+0530] {logging_mixin.py:188} INFO - [2024-05-04T12:51:16.340+0530] {dag.py:3096} INFO - Sync 1 DAGs
[2024-05-04T12:51:16.344+0530] {logging_mixin.py:188} INFO - [2024-05-04T12:51:16.344+0530] {dag.py:3954} INFO - Setting next_dagrun for example_local_kubernetes_executor to None, run_after=None
[2024-05-04T12:51:16.353+0530] {processor.py:183} INFO - Processing /usr/local/lib/python3.10/dist-packages/airflow/example_dags/example_local_kubernetes_executor.py took 0.143 seconds
[2024-05-04T12:52:06.478+0530] {processor.py:161} INFO - Started process (PID=17045) to work on /usr/local/lib/python3.10/dist-packages/airflow/example_dags/example_local_kubernetes_executor.py
[2024-05-04T12:52:06.478+0530] {processor.py:830} INFO - Processing file /usr/local/lib/python3.10/dist-packages/airflow/example_dags/example_local_kubernetes_executor.py for tasks to queue
[2024-05-04T12:52:06.479+0530] {logging_mixin.py:188} INFO - [2024-05-04T12:52:06.479+0530] {dagbag.py:540} INFO - Filling up the DagBag from /usr/local/lib/python3.10/dist-packages/airflow/example_dags/example_local_kubernetes_executor.py
[2024-05-04T12:52:06.594+0530] {processor.py:840} INFO - DAG(s) 'example_local_kubernetes_executor' retrieved from /usr/local/lib/python3.10/dist-packages/airflow/example_dags/example_local_kubernetes_executor.py
[2024-05-04T12:52:06.599+0530] {logging_mixin.py:188} WARNING - /usr/local/lib/python3.10/dist-packages/airflow/serialization/serialized_objects.py:1673 DeprecationWarning: This module is deprecated. The `cncf.kubernetes` provider before version 7.4.0 uses this module - you should migrate to a newer version of `cncf.kubernetes` to get rid of this warning. If you import the module via `airflow.kubernetes` import, please use `cncf.kubernetes' provider 7.4.0+ and switch all your imports to use `apache.airflow.providers.cncf.kubernetes` to get rid of the warning.
[2024-05-04T12:52:06.601+0530] {logging_mixin.py:188} INFO - [2024-05-04T12:52:06.601+0530] {dag.py:3096} INFO - Sync 1 DAGs
[2024-05-04T12:52:06.605+0530] {logging_mixin.py:188} INFO - [2024-05-04T12:52:06.605+0530] {dag.py:3954} INFO - Setting next_dagrun for example_local_kubernetes_executor to None, run_after=None
[2024-05-04T12:52:06.615+0530] {processor.py:183} INFO - Processing /usr/local/lib/python3.10/dist-packages/airflow/example_dags/example_local_kubernetes_executor.py took 0.142 seconds
[2024-05-04T12:52:58.047+0530] {processor.py:161} INFO - Started process (PID=17178) to work on /usr/local/lib/python3.10/dist-packages/airflow/example_dags/example_local_kubernetes_executor.py
[2024-05-04T12:52:58.047+0530] {processor.py:830} INFO - Processing file /usr/local/lib/python3.10/dist-packages/airflow/example_dags/example_local_kubernetes_executor.py for tasks to queue
[2024-05-04T12:52:58.049+0530] {logging_mixin.py:188} INFO - [2024-05-04T12:52:58.048+0530] {dagbag.py:540} INFO - Filling up the DagBag from /usr/local/lib/python3.10/dist-packages/airflow/example_dags/example_local_kubernetes_executor.py
[2024-05-04T12:52:58.167+0530] {processor.py:840} INFO - DAG(s) 'example_local_kubernetes_executor' retrieved from /usr/local/lib/python3.10/dist-packages/airflow/example_dags/example_local_kubernetes_executor.py
[2024-05-04T12:52:58.172+0530] {logging_mixin.py:188} WARNING - /usr/local/lib/python3.10/dist-packages/airflow/serialization/serialized_objects.py:1673 DeprecationWarning: This module is deprecated. The `cncf.kubernetes` provider before version 7.4.0 uses this module - you should migrate to a newer version of `cncf.kubernetes` to get rid of this warning. If you import the module via `airflow.kubernetes` import, please use `cncf.kubernetes' provider 7.4.0+ and switch all your imports to use `apache.airflow.providers.cncf.kubernetes` to get rid of the warning.
[2024-05-04T12:52:58.174+0530] {logging_mixin.py:188} INFO - [2024-05-04T12:52:58.174+0530] {dag.py:3096} INFO - Sync 1 DAGs
[2024-05-04T12:52:58.178+0530] {logging_mixin.py:188} INFO - [2024-05-04T12:52:58.178+0530] {dag.py:3954} INFO - Setting next_dagrun for example_local_kubernetes_executor to None, run_after=None
[2024-05-04T12:52:58.187+0530] {processor.py:183} INFO - Processing /usr/local/lib/python3.10/dist-packages/airflow/example_dags/example_local_kubernetes_executor.py took 0.146 seconds
[2024-05-04T12:53:49.151+0530] {processor.py:161} INFO - Started process (PID=17332) to work on /usr/local/lib/python3.10/dist-packages/airflow/example_dags/example_local_kubernetes_executor.py
[2024-05-04T12:53:49.152+0530] {processor.py:830} INFO - Processing file /usr/local/lib/python3.10/dist-packages/airflow/example_dags/example_local_kubernetes_executor.py for tasks to queue
[2024-05-04T12:53:49.153+0530] {logging_mixin.py:188} INFO - [2024-05-04T12:53:49.153+0530] {dagbag.py:540} INFO - Filling up the DagBag from /usr/local/lib/python3.10/dist-packages/airflow/example_dags/example_local_kubernetes_executor.py
[2024-05-04T12:53:49.271+0530] {processor.py:840} INFO - DAG(s) 'example_local_kubernetes_executor' retrieved from /usr/local/lib/python3.10/dist-packages/airflow/example_dags/example_local_kubernetes_executor.py
[2024-05-04T12:53:49.276+0530] {logging_mixin.py:188} WARNING - /usr/local/lib/python3.10/dist-packages/airflow/serialization/serialized_objects.py:1673 DeprecationWarning: This module is deprecated. The `cncf.kubernetes` provider before version 7.4.0 uses this module - you should migrate to a newer version of `cncf.kubernetes` to get rid of this warning. If you import the module via `airflow.kubernetes` import, please use `cncf.kubernetes' provider 7.4.0+ and switch all your imports to use `apache.airflow.providers.cncf.kubernetes` to get rid of the warning.
[2024-05-04T12:53:49.278+0530] {logging_mixin.py:188} INFO - [2024-05-04T12:53:49.278+0530] {dag.py:3096} INFO - Sync 1 DAGs
[2024-05-04T12:53:49.282+0530] {logging_mixin.py:188} INFO - [2024-05-04T12:53:49.281+0530] {dag.py:3954} INFO - Setting next_dagrun for example_local_kubernetes_executor to None, run_after=None
[2024-05-04T12:53:49.291+0530] {processor.py:183} INFO - Processing /usr/local/lib/python3.10/dist-packages/airflow/example_dags/example_local_kubernetes_executor.py took 0.145 seconds
[2024-05-04T12:54:39.706+0530] {processor.py:161} INFO - Started process (PID=17461) to work on /usr/local/lib/python3.10/dist-packages/airflow/example_dags/example_local_kubernetes_executor.py
[2024-05-04T12:54:39.707+0530] {processor.py:830} INFO - Processing file /usr/local/lib/python3.10/dist-packages/airflow/example_dags/example_local_kubernetes_executor.py for tasks to queue
[2024-05-04T12:54:39.708+0530] {logging_mixin.py:188} INFO - [2024-05-04T12:54:39.708+0530] {dagbag.py:540} INFO - Filling up the DagBag from /usr/local/lib/python3.10/dist-packages/airflow/example_dags/example_local_kubernetes_executor.py
[2024-05-04T12:54:39.827+0530] {processor.py:840} INFO - DAG(s) 'example_local_kubernetes_executor' retrieved from /usr/local/lib/python3.10/dist-packages/airflow/example_dags/example_local_kubernetes_executor.py
[2024-05-04T12:54:39.831+0530] {logging_mixin.py:188} WARNING - /usr/local/lib/python3.10/dist-packages/airflow/serialization/serialized_objects.py:1673 DeprecationWarning: This module is deprecated. The `cncf.kubernetes` provider before version 7.4.0 uses this module - you should migrate to a newer version of `cncf.kubernetes` to get rid of this warning. If you import the module via `airflow.kubernetes` import, please use `cncf.kubernetes' provider 7.4.0+ and switch all your imports to use `apache.airflow.providers.cncf.kubernetes` to get rid of the warning.
[2024-05-04T12:54:39.834+0530] {logging_mixin.py:188} INFO - [2024-05-04T12:54:39.833+0530] {dag.py:3096} INFO - Sync 1 DAGs
[2024-05-04T12:54:39.838+0530] {logging_mixin.py:188} INFO - [2024-05-04T12:54:39.838+0530] {dag.py:3954} INFO - Setting next_dagrun for example_local_kubernetes_executor to None, run_after=None
[2024-05-04T12:54:39.847+0530] {processor.py:183} INFO - Processing /usr/local/lib/python3.10/dist-packages/airflow/example_dags/example_local_kubernetes_executor.py took 0.146 seconds
