[2024-05-04T12:10:05.492+0530] {processor.py:161} INFO - Started process (PID=7283) to work on /usr/local/lib/python3.10/dist-packages/airflow/example_dags/example_display_name.py
[2024-05-04T12:10:05.493+0530] {processor.py:830} INFO - Processing file /usr/local/lib/python3.10/dist-packages/airflow/example_dags/example_display_name.py for tasks to queue
[2024-05-04T12:10:05.494+0530] {logging_mixin.py:188} INFO - [2024-05-04T12:10:05.494+0530] {dagbag.py:540} INFO - Filling up the DagBag from /usr/local/lib/python3.10/dist-packages/airflow/example_dags/example_display_name.py
[2024-05-04T12:10:05.501+0530] {processor.py:840} INFO - DAG(s) 'example_display_name' retrieved from /usr/local/lib/python3.10/dist-packages/airflow/example_dags/example_display_name.py
[2024-05-04T12:10:05.513+0530] {logging_mixin.py:188} INFO - [2024-05-04T12:10:05.513+0530] {dag.py:3096} INFO - Sync 1 DAGs
[2024-05-04T12:10:05.519+0530] {logging_mixin.py:188} INFO - [2024-05-04T12:10:05.519+0530] {dag.py:3954} INFO - Setting next_dagrun for example_display_name to None, run_after=None
[2024-05-04T12:10:05.533+0530] {processor.py:183} INFO - Processing /usr/local/lib/python3.10/dist-packages/airflow/example_dags/example_display_name.py took 0.049 seconds
[2024-05-04T12:11:02.032+0530] {processor.py:161} INFO - Started process (PID=7651) to work on /usr/local/lib/python3.10/dist-packages/airflow/example_dags/example_display_name.py
[2024-05-04T12:11:02.033+0530] {processor.py:830} INFO - Processing file /usr/local/lib/python3.10/dist-packages/airflow/example_dags/example_display_name.py for tasks to queue
[2024-05-04T12:11:02.034+0530] {logging_mixin.py:188} INFO - [2024-05-04T12:11:02.034+0530] {dagbag.py:540} INFO - Filling up the DagBag from /usr/local/lib/python3.10/dist-packages/airflow/example_dags/example_display_name.py
[2024-05-04T12:11:02.037+0530] {processor.py:840} INFO - DAG(s) 'example_display_name' retrieved from /usr/local/lib/python3.10/dist-packages/airflow/example_dags/example_display_name.py
[2024-05-04T12:11:02.043+0530] {logging_mixin.py:188} INFO - [2024-05-04T12:11:02.043+0530] {dag.py:3096} INFO - Sync 1 DAGs
[2024-05-04T12:11:02.047+0530] {logging_mixin.py:188} INFO - [2024-05-04T12:11:02.047+0530] {dag.py:3954} INFO - Setting next_dagrun for example_display_name to None, run_after=None
[2024-05-04T12:11:02.059+0530] {processor.py:183} INFO - Processing /usr/local/lib/python3.10/dist-packages/airflow/example_dags/example_display_name.py took 0.032 seconds
[2024-05-04T12:12:09.968+0530] {processor.py:161} INFO - Started process (PID=8299) to work on /usr/local/lib/python3.10/dist-packages/airflow/example_dags/example_display_name.py
[2024-05-04T12:12:09.969+0530] {processor.py:830} INFO - Processing file /usr/local/lib/python3.10/dist-packages/airflow/example_dags/example_display_name.py for tasks to queue
[2024-05-04T12:12:09.970+0530] {logging_mixin.py:188} INFO - [2024-05-04T12:12:09.970+0530] {dagbag.py:540} INFO - Filling up the DagBag from /usr/local/lib/python3.10/dist-packages/airflow/example_dags/example_display_name.py
[2024-05-04T12:12:09.972+0530] {processor.py:840} INFO - DAG(s) 'example_display_name' retrieved from /usr/local/lib/python3.10/dist-packages/airflow/example_dags/example_display_name.py
[2024-05-04T12:12:09.978+0530] {logging_mixin.py:188} INFO - [2024-05-04T12:12:09.978+0530] {dag.py:3096} INFO - Sync 1 DAGs
[2024-05-04T12:12:09.982+0530] {logging_mixin.py:188} INFO - [2024-05-04T12:12:09.982+0530] {dag.py:3954} INFO - Setting next_dagrun for example_display_name to None, run_after=None
[2024-05-04T12:12:09.992+0530] {processor.py:183} INFO - Processing /usr/local/lib/python3.10/dist-packages/airflow/example_dags/example_display_name.py took 0.030 seconds
[2024-05-04T12:13:09.266+0530] {processor.py:161} INFO - Started process (PID=8899) to work on /usr/local/lib/python3.10/dist-packages/airflow/example_dags/example_display_name.py
[2024-05-04T12:13:09.267+0530] {processor.py:830} INFO - Processing file /usr/local/lib/python3.10/dist-packages/airflow/example_dags/example_display_name.py for tasks to queue
[2024-05-04T12:13:09.267+0530] {logging_mixin.py:188} INFO - [2024-05-04T12:13:09.267+0530] {dagbag.py:540} INFO - Filling up the DagBag from /usr/local/lib/python3.10/dist-packages/airflow/example_dags/example_display_name.py
[2024-05-04T12:13:09.270+0530] {processor.py:840} INFO - DAG(s) 'example_display_name' retrieved from /usr/local/lib/python3.10/dist-packages/airflow/example_dags/example_display_name.py
[2024-05-04T12:13:09.275+0530] {logging_mixin.py:188} INFO - [2024-05-04T12:13:09.275+0530] {dag.py:3096} INFO - Sync 1 DAGs
[2024-05-04T12:13:09.280+0530] {logging_mixin.py:188} INFO - [2024-05-04T12:13:09.280+0530] {dag.py:3954} INFO - Setting next_dagrun for example_display_name to None, run_after=None
[2024-05-04T12:13:09.290+0530] {processor.py:183} INFO - Processing /usr/local/lib/python3.10/dist-packages/airflow/example_dags/example_display_name.py took 0.026 seconds
[2024-05-04T12:14:04.327+0530] {processor.py:161} INFO - Started process (PID=9108) to work on /usr/local/lib/python3.10/dist-packages/airflow/example_dags/example_display_name.py
[2024-05-04T12:14:04.327+0530] {processor.py:830} INFO - Processing file /usr/local/lib/python3.10/dist-packages/airflow/example_dags/example_display_name.py for tasks to queue
[2024-05-04T12:14:04.328+0530] {logging_mixin.py:188} INFO - [2024-05-04T12:14:04.328+0530] {dagbag.py:540} INFO - Filling up the DagBag from /usr/local/lib/python3.10/dist-packages/airflow/example_dags/example_display_name.py
[2024-05-04T12:14:04.333+0530] {processor.py:840} INFO - DAG(s) 'example_display_name' retrieved from /usr/local/lib/python3.10/dist-packages/airflow/example_dags/example_display_name.py
[2024-05-04T12:14:04.340+0530] {logging_mixin.py:188} INFO - [2024-05-04T12:14:04.339+0530] {dag.py:3096} INFO - Sync 1 DAGs
[2024-05-04T12:14:04.344+0530] {logging_mixin.py:188} INFO - [2024-05-04T12:14:04.344+0530] {dag.py:3954} INFO - Setting next_dagrun for example_display_name to None, run_after=None
[2024-05-04T12:14:04.354+0530] {processor.py:183} INFO - Processing /usr/local/lib/python3.10/dist-packages/airflow/example_dags/example_display_name.py took 0.033 seconds
[2024-05-04T12:14:58.337+0530] {processor.py:161} INFO - Started process (PID=9284) to work on /usr/local/lib/python3.10/dist-packages/airflow/example_dags/example_display_name.py
[2024-05-04T12:14:58.337+0530] {processor.py:830} INFO - Processing file /usr/local/lib/python3.10/dist-packages/airflow/example_dags/example_display_name.py for tasks to queue
[2024-05-04T12:14:58.338+0530] {logging_mixin.py:188} INFO - [2024-05-04T12:14:58.338+0530] {dagbag.py:540} INFO - Filling up the DagBag from /usr/local/lib/python3.10/dist-packages/airflow/example_dags/example_display_name.py
[2024-05-04T12:14:58.340+0530] {processor.py:840} INFO - DAG(s) 'example_display_name' retrieved from /usr/local/lib/python3.10/dist-packages/airflow/example_dags/example_display_name.py
[2024-05-04T12:14:58.346+0530] {logging_mixin.py:188} INFO - [2024-05-04T12:14:58.346+0530] {dag.py:3096} INFO - Sync 1 DAGs
[2024-05-04T12:14:58.350+0530] {logging_mixin.py:188} INFO - [2024-05-04T12:14:58.350+0530] {dag.py:3954} INFO - Setting next_dagrun for example_display_name to None, run_after=None
[2024-05-04T12:14:58.360+0530] {processor.py:183} INFO - Processing /usr/local/lib/python3.10/dist-packages/airflow/example_dags/example_display_name.py took 0.026 seconds
[2024-05-04T12:15:48.492+0530] {processor.py:161} INFO - Started process (PID=9453) to work on /usr/local/lib/python3.10/dist-packages/airflow/example_dags/example_display_name.py
[2024-05-04T12:15:48.494+0530] {processor.py:830} INFO - Processing file /usr/local/lib/python3.10/dist-packages/airflow/example_dags/example_display_name.py for tasks to queue
[2024-05-04T12:15:48.496+0530] {logging_mixin.py:188} INFO - [2024-05-04T12:15:48.496+0530] {dagbag.py:540} INFO - Filling up the DagBag from /usr/local/lib/python3.10/dist-packages/airflow/example_dags/example_display_name.py
[2024-05-04T12:15:48.501+0530] {processor.py:840} INFO - DAG(s) 'example_display_name' retrieved from /usr/local/lib/python3.10/dist-packages/airflow/example_dags/example_display_name.py
[2024-05-04T12:15:48.507+0530] {logging_mixin.py:188} INFO - [2024-05-04T12:15:48.507+0530] {dag.py:3096} INFO - Sync 1 DAGs
[2024-05-04T12:15:48.512+0530] {logging_mixin.py:188} INFO - [2024-05-04T12:15:48.511+0530] {dag.py:3954} INFO - Setting next_dagrun for example_display_name to None, run_after=None
[2024-05-04T12:15:48.522+0530] {processor.py:183} INFO - Processing /usr/local/lib/python3.10/dist-packages/airflow/example_dags/example_display_name.py took 0.041 seconds
[2024-05-04T12:16:40.016+0530] {processor.py:161} INFO - Started process (PID=9577) to work on /usr/local/lib/python3.10/dist-packages/airflow/example_dags/example_display_name.py
[2024-05-04T12:16:40.017+0530] {processor.py:830} INFO - Processing file /usr/local/lib/python3.10/dist-packages/airflow/example_dags/example_display_name.py for tasks to queue
[2024-05-04T12:16:40.018+0530] {logging_mixin.py:188} INFO - [2024-05-04T12:16:40.017+0530] {dagbag.py:540} INFO - Filling up the DagBag from /usr/local/lib/python3.10/dist-packages/airflow/example_dags/example_display_name.py
[2024-05-04T12:16:40.020+0530] {processor.py:840} INFO - DAG(s) 'example_display_name' retrieved from /usr/local/lib/python3.10/dist-packages/airflow/example_dags/example_display_name.py
[2024-05-04T12:16:40.026+0530] {logging_mixin.py:188} INFO - [2024-05-04T12:16:40.025+0530] {dag.py:3096} INFO - Sync 1 DAGs
[2024-05-04T12:16:40.030+0530] {logging_mixin.py:188} INFO - [2024-05-04T12:16:40.030+0530] {dag.py:3954} INFO - Setting next_dagrun for example_display_name to None, run_after=None
[2024-05-04T12:16:40.040+0530] {processor.py:183} INFO - Processing /usr/local/lib/python3.10/dist-packages/airflow/example_dags/example_display_name.py took 0.026 seconds
[2024-05-04T12:17:33.223+0530] {processor.py:161} INFO - Started process (PID=9973) to work on /usr/local/lib/python3.10/dist-packages/airflow/example_dags/example_display_name.py
[2024-05-04T12:17:33.225+0530] {processor.py:830} INFO - Processing file /usr/local/lib/python3.10/dist-packages/airflow/example_dags/example_display_name.py for tasks to queue
[2024-05-04T12:17:33.227+0530] {logging_mixin.py:188} INFO - [2024-05-04T12:17:33.226+0530] {dagbag.py:540} INFO - Filling up the DagBag from /usr/local/lib/python3.10/dist-packages/airflow/example_dags/example_display_name.py
[2024-05-04T12:17:33.232+0530] {processor.py:840} INFO - DAG(s) 'example_display_name' retrieved from /usr/local/lib/python3.10/dist-packages/airflow/example_dags/example_display_name.py
[2024-05-04T12:17:33.239+0530] {logging_mixin.py:188} INFO - [2024-05-04T12:17:33.238+0530] {dag.py:3096} INFO - Sync 1 DAGs
[2024-05-04T12:17:33.243+0530] {logging_mixin.py:188} INFO - [2024-05-04T12:17:33.243+0530] {dag.py:3954} INFO - Setting next_dagrun for example_display_name to None, run_after=None
[2024-05-04T12:17:33.253+0530] {processor.py:183} INFO - Processing /usr/local/lib/python3.10/dist-packages/airflow/example_dags/example_display_name.py took 0.036 seconds
[2024-05-04T12:18:47.586+0530] {processor.py:161} INFO - Started process (PID=10837) to work on /usr/local/lib/python3.10/dist-packages/airflow/example_dags/example_display_name.py
[2024-05-04T12:18:47.586+0530] {processor.py:830} INFO - Processing file /usr/local/lib/python3.10/dist-packages/airflow/example_dags/example_display_name.py for tasks to queue
[2024-05-04T12:18:47.587+0530] {logging_mixin.py:188} INFO - [2024-05-04T12:18:47.586+0530] {dagbag.py:540} INFO - Filling up the DagBag from /usr/local/lib/python3.10/dist-packages/airflow/example_dags/example_display_name.py
[2024-05-04T12:18:47.589+0530] {processor.py:840} INFO - DAG(s) 'example_display_name' retrieved from /usr/local/lib/python3.10/dist-packages/airflow/example_dags/example_display_name.py
[2024-05-04T12:18:47.600+0530] {logging_mixin.py:188} INFO - [2024-05-04T12:18:47.600+0530] {dag.py:3096} INFO - Sync 1 DAGs
[2024-05-04T12:18:47.607+0530] {logging_mixin.py:188} INFO - [2024-05-04T12:18:47.607+0530] {dag.py:3954} INFO - Setting next_dagrun for example_display_name to None, run_after=None
[2024-05-04T12:18:47.617+0530] {processor.py:183} INFO - Processing /usr/local/lib/python3.10/dist-packages/airflow/example_dags/example_display_name.py took 0.038 seconds
[2024-05-04T12:19:42.341+0530] {processor.py:161} INFO - Started process (PID=10992) to work on /usr/local/lib/python3.10/dist-packages/airflow/example_dags/example_display_name.py
[2024-05-04T12:19:42.341+0530] {processor.py:830} INFO - Processing file /usr/local/lib/python3.10/dist-packages/airflow/example_dags/example_display_name.py for tasks to queue
[2024-05-04T12:19:42.343+0530] {logging_mixin.py:188} INFO - [2024-05-04T12:19:42.342+0530] {dagbag.py:540} INFO - Filling up the DagBag from /usr/local/lib/python3.10/dist-packages/airflow/example_dags/example_display_name.py
[2024-05-04T12:19:42.348+0530] {processor.py:840} INFO - DAG(s) 'example_display_name' retrieved from /usr/local/lib/python3.10/dist-packages/airflow/example_dags/example_display_name.py
[2024-05-04T12:19:42.354+0530] {logging_mixin.py:188} INFO - [2024-05-04T12:19:42.354+0530] {dag.py:3096} INFO - Sync 1 DAGs
[2024-05-04T12:19:42.359+0530] {logging_mixin.py:188} INFO - [2024-05-04T12:19:42.359+0530] {dag.py:3954} INFO - Setting next_dagrun for example_display_name to None, run_after=None
[2024-05-04T12:19:42.369+0530] {processor.py:183} INFO - Processing /usr/local/lib/python3.10/dist-packages/airflow/example_dags/example_display_name.py took 0.033 seconds
[2024-05-04T12:20:32.554+0530] {processor.py:161} INFO - Started process (PID=11116) to work on /usr/local/lib/python3.10/dist-packages/airflow/example_dags/example_display_name.py
[2024-05-04T12:20:32.555+0530] {processor.py:830} INFO - Processing file /usr/local/lib/python3.10/dist-packages/airflow/example_dags/example_display_name.py for tasks to queue
[2024-05-04T12:20:32.557+0530] {logging_mixin.py:188} INFO - [2024-05-04T12:20:32.557+0530] {dagbag.py:540} INFO - Filling up the DagBag from /usr/local/lib/python3.10/dist-packages/airflow/example_dags/example_display_name.py
[2024-05-04T12:20:32.562+0530] {processor.py:840} INFO - DAG(s) 'example_display_name' retrieved from /usr/local/lib/python3.10/dist-packages/airflow/example_dags/example_display_name.py
[2024-05-04T12:20:32.568+0530] {logging_mixin.py:188} INFO - [2024-05-04T12:20:32.568+0530] {dag.py:3096} INFO - Sync 1 DAGs
[2024-05-04T12:20:32.572+0530] {logging_mixin.py:188} INFO - [2024-05-04T12:20:32.572+0530] {dag.py:3954} INFO - Setting next_dagrun for example_display_name to None, run_after=None
[2024-05-04T12:20:32.582+0530] {processor.py:183} INFO - Processing /usr/local/lib/python3.10/dist-packages/airflow/example_dags/example_display_name.py took 0.039 seconds
[2024-05-04T12:21:26.259+0530] {processor.py:161} INFO - Started process (PID=11237) to work on /usr/local/lib/python3.10/dist-packages/airflow/example_dags/example_display_name.py
[2024-05-04T12:21:26.259+0530] {processor.py:830} INFO - Processing file /usr/local/lib/python3.10/dist-packages/airflow/example_dags/example_display_name.py for tasks to queue
[2024-05-04T12:21:26.260+0530] {logging_mixin.py:188} INFO - [2024-05-04T12:21:26.260+0530] {dagbag.py:540} INFO - Filling up the DagBag from /usr/local/lib/python3.10/dist-packages/airflow/example_dags/example_display_name.py
[2024-05-04T12:21:26.262+0530] {processor.py:840} INFO - DAG(s) 'example_display_name' retrieved from /usr/local/lib/python3.10/dist-packages/airflow/example_dags/example_display_name.py
[2024-05-04T12:21:26.268+0530] {logging_mixin.py:188} INFO - [2024-05-04T12:21:26.268+0530] {dag.py:3096} INFO - Sync 1 DAGs
[2024-05-04T12:21:26.272+0530] {logging_mixin.py:188} INFO - [2024-05-04T12:21:26.272+0530] {dag.py:3954} INFO - Setting next_dagrun for example_display_name to None, run_after=None
[2024-05-04T12:21:26.283+0530] {processor.py:183} INFO - Processing /usr/local/lib/python3.10/dist-packages/airflow/example_dags/example_display_name.py took 0.031 seconds
[2024-05-04T12:22:17.988+0530] {processor.py:161} INFO - Started process (PID=11356) to work on /usr/local/lib/python3.10/dist-packages/airflow/example_dags/example_display_name.py
[2024-05-04T12:22:17.989+0530] {processor.py:830} INFO - Processing file /usr/local/lib/python3.10/dist-packages/airflow/example_dags/example_display_name.py for tasks to queue
[2024-05-04T12:22:17.990+0530] {logging_mixin.py:188} INFO - [2024-05-04T12:22:17.989+0530] {dagbag.py:540} INFO - Filling up the DagBag from /usr/local/lib/python3.10/dist-packages/airflow/example_dags/example_display_name.py
[2024-05-04T12:22:17.992+0530] {processor.py:840} INFO - DAG(s) 'example_display_name' retrieved from /usr/local/lib/python3.10/dist-packages/airflow/example_dags/example_display_name.py
[2024-05-04T12:22:17.998+0530] {logging_mixin.py:188} INFO - [2024-05-04T12:22:17.998+0530] {dag.py:3096} INFO - Sync 1 DAGs
[2024-05-04T12:22:18.002+0530] {logging_mixin.py:188} INFO - [2024-05-04T12:22:18.002+0530] {dag.py:3954} INFO - Setting next_dagrun for example_display_name to None, run_after=None
[2024-05-04T12:22:18.012+0530] {processor.py:183} INFO - Processing /usr/local/lib/python3.10/dist-packages/airflow/example_dags/example_display_name.py took 0.031 seconds
[2024-05-04T12:23:09.641+0530] {processor.py:161} INFO - Started process (PID=11480) to work on /usr/local/lib/python3.10/dist-packages/airflow/example_dags/example_display_name.py
[2024-05-04T12:23:09.642+0530] {processor.py:830} INFO - Processing file /usr/local/lib/python3.10/dist-packages/airflow/example_dags/example_display_name.py for tasks to queue
[2024-05-04T12:23:09.643+0530] {logging_mixin.py:188} INFO - [2024-05-04T12:23:09.643+0530] {dagbag.py:540} INFO - Filling up the DagBag from /usr/local/lib/python3.10/dist-packages/airflow/example_dags/example_display_name.py
[2024-05-04T12:23:09.645+0530] {processor.py:840} INFO - DAG(s) 'example_display_name' retrieved from /usr/local/lib/python3.10/dist-packages/airflow/example_dags/example_display_name.py
[2024-05-04T12:23:09.651+0530] {logging_mixin.py:188} INFO - [2024-05-04T12:23:09.651+0530] {dag.py:3096} INFO - Sync 1 DAGs
[2024-05-04T12:23:09.655+0530] {logging_mixin.py:188} INFO - [2024-05-04T12:23:09.655+0530] {dag.py:3954} INFO - Setting next_dagrun for example_display_name to None, run_after=None
[2024-05-04T12:23:09.665+0530] {processor.py:183} INFO - Processing /usr/local/lib/python3.10/dist-packages/airflow/example_dags/example_display_name.py took 0.027 seconds
[2024-05-04T12:24:00.045+0530] {processor.py:161} INFO - Started process (PID=11609) to work on /usr/local/lib/python3.10/dist-packages/airflow/example_dags/example_display_name.py
[2024-05-04T12:24:00.046+0530] {processor.py:830} INFO - Processing file /usr/local/lib/python3.10/dist-packages/airflow/example_dags/example_display_name.py for tasks to queue
[2024-05-04T12:24:00.047+0530] {logging_mixin.py:188} INFO - [2024-05-04T12:24:00.046+0530] {dagbag.py:540} INFO - Filling up the DagBag from /usr/local/lib/python3.10/dist-packages/airflow/example_dags/example_display_name.py
[2024-05-04T12:24:00.052+0530] {processor.py:840} INFO - DAG(s) 'example_display_name' retrieved from /usr/local/lib/python3.10/dist-packages/airflow/example_dags/example_display_name.py
[2024-05-04T12:24:00.060+0530] {logging_mixin.py:188} INFO - [2024-05-04T12:24:00.060+0530] {dag.py:3096} INFO - Sync 1 DAGs
[2024-05-04T12:24:00.064+0530] {logging_mixin.py:188} INFO - [2024-05-04T12:24:00.064+0530] {dag.py:3954} INFO - Setting next_dagrun for example_display_name to None, run_after=None
[2024-05-04T12:24:00.074+0530] {processor.py:183} INFO - Processing /usr/local/lib/python3.10/dist-packages/airflow/example_dags/example_display_name.py took 0.035 seconds
[2024-05-04T12:24:50.291+0530] {processor.py:161} INFO - Started process (PID=11859) to work on /usr/local/lib/python3.10/dist-packages/airflow/example_dags/example_display_name.py
[2024-05-04T12:24:50.292+0530] {processor.py:830} INFO - Processing file /usr/local/lib/python3.10/dist-packages/airflow/example_dags/example_display_name.py for tasks to queue
[2024-05-04T12:24:50.293+0530] {logging_mixin.py:188} INFO - [2024-05-04T12:24:50.293+0530] {dagbag.py:540} INFO - Filling up the DagBag from /usr/local/lib/python3.10/dist-packages/airflow/example_dags/example_display_name.py
[2024-05-04T12:24:50.297+0530] {processor.py:840} INFO - DAG(s) 'example_display_name' retrieved from /usr/local/lib/python3.10/dist-packages/airflow/example_dags/example_display_name.py
[2024-05-04T12:24:50.302+0530] {logging_mixin.py:188} INFO - [2024-05-04T12:24:50.302+0530] {dag.py:3096} INFO - Sync 1 DAGs
[2024-05-04T12:24:50.307+0530] {logging_mixin.py:188} INFO - [2024-05-04T12:24:50.307+0530] {dag.py:3954} INFO - Setting next_dagrun for example_display_name to None, run_after=None
[2024-05-04T12:24:50.316+0530] {processor.py:183} INFO - Processing /usr/local/lib/python3.10/dist-packages/airflow/example_dags/example_display_name.py took 0.033 seconds
[2024-05-04T12:25:39.564+0530] {processor.py:161} INFO - Started process (PID=11989) to work on /usr/local/lib/python3.10/dist-packages/airflow/example_dags/example_display_name.py
[2024-05-04T12:25:39.565+0530] {processor.py:830} INFO - Processing file /usr/local/lib/python3.10/dist-packages/airflow/example_dags/example_display_name.py for tasks to queue
[2024-05-04T12:25:39.566+0530] {logging_mixin.py:188} INFO - [2024-05-04T12:25:39.566+0530] {dagbag.py:540} INFO - Filling up the DagBag from /usr/local/lib/python3.10/dist-packages/airflow/example_dags/example_display_name.py
[2024-05-04T12:25:39.570+0530] {processor.py:840} INFO - DAG(s) 'example_display_name' retrieved from /usr/local/lib/python3.10/dist-packages/airflow/example_dags/example_display_name.py
[2024-05-04T12:25:39.576+0530] {logging_mixin.py:188} INFO - [2024-05-04T12:25:39.576+0530] {dag.py:3096} INFO - Sync 1 DAGs
[2024-05-04T12:25:39.580+0530] {logging_mixin.py:188} INFO - [2024-05-04T12:25:39.580+0530] {dag.py:3954} INFO - Setting next_dagrun for example_display_name to None, run_after=None
[2024-05-04T12:25:39.590+0530] {processor.py:183} INFO - Processing /usr/local/lib/python3.10/dist-packages/airflow/example_dags/example_display_name.py took 0.034 seconds
[2024-05-04T12:26:29.429+0530] {processor.py:161} INFO - Started process (PID=12110) to work on /usr/local/lib/python3.10/dist-packages/airflow/example_dags/example_display_name.py
[2024-05-04T12:26:29.430+0530] {processor.py:830} INFO - Processing file /usr/local/lib/python3.10/dist-packages/airflow/example_dags/example_display_name.py for tasks to queue
[2024-05-04T12:26:29.430+0530] {logging_mixin.py:188} INFO - [2024-05-04T12:26:29.430+0530] {dagbag.py:540} INFO - Filling up the DagBag from /usr/local/lib/python3.10/dist-packages/airflow/example_dags/example_display_name.py
[2024-05-04T12:26:29.433+0530] {processor.py:840} INFO - DAG(s) 'example_display_name' retrieved from /usr/local/lib/python3.10/dist-packages/airflow/example_dags/example_display_name.py
[2024-05-04T12:26:29.439+0530] {logging_mixin.py:188} INFO - [2024-05-04T12:26:29.439+0530] {dag.py:3096} INFO - Sync 1 DAGs
[2024-05-04T12:26:29.444+0530] {logging_mixin.py:188} INFO - [2024-05-04T12:26:29.444+0530] {dag.py:3954} INFO - Setting next_dagrun for example_display_name to None, run_after=None
[2024-05-04T12:26:29.454+0530] {processor.py:183} INFO - Processing /usr/local/lib/python3.10/dist-packages/airflow/example_dags/example_display_name.py took 0.030 seconds
[2024-05-04T12:27:22.853+0530] {processor.py:161} INFO - Started process (PID=12240) to work on /usr/local/lib/python3.10/dist-packages/airflow/example_dags/example_display_name.py
[2024-05-04T12:27:22.854+0530] {processor.py:830} INFO - Processing file /usr/local/lib/python3.10/dist-packages/airflow/example_dags/example_display_name.py for tasks to queue
[2024-05-04T12:27:22.855+0530] {logging_mixin.py:188} INFO - [2024-05-04T12:27:22.854+0530] {dagbag.py:540} INFO - Filling up the DagBag from /usr/local/lib/python3.10/dist-packages/airflow/example_dags/example_display_name.py
[2024-05-04T12:27:22.857+0530] {processor.py:840} INFO - DAG(s) 'example_display_name' retrieved from /usr/local/lib/python3.10/dist-packages/airflow/example_dags/example_display_name.py
[2024-05-04T12:27:22.863+0530] {logging_mixin.py:188} INFO - [2024-05-04T12:27:22.862+0530] {dag.py:3096} INFO - Sync 1 DAGs
[2024-05-04T12:27:22.867+0530] {logging_mixin.py:188} INFO - [2024-05-04T12:27:22.867+0530] {dag.py:3954} INFO - Setting next_dagrun for example_display_name to None, run_after=None
[2024-05-04T12:27:22.876+0530] {processor.py:183} INFO - Processing /usr/local/lib/python3.10/dist-packages/airflow/example_dags/example_display_name.py took 0.027 seconds
[2024-05-04T12:28:12.812+0530] {processor.py:161} INFO - Started process (PID=12365) to work on /usr/local/lib/python3.10/dist-packages/airflow/example_dags/example_display_name.py
[2024-05-04T12:28:12.812+0530] {processor.py:830} INFO - Processing file /usr/local/lib/python3.10/dist-packages/airflow/example_dags/example_display_name.py for tasks to queue
[2024-05-04T12:28:12.813+0530] {logging_mixin.py:188} INFO - [2024-05-04T12:28:12.813+0530] {dagbag.py:540} INFO - Filling up the DagBag from /usr/local/lib/python3.10/dist-packages/airflow/example_dags/example_display_name.py
[2024-05-04T12:28:12.818+0530] {processor.py:840} INFO - DAG(s) 'example_display_name' retrieved from /usr/local/lib/python3.10/dist-packages/airflow/example_dags/example_display_name.py
[2024-05-04T12:28:12.831+0530] {logging_mixin.py:188} INFO - [2024-05-04T12:28:12.831+0530] {dag.py:3096} INFO - Sync 1 DAGs
[2024-05-04T12:28:12.836+0530] {logging_mixin.py:188} INFO - [2024-05-04T12:28:12.836+0530] {dag.py:3954} INFO - Setting next_dagrun for example_display_name to None, run_after=None
[2024-05-04T12:28:12.846+0530] {processor.py:183} INFO - Processing /usr/local/lib/python3.10/dist-packages/airflow/example_dags/example_display_name.py took 0.041 seconds
[2024-05-04T12:29:00.928+0530] {processor.py:161} INFO - Started process (PID=12484) to work on /usr/local/lib/python3.10/dist-packages/airflow/example_dags/example_display_name.py
[2024-05-04T12:29:00.928+0530] {processor.py:830} INFO - Processing file /usr/local/lib/python3.10/dist-packages/airflow/example_dags/example_display_name.py for tasks to queue
[2024-05-04T12:29:00.930+0530] {logging_mixin.py:188} INFO - [2024-05-04T12:29:00.929+0530] {dagbag.py:540} INFO - Filling up the DagBag from /usr/local/lib/python3.10/dist-packages/airflow/example_dags/example_display_name.py
[2024-05-04T12:29:00.935+0530] {processor.py:840} INFO - DAG(s) 'example_display_name' retrieved from /usr/local/lib/python3.10/dist-packages/airflow/example_dags/example_display_name.py
[2024-05-04T12:29:00.942+0530] {logging_mixin.py:188} INFO - [2024-05-04T12:29:00.942+0530] {dag.py:3096} INFO - Sync 1 DAGs
[2024-05-04T12:29:00.946+0530] {logging_mixin.py:188} INFO - [2024-05-04T12:29:00.946+0530] {dag.py:3954} INFO - Setting next_dagrun for example_display_name to None, run_after=None
[2024-05-04T12:29:00.956+0530] {processor.py:183} INFO - Processing /usr/local/lib/python3.10/dist-packages/airflow/example_dags/example_display_name.py took 0.031 seconds
[2024-05-04T12:29:48.383+0530] {processor.py:161} INFO - Started process (PID=12629) to work on /usr/local/lib/python3.10/dist-packages/airflow/example_dags/example_display_name.py
[2024-05-04T12:29:48.383+0530] {processor.py:830} INFO - Processing file /usr/local/lib/python3.10/dist-packages/airflow/example_dags/example_display_name.py for tasks to queue
[2024-05-04T12:29:48.385+0530] {logging_mixin.py:188} INFO - [2024-05-04T12:29:48.385+0530] {dagbag.py:540} INFO - Filling up the DagBag from /usr/local/lib/python3.10/dist-packages/airflow/example_dags/example_display_name.py
[2024-05-04T12:29:48.390+0530] {processor.py:840} INFO - DAG(s) 'example_display_name' retrieved from /usr/local/lib/python3.10/dist-packages/airflow/example_dags/example_display_name.py
[2024-05-04T12:29:48.397+0530] {logging_mixin.py:188} INFO - [2024-05-04T12:29:48.397+0530] {dag.py:3096} INFO - Sync 1 DAGs
[2024-05-04T12:29:48.402+0530] {logging_mixin.py:188} INFO - [2024-05-04T12:29:48.402+0530] {dag.py:3954} INFO - Setting next_dagrun for example_display_name to None, run_after=None
[2024-05-04T12:29:48.412+0530] {processor.py:183} INFO - Processing /usr/local/lib/python3.10/dist-packages/airflow/example_dags/example_display_name.py took 0.035 seconds
[2024-05-04T12:30:37.676+0530] {processor.py:161} INFO - Started process (PID=12755) to work on /usr/local/lib/python3.10/dist-packages/airflow/example_dags/example_display_name.py
[2024-05-04T12:30:37.677+0530] {processor.py:830} INFO - Processing file /usr/local/lib/python3.10/dist-packages/airflow/example_dags/example_display_name.py for tasks to queue
[2024-05-04T12:30:37.677+0530] {logging_mixin.py:188} INFO - [2024-05-04T12:30:37.677+0530] {dagbag.py:540} INFO - Filling up the DagBag from /usr/local/lib/python3.10/dist-packages/airflow/example_dags/example_display_name.py
[2024-05-04T12:30:37.680+0530] {processor.py:840} INFO - DAG(s) 'example_display_name' retrieved from /usr/local/lib/python3.10/dist-packages/airflow/example_dags/example_display_name.py
[2024-05-04T12:30:37.685+0530] {logging_mixin.py:188} INFO - [2024-05-04T12:30:37.685+0530] {dag.py:3096} INFO - Sync 1 DAGs
[2024-05-04T12:30:37.690+0530] {logging_mixin.py:188} INFO - [2024-05-04T12:30:37.690+0530] {dag.py:3954} INFO - Setting next_dagrun for example_display_name to None, run_after=None
[2024-05-04T12:30:37.700+0530] {processor.py:183} INFO - Processing /usr/local/lib/python3.10/dist-packages/airflow/example_dags/example_display_name.py took 0.028 seconds
[2024-05-04T12:31:30.409+0530] {processor.py:161} INFO - Started process (PID=12907) to work on /usr/local/lib/python3.10/dist-packages/airflow/example_dags/example_display_name.py
[2024-05-04T12:31:30.410+0530] {processor.py:830} INFO - Processing file /usr/local/lib/python3.10/dist-packages/airflow/example_dags/example_display_name.py for tasks to queue
[2024-05-04T12:31:30.411+0530] {logging_mixin.py:188} INFO - [2024-05-04T12:31:30.410+0530] {dagbag.py:540} INFO - Filling up the DagBag from /usr/local/lib/python3.10/dist-packages/airflow/example_dags/example_display_name.py
[2024-05-04T12:31:30.413+0530] {processor.py:840} INFO - DAG(s) 'example_display_name' retrieved from /usr/local/lib/python3.10/dist-packages/airflow/example_dags/example_display_name.py
[2024-05-04T12:31:30.419+0530] {logging_mixin.py:188} INFO - [2024-05-04T12:31:30.418+0530] {dag.py:3096} INFO - Sync 1 DAGs
[2024-05-04T12:31:30.423+0530] {logging_mixin.py:188} INFO - [2024-05-04T12:31:30.423+0530] {dag.py:3954} INFO - Setting next_dagrun for example_display_name to None, run_after=None
[2024-05-04T12:31:30.433+0530] {processor.py:183} INFO - Processing /usr/local/lib/python3.10/dist-packages/airflow/example_dags/example_display_name.py took 0.029 seconds
[2024-05-04T12:32:21.339+0530] {processor.py:161} INFO - Started process (PID=13034) to work on /usr/local/lib/python3.10/dist-packages/airflow/example_dags/example_display_name.py
[2024-05-04T12:32:21.340+0530] {processor.py:830} INFO - Processing file /usr/local/lib/python3.10/dist-packages/airflow/example_dags/example_display_name.py for tasks to queue
[2024-05-04T12:32:21.340+0530] {logging_mixin.py:188} INFO - [2024-05-04T12:32:21.340+0530] {dagbag.py:540} INFO - Filling up the DagBag from /usr/local/lib/python3.10/dist-packages/airflow/example_dags/example_display_name.py
[2024-05-04T12:32:21.343+0530] {processor.py:840} INFO - DAG(s) 'example_display_name' retrieved from /usr/local/lib/python3.10/dist-packages/airflow/example_dags/example_display_name.py
[2024-05-04T12:32:21.348+0530] {logging_mixin.py:188} INFO - [2024-05-04T12:32:21.348+0530] {dag.py:3096} INFO - Sync 1 DAGs
[2024-05-04T12:32:21.353+0530] {logging_mixin.py:188} INFO - [2024-05-04T12:32:21.353+0530] {dag.py:3954} INFO - Setting next_dagrun for example_display_name to None, run_after=None
[2024-05-04T12:32:21.362+0530] {processor.py:183} INFO - Processing /usr/local/lib/python3.10/dist-packages/airflow/example_dags/example_display_name.py took 0.029 seconds
[2024-05-04T12:33:12.024+0530] {processor.py:161} INFO - Started process (PID=13180) to work on /usr/local/lib/python3.10/dist-packages/airflow/example_dags/example_display_name.py
[2024-05-04T12:33:12.025+0530] {processor.py:830} INFO - Processing file /usr/local/lib/python3.10/dist-packages/airflow/example_dags/example_display_name.py for tasks to queue
[2024-05-04T12:33:12.027+0530] {logging_mixin.py:188} INFO - [2024-05-04T12:33:12.026+0530] {dagbag.py:540} INFO - Filling up the DagBag from /usr/local/lib/python3.10/dist-packages/airflow/example_dags/example_display_name.py
[2024-05-04T12:33:12.031+0530] {processor.py:840} INFO - DAG(s) 'example_display_name' retrieved from /usr/local/lib/python3.10/dist-packages/airflow/example_dags/example_display_name.py
[2024-05-04T12:33:12.036+0530] {logging_mixin.py:188} INFO - [2024-05-04T12:33:12.036+0530] {dag.py:3096} INFO - Sync 1 DAGs
[2024-05-04T12:33:12.041+0530] {logging_mixin.py:188} INFO - [2024-05-04T12:33:12.041+0530] {dag.py:3954} INFO - Setting next_dagrun for example_display_name to None, run_after=None
[2024-05-04T12:33:12.050+0530] {processor.py:183} INFO - Processing /usr/local/lib/python3.10/dist-packages/airflow/example_dags/example_display_name.py took 0.034 seconds
[2024-05-04T12:34:04.759+0530] {processor.py:161} INFO - Started process (PID=13350) to work on /usr/local/lib/python3.10/dist-packages/airflow/example_dags/example_display_name.py
[2024-05-04T12:34:04.759+0530] {processor.py:830} INFO - Processing file /usr/local/lib/python3.10/dist-packages/airflow/example_dags/example_display_name.py for tasks to queue
[2024-05-04T12:34:04.760+0530] {logging_mixin.py:188} INFO - [2024-05-04T12:34:04.760+0530] {dagbag.py:540} INFO - Filling up the DagBag from /usr/local/lib/python3.10/dist-packages/airflow/example_dags/example_display_name.py
[2024-05-04T12:34:04.765+0530] {processor.py:840} INFO - DAG(s) 'example_display_name' retrieved from /usr/local/lib/python3.10/dist-packages/airflow/example_dags/example_display_name.py
[2024-05-04T12:34:04.772+0530] {logging_mixin.py:188} INFO - [2024-05-04T12:34:04.772+0530] {dag.py:3096} INFO - Sync 1 DAGs
[2024-05-04T12:34:04.776+0530] {logging_mixin.py:188} INFO - [2024-05-04T12:34:04.776+0530] {dag.py:3954} INFO - Setting next_dagrun for example_display_name to None, run_after=None
[2024-05-04T12:34:04.787+0530] {processor.py:183} INFO - Processing /usr/local/lib/python3.10/dist-packages/airflow/example_dags/example_display_name.py took 0.031 seconds
[2024-05-04T12:34:57.376+0530] {processor.py:161} INFO - Started process (PID=13544) to work on /usr/local/lib/python3.10/dist-packages/airflow/example_dags/example_display_name.py
[2024-05-04T12:34:57.377+0530] {processor.py:830} INFO - Processing file /usr/local/lib/python3.10/dist-packages/airflow/example_dags/example_display_name.py for tasks to queue
[2024-05-04T12:34:57.378+0530] {logging_mixin.py:188} INFO - [2024-05-04T12:34:57.378+0530] {dagbag.py:540} INFO - Filling up the DagBag from /usr/local/lib/python3.10/dist-packages/airflow/example_dags/example_display_name.py
[2024-05-04T12:34:57.381+0530] {processor.py:840} INFO - DAG(s) 'example_display_name' retrieved from /usr/local/lib/python3.10/dist-packages/airflow/example_dags/example_display_name.py
[2024-05-04T12:34:57.387+0530] {logging_mixin.py:188} INFO - [2024-05-04T12:34:57.387+0530] {dag.py:3096} INFO - Sync 1 DAGs
[2024-05-04T12:34:57.391+0530] {logging_mixin.py:188} INFO - [2024-05-04T12:34:57.391+0530] {dag.py:3954} INFO - Setting next_dagrun for example_display_name to None, run_after=None
[2024-05-04T12:34:57.401+0530] {processor.py:183} INFO - Processing /usr/local/lib/python3.10/dist-packages/airflow/example_dags/example_display_name.py took 0.031 seconds
[2024-05-04T12:35:47.584+0530] {processor.py:161} INFO - Started process (PID=13666) to work on /usr/local/lib/python3.10/dist-packages/airflow/example_dags/example_display_name.py
[2024-05-04T12:35:47.585+0530] {processor.py:830} INFO - Processing file /usr/local/lib/python3.10/dist-packages/airflow/example_dags/example_display_name.py for tasks to queue
[2024-05-04T12:35:47.587+0530] {logging_mixin.py:188} INFO - [2024-05-04T12:35:47.586+0530] {dagbag.py:540} INFO - Filling up the DagBag from /usr/local/lib/python3.10/dist-packages/airflow/example_dags/example_display_name.py
[2024-05-04T12:35:47.592+0530] {processor.py:840} INFO - DAG(s) 'example_display_name' retrieved from /usr/local/lib/python3.10/dist-packages/airflow/example_dags/example_display_name.py
[2024-05-04T12:35:47.598+0530] {logging_mixin.py:188} INFO - [2024-05-04T12:35:47.598+0530] {dag.py:3096} INFO - Sync 1 DAGs
[2024-05-04T12:35:47.603+0530] {logging_mixin.py:188} INFO - [2024-05-04T12:35:47.603+0530] {dag.py:3954} INFO - Setting next_dagrun for example_display_name to None, run_after=None
[2024-05-04T12:35:47.613+0530] {processor.py:183} INFO - Processing /usr/local/lib/python3.10/dist-packages/airflow/example_dags/example_display_name.py took 0.034 seconds
[2024-05-04T12:36:36.424+0530] {processor.py:161} INFO - Started process (PID=13780) to work on /usr/local/lib/python3.10/dist-packages/airflow/example_dags/example_display_name.py
[2024-05-04T12:36:36.424+0530] {processor.py:830} INFO - Processing file /usr/local/lib/python3.10/dist-packages/airflow/example_dags/example_display_name.py for tasks to queue
[2024-05-04T12:36:36.425+0530] {logging_mixin.py:188} INFO - [2024-05-04T12:36:36.425+0530] {dagbag.py:540} INFO - Filling up the DagBag from /usr/local/lib/python3.10/dist-packages/airflow/example_dags/example_display_name.py
[2024-05-04T12:36:36.430+0530] {processor.py:840} INFO - DAG(s) 'example_display_name' retrieved from /usr/local/lib/python3.10/dist-packages/airflow/example_dags/example_display_name.py
[2024-05-04T12:36:36.437+0530] {logging_mixin.py:188} INFO - [2024-05-04T12:36:36.437+0530] {dag.py:3096} INFO - Sync 1 DAGs
[2024-05-04T12:36:36.446+0530] {logging_mixin.py:188} INFO - [2024-05-04T12:36:36.446+0530] {dag.py:3954} INFO - Setting next_dagrun for example_display_name to None, run_after=None
[2024-05-04T12:36:36.457+0530] {processor.py:183} INFO - Processing /usr/local/lib/python3.10/dist-packages/airflow/example_dags/example_display_name.py took 0.036 seconds
[2024-05-04T12:37:28.172+0530] {processor.py:161} INFO - Started process (PID=13905) to work on /usr/local/lib/python3.10/dist-packages/airflow/example_dags/example_display_name.py
[2024-05-04T12:37:28.173+0530] {processor.py:830} INFO - Processing file /usr/local/lib/python3.10/dist-packages/airflow/example_dags/example_display_name.py for tasks to queue
[2024-05-04T12:37:28.174+0530] {logging_mixin.py:188} INFO - [2024-05-04T12:37:28.174+0530] {dagbag.py:540} INFO - Filling up the DagBag from /usr/local/lib/python3.10/dist-packages/airflow/example_dags/example_display_name.py
[2024-05-04T12:37:28.178+0530] {processor.py:840} INFO - DAG(s) 'example_display_name' retrieved from /usr/local/lib/python3.10/dist-packages/airflow/example_dags/example_display_name.py
[2024-05-04T12:37:28.184+0530] {logging_mixin.py:188} INFO - [2024-05-04T12:37:28.183+0530] {dag.py:3096} INFO - Sync 1 DAGs
[2024-05-04T12:37:28.188+0530] {logging_mixin.py:188} INFO - [2024-05-04T12:37:28.188+0530] {dag.py:3954} INFO - Setting next_dagrun for example_display_name to None, run_after=None
[2024-05-04T12:37:28.198+0530] {processor.py:183} INFO - Processing /usr/local/lib/python3.10/dist-packages/airflow/example_dags/example_display_name.py took 0.032 seconds
[2024-05-04T12:38:21.680+0530] {processor.py:161} INFO - Started process (PID=14036) to work on /usr/local/lib/python3.10/dist-packages/airflow/example_dags/example_display_name.py
[2024-05-04T12:38:21.681+0530] {processor.py:830} INFO - Processing file /usr/local/lib/python3.10/dist-packages/airflow/example_dags/example_display_name.py for tasks to queue
[2024-05-04T12:38:21.682+0530] {logging_mixin.py:188} INFO - [2024-05-04T12:38:21.682+0530] {dagbag.py:540} INFO - Filling up the DagBag from /usr/local/lib/python3.10/dist-packages/airflow/example_dags/example_display_name.py
[2024-05-04T12:38:21.686+0530] {processor.py:840} INFO - DAG(s) 'example_display_name' retrieved from /usr/local/lib/python3.10/dist-packages/airflow/example_dags/example_display_name.py
[2024-05-04T12:38:21.692+0530] {logging_mixin.py:188} INFO - [2024-05-04T12:38:21.692+0530] {dag.py:3096} INFO - Sync 1 DAGs
[2024-05-04T12:38:21.696+0530] {logging_mixin.py:188} INFO - [2024-05-04T12:38:21.696+0530] {dag.py:3954} INFO - Setting next_dagrun for example_display_name to None, run_after=None
[2024-05-04T12:38:21.706+0530] {processor.py:183} INFO - Processing /usr/local/lib/python3.10/dist-packages/airflow/example_dags/example_display_name.py took 0.034 seconds
[2024-05-04T12:39:14.466+0530] {processor.py:161} INFO - Started process (PID=14295) to work on /usr/local/lib/python3.10/dist-packages/airflow/example_dags/example_display_name.py
[2024-05-04T12:39:14.466+0530] {processor.py:830} INFO - Processing file /usr/local/lib/python3.10/dist-packages/airflow/example_dags/example_display_name.py for tasks to queue
[2024-05-04T12:39:14.467+0530] {logging_mixin.py:188} INFO - [2024-05-04T12:39:14.467+0530] {dagbag.py:540} INFO - Filling up the DagBag from /usr/local/lib/python3.10/dist-packages/airflow/example_dags/example_display_name.py
[2024-05-04T12:39:14.469+0530] {processor.py:840} INFO - DAG(s) 'example_display_name' retrieved from /usr/local/lib/python3.10/dist-packages/airflow/example_dags/example_display_name.py
[2024-05-04T12:39:14.475+0530] {logging_mixin.py:188} INFO - [2024-05-04T12:39:14.475+0530] {dag.py:3096} INFO - Sync 1 DAGs
[2024-05-04T12:39:14.479+0530] {logging_mixin.py:188} INFO - [2024-05-04T12:39:14.479+0530] {dag.py:3954} INFO - Setting next_dagrun for example_display_name to None, run_after=None
[2024-05-04T12:39:14.489+0530] {processor.py:183} INFO - Processing /usr/local/lib/python3.10/dist-packages/airflow/example_dags/example_display_name.py took 0.030 seconds
[2024-05-04T12:40:06.336+0530] {processor.py:161} INFO - Started process (PID=14501) to work on /usr/local/lib/python3.10/dist-packages/airflow/example_dags/example_display_name.py
[2024-05-04T12:40:06.336+0530] {processor.py:830} INFO - Processing file /usr/local/lib/python3.10/dist-packages/airflow/example_dags/example_display_name.py for tasks to queue
[2024-05-04T12:40:06.337+0530] {logging_mixin.py:188} INFO - [2024-05-04T12:40:06.337+0530] {dagbag.py:540} INFO - Filling up the DagBag from /usr/local/lib/python3.10/dist-packages/airflow/example_dags/example_display_name.py
[2024-05-04T12:40:06.343+0530] {processor.py:840} INFO - DAG(s) 'example_display_name' retrieved from /usr/local/lib/python3.10/dist-packages/airflow/example_dags/example_display_name.py
[2024-05-04T12:40:06.349+0530] {logging_mixin.py:188} INFO - [2024-05-04T12:40:06.349+0530] {dag.py:3096} INFO - Sync 1 DAGs
[2024-05-04T12:40:06.354+0530] {logging_mixin.py:188} INFO - [2024-05-04T12:40:06.354+0530] {dag.py:3954} INFO - Setting next_dagrun for example_display_name to None, run_after=None
[2024-05-04T12:40:06.364+0530] {processor.py:183} INFO - Processing /usr/local/lib/python3.10/dist-packages/airflow/example_dags/example_display_name.py took 0.032 seconds
[2024-05-04T12:40:56.845+0530] {processor.py:161} INFO - Started process (PID=14668) to work on /usr/local/lib/python3.10/dist-packages/airflow/example_dags/example_display_name.py
[2024-05-04T12:40:56.846+0530] {processor.py:830} INFO - Processing file /usr/local/lib/python3.10/dist-packages/airflow/example_dags/example_display_name.py for tasks to queue
[2024-05-04T12:40:56.847+0530] {logging_mixin.py:188} INFO - [2024-05-04T12:40:56.847+0530] {dagbag.py:540} INFO - Filling up the DagBag from /usr/local/lib/python3.10/dist-packages/airflow/example_dags/example_display_name.py
[2024-05-04T12:40:56.851+0530] {processor.py:840} INFO - DAG(s) 'example_display_name' retrieved from /usr/local/lib/python3.10/dist-packages/airflow/example_dags/example_display_name.py
[2024-05-04T12:40:56.857+0530] {logging_mixin.py:188} INFO - [2024-05-04T12:40:56.857+0530] {dag.py:3096} INFO - Sync 1 DAGs
[2024-05-04T12:40:56.862+0530] {logging_mixin.py:188} INFO - [2024-05-04T12:40:56.861+0530] {dag.py:3954} INFO - Setting next_dagrun for example_display_name to None, run_after=None
[2024-05-04T12:40:56.871+0530] {processor.py:183} INFO - Processing /usr/local/lib/python3.10/dist-packages/airflow/example_dags/example_display_name.py took 0.035 seconds
[2024-05-04T12:41:47.833+0530] {processor.py:161} INFO - Started process (PID=14838) to work on /usr/local/lib/python3.10/dist-packages/airflow/example_dags/example_display_name.py
[2024-05-04T12:41:47.834+0530] {processor.py:830} INFO - Processing file /usr/local/lib/python3.10/dist-packages/airflow/example_dags/example_display_name.py for tasks to queue
[2024-05-04T12:41:47.835+0530] {logging_mixin.py:188} INFO - [2024-05-04T12:41:47.834+0530] {dagbag.py:540} INFO - Filling up the DagBag from /usr/local/lib/python3.10/dist-packages/airflow/example_dags/example_display_name.py
[2024-05-04T12:41:47.840+0530] {processor.py:840} INFO - DAG(s) 'example_display_name' retrieved from /usr/local/lib/python3.10/dist-packages/airflow/example_dags/example_display_name.py
[2024-05-04T12:41:47.847+0530] {logging_mixin.py:188} INFO - [2024-05-04T12:41:47.846+0530] {dag.py:3096} INFO - Sync 1 DAGs
[2024-05-04T12:41:47.851+0530] {logging_mixin.py:188} INFO - [2024-05-04T12:41:47.851+0530] {dag.py:3954} INFO - Setting next_dagrun for example_display_name to None, run_after=None
[2024-05-04T12:41:47.861+0530] {processor.py:183} INFO - Processing /usr/local/lib/python3.10/dist-packages/airflow/example_dags/example_display_name.py took 0.033 seconds
[2024-05-04T12:42:36.949+0530] {processor.py:161} INFO - Started process (PID=15003) to work on /usr/local/lib/python3.10/dist-packages/airflow/example_dags/example_display_name.py
[2024-05-04T12:42:36.950+0530] {processor.py:830} INFO - Processing file /usr/local/lib/python3.10/dist-packages/airflow/example_dags/example_display_name.py for tasks to queue
[2024-05-04T12:42:36.951+0530] {logging_mixin.py:188} INFO - [2024-05-04T12:42:36.950+0530] {dagbag.py:540} INFO - Filling up the DagBag from /usr/local/lib/python3.10/dist-packages/airflow/example_dags/example_display_name.py
[2024-05-04T12:42:36.953+0530] {processor.py:840} INFO - DAG(s) 'example_display_name' retrieved from /usr/local/lib/python3.10/dist-packages/airflow/example_dags/example_display_name.py
[2024-05-04T12:42:36.958+0530] {logging_mixin.py:188} INFO - [2024-05-04T12:42:36.958+0530] {dag.py:3096} INFO - Sync 1 DAGs
[2024-05-04T12:42:36.963+0530] {logging_mixin.py:188} INFO - [2024-05-04T12:42:36.963+0530] {dag.py:3954} INFO - Setting next_dagrun for example_display_name to None, run_after=None
[2024-05-04T12:42:36.974+0530] {processor.py:183} INFO - Processing /usr/local/lib/python3.10/dist-packages/airflow/example_dags/example_display_name.py took 0.029 seconds
[2024-05-04T12:43:30.064+0530] {processor.py:161} INFO - Started process (PID=15175) to work on /usr/local/lib/python3.10/dist-packages/airflow/example_dags/example_display_name.py
[2024-05-04T12:43:30.065+0530] {processor.py:830} INFO - Processing file /usr/local/lib/python3.10/dist-packages/airflow/example_dags/example_display_name.py for tasks to queue
[2024-05-04T12:43:30.066+0530] {logging_mixin.py:188} INFO - [2024-05-04T12:43:30.065+0530] {dagbag.py:540} INFO - Filling up the DagBag from /usr/local/lib/python3.10/dist-packages/airflow/example_dags/example_display_name.py
[2024-05-04T12:43:30.068+0530] {processor.py:840} INFO - DAG(s) 'example_display_name' retrieved from /usr/local/lib/python3.10/dist-packages/airflow/example_dags/example_display_name.py
[2024-05-04T12:43:30.074+0530] {logging_mixin.py:188} INFO - [2024-05-04T12:43:30.074+0530] {dag.py:3096} INFO - Sync 1 DAGs
[2024-05-04T12:43:30.078+0530] {logging_mixin.py:188} INFO - [2024-05-04T12:43:30.078+0530] {dag.py:3954} INFO - Setting next_dagrun for example_display_name to None, run_after=None
[2024-05-04T12:43:30.088+0530] {processor.py:183} INFO - Processing /usr/local/lib/python3.10/dist-packages/airflow/example_dags/example_display_name.py took 0.030 seconds
[2024-05-04T12:44:20.728+0530] {processor.py:161} INFO - Started process (PID=15351) to work on /usr/local/lib/python3.10/dist-packages/airflow/example_dags/example_display_name.py
[2024-05-04T12:44:20.728+0530] {processor.py:830} INFO - Processing file /usr/local/lib/python3.10/dist-packages/airflow/example_dags/example_display_name.py for tasks to queue
[2024-05-04T12:44:20.729+0530] {logging_mixin.py:188} INFO - [2024-05-04T12:44:20.729+0530] {dagbag.py:540} INFO - Filling up the DagBag from /usr/local/lib/python3.10/dist-packages/airflow/example_dags/example_display_name.py
[2024-05-04T12:44:20.734+0530] {processor.py:840} INFO - DAG(s) 'example_display_name' retrieved from /usr/local/lib/python3.10/dist-packages/airflow/example_dags/example_display_name.py
[2024-05-04T12:44:20.741+0530] {logging_mixin.py:188} INFO - [2024-05-04T12:44:20.741+0530] {dag.py:3096} INFO - Sync 1 DAGs
[2024-05-04T12:44:20.745+0530] {logging_mixin.py:188} INFO - [2024-05-04T12:44:20.745+0530] {dag.py:3954} INFO - Setting next_dagrun for example_display_name to None, run_after=None
[2024-05-04T12:44:20.755+0530] {processor.py:183} INFO - Processing /usr/local/lib/python3.10/dist-packages/airflow/example_dags/example_display_name.py took 0.030 seconds
[2024-05-04T12:45:10.380+0530] {processor.py:161} INFO - Started process (PID=15540) to work on /usr/local/lib/python3.10/dist-packages/airflow/example_dags/example_display_name.py
[2024-05-04T12:45:10.381+0530] {processor.py:830} INFO - Processing file /usr/local/lib/python3.10/dist-packages/airflow/example_dags/example_display_name.py for tasks to queue
[2024-05-04T12:45:10.382+0530] {logging_mixin.py:188} INFO - [2024-05-04T12:45:10.382+0530] {dagbag.py:540} INFO - Filling up the DagBag from /usr/local/lib/python3.10/dist-packages/airflow/example_dags/example_display_name.py
[2024-05-04T12:45:10.386+0530] {processor.py:840} INFO - DAG(s) 'example_display_name' retrieved from /usr/local/lib/python3.10/dist-packages/airflow/example_dags/example_display_name.py
[2024-05-04T12:45:10.392+0530] {logging_mixin.py:188} INFO - [2024-05-04T12:45:10.391+0530] {dag.py:3096} INFO - Sync 1 DAGs
[2024-05-04T12:45:10.396+0530] {logging_mixin.py:188} INFO - [2024-05-04T12:45:10.396+0530] {dag.py:3954} INFO - Setting next_dagrun for example_display_name to None, run_after=None
[2024-05-04T12:45:10.407+0530] {processor.py:183} INFO - Processing /usr/local/lib/python3.10/dist-packages/airflow/example_dags/example_display_name.py took 0.033 seconds
[2024-05-04T12:45:59.795+0530] {processor.py:161} INFO - Started process (PID=15706) to work on /usr/local/lib/python3.10/dist-packages/airflow/example_dags/example_display_name.py
[2024-05-04T12:45:59.796+0530] {processor.py:830} INFO - Processing file /usr/local/lib/python3.10/dist-packages/airflow/example_dags/example_display_name.py for tasks to queue
[2024-05-04T12:45:59.798+0530] {logging_mixin.py:188} INFO - [2024-05-04T12:45:59.797+0530] {dagbag.py:540} INFO - Filling up the DagBag from /usr/local/lib/python3.10/dist-packages/airflow/example_dags/example_display_name.py
[2024-05-04T12:45:59.802+0530] {processor.py:840} INFO - DAG(s) 'example_display_name' retrieved from /usr/local/lib/python3.10/dist-packages/airflow/example_dags/example_display_name.py
[2024-05-04T12:45:59.808+0530] {logging_mixin.py:188} INFO - [2024-05-04T12:45:59.808+0530] {dag.py:3096} INFO - Sync 1 DAGs
[2024-05-04T12:45:59.812+0530] {logging_mixin.py:188} INFO - [2024-05-04T12:45:59.812+0530] {dag.py:3954} INFO - Setting next_dagrun for example_display_name to None, run_after=None
[2024-05-04T12:45:59.822+0530] {processor.py:183} INFO - Processing /usr/local/lib/python3.10/dist-packages/airflow/example_dags/example_display_name.py took 0.035 seconds
[2024-05-04T12:46:50.517+0530] {processor.py:161} INFO - Started process (PID=15939) to work on /usr/local/lib/python3.10/dist-packages/airflow/example_dags/example_display_name.py
[2024-05-04T12:46:50.518+0530] {processor.py:830} INFO - Processing file /usr/local/lib/python3.10/dist-packages/airflow/example_dags/example_display_name.py for tasks to queue
[2024-05-04T12:46:50.519+0530] {logging_mixin.py:188} INFO - [2024-05-04T12:46:50.518+0530] {dagbag.py:540} INFO - Filling up the DagBag from /usr/local/lib/python3.10/dist-packages/airflow/example_dags/example_display_name.py
[2024-05-04T12:46:50.521+0530] {processor.py:840} INFO - DAG(s) 'example_display_name' retrieved from /usr/local/lib/python3.10/dist-packages/airflow/example_dags/example_display_name.py
[2024-05-04T12:46:50.527+0530] {logging_mixin.py:188} INFO - [2024-05-04T12:46:50.527+0530] {dag.py:3096} INFO - Sync 1 DAGs
[2024-05-04T12:46:50.531+0530] {logging_mixin.py:188} INFO - [2024-05-04T12:46:50.531+0530] {dag.py:3954} INFO - Setting next_dagrun for example_display_name to None, run_after=None
[2024-05-04T12:46:50.541+0530] {processor.py:183} INFO - Processing /usr/local/lib/python3.10/dist-packages/airflow/example_dags/example_display_name.py took 0.030 seconds
[2024-05-04T12:47:44.059+0530] {processor.py:161} INFO - Started process (PID=16146) to work on /usr/local/lib/python3.10/dist-packages/airflow/example_dags/example_display_name.py
[2024-05-04T12:47:44.059+0530] {processor.py:830} INFO - Processing file /usr/local/lib/python3.10/dist-packages/airflow/example_dags/example_display_name.py for tasks to queue
[2024-05-04T12:47:44.060+0530] {logging_mixin.py:188} INFO - [2024-05-04T12:47:44.060+0530] {dagbag.py:540} INFO - Filling up the DagBag from /usr/local/lib/python3.10/dist-packages/airflow/example_dags/example_display_name.py
[2024-05-04T12:47:44.063+0530] {processor.py:840} INFO - DAG(s) 'example_display_name' retrieved from /usr/local/lib/python3.10/dist-packages/airflow/example_dags/example_display_name.py
[2024-05-04T12:47:44.069+0530] {logging_mixin.py:188} INFO - [2024-05-04T12:47:44.069+0530] {dag.py:3096} INFO - Sync 1 DAGs
[2024-05-04T12:47:44.073+0530] {logging_mixin.py:188} INFO - [2024-05-04T12:47:44.073+0530] {dag.py:3954} INFO - Setting next_dagrun for example_display_name to None, run_after=None
[2024-05-04T12:47:44.084+0530] {processor.py:183} INFO - Processing /usr/local/lib/python3.10/dist-packages/airflow/example_dags/example_display_name.py took 0.028 seconds
[2024-05-04T12:48:33.435+0530] {processor.py:161} INFO - Started process (PID=16312) to work on /usr/local/lib/python3.10/dist-packages/airflow/example_dags/example_display_name.py
[2024-05-04T12:48:33.436+0530] {processor.py:830} INFO - Processing file /usr/local/lib/python3.10/dist-packages/airflow/example_dags/example_display_name.py for tasks to queue
[2024-05-04T12:48:33.438+0530] {logging_mixin.py:188} INFO - [2024-05-04T12:48:33.437+0530] {dagbag.py:540} INFO - Filling up the DagBag from /usr/local/lib/python3.10/dist-packages/airflow/example_dags/example_display_name.py
[2024-05-04T12:48:33.442+0530] {processor.py:840} INFO - DAG(s) 'example_display_name' retrieved from /usr/local/lib/python3.10/dist-packages/airflow/example_dags/example_display_name.py
[2024-05-04T12:48:33.448+0530] {logging_mixin.py:188} INFO - [2024-05-04T12:48:33.448+0530] {dag.py:3096} INFO - Sync 1 DAGs
[2024-05-04T12:48:33.453+0530] {logging_mixin.py:188} INFO - [2024-05-04T12:48:33.452+0530] {dag.py:3954} INFO - Setting next_dagrun for example_display_name to None, run_after=None
[2024-05-04T12:48:33.463+0530] {processor.py:183} INFO - Processing /usr/local/lib/python3.10/dist-packages/airflow/example_dags/example_display_name.py took 0.032 seconds
[2024-05-04T12:49:26.026+0530] {processor.py:161} INFO - Started process (PID=16486) to work on /usr/local/lib/python3.10/dist-packages/airflow/example_dags/example_display_name.py
[2024-05-04T12:49:26.027+0530] {processor.py:830} INFO - Processing file /usr/local/lib/python3.10/dist-packages/airflow/example_dags/example_display_name.py for tasks to queue
[2024-05-04T12:49:26.028+0530] {logging_mixin.py:188} INFO - [2024-05-04T12:49:26.028+0530] {dagbag.py:540} INFO - Filling up the DagBag from /usr/local/lib/python3.10/dist-packages/airflow/example_dags/example_display_name.py
[2024-05-04T12:49:26.031+0530] {processor.py:840} INFO - DAG(s) 'example_display_name' retrieved from /usr/local/lib/python3.10/dist-packages/airflow/example_dags/example_display_name.py
[2024-05-04T12:49:26.038+0530] {logging_mixin.py:188} INFO - [2024-05-04T12:49:26.037+0530] {dag.py:3096} INFO - Sync 1 DAGs
[2024-05-04T12:49:26.042+0530] {logging_mixin.py:188} INFO - [2024-05-04T12:49:26.042+0530] {dag.py:3954} INFO - Setting next_dagrun for example_display_name to None, run_after=None
[2024-05-04T12:49:26.052+0530] {processor.py:183} INFO - Processing /usr/local/lib/python3.10/dist-packages/airflow/example_dags/example_display_name.py took 0.030 seconds
[2024-05-04T12:50:19.512+0530] {processor.py:161} INFO - Started process (PID=16765) to work on /usr/local/lib/python3.10/dist-packages/airflow/example_dags/example_display_name.py
[2024-05-04T12:50:19.512+0530] {processor.py:830} INFO - Processing file /usr/local/lib/python3.10/dist-packages/airflow/example_dags/example_display_name.py for tasks to queue
[2024-05-04T12:50:19.514+0530] {logging_mixin.py:188} INFO - [2024-05-04T12:50:19.513+0530] {dagbag.py:540} INFO - Filling up the DagBag from /usr/local/lib/python3.10/dist-packages/airflow/example_dags/example_display_name.py
[2024-05-04T12:50:19.517+0530] {processor.py:840} INFO - DAG(s) 'example_display_name' retrieved from /usr/local/lib/python3.10/dist-packages/airflow/example_dags/example_display_name.py
[2024-05-04T12:50:19.522+0530] {logging_mixin.py:188} INFO - [2024-05-04T12:50:19.522+0530] {dag.py:3096} INFO - Sync 1 DAGs
[2024-05-04T12:50:19.527+0530] {logging_mixin.py:188} INFO - [2024-05-04T12:50:19.527+0530] {dag.py:3954} INFO - Setting next_dagrun for example_display_name to None, run_after=None
[2024-05-04T12:50:19.536+0530] {processor.py:183} INFO - Processing /usr/local/lib/python3.10/dist-packages/airflow/example_dags/example_display_name.py took 0.031 seconds
[2024-05-04T12:51:09.678+0530] {processor.py:161} INFO - Started process (PID=16897) to work on /usr/local/lib/python3.10/dist-packages/airflow/example_dags/example_display_name.py
[2024-05-04T12:51:09.678+0530] {processor.py:830} INFO - Processing file /usr/local/lib/python3.10/dist-packages/airflow/example_dags/example_display_name.py for tasks to queue
[2024-05-04T12:51:09.679+0530] {logging_mixin.py:188} INFO - [2024-05-04T12:51:09.679+0530] {dagbag.py:540} INFO - Filling up the DagBag from /usr/local/lib/python3.10/dist-packages/airflow/example_dags/example_display_name.py
[2024-05-04T12:51:09.682+0530] {processor.py:840} INFO - DAG(s) 'example_display_name' retrieved from /usr/local/lib/python3.10/dist-packages/airflow/example_dags/example_display_name.py
[2024-05-04T12:51:09.688+0530] {logging_mixin.py:188} INFO - [2024-05-04T12:51:09.688+0530] {dag.py:3096} INFO - Sync 1 DAGs
[2024-05-04T12:51:09.692+0530] {logging_mixin.py:188} INFO - [2024-05-04T12:51:09.692+0530] {dag.py:3954} INFO - Setting next_dagrun for example_display_name to None, run_after=None
[2024-05-04T12:51:09.702+0530] {processor.py:183} INFO - Processing /usr/local/lib/python3.10/dist-packages/airflow/example_dags/example_display_name.py took 0.030 seconds
[2024-05-04T12:52:00.750+0530] {processor.py:161} INFO - Started process (PID=17030) to work on /usr/local/lib/python3.10/dist-packages/airflow/example_dags/example_display_name.py
[2024-05-04T12:52:00.751+0530] {processor.py:830} INFO - Processing file /usr/local/lib/python3.10/dist-packages/airflow/example_dags/example_display_name.py for tasks to queue
[2024-05-04T12:52:00.751+0530] {logging_mixin.py:188} INFO - [2024-05-04T12:52:00.751+0530] {dagbag.py:540} INFO - Filling up the DagBag from /usr/local/lib/python3.10/dist-packages/airflow/example_dags/example_display_name.py
[2024-05-04T12:52:00.754+0530] {processor.py:840} INFO - DAG(s) 'example_display_name' retrieved from /usr/local/lib/python3.10/dist-packages/airflow/example_dags/example_display_name.py
[2024-05-04T12:52:00.759+0530] {logging_mixin.py:188} INFO - [2024-05-04T12:52:00.759+0530] {dag.py:3096} INFO - Sync 1 DAGs
[2024-05-04T12:52:00.764+0530] {logging_mixin.py:188} INFO - [2024-05-04T12:52:00.764+0530] {dag.py:3954} INFO - Setting next_dagrun for example_display_name to None, run_after=None
[2024-05-04T12:52:00.774+0530] {processor.py:183} INFO - Processing /usr/local/lib/python3.10/dist-packages/airflow/example_dags/example_display_name.py took 0.030 seconds
[2024-05-04T12:52:51.065+0530] {processor.py:161} INFO - Started process (PID=17161) to work on /usr/local/lib/python3.10/dist-packages/airflow/example_dags/example_display_name.py
[2024-05-04T12:52:51.065+0530] {processor.py:830} INFO - Processing file /usr/local/lib/python3.10/dist-packages/airflow/example_dags/example_display_name.py for tasks to queue
[2024-05-04T12:52:51.067+0530] {logging_mixin.py:188} INFO - [2024-05-04T12:52:51.066+0530] {dagbag.py:540} INFO - Filling up the DagBag from /usr/local/lib/python3.10/dist-packages/airflow/example_dags/example_display_name.py
[2024-05-04T12:52:51.073+0530] {processor.py:840} INFO - DAG(s) 'example_display_name' retrieved from /usr/local/lib/python3.10/dist-packages/airflow/example_dags/example_display_name.py
[2024-05-04T12:52:51.087+0530] {logging_mixin.py:188} INFO - [2024-05-04T12:52:51.087+0530] {dag.py:3096} INFO - Sync 1 DAGs
[2024-05-04T12:52:51.092+0530] {logging_mixin.py:188} INFO - [2024-05-04T12:52:51.092+0530] {dag.py:3954} INFO - Setting next_dagrun for example_display_name to None, run_after=None
[2024-05-04T12:52:51.102+0530] {processor.py:183} INFO - Processing /usr/local/lib/python3.10/dist-packages/airflow/example_dags/example_display_name.py took 0.043 seconds
[2024-05-04T12:53:42.846+0530] {processor.py:161} INFO - Started process (PID=17316) to work on /usr/local/lib/python3.10/dist-packages/airflow/example_dags/example_display_name.py
[2024-05-04T12:53:42.846+0530] {processor.py:830} INFO - Processing file /usr/local/lib/python3.10/dist-packages/airflow/example_dags/example_display_name.py for tasks to queue
[2024-05-04T12:53:42.847+0530] {logging_mixin.py:188} INFO - [2024-05-04T12:53:42.847+0530] {dagbag.py:540} INFO - Filling up the DagBag from /usr/local/lib/python3.10/dist-packages/airflow/example_dags/example_display_name.py
[2024-05-04T12:53:42.849+0530] {processor.py:840} INFO - DAG(s) 'example_display_name' retrieved from /usr/local/lib/python3.10/dist-packages/airflow/example_dags/example_display_name.py
[2024-05-04T12:53:42.855+0530] {logging_mixin.py:188} INFO - [2024-05-04T12:53:42.855+0530] {dag.py:3096} INFO - Sync 1 DAGs
[2024-05-04T12:53:42.859+0530] {logging_mixin.py:188} INFO - [2024-05-04T12:53:42.859+0530] {dag.py:3954} INFO - Setting next_dagrun for example_display_name to None, run_after=None
[2024-05-04T12:53:42.869+0530] {processor.py:183} INFO - Processing /usr/local/lib/python3.10/dist-packages/airflow/example_dags/example_display_name.py took 0.029 seconds
[2024-05-04T12:54:33.178+0530] {processor.py:161} INFO - Started process (PID=17446) to work on /usr/local/lib/python3.10/dist-packages/airflow/example_dags/example_display_name.py
[2024-05-04T12:54:33.178+0530] {processor.py:830} INFO - Processing file /usr/local/lib/python3.10/dist-packages/airflow/example_dags/example_display_name.py for tasks to queue
[2024-05-04T12:54:33.180+0530] {logging_mixin.py:188} INFO - [2024-05-04T12:54:33.179+0530] {dagbag.py:540} INFO - Filling up the DagBag from /usr/local/lib/python3.10/dist-packages/airflow/example_dags/example_display_name.py
[2024-05-04T12:54:33.185+0530] {processor.py:840} INFO - DAG(s) 'example_display_name' retrieved from /usr/local/lib/python3.10/dist-packages/airflow/example_dags/example_display_name.py
[2024-05-04T12:54:33.191+0530] {logging_mixin.py:188} INFO - [2024-05-04T12:54:33.191+0530] {dag.py:3096} INFO - Sync 1 DAGs
[2024-05-04T12:54:33.196+0530] {logging_mixin.py:188} INFO - [2024-05-04T12:54:33.196+0530] {dag.py:3954} INFO - Setting next_dagrun for example_display_name to None, run_after=None
[2024-05-04T12:54:33.206+0530] {processor.py:183} INFO - Processing /usr/local/lib/python3.10/dist-packages/airflow/example_dags/example_display_name.py took 0.034 seconds
