[2024-05-04T12:09:59.999+0530] {processor.py:161} INFO - Started process (PID=7212) to work on /usr/local/lib/python3.10/dist-packages/airflow/example_dags/example_task_group_decorator.py
[2024-05-04T12:10:00.000+0530] {processor.py:830} INFO - Processing file /usr/local/lib/python3.10/dist-packages/airflow/example_dags/example_task_group_decorator.py for tasks to queue
[2024-05-04T12:10:00.000+0530] {logging_mixin.py:188} INFO - [2024-05-04T12:10:00.000+0530] {dagbag.py:540} INFO - Filling up the DagBag from /usr/local/lib/python3.10/dist-packages/airflow/example_dags/example_task_group_decorator.py
[2024-05-04T12:10:00.006+0530] {processor.py:840} INFO - DAG(s) 'example_task_group_decorator' retrieved from /usr/local/lib/python3.10/dist-packages/airflow/example_dags/example_task_group_decorator.py
[2024-05-04T12:10:00.015+0530] {logging_mixin.py:188} INFO - [2024-05-04T12:10:00.015+0530] {dag.py:3096} INFO - Sync 1 DAGs
[2024-05-04T12:10:00.023+0530] {logging_mixin.py:188} INFO - [2024-05-04T12:10:00.023+0530] {dag.py:3954} INFO - Setting next_dagrun for example_task_group_decorator to 2024-05-03 00:00:00+00:00, run_after=2024-05-04 00:00:00+00:00
[2024-05-04T12:10:00.033+0530] {processor.py:183} INFO - Processing /usr/local/lib/python3.10/dist-packages/airflow/example_dags/example_task_group_decorator.py took 0.037 seconds
[2024-05-04T12:10:56.635+0530] {processor.py:161} INFO - Started process (PID=7608) to work on /usr/local/lib/python3.10/dist-packages/airflow/example_dags/example_task_group_decorator.py
[2024-05-04T12:10:56.636+0530] {processor.py:830} INFO - Processing file /usr/local/lib/python3.10/dist-packages/airflow/example_dags/example_task_group_decorator.py for tasks to queue
[2024-05-04T12:10:56.638+0530] {logging_mixin.py:188} INFO - [2024-05-04T12:10:56.638+0530] {dagbag.py:540} INFO - Filling up the DagBag from /usr/local/lib/python3.10/dist-packages/airflow/example_dags/example_task_group_decorator.py
[2024-05-04T12:10:56.647+0530] {processor.py:840} INFO - DAG(s) 'example_task_group_decorator' retrieved from /usr/local/lib/python3.10/dist-packages/airflow/example_dags/example_task_group_decorator.py
[2024-05-04T12:10:56.655+0530] {logging_mixin.py:188} INFO - [2024-05-04T12:10:56.654+0530] {dag.py:3096} INFO - Sync 1 DAGs
[2024-05-04T12:10:56.662+0530] {logging_mixin.py:188} INFO - [2024-05-04T12:10:56.662+0530] {dag.py:3954} INFO - Setting next_dagrun for example_task_group_decorator to 2024-05-03 00:00:00+00:00, run_after=2024-05-04 00:00:00+00:00
[2024-05-04T12:10:56.672+0530] {processor.py:183} INFO - Processing /usr/local/lib/python3.10/dist-packages/airflow/example_dags/example_task_group_decorator.py took 0.049 seconds
[2024-05-04T12:11:56.260+0530] {processor.py:161} INFO - Started process (PID=8240) to work on /usr/local/lib/python3.10/dist-packages/airflow/example_dags/example_task_group_decorator.py
[2024-05-04T12:11:56.261+0530] {processor.py:830} INFO - Processing file /usr/local/lib/python3.10/dist-packages/airflow/example_dags/example_task_group_decorator.py for tasks to queue
[2024-05-04T12:11:56.262+0530] {logging_mixin.py:188} INFO - [2024-05-04T12:11:56.262+0530] {dagbag.py:540} INFO - Filling up the DagBag from /usr/local/lib/python3.10/dist-packages/airflow/example_dags/example_task_group_decorator.py
[2024-05-04T12:11:56.272+0530] {processor.py:840} INFO - DAG(s) 'example_task_group_decorator' retrieved from /usr/local/lib/python3.10/dist-packages/airflow/example_dags/example_task_group_decorator.py
[2024-05-04T12:11:56.280+0530] {logging_mixin.py:188} INFO - [2024-05-04T12:11:56.280+0530] {dag.py:3096} INFO - Sync 1 DAGs
[2024-05-04T12:11:56.289+0530] {logging_mixin.py:188} INFO - [2024-05-04T12:11:56.288+0530] {dag.py:3954} INFO - Setting next_dagrun for example_task_group_decorator to 2024-05-03 00:00:00+00:00, run_after=2024-05-04 00:00:00+00:00
[2024-05-04T12:11:56.298+0530] {processor.py:183} INFO - Processing /usr/local/lib/python3.10/dist-packages/airflow/example_dags/example_task_group_decorator.py took 0.043 seconds
[2024-05-04T12:13:01.256+0530] {processor.py:161} INFO - Started process (PID=8848) to work on /usr/local/lib/python3.10/dist-packages/airflow/example_dags/example_task_group_decorator.py
[2024-05-04T12:13:01.257+0530] {processor.py:830} INFO - Processing file /usr/local/lib/python3.10/dist-packages/airflow/example_dags/example_task_group_decorator.py for tasks to queue
[2024-05-04T12:13:01.259+0530] {logging_mixin.py:188} INFO - [2024-05-04T12:13:01.258+0530] {dagbag.py:540} INFO - Filling up the DagBag from /usr/local/lib/python3.10/dist-packages/airflow/example_dags/example_task_group_decorator.py
[2024-05-04T12:13:01.266+0530] {processor.py:840} INFO - DAG(s) 'example_task_group_decorator' retrieved from /usr/local/lib/python3.10/dist-packages/airflow/example_dags/example_task_group_decorator.py
[2024-05-04T12:13:01.274+0530] {logging_mixin.py:188} INFO - [2024-05-04T12:13:01.274+0530] {dag.py:3096} INFO - Sync 1 DAGs
[2024-05-04T12:13:01.281+0530] {logging_mixin.py:188} INFO - [2024-05-04T12:13:01.281+0530] {dag.py:3954} INFO - Setting next_dagrun for example_task_group_decorator to 2024-05-03 00:00:00+00:00, run_after=2024-05-04 00:00:00+00:00
[2024-05-04T12:13:01.291+0530] {processor.py:183} INFO - Processing /usr/local/lib/python3.10/dist-packages/airflow/example_dags/example_task_group_decorator.py took 0.043 seconds
[2024-05-04T12:13:56.639+0530] {processor.py:161} INFO - Started process (PID=9091) to work on /usr/local/lib/python3.10/dist-packages/airflow/example_dags/example_task_group_decorator.py
[2024-05-04T12:13:56.640+0530] {processor.py:830} INFO - Processing file /usr/local/lib/python3.10/dist-packages/airflow/example_dags/example_task_group_decorator.py for tasks to queue
[2024-05-04T12:13:56.640+0530] {logging_mixin.py:188} INFO - [2024-05-04T12:13:56.640+0530] {dagbag.py:540} INFO - Filling up the DagBag from /usr/local/lib/python3.10/dist-packages/airflow/example_dags/example_task_group_decorator.py
[2024-05-04T12:13:56.646+0530] {processor.py:840} INFO - DAG(s) 'example_task_group_decorator' retrieved from /usr/local/lib/python3.10/dist-packages/airflow/example_dags/example_task_group_decorator.py
[2024-05-04T12:13:56.659+0530] {logging_mixin.py:188} INFO - [2024-05-04T12:13:56.659+0530] {dag.py:3096} INFO - Sync 1 DAGs
[2024-05-04T12:13:56.667+0530] {logging_mixin.py:188} INFO - [2024-05-04T12:13:56.667+0530] {dag.py:3954} INFO - Setting next_dagrun for example_task_group_decorator to 2024-05-03 00:00:00+00:00, run_after=2024-05-04 00:00:00+00:00
[2024-05-04T12:13:56.677+0530] {processor.py:183} INFO - Processing /usr/local/lib/python3.10/dist-packages/airflow/example_dags/example_task_group_decorator.py took 0.044 seconds
[2024-05-04T12:14:48.082+0530] {processor.py:161} INFO - Started process (PID=9262) to work on /usr/local/lib/python3.10/dist-packages/airflow/example_dags/example_task_group_decorator.py
[2024-05-04T12:14:48.082+0530] {processor.py:830} INFO - Processing file /usr/local/lib/python3.10/dist-packages/airflow/example_dags/example_task_group_decorator.py for tasks to queue
[2024-05-04T12:14:48.083+0530] {logging_mixin.py:188} INFO - [2024-05-04T12:14:48.083+0530] {dagbag.py:540} INFO - Filling up the DagBag from /usr/local/lib/python3.10/dist-packages/airflow/example_dags/example_task_group_decorator.py
[2024-05-04T12:14:48.088+0530] {processor.py:840} INFO - DAG(s) 'example_task_group_decorator' retrieved from /usr/local/lib/python3.10/dist-packages/airflow/example_dags/example_task_group_decorator.py
[2024-05-04T12:14:48.096+0530] {logging_mixin.py:188} INFO - [2024-05-04T12:14:48.096+0530] {dag.py:3096} INFO - Sync 1 DAGs
[2024-05-04T12:14:48.103+0530] {logging_mixin.py:188} INFO - [2024-05-04T12:14:48.103+0530] {dag.py:3954} INFO - Setting next_dagrun for example_task_group_decorator to 2024-05-03 00:00:00+00:00, run_after=2024-05-04 00:00:00+00:00
[2024-05-04T12:14:48.113+0530] {processor.py:183} INFO - Processing /usr/local/lib/python3.10/dist-packages/airflow/example_dags/example_task_group_decorator.py took 0.037 seconds
[2024-05-04T12:15:39.330+0530] {processor.py:161} INFO - Started process (PID=9432) to work on /usr/local/lib/python3.10/dist-packages/airflow/example_dags/example_task_group_decorator.py
[2024-05-04T12:15:39.330+0530] {processor.py:830} INFO - Processing file /usr/local/lib/python3.10/dist-packages/airflow/example_dags/example_task_group_decorator.py for tasks to queue
[2024-05-04T12:15:39.331+0530] {logging_mixin.py:188} INFO - [2024-05-04T12:15:39.331+0530] {dagbag.py:540} INFO - Filling up the DagBag from /usr/local/lib/python3.10/dist-packages/airflow/example_dags/example_task_group_decorator.py
[2024-05-04T12:15:39.336+0530] {processor.py:840} INFO - DAG(s) 'example_task_group_decorator' retrieved from /usr/local/lib/python3.10/dist-packages/airflow/example_dags/example_task_group_decorator.py
[2024-05-04T12:15:39.344+0530] {logging_mixin.py:188} INFO - [2024-05-04T12:15:39.344+0530] {dag.py:3096} INFO - Sync 1 DAGs
[2024-05-04T12:15:39.351+0530] {logging_mixin.py:188} INFO - [2024-05-04T12:15:39.351+0530] {dag.py:3954} INFO - Setting next_dagrun for example_task_group_decorator to 2024-05-03 00:00:00+00:00, run_after=2024-05-04 00:00:00+00:00
[2024-05-04T12:15:39.361+0530] {processor.py:183} INFO - Processing /usr/local/lib/python3.10/dist-packages/airflow/example_dags/example_task_group_decorator.py took 0.036 seconds
[2024-05-04T12:16:34.877+0530] {processor.py:161} INFO - Started process (PID=9565) to work on /usr/local/lib/python3.10/dist-packages/airflow/example_dags/example_task_group_decorator.py
[2024-05-04T12:16:34.877+0530] {processor.py:830} INFO - Processing file /usr/local/lib/python3.10/dist-packages/airflow/example_dags/example_task_group_decorator.py for tasks to queue
[2024-05-04T12:16:34.878+0530] {logging_mixin.py:188} INFO - [2024-05-04T12:16:34.878+0530] {dagbag.py:540} INFO - Filling up the DagBag from /usr/local/lib/python3.10/dist-packages/airflow/example_dags/example_task_group_decorator.py
[2024-05-04T12:16:34.884+0530] {processor.py:840} INFO - DAG(s) 'example_task_group_decorator' retrieved from /usr/local/lib/python3.10/dist-packages/airflow/example_dags/example_task_group_decorator.py
[2024-05-04T12:16:34.892+0530] {logging_mixin.py:188} INFO - [2024-05-04T12:16:34.892+0530] {dag.py:3096} INFO - Sync 1 DAGs
[2024-05-04T12:16:34.899+0530] {logging_mixin.py:188} INFO - [2024-05-04T12:16:34.899+0530] {dag.py:3954} INFO - Setting next_dagrun for example_task_group_decorator to 2024-05-03 00:00:00+00:00, run_after=2024-05-04 00:00:00+00:00
[2024-05-04T12:16:34.909+0530] {processor.py:183} INFO - Processing /usr/local/lib/python3.10/dist-packages/airflow/example_dags/example_task_group_decorator.py took 0.037 seconds
[2024-05-04T12:17:27.043+0530] {processor.py:161} INFO - Started process (PID=9868) to work on /usr/local/lib/python3.10/dist-packages/airflow/example_dags/example_task_group_decorator.py
[2024-05-04T12:17:27.044+0530] {processor.py:830} INFO - Processing file /usr/local/lib/python3.10/dist-packages/airflow/example_dags/example_task_group_decorator.py for tasks to queue
[2024-05-04T12:17:27.045+0530] {logging_mixin.py:188} INFO - [2024-05-04T12:17:27.045+0530] {dagbag.py:540} INFO - Filling up the DagBag from /usr/local/lib/python3.10/dist-packages/airflow/example_dags/example_task_group_decorator.py
[2024-05-04T12:17:27.052+0530] {processor.py:840} INFO - DAG(s) 'example_task_group_decorator' retrieved from /usr/local/lib/python3.10/dist-packages/airflow/example_dags/example_task_group_decorator.py
[2024-05-04T12:17:27.060+0530] {logging_mixin.py:188} INFO - [2024-05-04T12:17:27.060+0530] {dag.py:3096} INFO - Sync 1 DAGs
[2024-05-04T12:17:27.068+0530] {logging_mixin.py:188} INFO - [2024-05-04T12:17:27.068+0530] {dag.py:3954} INFO - Setting next_dagrun for example_task_group_decorator to 2024-05-03 00:00:00+00:00, run_after=2024-05-04 00:00:00+00:00
[2024-05-04T12:17:27.077+0530] {processor.py:183} INFO - Processing /usr/local/lib/python3.10/dist-packages/airflow/example_dags/example_task_group_decorator.py took 0.042 seconds
[2024-05-04T12:18:24.133+0530] {processor.py:161} INFO - Started process (PID=10788) to work on /usr/local/lib/python3.10/dist-packages/airflow/example_dags/example_task_group_decorator.py
[2024-05-04T12:18:24.133+0530] {processor.py:830} INFO - Processing file /usr/local/lib/python3.10/dist-packages/airflow/example_dags/example_task_group_decorator.py for tasks to queue
[2024-05-04T12:18:24.134+0530] {logging_mixin.py:188} INFO - [2024-05-04T12:18:24.134+0530] {dagbag.py:540} INFO - Filling up the DagBag from /usr/local/lib/python3.10/dist-packages/airflow/example_dags/example_task_group_decorator.py
[2024-05-04T12:18:24.139+0530] {processor.py:840} INFO - DAG(s) 'example_task_group_decorator' retrieved from /usr/local/lib/python3.10/dist-packages/airflow/example_dags/example_task_group_decorator.py
[2024-05-04T12:18:24.147+0530] {logging_mixin.py:188} INFO - [2024-05-04T12:18:24.147+0530] {dag.py:3096} INFO - Sync 1 DAGs
[2024-05-04T12:18:24.154+0530] {logging_mixin.py:188} INFO - [2024-05-04T12:18:24.154+0530] {dag.py:3954} INFO - Setting next_dagrun for example_task_group_decorator to 2024-05-03 00:00:00+00:00, run_after=2024-05-04 00:00:00+00:00
[2024-05-04T12:18:24.164+0530] {processor.py:183} INFO - Processing /usr/local/lib/python3.10/dist-packages/airflow/example_dags/example_task_group_decorator.py took 0.033 seconds
[2024-05-04T12:19:18.418+0530] {processor.py:161} INFO - Started process (PID=10918) to work on /usr/local/lib/python3.10/dist-packages/airflow/example_dags/example_task_group_decorator.py
[2024-05-04T12:19:18.419+0530] {processor.py:830} INFO - Processing file /usr/local/lib/python3.10/dist-packages/airflow/example_dags/example_task_group_decorator.py for tasks to queue
[2024-05-04T12:19:18.420+0530] {logging_mixin.py:188} INFO - [2024-05-04T12:19:18.420+0530] {dagbag.py:540} INFO - Filling up the DagBag from /usr/local/lib/python3.10/dist-packages/airflow/example_dags/example_task_group_decorator.py
[2024-05-04T12:19:18.426+0530] {processor.py:840} INFO - DAG(s) 'example_task_group_decorator' retrieved from /usr/local/lib/python3.10/dist-packages/airflow/example_dags/example_task_group_decorator.py
[2024-05-04T12:19:18.433+0530] {logging_mixin.py:188} INFO - [2024-05-04T12:19:18.433+0530] {dag.py:3096} INFO - Sync 1 DAGs
[2024-05-04T12:19:18.441+0530] {logging_mixin.py:188} INFO - [2024-05-04T12:19:18.441+0530] {dag.py:3954} INFO - Setting next_dagrun for example_task_group_decorator to 2024-05-03 00:00:00+00:00, run_after=2024-05-04 00:00:00+00:00
[2024-05-04T12:19:18.451+0530] {processor.py:183} INFO - Processing /usr/local/lib/python3.10/dist-packages/airflow/example_dags/example_task_group_decorator.py took 0.040 seconds
[2024-05-04T12:20:09.654+0530] {processor.py:161} INFO - Started process (PID=11074) to work on /usr/local/lib/python3.10/dist-packages/airflow/example_dags/example_task_group_decorator.py
[2024-05-04T12:20:09.654+0530] {processor.py:830} INFO - Processing file /usr/local/lib/python3.10/dist-packages/airflow/example_dags/example_task_group_decorator.py for tasks to queue
[2024-05-04T12:20:09.655+0530] {logging_mixin.py:188} INFO - [2024-05-04T12:20:09.654+0530] {dagbag.py:540} INFO - Filling up the DagBag from /usr/local/lib/python3.10/dist-packages/airflow/example_dags/example_task_group_decorator.py
[2024-05-04T12:20:09.663+0530] {processor.py:840} INFO - DAG(s) 'example_task_group_decorator' retrieved from /usr/local/lib/python3.10/dist-packages/airflow/example_dags/example_task_group_decorator.py
[2024-05-04T12:20:09.673+0530] {logging_mixin.py:188} INFO - [2024-05-04T12:20:09.673+0530] {dag.py:3096} INFO - Sync 1 DAGs
[2024-05-04T12:20:09.681+0530] {logging_mixin.py:188} INFO - [2024-05-04T12:20:09.680+0530] {dag.py:3954} INFO - Setting next_dagrun for example_task_group_decorator to 2024-05-03 00:00:00+00:00, run_after=2024-05-04 00:00:00+00:00
[2024-05-04T12:20:09.690+0530] {processor.py:183} INFO - Processing /usr/local/lib/python3.10/dist-packages/airflow/example_dags/example_task_group_decorator.py took 0.040 seconds
[2024-05-04T12:21:02.245+0530] {processor.py:161} INFO - Started process (PID=11193) to work on /usr/local/lib/python3.10/dist-packages/airflow/example_dags/example_task_group_decorator.py
[2024-05-04T12:21:02.245+0530] {processor.py:830} INFO - Processing file /usr/local/lib/python3.10/dist-packages/airflow/example_dags/example_task_group_decorator.py for tasks to queue
[2024-05-04T12:21:02.247+0530] {logging_mixin.py:188} INFO - [2024-05-04T12:21:02.246+0530] {dagbag.py:540} INFO - Filling up the DagBag from /usr/local/lib/python3.10/dist-packages/airflow/example_dags/example_task_group_decorator.py
[2024-05-04T12:21:02.262+0530] {processor.py:840} INFO - DAG(s) 'example_task_group_decorator' retrieved from /usr/local/lib/python3.10/dist-packages/airflow/example_dags/example_task_group_decorator.py
[2024-05-04T12:21:02.270+0530] {logging_mixin.py:188} INFO - [2024-05-04T12:21:02.270+0530] {dag.py:3096} INFO - Sync 1 DAGs
[2024-05-04T12:21:02.278+0530] {logging_mixin.py:188} INFO - [2024-05-04T12:21:02.278+0530] {dag.py:3954} INFO - Setting next_dagrun for example_task_group_decorator to 2024-05-03 00:00:00+00:00, run_after=2024-05-04 00:00:00+00:00
[2024-05-04T12:21:02.287+0530] {processor.py:183} INFO - Processing /usr/local/lib/python3.10/dist-packages/airflow/example_dags/example_task_group_decorator.py took 0.048 seconds
[2024-05-04T12:21:53.979+0530] {processor.py:161} INFO - Started process (PID=11310) to work on /usr/local/lib/python3.10/dist-packages/airflow/example_dags/example_task_group_decorator.py
[2024-05-04T12:21:53.979+0530] {processor.py:830} INFO - Processing file /usr/local/lib/python3.10/dist-packages/airflow/example_dags/example_task_group_decorator.py for tasks to queue
[2024-05-04T12:21:53.980+0530] {logging_mixin.py:188} INFO - [2024-05-04T12:21:53.980+0530] {dagbag.py:540} INFO - Filling up the DagBag from /usr/local/lib/python3.10/dist-packages/airflow/example_dags/example_task_group_decorator.py
[2024-05-04T12:21:53.985+0530] {processor.py:840} INFO - DAG(s) 'example_task_group_decorator' retrieved from /usr/local/lib/python3.10/dist-packages/airflow/example_dags/example_task_group_decorator.py
[2024-05-04T12:21:53.993+0530] {logging_mixin.py:188} INFO - [2024-05-04T12:21:53.993+0530] {dag.py:3096} INFO - Sync 1 DAGs
[2024-05-04T12:21:54.000+0530] {logging_mixin.py:188} INFO - [2024-05-04T12:21:54.000+0530] {dag.py:3954} INFO - Setting next_dagrun for example_task_group_decorator to 2024-05-03 00:00:00+00:00, run_after=2024-05-04 00:00:00+00:00
[2024-05-04T12:21:54.010+0530] {processor.py:183} INFO - Processing /usr/local/lib/python3.10/dist-packages/airflow/example_dags/example_task_group_decorator.py took 0.038 seconds
[2024-05-04T12:22:45.048+0530] {processor.py:161} INFO - Started process (PID=11435) to work on /usr/local/lib/python3.10/dist-packages/airflow/example_dags/example_task_group_decorator.py
[2024-05-04T12:22:45.049+0530] {processor.py:830} INFO - Processing file /usr/local/lib/python3.10/dist-packages/airflow/example_dags/example_task_group_decorator.py for tasks to queue
[2024-05-04T12:22:45.050+0530] {logging_mixin.py:188} INFO - [2024-05-04T12:22:45.050+0530] {dagbag.py:540} INFO - Filling up the DagBag from /usr/local/lib/python3.10/dist-packages/airflow/example_dags/example_task_group_decorator.py
[2024-05-04T12:22:45.056+0530] {processor.py:840} INFO - DAG(s) 'example_task_group_decorator' retrieved from /usr/local/lib/python3.10/dist-packages/airflow/example_dags/example_task_group_decorator.py
[2024-05-04T12:22:45.064+0530] {logging_mixin.py:188} INFO - [2024-05-04T12:22:45.064+0530] {dag.py:3096} INFO - Sync 1 DAGs
[2024-05-04T12:22:45.071+0530] {logging_mixin.py:188} INFO - [2024-05-04T12:22:45.071+0530] {dag.py:3954} INFO - Setting next_dagrun for example_task_group_decorator to 2024-05-03 00:00:00+00:00, run_after=2024-05-04 00:00:00+00:00
[2024-05-04T12:22:45.080+0530] {processor.py:183} INFO - Processing /usr/local/lib/python3.10/dist-packages/airflow/example_dags/example_task_group_decorator.py took 0.038 seconds
[2024-05-04T12:23:36.064+0530] {processor.py:161} INFO - Started process (PID=11560) to work on /usr/local/lib/python3.10/dist-packages/airflow/example_dags/example_task_group_decorator.py
[2024-05-04T12:23:36.065+0530] {processor.py:830} INFO - Processing file /usr/local/lib/python3.10/dist-packages/airflow/example_dags/example_task_group_decorator.py for tasks to queue
[2024-05-04T12:23:36.066+0530] {logging_mixin.py:188} INFO - [2024-05-04T12:23:36.065+0530] {dagbag.py:540} INFO - Filling up the DagBag from /usr/local/lib/python3.10/dist-packages/airflow/example_dags/example_task_group_decorator.py
[2024-05-04T12:23:36.071+0530] {processor.py:840} INFO - DAG(s) 'example_task_group_decorator' retrieved from /usr/local/lib/python3.10/dist-packages/airflow/example_dags/example_task_group_decorator.py
[2024-05-04T12:23:36.079+0530] {logging_mixin.py:188} INFO - [2024-05-04T12:23:36.079+0530] {dag.py:3096} INFO - Sync 1 DAGs
[2024-05-04T12:23:36.086+0530] {logging_mixin.py:188} INFO - [2024-05-04T12:23:36.086+0530] {dag.py:3954} INFO - Setting next_dagrun for example_task_group_decorator to 2024-05-03 00:00:00+00:00, run_after=2024-05-04 00:00:00+00:00
[2024-05-04T12:23:36.096+0530] {processor.py:183} INFO - Processing /usr/local/lib/python3.10/dist-packages/airflow/example_dags/example_task_group_decorator.py took 0.037 seconds
[2024-05-04T12:24:27.274+0530] {processor.py:161} INFO - Started process (PID=11760) to work on /usr/local/lib/python3.10/dist-packages/airflow/example_dags/example_task_group_decorator.py
[2024-05-04T12:24:27.275+0530] {processor.py:830} INFO - Processing file /usr/local/lib/python3.10/dist-packages/airflow/example_dags/example_task_group_decorator.py for tasks to queue
[2024-05-04T12:24:27.276+0530] {logging_mixin.py:188} INFO - [2024-05-04T12:24:27.275+0530] {dagbag.py:540} INFO - Filling up the DagBag from /usr/local/lib/python3.10/dist-packages/airflow/example_dags/example_task_group_decorator.py
[2024-05-04T12:24:27.282+0530] {processor.py:840} INFO - DAG(s) 'example_task_group_decorator' retrieved from /usr/local/lib/python3.10/dist-packages/airflow/example_dags/example_task_group_decorator.py
[2024-05-04T12:24:27.291+0530] {logging_mixin.py:188} INFO - [2024-05-04T12:24:27.291+0530] {dag.py:3096} INFO - Sync 1 DAGs
[2024-05-04T12:24:27.299+0530] {logging_mixin.py:188} INFO - [2024-05-04T12:24:27.299+0530] {dag.py:3954} INFO - Setting next_dagrun for example_task_group_decorator to 2024-05-03 00:00:00+00:00, run_after=2024-05-04 00:00:00+00:00
[2024-05-04T12:24:27.311+0530] {processor.py:183} INFO - Processing /usr/local/lib/python3.10/dist-packages/airflow/example_dags/example_task_group_decorator.py took 0.042 seconds
[2024-05-04T12:25:17.262+0530] {processor.py:161} INFO - Started process (PID=11937) to work on /usr/local/lib/python3.10/dist-packages/airflow/example_dags/example_task_group_decorator.py
[2024-05-04T12:25:17.263+0530] {processor.py:830} INFO - Processing file /usr/local/lib/python3.10/dist-packages/airflow/example_dags/example_task_group_decorator.py for tasks to queue
[2024-05-04T12:25:17.265+0530] {logging_mixin.py:188} INFO - [2024-05-04T12:25:17.264+0530] {dagbag.py:540} INFO - Filling up the DagBag from /usr/local/lib/python3.10/dist-packages/airflow/example_dags/example_task_group_decorator.py
[2024-05-04T12:25:17.274+0530] {processor.py:840} INFO - DAG(s) 'example_task_group_decorator' retrieved from /usr/local/lib/python3.10/dist-packages/airflow/example_dags/example_task_group_decorator.py
[2024-05-04T12:25:17.282+0530] {logging_mixin.py:188} INFO - [2024-05-04T12:25:17.282+0530] {dag.py:3096} INFO - Sync 1 DAGs
[2024-05-04T12:25:17.290+0530] {logging_mixin.py:188} INFO - [2024-05-04T12:25:17.290+0530] {dag.py:3954} INFO - Setting next_dagrun for example_task_group_decorator to 2024-05-03 00:00:00+00:00, run_after=2024-05-04 00:00:00+00:00
[2024-05-04T12:25:17.299+0530] {processor.py:183} INFO - Processing /usr/local/lib/python3.10/dist-packages/airflow/example_dags/example_task_group_decorator.py took 0.042 seconds
[2024-05-04T12:26:06.019+0530] {processor.py:161} INFO - Started process (PID=12065) to work on /usr/local/lib/python3.10/dist-packages/airflow/example_dags/example_task_group_decorator.py
[2024-05-04T12:26:06.019+0530] {processor.py:830} INFO - Processing file /usr/local/lib/python3.10/dist-packages/airflow/example_dags/example_task_group_decorator.py for tasks to queue
[2024-05-04T12:26:06.020+0530] {logging_mixin.py:188} INFO - [2024-05-04T12:26:06.020+0530] {dagbag.py:540} INFO - Filling up the DagBag from /usr/local/lib/python3.10/dist-packages/airflow/example_dags/example_task_group_decorator.py
[2024-05-04T12:26:06.026+0530] {processor.py:840} INFO - DAG(s) 'example_task_group_decorator' retrieved from /usr/local/lib/python3.10/dist-packages/airflow/example_dags/example_task_group_decorator.py
[2024-05-04T12:26:06.034+0530] {logging_mixin.py:188} INFO - [2024-05-04T12:26:06.033+0530] {dag.py:3096} INFO - Sync 1 DAGs
[2024-05-04T12:26:06.041+0530] {logging_mixin.py:188} INFO - [2024-05-04T12:26:06.041+0530] {dag.py:3954} INFO - Setting next_dagrun for example_task_group_decorator to 2024-05-03 00:00:00+00:00, run_after=2024-05-04 00:00:00+00:00
[2024-05-04T12:26:06.051+0530] {processor.py:183} INFO - Processing /usr/local/lib/python3.10/dist-packages/airflow/example_dags/example_task_group_decorator.py took 0.037 seconds
[2024-05-04T12:26:58.348+0530] {processor.py:161} INFO - Started process (PID=12194) to work on /usr/local/lib/python3.10/dist-packages/airflow/example_dags/example_task_group_decorator.py
[2024-05-04T12:26:58.349+0530] {processor.py:830} INFO - Processing file /usr/local/lib/python3.10/dist-packages/airflow/example_dags/example_task_group_decorator.py for tasks to queue
[2024-05-04T12:26:58.349+0530] {logging_mixin.py:188} INFO - [2024-05-04T12:26:58.349+0530] {dagbag.py:540} INFO - Filling up the DagBag from /usr/local/lib/python3.10/dist-packages/airflow/example_dags/example_task_group_decorator.py
[2024-05-04T12:26:58.355+0530] {processor.py:840} INFO - DAG(s) 'example_task_group_decorator' retrieved from /usr/local/lib/python3.10/dist-packages/airflow/example_dags/example_task_group_decorator.py
[2024-05-04T12:26:58.362+0530] {logging_mixin.py:188} INFO - [2024-05-04T12:26:58.362+0530] {dag.py:3096} INFO - Sync 1 DAGs
[2024-05-04T12:26:58.370+0530] {logging_mixin.py:188} INFO - [2024-05-04T12:26:58.370+0530] {dag.py:3954} INFO - Setting next_dagrun for example_task_group_decorator to 2024-05-03 00:00:00+00:00, run_after=2024-05-04 00:00:00+00:00
[2024-05-04T12:26:58.380+0530] {processor.py:183} INFO - Processing /usr/local/lib/python3.10/dist-packages/airflow/example_dags/example_task_group_decorator.py took 0.037 seconds
[2024-05-04T12:27:48.785+0530] {processor.py:161} INFO - Started process (PID=12313) to work on /usr/local/lib/python3.10/dist-packages/airflow/example_dags/example_task_group_decorator.py
[2024-05-04T12:27:48.785+0530] {processor.py:830} INFO - Processing file /usr/local/lib/python3.10/dist-packages/airflow/example_dags/example_task_group_decorator.py for tasks to queue
[2024-05-04T12:27:48.787+0530] {logging_mixin.py:188} INFO - [2024-05-04T12:27:48.786+0530] {dagbag.py:540} INFO - Filling up the DagBag from /usr/local/lib/python3.10/dist-packages/airflow/example_dags/example_task_group_decorator.py
[2024-05-04T12:27:48.797+0530] {processor.py:840} INFO - DAG(s) 'example_task_group_decorator' retrieved from /usr/local/lib/python3.10/dist-packages/airflow/example_dags/example_task_group_decorator.py
[2024-05-04T12:27:48.804+0530] {logging_mixin.py:188} INFO - [2024-05-04T12:27:48.804+0530] {dag.py:3096} INFO - Sync 1 DAGs
[2024-05-04T12:27:48.812+0530] {logging_mixin.py:188} INFO - [2024-05-04T12:27:48.812+0530] {dag.py:3954} INFO - Setting next_dagrun for example_task_group_decorator to 2024-05-03 00:00:00+00:00, run_after=2024-05-04 00:00:00+00:00
[2024-05-04T12:27:48.822+0530] {processor.py:183} INFO - Processing /usr/local/lib/python3.10/dist-packages/airflow/example_dags/example_task_group_decorator.py took 0.042 seconds
[2024-05-04T12:28:38.530+0530] {processor.py:161} INFO - Started process (PID=12437) to work on /usr/local/lib/python3.10/dist-packages/airflow/example_dags/example_task_group_decorator.py
[2024-05-04T12:28:38.531+0530] {processor.py:830} INFO - Processing file /usr/local/lib/python3.10/dist-packages/airflow/example_dags/example_task_group_decorator.py for tasks to queue
[2024-05-04T12:28:38.532+0530] {logging_mixin.py:188} INFO - [2024-05-04T12:28:38.532+0530] {dagbag.py:540} INFO - Filling up the DagBag from /usr/local/lib/python3.10/dist-packages/airflow/example_dags/example_task_group_decorator.py
[2024-05-04T12:28:38.542+0530] {processor.py:840} INFO - DAG(s) 'example_task_group_decorator' retrieved from /usr/local/lib/python3.10/dist-packages/airflow/example_dags/example_task_group_decorator.py
[2024-05-04T12:28:38.550+0530] {logging_mixin.py:188} INFO - [2024-05-04T12:28:38.550+0530] {dag.py:3096} INFO - Sync 1 DAGs
[2024-05-04T12:28:38.557+0530] {logging_mixin.py:188} INFO - [2024-05-04T12:28:38.557+0530] {dag.py:3954} INFO - Setting next_dagrun for example_task_group_decorator to 2024-05-03 00:00:00+00:00, run_after=2024-05-04 00:00:00+00:00
[2024-05-04T12:28:38.567+0530] {processor.py:183} INFO - Processing /usr/local/lib/python3.10/dist-packages/airflow/example_dags/example_task_group_decorator.py took 0.043 seconds
[2024-05-04T12:29:26.661+0530] {processor.py:161} INFO - Started process (PID=12557) to work on /usr/local/lib/python3.10/dist-packages/airflow/example_dags/example_task_group_decorator.py
[2024-05-04T12:29:26.662+0530] {processor.py:830} INFO - Processing file /usr/local/lib/python3.10/dist-packages/airflow/example_dags/example_task_group_decorator.py for tasks to queue
[2024-05-04T12:29:26.663+0530] {logging_mixin.py:188} INFO - [2024-05-04T12:29:26.663+0530] {dagbag.py:540} INFO - Filling up the DagBag from /usr/local/lib/python3.10/dist-packages/airflow/example_dags/example_task_group_decorator.py
[2024-05-04T12:29:26.670+0530] {processor.py:840} INFO - DAG(s) 'example_task_group_decorator' retrieved from /usr/local/lib/python3.10/dist-packages/airflow/example_dags/example_task_group_decorator.py
[2024-05-04T12:29:26.678+0530] {logging_mixin.py:188} INFO - [2024-05-04T12:29:26.678+0530] {dag.py:3096} INFO - Sync 1 DAGs
[2024-05-04T12:29:26.686+0530] {logging_mixin.py:188} INFO - [2024-05-04T12:29:26.686+0530] {dag.py:3954} INFO - Setting next_dagrun for example_task_group_decorator to 2024-05-03 00:00:00+00:00, run_after=2024-05-04 00:00:00+00:00
[2024-05-04T12:29:26.695+0530] {processor.py:183} INFO - Processing /usr/local/lib/python3.10/dist-packages/airflow/example_dags/example_task_group_decorator.py took 0.042 seconds
[2024-05-04T12:30:15.250+0530] {processor.py:161} INFO - Started process (PID=12709) to work on /usr/local/lib/python3.10/dist-packages/airflow/example_dags/example_task_group_decorator.py
[2024-05-04T12:30:15.250+0530] {processor.py:830} INFO - Processing file /usr/local/lib/python3.10/dist-packages/airflow/example_dags/example_task_group_decorator.py for tasks to queue
[2024-05-04T12:30:15.251+0530] {logging_mixin.py:188} INFO - [2024-05-04T12:30:15.251+0530] {dagbag.py:540} INFO - Filling up the DagBag from /usr/local/lib/python3.10/dist-packages/airflow/example_dags/example_task_group_decorator.py
[2024-05-04T12:30:15.257+0530] {processor.py:840} INFO - DAG(s) 'example_task_group_decorator' retrieved from /usr/local/lib/python3.10/dist-packages/airflow/example_dags/example_task_group_decorator.py
[2024-05-04T12:30:15.264+0530] {logging_mixin.py:188} INFO - [2024-05-04T12:30:15.264+0530] {dag.py:3096} INFO - Sync 1 DAGs
[2024-05-04T12:30:15.272+0530] {logging_mixin.py:188} INFO - [2024-05-04T12:30:15.272+0530] {dag.py:3954} INFO - Setting next_dagrun for example_task_group_decorator to 2024-05-03 00:00:00+00:00, run_after=2024-05-04 00:00:00+00:00
[2024-05-04T12:30:15.282+0530] {processor.py:183} INFO - Processing /usr/local/lib/python3.10/dist-packages/airflow/example_dags/example_task_group_decorator.py took 0.036 seconds
[2024-05-04T12:31:05.847+0530] {processor.py:161} INFO - Started process (PID=12858) to work on /usr/local/lib/python3.10/dist-packages/airflow/example_dags/example_task_group_decorator.py
[2024-05-04T12:31:05.847+0530] {processor.py:830} INFO - Processing file /usr/local/lib/python3.10/dist-packages/airflow/example_dags/example_task_group_decorator.py for tasks to queue
[2024-05-04T12:31:05.848+0530] {logging_mixin.py:188} INFO - [2024-05-04T12:31:05.848+0530] {dagbag.py:540} INFO - Filling up the DagBag from /usr/local/lib/python3.10/dist-packages/airflow/example_dags/example_task_group_decorator.py
[2024-05-04T12:31:05.854+0530] {processor.py:840} INFO - DAG(s) 'example_task_group_decorator' retrieved from /usr/local/lib/python3.10/dist-packages/airflow/example_dags/example_task_group_decorator.py
[2024-05-04T12:31:05.866+0530] {logging_mixin.py:188} INFO - [2024-05-04T12:31:05.866+0530] {dag.py:3096} INFO - Sync 1 DAGs
[2024-05-04T12:31:05.873+0530] {logging_mixin.py:188} INFO - [2024-05-04T12:31:05.873+0530] {dag.py:3954} INFO - Setting next_dagrun for example_task_group_decorator to 2024-05-03 00:00:00+00:00, run_after=2024-05-04 00:00:00+00:00
[2024-05-04T12:31:05.885+0530] {processor.py:183} INFO - Processing /usr/local/lib/python3.10/dist-packages/airflow/example_dags/example_task_group_decorator.py took 0.044 seconds
[2024-05-04T12:31:58.789+0530] {processor.py:161} INFO - Started process (PID=12988) to work on /usr/local/lib/python3.10/dist-packages/airflow/example_dags/example_task_group_decorator.py
[2024-05-04T12:31:58.790+0530] {processor.py:830} INFO - Processing file /usr/local/lib/python3.10/dist-packages/airflow/example_dags/example_task_group_decorator.py for tasks to queue
[2024-05-04T12:31:58.791+0530] {logging_mixin.py:188} INFO - [2024-05-04T12:31:58.791+0530] {dagbag.py:540} INFO - Filling up the DagBag from /usr/local/lib/python3.10/dist-packages/airflow/example_dags/example_task_group_decorator.py
[2024-05-04T12:31:58.798+0530] {processor.py:840} INFO - DAG(s) 'example_task_group_decorator' retrieved from /usr/local/lib/python3.10/dist-packages/airflow/example_dags/example_task_group_decorator.py
[2024-05-04T12:31:58.806+0530] {logging_mixin.py:188} INFO - [2024-05-04T12:31:58.806+0530] {dag.py:3096} INFO - Sync 1 DAGs
[2024-05-04T12:31:58.813+0530] {logging_mixin.py:188} INFO - [2024-05-04T12:31:58.813+0530] {dag.py:3954} INFO - Setting next_dagrun for example_task_group_decorator to 2024-05-03 00:00:00+00:00, run_after=2024-05-04 00:00:00+00:00
[2024-05-04T12:31:58.823+0530] {processor.py:183} INFO - Processing /usr/local/lib/python3.10/dist-packages/airflow/example_dags/example_task_group_decorator.py took 0.042 seconds
[2024-05-04T12:32:47.617+0530] {processor.py:161} INFO - Started process (PID=13114) to work on /usr/local/lib/python3.10/dist-packages/airflow/example_dags/example_task_group_decorator.py
[2024-05-04T12:32:47.618+0530] {processor.py:830} INFO - Processing file /usr/local/lib/python3.10/dist-packages/airflow/example_dags/example_task_group_decorator.py for tasks to queue
[2024-05-04T12:32:47.619+0530] {logging_mixin.py:188} INFO - [2024-05-04T12:32:47.619+0530] {dagbag.py:540} INFO - Filling up the DagBag from /usr/local/lib/python3.10/dist-packages/airflow/example_dags/example_task_group_decorator.py
[2024-05-04T12:32:47.626+0530] {processor.py:840} INFO - DAG(s) 'example_task_group_decorator' retrieved from /usr/local/lib/python3.10/dist-packages/airflow/example_dags/example_task_group_decorator.py
[2024-05-04T12:32:47.634+0530] {logging_mixin.py:188} INFO - [2024-05-04T12:32:47.634+0530] {dag.py:3096} INFO - Sync 1 DAGs
[2024-05-04T12:32:47.641+0530] {logging_mixin.py:188} INFO - [2024-05-04T12:32:47.641+0530] {dag.py:3954} INFO - Setting next_dagrun for example_task_group_decorator to 2024-05-03 00:00:00+00:00, run_after=2024-05-04 00:00:00+00:00
[2024-05-04T12:32:47.652+0530] {processor.py:183} INFO - Processing /usr/local/lib/python3.10/dist-packages/airflow/example_dags/example_task_group_decorator.py took 0.043 seconds
[2024-05-04T12:33:39.908+0530] {processor.py:161} INFO - Started process (PID=13280) to work on /usr/local/lib/python3.10/dist-packages/airflow/example_dags/example_task_group_decorator.py
[2024-05-04T12:33:39.909+0530] {processor.py:830} INFO - Processing file /usr/local/lib/python3.10/dist-packages/airflow/example_dags/example_task_group_decorator.py for tasks to queue
[2024-05-04T12:33:39.910+0530] {logging_mixin.py:188} INFO - [2024-05-04T12:33:39.909+0530] {dagbag.py:540} INFO - Filling up the DagBag from /usr/local/lib/python3.10/dist-packages/airflow/example_dags/example_task_group_decorator.py
[2024-05-04T12:33:39.916+0530] {processor.py:840} INFO - DAG(s) 'example_task_group_decorator' retrieved from /usr/local/lib/python3.10/dist-packages/airflow/example_dags/example_task_group_decorator.py
[2024-05-04T12:33:39.924+0530] {logging_mixin.py:188} INFO - [2024-05-04T12:33:39.924+0530] {dag.py:3096} INFO - Sync 1 DAGs
[2024-05-04T12:33:39.932+0530] {logging_mixin.py:188} INFO - [2024-05-04T12:33:39.932+0530] {dag.py:3954} INFO - Setting next_dagrun for example_task_group_decorator to 2024-05-03 00:00:00+00:00, run_after=2024-05-04 00:00:00+00:00
[2024-05-04T12:33:39.943+0530] {processor.py:183} INFO - Processing /usr/local/lib/python3.10/dist-packages/airflow/example_dags/example_task_group_decorator.py took 0.040 seconds
[2024-05-04T12:34:32.807+0530] {processor.py:161} INFO - Started process (PID=13435) to work on /usr/local/lib/python3.10/dist-packages/airflow/example_dags/example_task_group_decorator.py
[2024-05-04T12:34:32.807+0530] {processor.py:830} INFO - Processing file /usr/local/lib/python3.10/dist-packages/airflow/example_dags/example_task_group_decorator.py for tasks to queue
[2024-05-04T12:34:32.808+0530] {logging_mixin.py:188} INFO - [2024-05-04T12:34:32.808+0530] {dagbag.py:540} INFO - Filling up the DagBag from /usr/local/lib/python3.10/dist-packages/airflow/example_dags/example_task_group_decorator.py
[2024-05-04T12:34:32.813+0530] {processor.py:840} INFO - DAG(s) 'example_task_group_decorator' retrieved from /usr/local/lib/python3.10/dist-packages/airflow/example_dags/example_task_group_decorator.py
[2024-05-04T12:34:32.821+0530] {logging_mixin.py:188} INFO - [2024-05-04T12:34:32.821+0530] {dag.py:3096} INFO - Sync 1 DAGs
[2024-05-04T12:34:32.829+0530] {logging_mixin.py:188} INFO - [2024-05-04T12:34:32.829+0530] {dag.py:3954} INFO - Setting next_dagrun for example_task_group_decorator to 2024-05-03 00:00:00+00:00, run_after=2024-05-04 00:00:00+00:00
[2024-05-04T12:34:32.839+0530] {processor.py:183} INFO - Processing /usr/local/lib/python3.10/dist-packages/airflow/example_dags/example_task_group_decorator.py took 0.036 seconds
[2024-05-04T12:35:25.377+0530] {processor.py:161} INFO - Started process (PID=13622) to work on /usr/local/lib/python3.10/dist-packages/airflow/example_dags/example_task_group_decorator.py
[2024-05-04T12:35:25.378+0530] {processor.py:830} INFO - Processing file /usr/local/lib/python3.10/dist-packages/airflow/example_dags/example_task_group_decorator.py for tasks to queue
[2024-05-04T12:35:25.379+0530] {logging_mixin.py:188} INFO - [2024-05-04T12:35:25.378+0530] {dagbag.py:540} INFO - Filling up the DagBag from /usr/local/lib/python3.10/dist-packages/airflow/example_dags/example_task_group_decorator.py
[2024-05-04T12:35:25.388+0530] {processor.py:840} INFO - DAG(s) 'example_task_group_decorator' retrieved from /usr/local/lib/python3.10/dist-packages/airflow/example_dags/example_task_group_decorator.py
[2024-05-04T12:35:25.396+0530] {logging_mixin.py:188} INFO - [2024-05-04T12:35:25.396+0530] {dag.py:3096} INFO - Sync 1 DAGs
[2024-05-04T12:35:25.404+0530] {logging_mixin.py:188} INFO - [2024-05-04T12:35:25.404+0530] {dag.py:3954} INFO - Setting next_dagrun for example_task_group_decorator to 2024-05-03 00:00:00+00:00, run_after=2024-05-04 00:00:00+00:00
[2024-05-04T12:35:25.415+0530] {processor.py:183} INFO - Processing /usr/local/lib/python3.10/dist-packages/airflow/example_dags/example_task_group_decorator.py took 0.043 seconds
[2024-05-04T12:36:14.684+0530] {processor.py:161} INFO - Started process (PID=13742) to work on /usr/local/lib/python3.10/dist-packages/airflow/example_dags/example_task_group_decorator.py
[2024-05-04T12:36:14.685+0530] {processor.py:830} INFO - Processing file /usr/local/lib/python3.10/dist-packages/airflow/example_dags/example_task_group_decorator.py for tasks to queue
[2024-05-04T12:36:14.686+0530] {logging_mixin.py:188} INFO - [2024-05-04T12:36:14.686+0530] {dagbag.py:540} INFO - Filling up the DagBag from /usr/local/lib/python3.10/dist-packages/airflow/example_dags/example_task_group_decorator.py
[2024-05-04T12:36:14.692+0530] {processor.py:840} INFO - DAG(s) 'example_task_group_decorator' retrieved from /usr/local/lib/python3.10/dist-packages/airflow/example_dags/example_task_group_decorator.py
[2024-05-04T12:36:14.700+0530] {logging_mixin.py:188} INFO - [2024-05-04T12:36:14.700+0530] {dag.py:3096} INFO - Sync 1 DAGs
[2024-05-04T12:36:14.707+0530] {logging_mixin.py:188} INFO - [2024-05-04T12:36:14.707+0530] {dag.py:3954} INFO - Setting next_dagrun for example_task_group_decorator to 2024-05-03 00:00:00+00:00, run_after=2024-05-04 00:00:00+00:00
[2024-05-04T12:36:14.717+0530] {processor.py:183} INFO - Processing /usr/local/lib/python3.10/dist-packages/airflow/example_dags/example_task_group_decorator.py took 0.039 seconds
[2024-05-04T12:37:04.886+0530] {processor.py:161} INFO - Started process (PID=13860) to work on /usr/local/lib/python3.10/dist-packages/airflow/example_dags/example_task_group_decorator.py
[2024-05-04T12:37:04.887+0530] {processor.py:830} INFO - Processing file /usr/local/lib/python3.10/dist-packages/airflow/example_dags/example_task_group_decorator.py for tasks to queue
[2024-05-04T12:37:04.888+0530] {logging_mixin.py:188} INFO - [2024-05-04T12:37:04.888+0530] {dagbag.py:540} INFO - Filling up the DagBag from /usr/local/lib/python3.10/dist-packages/airflow/example_dags/example_task_group_decorator.py
[2024-05-04T12:37:04.897+0530] {processor.py:840} INFO - DAG(s) 'example_task_group_decorator' retrieved from /usr/local/lib/python3.10/dist-packages/airflow/example_dags/example_task_group_decorator.py
[2024-05-04T12:37:04.905+0530] {logging_mixin.py:188} INFO - [2024-05-04T12:37:04.905+0530] {dag.py:3096} INFO - Sync 1 DAGs
[2024-05-04T12:37:04.913+0530] {logging_mixin.py:188} INFO - [2024-05-04T12:37:04.913+0530] {dag.py:3954} INFO - Setting next_dagrun for example_task_group_decorator to 2024-05-03 00:00:00+00:00, run_after=2024-05-04 00:00:00+00:00
[2024-05-04T12:37:04.924+0530] {processor.py:183} INFO - Processing /usr/local/lib/python3.10/dist-packages/airflow/example_dags/example_task_group_decorator.py took 0.040 seconds
[2024-05-04T12:37:57.247+0530] {processor.py:161} INFO - Started process (PID=13993) to work on /usr/local/lib/python3.10/dist-packages/airflow/example_dags/example_task_group_decorator.py
[2024-05-04T12:37:57.248+0530] {processor.py:830} INFO - Processing file /usr/local/lib/python3.10/dist-packages/airflow/example_dags/example_task_group_decorator.py for tasks to queue
[2024-05-04T12:37:57.250+0530] {logging_mixin.py:188} INFO - [2024-05-04T12:37:57.249+0530] {dagbag.py:540} INFO - Filling up the DagBag from /usr/local/lib/python3.10/dist-packages/airflow/example_dags/example_task_group_decorator.py
[2024-05-04T12:37:57.260+0530] {processor.py:840} INFO - DAG(s) 'example_task_group_decorator' retrieved from /usr/local/lib/python3.10/dist-packages/airflow/example_dags/example_task_group_decorator.py
[2024-05-04T12:37:57.268+0530] {logging_mixin.py:188} INFO - [2024-05-04T12:37:57.267+0530] {dag.py:3096} INFO - Sync 1 DAGs
[2024-05-04T12:37:57.275+0530] {logging_mixin.py:188} INFO - [2024-05-04T12:37:57.275+0530] {dag.py:3954} INFO - Setting next_dagrun for example_task_group_decorator to 2024-05-03 00:00:00+00:00, run_after=2024-05-04 00:00:00+00:00
[2024-05-04T12:37:57.285+0530] {processor.py:183} INFO - Processing /usr/local/lib/python3.10/dist-packages/airflow/example_dags/example_task_group_decorator.py took 0.042 seconds
[2024-05-04T12:38:50.616+0530] {processor.py:161} INFO - Started process (PID=14148) to work on /usr/local/lib/python3.10/dist-packages/airflow/example_dags/example_task_group_decorator.py
[2024-05-04T12:38:50.617+0530] {processor.py:830} INFO - Processing file /usr/local/lib/python3.10/dist-packages/airflow/example_dags/example_task_group_decorator.py for tasks to queue
[2024-05-04T12:38:50.618+0530] {logging_mixin.py:188} INFO - [2024-05-04T12:38:50.618+0530] {dagbag.py:540} INFO - Filling up the DagBag from /usr/local/lib/python3.10/dist-packages/airflow/example_dags/example_task_group_decorator.py
[2024-05-04T12:38:50.628+0530] {processor.py:840} INFO - DAG(s) 'example_task_group_decorator' retrieved from /usr/local/lib/python3.10/dist-packages/airflow/example_dags/example_task_group_decorator.py
[2024-05-04T12:38:50.635+0530] {logging_mixin.py:188} INFO - [2024-05-04T12:38:50.635+0530] {dag.py:3096} INFO - Sync 1 DAGs
[2024-05-04T12:38:50.642+0530] {logging_mixin.py:188} INFO - [2024-05-04T12:38:50.642+0530] {dag.py:3954} INFO - Setting next_dagrun for example_task_group_decorator to 2024-05-03 00:00:00+00:00, run_after=2024-05-04 00:00:00+00:00
[2024-05-04T12:38:50.652+0530] {processor.py:183} INFO - Processing /usr/local/lib/python3.10/dist-packages/airflow/example_dags/example_task_group_decorator.py took 0.038 seconds
[2024-05-04T12:39:43.026+0530] {processor.py:161} INFO - Started process (PID=14430) to work on /usr/local/lib/python3.10/dist-packages/airflow/example_dags/example_task_group_decorator.py
[2024-05-04T12:39:43.027+0530] {processor.py:830} INFO - Processing file /usr/local/lib/python3.10/dist-packages/airflow/example_dags/example_task_group_decorator.py for tasks to queue
[2024-05-04T12:39:43.028+0530] {logging_mixin.py:188} INFO - [2024-05-04T12:39:43.028+0530] {dagbag.py:540} INFO - Filling up the DagBag from /usr/local/lib/python3.10/dist-packages/airflow/example_dags/example_task_group_decorator.py
[2024-05-04T12:39:43.035+0530] {processor.py:840} INFO - DAG(s) 'example_task_group_decorator' retrieved from /usr/local/lib/python3.10/dist-packages/airflow/example_dags/example_task_group_decorator.py
[2024-05-04T12:39:43.043+0530] {logging_mixin.py:188} INFO - [2024-05-04T12:39:43.043+0530] {dag.py:3096} INFO - Sync 1 DAGs
[2024-05-04T12:39:43.050+0530] {logging_mixin.py:188} INFO - [2024-05-04T12:39:43.050+0530] {dag.py:3954} INFO - Setting next_dagrun for example_task_group_decorator to 2024-05-03 00:00:00+00:00, run_after=2024-05-04 00:00:00+00:00
[2024-05-04T12:39:43.060+0530] {processor.py:183} INFO - Processing /usr/local/lib/python3.10/dist-packages/airflow/example_dags/example_task_group_decorator.py took 0.042 seconds
[2024-05-04T12:40:32.247+0530] {processor.py:161} INFO - Started process (PID=14605) to work on /usr/local/lib/python3.10/dist-packages/airflow/example_dags/example_task_group_decorator.py
[2024-05-04T12:40:32.248+0530] {processor.py:830} INFO - Processing file /usr/local/lib/python3.10/dist-packages/airflow/example_dags/example_task_group_decorator.py for tasks to queue
[2024-05-04T12:40:32.249+0530] {logging_mixin.py:188} INFO - [2024-05-04T12:40:32.249+0530] {dagbag.py:540} INFO - Filling up the DagBag from /usr/local/lib/python3.10/dist-packages/airflow/example_dags/example_task_group_decorator.py
[2024-05-04T12:40:32.259+0530] {processor.py:840} INFO - DAG(s) 'example_task_group_decorator' retrieved from /usr/local/lib/python3.10/dist-packages/airflow/example_dags/example_task_group_decorator.py
[2024-05-04T12:40:32.267+0530] {logging_mixin.py:188} INFO - [2024-05-04T12:40:32.266+0530] {dag.py:3096} INFO - Sync 1 DAGs
[2024-05-04T12:40:32.274+0530] {logging_mixin.py:188} INFO - [2024-05-04T12:40:32.274+0530] {dag.py:3954} INFO - Setting next_dagrun for example_task_group_decorator to 2024-05-03 00:00:00+00:00, run_after=2024-05-04 00:00:00+00:00
[2024-05-04T12:40:32.284+0530] {processor.py:183} INFO - Processing /usr/local/lib/python3.10/dist-packages/airflow/example_dags/example_task_group_decorator.py took 0.042 seconds
[2024-05-04T12:41:25.949+0530] {processor.py:161} INFO - Started process (PID=14775) to work on /usr/local/lib/python3.10/dist-packages/airflow/example_dags/example_task_group_decorator.py
[2024-05-04T12:41:25.950+0530] {processor.py:830} INFO - Processing file /usr/local/lib/python3.10/dist-packages/airflow/example_dags/example_task_group_decorator.py for tasks to queue
[2024-05-04T12:41:25.951+0530] {logging_mixin.py:188} INFO - [2024-05-04T12:41:25.951+0530] {dagbag.py:540} INFO - Filling up the DagBag from /usr/local/lib/python3.10/dist-packages/airflow/example_dags/example_task_group_decorator.py
[2024-05-04T12:41:25.957+0530] {processor.py:840} INFO - DAG(s) 'example_task_group_decorator' retrieved from /usr/local/lib/python3.10/dist-packages/airflow/example_dags/example_task_group_decorator.py
[2024-05-04T12:41:25.965+0530] {logging_mixin.py:188} INFO - [2024-05-04T12:41:25.965+0530] {dag.py:3096} INFO - Sync 1 DAGs
[2024-05-04T12:41:25.972+0530] {logging_mixin.py:188} INFO - [2024-05-04T12:41:25.972+0530] {dag.py:3954} INFO - Setting next_dagrun for example_task_group_decorator to 2024-05-03 00:00:00+00:00, run_after=2024-05-04 00:00:00+00:00
[2024-05-04T12:41:25.983+0530] {processor.py:183} INFO - Processing /usr/local/lib/python3.10/dist-packages/airflow/example_dags/example_task_group_decorator.py took 0.041 seconds
[2024-05-04T12:42:14.759+0530] {processor.py:161} INFO - Started process (PID=14949) to work on /usr/local/lib/python3.10/dist-packages/airflow/example_dags/example_task_group_decorator.py
[2024-05-04T12:42:14.759+0530] {processor.py:830} INFO - Processing file /usr/local/lib/python3.10/dist-packages/airflow/example_dags/example_task_group_decorator.py for tasks to queue
[2024-05-04T12:42:14.760+0530] {logging_mixin.py:188} INFO - [2024-05-04T12:42:14.760+0530] {dagbag.py:540} INFO - Filling up the DagBag from /usr/local/lib/python3.10/dist-packages/airflow/example_dags/example_task_group_decorator.py
[2024-05-04T12:42:14.766+0530] {processor.py:840} INFO - DAG(s) 'example_task_group_decorator' retrieved from /usr/local/lib/python3.10/dist-packages/airflow/example_dags/example_task_group_decorator.py
[2024-05-04T12:42:14.774+0530] {logging_mixin.py:188} INFO - [2024-05-04T12:42:14.773+0530] {dag.py:3096} INFO - Sync 1 DAGs
[2024-05-04T12:42:14.781+0530] {logging_mixin.py:188} INFO - [2024-05-04T12:42:14.781+0530] {dag.py:3954} INFO - Setting next_dagrun for example_task_group_decorator to 2024-05-03 00:00:00+00:00, run_after=2024-05-04 00:00:00+00:00
[2024-05-04T12:42:14.791+0530] {processor.py:183} INFO - Processing /usr/local/lib/python3.10/dist-packages/airflow/example_dags/example_task_group_decorator.py took 0.036 seconds
[2024-05-04T12:43:05.547+0530] {processor.py:161} INFO - Started process (PID=15109) to work on /usr/local/lib/python3.10/dist-packages/airflow/example_dags/example_task_group_decorator.py
[2024-05-04T12:43:05.548+0530] {processor.py:830} INFO - Processing file /usr/local/lib/python3.10/dist-packages/airflow/example_dags/example_task_group_decorator.py for tasks to queue
[2024-05-04T12:43:05.549+0530] {logging_mixin.py:188} INFO - [2024-05-04T12:43:05.548+0530] {dagbag.py:540} INFO - Filling up the DagBag from /usr/local/lib/python3.10/dist-packages/airflow/example_dags/example_task_group_decorator.py
[2024-05-04T12:43:05.554+0530] {processor.py:840} INFO - DAG(s) 'example_task_group_decorator' retrieved from /usr/local/lib/python3.10/dist-packages/airflow/example_dags/example_task_group_decorator.py
[2024-05-04T12:43:05.562+0530] {logging_mixin.py:188} INFO - [2024-05-04T12:43:05.562+0530] {dag.py:3096} INFO - Sync 1 DAGs
[2024-05-04T12:43:05.569+0530] {logging_mixin.py:188} INFO - [2024-05-04T12:43:05.569+0530] {dag.py:3954} INFO - Setting next_dagrun for example_task_group_decorator to 2024-05-03 00:00:00+00:00, run_after=2024-05-04 00:00:00+00:00
[2024-05-04T12:43:05.581+0530] {processor.py:183} INFO - Processing /usr/local/lib/python3.10/dist-packages/airflow/example_dags/example_task_group_decorator.py took 0.039 seconds
[2024-05-04T12:43:57.132+0530] {processor.py:161} INFO - Started process (PID=15281) to work on /usr/local/lib/python3.10/dist-packages/airflow/example_dags/example_task_group_decorator.py
[2024-05-04T12:43:57.132+0530] {processor.py:830} INFO - Processing file /usr/local/lib/python3.10/dist-packages/airflow/example_dags/example_task_group_decorator.py for tasks to queue
[2024-05-04T12:43:57.133+0530] {logging_mixin.py:188} INFO - [2024-05-04T12:43:57.133+0530] {dagbag.py:540} INFO - Filling up the DagBag from /usr/local/lib/python3.10/dist-packages/airflow/example_dags/example_task_group_decorator.py
[2024-05-04T12:43:57.143+0530] {processor.py:840} INFO - DAG(s) 'example_task_group_decorator' retrieved from /usr/local/lib/python3.10/dist-packages/airflow/example_dags/example_task_group_decorator.py
[2024-05-04T12:43:57.151+0530] {logging_mixin.py:188} INFO - [2024-05-04T12:43:57.151+0530] {dag.py:3096} INFO - Sync 1 DAGs
[2024-05-04T12:43:57.159+0530] {logging_mixin.py:188} INFO - [2024-05-04T12:43:57.158+0530] {dag.py:3954} INFO - Setting next_dagrun for example_task_group_decorator to 2024-05-03 00:00:00+00:00, run_after=2024-05-04 00:00:00+00:00
[2024-05-04T12:43:57.168+0530] {processor.py:183} INFO - Processing /usr/local/lib/python3.10/dist-packages/airflow/example_dags/example_task_group_decorator.py took 0.043 seconds
[2024-05-04T12:44:47.442+0530] {processor.py:161} INFO - Started process (PID=15477) to work on /usr/local/lib/python3.10/dist-packages/airflow/example_dags/example_task_group_decorator.py
[2024-05-04T12:44:47.442+0530] {processor.py:830} INFO - Processing file /usr/local/lib/python3.10/dist-packages/airflow/example_dags/example_task_group_decorator.py for tasks to queue
[2024-05-04T12:44:47.444+0530] {logging_mixin.py:188} INFO - [2024-05-04T12:44:47.444+0530] {dagbag.py:540} INFO - Filling up the DagBag from /usr/local/lib/python3.10/dist-packages/airflow/example_dags/example_task_group_decorator.py
[2024-05-04T12:44:47.454+0530] {processor.py:840} INFO - DAG(s) 'example_task_group_decorator' retrieved from /usr/local/lib/python3.10/dist-packages/airflow/example_dags/example_task_group_decorator.py
[2024-05-04T12:44:47.462+0530] {logging_mixin.py:188} INFO - [2024-05-04T12:44:47.461+0530] {dag.py:3096} INFO - Sync 1 DAGs
[2024-05-04T12:44:47.469+0530] {logging_mixin.py:188} INFO - [2024-05-04T12:44:47.469+0530] {dag.py:3954} INFO - Setting next_dagrun for example_task_group_decorator to 2024-05-03 00:00:00+00:00, run_after=2024-05-04 00:00:00+00:00
[2024-05-04T12:44:47.479+0530] {processor.py:183} INFO - Processing /usr/local/lib/python3.10/dist-packages/airflow/example_dags/example_task_group_decorator.py took 0.043 seconds
[2024-05-04T12:45:38.373+0530] {processor.py:161} INFO - Started process (PID=15644) to work on /usr/local/lib/python3.10/dist-packages/airflow/example_dags/example_task_group_decorator.py
[2024-05-04T12:45:38.373+0530] {processor.py:830} INFO - Processing file /usr/local/lib/python3.10/dist-packages/airflow/example_dags/example_task_group_decorator.py for tasks to queue
[2024-05-04T12:45:38.374+0530] {logging_mixin.py:188} INFO - [2024-05-04T12:45:38.374+0530] {dagbag.py:540} INFO - Filling up the DagBag from /usr/local/lib/python3.10/dist-packages/airflow/example_dags/example_task_group_decorator.py
[2024-05-04T12:45:38.379+0530] {processor.py:840} INFO - DAG(s) 'example_task_group_decorator' retrieved from /usr/local/lib/python3.10/dist-packages/airflow/example_dags/example_task_group_decorator.py
[2024-05-04T12:45:38.387+0530] {logging_mixin.py:188} INFO - [2024-05-04T12:45:38.387+0530] {dag.py:3096} INFO - Sync 1 DAGs
[2024-05-04T12:45:38.395+0530] {logging_mixin.py:188} INFO - [2024-05-04T12:45:38.395+0530] {dag.py:3954} INFO - Setting next_dagrun for example_task_group_decorator to 2024-05-03 00:00:00+00:00, run_after=2024-05-04 00:00:00+00:00
[2024-05-04T12:45:38.405+0530] {processor.py:183} INFO - Processing /usr/local/lib/python3.10/dist-packages/airflow/example_dags/example_task_group_decorator.py took 0.036 seconds
[2024-05-04T12:46:27.953+0530] {processor.py:161} INFO - Started process (PID=15872) to work on /usr/local/lib/python3.10/dist-packages/airflow/example_dags/example_task_group_decorator.py
[2024-05-04T12:46:27.953+0530] {processor.py:830} INFO - Processing file /usr/local/lib/python3.10/dist-packages/airflow/example_dags/example_task_group_decorator.py for tasks to queue
[2024-05-04T12:46:27.954+0530] {logging_mixin.py:188} INFO - [2024-05-04T12:46:27.954+0530] {dagbag.py:540} INFO - Filling up the DagBag from /usr/local/lib/python3.10/dist-packages/airflow/example_dags/example_task_group_decorator.py
[2024-05-04T12:46:27.959+0530] {processor.py:840} INFO - DAG(s) 'example_task_group_decorator' retrieved from /usr/local/lib/python3.10/dist-packages/airflow/example_dags/example_task_group_decorator.py
[2024-05-04T12:46:27.967+0530] {logging_mixin.py:188} INFO - [2024-05-04T12:46:27.967+0530] {dag.py:3096} INFO - Sync 1 DAGs
[2024-05-04T12:46:27.974+0530] {logging_mixin.py:188} INFO - [2024-05-04T12:46:27.974+0530] {dag.py:3954} INFO - Setting next_dagrun for example_task_group_decorator to 2024-05-03 00:00:00+00:00, run_after=2024-05-04 00:00:00+00:00
[2024-05-04T12:46:27.984+0530] {processor.py:183} INFO - Processing /usr/local/lib/python3.10/dist-packages/airflow/example_dags/example_task_group_decorator.py took 0.034 seconds
[2024-05-04T12:47:19.480+0530] {processor.py:161} INFO - Started process (PID=16077) to work on /usr/local/lib/python3.10/dist-packages/airflow/example_dags/example_task_group_decorator.py
[2024-05-04T12:47:19.481+0530] {processor.py:830} INFO - Processing file /usr/local/lib/python3.10/dist-packages/airflow/example_dags/example_task_group_decorator.py for tasks to queue
[2024-05-04T12:47:19.483+0530] {logging_mixin.py:188} INFO - [2024-05-04T12:47:19.482+0530] {dagbag.py:540} INFO - Filling up the DagBag from /usr/local/lib/python3.10/dist-packages/airflow/example_dags/example_task_group_decorator.py
[2024-05-04T12:47:19.490+0530] {processor.py:840} INFO - DAG(s) 'example_task_group_decorator' retrieved from /usr/local/lib/python3.10/dist-packages/airflow/example_dags/example_task_group_decorator.py
[2024-05-04T12:47:19.498+0530] {logging_mixin.py:188} INFO - [2024-05-04T12:47:19.498+0530] {dag.py:3096} INFO - Sync 1 DAGs
[2024-05-04T12:47:19.505+0530] {logging_mixin.py:188} INFO - [2024-05-04T12:47:19.505+0530] {dag.py:3954} INFO - Setting next_dagrun for example_task_group_decorator to 2024-05-03 00:00:00+00:00, run_after=2024-05-04 00:00:00+00:00
[2024-05-04T12:47:19.515+0530] {processor.py:183} INFO - Processing /usr/local/lib/python3.10/dist-packages/airflow/example_dags/example_task_group_decorator.py took 0.043 seconds
[2024-05-04T12:48:09.903+0530] {processor.py:161} INFO - Started process (PID=16243) to work on /usr/local/lib/python3.10/dist-packages/airflow/example_dags/example_task_group_decorator.py
[2024-05-04T12:48:09.904+0530] {processor.py:830} INFO - Processing file /usr/local/lib/python3.10/dist-packages/airflow/example_dags/example_task_group_decorator.py for tasks to queue
[2024-05-04T12:48:09.905+0530] {logging_mixin.py:188} INFO - [2024-05-04T12:48:09.904+0530] {dagbag.py:540} INFO - Filling up the DagBag from /usr/local/lib/python3.10/dist-packages/airflow/example_dags/example_task_group_decorator.py
[2024-05-04T12:48:09.910+0530] {processor.py:840} INFO - DAG(s) 'example_task_group_decorator' retrieved from /usr/local/lib/python3.10/dist-packages/airflow/example_dags/example_task_group_decorator.py
[2024-05-04T12:48:09.918+0530] {logging_mixin.py:188} INFO - [2024-05-04T12:48:09.918+0530] {dag.py:3096} INFO - Sync 1 DAGs
[2024-05-04T12:48:09.927+0530] {logging_mixin.py:188} INFO - [2024-05-04T12:48:09.927+0530] {dag.py:3954} INFO - Setting next_dagrun for example_task_group_decorator to 2024-05-03 00:00:00+00:00, run_after=2024-05-04 00:00:00+00:00
[2024-05-04T12:48:09.937+0530] {processor.py:183} INFO - Processing /usr/local/lib/python3.10/dist-packages/airflow/example_dags/example_task_group_decorator.py took 0.038 seconds
[2024-05-04T12:49:02.302+0530] {processor.py:161} INFO - Started process (PID=16419) to work on /usr/local/lib/python3.10/dist-packages/airflow/example_dags/example_task_group_decorator.py
[2024-05-04T12:49:02.303+0530] {processor.py:830} INFO - Processing file /usr/local/lib/python3.10/dist-packages/airflow/example_dags/example_task_group_decorator.py for tasks to queue
[2024-05-04T12:49:02.303+0530] {logging_mixin.py:188} INFO - [2024-05-04T12:49:02.303+0530] {dagbag.py:540} INFO - Filling up the DagBag from /usr/local/lib/python3.10/dist-packages/airflow/example_dags/example_task_group_decorator.py
[2024-05-04T12:49:02.310+0530] {processor.py:840} INFO - DAG(s) 'example_task_group_decorator' retrieved from /usr/local/lib/python3.10/dist-packages/airflow/example_dags/example_task_group_decorator.py
[2024-05-04T12:49:02.320+0530] {logging_mixin.py:188} INFO - [2024-05-04T12:49:02.320+0530] {dag.py:3096} INFO - Sync 1 DAGs
[2024-05-04T12:49:02.328+0530] {logging_mixin.py:188} INFO - [2024-05-04T12:49:02.328+0530] {dag.py:3954} INFO - Setting next_dagrun for example_task_group_decorator to 2024-05-03 00:00:00+00:00, run_after=2024-05-04 00:00:00+00:00
[2024-05-04T12:49:02.339+0530] {processor.py:183} INFO - Processing /usr/local/lib/python3.10/dist-packages/airflow/example_dags/example_task_group_decorator.py took 0.041 seconds
[2024-05-04T12:49:54.461+0530] {processor.py:161} INFO - Started process (PID=16716) to work on /usr/local/lib/python3.10/dist-packages/airflow/example_dags/example_task_group_decorator.py
[2024-05-04T12:49:54.461+0530] {processor.py:830} INFO - Processing file /usr/local/lib/python3.10/dist-packages/airflow/example_dags/example_task_group_decorator.py for tasks to queue
[2024-05-04T12:49:54.462+0530] {logging_mixin.py:188} INFO - [2024-05-04T12:49:54.462+0530] {dagbag.py:540} INFO - Filling up the DagBag from /usr/local/lib/python3.10/dist-packages/airflow/example_dags/example_task_group_decorator.py
[2024-05-04T12:49:54.472+0530] {processor.py:840} INFO - DAG(s) 'example_task_group_decorator' retrieved from /usr/local/lib/python3.10/dist-packages/airflow/example_dags/example_task_group_decorator.py
[2024-05-04T12:49:54.480+0530] {logging_mixin.py:188} INFO - [2024-05-04T12:49:54.480+0530] {dag.py:3096} INFO - Sync 1 DAGs
[2024-05-04T12:49:54.487+0530] {logging_mixin.py:188} INFO - [2024-05-04T12:49:54.487+0530] {dag.py:3954} INFO - Setting next_dagrun for example_task_group_decorator to 2024-05-03 00:00:00+00:00, run_after=2024-05-04 00:00:00+00:00
[2024-05-04T12:49:54.497+0530] {processor.py:183} INFO - Processing /usr/local/lib/python3.10/dist-packages/airflow/example_dags/example_task_group_decorator.py took 0.041 seconds
[2024-05-04T12:50:46.473+0530] {processor.py:161} INFO - Started process (PID=16845) to work on /usr/local/lib/python3.10/dist-packages/airflow/example_dags/example_task_group_decorator.py
[2024-05-04T12:50:46.474+0530] {processor.py:830} INFO - Processing file /usr/local/lib/python3.10/dist-packages/airflow/example_dags/example_task_group_decorator.py for tasks to queue
[2024-05-04T12:50:46.475+0530] {logging_mixin.py:188} INFO - [2024-05-04T12:50:46.475+0530] {dagbag.py:540} INFO - Filling up the DagBag from /usr/local/lib/python3.10/dist-packages/airflow/example_dags/example_task_group_decorator.py
[2024-05-04T12:50:46.482+0530] {processor.py:840} INFO - DAG(s) 'example_task_group_decorator' retrieved from /usr/local/lib/python3.10/dist-packages/airflow/example_dags/example_task_group_decorator.py
[2024-05-04T12:50:46.490+0530] {logging_mixin.py:188} INFO - [2024-05-04T12:50:46.490+0530] {dag.py:3096} INFO - Sync 1 DAGs
[2024-05-04T12:50:46.497+0530] {logging_mixin.py:188} INFO - [2024-05-04T12:50:46.497+0530] {dag.py:3954} INFO - Setting next_dagrun for example_task_group_decorator to 2024-05-03 00:00:00+00:00, run_after=2024-05-04 00:00:00+00:00
[2024-05-04T12:50:46.507+0530] {processor.py:183} INFO - Processing /usr/local/lib/python3.10/dist-packages/airflow/example_dags/example_task_group_decorator.py took 0.042 seconds
[2024-05-04T12:51:35.752+0530] {processor.py:161} INFO - Started process (PID=16975) to work on /usr/local/lib/python3.10/dist-packages/airflow/example_dags/example_task_group_decorator.py
[2024-05-04T12:51:35.753+0530] {processor.py:830} INFO - Processing file /usr/local/lib/python3.10/dist-packages/airflow/example_dags/example_task_group_decorator.py for tasks to queue
[2024-05-04T12:51:35.755+0530] {logging_mixin.py:188} INFO - [2024-05-04T12:51:35.754+0530] {dagbag.py:540} INFO - Filling up the DagBag from /usr/local/lib/python3.10/dist-packages/airflow/example_dags/example_task_group_decorator.py
[2024-05-04T12:51:35.762+0530] {processor.py:840} INFO - DAG(s) 'example_task_group_decorator' retrieved from /usr/local/lib/python3.10/dist-packages/airflow/example_dags/example_task_group_decorator.py
[2024-05-04T12:51:35.769+0530] {logging_mixin.py:188} INFO - [2024-05-04T12:51:35.769+0530] {dag.py:3096} INFO - Sync 1 DAGs
[2024-05-04T12:51:35.777+0530] {logging_mixin.py:188} INFO - [2024-05-04T12:51:35.776+0530] {dag.py:3954} INFO - Setting next_dagrun for example_task_group_decorator to 2024-05-03 00:00:00+00:00, run_after=2024-05-04 00:00:00+00:00
[2024-05-04T12:51:35.786+0530] {processor.py:183} INFO - Processing /usr/local/lib/python3.10/dist-packages/airflow/example_dags/example_task_group_decorator.py took 0.041 seconds
[2024-05-04T12:52:28.329+0530] {processor.py:161} INFO - Started process (PID=17116) to work on /usr/local/lib/python3.10/dist-packages/airflow/example_dags/example_task_group_decorator.py
[2024-05-04T12:52:28.329+0530] {processor.py:830} INFO - Processing file /usr/local/lib/python3.10/dist-packages/airflow/example_dags/example_task_group_decorator.py for tasks to queue
[2024-05-04T12:52:28.330+0530] {logging_mixin.py:188} INFO - [2024-05-04T12:52:28.330+0530] {dagbag.py:540} INFO - Filling up the DagBag from /usr/local/lib/python3.10/dist-packages/airflow/example_dags/example_task_group_decorator.py
[2024-05-04T12:52:28.340+0530] {processor.py:840} INFO - DAG(s) 'example_task_group_decorator' retrieved from /usr/local/lib/python3.10/dist-packages/airflow/example_dags/example_task_group_decorator.py
[2024-05-04T12:52:28.348+0530] {logging_mixin.py:188} INFO - [2024-05-04T12:52:28.348+0530] {dag.py:3096} INFO - Sync 1 DAGs
[2024-05-04T12:52:28.355+0530] {logging_mixin.py:188} INFO - [2024-05-04T12:52:28.355+0530] {dag.py:3954} INFO - Setting next_dagrun for example_task_group_decorator to 2024-05-03 00:00:00+00:00, run_after=2024-05-04 00:00:00+00:00
[2024-05-04T12:52:28.365+0530] {processor.py:183} INFO - Processing /usr/local/lib/python3.10/dist-packages/airflow/example_dags/example_task_group_decorator.py took 0.042 seconds
[2024-05-04T12:53:18.832+0530] {processor.py:161} INFO - Started process (PID=17249) to work on /usr/local/lib/python3.10/dist-packages/airflow/example_dags/example_task_group_decorator.py
[2024-05-04T12:53:18.832+0530] {processor.py:830} INFO - Processing file /usr/local/lib/python3.10/dist-packages/airflow/example_dags/example_task_group_decorator.py for tasks to queue
[2024-05-04T12:53:18.833+0530] {logging_mixin.py:188} INFO - [2024-05-04T12:53:18.833+0530] {dagbag.py:540} INFO - Filling up the DagBag from /usr/local/lib/python3.10/dist-packages/airflow/example_dags/example_task_group_decorator.py
[2024-05-04T12:53:18.843+0530] {processor.py:840} INFO - DAG(s) 'example_task_group_decorator' retrieved from /usr/local/lib/python3.10/dist-packages/airflow/example_dags/example_task_group_decorator.py
[2024-05-04T12:53:18.851+0530] {logging_mixin.py:188} INFO - [2024-05-04T12:53:18.851+0530] {dag.py:3096} INFO - Sync 1 DAGs
[2024-05-04T12:53:18.858+0530] {logging_mixin.py:188} INFO - [2024-05-04T12:53:18.858+0530] {dag.py:3954} INFO - Setting next_dagrun for example_task_group_decorator to 2024-05-03 00:00:00+00:00, run_after=2024-05-04 00:00:00+00:00
[2024-05-04T12:53:18.867+0530] {processor.py:183} INFO - Processing /usr/local/lib/python3.10/dist-packages/airflow/example_dags/example_task_group_decorator.py took 0.041 seconds
[2024-05-04T12:54:08.154+0530] {processor.py:161} INFO - Started process (PID=17394) to work on /usr/local/lib/python3.10/dist-packages/airflow/example_dags/example_task_group_decorator.py
[2024-05-04T12:54:08.154+0530] {processor.py:830} INFO - Processing file /usr/local/lib/python3.10/dist-packages/airflow/example_dags/example_task_group_decorator.py for tasks to queue
[2024-05-04T12:54:08.155+0530] {logging_mixin.py:188} INFO - [2024-05-04T12:54:08.155+0530] {dagbag.py:540} INFO - Filling up the DagBag from /usr/local/lib/python3.10/dist-packages/airflow/example_dags/example_task_group_decorator.py
[2024-05-04T12:54:08.167+0530] {processor.py:840} INFO - DAG(s) 'example_task_group_decorator' retrieved from /usr/local/lib/python3.10/dist-packages/airflow/example_dags/example_task_group_decorator.py
[2024-05-04T12:54:08.176+0530] {logging_mixin.py:188} INFO - [2024-05-04T12:54:08.176+0530] {dag.py:3096} INFO - Sync 1 DAGs
[2024-05-04T12:54:08.183+0530] {logging_mixin.py:188} INFO - [2024-05-04T12:54:08.183+0530] {dag.py:3954} INFO - Setting next_dagrun for example_task_group_decorator to 2024-05-03 00:00:00+00:00, run_after=2024-05-04 00:00:00+00:00
[2024-05-04T12:54:08.194+0530] {processor.py:183} INFO - Processing /usr/local/lib/python3.10/dist-packages/airflow/example_dags/example_task_group_decorator.py took 0.043 seconds
