[2024-05-04T12:10:16.911+0530] {processor.py:161} INFO - Started process (PID=7432) to work on /usr/local/lib/python3.10/dist-packages/airflow/example_dags/example_short_circuit_operator.py
[2024-05-04T12:10:16.911+0530] {processor.py:830} INFO - Processing file /usr/local/lib/python3.10/dist-packages/airflow/example_dags/example_short_circuit_operator.py for tasks to queue
[2024-05-04T12:10:16.912+0530] {logging_mixin.py:188} INFO - [2024-05-04T12:10:16.912+0530] {dagbag.py:540} INFO - Filling up the DagBag from /usr/local/lib/python3.10/dist-packages/airflow/example_dags/example_short_circuit_operator.py
[2024-05-04T12:10:16.918+0530] {processor.py:840} INFO - DAG(s) 'example_short_circuit_operator' retrieved from /usr/local/lib/python3.10/dist-packages/airflow/example_dags/example_short_circuit_operator.py
[2024-05-04T12:10:16.926+0530] {logging_mixin.py:188} INFO - [2024-05-04T12:10:16.926+0530] {dag.py:3096} INFO - Sync 1 DAGs
[2024-05-04T12:10:16.933+0530] {logging_mixin.py:188} INFO - [2024-05-04T12:10:16.933+0530] {dag.py:3954} INFO - Setting next_dagrun for example_short_circuit_operator to 2024-05-03 00:00:00+00:00, run_after=2024-05-04 00:00:00+00:00
[2024-05-04T12:10:16.943+0530] {processor.py:183} INFO - Processing /usr/local/lib/python3.10/dist-packages/airflow/example_dags/example_short_circuit_operator.py took 0.035 seconds
[2024-05-04T12:11:12.342+0530] {processor.py:161} INFO - Started process (PID=7673) to work on /usr/local/lib/python3.10/dist-packages/airflow/example_dags/example_short_circuit_operator.py
[2024-05-04T12:11:12.342+0530] {processor.py:830} INFO - Processing file /usr/local/lib/python3.10/dist-packages/airflow/example_dags/example_short_circuit_operator.py for tasks to queue
[2024-05-04T12:11:12.343+0530] {logging_mixin.py:188} INFO - [2024-05-04T12:11:12.343+0530] {dagbag.py:540} INFO - Filling up the DagBag from /usr/local/lib/python3.10/dist-packages/airflow/example_dags/example_short_circuit_operator.py
[2024-05-04T12:11:12.347+0530] {processor.py:840} INFO - DAG(s) 'example_short_circuit_operator' retrieved from /usr/local/lib/python3.10/dist-packages/airflow/example_dags/example_short_circuit_operator.py
[2024-05-04T12:11:12.354+0530] {logging_mixin.py:188} INFO - [2024-05-04T12:11:12.354+0530] {dag.py:3096} INFO - Sync 1 DAGs
[2024-05-04T12:11:12.361+0530] {logging_mixin.py:188} INFO - [2024-05-04T12:11:12.361+0530] {dag.py:3954} INFO - Setting next_dagrun for example_short_circuit_operator to 2024-05-03 00:00:00+00:00, run_after=2024-05-04 00:00:00+00:00
[2024-05-04T12:11:12.371+0530] {processor.py:183} INFO - Processing /usr/local/lib/python3.10/dist-packages/airflow/example_dags/example_short_circuit_operator.py took 0.036 seconds
[2024-05-04T12:12:20.339+0530] {processor.py:161} INFO - Started process (PID=8381) to work on /usr/local/lib/python3.10/dist-packages/airflow/example_dags/example_short_circuit_operator.py
[2024-05-04T12:12:20.340+0530] {processor.py:830} INFO - Processing file /usr/local/lib/python3.10/dist-packages/airflow/example_dags/example_short_circuit_operator.py for tasks to queue
[2024-05-04T12:12:20.341+0530] {logging_mixin.py:188} INFO - [2024-05-04T12:12:20.341+0530] {dagbag.py:540} INFO - Filling up the DagBag from /usr/local/lib/python3.10/dist-packages/airflow/example_dags/example_short_circuit_operator.py
[2024-05-04T12:12:20.348+0530] {processor.py:840} INFO - DAG(s) 'example_short_circuit_operator' retrieved from /usr/local/lib/python3.10/dist-packages/airflow/example_dags/example_short_circuit_operator.py
[2024-05-04T12:12:20.356+0530] {logging_mixin.py:188} INFO - [2024-05-04T12:12:20.356+0530] {dag.py:3096} INFO - Sync 1 DAGs
[2024-05-04T12:12:20.364+0530] {logging_mixin.py:188} INFO - [2024-05-04T12:12:20.363+0530] {dag.py:3954} INFO - Setting next_dagrun for example_short_circuit_operator to 2024-05-03 00:00:00+00:00, run_after=2024-05-04 00:00:00+00:00
[2024-05-04T12:12:20.373+0530] {processor.py:183} INFO - Processing /usr/local/lib/python3.10/dist-packages/airflow/example_dags/example_short_circuit_operator.py took 0.040 seconds
[2024-05-04T12:13:20.688+0530] {processor.py:161} INFO - Started process (PID=8986) to work on /usr/local/lib/python3.10/dist-packages/airflow/example_dags/example_short_circuit_operator.py
[2024-05-04T12:13:20.689+0530] {processor.py:830} INFO - Processing file /usr/local/lib/python3.10/dist-packages/airflow/example_dags/example_short_circuit_operator.py for tasks to queue
[2024-05-04T12:13:20.689+0530] {logging_mixin.py:188} INFO - [2024-05-04T12:13:20.689+0530] {dagbag.py:540} INFO - Filling up the DagBag from /usr/local/lib/python3.10/dist-packages/airflow/example_dags/example_short_circuit_operator.py
[2024-05-04T12:13:20.693+0530] {processor.py:840} INFO - DAG(s) 'example_short_circuit_operator' retrieved from /usr/local/lib/python3.10/dist-packages/airflow/example_dags/example_short_circuit_operator.py
[2024-05-04T12:13:20.699+0530] {logging_mixin.py:188} INFO - [2024-05-04T12:13:20.699+0530] {dag.py:3096} INFO - Sync 1 DAGs
[2024-05-04T12:13:20.707+0530] {logging_mixin.py:188} INFO - [2024-05-04T12:13:20.707+0530] {dag.py:3954} INFO - Setting next_dagrun for example_short_circuit_operator to 2024-05-03 00:00:00+00:00, run_after=2024-05-04 00:00:00+00:00
[2024-05-04T12:13:20.716+0530] {processor.py:183} INFO - Processing /usr/local/lib/python3.10/dist-packages/airflow/example_dags/example_short_circuit_operator.py took 0.031 seconds
[2024-05-04T12:14:14.942+0530] {processor.py:161} INFO - Started process (PID=9132) to work on /usr/local/lib/python3.10/dist-packages/airflow/example_dags/example_short_circuit_operator.py
[2024-05-04T12:14:14.942+0530] {processor.py:830} INFO - Processing file /usr/local/lib/python3.10/dist-packages/airflow/example_dags/example_short_circuit_operator.py for tasks to queue
[2024-05-04T12:14:14.944+0530] {logging_mixin.py:188} INFO - [2024-05-04T12:14:14.943+0530] {dagbag.py:540} INFO - Filling up the DagBag from /usr/local/lib/python3.10/dist-packages/airflow/example_dags/example_short_circuit_operator.py
[2024-05-04T12:14:14.950+0530] {processor.py:840} INFO - DAG(s) 'example_short_circuit_operator' retrieved from /usr/local/lib/python3.10/dist-packages/airflow/example_dags/example_short_circuit_operator.py
[2024-05-04T12:14:14.958+0530] {logging_mixin.py:188} INFO - [2024-05-04T12:14:14.958+0530] {dag.py:3096} INFO - Sync 1 DAGs
[2024-05-04T12:14:14.965+0530] {logging_mixin.py:188} INFO - [2024-05-04T12:14:14.965+0530] {dag.py:3954} INFO - Setting next_dagrun for example_short_circuit_operator to 2024-05-03 00:00:00+00:00, run_after=2024-05-04 00:00:00+00:00
[2024-05-04T12:14:14.975+0530] {processor.py:183} INFO - Processing /usr/local/lib/python3.10/dist-packages/airflow/example_dags/example_short_circuit_operator.py took 0.038 seconds
[2024-05-04T12:15:08.581+0530] {processor.py:161} INFO - Started process (PID=9309) to work on /usr/local/lib/python3.10/dist-packages/airflow/example_dags/example_short_circuit_operator.py
[2024-05-04T12:15:08.581+0530] {processor.py:830} INFO - Processing file /usr/local/lib/python3.10/dist-packages/airflow/example_dags/example_short_circuit_operator.py for tasks to queue
[2024-05-04T12:15:08.582+0530] {logging_mixin.py:188} INFO - [2024-05-04T12:15:08.582+0530] {dagbag.py:540} INFO - Filling up the DagBag from /usr/local/lib/python3.10/dist-packages/airflow/example_dags/example_short_circuit_operator.py
[2024-05-04T12:15:08.585+0530] {processor.py:840} INFO - DAG(s) 'example_short_circuit_operator' retrieved from /usr/local/lib/python3.10/dist-packages/airflow/example_dags/example_short_circuit_operator.py
[2024-05-04T12:15:08.592+0530] {logging_mixin.py:188} INFO - [2024-05-04T12:15:08.592+0530] {dag.py:3096} INFO - Sync 1 DAGs
[2024-05-04T12:15:08.599+0530] {logging_mixin.py:188} INFO - [2024-05-04T12:15:08.599+0530] {dag.py:3954} INFO - Setting next_dagrun for example_short_circuit_operator to 2024-05-03 00:00:00+00:00, run_after=2024-05-04 00:00:00+00:00
[2024-05-04T12:15:08.609+0530] {processor.py:183} INFO - Processing /usr/local/lib/python3.10/dist-packages/airflow/example_dags/example_short_circuit_operator.py took 0.034 seconds
[2024-05-04T12:15:59.160+0530] {processor.py:161} INFO - Started process (PID=9477) to work on /usr/local/lib/python3.10/dist-packages/airflow/example_dags/example_short_circuit_operator.py
[2024-05-04T12:15:59.161+0530] {processor.py:830} INFO - Processing file /usr/local/lib/python3.10/dist-packages/airflow/example_dags/example_short_circuit_operator.py for tasks to queue
[2024-05-04T12:15:59.163+0530] {logging_mixin.py:188} INFO - [2024-05-04T12:15:59.162+0530] {dagbag.py:540} INFO - Filling up the DagBag from /usr/local/lib/python3.10/dist-packages/airflow/example_dags/example_short_circuit_operator.py
[2024-05-04T12:15:59.169+0530] {processor.py:840} INFO - DAG(s) 'example_short_circuit_operator' retrieved from /usr/local/lib/python3.10/dist-packages/airflow/example_dags/example_short_circuit_operator.py
[2024-05-04T12:15:59.177+0530] {logging_mixin.py:188} INFO - [2024-05-04T12:15:59.176+0530] {dag.py:3096} INFO - Sync 1 DAGs
[2024-05-04T12:15:59.184+0530] {logging_mixin.py:188} INFO - [2024-05-04T12:15:59.184+0530] {dag.py:3954} INFO - Setting next_dagrun for example_short_circuit_operator to 2024-05-03 00:00:00+00:00, run_after=2024-05-04 00:00:00+00:00
[2024-05-04T12:15:59.194+0530] {processor.py:183} INFO - Processing /usr/local/lib/python3.10/dist-packages/airflow/example_dags/example_short_circuit_operator.py took 0.039 seconds
[2024-05-04T12:16:50.308+0530] {processor.py:161} INFO - Started process (PID=9660) to work on /usr/local/lib/python3.10/dist-packages/airflow/example_dags/example_short_circuit_operator.py
[2024-05-04T12:16:50.309+0530] {processor.py:830} INFO - Processing file /usr/local/lib/python3.10/dist-packages/airflow/example_dags/example_short_circuit_operator.py for tasks to queue
[2024-05-04T12:16:50.310+0530] {logging_mixin.py:188} INFO - [2024-05-04T12:16:50.310+0530] {dagbag.py:540} INFO - Filling up the DagBag from /usr/local/lib/python3.10/dist-packages/airflow/example_dags/example_short_circuit_operator.py
[2024-05-04T12:16:50.314+0530] {processor.py:840} INFO - DAG(s) 'example_short_circuit_operator' retrieved from /usr/local/lib/python3.10/dist-packages/airflow/example_dags/example_short_circuit_operator.py
[2024-05-04T12:16:50.321+0530] {logging_mixin.py:188} INFO - [2024-05-04T12:16:50.321+0530] {dag.py:3096} INFO - Sync 1 DAGs
[2024-05-04T12:16:50.329+0530] {logging_mixin.py:188} INFO - [2024-05-04T12:16:50.329+0530] {dag.py:3954} INFO - Setting next_dagrun for example_short_circuit_operator to 2024-05-03 00:00:00+00:00, run_after=2024-05-04 00:00:00+00:00
[2024-05-04T12:16:50.338+0530] {processor.py:183} INFO - Processing /usr/local/lib/python3.10/dist-packages/airflow/example_dags/example_short_circuit_operator.py took 0.039 seconds
[2024-05-04T12:17:51.767+0530] {processor.py:161} INFO - Started process (PID=10423) to work on /usr/local/lib/python3.10/dist-packages/airflow/example_dags/example_short_circuit_operator.py
[2024-05-04T12:17:51.767+0530] {processor.py:830} INFO - Processing file /usr/local/lib/python3.10/dist-packages/airflow/example_dags/example_short_circuit_operator.py for tasks to queue
[2024-05-04T12:17:51.768+0530] {logging_mixin.py:188} INFO - [2024-05-04T12:17:51.768+0530] {dagbag.py:540} INFO - Filling up the DagBag from /usr/local/lib/python3.10/dist-packages/airflow/example_dags/example_short_circuit_operator.py
[2024-05-04T12:17:51.771+0530] {processor.py:840} INFO - DAG(s) 'example_short_circuit_operator' retrieved from /usr/local/lib/python3.10/dist-packages/airflow/example_dags/example_short_circuit_operator.py
[2024-05-04T12:17:51.778+0530] {logging_mixin.py:188} INFO - [2024-05-04T12:17:51.778+0530] {dag.py:3096} INFO - Sync 1 DAGs
[2024-05-04T12:17:51.786+0530] {logging_mixin.py:188} INFO - [2024-05-04T12:17:51.786+0530] {dag.py:3954} INFO - Setting next_dagrun for example_short_circuit_operator to 2024-05-03 00:00:00+00:00, run_after=2024-05-04 00:00:00+00:00
[2024-05-04T12:17:51.796+0530] {processor.py:183} INFO - Processing /usr/local/lib/python3.10/dist-packages/airflow/example_dags/example_short_circuit_operator.py took 0.032 seconds
[2024-05-04T12:18:58.271+0530] {processor.py:161} INFO - Started process (PID=10860) to work on /usr/local/lib/python3.10/dist-packages/airflow/example_dags/example_short_circuit_operator.py
[2024-05-04T12:18:58.271+0530] {processor.py:830} INFO - Processing file /usr/local/lib/python3.10/dist-packages/airflow/example_dags/example_short_circuit_operator.py for tasks to queue
[2024-05-04T12:18:58.273+0530] {logging_mixin.py:188} INFO - [2024-05-04T12:18:58.272+0530] {dagbag.py:540} INFO - Filling up the DagBag from /usr/local/lib/python3.10/dist-packages/airflow/example_dags/example_short_circuit_operator.py
[2024-05-04T12:18:58.279+0530] {processor.py:840} INFO - DAG(s) 'example_short_circuit_operator' retrieved from /usr/local/lib/python3.10/dist-packages/airflow/example_dags/example_short_circuit_operator.py
[2024-05-04T12:18:58.286+0530] {logging_mixin.py:188} INFO - [2024-05-04T12:18:58.286+0530] {dag.py:3096} INFO - Sync 1 DAGs
[2024-05-04T12:18:58.294+0530] {logging_mixin.py:188} INFO - [2024-05-04T12:18:58.294+0530] {dag.py:3954} INFO - Setting next_dagrun for example_short_circuit_operator to 2024-05-03 00:00:00+00:00, run_after=2024-05-04 00:00:00+00:00
[2024-05-04T12:18:58.305+0530] {processor.py:183} INFO - Processing /usr/local/lib/python3.10/dist-packages/airflow/example_dags/example_short_circuit_operator.py took 0.037 seconds
[2024-05-04T12:19:51.330+0530] {processor.py:161} INFO - Started process (PID=11016) to work on /usr/local/lib/python3.10/dist-packages/airflow/example_dags/example_short_circuit_operator.py
[2024-05-04T12:19:51.331+0530] {processor.py:830} INFO - Processing file /usr/local/lib/python3.10/dist-packages/airflow/example_dags/example_short_circuit_operator.py for tasks to queue
[2024-05-04T12:19:51.332+0530] {logging_mixin.py:188} INFO - [2024-05-04T12:19:51.332+0530] {dagbag.py:540} INFO - Filling up the DagBag from /usr/local/lib/python3.10/dist-packages/airflow/example_dags/example_short_circuit_operator.py
[2024-05-04T12:19:51.338+0530] {processor.py:840} INFO - DAG(s) 'example_short_circuit_operator' retrieved from /usr/local/lib/python3.10/dist-packages/airflow/example_dags/example_short_circuit_operator.py
[2024-05-04T12:19:51.346+0530] {logging_mixin.py:188} INFO - [2024-05-04T12:19:51.346+0530] {dag.py:3096} INFO - Sync 1 DAGs
[2024-05-04T12:19:51.353+0530] {logging_mixin.py:188} INFO - [2024-05-04T12:19:51.353+0530] {dag.py:3954} INFO - Setting next_dagrun for example_short_circuit_operator to 2024-05-03 00:00:00+00:00, run_after=2024-05-04 00:00:00+00:00
[2024-05-04T12:19:51.363+0530] {processor.py:183} INFO - Processing /usr/local/lib/python3.10/dist-packages/airflow/example_dags/example_short_circuit_operator.py took 0.036 seconds
[2024-05-04T12:20:43.943+0530] {processor.py:161} INFO - Started process (PID=11137) to work on /usr/local/lib/python3.10/dist-packages/airflow/example_dags/example_short_circuit_operator.py
[2024-05-04T12:20:43.944+0530] {processor.py:830} INFO - Processing file /usr/local/lib/python3.10/dist-packages/airflow/example_dags/example_short_circuit_operator.py for tasks to queue
[2024-05-04T12:20:43.946+0530] {logging_mixin.py:188} INFO - [2024-05-04T12:20:43.946+0530] {dagbag.py:540} INFO - Filling up the DagBag from /usr/local/lib/python3.10/dist-packages/airflow/example_dags/example_short_circuit_operator.py
[2024-05-04T12:20:43.956+0530] {processor.py:840} INFO - DAG(s) 'example_short_circuit_operator' retrieved from /usr/local/lib/python3.10/dist-packages/airflow/example_dags/example_short_circuit_operator.py
[2024-05-04T12:20:43.966+0530] {logging_mixin.py:188} INFO - [2024-05-04T12:20:43.966+0530] {dag.py:3096} INFO - Sync 1 DAGs
[2024-05-04T12:20:43.973+0530] {logging_mixin.py:188} INFO - [2024-05-04T12:20:43.973+0530] {dag.py:3954} INFO - Setting next_dagrun for example_short_circuit_operator to 2024-05-03 00:00:00+00:00, run_after=2024-05-04 00:00:00+00:00
[2024-05-04T12:20:43.983+0530] {processor.py:183} INFO - Processing /usr/local/lib/python3.10/dist-packages/airflow/example_dags/example_short_circuit_operator.py took 0.050 seconds
[2024-05-04T12:21:37.070+0530] {processor.py:161} INFO - Started process (PID=11260) to work on /usr/local/lib/python3.10/dist-packages/airflow/example_dags/example_short_circuit_operator.py
[2024-05-04T12:21:37.071+0530] {processor.py:830} INFO - Processing file /usr/local/lib/python3.10/dist-packages/airflow/example_dags/example_short_circuit_operator.py for tasks to queue
[2024-05-04T12:21:37.071+0530] {logging_mixin.py:188} INFO - [2024-05-04T12:21:37.071+0530] {dagbag.py:540} INFO - Filling up the DagBag from /usr/local/lib/python3.10/dist-packages/airflow/example_dags/example_short_circuit_operator.py
[2024-05-04T12:21:37.075+0530] {processor.py:840} INFO - DAG(s) 'example_short_circuit_operator' retrieved from /usr/local/lib/python3.10/dist-packages/airflow/example_dags/example_short_circuit_operator.py
[2024-05-04T12:21:37.082+0530] {logging_mixin.py:188} INFO - [2024-05-04T12:21:37.082+0530] {dag.py:3096} INFO - Sync 1 DAGs
[2024-05-04T12:21:37.089+0530] {logging_mixin.py:188} INFO - [2024-05-04T12:21:37.089+0530] {dag.py:3954} INFO - Setting next_dagrun for example_short_circuit_operator to 2024-05-03 00:00:00+00:00, run_after=2024-05-04 00:00:00+00:00
[2024-05-04T12:21:37.099+0530] {processor.py:183} INFO - Processing /usr/local/lib/python3.10/dist-packages/airflow/example_dags/example_short_circuit_operator.py took 0.033 seconds
[2024-05-04T12:22:28.392+0530] {processor.py:161} INFO - Started process (PID=11379) to work on /usr/local/lib/python3.10/dist-packages/airflow/example_dags/example_short_circuit_operator.py
[2024-05-04T12:22:28.393+0530] {processor.py:830} INFO - Processing file /usr/local/lib/python3.10/dist-packages/airflow/example_dags/example_short_circuit_operator.py for tasks to queue
[2024-05-04T12:22:28.394+0530] {logging_mixin.py:188} INFO - [2024-05-04T12:22:28.394+0530] {dagbag.py:540} INFO - Filling up the DagBag from /usr/local/lib/python3.10/dist-packages/airflow/example_dags/example_short_circuit_operator.py
[2024-05-04T12:22:28.398+0530] {processor.py:840} INFO - DAG(s) 'example_short_circuit_operator' retrieved from /usr/local/lib/python3.10/dist-packages/airflow/example_dags/example_short_circuit_operator.py
[2024-05-04T12:22:28.405+0530] {logging_mixin.py:188} INFO - [2024-05-04T12:22:28.405+0530] {dag.py:3096} INFO - Sync 1 DAGs
[2024-05-04T12:22:28.412+0530] {logging_mixin.py:188} INFO - [2024-05-04T12:22:28.412+0530] {dag.py:3954} INFO - Setting next_dagrun for example_short_circuit_operator to 2024-05-03 00:00:00+00:00, run_after=2024-05-04 00:00:00+00:00
[2024-05-04T12:22:28.422+0530] {processor.py:183} INFO - Processing /usr/local/lib/python3.10/dist-packages/airflow/example_dags/example_short_circuit_operator.py took 0.037 seconds
[2024-05-04T12:23:19.563+0530] {processor.py:161} INFO - Started process (PID=11506) to work on /usr/local/lib/python3.10/dist-packages/airflow/example_dags/example_short_circuit_operator.py
[2024-05-04T12:23:19.564+0530] {processor.py:830} INFO - Processing file /usr/local/lib/python3.10/dist-packages/airflow/example_dags/example_short_circuit_operator.py for tasks to queue
[2024-05-04T12:23:19.566+0530] {logging_mixin.py:188} INFO - [2024-05-04T12:23:19.566+0530] {dagbag.py:540} INFO - Filling up the DagBag from /usr/local/lib/python3.10/dist-packages/airflow/example_dags/example_short_circuit_operator.py
[2024-05-04T12:23:19.571+0530] {processor.py:840} INFO - DAG(s) 'example_short_circuit_operator' retrieved from /usr/local/lib/python3.10/dist-packages/airflow/example_dags/example_short_circuit_operator.py
[2024-05-04T12:23:19.578+0530] {logging_mixin.py:188} INFO - [2024-05-04T12:23:19.578+0530] {dag.py:3096} INFO - Sync 1 DAGs
[2024-05-04T12:23:19.585+0530] {logging_mixin.py:188} INFO - [2024-05-04T12:23:19.585+0530] {dag.py:3954} INFO - Setting next_dagrun for example_short_circuit_operator to 2024-05-03 00:00:00+00:00, run_after=2024-05-04 00:00:00+00:00
[2024-05-04T12:23:19.595+0530] {processor.py:183} INFO - Processing /usr/local/lib/python3.10/dist-packages/airflow/example_dags/example_short_circuit_operator.py took 0.041 seconds
[2024-05-04T12:24:10.352+0530] {processor.py:161} INFO - Started process (PID=11635) to work on /usr/local/lib/python3.10/dist-packages/airflow/example_dags/example_short_circuit_operator.py
[2024-05-04T12:24:10.352+0530] {processor.py:830} INFO - Processing file /usr/local/lib/python3.10/dist-packages/airflow/example_dags/example_short_circuit_operator.py for tasks to queue
[2024-05-04T12:24:10.354+0530] {logging_mixin.py:188} INFO - [2024-05-04T12:24:10.353+0530] {dagbag.py:540} INFO - Filling up the DagBag from /usr/local/lib/python3.10/dist-packages/airflow/example_dags/example_short_circuit_operator.py
[2024-05-04T12:24:10.360+0530] {processor.py:840} INFO - DAG(s) 'example_short_circuit_operator' retrieved from /usr/local/lib/python3.10/dist-packages/airflow/example_dags/example_short_circuit_operator.py
[2024-05-04T12:24:10.367+0530] {logging_mixin.py:188} INFO - [2024-05-04T12:24:10.367+0530] {dag.py:3096} INFO - Sync 1 DAGs
[2024-05-04T12:24:10.376+0530] {logging_mixin.py:188} INFO - [2024-05-04T12:24:10.376+0530] {dag.py:3954} INFO - Setting next_dagrun for example_short_circuit_operator to 2024-05-03 00:00:00+00:00, run_after=2024-05-04 00:00:00+00:00
[2024-05-04T12:24:10.387+0530] {processor.py:183} INFO - Processing /usr/local/lib/python3.10/dist-packages/airflow/example_dags/example_short_circuit_operator.py took 0.041 seconds
[2024-05-04T12:25:21.712+0530] {processor.py:161} INFO - Started process (PID=11945) to work on /usr/local/lib/python3.10/dist-packages/airflow/example_dags/example_short_circuit_operator.py
[2024-05-04T12:25:21.713+0530] {processor.py:830} INFO - Processing file /usr/local/lib/python3.10/dist-packages/airflow/example_dags/example_short_circuit_operator.py for tasks to queue
[2024-05-04T12:25:21.714+0530] {logging_mixin.py:188} INFO - [2024-05-04T12:25:21.714+0530] {dagbag.py:540} INFO - Filling up the DagBag from /usr/local/lib/python3.10/dist-packages/airflow/example_dags/example_short_circuit_operator.py
[2024-05-04T12:25:21.719+0530] {processor.py:840} INFO - DAG(s) 'example_short_circuit_operator' retrieved from /usr/local/lib/python3.10/dist-packages/airflow/example_dags/example_short_circuit_operator.py
[2024-05-04T12:25:21.726+0530] {logging_mixin.py:188} INFO - [2024-05-04T12:25:21.726+0530] {dag.py:3096} INFO - Sync 1 DAGs
[2024-05-04T12:25:21.734+0530] {logging_mixin.py:188} INFO - [2024-05-04T12:25:21.734+0530] {dag.py:3954} INFO - Setting next_dagrun for example_short_circuit_operator to 2024-05-03 00:00:00+00:00, run_after=2024-05-04 00:00:00+00:00
[2024-05-04T12:25:21.744+0530] {processor.py:183} INFO - Processing /usr/local/lib/python3.10/dist-packages/airflow/example_dags/example_short_circuit_operator.py took 0.041 seconds
[2024-05-04T12:26:11.732+0530] {processor.py:161} INFO - Started process (PID=12073) to work on /usr/local/lib/python3.10/dist-packages/airflow/example_dags/example_short_circuit_operator.py
[2024-05-04T12:26:11.733+0530] {processor.py:830} INFO - Processing file /usr/local/lib/python3.10/dist-packages/airflow/example_dags/example_short_circuit_operator.py for tasks to queue
[2024-05-04T12:26:11.734+0530] {logging_mixin.py:188} INFO - [2024-05-04T12:26:11.734+0530] {dagbag.py:540} INFO - Filling up the DagBag from /usr/local/lib/python3.10/dist-packages/airflow/example_dags/example_short_circuit_operator.py
[2024-05-04T12:26:11.739+0530] {processor.py:840} INFO - DAG(s) 'example_short_circuit_operator' retrieved from /usr/local/lib/python3.10/dist-packages/airflow/example_dags/example_short_circuit_operator.py
[2024-05-04T12:26:11.746+0530] {logging_mixin.py:188} INFO - [2024-05-04T12:26:11.746+0530] {dag.py:3096} INFO - Sync 1 DAGs
[2024-05-04T12:26:11.753+0530] {logging_mixin.py:188} INFO - [2024-05-04T12:26:11.753+0530] {dag.py:3954} INFO - Setting next_dagrun for example_short_circuit_operator to 2024-05-03 00:00:00+00:00, run_after=2024-05-04 00:00:00+00:00
[2024-05-04T12:26:11.763+0530] {processor.py:183} INFO - Processing /usr/local/lib/python3.10/dist-packages/airflow/example_dags/example_short_circuit_operator.py took 0.039 seconds
[2024-05-04T12:27:03.503+0530] {processor.py:161} INFO - Started process (PID=12201) to work on /usr/local/lib/python3.10/dist-packages/airflow/example_dags/example_short_circuit_operator.py
[2024-05-04T12:27:03.504+0530] {processor.py:830} INFO - Processing file /usr/local/lib/python3.10/dist-packages/airflow/example_dags/example_short_circuit_operator.py for tasks to queue
[2024-05-04T12:27:03.505+0530] {logging_mixin.py:188} INFO - [2024-05-04T12:27:03.505+0530] {dagbag.py:540} INFO - Filling up the DagBag from /usr/local/lib/python3.10/dist-packages/airflow/example_dags/example_short_circuit_operator.py
[2024-05-04T12:27:03.508+0530] {processor.py:840} INFO - DAG(s) 'example_short_circuit_operator' retrieved from /usr/local/lib/python3.10/dist-packages/airflow/example_dags/example_short_circuit_operator.py
[2024-05-04T12:27:03.515+0530] {logging_mixin.py:188} INFO - [2024-05-04T12:27:03.515+0530] {dag.py:3096} INFO - Sync 1 DAGs
[2024-05-04T12:27:03.523+0530] {logging_mixin.py:188} INFO - [2024-05-04T12:27:03.523+0530] {dag.py:3954} INFO - Setting next_dagrun for example_short_circuit_operator to 2024-05-03 00:00:00+00:00, run_after=2024-05-04 00:00:00+00:00
[2024-05-04T12:27:03.533+0530] {processor.py:183} INFO - Processing /usr/local/lib/python3.10/dist-packages/airflow/example_dags/example_short_circuit_operator.py took 0.035 seconds
[2024-05-04T12:27:53.942+0530] {processor.py:161} INFO - Started process (PID=12324) to work on /usr/local/lib/python3.10/dist-packages/airflow/example_dags/example_short_circuit_operator.py
[2024-05-04T12:27:53.943+0530] {processor.py:830} INFO - Processing file /usr/local/lib/python3.10/dist-packages/airflow/example_dags/example_short_circuit_operator.py for tasks to queue
[2024-05-04T12:27:53.945+0530] {logging_mixin.py:188} INFO - [2024-05-04T12:27:53.944+0530] {dagbag.py:540} INFO - Filling up the DagBag from /usr/local/lib/python3.10/dist-packages/airflow/example_dags/example_short_circuit_operator.py
[2024-05-04T12:27:53.949+0530] {processor.py:840} INFO - DAG(s) 'example_short_circuit_operator' retrieved from /usr/local/lib/python3.10/dist-packages/airflow/example_dags/example_short_circuit_operator.py
[2024-05-04T12:27:53.959+0530] {logging_mixin.py:188} INFO - [2024-05-04T12:27:53.959+0530] {dag.py:3096} INFO - Sync 1 DAGs
[2024-05-04T12:27:53.968+0530] {logging_mixin.py:188} INFO - [2024-05-04T12:27:53.968+0530] {dag.py:3954} INFO - Setting next_dagrun for example_short_circuit_operator to 2024-05-03 00:00:00+00:00, run_after=2024-05-04 00:00:00+00:00
[2024-05-04T12:27:53.978+0530] {processor.py:183} INFO - Processing /usr/local/lib/python3.10/dist-packages/airflow/example_dags/example_short_circuit_operator.py took 0.046 seconds
[2024-05-04T12:28:43.769+0530] {processor.py:161} INFO - Started process (PID=12446) to work on /usr/local/lib/python3.10/dist-packages/airflow/example_dags/example_short_circuit_operator.py
[2024-05-04T12:28:43.769+0530] {processor.py:830} INFO - Processing file /usr/local/lib/python3.10/dist-packages/airflow/example_dags/example_short_circuit_operator.py for tasks to queue
[2024-05-04T12:28:43.770+0530] {logging_mixin.py:188} INFO - [2024-05-04T12:28:43.770+0530] {dagbag.py:540} INFO - Filling up the DagBag from /usr/local/lib/python3.10/dist-packages/airflow/example_dags/example_short_circuit_operator.py
[2024-05-04T12:28:43.773+0530] {processor.py:840} INFO - DAG(s) 'example_short_circuit_operator' retrieved from /usr/local/lib/python3.10/dist-packages/airflow/example_dags/example_short_circuit_operator.py
[2024-05-04T12:28:43.779+0530] {logging_mixin.py:188} INFO - [2024-05-04T12:28:43.779+0530] {dag.py:3096} INFO - Sync 1 DAGs
[2024-05-04T12:28:43.787+0530] {logging_mixin.py:188} INFO - [2024-05-04T12:28:43.787+0530] {dag.py:3954} INFO - Setting next_dagrun for example_short_circuit_operator to 2024-05-03 00:00:00+00:00, run_after=2024-05-04 00:00:00+00:00
[2024-05-04T12:28:43.797+0530] {processor.py:183} INFO - Processing /usr/local/lib/python3.10/dist-packages/airflow/example_dags/example_short_circuit_operator.py took 0.032 seconds
[2024-05-04T12:29:34.092+0530] {processor.py:161} INFO - Started process (PID=12571) to work on /usr/local/lib/python3.10/dist-packages/airflow/example_dags/example_short_circuit_operator.py
[2024-05-04T12:29:34.093+0530] {processor.py:830} INFO - Processing file /usr/local/lib/python3.10/dist-packages/airflow/example_dags/example_short_circuit_operator.py for tasks to queue
[2024-05-04T12:29:34.095+0530] {logging_mixin.py:188} INFO - [2024-05-04T12:29:34.094+0530] {dagbag.py:540} INFO - Filling up the DagBag from /usr/local/lib/python3.10/dist-packages/airflow/example_dags/example_short_circuit_operator.py
[2024-05-04T12:29:34.102+0530] {processor.py:840} INFO - DAG(s) 'example_short_circuit_operator' retrieved from /usr/local/lib/python3.10/dist-packages/airflow/example_dags/example_short_circuit_operator.py
[2024-05-04T12:29:34.115+0530] {logging_mixin.py:188} INFO - [2024-05-04T12:29:34.115+0530] {dag.py:3096} INFO - Sync 1 DAGs
[2024-05-04T12:29:34.122+0530] {logging_mixin.py:188} INFO - [2024-05-04T12:29:34.122+0530] {dag.py:3954} INFO - Setting next_dagrun for example_short_circuit_operator to 2024-05-03 00:00:00+00:00, run_after=2024-05-04 00:00:00+00:00
[2024-05-04T12:29:34.132+0530] {processor.py:183} INFO - Processing /usr/local/lib/python3.10/dist-packages/airflow/example_dags/example_short_circuit_operator.py took 0.045 seconds
[2024-05-04T12:30:46.188+0530] {processor.py:161} INFO - Started process (PID=12800) to work on /usr/local/lib/python3.10/dist-packages/airflow/example_dags/example_short_circuit_operator.py
[2024-05-04T12:30:46.190+0530] {processor.py:830} INFO - Processing file /usr/local/lib/python3.10/dist-packages/airflow/example_dags/example_short_circuit_operator.py for tasks to queue
[2024-05-04T12:30:46.192+0530] {logging_mixin.py:188} INFO - [2024-05-04T12:30:46.191+0530] {dagbag.py:540} INFO - Filling up the DagBag from /usr/local/lib/python3.10/dist-packages/airflow/example_dags/example_short_circuit_operator.py
[2024-05-04T12:30:46.197+0530] {processor.py:840} INFO - DAG(s) 'example_short_circuit_operator' retrieved from /usr/local/lib/python3.10/dist-packages/airflow/example_dags/example_short_circuit_operator.py
[2024-05-04T12:30:46.205+0530] {logging_mixin.py:188} INFO - [2024-05-04T12:30:46.205+0530] {dag.py:3096} INFO - Sync 1 DAGs
[2024-05-04T12:30:46.212+0530] {logging_mixin.py:188} INFO - [2024-05-04T12:30:46.212+0530] {dag.py:3954} INFO - Setting next_dagrun for example_short_circuit_operator to 2024-05-03 00:00:00+00:00, run_after=2024-05-04 00:00:00+00:00
[2024-05-04T12:30:46.222+0530] {processor.py:183} INFO - Processing /usr/local/lib/python3.10/dist-packages/airflow/example_dags/example_short_circuit_operator.py took 0.038 seconds
[2024-05-04T12:31:38.947+0530] {processor.py:161} INFO - Started process (PID=12923) to work on /usr/local/lib/python3.10/dist-packages/airflow/example_dags/example_short_circuit_operator.py
[2024-05-04T12:31:38.948+0530] {processor.py:830} INFO - Processing file /usr/local/lib/python3.10/dist-packages/airflow/example_dags/example_short_circuit_operator.py for tasks to queue
[2024-05-04T12:31:38.950+0530] {logging_mixin.py:188} INFO - [2024-05-04T12:31:38.950+0530] {dagbag.py:540} INFO - Filling up the DagBag from /usr/local/lib/python3.10/dist-packages/airflow/example_dags/example_short_circuit_operator.py
[2024-05-04T12:31:38.955+0530] {processor.py:840} INFO - DAG(s) 'example_short_circuit_operator' retrieved from /usr/local/lib/python3.10/dist-packages/airflow/example_dags/example_short_circuit_operator.py
[2024-05-04T12:31:38.962+0530] {logging_mixin.py:188} INFO - [2024-05-04T12:31:38.962+0530] {dag.py:3096} INFO - Sync 1 DAGs
[2024-05-04T12:31:38.969+0530] {logging_mixin.py:188} INFO - [2024-05-04T12:31:38.969+0530] {dag.py:3954} INFO - Setting next_dagrun for example_short_circuit_operator to 2024-05-03 00:00:00+00:00, run_after=2024-05-04 00:00:00+00:00
[2024-05-04T12:31:38.979+0530] {processor.py:183} INFO - Processing /usr/local/lib/python3.10/dist-packages/airflow/example_dags/example_short_circuit_operator.py took 0.039 seconds
[2024-05-04T12:32:29.206+0530] {processor.py:161} INFO - Started process (PID=13052) to work on /usr/local/lib/python3.10/dist-packages/airflow/example_dags/example_short_circuit_operator.py
[2024-05-04T12:32:29.206+0530] {processor.py:830} INFO - Processing file /usr/local/lib/python3.10/dist-packages/airflow/example_dags/example_short_circuit_operator.py for tasks to queue
[2024-05-04T12:32:29.207+0530] {logging_mixin.py:188} INFO - [2024-05-04T12:32:29.207+0530] {dagbag.py:540} INFO - Filling up the DagBag from /usr/local/lib/python3.10/dist-packages/airflow/example_dags/example_short_circuit_operator.py
[2024-05-04T12:32:29.210+0530] {processor.py:840} INFO - DAG(s) 'example_short_circuit_operator' retrieved from /usr/local/lib/python3.10/dist-packages/airflow/example_dags/example_short_circuit_operator.py
[2024-05-04T12:32:29.223+0530] {logging_mixin.py:188} INFO - [2024-05-04T12:32:29.223+0530] {dag.py:3096} INFO - Sync 1 DAGs
[2024-05-04T12:32:29.231+0530] {logging_mixin.py:188} INFO - [2024-05-04T12:32:29.230+0530] {dag.py:3954} INFO - Setting next_dagrun for example_short_circuit_operator to 2024-05-03 00:00:00+00:00, run_after=2024-05-04 00:00:00+00:00
[2024-05-04T12:32:29.240+0530] {processor.py:183} INFO - Processing /usr/local/lib/python3.10/dist-packages/airflow/example_dags/example_short_circuit_operator.py took 0.039 seconds
[2024-05-04T12:33:19.889+0530] {processor.py:161} INFO - Started process (PID=13221) to work on /usr/local/lib/python3.10/dist-packages/airflow/example_dags/example_short_circuit_operator.py
[2024-05-04T12:33:19.890+0530] {processor.py:830} INFO - Processing file /usr/local/lib/python3.10/dist-packages/airflow/example_dags/example_short_circuit_operator.py for tasks to queue
[2024-05-04T12:33:19.891+0530] {logging_mixin.py:188} INFO - [2024-05-04T12:33:19.890+0530] {dagbag.py:540} INFO - Filling up the DagBag from /usr/local/lib/python3.10/dist-packages/airflow/example_dags/example_short_circuit_operator.py
[2024-05-04T12:33:19.897+0530] {processor.py:840} INFO - DAG(s) 'example_short_circuit_operator' retrieved from /usr/local/lib/python3.10/dist-packages/airflow/example_dags/example_short_circuit_operator.py
[2024-05-04T12:33:19.905+0530] {logging_mixin.py:188} INFO - [2024-05-04T12:33:19.905+0530] {dag.py:3096} INFO - Sync 1 DAGs
[2024-05-04T12:33:19.913+0530] {logging_mixin.py:188} INFO - [2024-05-04T12:33:19.912+0530] {dag.py:3954} INFO - Setting next_dagrun for example_short_circuit_operator to 2024-05-03 00:00:00+00:00, run_after=2024-05-04 00:00:00+00:00
[2024-05-04T12:33:19.924+0530] {processor.py:183} INFO - Processing /usr/local/lib/python3.10/dist-packages/airflow/example_dags/example_short_circuit_operator.py took 0.041 seconds
[2024-05-04T12:34:13.730+0530] {processor.py:161} INFO - Started process (PID=13371) to work on /usr/local/lib/python3.10/dist-packages/airflow/example_dags/example_short_circuit_operator.py
[2024-05-04T12:34:13.731+0530] {processor.py:830} INFO - Processing file /usr/local/lib/python3.10/dist-packages/airflow/example_dags/example_short_circuit_operator.py for tasks to queue
[2024-05-04T12:34:13.731+0530] {logging_mixin.py:188} INFO - [2024-05-04T12:34:13.731+0530] {dagbag.py:540} INFO - Filling up the DagBag from /usr/local/lib/python3.10/dist-packages/airflow/example_dags/example_short_circuit_operator.py
[2024-05-04T12:34:13.734+0530] {processor.py:840} INFO - DAG(s) 'example_short_circuit_operator' retrieved from /usr/local/lib/python3.10/dist-packages/airflow/example_dags/example_short_circuit_operator.py
[2024-05-04T12:34:13.741+0530] {logging_mixin.py:188} INFO - [2024-05-04T12:34:13.741+0530] {dag.py:3096} INFO - Sync 1 DAGs
[2024-05-04T12:34:13.749+0530] {logging_mixin.py:188} INFO - [2024-05-04T12:34:13.749+0530] {dag.py:3954} INFO - Setting next_dagrun for example_short_circuit_operator to 2024-05-03 00:00:00+00:00, run_after=2024-05-04 00:00:00+00:00
[2024-05-04T12:34:13.759+0530] {processor.py:183} INFO - Processing /usr/local/lib/python3.10/dist-packages/airflow/example_dags/example_short_circuit_operator.py took 0.035 seconds
[2024-05-04T12:35:06.520+0530] {processor.py:161} INFO - Started process (PID=13562) to work on /usr/local/lib/python3.10/dist-packages/airflow/example_dags/example_short_circuit_operator.py
[2024-05-04T12:35:06.521+0530] {processor.py:830} INFO - Processing file /usr/local/lib/python3.10/dist-packages/airflow/example_dags/example_short_circuit_operator.py for tasks to queue
[2024-05-04T12:35:06.522+0530] {logging_mixin.py:188} INFO - [2024-05-04T12:35:06.522+0530] {dagbag.py:540} INFO - Filling up the DagBag from /usr/local/lib/python3.10/dist-packages/airflow/example_dags/example_short_circuit_operator.py
[2024-05-04T12:35:06.526+0530] {processor.py:840} INFO - DAG(s) 'example_short_circuit_operator' retrieved from /usr/local/lib/python3.10/dist-packages/airflow/example_dags/example_short_circuit_operator.py
[2024-05-04T12:35:06.533+0530] {logging_mixin.py:188} INFO - [2024-05-04T12:35:06.533+0530] {dag.py:3096} INFO - Sync 1 DAGs
[2024-05-04T12:35:06.540+0530] {logging_mixin.py:188} INFO - [2024-05-04T12:35:06.540+0530] {dag.py:3954} INFO - Setting next_dagrun for example_short_circuit_operator to 2024-05-03 00:00:00+00:00, run_after=2024-05-04 00:00:00+00:00
[2024-05-04T12:35:06.550+0530] {processor.py:183} INFO - Processing /usr/local/lib/python3.10/dist-packages/airflow/example_dags/example_short_circuit_operator.py took 0.037 seconds
[2024-05-04T12:35:56.147+0530] {processor.py:161} INFO - Started process (PID=13681) to work on /usr/local/lib/python3.10/dist-packages/airflow/example_dags/example_short_circuit_operator.py
[2024-05-04T12:35:56.148+0530] {processor.py:830} INFO - Processing file /usr/local/lib/python3.10/dist-packages/airflow/example_dags/example_short_circuit_operator.py for tasks to queue
[2024-05-04T12:35:56.148+0530] {logging_mixin.py:188} INFO - [2024-05-04T12:35:56.148+0530] {dagbag.py:540} INFO - Filling up the DagBag from /usr/local/lib/python3.10/dist-packages/airflow/example_dags/example_short_circuit_operator.py
[2024-05-04T12:35:56.152+0530] {processor.py:840} INFO - DAG(s) 'example_short_circuit_operator' retrieved from /usr/local/lib/python3.10/dist-packages/airflow/example_dags/example_short_circuit_operator.py
[2024-05-04T12:35:56.159+0530] {logging_mixin.py:188} INFO - [2024-05-04T12:35:56.158+0530] {dag.py:3096} INFO - Sync 1 DAGs
[2024-05-04T12:35:56.166+0530] {logging_mixin.py:188} INFO - [2024-05-04T12:35:56.166+0530] {dag.py:3954} INFO - Setting next_dagrun for example_short_circuit_operator to 2024-05-03 00:00:00+00:00, run_after=2024-05-04 00:00:00+00:00
[2024-05-04T12:35:56.176+0530] {processor.py:183} INFO - Processing /usr/local/lib/python3.10/dist-packages/airflow/example_dags/example_short_circuit_operator.py took 0.033 seconds
[2024-05-04T12:36:45.585+0530] {processor.py:161} INFO - Started process (PID=13799) to work on /usr/local/lib/python3.10/dist-packages/airflow/example_dags/example_short_circuit_operator.py
[2024-05-04T12:36:45.586+0530] {processor.py:830} INFO - Processing file /usr/local/lib/python3.10/dist-packages/airflow/example_dags/example_short_circuit_operator.py for tasks to queue
[2024-05-04T12:36:45.587+0530] {logging_mixin.py:188} INFO - [2024-05-04T12:36:45.587+0530] {dagbag.py:540} INFO - Filling up the DagBag from /usr/local/lib/python3.10/dist-packages/airflow/example_dags/example_short_circuit_operator.py
[2024-05-04T12:36:45.590+0530] {processor.py:840} INFO - DAG(s) 'example_short_circuit_operator' retrieved from /usr/local/lib/python3.10/dist-packages/airflow/example_dags/example_short_circuit_operator.py
[2024-05-04T12:36:45.597+0530] {logging_mixin.py:188} INFO - [2024-05-04T12:36:45.597+0530] {dag.py:3096} INFO - Sync 1 DAGs
[2024-05-04T12:36:45.604+0530] {logging_mixin.py:188} INFO - [2024-05-04T12:36:45.604+0530] {dag.py:3954} INFO - Setting next_dagrun for example_short_circuit_operator to 2024-05-03 00:00:00+00:00, run_after=2024-05-04 00:00:00+00:00
[2024-05-04T12:36:45.615+0530] {processor.py:183} INFO - Processing /usr/local/lib/python3.10/dist-packages/airflow/example_dags/example_short_circuit_operator.py took 0.035 seconds
[2024-05-04T12:37:36.967+0530] {processor.py:161} INFO - Started process (PID=13924) to work on /usr/local/lib/python3.10/dist-packages/airflow/example_dags/example_short_circuit_operator.py
[2024-05-04T12:37:36.968+0530] {processor.py:830} INFO - Processing file /usr/local/lib/python3.10/dist-packages/airflow/example_dags/example_short_circuit_operator.py for tasks to queue
[2024-05-04T12:37:36.969+0530] {logging_mixin.py:188} INFO - [2024-05-04T12:37:36.969+0530] {dagbag.py:540} INFO - Filling up the DagBag from /usr/local/lib/python3.10/dist-packages/airflow/example_dags/example_short_circuit_operator.py
[2024-05-04T12:37:36.972+0530] {processor.py:840} INFO - DAG(s) 'example_short_circuit_operator' retrieved from /usr/local/lib/python3.10/dist-packages/airflow/example_dags/example_short_circuit_operator.py
[2024-05-04T12:37:36.980+0530] {logging_mixin.py:188} INFO - [2024-05-04T12:37:36.979+0530] {dag.py:3096} INFO - Sync 1 DAGs
[2024-05-04T12:37:36.987+0530] {logging_mixin.py:188} INFO - [2024-05-04T12:37:36.987+0530] {dag.py:3954} INFO - Setting next_dagrun for example_short_circuit_operator to 2024-05-03 00:00:00+00:00, run_after=2024-05-04 00:00:00+00:00
[2024-05-04T12:37:36.997+0530] {processor.py:183} INFO - Processing /usr/local/lib/python3.10/dist-packages/airflow/example_dags/example_short_circuit_operator.py took 0.035 seconds
[2024-05-04T12:38:29.817+0530] {processor.py:161} INFO - Started process (PID=14055) to work on /usr/local/lib/python3.10/dist-packages/airflow/example_dags/example_short_circuit_operator.py
[2024-05-04T12:38:29.817+0530] {processor.py:830} INFO - Processing file /usr/local/lib/python3.10/dist-packages/airflow/example_dags/example_short_circuit_operator.py for tasks to queue
[2024-05-04T12:38:29.818+0530] {logging_mixin.py:188} INFO - [2024-05-04T12:38:29.818+0530] {dagbag.py:540} INFO - Filling up the DagBag from /usr/local/lib/python3.10/dist-packages/airflow/example_dags/example_short_circuit_operator.py
[2024-05-04T12:38:29.821+0530] {processor.py:840} INFO - DAG(s) 'example_short_circuit_operator' retrieved from /usr/local/lib/python3.10/dist-packages/airflow/example_dags/example_short_circuit_operator.py
[2024-05-04T12:38:29.828+0530] {logging_mixin.py:188} INFO - [2024-05-04T12:38:29.828+0530] {dag.py:3096} INFO - Sync 1 DAGs
[2024-05-04T12:38:29.836+0530] {logging_mixin.py:188} INFO - [2024-05-04T12:38:29.836+0530] {dag.py:3954} INFO - Setting next_dagrun for example_short_circuit_operator to 2024-05-03 00:00:00+00:00, run_after=2024-05-04 00:00:00+00:00
[2024-05-04T12:38:29.846+0530] {processor.py:183} INFO - Processing /usr/local/lib/python3.10/dist-packages/airflow/example_dags/example_short_circuit_operator.py took 0.033 seconds
[2024-05-04T12:39:24.171+0530] {processor.py:161} INFO - Started process (PID=14321) to work on /usr/local/lib/python3.10/dist-packages/airflow/example_dags/example_short_circuit_operator.py
[2024-05-04T12:39:24.172+0530] {processor.py:830} INFO - Processing file /usr/local/lib/python3.10/dist-packages/airflow/example_dags/example_short_circuit_operator.py for tasks to queue
[2024-05-04T12:39:24.172+0530] {logging_mixin.py:188} INFO - [2024-05-04T12:39:24.172+0530] {dagbag.py:540} INFO - Filling up the DagBag from /usr/local/lib/python3.10/dist-packages/airflow/example_dags/example_short_circuit_operator.py
[2024-05-04T12:39:24.175+0530] {processor.py:840} INFO - DAG(s) 'example_short_circuit_operator' retrieved from /usr/local/lib/python3.10/dist-packages/airflow/example_dags/example_short_circuit_operator.py
[2024-05-04T12:39:24.182+0530] {logging_mixin.py:188} INFO - [2024-05-04T12:39:24.182+0530] {dag.py:3096} INFO - Sync 1 DAGs
[2024-05-04T12:39:24.190+0530] {logging_mixin.py:188} INFO - [2024-05-04T12:39:24.190+0530] {dag.py:3954} INFO - Setting next_dagrun for example_short_circuit_operator to 2024-05-03 00:00:00+00:00, run_after=2024-05-04 00:00:00+00:00
[2024-05-04T12:39:24.200+0530] {processor.py:183} INFO - Processing /usr/local/lib/python3.10/dist-packages/airflow/example_dags/example_short_circuit_operator.py took 0.036 seconds
[2024-05-04T12:40:15.181+0530] {processor.py:161} INFO - Started process (PID=14527) to work on /usr/local/lib/python3.10/dist-packages/airflow/example_dags/example_short_circuit_operator.py
[2024-05-04T12:40:15.181+0530] {processor.py:830} INFO - Processing file /usr/local/lib/python3.10/dist-packages/airflow/example_dags/example_short_circuit_operator.py for tasks to queue
[2024-05-04T12:40:15.182+0530] {logging_mixin.py:188} INFO - [2024-05-04T12:40:15.182+0530] {dagbag.py:540} INFO - Filling up the DagBag from /usr/local/lib/python3.10/dist-packages/airflow/example_dags/example_short_circuit_operator.py
[2024-05-04T12:40:15.186+0530] {processor.py:840} INFO - DAG(s) 'example_short_circuit_operator' retrieved from /usr/local/lib/python3.10/dist-packages/airflow/example_dags/example_short_circuit_operator.py
[2024-05-04T12:40:15.193+0530] {logging_mixin.py:188} INFO - [2024-05-04T12:40:15.192+0530] {dag.py:3096} INFO - Sync 1 DAGs
[2024-05-04T12:40:15.200+0530] {logging_mixin.py:188} INFO - [2024-05-04T12:40:15.200+0530] {dag.py:3954} INFO - Setting next_dagrun for example_short_circuit_operator to 2024-05-03 00:00:00+00:00, run_after=2024-05-04 00:00:00+00:00
[2024-05-04T12:40:15.210+0530] {processor.py:183} INFO - Processing /usr/local/lib/python3.10/dist-packages/airflow/example_dags/example_short_circuit_operator.py took 0.032 seconds
[2024-05-04T12:41:05.901+0530] {processor.py:161} INFO - Started process (PID=14704) to work on /usr/local/lib/python3.10/dist-packages/airflow/example_dags/example_short_circuit_operator.py
[2024-05-04T12:41:05.901+0530] {processor.py:830} INFO - Processing file /usr/local/lib/python3.10/dist-packages/airflow/example_dags/example_short_circuit_operator.py for tasks to queue
[2024-05-04T12:41:05.902+0530] {logging_mixin.py:188} INFO - [2024-05-04T12:41:05.902+0530] {dagbag.py:540} INFO - Filling up the DagBag from /usr/local/lib/python3.10/dist-packages/airflow/example_dags/example_short_circuit_operator.py
[2024-05-04T12:41:05.909+0530] {processor.py:840} INFO - DAG(s) 'example_short_circuit_operator' retrieved from /usr/local/lib/python3.10/dist-packages/airflow/example_dags/example_short_circuit_operator.py
[2024-05-04T12:41:05.917+0530] {logging_mixin.py:188} INFO - [2024-05-04T12:41:05.917+0530] {dag.py:3096} INFO - Sync 1 DAGs
[2024-05-04T12:41:05.924+0530] {logging_mixin.py:188} INFO - [2024-05-04T12:41:05.924+0530] {dag.py:3954} INFO - Setting next_dagrun for example_short_circuit_operator to 2024-05-03 00:00:00+00:00, run_after=2024-05-04 00:00:00+00:00
[2024-05-04T12:41:05.934+0530] {processor.py:183} INFO - Processing /usr/local/lib/python3.10/dist-packages/airflow/example_dags/example_short_circuit_operator.py took 0.039 seconds
[2024-05-04T12:41:56.613+0530] {processor.py:161} INFO - Started process (PID=14867) to work on /usr/local/lib/python3.10/dist-packages/airflow/example_dags/example_short_circuit_operator.py
[2024-05-04T12:41:56.614+0530] {processor.py:830} INFO - Processing file /usr/local/lib/python3.10/dist-packages/airflow/example_dags/example_short_circuit_operator.py for tasks to queue
[2024-05-04T12:41:56.615+0530] {logging_mixin.py:188} INFO - [2024-05-04T12:41:56.615+0530] {dagbag.py:540} INFO - Filling up the DagBag from /usr/local/lib/python3.10/dist-packages/airflow/example_dags/example_short_circuit_operator.py
[2024-05-04T12:41:56.618+0530] {processor.py:840} INFO - DAG(s) 'example_short_circuit_operator' retrieved from /usr/local/lib/python3.10/dist-packages/airflow/example_dags/example_short_circuit_operator.py
[2024-05-04T12:41:56.625+0530] {logging_mixin.py:188} INFO - [2024-05-04T12:41:56.625+0530] {dag.py:3096} INFO - Sync 1 DAGs
[2024-05-04T12:41:56.633+0530] {logging_mixin.py:188} INFO - [2024-05-04T12:41:56.633+0530] {dag.py:3954} INFO - Setting next_dagrun for example_short_circuit_operator to 2024-05-03 00:00:00+00:00, run_after=2024-05-04 00:00:00+00:00
[2024-05-04T12:41:56.643+0530] {processor.py:183} INFO - Processing /usr/local/lib/python3.10/dist-packages/airflow/example_dags/example_short_circuit_operator.py took 0.036 seconds
[2024-05-04T12:42:44.953+0530] {processor.py:161} INFO - Started process (PID=15030) to work on /usr/local/lib/python3.10/dist-packages/airflow/example_dags/example_short_circuit_operator.py
[2024-05-04T12:42:44.954+0530] {processor.py:830} INFO - Processing file /usr/local/lib/python3.10/dist-packages/airflow/example_dags/example_short_circuit_operator.py for tasks to queue
[2024-05-04T12:42:44.955+0530] {logging_mixin.py:188} INFO - [2024-05-04T12:42:44.954+0530] {dagbag.py:540} INFO - Filling up the DagBag from /usr/local/lib/python3.10/dist-packages/airflow/example_dags/example_short_circuit_operator.py
[2024-05-04T12:42:44.958+0530] {processor.py:840} INFO - DAG(s) 'example_short_circuit_operator' retrieved from /usr/local/lib/python3.10/dist-packages/airflow/example_dags/example_short_circuit_operator.py
[2024-05-04T12:42:44.965+0530] {logging_mixin.py:188} INFO - [2024-05-04T12:42:44.965+0530] {dag.py:3096} INFO - Sync 1 DAGs
[2024-05-04T12:42:44.972+0530] {logging_mixin.py:188} INFO - [2024-05-04T12:42:44.972+0530] {dag.py:3954} INFO - Setting next_dagrun for example_short_circuit_operator to 2024-05-03 00:00:00+00:00, run_after=2024-05-04 00:00:00+00:00
[2024-05-04T12:42:44.981+0530] {processor.py:183} INFO - Processing /usr/local/lib/python3.10/dist-packages/airflow/example_dags/example_short_circuit_operator.py took 0.033 seconds
[2024-05-04T12:43:37.927+0530] {processor.py:161} INFO - Started process (PID=15205) to work on /usr/local/lib/python3.10/dist-packages/airflow/example_dags/example_short_circuit_operator.py
[2024-05-04T12:43:37.927+0530] {processor.py:830} INFO - Processing file /usr/local/lib/python3.10/dist-packages/airflow/example_dags/example_short_circuit_operator.py for tasks to queue
[2024-05-04T12:43:37.928+0530] {logging_mixin.py:188} INFO - [2024-05-04T12:43:37.928+0530] {dagbag.py:540} INFO - Filling up the DagBag from /usr/local/lib/python3.10/dist-packages/airflow/example_dags/example_short_circuit_operator.py
[2024-05-04T12:43:37.931+0530] {processor.py:840} INFO - DAG(s) 'example_short_circuit_operator' retrieved from /usr/local/lib/python3.10/dist-packages/airflow/example_dags/example_short_circuit_operator.py
[2024-05-04T12:43:37.938+0530] {logging_mixin.py:188} INFO - [2024-05-04T12:43:37.938+0530] {dag.py:3096} INFO - Sync 1 DAGs
[2024-05-04T12:43:37.946+0530] {logging_mixin.py:188} INFO - [2024-05-04T12:43:37.946+0530] {dag.py:3954} INFO - Setting next_dagrun for example_short_circuit_operator to 2024-05-03 00:00:00+00:00, run_after=2024-05-04 00:00:00+00:00
[2024-05-04T12:43:37.957+0530] {processor.py:183} INFO - Processing /usr/local/lib/python3.10/dist-packages/airflow/example_dags/example_short_circuit_operator.py took 0.035 seconds
[2024-05-04T12:44:29.729+0530] {processor.py:161} INFO - Started process (PID=15381) to work on /usr/local/lib/python3.10/dist-packages/airflow/example_dags/example_short_circuit_operator.py
[2024-05-04T12:44:29.730+0530] {processor.py:830} INFO - Processing file /usr/local/lib/python3.10/dist-packages/airflow/example_dags/example_short_circuit_operator.py for tasks to queue
[2024-05-04T12:44:29.731+0530] {logging_mixin.py:188} INFO - [2024-05-04T12:44:29.731+0530] {dagbag.py:540} INFO - Filling up the DagBag from /usr/local/lib/python3.10/dist-packages/airflow/example_dags/example_short_circuit_operator.py
[2024-05-04T12:44:29.735+0530] {processor.py:840} INFO - DAG(s) 'example_short_circuit_operator' retrieved from /usr/local/lib/python3.10/dist-packages/airflow/example_dags/example_short_circuit_operator.py
[2024-05-04T12:44:29.742+0530] {logging_mixin.py:188} INFO - [2024-05-04T12:44:29.742+0530] {dag.py:3096} INFO - Sync 1 DAGs
[2024-05-04T12:44:29.749+0530] {logging_mixin.py:188} INFO - [2024-05-04T12:44:29.749+0530] {dag.py:3954} INFO - Setting next_dagrun for example_short_circuit_operator to 2024-05-03 00:00:00+00:00, run_after=2024-05-04 00:00:00+00:00
[2024-05-04T12:44:29.758+0530] {processor.py:183} INFO - Processing /usr/local/lib/python3.10/dist-packages/airflow/example_dags/example_short_circuit_operator.py took 0.036 seconds
[2024-05-04T12:45:19.222+0530] {processor.py:161} INFO - Started process (PID=15566) to work on /usr/local/lib/python3.10/dist-packages/airflow/example_dags/example_short_circuit_operator.py
[2024-05-04T12:45:19.222+0530] {processor.py:830} INFO - Processing file /usr/local/lib/python3.10/dist-packages/airflow/example_dags/example_short_circuit_operator.py for tasks to queue
[2024-05-04T12:45:19.223+0530] {logging_mixin.py:188} INFO - [2024-05-04T12:45:19.223+0530] {dagbag.py:540} INFO - Filling up the DagBag from /usr/local/lib/python3.10/dist-packages/airflow/example_dags/example_short_circuit_operator.py
[2024-05-04T12:45:19.227+0530] {processor.py:840} INFO - DAG(s) 'example_short_circuit_operator' retrieved from /usr/local/lib/python3.10/dist-packages/airflow/example_dags/example_short_circuit_operator.py
[2024-05-04T12:45:19.236+0530] {logging_mixin.py:188} INFO - [2024-05-04T12:45:19.236+0530] {dag.py:3096} INFO - Sync 1 DAGs
[2024-05-04T12:45:19.244+0530] {logging_mixin.py:188} INFO - [2024-05-04T12:45:19.244+0530] {dag.py:3954} INFO - Setting next_dagrun for example_short_circuit_operator to 2024-05-03 00:00:00+00:00, run_after=2024-05-04 00:00:00+00:00
[2024-05-04T12:45:19.254+0530] {processor.py:183} INFO - Processing /usr/local/lib/python3.10/dist-packages/airflow/example_dags/example_short_circuit_operator.py took 0.036 seconds
[2024-05-04T12:46:08.236+0530] {processor.py:161} INFO - Started process (PID=15793) to work on /usr/local/lib/python3.10/dist-packages/airflow/example_dags/example_short_circuit_operator.py
[2024-05-04T12:46:08.237+0530] {processor.py:830} INFO - Processing file /usr/local/lib/python3.10/dist-packages/airflow/example_dags/example_short_circuit_operator.py for tasks to queue
[2024-05-04T12:46:08.239+0530] {logging_mixin.py:188} INFO - [2024-05-04T12:46:08.239+0530] {dagbag.py:540} INFO - Filling up the DagBag from /usr/local/lib/python3.10/dist-packages/airflow/example_dags/example_short_circuit_operator.py
[2024-05-04T12:46:08.244+0530] {processor.py:840} INFO - DAG(s) 'example_short_circuit_operator' retrieved from /usr/local/lib/python3.10/dist-packages/airflow/example_dags/example_short_circuit_operator.py
[2024-05-04T12:46:08.251+0530] {logging_mixin.py:188} INFO - [2024-05-04T12:46:08.251+0530] {dag.py:3096} INFO - Sync 1 DAGs
[2024-05-04T12:46:08.258+0530] {logging_mixin.py:188} INFO - [2024-05-04T12:46:08.258+0530] {dag.py:3954} INFO - Setting next_dagrun for example_short_circuit_operator to 2024-05-03 00:00:00+00:00, run_after=2024-05-04 00:00:00+00:00
[2024-05-04T12:46:08.268+0530] {processor.py:183} INFO - Processing /usr/local/lib/python3.10/dist-packages/airflow/example_dags/example_short_circuit_operator.py took 0.040 seconds
[2024-05-04T12:47:00.096+0530] {processor.py:161} INFO - Started process (PID=15971) to work on /usr/local/lib/python3.10/dist-packages/airflow/example_dags/example_short_circuit_operator.py
[2024-05-04T12:47:00.097+0530] {processor.py:830} INFO - Processing file /usr/local/lib/python3.10/dist-packages/airflow/example_dags/example_short_circuit_operator.py for tasks to queue
[2024-05-04T12:47:00.098+0530] {logging_mixin.py:188} INFO - [2024-05-04T12:47:00.097+0530] {dagbag.py:540} INFO - Filling up the DagBag from /usr/local/lib/python3.10/dist-packages/airflow/example_dags/example_short_circuit_operator.py
[2024-05-04T12:47:00.101+0530] {processor.py:840} INFO - DAG(s) 'example_short_circuit_operator' retrieved from /usr/local/lib/python3.10/dist-packages/airflow/example_dags/example_short_circuit_operator.py
[2024-05-04T12:47:00.108+0530] {logging_mixin.py:188} INFO - [2024-05-04T12:47:00.108+0530] {dag.py:3096} INFO - Sync 1 DAGs
[2024-05-04T12:47:00.116+0530] {logging_mixin.py:188} INFO - [2024-05-04T12:47:00.116+0530] {dag.py:3954} INFO - Setting next_dagrun for example_short_circuit_operator to 2024-05-03 00:00:00+00:00, run_after=2024-05-04 00:00:00+00:00
[2024-05-04T12:47:00.125+0530] {processor.py:183} INFO - Processing /usr/local/lib/python3.10/dist-packages/airflow/example_dags/example_short_circuit_operator.py took 0.035 seconds
[2024-05-04T12:47:51.337+0530] {processor.py:161} INFO - Started process (PID=16169) to work on /usr/local/lib/python3.10/dist-packages/airflow/example_dags/example_short_circuit_operator.py
[2024-05-04T12:47:51.337+0530] {processor.py:830} INFO - Processing file /usr/local/lib/python3.10/dist-packages/airflow/example_dags/example_short_circuit_operator.py for tasks to queue
[2024-05-04T12:47:51.338+0530] {logging_mixin.py:188} INFO - [2024-05-04T12:47:51.338+0530] {dagbag.py:540} INFO - Filling up the DagBag from /usr/local/lib/python3.10/dist-packages/airflow/example_dags/example_short_circuit_operator.py
[2024-05-04T12:47:51.341+0530] {processor.py:840} INFO - DAG(s) 'example_short_circuit_operator' retrieved from /usr/local/lib/python3.10/dist-packages/airflow/example_dags/example_short_circuit_operator.py
[2024-05-04T12:47:51.353+0530] {logging_mixin.py:188} INFO - [2024-05-04T12:47:51.353+0530] {dag.py:3096} INFO - Sync 1 DAGs
[2024-05-04T12:47:51.360+0530] {logging_mixin.py:188} INFO - [2024-05-04T12:47:51.360+0530] {dag.py:3954} INFO - Setting next_dagrun for example_short_circuit_operator to 2024-05-03 00:00:00+00:00, run_after=2024-05-04 00:00:00+00:00
[2024-05-04T12:47:51.370+0530] {processor.py:183} INFO - Processing /usr/local/lib/python3.10/dist-packages/airflow/example_dags/example_short_circuit_operator.py took 0.039 seconds
[2024-05-04T12:48:42.021+0530] {processor.py:161} INFO - Started process (PID=16342) to work on /usr/local/lib/python3.10/dist-packages/airflow/example_dags/example_short_circuit_operator.py
[2024-05-04T12:48:42.021+0530] {processor.py:830} INFO - Processing file /usr/local/lib/python3.10/dist-packages/airflow/example_dags/example_short_circuit_operator.py for tasks to queue
[2024-05-04T12:48:42.022+0530] {logging_mixin.py:188} INFO - [2024-05-04T12:48:42.022+0530] {dagbag.py:540} INFO - Filling up the DagBag from /usr/local/lib/python3.10/dist-packages/airflow/example_dags/example_short_circuit_operator.py
[2024-05-04T12:48:42.025+0530] {processor.py:840} INFO - DAG(s) 'example_short_circuit_operator' retrieved from /usr/local/lib/python3.10/dist-packages/airflow/example_dags/example_short_circuit_operator.py
[2024-05-04T12:48:42.032+0530] {logging_mixin.py:188} INFO - [2024-05-04T12:48:42.032+0530] {dag.py:3096} INFO - Sync 1 DAGs
[2024-05-04T12:48:42.040+0530] {logging_mixin.py:188} INFO - [2024-05-04T12:48:42.040+0530] {dag.py:3954} INFO - Setting next_dagrun for example_short_circuit_operator to 2024-05-03 00:00:00+00:00, run_after=2024-05-04 00:00:00+00:00
[2024-05-04T12:48:42.050+0530] {processor.py:183} INFO - Processing /usr/local/lib/python3.10/dist-packages/airflow/example_dags/example_short_circuit_operator.py took 0.032 seconds
[2024-05-04T12:49:35.128+0530] {processor.py:161} INFO - Started process (PID=16513) to work on /usr/local/lib/python3.10/dist-packages/airflow/example_dags/example_short_circuit_operator.py
[2024-05-04T12:49:35.128+0530] {processor.py:830} INFO - Processing file /usr/local/lib/python3.10/dist-packages/airflow/example_dags/example_short_circuit_operator.py for tasks to queue
[2024-05-04T12:49:35.129+0530] {logging_mixin.py:188} INFO - [2024-05-04T12:49:35.129+0530] {dagbag.py:540} INFO - Filling up the DagBag from /usr/local/lib/python3.10/dist-packages/airflow/example_dags/example_short_circuit_operator.py
[2024-05-04T12:49:35.136+0530] {processor.py:840} INFO - DAG(s) 'example_short_circuit_operator' retrieved from /usr/local/lib/python3.10/dist-packages/airflow/example_dags/example_short_circuit_operator.py
[2024-05-04T12:49:35.146+0530] {logging_mixin.py:188} INFO - [2024-05-04T12:49:35.146+0530] {dag.py:3096} INFO - Sync 1 DAGs
[2024-05-04T12:49:35.153+0530] {logging_mixin.py:188} INFO - [2024-05-04T12:49:35.153+0530] {dag.py:3954} INFO - Setting next_dagrun for example_short_circuit_operator to 2024-05-03 00:00:00+00:00, run_after=2024-05-04 00:00:00+00:00
[2024-05-04T12:49:35.163+0530] {processor.py:183} INFO - Processing /usr/local/lib/python3.10/dist-packages/airflow/example_dags/example_short_circuit_operator.py took 0.040 seconds
[2024-05-04T12:50:28.766+0530] {processor.py:161} INFO - Started process (PID=16786) to work on /usr/local/lib/python3.10/dist-packages/airflow/example_dags/example_short_circuit_operator.py
[2024-05-04T12:50:28.767+0530] {processor.py:830} INFO - Processing file /usr/local/lib/python3.10/dist-packages/airflow/example_dags/example_short_circuit_operator.py for tasks to queue
[2024-05-04T12:50:28.768+0530] {logging_mixin.py:188} INFO - [2024-05-04T12:50:28.768+0530] {dagbag.py:540} INFO - Filling up the DagBag from /usr/local/lib/python3.10/dist-packages/airflow/example_dags/example_short_circuit_operator.py
[2024-05-04T12:50:28.772+0530] {processor.py:840} INFO - DAG(s) 'example_short_circuit_operator' retrieved from /usr/local/lib/python3.10/dist-packages/airflow/example_dags/example_short_circuit_operator.py
[2024-05-04T12:50:28.779+0530] {logging_mixin.py:188} INFO - [2024-05-04T12:50:28.779+0530] {dag.py:3096} INFO - Sync 1 DAGs
[2024-05-04T12:50:28.786+0530] {logging_mixin.py:188} INFO - [2024-05-04T12:50:28.786+0530] {dag.py:3954} INFO - Setting next_dagrun for example_short_circuit_operator to 2024-05-03 00:00:00+00:00, run_after=2024-05-04 00:00:00+00:00
[2024-05-04T12:50:28.796+0530] {processor.py:183} INFO - Processing /usr/local/lib/python3.10/dist-packages/airflow/example_dags/example_short_circuit_operator.py took 0.038 seconds
[2024-05-04T12:51:18.593+0530] {processor.py:161} INFO - Started process (PID=16917) to work on /usr/local/lib/python3.10/dist-packages/airflow/example_dags/example_short_circuit_operator.py
[2024-05-04T12:51:18.594+0530] {processor.py:830} INFO - Processing file /usr/local/lib/python3.10/dist-packages/airflow/example_dags/example_short_circuit_operator.py for tasks to queue
[2024-05-04T12:51:18.595+0530] {logging_mixin.py:188} INFO - [2024-05-04T12:51:18.594+0530] {dagbag.py:540} INFO - Filling up the DagBag from /usr/local/lib/python3.10/dist-packages/airflow/example_dags/example_short_circuit_operator.py
[2024-05-04T12:51:18.598+0530] {processor.py:840} INFO - DAG(s) 'example_short_circuit_operator' retrieved from /usr/local/lib/python3.10/dist-packages/airflow/example_dags/example_short_circuit_operator.py
[2024-05-04T12:51:18.605+0530] {logging_mixin.py:188} INFO - [2024-05-04T12:51:18.605+0530] {dag.py:3096} INFO - Sync 1 DAGs
[2024-05-04T12:51:18.613+0530] {logging_mixin.py:188} INFO - [2024-05-04T12:51:18.613+0530] {dag.py:3954} INFO - Setting next_dagrun for example_short_circuit_operator to 2024-05-03 00:00:00+00:00, run_after=2024-05-04 00:00:00+00:00
[2024-05-04T12:51:18.624+0530] {processor.py:183} INFO - Processing /usr/local/lib/python3.10/dist-packages/airflow/example_dags/example_short_circuit_operator.py took 0.036 seconds
[2024-05-04T12:52:08.858+0530] {processor.py:161} INFO - Started process (PID=17052) to work on /usr/local/lib/python3.10/dist-packages/airflow/example_dags/example_short_circuit_operator.py
[2024-05-04T12:52:08.858+0530] {processor.py:830} INFO - Processing file /usr/local/lib/python3.10/dist-packages/airflow/example_dags/example_short_circuit_operator.py for tasks to queue
[2024-05-04T12:52:08.859+0530] {logging_mixin.py:188} INFO - [2024-05-04T12:52:08.859+0530] {dagbag.py:540} INFO - Filling up the DagBag from /usr/local/lib/python3.10/dist-packages/airflow/example_dags/example_short_circuit_operator.py
[2024-05-04T12:52:08.862+0530] {processor.py:840} INFO - DAG(s) 'example_short_circuit_operator' retrieved from /usr/local/lib/python3.10/dist-packages/airflow/example_dags/example_short_circuit_operator.py
[2024-05-04T12:52:08.869+0530] {logging_mixin.py:188} INFO - [2024-05-04T12:52:08.869+0530] {dag.py:3096} INFO - Sync 1 DAGs
[2024-05-04T12:52:08.876+0530] {logging_mixin.py:188} INFO - [2024-05-04T12:52:08.876+0530] {dag.py:3954} INFO - Setting next_dagrun for example_short_circuit_operator to 2024-05-03 00:00:00+00:00, run_after=2024-05-04 00:00:00+00:00
[2024-05-04T12:52:08.886+0530] {processor.py:183} INFO - Processing /usr/local/lib/python3.10/dist-packages/airflow/example_dags/example_short_circuit_operator.py took 0.034 seconds
[2024-05-04T12:53:00.434+0530] {processor.py:161} INFO - Started process (PID=17191) to work on /usr/local/lib/python3.10/dist-packages/airflow/example_dags/example_short_circuit_operator.py
[2024-05-04T12:53:00.434+0530] {processor.py:830} INFO - Processing file /usr/local/lib/python3.10/dist-packages/airflow/example_dags/example_short_circuit_operator.py for tasks to queue
[2024-05-04T12:53:00.436+0530] {logging_mixin.py:188} INFO - [2024-05-04T12:53:00.435+0530] {dagbag.py:540} INFO - Filling up the DagBag from /usr/local/lib/python3.10/dist-packages/airflow/example_dags/example_short_circuit_operator.py
[2024-05-04T12:53:00.442+0530] {processor.py:840} INFO - DAG(s) 'example_short_circuit_operator' retrieved from /usr/local/lib/python3.10/dist-packages/airflow/example_dags/example_short_circuit_operator.py
[2024-05-04T12:53:00.450+0530] {logging_mixin.py:188} INFO - [2024-05-04T12:53:00.450+0530] {dag.py:3096} INFO - Sync 1 DAGs
[2024-05-04T12:53:00.457+0530] {logging_mixin.py:188} INFO - [2024-05-04T12:53:00.457+0530] {dag.py:3954} INFO - Setting next_dagrun for example_short_circuit_operator to 2024-05-03 00:00:00+00:00, run_after=2024-05-04 00:00:00+00:00
[2024-05-04T12:53:00.467+0530] {processor.py:183} INFO - Processing /usr/local/lib/python3.10/dist-packages/airflow/example_dags/example_short_circuit_operator.py took 0.039 seconds
[2024-05-04T12:53:50.872+0530] {processor.py:161} INFO - Started process (PID=17335) to work on /usr/local/lib/python3.10/dist-packages/airflow/example_dags/example_short_circuit_operator.py
[2024-05-04T12:53:50.873+0530] {processor.py:830} INFO - Processing file /usr/local/lib/python3.10/dist-packages/airflow/example_dags/example_short_circuit_operator.py for tasks to queue
[2024-05-04T12:53:50.874+0530] {logging_mixin.py:188} INFO - [2024-05-04T12:53:50.874+0530] {dagbag.py:540} INFO - Filling up the DagBag from /usr/local/lib/python3.10/dist-packages/airflow/example_dags/example_short_circuit_operator.py
[2024-05-04T12:53:50.877+0530] {processor.py:840} INFO - DAG(s) 'example_short_circuit_operator' retrieved from /usr/local/lib/python3.10/dist-packages/airflow/example_dags/example_short_circuit_operator.py
[2024-05-04T12:53:50.883+0530] {logging_mixin.py:188} INFO - [2024-05-04T12:53:50.883+0530] {dag.py:3096} INFO - Sync 1 DAGs
[2024-05-04T12:53:50.891+0530] {logging_mixin.py:188} INFO - [2024-05-04T12:53:50.890+0530] {dag.py:3954} INFO - Setting next_dagrun for example_short_circuit_operator to 2024-05-03 00:00:00+00:00, run_after=2024-05-04 00:00:00+00:00
[2024-05-04T12:53:50.901+0530] {processor.py:183} INFO - Processing /usr/local/lib/python3.10/dist-packages/airflow/example_dags/example_short_circuit_operator.py took 0.034 seconds
[2024-05-04T12:54:41.172+0530] {processor.py:161} INFO - Started process (PID=17465) to work on /usr/local/lib/python3.10/dist-packages/airflow/example_dags/example_short_circuit_operator.py
[2024-05-04T12:54:41.173+0530] {processor.py:830} INFO - Processing file /usr/local/lib/python3.10/dist-packages/airflow/example_dags/example_short_circuit_operator.py for tasks to queue
[2024-05-04T12:54:41.174+0530] {logging_mixin.py:188} INFO - [2024-05-04T12:54:41.174+0530] {dagbag.py:540} INFO - Filling up the DagBag from /usr/local/lib/python3.10/dist-packages/airflow/example_dags/example_short_circuit_operator.py
[2024-05-04T12:54:41.181+0530] {processor.py:840} INFO - DAG(s) 'example_short_circuit_operator' retrieved from /usr/local/lib/python3.10/dist-packages/airflow/example_dags/example_short_circuit_operator.py
[2024-05-04T12:54:41.188+0530] {logging_mixin.py:188} INFO - [2024-05-04T12:54:41.188+0530] {dag.py:3096} INFO - Sync 1 DAGs
[2024-05-04T12:54:41.196+0530] {logging_mixin.py:188} INFO - [2024-05-04T12:54:41.196+0530] {dag.py:3954} INFO - Setting next_dagrun for example_short_circuit_operator to 2024-05-03 00:00:00+00:00, run_after=2024-05-04 00:00:00+00:00
[2024-05-04T12:54:41.206+0530] {processor.py:183} INFO - Processing /usr/local/lib/python3.10/dist-packages/airflow/example_dags/example_short_circuit_operator.py took 0.039 seconds
