[2024-05-04T12:10:35.798+0530] {processor.py:161} INFO - Started process (PID=7508) to work on /usr/local/lib/python3.10/dist-packages/airflow/example_dags/example_branch_day_of_week_operator.py
[2024-05-04T12:10:35.799+0530] {processor.py:830} INFO - Processing file /usr/local/lib/python3.10/dist-packages/airflow/example_dags/example_branch_day_of_week_operator.py for tasks to queue
[2024-05-04T12:10:35.800+0530] {logging_mixin.py:188} INFO - [2024-05-04T12:10:35.799+0530] {dagbag.py:540} INFO - Filling up the DagBag from /usr/local/lib/python3.10/dist-packages/airflow/example_dags/example_branch_day_of_week_operator.py
[2024-05-04T12:10:35.804+0530] {processor.py:840} INFO - DAG(s) 'example_weekday_branch_operator' retrieved from /usr/local/lib/python3.10/dist-packages/airflow/example_dags/example_branch_day_of_week_operator.py
[2024-05-04T12:10:35.810+0530] {logging_mixin.py:188} INFO - [2024-05-04T12:10:35.810+0530] {dag.py:3096} INFO - Sync 1 DAGs
[2024-05-04T12:10:35.818+0530] {logging_mixin.py:188} INFO - [2024-05-04T12:10:35.818+0530] {dag.py:3954} INFO - Setting next_dagrun for example_weekday_branch_operator to 2024-05-03 00:00:00+00:00, run_after=2024-05-04 00:00:00+00:00
[2024-05-04T12:10:35.828+0530] {processor.py:183} INFO - Processing /usr/local/lib/python3.10/dist-packages/airflow/example_dags/example_branch_day_of_week_operator.py took 0.034 seconds
[2024-05-04T12:12:00.258+0530] {processor.py:161} INFO - Started process (PID=8248) to work on /usr/local/lib/python3.10/dist-packages/airflow/example_dags/example_branch_day_of_week_operator.py
[2024-05-04T12:12:00.258+0530] {processor.py:830} INFO - Processing file /usr/local/lib/python3.10/dist-packages/airflow/example_dags/example_branch_day_of_week_operator.py for tasks to queue
[2024-05-04T12:12:00.260+0530] {logging_mixin.py:188} INFO - [2024-05-04T12:12:00.260+0530] {dagbag.py:540} INFO - Filling up the DagBag from /usr/local/lib/python3.10/dist-packages/airflow/example_dags/example_branch_day_of_week_operator.py
[2024-05-04T12:12:00.268+0530] {processor.py:840} INFO - DAG(s) 'example_weekday_branch_operator' retrieved from /usr/local/lib/python3.10/dist-packages/airflow/example_dags/example_branch_day_of_week_operator.py
[2024-05-04T12:12:00.276+0530] {logging_mixin.py:188} INFO - [2024-05-04T12:12:00.276+0530] {dag.py:3096} INFO - Sync 1 DAGs
[2024-05-04T12:12:00.286+0530] {logging_mixin.py:188} INFO - [2024-05-04T12:12:00.285+0530] {dag.py:3954} INFO - Setting next_dagrun for example_weekday_branch_operator to 2024-05-03 00:00:00+00:00, run_after=2024-05-04 00:00:00+00:00
[2024-05-04T12:12:00.296+0530] {processor.py:183} INFO - Processing /usr/local/lib/python3.10/dist-packages/airflow/example_dags/example_branch_day_of_week_operator.py took 0.043 seconds
[2024-05-04T12:13:05.252+0530] {processor.py:161} INFO - Started process (PID=8874) to work on /usr/local/lib/python3.10/dist-packages/airflow/example_dags/example_branch_day_of_week_operator.py
[2024-05-04T12:13:05.253+0530] {processor.py:830} INFO - Processing file /usr/local/lib/python3.10/dist-packages/airflow/example_dags/example_branch_day_of_week_operator.py for tasks to queue
[2024-05-04T12:13:05.254+0530] {logging_mixin.py:188} INFO - [2024-05-04T12:13:05.254+0530] {dagbag.py:540} INFO - Filling up the DagBag from /usr/local/lib/python3.10/dist-packages/airflow/example_dags/example_branch_day_of_week_operator.py
[2024-05-04T12:13:05.259+0530] {processor.py:840} INFO - DAG(s) 'example_weekday_branch_operator' retrieved from /usr/local/lib/python3.10/dist-packages/airflow/example_dags/example_branch_day_of_week_operator.py
[2024-05-04T12:13:05.266+0530] {logging_mixin.py:188} INFO - [2024-05-04T12:13:05.266+0530] {dag.py:3096} INFO - Sync 1 DAGs
[2024-05-04T12:13:05.274+0530] {logging_mixin.py:188} INFO - [2024-05-04T12:13:05.274+0530] {dag.py:3954} INFO - Setting next_dagrun for example_weekday_branch_operator to 2024-05-03 00:00:00+00:00, run_after=2024-05-04 00:00:00+00:00
[2024-05-04T12:13:05.286+0530] {processor.py:183} INFO - Processing /usr/local/lib/python3.10/dist-packages/airflow/example_dags/example_branch_day_of_week_operator.py took 0.042 seconds
[2024-05-04T12:14:01.790+0530] {processor.py:161} INFO - Started process (PID=9102) to work on /usr/local/lib/python3.10/dist-packages/airflow/example_dags/example_branch_day_of_week_operator.py
[2024-05-04T12:14:01.791+0530] {processor.py:830} INFO - Processing file /usr/local/lib/python3.10/dist-packages/airflow/example_dags/example_branch_day_of_week_operator.py for tasks to queue
[2024-05-04T12:14:01.792+0530] {logging_mixin.py:188} INFO - [2024-05-04T12:14:01.792+0530] {dagbag.py:540} INFO - Filling up the DagBag from /usr/local/lib/python3.10/dist-packages/airflow/example_dags/example_branch_day_of_week_operator.py
[2024-05-04T12:14:01.799+0530] {processor.py:840} INFO - DAG(s) 'example_weekday_branch_operator' retrieved from /usr/local/lib/python3.10/dist-packages/airflow/example_dags/example_branch_day_of_week_operator.py
[2024-05-04T12:14:01.806+0530] {logging_mixin.py:188} INFO - [2024-05-04T12:14:01.806+0530] {dag.py:3096} INFO - Sync 1 DAGs
[2024-05-04T12:14:01.814+0530] {logging_mixin.py:188} INFO - [2024-05-04T12:14:01.814+0530] {dag.py:3954} INFO - Setting next_dagrun for example_weekday_branch_operator to 2024-05-03 00:00:00+00:00, run_after=2024-05-04 00:00:00+00:00
[2024-05-04T12:14:01.823+0530] {processor.py:183} INFO - Processing /usr/local/lib/python3.10/dist-packages/airflow/example_dags/example_branch_day_of_week_operator.py took 0.039 seconds
[2024-05-04T12:15:18.742+0530] {processor.py:161} INFO - Started process (PID=9355) to work on /usr/local/lib/python3.10/dist-packages/airflow/example_dags/example_branch_day_of_week_operator.py
[2024-05-04T12:15:18.743+0530] {processor.py:830} INFO - Processing file /usr/local/lib/python3.10/dist-packages/airflow/example_dags/example_branch_day_of_week_operator.py for tasks to queue
[2024-05-04T12:15:18.744+0530] {logging_mixin.py:188} INFO - [2024-05-04T12:15:18.744+0530] {dagbag.py:540} INFO - Filling up the DagBag from /usr/local/lib/python3.10/dist-packages/airflow/example_dags/example_branch_day_of_week_operator.py
[2024-05-04T12:15:18.750+0530] {processor.py:840} INFO - DAG(s) 'example_weekday_branch_operator' retrieved from /usr/local/lib/python3.10/dist-packages/airflow/example_dags/example_branch_day_of_week_operator.py
[2024-05-04T12:15:18.757+0530] {logging_mixin.py:188} INFO - [2024-05-04T12:15:18.757+0530] {dag.py:3096} INFO - Sync 1 DAGs
[2024-05-04T12:15:18.765+0530] {logging_mixin.py:188} INFO - [2024-05-04T12:15:18.765+0530] {dag.py:3954} INFO - Setting next_dagrun for example_weekday_branch_operator to 2024-05-03 00:00:00+00:00, run_after=2024-05-04 00:00:00+00:00
[2024-05-04T12:15:18.775+0530] {processor.py:183} INFO - Processing /usr/local/lib/python3.10/dist-packages/airflow/example_dags/example_branch_day_of_week_operator.py took 0.036 seconds
[2024-05-04T12:16:32.748+0530] {processor.py:161} INFO - Started process (PID=9561) to work on /usr/local/lib/python3.10/dist-packages/airflow/example_dags/example_branch_day_of_week_operator.py
[2024-05-04T12:16:32.749+0530] {processor.py:830} INFO - Processing file /usr/local/lib/python3.10/dist-packages/airflow/example_dags/example_branch_day_of_week_operator.py for tasks to queue
[2024-05-04T12:16:32.750+0530] {logging_mixin.py:188} INFO - [2024-05-04T12:16:32.749+0530] {dagbag.py:540} INFO - Filling up the DagBag from /usr/local/lib/python3.10/dist-packages/airflow/example_dags/example_branch_day_of_week_operator.py
[2024-05-04T12:16:32.756+0530] {processor.py:840} INFO - DAG(s) 'example_weekday_branch_operator' retrieved from /usr/local/lib/python3.10/dist-packages/airflow/example_dags/example_branch_day_of_week_operator.py
[2024-05-04T12:16:32.763+0530] {logging_mixin.py:188} INFO - [2024-05-04T12:16:32.763+0530] {dag.py:3096} INFO - Sync 1 DAGs
[2024-05-04T12:16:32.771+0530] {logging_mixin.py:188} INFO - [2024-05-04T12:16:32.771+0530] {dag.py:3954} INFO - Setting next_dagrun for example_weekday_branch_operator to 2024-05-03 00:00:00+00:00, run_after=2024-05-04 00:00:00+00:00
[2024-05-04T12:16:32.781+0530] {processor.py:183} INFO - Processing /usr/local/lib/python3.10/dist-packages/airflow/example_dags/example_branch_day_of_week_operator.py took 0.039 seconds
[2024-05-04T12:17:59.627+0530] {processor.py:161} INFO - Started process (PID=10442) to work on /usr/local/lib/python3.10/dist-packages/airflow/example_dags/example_branch_day_of_week_operator.py
[2024-05-04T12:17:59.628+0530] {processor.py:830} INFO - Processing file /usr/local/lib/python3.10/dist-packages/airflow/example_dags/example_branch_day_of_week_operator.py for tasks to queue
[2024-05-04T12:17:59.629+0530] {logging_mixin.py:188} INFO - [2024-05-04T12:17:59.628+0530] {dagbag.py:540} INFO - Filling up the DagBag from /usr/local/lib/python3.10/dist-packages/airflow/example_dags/example_branch_day_of_week_operator.py
[2024-05-04T12:17:59.632+0530] {processor.py:840} INFO - DAG(s) 'example_weekday_branch_operator' retrieved from /usr/local/lib/python3.10/dist-packages/airflow/example_dags/example_branch_day_of_week_operator.py
[2024-05-04T12:17:59.639+0530] {logging_mixin.py:188} INFO - [2024-05-04T12:17:59.639+0530] {dag.py:3096} INFO - Sync 1 DAGs
[2024-05-04T12:17:59.648+0530] {logging_mixin.py:188} INFO - [2024-05-04T12:17:59.648+0530] {dag.py:3954} INFO - Setting next_dagrun for example_weekday_branch_operator to 2024-05-03 00:00:00+00:00, run_after=2024-05-04 00:00:00+00:00
[2024-05-04T12:17:59.660+0530] {processor.py:183} INFO - Processing /usr/local/lib/python3.10/dist-packages/airflow/example_dags/example_branch_day_of_week_operator.py took 0.036 seconds
[2024-05-04T12:19:06.408+0530] {processor.py:161} INFO - Started process (PID=10874) to work on /usr/local/lib/python3.10/dist-packages/airflow/example_dags/example_branch_day_of_week_operator.py
[2024-05-04T12:19:06.409+0530] {processor.py:830} INFO - Processing file /usr/local/lib/python3.10/dist-packages/airflow/example_dags/example_branch_day_of_week_operator.py for tasks to queue
[2024-05-04T12:19:06.410+0530] {logging_mixin.py:188} INFO - [2024-05-04T12:19:06.410+0530] {dagbag.py:540} INFO - Filling up the DagBag from /usr/local/lib/python3.10/dist-packages/airflow/example_dags/example_branch_day_of_week_operator.py
[2024-05-04T12:19:06.413+0530] {processor.py:840} INFO - DAG(s) 'example_weekday_branch_operator' retrieved from /usr/local/lib/python3.10/dist-packages/airflow/example_dags/example_branch_day_of_week_operator.py
[2024-05-04T12:19:06.419+0530] {logging_mixin.py:188} INFO - [2024-05-04T12:19:06.419+0530] {dag.py:3096} INFO - Sync 1 DAGs
[2024-05-04T12:19:06.427+0530] {logging_mixin.py:188} INFO - [2024-05-04T12:19:06.427+0530] {dag.py:3954} INFO - Setting next_dagrun for example_weekday_branch_operator to 2024-05-03 00:00:00+00:00, run_after=2024-05-04 00:00:00+00:00
[2024-05-04T12:19:06.436+0530] {processor.py:183} INFO - Processing /usr/local/lib/python3.10/dist-packages/airflow/example_dags/example_branch_day_of_week_operator.py took 0.032 seconds
[2024-05-04T12:20:21.094+0530] {processor.py:161} INFO - Started process (PID=11097) to work on /usr/local/lib/python3.10/dist-packages/airflow/example_dags/example_branch_day_of_week_operator.py
[2024-05-04T12:20:21.095+0530] {processor.py:830} INFO - Processing file /usr/local/lib/python3.10/dist-packages/airflow/example_dags/example_branch_day_of_week_operator.py for tasks to queue
[2024-05-04T12:20:21.095+0530] {logging_mixin.py:188} INFO - [2024-05-04T12:20:21.095+0530] {dagbag.py:540} INFO - Filling up the DagBag from /usr/local/lib/python3.10/dist-packages/airflow/example_dags/example_branch_day_of_week_operator.py
[2024-05-04T12:20:21.099+0530] {processor.py:840} INFO - DAG(s) 'example_weekday_branch_operator' retrieved from /usr/local/lib/python3.10/dist-packages/airflow/example_dags/example_branch_day_of_week_operator.py
[2024-05-04T12:20:21.109+0530] {logging_mixin.py:188} INFO - [2024-05-04T12:20:21.109+0530] {dag.py:3096} INFO - Sync 1 DAGs
[2024-05-04T12:20:21.119+0530] {logging_mixin.py:188} INFO - [2024-05-04T12:20:21.118+0530] {dag.py:3954} INFO - Setting next_dagrun for example_weekday_branch_operator to 2024-05-03 00:00:00+00:00, run_after=2024-05-04 00:00:00+00:00
[2024-05-04T12:20:21.130+0530] {processor.py:183} INFO - Processing /usr/local/lib/python3.10/dist-packages/airflow/example_dags/example_branch_day_of_week_operator.py took 0.038 seconds
[2024-05-04T12:21:41.536+0530] {processor.py:161} INFO - Started process (PID=11268) to work on /usr/local/lib/python3.10/dist-packages/airflow/example_dags/example_branch_day_of_week_operator.py
[2024-05-04T12:21:41.537+0530] {processor.py:830} INFO - Processing file /usr/local/lib/python3.10/dist-packages/airflow/example_dags/example_branch_day_of_week_operator.py for tasks to queue
[2024-05-04T12:21:41.538+0530] {logging_mixin.py:188} INFO - [2024-05-04T12:21:41.538+0530] {dagbag.py:540} INFO - Filling up the DagBag from /usr/local/lib/python3.10/dist-packages/airflow/example_dags/example_branch_day_of_week_operator.py
[2024-05-04T12:21:41.541+0530] {processor.py:840} INFO - DAG(s) 'example_weekday_branch_operator' retrieved from /usr/local/lib/python3.10/dist-packages/airflow/example_dags/example_branch_day_of_week_operator.py
[2024-05-04T12:21:41.547+0530] {logging_mixin.py:188} INFO - [2024-05-04T12:21:41.547+0530] {dag.py:3096} INFO - Sync 1 DAGs
[2024-05-04T12:21:41.555+0530] {logging_mixin.py:188} INFO - [2024-05-04T12:21:41.555+0530] {dag.py:3954} INFO - Setting next_dagrun for example_weekday_branch_operator to 2024-05-03 00:00:00+00:00, run_after=2024-05-04 00:00:00+00:00
[2024-05-04T12:21:41.565+0530] {processor.py:183} INFO - Processing /usr/local/lib/python3.10/dist-packages/airflow/example_dags/example_branch_day_of_week_operator.py took 0.031 seconds
[2024-05-04T12:22:59.352+0530] {processor.py:161} INFO - Started process (PID=11463) to work on /usr/local/lib/python3.10/dist-packages/airflow/example_dags/example_branch_day_of_week_operator.py
[2024-05-04T12:22:59.353+0530] {processor.py:830} INFO - Processing file /usr/local/lib/python3.10/dist-packages/airflow/example_dags/example_branch_day_of_week_operator.py for tasks to queue
[2024-05-04T12:22:59.354+0530] {logging_mixin.py:188} INFO - [2024-05-04T12:22:59.354+0530] {dagbag.py:540} INFO - Filling up the DagBag from /usr/local/lib/python3.10/dist-packages/airflow/example_dags/example_branch_day_of_week_operator.py
[2024-05-04T12:22:59.359+0530] {processor.py:840} INFO - DAG(s) 'example_weekday_branch_operator' retrieved from /usr/local/lib/python3.10/dist-packages/airflow/example_dags/example_branch_day_of_week_operator.py
[2024-05-04T12:22:59.365+0530] {logging_mixin.py:188} INFO - [2024-05-04T12:22:59.365+0530] {dag.py:3096} INFO - Sync 1 DAGs
[2024-05-04T12:22:59.373+0530] {logging_mixin.py:188} INFO - [2024-05-04T12:22:59.373+0530] {dag.py:3954} INFO - Setting next_dagrun for example_weekday_branch_operator to 2024-05-03 00:00:00+00:00, run_after=2024-05-04 00:00:00+00:00
[2024-05-04T12:22:59.383+0530] {processor.py:183} INFO - Processing /usr/local/lib/python3.10/dist-packages/airflow/example_dags/example_branch_day_of_week_operator.py took 0.038 seconds
[2024-05-04T12:24:13.716+0530] {processor.py:161} INFO - Started process (PID=11655) to work on /usr/local/lib/python3.10/dist-packages/airflow/example_dags/example_branch_day_of_week_operator.py
[2024-05-04T12:24:13.717+0530] {processor.py:830} INFO - Processing file /usr/local/lib/python3.10/dist-packages/airflow/example_dags/example_branch_day_of_week_operator.py for tasks to queue
[2024-05-04T12:24:13.717+0530] {logging_mixin.py:188} INFO - [2024-05-04T12:24:13.717+0530] {dagbag.py:540} INFO - Filling up the DagBag from /usr/local/lib/python3.10/dist-packages/airflow/example_dags/example_branch_day_of_week_operator.py
[2024-05-04T12:24:13.721+0530] {processor.py:840} INFO - DAG(s) 'example_weekday_branch_operator' retrieved from /usr/local/lib/python3.10/dist-packages/airflow/example_dags/example_branch_day_of_week_operator.py
[2024-05-04T12:24:13.728+0530] {logging_mixin.py:188} INFO - [2024-05-04T12:24:13.728+0530] {dag.py:3096} INFO - Sync 1 DAGs
[2024-05-04T12:24:13.739+0530] {logging_mixin.py:188} INFO - [2024-05-04T12:24:13.738+0530] {dag.py:3954} INFO - Setting next_dagrun for example_weekday_branch_operator to 2024-05-03 00:00:00+00:00, run_after=2024-05-04 00:00:00+00:00
[2024-05-04T12:24:13.750+0530] {processor.py:183} INFO - Processing /usr/local/lib/python3.10/dist-packages/airflow/example_dags/example_branch_day_of_week_operator.py took 0.036 seconds
[2024-05-04T12:25:29.280+0530] {processor.py:161} INFO - Started process (PID=11962) to work on /usr/local/lib/python3.10/dist-packages/airflow/example_dags/example_branch_day_of_week_operator.py
[2024-05-04T12:25:29.281+0530] {processor.py:830} INFO - Processing file /usr/local/lib/python3.10/dist-packages/airflow/example_dags/example_branch_day_of_week_operator.py for tasks to queue
[2024-05-04T12:25:29.282+0530] {logging_mixin.py:188} INFO - [2024-05-04T12:25:29.281+0530] {dagbag.py:540} INFO - Filling up the DagBag from /usr/local/lib/python3.10/dist-packages/airflow/example_dags/example_branch_day_of_week_operator.py
[2024-05-04T12:25:29.285+0530] {processor.py:840} INFO - DAG(s) 'example_weekday_branch_operator' retrieved from /usr/local/lib/python3.10/dist-packages/airflow/example_dags/example_branch_day_of_week_operator.py
[2024-05-04T12:25:29.291+0530] {logging_mixin.py:188} INFO - [2024-05-04T12:25:29.291+0530] {dag.py:3096} INFO - Sync 1 DAGs
[2024-05-04T12:25:29.299+0530] {logging_mixin.py:188} INFO - [2024-05-04T12:25:29.299+0530] {dag.py:3954} INFO - Setting next_dagrun for example_weekday_branch_operator to 2024-05-03 00:00:00+00:00, run_after=2024-05-04 00:00:00+00:00
[2024-05-04T12:25:29.309+0530] {processor.py:183} INFO - Processing /usr/local/lib/python3.10/dist-packages/airflow/example_dags/example_branch_day_of_week_operator.py took 0.032 seconds
[2024-05-04T12:26:45.631+0530] {processor.py:161} INFO - Started process (PID=12146) to work on /usr/local/lib/python3.10/dist-packages/airflow/example_dags/example_branch_day_of_week_operator.py
[2024-05-04T12:26:45.631+0530] {processor.py:830} INFO - Processing file /usr/local/lib/python3.10/dist-packages/airflow/example_dags/example_branch_day_of_week_operator.py for tasks to queue
[2024-05-04T12:26:45.632+0530] {logging_mixin.py:188} INFO - [2024-05-04T12:26:45.632+0530] {dagbag.py:540} INFO - Filling up the DagBag from /usr/local/lib/python3.10/dist-packages/airflow/example_dags/example_branch_day_of_week_operator.py
[2024-05-04T12:26:45.639+0530] {processor.py:840} INFO - DAG(s) 'example_weekday_branch_operator' retrieved from /usr/local/lib/python3.10/dist-packages/airflow/example_dags/example_branch_day_of_week_operator.py
[2024-05-04T12:26:45.646+0530] {logging_mixin.py:188} INFO - [2024-05-04T12:26:45.646+0530] {dag.py:3096} INFO - Sync 1 DAGs
[2024-05-04T12:26:45.654+0530] {logging_mixin.py:188} INFO - [2024-05-04T12:26:45.654+0530] {dag.py:3954} INFO - Setting next_dagrun for example_weekday_branch_operator to 2024-05-03 00:00:00+00:00, run_after=2024-05-04 00:00:00+00:00
[2024-05-04T12:26:45.664+0530] {processor.py:183} INFO - Processing /usr/local/lib/python3.10/dist-packages/airflow/example_dags/example_branch_day_of_week_operator.py took 0.040 seconds
[2024-05-04T12:28:02.525+0530] {processor.py:161} INFO - Started process (PID=12347) to work on /usr/local/lib/python3.10/dist-packages/airflow/example_dags/example_branch_day_of_week_operator.py
[2024-05-04T12:28:02.525+0530] {processor.py:830} INFO - Processing file /usr/local/lib/python3.10/dist-packages/airflow/example_dags/example_branch_day_of_week_operator.py for tasks to queue
[2024-05-04T12:28:02.526+0530] {logging_mixin.py:188} INFO - [2024-05-04T12:28:02.526+0530] {dagbag.py:540} INFO - Filling up the DagBag from /usr/local/lib/python3.10/dist-packages/airflow/example_dags/example_branch_day_of_week_operator.py
[2024-05-04T12:28:02.529+0530] {processor.py:840} INFO - DAG(s) 'example_weekday_branch_operator' retrieved from /usr/local/lib/python3.10/dist-packages/airflow/example_dags/example_branch_day_of_week_operator.py
[2024-05-04T12:28:02.535+0530] {logging_mixin.py:188} INFO - [2024-05-04T12:28:02.535+0530] {dag.py:3096} INFO - Sync 1 DAGs
[2024-05-04T12:28:02.543+0530] {logging_mixin.py:188} INFO - [2024-05-04T12:28:02.543+0530] {dag.py:3954} INFO - Setting next_dagrun for example_weekday_branch_operator to 2024-05-03 00:00:00+00:00, run_after=2024-05-04 00:00:00+00:00
[2024-05-04T12:28:02.553+0530] {processor.py:183} INFO - Processing /usr/local/lib/python3.10/dist-packages/airflow/example_dags/example_branch_day_of_week_operator.py took 0.035 seconds
[2024-05-04T12:29:14.627+0530] {processor.py:161} INFO - Started process (PID=12510) to work on /usr/local/lib/python3.10/dist-packages/airflow/example_dags/example_branch_day_of_week_operator.py
[2024-05-04T12:29:14.628+0530] {processor.py:830} INFO - Processing file /usr/local/lib/python3.10/dist-packages/airflow/example_dags/example_branch_day_of_week_operator.py for tasks to queue
[2024-05-04T12:29:14.629+0530] {logging_mixin.py:188} INFO - [2024-05-04T12:29:14.628+0530] {dagbag.py:540} INFO - Filling up the DagBag from /usr/local/lib/python3.10/dist-packages/airflow/example_dags/example_branch_day_of_week_operator.py
[2024-05-04T12:29:14.632+0530] {processor.py:840} INFO - DAG(s) 'example_weekday_branch_operator' retrieved from /usr/local/lib/python3.10/dist-packages/airflow/example_dags/example_branch_day_of_week_operator.py
[2024-05-04T12:29:14.638+0530] {logging_mixin.py:188} INFO - [2024-05-04T12:29:14.638+0530] {dag.py:3096} INFO - Sync 1 DAGs
[2024-05-04T12:29:14.646+0530] {logging_mixin.py:188} INFO - [2024-05-04T12:29:14.646+0530] {dag.py:3954} INFO - Setting next_dagrun for example_weekday_branch_operator to 2024-05-03 00:00:00+00:00, run_after=2024-05-04 00:00:00+00:00
[2024-05-04T12:29:14.656+0530] {processor.py:183} INFO - Processing /usr/local/lib/python3.10/dist-packages/airflow/example_dags/example_branch_day_of_week_operator.py took 0.035 seconds
[2024-05-04T12:30:26.661+0530] {processor.py:161} INFO - Started process (PID=12732) to work on /usr/local/lib/python3.10/dist-packages/airflow/example_dags/example_branch_day_of_week_operator.py
[2024-05-04T12:30:26.661+0530] {processor.py:830} INFO - Processing file /usr/local/lib/python3.10/dist-packages/airflow/example_dags/example_branch_day_of_week_operator.py for tasks to queue
[2024-05-04T12:30:26.662+0530] {logging_mixin.py:188} INFO - [2024-05-04T12:30:26.662+0530] {dagbag.py:540} INFO - Filling up the DagBag from /usr/local/lib/python3.10/dist-packages/airflow/example_dags/example_branch_day_of_week_operator.py
[2024-05-04T12:30:26.665+0530] {processor.py:840} INFO - DAG(s) 'example_weekday_branch_operator' retrieved from /usr/local/lib/python3.10/dist-packages/airflow/example_dags/example_branch_day_of_week_operator.py
[2024-05-04T12:30:26.671+0530] {logging_mixin.py:188} INFO - [2024-05-04T12:30:26.671+0530] {dag.py:3096} INFO - Sync 1 DAGs
[2024-05-04T12:30:26.679+0530] {logging_mixin.py:188} INFO - [2024-05-04T12:30:26.679+0530] {dag.py:3954} INFO - Setting next_dagrun for example_weekday_branch_operator to 2024-05-03 00:00:00+00:00, run_after=2024-05-04 00:00:00+00:00
[2024-05-04T12:30:26.689+0530] {processor.py:183} INFO - Processing /usr/local/lib/python3.10/dist-packages/airflow/example_dags/example_branch_day_of_week_operator.py took 0.031 seconds
[2024-05-04T12:31:45.852+0530] {processor.py:161} INFO - Started process (PID=12937) to work on /usr/local/lib/python3.10/dist-packages/airflow/example_dags/example_branch_day_of_week_operator.py
[2024-05-04T12:31:45.853+0530] {processor.py:830} INFO - Processing file /usr/local/lib/python3.10/dist-packages/airflow/example_dags/example_branch_day_of_week_operator.py for tasks to queue
[2024-05-04T12:31:45.854+0530] {logging_mixin.py:188} INFO - [2024-05-04T12:31:45.854+0530] {dagbag.py:540} INFO - Filling up the DagBag from /usr/local/lib/python3.10/dist-packages/airflow/example_dags/example_branch_day_of_week_operator.py
[2024-05-04T12:31:45.859+0530] {processor.py:840} INFO - DAG(s) 'example_weekday_branch_operator' retrieved from /usr/local/lib/python3.10/dist-packages/airflow/example_dags/example_branch_day_of_week_operator.py
[2024-05-04T12:31:45.865+0530] {logging_mixin.py:188} INFO - [2024-05-04T12:31:45.865+0530] {dag.py:3096} INFO - Sync 1 DAGs
[2024-05-04T12:31:45.873+0530] {logging_mixin.py:188} INFO - [2024-05-04T12:31:45.873+0530] {dag.py:3954} INFO - Setting next_dagrun for example_weekday_branch_operator to 2024-05-03 00:00:00+00:00, run_after=2024-05-04 00:00:00+00:00
[2024-05-04T12:31:45.883+0530] {processor.py:183} INFO - Processing /usr/local/lib/python3.10/dist-packages/airflow/example_dags/example_branch_day_of_week_operator.py took 0.040 seconds
[2024-05-04T12:33:00.755+0530] {processor.py:161} INFO - Started process (PID=13147) to work on /usr/local/lib/python3.10/dist-packages/airflow/example_dags/example_branch_day_of_week_operator.py
[2024-05-04T12:33:00.756+0530] {processor.py:830} INFO - Processing file /usr/local/lib/python3.10/dist-packages/airflow/example_dags/example_branch_day_of_week_operator.py for tasks to queue
[2024-05-04T12:33:00.756+0530] {logging_mixin.py:188} INFO - [2024-05-04T12:33:00.756+0530] {dagbag.py:540} INFO - Filling up the DagBag from /usr/local/lib/python3.10/dist-packages/airflow/example_dags/example_branch_day_of_week_operator.py
[2024-05-04T12:33:00.759+0530] {processor.py:840} INFO - DAG(s) 'example_weekday_branch_operator' retrieved from /usr/local/lib/python3.10/dist-packages/airflow/example_dags/example_branch_day_of_week_operator.py
[2024-05-04T12:33:00.766+0530] {logging_mixin.py:188} INFO - [2024-05-04T12:33:00.765+0530] {dag.py:3096} INFO - Sync 1 DAGs
[2024-05-04T12:33:00.773+0530] {logging_mixin.py:188} INFO - [2024-05-04T12:33:00.773+0530] {dag.py:3954} INFO - Setting next_dagrun for example_weekday_branch_operator to 2024-05-03 00:00:00+00:00, run_after=2024-05-04 00:00:00+00:00
[2024-05-04T12:33:00.783+0530] {processor.py:183} INFO - Processing /usr/local/lib/python3.10/dist-packages/airflow/example_dags/example_branch_day_of_week_operator.py took 0.034 seconds
[2024-05-04T12:34:20.208+0530] {processor.py:161} INFO - Started process (PID=13390) to work on /usr/local/lib/python3.10/dist-packages/airflow/example_dags/example_branch_day_of_week_operator.py
[2024-05-04T12:34:20.208+0530] {processor.py:830} INFO - Processing file /usr/local/lib/python3.10/dist-packages/airflow/example_dags/example_branch_day_of_week_operator.py for tasks to queue
[2024-05-04T12:34:20.209+0530] {logging_mixin.py:188} INFO - [2024-05-04T12:34:20.209+0530] {dagbag.py:540} INFO - Filling up the DagBag from /usr/local/lib/python3.10/dist-packages/airflow/example_dags/example_branch_day_of_week_operator.py
[2024-05-04T12:34:20.212+0530] {processor.py:840} INFO - DAG(s) 'example_weekday_branch_operator' retrieved from /usr/local/lib/python3.10/dist-packages/airflow/example_dags/example_branch_day_of_week_operator.py
[2024-05-04T12:34:20.218+0530] {logging_mixin.py:188} INFO - [2024-05-04T12:34:20.218+0530] {dag.py:3096} INFO - Sync 1 DAGs
[2024-05-04T12:34:20.226+0530] {logging_mixin.py:188} INFO - [2024-05-04T12:34:20.226+0530] {dag.py:3954} INFO - Setting next_dagrun for example_weekday_branch_operator to 2024-05-03 00:00:00+00:00, run_after=2024-05-04 00:00:00+00:00
[2024-05-04T12:34:20.236+0530] {processor.py:183} INFO - Processing /usr/local/lib/python3.10/dist-packages/airflow/example_dags/example_branch_day_of_week_operator.py took 0.031 seconds
[2024-05-04T12:35:38.444+0530] {processor.py:161} INFO - Started process (PID=13646) to work on /usr/local/lib/python3.10/dist-packages/airflow/example_dags/example_branch_day_of_week_operator.py
[2024-05-04T12:35:38.445+0530] {processor.py:830} INFO - Processing file /usr/local/lib/python3.10/dist-packages/airflow/example_dags/example_branch_day_of_week_operator.py for tasks to queue
[2024-05-04T12:35:38.446+0530] {logging_mixin.py:188} INFO - [2024-05-04T12:35:38.445+0530] {dagbag.py:540} INFO - Filling up the DagBag from /usr/local/lib/python3.10/dist-packages/airflow/example_dags/example_branch_day_of_week_operator.py
[2024-05-04T12:35:38.449+0530] {processor.py:840} INFO - DAG(s) 'example_weekday_branch_operator' retrieved from /usr/local/lib/python3.10/dist-packages/airflow/example_dags/example_branch_day_of_week_operator.py
[2024-05-04T12:35:38.455+0530] {logging_mixin.py:188} INFO - [2024-05-04T12:35:38.455+0530] {dag.py:3096} INFO - Sync 1 DAGs
[2024-05-04T12:35:38.463+0530] {logging_mixin.py:188} INFO - [2024-05-04T12:35:38.463+0530] {dag.py:3954} INFO - Setting next_dagrun for example_weekday_branch_operator to 2024-05-03 00:00:00+00:00, run_after=2024-05-04 00:00:00+00:00
[2024-05-04T12:35:38.473+0530] {processor.py:183} INFO - Processing /usr/local/lib/python3.10/dist-packages/airflow/example_dags/example_branch_day_of_week_operator.py took 0.034 seconds
[2024-05-04T12:36:51.795+0530] {processor.py:161} INFO - Started process (PID=13813) to work on /usr/local/lib/python3.10/dist-packages/airflow/example_dags/example_branch_day_of_week_operator.py
[2024-05-04T12:36:51.795+0530] {processor.py:830} INFO - Processing file /usr/local/lib/python3.10/dist-packages/airflow/example_dags/example_branch_day_of_week_operator.py for tasks to queue
[2024-05-04T12:36:51.797+0530] {logging_mixin.py:188} INFO - [2024-05-04T12:36:51.796+0530] {dagbag.py:540} INFO - Filling up the DagBag from /usr/local/lib/python3.10/dist-packages/airflow/example_dags/example_branch_day_of_week_operator.py
[2024-05-04T12:36:51.807+0530] {processor.py:840} INFO - DAG(s) 'example_weekday_branch_operator' retrieved from /usr/local/lib/python3.10/dist-packages/airflow/example_dags/example_branch_day_of_week_operator.py
[2024-05-04T12:36:51.819+0530] {logging_mixin.py:188} INFO - [2024-05-04T12:36:51.818+0530] {dag.py:3096} INFO - Sync 1 DAGs
[2024-05-04T12:36:51.826+0530] {logging_mixin.py:188} INFO - [2024-05-04T12:36:51.826+0530] {dag.py:3954} INFO - Setting next_dagrun for example_weekday_branch_operator to 2024-05-03 00:00:00+00:00, run_after=2024-05-04 00:00:00+00:00
[2024-05-04T12:36:51.836+0530] {processor.py:183} INFO - Processing /usr/local/lib/python3.10/dist-packages/airflow/example_dags/example_branch_day_of_week_operator.py took 0.044 seconds
[2024-05-04T12:38:11.405+0530] {processor.py:161} INFO - Started process (PID=14019) to work on /usr/local/lib/python3.10/dist-packages/airflow/example_dags/example_branch_day_of_week_operator.py
[2024-05-04T12:38:11.406+0530] {processor.py:830} INFO - Processing file /usr/local/lib/python3.10/dist-packages/airflow/example_dags/example_branch_day_of_week_operator.py for tasks to queue
[2024-05-04T12:38:11.406+0530] {logging_mixin.py:188} INFO - [2024-05-04T12:38:11.406+0530] {dagbag.py:540} INFO - Filling up the DagBag from /usr/local/lib/python3.10/dist-packages/airflow/example_dags/example_branch_day_of_week_operator.py
[2024-05-04T12:38:11.410+0530] {processor.py:840} INFO - DAG(s) 'example_weekday_branch_operator' retrieved from /usr/local/lib/python3.10/dist-packages/airflow/example_dags/example_branch_day_of_week_operator.py
[2024-05-04T12:38:11.416+0530] {logging_mixin.py:188} INFO - [2024-05-04T12:38:11.416+0530] {dag.py:3096} INFO - Sync 1 DAGs
[2024-05-04T12:38:11.424+0530] {logging_mixin.py:188} INFO - [2024-05-04T12:38:11.424+0530] {dag.py:3954} INFO - Setting next_dagrun for example_weekday_branch_operator to 2024-05-03 00:00:00+00:00, run_after=2024-05-04 00:00:00+00:00
[2024-05-04T12:38:11.435+0530] {processor.py:183} INFO - Processing /usr/local/lib/python3.10/dist-packages/airflow/example_dags/example_branch_day_of_week_operator.py took 0.036 seconds
[2024-05-04T12:39:31.605+0530] {processor.py:161} INFO - Started process (PID=14344) to work on /usr/local/lib/python3.10/dist-packages/airflow/example_dags/example_branch_day_of_week_operator.py
[2024-05-04T12:39:31.606+0530] {processor.py:830} INFO - Processing file /usr/local/lib/python3.10/dist-packages/airflow/example_dags/example_branch_day_of_week_operator.py for tasks to queue
[2024-05-04T12:39:31.607+0530] {logging_mixin.py:188} INFO - [2024-05-04T12:39:31.606+0530] {dagbag.py:540} INFO - Filling up the DagBag from /usr/local/lib/python3.10/dist-packages/airflow/example_dags/example_branch_day_of_week_operator.py
[2024-05-04T12:39:31.610+0530] {processor.py:840} INFO - DAG(s) 'example_weekday_branch_operator' retrieved from /usr/local/lib/python3.10/dist-packages/airflow/example_dags/example_branch_day_of_week_operator.py
[2024-05-04T12:39:31.616+0530] {logging_mixin.py:188} INFO - [2024-05-04T12:39:31.616+0530] {dag.py:3096} INFO - Sync 1 DAGs
[2024-05-04T12:39:31.624+0530] {logging_mixin.py:188} INFO - [2024-05-04T12:39:31.624+0530] {dag.py:3954} INFO - Setting next_dagrun for example_weekday_branch_operator to 2024-05-03 00:00:00+00:00, run_after=2024-05-04 00:00:00+00:00
[2024-05-04T12:39:31.635+0530] {processor.py:183} INFO - Processing /usr/local/lib/python3.10/dist-packages/airflow/example_dags/example_branch_day_of_week_operator.py took 0.034 seconds
[2024-05-04T12:40:45.615+0530] {processor.py:161} INFO - Started process (PID=14641) to work on /usr/local/lib/python3.10/dist-packages/airflow/example_dags/example_branch_day_of_week_operator.py
[2024-05-04T12:40:45.616+0530] {processor.py:830} INFO - Processing file /usr/local/lib/python3.10/dist-packages/airflow/example_dags/example_branch_day_of_week_operator.py for tasks to queue
[2024-05-04T12:40:45.616+0530] {logging_mixin.py:188} INFO - [2024-05-04T12:40:45.616+0530] {dagbag.py:540} INFO - Filling up the DagBag from /usr/local/lib/python3.10/dist-packages/airflow/example_dags/example_branch_day_of_week_operator.py
[2024-05-04T12:40:45.620+0530] {processor.py:840} INFO - DAG(s) 'example_weekday_branch_operator' retrieved from /usr/local/lib/python3.10/dist-packages/airflow/example_dags/example_branch_day_of_week_operator.py
[2024-05-04T12:40:45.626+0530] {logging_mixin.py:188} INFO - [2024-05-04T12:40:45.626+0530] {dag.py:3096} INFO - Sync 1 DAGs
[2024-05-04T12:40:45.634+0530] {logging_mixin.py:188} INFO - [2024-05-04T12:40:45.634+0530] {dag.py:3954} INFO - Setting next_dagrun for example_weekday_branch_operator to 2024-05-03 00:00:00+00:00, run_after=2024-05-04 00:00:00+00:00
[2024-05-04T12:40:45.644+0530] {processor.py:183} INFO - Processing /usr/local/lib/python3.10/dist-packages/airflow/example_dags/example_branch_day_of_week_operator.py took 0.034 seconds
[2024-05-04T12:42:01.896+0530] {processor.py:161} INFO - Started process (PID=14885) to work on /usr/local/lib/python3.10/dist-packages/airflow/example_dags/example_branch_day_of_week_operator.py
[2024-05-04T12:42:01.897+0530] {processor.py:830} INFO - Processing file /usr/local/lib/python3.10/dist-packages/airflow/example_dags/example_branch_day_of_week_operator.py for tasks to queue
[2024-05-04T12:42:01.898+0530] {logging_mixin.py:188} INFO - [2024-05-04T12:42:01.898+0530] {dagbag.py:540} INFO - Filling up the DagBag from /usr/local/lib/python3.10/dist-packages/airflow/example_dags/example_branch_day_of_week_operator.py
[2024-05-04T12:42:01.903+0530] {processor.py:840} INFO - DAG(s) 'example_weekday_branch_operator' retrieved from /usr/local/lib/python3.10/dist-packages/airflow/example_dags/example_branch_day_of_week_operator.py
[2024-05-04T12:42:01.909+0530] {logging_mixin.py:188} INFO - [2024-05-04T12:42:01.909+0530] {dag.py:3096} INFO - Sync 1 DAGs
[2024-05-04T12:42:01.917+0530] {logging_mixin.py:188} INFO - [2024-05-04T12:42:01.917+0530] {dag.py:3954} INFO - Setting next_dagrun for example_weekday_branch_operator to 2024-05-03 00:00:00+00:00, run_after=2024-05-04 00:00:00+00:00
[2024-05-04T12:42:01.927+0530] {processor.py:183} INFO - Processing /usr/local/lib/python3.10/dist-packages/airflow/example_dags/example_branch_day_of_week_operator.py took 0.040 seconds
[2024-05-04T12:43:18.796+0530] {processor.py:161} INFO - Started process (PID=15143) to work on /usr/local/lib/python3.10/dist-packages/airflow/example_dags/example_branch_day_of_week_operator.py
[2024-05-04T12:43:18.797+0530] {processor.py:830} INFO - Processing file /usr/local/lib/python3.10/dist-packages/airflow/example_dags/example_branch_day_of_week_operator.py for tasks to queue
[2024-05-04T12:43:18.799+0530] {logging_mixin.py:188} INFO - [2024-05-04T12:43:18.798+0530] {dagbag.py:540} INFO - Filling up the DagBag from /usr/local/lib/python3.10/dist-packages/airflow/example_dags/example_branch_day_of_week_operator.py
[2024-05-04T12:43:18.803+0530] {processor.py:840} INFO - DAG(s) 'example_weekday_branch_operator' retrieved from /usr/local/lib/python3.10/dist-packages/airflow/example_dags/example_branch_day_of_week_operator.py
[2024-05-04T12:43:18.810+0530] {logging_mixin.py:188} INFO - [2024-05-04T12:43:18.809+0530] {dag.py:3096} INFO - Sync 1 DAGs
[2024-05-04T12:43:18.817+0530] {logging_mixin.py:188} INFO - [2024-05-04T12:43:18.817+0530] {dag.py:3954} INFO - Setting next_dagrun for example_weekday_branch_operator to 2024-05-03 00:00:00+00:00, run_after=2024-05-04 00:00:00+00:00
[2024-05-04T12:43:18.827+0530] {processor.py:183} INFO - Processing /usr/local/lib/python3.10/dist-packages/airflow/example_dags/example_branch_day_of_week_operator.py took 0.038 seconds
[2024-05-04T12:44:35.596+0530] {processor.py:161} INFO - Started process (PID=15397) to work on /usr/local/lib/python3.10/dist-packages/airflow/example_dags/example_branch_day_of_week_operator.py
[2024-05-04T12:44:35.597+0530] {processor.py:830} INFO - Processing file /usr/local/lib/python3.10/dist-packages/airflow/example_dags/example_branch_day_of_week_operator.py for tasks to queue
[2024-05-04T12:44:35.598+0530] {logging_mixin.py:188} INFO - [2024-05-04T12:44:35.598+0530] {dagbag.py:540} INFO - Filling up the DagBag from /usr/local/lib/python3.10/dist-packages/airflow/example_dags/example_branch_day_of_week_operator.py
[2024-05-04T12:44:35.603+0530] {processor.py:840} INFO - DAG(s) 'example_weekday_branch_operator' retrieved from /usr/local/lib/python3.10/dist-packages/airflow/example_dags/example_branch_day_of_week_operator.py
[2024-05-04T12:44:35.609+0530] {logging_mixin.py:188} INFO - [2024-05-04T12:44:35.609+0530] {dag.py:3096} INFO - Sync 1 DAGs
[2024-05-04T12:44:35.617+0530] {logging_mixin.py:188} INFO - [2024-05-04T12:44:35.617+0530] {dag.py:3954} INFO - Setting next_dagrun for example_weekday_branch_operator to 2024-05-03 00:00:00+00:00, run_after=2024-05-04 00:00:00+00:00
[2024-05-04T12:44:35.627+0530] {processor.py:183} INFO - Processing /usr/local/lib/python3.10/dist-packages/airflow/example_dags/example_branch_day_of_week_operator.py took 0.037 seconds
[2024-05-04T12:45:49.408+0530] {processor.py:161} INFO - Started process (PID=15676) to work on /usr/local/lib/python3.10/dist-packages/airflow/example_dags/example_branch_day_of_week_operator.py
[2024-05-04T12:45:49.408+0530] {processor.py:830} INFO - Processing file /usr/local/lib/python3.10/dist-packages/airflow/example_dags/example_branch_day_of_week_operator.py for tasks to queue
[2024-05-04T12:45:49.410+0530] {logging_mixin.py:188} INFO - [2024-05-04T12:45:49.410+0530] {dagbag.py:540} INFO - Filling up the DagBag from /usr/local/lib/python3.10/dist-packages/airflow/example_dags/example_branch_day_of_week_operator.py
[2024-05-04T12:45:49.415+0530] {processor.py:840} INFO - DAG(s) 'example_weekday_branch_operator' retrieved from /usr/local/lib/python3.10/dist-packages/airflow/example_dags/example_branch_day_of_week_operator.py
[2024-05-04T12:45:49.421+0530] {logging_mixin.py:188} INFO - [2024-05-04T12:45:49.421+0530] {dag.py:3096} INFO - Sync 1 DAGs
[2024-05-04T12:45:49.428+0530] {logging_mixin.py:188} INFO - [2024-05-04T12:45:49.428+0530] {dag.py:3954} INFO - Setting next_dagrun for example_weekday_branch_operator to 2024-05-03 00:00:00+00:00, run_after=2024-05-04 00:00:00+00:00
[2024-05-04T12:45:49.439+0530] {processor.py:183} INFO - Processing /usr/local/lib/python3.10/dist-packages/airflow/example_dags/example_branch_day_of_week_operator.py took 0.039 seconds
[2024-05-04T12:47:06.392+0530] {processor.py:161} INFO - Started process (PID=15988) to work on /usr/local/lib/python3.10/dist-packages/airflow/example_dags/example_branch_day_of_week_operator.py
[2024-05-04T12:47:06.392+0530] {processor.py:830} INFO - Processing file /usr/local/lib/python3.10/dist-packages/airflow/example_dags/example_branch_day_of_week_operator.py for tasks to queue
[2024-05-04T12:47:06.393+0530] {logging_mixin.py:188} INFO - [2024-05-04T12:47:06.393+0530] {dagbag.py:540} INFO - Filling up the DagBag from /usr/local/lib/python3.10/dist-packages/airflow/example_dags/example_branch_day_of_week_operator.py
[2024-05-04T12:47:06.396+0530] {processor.py:840} INFO - DAG(s) 'example_weekday_branch_operator' retrieved from /usr/local/lib/python3.10/dist-packages/airflow/example_dags/example_branch_day_of_week_operator.py
[2024-05-04T12:47:06.403+0530] {logging_mixin.py:188} INFO - [2024-05-04T12:47:06.403+0530] {dag.py:3096} INFO - Sync 1 DAGs
[2024-05-04T12:47:06.413+0530] {logging_mixin.py:188} INFO - [2024-05-04T12:47:06.413+0530] {dag.py:3954} INFO - Setting next_dagrun for example_weekday_branch_operator to 2024-05-03 00:00:00+00:00, run_after=2024-05-04 00:00:00+00:00
[2024-05-04T12:47:06.425+0530] {processor.py:183} INFO - Processing /usr/local/lib/python3.10/dist-packages/airflow/example_dags/example_branch_day_of_week_operator.py took 0.039 seconds
[2024-05-04T12:48:22.883+0530] {processor.py:161} INFO - Started process (PID=16283) to work on /usr/local/lib/python3.10/dist-packages/airflow/example_dags/example_branch_day_of_week_operator.py
[2024-05-04T12:48:22.883+0530] {processor.py:830} INFO - Processing file /usr/local/lib/python3.10/dist-packages/airflow/example_dags/example_branch_day_of_week_operator.py for tasks to queue
[2024-05-04T12:48:22.885+0530] {logging_mixin.py:188} INFO - [2024-05-04T12:48:22.884+0530] {dagbag.py:540} INFO - Filling up the DagBag from /usr/local/lib/python3.10/dist-packages/airflow/example_dags/example_branch_day_of_week_operator.py
[2024-05-04T12:48:22.891+0530] {processor.py:840} INFO - DAG(s) 'example_weekday_branch_operator' retrieved from /usr/local/lib/python3.10/dist-packages/airflow/example_dags/example_branch_day_of_week_operator.py
[2024-05-04T12:48:22.898+0530] {logging_mixin.py:188} INFO - [2024-05-04T12:48:22.898+0530] {dag.py:3096} INFO - Sync 1 DAGs
[2024-05-04T12:48:22.906+0530] {logging_mixin.py:188} INFO - [2024-05-04T12:48:22.905+0530] {dag.py:3954} INFO - Setting next_dagrun for example_weekday_branch_operator to 2024-05-03 00:00:00+00:00, run_after=2024-05-04 00:00:00+00:00
[2024-05-04T12:48:22.916+0530] {processor.py:183} INFO - Processing /usr/local/lib/python3.10/dist-packages/airflow/example_dags/example_branch_day_of_week_operator.py took 0.039 seconds
[2024-05-04T12:49:42.547+0530] {processor.py:161} INFO - Started process (PID=16549) to work on /usr/local/lib/python3.10/dist-packages/airflow/example_dags/example_branch_day_of_week_operator.py
[2024-05-04T12:49:42.548+0530] {processor.py:830} INFO - Processing file /usr/local/lib/python3.10/dist-packages/airflow/example_dags/example_branch_day_of_week_operator.py for tasks to queue
[2024-05-04T12:49:42.549+0530] {logging_mixin.py:188} INFO - [2024-05-04T12:49:42.549+0530] {dagbag.py:540} INFO - Filling up the DagBag from /usr/local/lib/python3.10/dist-packages/airflow/example_dags/example_branch_day_of_week_operator.py
[2024-05-04T12:49:42.556+0530] {processor.py:840} INFO - DAG(s) 'example_weekday_branch_operator' retrieved from /usr/local/lib/python3.10/dist-packages/airflow/example_dags/example_branch_day_of_week_operator.py
[2024-05-04T12:49:42.563+0530] {logging_mixin.py:188} INFO - [2024-05-04T12:49:42.563+0530] {dag.py:3096} INFO - Sync 1 DAGs
[2024-05-04T12:49:42.571+0530] {logging_mixin.py:188} INFO - [2024-05-04T12:49:42.571+0530] {dag.py:3954} INFO - Setting next_dagrun for example_weekday_branch_operator to 2024-05-03 00:00:00+00:00, run_after=2024-05-04 00:00:00+00:00
[2024-05-04T12:49:42.581+0530] {processor.py:183} INFO - Processing /usr/local/lib/python3.10/dist-packages/airflow/example_dags/example_branch_day_of_week_operator.py took 0.040 seconds
[2024-05-04T12:50:59.057+0530] {processor.py:161} INFO - Started process (PID=16874) to work on /usr/local/lib/python3.10/dist-packages/airflow/example_dags/example_branch_day_of_week_operator.py
[2024-05-04T12:50:59.058+0530] {processor.py:830} INFO - Processing file /usr/local/lib/python3.10/dist-packages/airflow/example_dags/example_branch_day_of_week_operator.py for tasks to queue
[2024-05-04T12:50:59.059+0530] {logging_mixin.py:188} INFO - [2024-05-04T12:50:59.059+0530] {dagbag.py:540} INFO - Filling up the DagBag from /usr/local/lib/python3.10/dist-packages/airflow/example_dags/example_branch_day_of_week_operator.py
[2024-05-04T12:50:59.066+0530] {processor.py:840} INFO - DAG(s) 'example_weekday_branch_operator' retrieved from /usr/local/lib/python3.10/dist-packages/airflow/example_dags/example_branch_day_of_week_operator.py
[2024-05-04T12:50:59.073+0530] {logging_mixin.py:188} INFO - [2024-05-04T12:50:59.073+0530] {dag.py:3096} INFO - Sync 1 DAGs
[2024-05-04T12:50:59.080+0530] {logging_mixin.py:188} INFO - [2024-05-04T12:50:59.080+0530] {dag.py:3954} INFO - Setting next_dagrun for example_weekday_branch_operator to 2024-05-03 00:00:00+00:00, run_after=2024-05-04 00:00:00+00:00
[2024-05-04T12:50:59.090+0530] {processor.py:183} INFO - Processing /usr/local/lib/python3.10/dist-packages/airflow/example_dags/example_branch_day_of_week_operator.py took 0.038 seconds
[2024-05-04T12:52:15.339+0530] {processor.py:161} INFO - Started process (PID=17068) to work on /usr/local/lib/python3.10/dist-packages/airflow/example_dags/example_branch_day_of_week_operator.py
[2024-05-04T12:52:15.340+0530] {processor.py:830} INFO - Processing file /usr/local/lib/python3.10/dist-packages/airflow/example_dags/example_branch_day_of_week_operator.py for tasks to queue
[2024-05-04T12:52:15.341+0530] {logging_mixin.py:188} INFO - [2024-05-04T12:52:15.341+0530] {dagbag.py:540} INFO - Filling up the DagBag from /usr/local/lib/python3.10/dist-packages/airflow/example_dags/example_branch_day_of_week_operator.py
[2024-05-04T12:52:15.348+0530] {processor.py:840} INFO - DAG(s) 'example_weekday_branch_operator' retrieved from /usr/local/lib/python3.10/dist-packages/airflow/example_dags/example_branch_day_of_week_operator.py
[2024-05-04T12:52:15.355+0530] {logging_mixin.py:188} INFO - [2024-05-04T12:52:15.355+0530] {dag.py:3096} INFO - Sync 1 DAGs
[2024-05-04T12:52:15.362+0530] {logging_mixin.py:188} INFO - [2024-05-04T12:52:15.362+0530] {dag.py:3954} INFO - Setting next_dagrun for example_weekday_branch_operator to 2024-05-03 00:00:00+00:00, run_after=2024-05-04 00:00:00+00:00
[2024-05-04T12:52:15.373+0530] {processor.py:183} INFO - Processing /usr/local/lib/python3.10/dist-packages/airflow/example_dags/example_branch_day_of_week_operator.py took 0.039 seconds
[2024-05-04T12:53:31.431+0530] {processor.py:161} INFO - Started process (PID=17296) to work on /usr/local/lib/python3.10/dist-packages/airflow/example_dags/example_branch_day_of_week_operator.py
[2024-05-04T12:53:31.432+0530] {processor.py:830} INFO - Processing file /usr/local/lib/python3.10/dist-packages/airflow/example_dags/example_branch_day_of_week_operator.py for tasks to queue
[2024-05-04T12:53:31.435+0530] {logging_mixin.py:188} INFO - [2024-05-04T12:53:31.435+0530] {dagbag.py:540} INFO - Filling up the DagBag from /usr/local/lib/python3.10/dist-packages/airflow/example_dags/example_branch_day_of_week_operator.py
[2024-05-04T12:53:31.444+0530] {processor.py:840} INFO - DAG(s) 'example_weekday_branch_operator' retrieved from /usr/local/lib/python3.10/dist-packages/airflow/example_dags/example_branch_day_of_week_operator.py
[2024-05-04T12:53:31.450+0530] {logging_mixin.py:188} INFO - [2024-05-04T12:53:31.450+0530] {dag.py:3096} INFO - Sync 1 DAGs
[2024-05-04T12:53:31.458+0530] {logging_mixin.py:188} INFO - [2024-05-04T12:53:31.458+0530] {dag.py:3954} INFO - Setting next_dagrun for example_weekday_branch_operator to 2024-05-03 00:00:00+00:00, run_after=2024-05-04 00:00:00+00:00
[2024-05-04T12:53:31.467+0530] {processor.py:183} INFO - Processing /usr/local/lib/python3.10/dist-packages/airflow/example_dags/example_branch_day_of_week_operator.py took 0.049 seconds
