[2024-07-01T17:48:37.112+0530] {processor.py:161} INFO - Started process (PID=11008) to work on /home/bharat/.local/lib/python3.11/site-packages/airflow/example_dags/plugins/event_listener.py
[2024-07-01T17:48:37.113+0530] {processor.py:830} INFO - Processing file /home/bharat/.local/lib/python3.11/site-packages/airflow/example_dags/plugins/event_listener.py for tasks to queue
[2024-07-01T17:48:37.113+0530] {logging_mixin.py:188} INFO - [2024-07-01T17:48:37.113+0530] {dagbag.py:545} INFO - Filling up the DagBag from /home/bharat/.local/lib/python3.11/site-packages/airflow/example_dags/plugins/event_listener.py
[2024-07-01T17:48:37.114+0530] {processor.py:842} WARNING - No viable dags retrieved from /home/bharat/.local/lib/python3.11/site-packages/airflow/example_dags/plugins/event_listener.py
[2024-07-01T17:48:37.121+0530] {processor.py:183} INFO - Processing /home/bharat/.local/lib/python3.11/site-packages/airflow/example_dags/plugins/event_listener.py took 0.015 seconds
[2024-07-01T17:49:44.863+0530] {processor.py:161} INFO - Started process (PID=11390) to work on /home/bharat/.local/lib/python3.11/site-packages/airflow/example_dags/plugins/event_listener.py
[2024-07-01T17:49:44.863+0530] {processor.py:830} INFO - Processing file /home/bharat/.local/lib/python3.11/site-packages/airflow/example_dags/plugins/event_listener.py for tasks to queue
[2024-07-01T17:49:44.864+0530] {logging_mixin.py:188} INFO - [2024-07-01T17:49:44.864+0530] {dagbag.py:545} INFO - Filling up the DagBag from /home/bharat/.local/lib/python3.11/site-packages/airflow/example_dags/plugins/event_listener.py
[2024-07-01T17:49:44.865+0530] {processor.py:842} WARNING - No viable dags retrieved from /home/bharat/.local/lib/python3.11/site-packages/airflow/example_dags/plugins/event_listener.py
[2024-07-01T17:49:44.868+0530] {processor.py:183} INFO - Processing /home/bharat/.local/lib/python3.11/site-packages/airflow/example_dags/plugins/event_listener.py took 0.011 seconds
[2024-07-01T17:50:39.833+0530] {processor.py:161} INFO - Started process (PID=11471) to work on /home/bharat/.local/lib/python3.11/site-packages/airflow/example_dags/plugins/event_listener.py
[2024-07-01T17:50:39.833+0530] {processor.py:830} INFO - Processing file /home/bharat/.local/lib/python3.11/site-packages/airflow/example_dags/plugins/event_listener.py for tasks to queue
[2024-07-01T17:50:39.834+0530] {logging_mixin.py:188} INFO - [2024-07-01T17:50:39.834+0530] {dagbag.py:545} INFO - Filling up the DagBag from /home/bharat/.local/lib/python3.11/site-packages/airflow/example_dags/plugins/event_listener.py
[2024-07-01T17:50:39.835+0530] {processor.py:842} WARNING - No viable dags retrieved from /home/bharat/.local/lib/python3.11/site-packages/airflow/example_dags/plugins/event_listener.py
[2024-07-01T17:50:39.838+0530] {processor.py:183} INFO - Processing /home/bharat/.local/lib/python3.11/site-packages/airflow/example_dags/plugins/event_listener.py took 0.009 seconds
[2024-07-01T17:51:44.786+0530] {processor.py:161} INFO - Started process (PID=11679) to work on /home/bharat/.local/lib/python3.11/site-packages/airflow/example_dags/plugins/event_listener.py
[2024-07-01T17:51:44.787+0530] {processor.py:830} INFO - Processing file /home/bharat/.local/lib/python3.11/site-packages/airflow/example_dags/plugins/event_listener.py for tasks to queue
[2024-07-01T17:51:44.788+0530] {logging_mixin.py:188} INFO - [2024-07-01T17:51:44.788+0530] {dagbag.py:545} INFO - Filling up the DagBag from /home/bharat/.local/lib/python3.11/site-packages/airflow/example_dags/plugins/event_listener.py
[2024-07-01T17:51:44.789+0530] {processor.py:842} WARNING - No viable dags retrieved from /home/bharat/.local/lib/python3.11/site-packages/airflow/example_dags/plugins/event_listener.py
[2024-07-01T17:51:44.793+0530] {processor.py:183} INFO - Processing /home/bharat/.local/lib/python3.11/site-packages/airflow/example_dags/plugins/event_listener.py took 0.010 seconds
[2024-07-01T17:52:57.956+0530] {processor.py:161} INFO - Started process (PID=12068) to work on /home/bharat/.local/lib/python3.11/site-packages/airflow/example_dags/plugins/event_listener.py
[2024-07-01T17:52:57.957+0530] {processor.py:830} INFO - Processing file /home/bharat/.local/lib/python3.11/site-packages/airflow/example_dags/plugins/event_listener.py for tasks to queue
[2024-07-01T17:52:57.958+0530] {logging_mixin.py:188} INFO - [2024-07-01T17:52:57.958+0530] {dagbag.py:545} INFO - Filling up the DagBag from /home/bharat/.local/lib/python3.11/site-packages/airflow/example_dags/plugins/event_listener.py
[2024-07-01T17:52:57.960+0530] {processor.py:842} WARNING - No viable dags retrieved from /home/bharat/.local/lib/python3.11/site-packages/airflow/example_dags/plugins/event_listener.py
[2024-07-01T17:52:57.966+0530] {processor.py:183} INFO - Processing /home/bharat/.local/lib/python3.11/site-packages/airflow/example_dags/plugins/event_listener.py took 0.019 seconds
[2024-07-01T17:54:01.697+0530] {processor.py:161} INFO - Started process (PID=12470) to work on /home/bharat/.local/lib/python3.11/site-packages/airflow/example_dags/plugins/event_listener.py
[2024-07-01T17:54:01.697+0530] {processor.py:830} INFO - Processing file /home/bharat/.local/lib/python3.11/site-packages/airflow/example_dags/plugins/event_listener.py for tasks to queue
[2024-07-01T17:54:01.699+0530] {logging_mixin.py:188} INFO - [2024-07-01T17:54:01.699+0530] {dagbag.py:545} INFO - Filling up the DagBag from /home/bharat/.local/lib/python3.11/site-packages/airflow/example_dags/plugins/event_listener.py
[2024-07-01T17:54:01.701+0530] {processor.py:842} WARNING - No viable dags retrieved from /home/bharat/.local/lib/python3.11/site-packages/airflow/example_dags/plugins/event_listener.py
[2024-07-01T17:54:01.707+0530] {processor.py:183} INFO - Processing /home/bharat/.local/lib/python3.11/site-packages/airflow/example_dags/plugins/event_listener.py took 0.015 seconds
[2024-07-01T17:55:03.533+0530] {processor.py:161} INFO - Started process (PID=12569) to work on /home/bharat/.local/lib/python3.11/site-packages/airflow/example_dags/plugins/event_listener.py
[2024-07-01T17:55:03.533+0530] {processor.py:830} INFO - Processing file /home/bharat/.local/lib/python3.11/site-packages/airflow/example_dags/plugins/event_listener.py for tasks to queue
[2024-07-01T17:55:03.534+0530] {logging_mixin.py:188} INFO - [2024-07-01T17:55:03.534+0530] {dagbag.py:545} INFO - Filling up the DagBag from /home/bharat/.local/lib/python3.11/site-packages/airflow/example_dags/plugins/event_listener.py
[2024-07-01T17:55:03.535+0530] {processor.py:842} WARNING - No viable dags retrieved from /home/bharat/.local/lib/python3.11/site-packages/airflow/example_dags/plugins/event_listener.py
[2024-07-01T17:55:03.539+0530] {processor.py:183} INFO - Processing /home/bharat/.local/lib/python3.11/site-packages/airflow/example_dags/plugins/event_listener.py took 0.010 seconds
[2024-07-01T17:55:56.521+0530] {processor.py:161} INFO - Started process (PID=12650) to work on /home/bharat/.local/lib/python3.11/site-packages/airflow/example_dags/plugins/event_listener.py
[2024-07-01T17:55:56.521+0530] {processor.py:830} INFO - Processing file /home/bharat/.local/lib/python3.11/site-packages/airflow/example_dags/plugins/event_listener.py for tasks to queue
[2024-07-01T17:55:56.522+0530] {logging_mixin.py:188} INFO - [2024-07-01T17:55:56.522+0530] {dagbag.py:545} INFO - Filling up the DagBag from /home/bharat/.local/lib/python3.11/site-packages/airflow/example_dags/plugins/event_listener.py
[2024-07-01T17:55:56.524+0530] {processor.py:842} WARNING - No viable dags retrieved from /home/bharat/.local/lib/python3.11/site-packages/airflow/example_dags/plugins/event_listener.py
[2024-07-01T17:55:56.531+0530] {processor.py:183} INFO - Processing /home/bharat/.local/lib/python3.11/site-packages/airflow/example_dags/plugins/event_listener.py took 0.016 seconds
[2024-07-01T17:56:49.068+0530] {processor.py:161} INFO - Started process (PID=12723) to work on /home/bharat/.local/lib/python3.11/site-packages/airflow/example_dags/plugins/event_listener.py
[2024-07-01T17:56:49.069+0530] {processor.py:830} INFO - Processing file /home/bharat/.local/lib/python3.11/site-packages/airflow/example_dags/plugins/event_listener.py for tasks to queue
[2024-07-01T17:56:49.071+0530] {logging_mixin.py:188} INFO - [2024-07-01T17:56:49.071+0530] {dagbag.py:545} INFO - Filling up the DagBag from /home/bharat/.local/lib/python3.11/site-packages/airflow/example_dags/plugins/event_listener.py
[2024-07-01T17:56:49.073+0530] {processor.py:842} WARNING - No viable dags retrieved from /home/bharat/.local/lib/python3.11/site-packages/airflow/example_dags/plugins/event_listener.py
[2024-07-01T17:56:49.080+0530] {processor.py:183} INFO - Processing /home/bharat/.local/lib/python3.11/site-packages/airflow/example_dags/plugins/event_listener.py took 0.018 seconds
[2024-07-01T17:57:42.488+0530] {processor.py:161} INFO - Started process (PID=12797) to work on /home/bharat/.local/lib/python3.11/site-packages/airflow/example_dags/plugins/event_listener.py
[2024-07-01T17:57:42.488+0530] {processor.py:830} INFO - Processing file /home/bharat/.local/lib/python3.11/site-packages/airflow/example_dags/plugins/event_listener.py for tasks to queue
[2024-07-01T17:57:42.489+0530] {logging_mixin.py:188} INFO - [2024-07-01T17:57:42.489+0530] {dagbag.py:545} INFO - Filling up the DagBag from /home/bharat/.local/lib/python3.11/site-packages/airflow/example_dags/plugins/event_listener.py
[2024-07-01T17:57:42.490+0530] {processor.py:842} WARNING - No viable dags retrieved from /home/bharat/.local/lib/python3.11/site-packages/airflow/example_dags/plugins/event_listener.py
[2024-07-01T17:57:42.493+0530] {processor.py:183} INFO - Processing /home/bharat/.local/lib/python3.11/site-packages/airflow/example_dags/plugins/event_listener.py took 0.011 seconds
[2024-07-01T17:58:35.317+0530] {processor.py:161} INFO - Started process (PID=12898) to work on /home/bharat/.local/lib/python3.11/site-packages/airflow/example_dags/plugins/event_listener.py
[2024-07-01T17:58:35.317+0530] {processor.py:830} INFO - Processing file /home/bharat/.local/lib/python3.11/site-packages/airflow/example_dags/plugins/event_listener.py for tasks to queue
[2024-07-01T17:58:35.318+0530] {logging_mixin.py:188} INFO - [2024-07-01T17:58:35.318+0530] {dagbag.py:545} INFO - Filling up the DagBag from /home/bharat/.local/lib/python3.11/site-packages/airflow/example_dags/plugins/event_listener.py
[2024-07-01T17:58:35.319+0530] {processor.py:842} WARNING - No viable dags retrieved from /home/bharat/.local/lib/python3.11/site-packages/airflow/example_dags/plugins/event_listener.py
[2024-07-01T17:58:35.322+0530] {processor.py:183} INFO - Processing /home/bharat/.local/lib/python3.11/site-packages/airflow/example_dags/plugins/event_listener.py took 0.012 seconds
[2024-07-01T17:59:25.635+0530] {processor.py:161} INFO - Started process (PID=12968) to work on /home/bharat/.local/lib/python3.11/site-packages/airflow/example_dags/plugins/event_listener.py
[2024-07-01T17:59:25.635+0530] {processor.py:830} INFO - Processing file /home/bharat/.local/lib/python3.11/site-packages/airflow/example_dags/plugins/event_listener.py for tasks to queue
[2024-07-01T17:59:25.636+0530] {logging_mixin.py:188} INFO - [2024-07-01T17:59:25.636+0530] {dagbag.py:545} INFO - Filling up the DagBag from /home/bharat/.local/lib/python3.11/site-packages/airflow/example_dags/plugins/event_listener.py
[2024-07-01T17:59:25.637+0530] {processor.py:842} WARNING - No viable dags retrieved from /home/bharat/.local/lib/python3.11/site-packages/airflow/example_dags/plugins/event_listener.py
[2024-07-01T17:59:25.640+0530] {processor.py:183} INFO - Processing /home/bharat/.local/lib/python3.11/site-packages/airflow/example_dags/plugins/event_listener.py took 0.011 seconds
[2024-07-01T18:00:17.029+0530] {processor.py:161} INFO - Started process (PID=13045) to work on /home/bharat/.local/lib/python3.11/site-packages/airflow/example_dags/plugins/event_listener.py
[2024-07-01T18:00:17.030+0530] {processor.py:830} INFO - Processing file /home/bharat/.local/lib/python3.11/site-packages/airflow/example_dags/plugins/event_listener.py for tasks to queue
[2024-07-01T18:00:17.031+0530] {logging_mixin.py:188} INFO - [2024-07-01T18:00:17.031+0530] {dagbag.py:545} INFO - Filling up the DagBag from /home/bharat/.local/lib/python3.11/site-packages/airflow/example_dags/plugins/event_listener.py
[2024-07-01T18:00:17.033+0530] {processor.py:842} WARNING - No viable dags retrieved from /home/bharat/.local/lib/python3.11/site-packages/airflow/example_dags/plugins/event_listener.py
[2024-07-01T18:00:17.038+0530] {processor.py:183} INFO - Processing /home/bharat/.local/lib/python3.11/site-packages/airflow/example_dags/plugins/event_listener.py took 0.018 seconds
[2024-07-01T18:01:09.679+0530] {processor.py:161} INFO - Started process (PID=13120) to work on /home/bharat/.local/lib/python3.11/site-packages/airflow/example_dags/plugins/event_listener.py
[2024-07-01T18:01:09.679+0530] {processor.py:830} INFO - Processing file /home/bharat/.local/lib/python3.11/site-packages/airflow/example_dags/plugins/event_listener.py for tasks to queue
[2024-07-01T18:01:09.680+0530] {logging_mixin.py:188} INFO - [2024-07-01T18:01:09.680+0530] {dagbag.py:545} INFO - Filling up the DagBag from /home/bharat/.local/lib/python3.11/site-packages/airflow/example_dags/plugins/event_listener.py
[2024-07-01T18:01:09.682+0530] {processor.py:842} WARNING - No viable dags retrieved from /home/bharat/.local/lib/python3.11/site-packages/airflow/example_dags/plugins/event_listener.py
[2024-07-01T18:01:09.686+0530] {processor.py:183} INFO - Processing /home/bharat/.local/lib/python3.11/site-packages/airflow/example_dags/plugins/event_listener.py took 0.013 seconds
[2024-07-01T18:02:01.908+0530] {processor.py:161} INFO - Started process (PID=13193) to work on /home/bharat/.local/lib/python3.11/site-packages/airflow/example_dags/plugins/event_listener.py
[2024-07-01T18:02:01.909+0530] {processor.py:830} INFO - Processing file /home/bharat/.local/lib/python3.11/site-packages/airflow/example_dags/plugins/event_listener.py for tasks to queue
[2024-07-01T18:02:01.911+0530] {logging_mixin.py:188} INFO - [2024-07-01T18:02:01.910+0530] {dagbag.py:545} INFO - Filling up the DagBag from /home/bharat/.local/lib/python3.11/site-packages/airflow/example_dags/plugins/event_listener.py
[2024-07-01T18:02:01.912+0530] {processor.py:842} WARNING - No viable dags retrieved from /home/bharat/.local/lib/python3.11/site-packages/airflow/example_dags/plugins/event_listener.py
[2024-07-01T18:02:01.917+0530] {processor.py:183} INFO - Processing /home/bharat/.local/lib/python3.11/site-packages/airflow/example_dags/plugins/event_listener.py took 0.017 seconds
[2024-07-01T18:02:54.917+0530] {processor.py:161} INFO - Started process (PID=13266) to work on /home/bharat/.local/lib/python3.11/site-packages/airflow/example_dags/plugins/event_listener.py
[2024-07-01T18:02:54.918+0530] {processor.py:830} INFO - Processing file /home/bharat/.local/lib/python3.11/site-packages/airflow/example_dags/plugins/event_listener.py for tasks to queue
[2024-07-01T18:02:54.919+0530] {logging_mixin.py:188} INFO - [2024-07-01T18:02:54.919+0530] {dagbag.py:545} INFO - Filling up the DagBag from /home/bharat/.local/lib/python3.11/site-packages/airflow/example_dags/plugins/event_listener.py
[2024-07-01T18:02:54.920+0530] {processor.py:842} WARNING - No viable dags retrieved from /home/bharat/.local/lib/python3.11/site-packages/airflow/example_dags/plugins/event_listener.py
[2024-07-01T18:02:54.925+0530] {processor.py:183} INFO - Processing /home/bharat/.local/lib/python3.11/site-packages/airflow/example_dags/plugins/event_listener.py took 0.015 seconds
[2024-07-01T18:03:45.464+0530] {processor.py:161} INFO - Started process (PID=13365) to work on /home/bharat/.local/lib/python3.11/site-packages/airflow/example_dags/plugins/event_listener.py
[2024-07-01T18:03:45.465+0530] {processor.py:830} INFO - Processing file /home/bharat/.local/lib/python3.11/site-packages/airflow/example_dags/plugins/event_listener.py for tasks to queue
[2024-07-01T18:03:45.467+0530] {logging_mixin.py:188} INFO - [2024-07-01T18:03:45.466+0530] {dagbag.py:545} INFO - Filling up the DagBag from /home/bharat/.local/lib/python3.11/site-packages/airflow/example_dags/plugins/event_listener.py
[2024-07-01T18:03:45.468+0530] {processor.py:842} WARNING - No viable dags retrieved from /home/bharat/.local/lib/python3.11/site-packages/airflow/example_dags/plugins/event_listener.py
[2024-07-01T18:03:45.473+0530] {processor.py:183} INFO - Processing /home/bharat/.local/lib/python3.11/site-packages/airflow/example_dags/plugins/event_listener.py took 0.016 seconds
[2024-07-01T18:04:38.277+0530] {processor.py:161} INFO - Started process (PID=13759) to work on /home/bharat/.local/lib/python3.11/site-packages/airflow/example_dags/plugins/event_listener.py
[2024-07-01T18:04:38.278+0530] {processor.py:830} INFO - Processing file /home/bharat/.local/lib/python3.11/site-packages/airflow/example_dags/plugins/event_listener.py for tasks to queue
[2024-07-01T18:04:38.278+0530] {logging_mixin.py:188} INFO - [2024-07-01T18:04:38.278+0530] {dagbag.py:545} INFO - Filling up the DagBag from /home/bharat/.local/lib/python3.11/site-packages/airflow/example_dags/plugins/event_listener.py
[2024-07-01T18:04:38.279+0530] {processor.py:842} WARNING - No viable dags retrieved from /home/bharat/.local/lib/python3.11/site-packages/airflow/example_dags/plugins/event_listener.py
[2024-07-01T18:04:38.284+0530] {processor.py:183} INFO - Processing /home/bharat/.local/lib/python3.11/site-packages/airflow/example_dags/plugins/event_listener.py took 0.009 seconds
[2024-07-01T18:05:30.886+0530] {processor.py:161} INFO - Started process (PID=13943) to work on /home/bharat/.local/lib/python3.11/site-packages/airflow/example_dags/plugins/event_listener.py
[2024-07-01T18:05:30.887+0530] {processor.py:830} INFO - Processing file /home/bharat/.local/lib/python3.11/site-packages/airflow/example_dags/plugins/event_listener.py for tasks to queue
[2024-07-01T18:05:30.888+0530] {logging_mixin.py:188} INFO - [2024-07-01T18:05:30.888+0530] {dagbag.py:545} INFO - Filling up the DagBag from /home/bharat/.local/lib/python3.11/site-packages/airflow/example_dags/plugins/event_listener.py
[2024-07-01T18:05:30.889+0530] {processor.py:842} WARNING - No viable dags retrieved from /home/bharat/.local/lib/python3.11/site-packages/airflow/example_dags/plugins/event_listener.py
[2024-07-01T18:05:30.893+0530] {processor.py:183} INFO - Processing /home/bharat/.local/lib/python3.11/site-packages/airflow/example_dags/plugins/event_listener.py took 0.014 seconds
[2024-07-01T18:06:20.362+0530] {processor.py:161} INFO - Started process (PID=14031) to work on /home/bharat/.local/lib/python3.11/site-packages/airflow/example_dags/plugins/event_listener.py
[2024-07-01T18:06:20.362+0530] {processor.py:830} INFO - Processing file /home/bharat/.local/lib/python3.11/site-packages/airflow/example_dags/plugins/event_listener.py for tasks to queue
[2024-07-01T18:06:20.364+0530] {logging_mixin.py:188} INFO - [2024-07-01T18:06:20.364+0530] {dagbag.py:545} INFO - Filling up the DagBag from /home/bharat/.local/lib/python3.11/site-packages/airflow/example_dags/plugins/event_listener.py
[2024-07-01T18:06:20.366+0530] {processor.py:842} WARNING - No viable dags retrieved from /home/bharat/.local/lib/python3.11/site-packages/airflow/example_dags/plugins/event_listener.py
[2024-07-01T18:06:20.372+0530] {processor.py:183} INFO - Processing /home/bharat/.local/lib/python3.11/site-packages/airflow/example_dags/plugins/event_listener.py took 0.015 seconds
[2024-07-01T18:07:11.192+0530] {processor.py:161} INFO - Started process (PID=14103) to work on /home/bharat/.local/lib/python3.11/site-packages/airflow/example_dags/plugins/event_listener.py
[2024-07-01T18:07:11.193+0530] {processor.py:830} INFO - Processing file /home/bharat/.local/lib/python3.11/site-packages/airflow/example_dags/plugins/event_listener.py for tasks to queue
[2024-07-01T18:07:11.195+0530] {logging_mixin.py:188} INFO - [2024-07-01T18:07:11.194+0530] {dagbag.py:545} INFO - Filling up the DagBag from /home/bharat/.local/lib/python3.11/site-packages/airflow/example_dags/plugins/event_listener.py
[2024-07-01T18:07:11.196+0530] {processor.py:842} WARNING - No viable dags retrieved from /home/bharat/.local/lib/python3.11/site-packages/airflow/example_dags/plugins/event_listener.py
[2024-07-01T18:07:11.201+0530] {processor.py:183} INFO - Processing /home/bharat/.local/lib/python3.11/site-packages/airflow/example_dags/plugins/event_listener.py took 0.017 seconds
[2024-07-01T18:08:00.600+0530] {processor.py:161} INFO - Started process (PID=14174) to work on /home/bharat/.local/lib/python3.11/site-packages/airflow/example_dags/plugins/event_listener.py
[2024-07-01T18:08:00.601+0530] {processor.py:830} INFO - Processing file /home/bharat/.local/lib/python3.11/site-packages/airflow/example_dags/plugins/event_listener.py for tasks to queue
[2024-07-01T18:08:00.601+0530] {logging_mixin.py:188} INFO - [2024-07-01T18:08:00.601+0530] {dagbag.py:545} INFO - Filling up the DagBag from /home/bharat/.local/lib/python3.11/site-packages/airflow/example_dags/plugins/event_listener.py
[2024-07-01T18:08:00.602+0530] {processor.py:842} WARNING - No viable dags retrieved from /home/bharat/.local/lib/python3.11/site-packages/airflow/example_dags/plugins/event_listener.py
[2024-07-01T18:08:00.606+0530] {processor.py:183} INFO - Processing /home/bharat/.local/lib/python3.11/site-packages/airflow/example_dags/plugins/event_listener.py took 0.011 seconds
[2024-07-01T18:08:51.988+0530] {processor.py:161} INFO - Started process (PID=14279) to work on /home/bharat/.local/lib/python3.11/site-packages/airflow/example_dags/plugins/event_listener.py
[2024-07-01T18:08:51.988+0530] {processor.py:830} INFO - Processing file /home/bharat/.local/lib/python3.11/site-packages/airflow/example_dags/plugins/event_listener.py for tasks to queue
[2024-07-01T18:08:51.989+0530] {logging_mixin.py:188} INFO - [2024-07-01T18:08:51.989+0530] {dagbag.py:545} INFO - Filling up the DagBag from /home/bharat/.local/lib/python3.11/site-packages/airflow/example_dags/plugins/event_listener.py
[2024-07-01T18:08:51.990+0530] {processor.py:842} WARNING - No viable dags retrieved from /home/bharat/.local/lib/python3.11/site-packages/airflow/example_dags/plugins/event_listener.py
[2024-07-01T18:08:51.994+0530] {processor.py:183} INFO - Processing /home/bharat/.local/lib/python3.11/site-packages/airflow/example_dags/plugins/event_listener.py took 0.011 seconds
[2024-07-01T18:09:46.818+0530] {processor.py:161} INFO - Started process (PID=14440) to work on /home/bharat/.local/lib/python3.11/site-packages/airflow/example_dags/plugins/event_listener.py
[2024-07-01T18:09:46.818+0530] {processor.py:830} INFO - Processing file /home/bharat/.local/lib/python3.11/site-packages/airflow/example_dags/plugins/event_listener.py for tasks to queue
[2024-07-01T18:09:46.819+0530] {logging_mixin.py:188} INFO - [2024-07-01T18:09:46.819+0530] {dagbag.py:545} INFO - Filling up the DagBag from /home/bharat/.local/lib/python3.11/site-packages/airflow/example_dags/plugins/event_listener.py
[2024-07-01T18:09:46.820+0530] {processor.py:842} WARNING - No viable dags retrieved from /home/bharat/.local/lib/python3.11/site-packages/airflow/example_dags/plugins/event_listener.py
[2024-07-01T18:09:46.823+0530] {processor.py:183} INFO - Processing /home/bharat/.local/lib/python3.11/site-packages/airflow/example_dags/plugins/event_listener.py took 0.010 seconds
[2024-07-01T18:10:37.849+0530] {processor.py:161} INFO - Started process (PID=14528) to work on /home/bharat/.local/lib/python3.11/site-packages/airflow/example_dags/plugins/event_listener.py
[2024-07-01T18:10:37.850+0530] {processor.py:830} INFO - Processing file /home/bharat/.local/lib/python3.11/site-packages/airflow/example_dags/plugins/event_listener.py for tasks to queue
[2024-07-01T18:10:37.850+0530] {logging_mixin.py:188} INFO - [2024-07-01T18:10:37.850+0530] {dagbag.py:545} INFO - Filling up the DagBag from /home/bharat/.local/lib/python3.11/site-packages/airflow/example_dags/plugins/event_listener.py
[2024-07-01T18:10:37.851+0530] {processor.py:842} WARNING - No viable dags retrieved from /home/bharat/.local/lib/python3.11/site-packages/airflow/example_dags/plugins/event_listener.py
[2024-07-01T18:10:37.855+0530] {processor.py:183} INFO - Processing /home/bharat/.local/lib/python3.11/site-packages/airflow/example_dags/plugins/event_listener.py took 0.009 seconds
[2024-07-01T18:11:30.351+0530] {processor.py:161} INFO - Started process (PID=14658) to work on /home/bharat/.local/lib/python3.11/site-packages/airflow/example_dags/plugins/event_listener.py
[2024-07-01T18:11:30.352+0530] {processor.py:830} INFO - Processing file /home/bharat/.local/lib/python3.11/site-packages/airflow/example_dags/plugins/event_listener.py for tasks to queue
[2024-07-01T18:11:30.354+0530] {logging_mixin.py:188} INFO - [2024-07-01T18:11:30.354+0530] {dagbag.py:545} INFO - Filling up the DagBag from /home/bharat/.local/lib/python3.11/site-packages/airflow/example_dags/plugins/event_listener.py
[2024-07-01T18:11:30.356+0530] {processor.py:842} WARNING - No viable dags retrieved from /home/bharat/.local/lib/python3.11/site-packages/airflow/example_dags/plugins/event_listener.py
[2024-07-01T18:11:30.362+0530] {processor.py:183} INFO - Processing /home/bharat/.local/lib/python3.11/site-packages/airflow/example_dags/plugins/event_listener.py took 0.020 seconds
[2024-07-01T18:12:22.762+0530] {processor.py:161} INFO - Started process (PID=14844) to work on /home/bharat/.local/lib/python3.11/site-packages/airflow/example_dags/plugins/event_listener.py
[2024-07-01T18:12:22.762+0530] {processor.py:830} INFO - Processing file /home/bharat/.local/lib/python3.11/site-packages/airflow/example_dags/plugins/event_listener.py for tasks to queue
[2024-07-01T18:12:22.763+0530] {logging_mixin.py:188} INFO - [2024-07-01T18:12:22.763+0530] {dagbag.py:545} INFO - Filling up the DagBag from /home/bharat/.local/lib/python3.11/site-packages/airflow/example_dags/plugins/event_listener.py
[2024-07-01T18:12:22.765+0530] {processor.py:842} WARNING - No viable dags retrieved from /home/bharat/.local/lib/python3.11/site-packages/airflow/example_dags/plugins/event_listener.py
[2024-07-01T18:12:22.772+0530] {processor.py:183} INFO - Processing /home/bharat/.local/lib/python3.11/site-packages/airflow/example_dags/plugins/event_listener.py took 0.014 seconds
