[2024-07-01T17:48:35.972+0530] {processor.py:161} INFO - Started process (PID=11007) to work on /home/bharat/.local/lib/python3.11/site-packages/airflow/example_dags/plugins/listener_plugin.py
[2024-07-01T17:48:35.972+0530] {processor.py:830} INFO - Processing file /home/bharat/.local/lib/python3.11/site-packages/airflow/example_dags/plugins/listener_plugin.py for tasks to queue
[2024-07-01T17:48:35.973+0530] {logging_mixin.py:188} INFO - [2024-07-01T17:48:35.973+0530] {dagbag.py:545} INFO - Filling up the DagBag from /home/bharat/.local/lib/python3.11/site-packages/airflow/example_dags/plugins/listener_plugin.py
[2024-07-01T17:48:35.974+0530] {processor.py:842} WARNING - No viable dags retrieved from /home/bharat/.local/lib/python3.11/site-packages/airflow/example_dags/plugins/listener_plugin.py
[2024-07-01T17:48:35.980+0530] {processor.py:183} INFO - Processing /home/bharat/.local/lib/python3.11/site-packages/airflow/example_dags/plugins/listener_plugin.py took 0.011 seconds
[2024-07-01T17:49:43.766+0530] {processor.py:161} INFO - Started process (PID=11389) to work on /home/bharat/.local/lib/python3.11/site-packages/airflow/example_dags/plugins/listener_plugin.py
[2024-07-01T17:49:43.767+0530] {processor.py:830} INFO - Processing file /home/bharat/.local/lib/python3.11/site-packages/airflow/example_dags/plugins/listener_plugin.py for tasks to queue
[2024-07-01T17:49:43.769+0530] {logging_mixin.py:188} INFO - [2024-07-01T17:49:43.768+0530] {dagbag.py:545} INFO - Filling up the DagBag from /home/bharat/.local/lib/python3.11/site-packages/airflow/example_dags/plugins/listener_plugin.py
[2024-07-01T17:49:43.770+0530] {processor.py:842} WARNING - No viable dags retrieved from /home/bharat/.local/lib/python3.11/site-packages/airflow/example_dags/plugins/listener_plugin.py
[2024-07-01T17:49:43.774+0530] {processor.py:183} INFO - Processing /home/bharat/.local/lib/python3.11/site-packages/airflow/example_dags/plugins/listener_plugin.py took 0.015 seconds
[2024-07-01T17:50:39.656+0530] {processor.py:161} INFO - Started process (PID=11470) to work on /home/bharat/.local/lib/python3.11/site-packages/airflow/example_dags/plugins/listener_plugin.py
[2024-07-01T17:50:39.656+0530] {processor.py:830} INFO - Processing file /home/bharat/.local/lib/python3.11/site-packages/airflow/example_dags/plugins/listener_plugin.py for tasks to queue
[2024-07-01T17:50:39.658+0530] {logging_mixin.py:188} INFO - [2024-07-01T17:50:39.658+0530] {dagbag.py:545} INFO - Filling up the DagBag from /home/bharat/.local/lib/python3.11/site-packages/airflow/example_dags/plugins/listener_plugin.py
[2024-07-01T17:50:39.660+0530] {processor.py:842} WARNING - No viable dags retrieved from /home/bharat/.local/lib/python3.11/site-packages/airflow/example_dags/plugins/listener_plugin.py
[2024-07-01T17:50:39.666+0530] {processor.py:183} INFO - Processing /home/bharat/.local/lib/python3.11/site-packages/airflow/example_dags/plugins/listener_plugin.py took 0.013 seconds
[2024-07-01T17:51:44.208+0530] {processor.py:161} INFO - Started process (PID=11678) to work on /home/bharat/.local/lib/python3.11/site-packages/airflow/example_dags/plugins/listener_plugin.py
[2024-07-01T17:51:44.209+0530] {processor.py:830} INFO - Processing file /home/bharat/.local/lib/python3.11/site-packages/airflow/example_dags/plugins/listener_plugin.py for tasks to queue
[2024-07-01T17:51:44.210+0530] {logging_mixin.py:188} INFO - [2024-07-01T17:51:44.209+0530] {dagbag.py:545} INFO - Filling up the DagBag from /home/bharat/.local/lib/python3.11/site-packages/airflow/example_dags/plugins/listener_plugin.py
[2024-07-01T17:51:44.211+0530] {processor.py:842} WARNING - No viable dags retrieved from /home/bharat/.local/lib/python3.11/site-packages/airflow/example_dags/plugins/listener_plugin.py
[2024-07-01T17:51:44.215+0530] {processor.py:183} INFO - Processing /home/bharat/.local/lib/python3.11/site-packages/airflow/example_dags/plugins/listener_plugin.py took 0.010 seconds
[2024-07-01T17:52:57.366+0530] {processor.py:161} INFO - Started process (PID=12067) to work on /home/bharat/.local/lib/python3.11/site-packages/airflow/example_dags/plugins/listener_plugin.py
[2024-07-01T17:52:57.367+0530] {processor.py:830} INFO - Processing file /home/bharat/.local/lib/python3.11/site-packages/airflow/example_dags/plugins/listener_plugin.py for tasks to queue
[2024-07-01T17:52:57.368+0530] {logging_mixin.py:188} INFO - [2024-07-01T17:52:57.368+0530] {dagbag.py:545} INFO - Filling up the DagBag from /home/bharat/.local/lib/python3.11/site-packages/airflow/example_dags/plugins/listener_plugin.py
[2024-07-01T17:52:57.369+0530] {processor.py:842} WARNING - No viable dags retrieved from /home/bharat/.local/lib/python3.11/site-packages/airflow/example_dags/plugins/listener_plugin.py
[2024-07-01T17:52:57.373+0530] {processor.py:183} INFO - Processing /home/bharat/.local/lib/python3.11/site-packages/airflow/example_dags/plugins/listener_plugin.py took 0.012 seconds
[2024-07-01T17:54:00.552+0530] {processor.py:161} INFO - Started process (PID=12456) to work on /home/bharat/.local/lib/python3.11/site-packages/airflow/example_dags/plugins/listener_plugin.py
[2024-07-01T17:54:00.553+0530] {processor.py:830} INFO - Processing file /home/bharat/.local/lib/python3.11/site-packages/airflow/example_dags/plugins/listener_plugin.py for tasks to queue
[2024-07-01T17:54:00.554+0530] {logging_mixin.py:188} INFO - [2024-07-01T17:54:00.554+0530] {dagbag.py:545} INFO - Filling up the DagBag from /home/bharat/.local/lib/python3.11/site-packages/airflow/example_dags/plugins/listener_plugin.py
[2024-07-01T17:54:00.556+0530] {processor.py:842} WARNING - No viable dags retrieved from /home/bharat/.local/lib/python3.11/site-packages/airflow/example_dags/plugins/listener_plugin.py
[2024-07-01T17:54:00.561+0530] {processor.py:183} INFO - Processing /home/bharat/.local/lib/python3.11/site-packages/airflow/example_dags/plugins/listener_plugin.py took 0.018 seconds
[2024-07-01T17:55:02.391+0530] {processor.py:161} INFO - Started process (PID=12568) to work on /home/bharat/.local/lib/python3.11/site-packages/airflow/example_dags/plugins/listener_plugin.py
[2024-07-01T17:55:02.391+0530] {processor.py:830} INFO - Processing file /home/bharat/.local/lib/python3.11/site-packages/airflow/example_dags/plugins/listener_plugin.py for tasks to queue
[2024-07-01T17:55:02.393+0530] {logging_mixin.py:188} INFO - [2024-07-01T17:55:02.392+0530] {dagbag.py:545} INFO - Filling up the DagBag from /home/bharat/.local/lib/python3.11/site-packages/airflow/example_dags/plugins/listener_plugin.py
[2024-07-01T17:55:02.395+0530] {processor.py:842} WARNING - No viable dags retrieved from /home/bharat/.local/lib/python3.11/site-packages/airflow/example_dags/plugins/listener_plugin.py
[2024-07-01T17:55:02.402+0530] {processor.py:183} INFO - Processing /home/bharat/.local/lib/python3.11/site-packages/airflow/example_dags/plugins/listener_plugin.py took 0.016 seconds
[2024-07-01T17:55:56.240+0530] {processor.py:161} INFO - Started process (PID=12649) to work on /home/bharat/.local/lib/python3.11/site-packages/airflow/example_dags/plugins/listener_plugin.py
[2024-07-01T17:55:56.240+0530] {processor.py:830} INFO - Processing file /home/bharat/.local/lib/python3.11/site-packages/airflow/example_dags/plugins/listener_plugin.py for tasks to queue
[2024-07-01T17:55:56.241+0530] {logging_mixin.py:188} INFO - [2024-07-01T17:55:56.241+0530] {dagbag.py:545} INFO - Filling up the DagBag from /home/bharat/.local/lib/python3.11/site-packages/airflow/example_dags/plugins/listener_plugin.py
[2024-07-01T17:55:56.244+0530] {processor.py:842} WARNING - No viable dags retrieved from /home/bharat/.local/lib/python3.11/site-packages/airflow/example_dags/plugins/listener_plugin.py
[2024-07-01T17:55:56.250+0530] {processor.py:183} INFO - Processing /home/bharat/.local/lib/python3.11/site-packages/airflow/example_dags/plugins/listener_plugin.py took 0.016 seconds
[2024-07-01T17:56:47.932+0530] {processor.py:161} INFO - Started process (PID=12722) to work on /home/bharat/.local/lib/python3.11/site-packages/airflow/example_dags/plugins/listener_plugin.py
[2024-07-01T17:56:47.932+0530] {processor.py:830} INFO - Processing file /home/bharat/.local/lib/python3.11/site-packages/airflow/example_dags/plugins/listener_plugin.py for tasks to queue
[2024-07-01T17:56:47.935+0530] {logging_mixin.py:188} INFO - [2024-07-01T17:56:47.934+0530] {dagbag.py:545} INFO - Filling up the DagBag from /home/bharat/.local/lib/python3.11/site-packages/airflow/example_dags/plugins/listener_plugin.py
[2024-07-01T17:56:47.937+0530] {processor.py:842} WARNING - No viable dags retrieved from /home/bharat/.local/lib/python3.11/site-packages/airflow/example_dags/plugins/listener_plugin.py
[2024-07-01T17:56:47.944+0530] {processor.py:183} INFO - Processing /home/bharat/.local/lib/python3.11/site-packages/airflow/example_dags/plugins/listener_plugin.py took 0.016 seconds
[2024-07-01T17:57:41.772+0530] {processor.py:161} INFO - Started process (PID=12796) to work on /home/bharat/.local/lib/python3.11/site-packages/airflow/example_dags/plugins/listener_plugin.py
[2024-07-01T17:57:41.772+0530] {processor.py:830} INFO - Processing file /home/bharat/.local/lib/python3.11/site-packages/airflow/example_dags/plugins/listener_plugin.py for tasks to queue
[2024-07-01T17:57:41.774+0530] {logging_mixin.py:188} INFO - [2024-07-01T17:57:41.774+0530] {dagbag.py:545} INFO - Filling up the DagBag from /home/bharat/.local/lib/python3.11/site-packages/airflow/example_dags/plugins/listener_plugin.py
[2024-07-01T17:57:41.777+0530] {processor.py:842} WARNING - No viable dags retrieved from /home/bharat/.local/lib/python3.11/site-packages/airflow/example_dags/plugins/listener_plugin.py
[2024-07-01T17:57:41.783+0530] {processor.py:183} INFO - Processing /home/bharat/.local/lib/python3.11/site-packages/airflow/example_dags/plugins/listener_plugin.py took 0.015 seconds
[2024-07-01T17:58:34.184+0530] {processor.py:161} INFO - Started process (PID=12897) to work on /home/bharat/.local/lib/python3.11/site-packages/airflow/example_dags/plugins/listener_plugin.py
[2024-07-01T17:58:34.185+0530] {processor.py:830} INFO - Processing file /home/bharat/.local/lib/python3.11/site-packages/airflow/example_dags/plugins/listener_plugin.py for tasks to queue
[2024-07-01T17:58:34.185+0530] {logging_mixin.py:188} INFO - [2024-07-01T17:58:34.185+0530] {dagbag.py:545} INFO - Filling up the DagBag from /home/bharat/.local/lib/python3.11/site-packages/airflow/example_dags/plugins/listener_plugin.py
[2024-07-01T17:58:34.186+0530] {processor.py:842} WARNING - No viable dags retrieved from /home/bharat/.local/lib/python3.11/site-packages/airflow/example_dags/plugins/listener_plugin.py
[2024-07-01T17:58:34.190+0530] {processor.py:183} INFO - Processing /home/bharat/.local/lib/python3.11/site-packages/airflow/example_dags/plugins/listener_plugin.py took 0.010 seconds
[2024-07-01T17:59:24.478+0530] {processor.py:161} INFO - Started process (PID=12967) to work on /home/bharat/.local/lib/python3.11/site-packages/airflow/example_dags/plugins/listener_plugin.py
[2024-07-01T17:59:24.478+0530] {processor.py:830} INFO - Processing file /home/bharat/.local/lib/python3.11/site-packages/airflow/example_dags/plugins/listener_plugin.py for tasks to queue
[2024-07-01T17:59:24.480+0530] {logging_mixin.py:188} INFO - [2024-07-01T17:59:24.479+0530] {dagbag.py:545} INFO - Filling up the DagBag from /home/bharat/.local/lib/python3.11/site-packages/airflow/example_dags/plugins/listener_plugin.py
[2024-07-01T17:59:24.482+0530] {processor.py:842} WARNING - No viable dags retrieved from /home/bharat/.local/lib/python3.11/site-packages/airflow/example_dags/plugins/listener_plugin.py
[2024-07-01T17:59:24.489+0530] {processor.py:183} INFO - Processing /home/bharat/.local/lib/python3.11/site-packages/airflow/example_dags/plugins/listener_plugin.py took 0.015 seconds
[2024-07-01T18:00:15.887+0530] {processor.py:161} INFO - Started process (PID=13044) to work on /home/bharat/.local/lib/python3.11/site-packages/airflow/example_dags/plugins/listener_plugin.py
[2024-07-01T18:00:15.888+0530] {processor.py:830} INFO - Processing file /home/bharat/.local/lib/python3.11/site-packages/airflow/example_dags/plugins/listener_plugin.py for tasks to queue
[2024-07-01T18:00:15.889+0530] {logging_mixin.py:188} INFO - [2024-07-01T18:00:15.888+0530] {dagbag.py:545} INFO - Filling up the DagBag from /home/bharat/.local/lib/python3.11/site-packages/airflow/example_dags/plugins/listener_plugin.py
[2024-07-01T18:00:15.890+0530] {processor.py:842} WARNING - No viable dags retrieved from /home/bharat/.local/lib/python3.11/site-packages/airflow/example_dags/plugins/listener_plugin.py
[2024-07-01T18:00:15.895+0530] {processor.py:183} INFO - Processing /home/bharat/.local/lib/python3.11/site-packages/airflow/example_dags/plugins/listener_plugin.py took 0.014 seconds
[2024-07-01T18:01:08.542+0530] {processor.py:161} INFO - Started process (PID=13119) to work on /home/bharat/.local/lib/python3.11/site-packages/airflow/example_dags/plugins/listener_plugin.py
[2024-07-01T18:01:08.543+0530] {processor.py:830} INFO - Processing file /home/bharat/.local/lib/python3.11/site-packages/airflow/example_dags/plugins/listener_plugin.py for tasks to queue
[2024-07-01T18:01:08.545+0530] {logging_mixin.py:188} INFO - [2024-07-01T18:01:08.544+0530] {dagbag.py:545} INFO - Filling up the DagBag from /home/bharat/.local/lib/python3.11/site-packages/airflow/example_dags/plugins/listener_plugin.py
[2024-07-01T18:01:08.547+0530] {processor.py:842} WARNING - No viable dags retrieved from /home/bharat/.local/lib/python3.11/site-packages/airflow/example_dags/plugins/listener_plugin.py
[2024-07-01T18:01:08.554+0530] {processor.py:183} INFO - Processing /home/bharat/.local/lib/python3.11/site-packages/airflow/example_dags/plugins/listener_plugin.py took 0.015 seconds
[2024-07-01T18:02:00.775+0530] {processor.py:161} INFO - Started process (PID=13192) to work on /home/bharat/.local/lib/python3.11/site-packages/airflow/example_dags/plugins/listener_plugin.py
[2024-07-01T18:02:00.775+0530] {processor.py:830} INFO - Processing file /home/bharat/.local/lib/python3.11/site-packages/airflow/example_dags/plugins/listener_plugin.py for tasks to queue
[2024-07-01T18:02:00.776+0530] {logging_mixin.py:188} INFO - [2024-07-01T18:02:00.776+0530] {dagbag.py:545} INFO - Filling up the DagBag from /home/bharat/.local/lib/python3.11/site-packages/airflow/example_dags/plugins/listener_plugin.py
[2024-07-01T18:02:00.778+0530] {processor.py:842} WARNING - No viable dags retrieved from /home/bharat/.local/lib/python3.11/site-packages/airflow/example_dags/plugins/listener_plugin.py
[2024-07-01T18:02:00.782+0530] {processor.py:183} INFO - Processing /home/bharat/.local/lib/python3.11/site-packages/airflow/example_dags/plugins/listener_plugin.py took 0.013 seconds
[2024-07-01T18:02:53.784+0530] {processor.py:161} INFO - Started process (PID=13265) to work on /home/bharat/.local/lib/python3.11/site-packages/airflow/example_dags/plugins/listener_plugin.py
[2024-07-01T18:02:53.784+0530] {processor.py:830} INFO - Processing file /home/bharat/.local/lib/python3.11/site-packages/airflow/example_dags/plugins/listener_plugin.py for tasks to queue
[2024-07-01T18:02:53.785+0530] {logging_mixin.py:188} INFO - [2024-07-01T18:02:53.785+0530] {dagbag.py:545} INFO - Filling up the DagBag from /home/bharat/.local/lib/python3.11/site-packages/airflow/example_dags/plugins/listener_plugin.py
[2024-07-01T18:02:53.786+0530] {processor.py:842} WARNING - No viable dags retrieved from /home/bharat/.local/lib/python3.11/site-packages/airflow/example_dags/plugins/listener_plugin.py
[2024-07-01T18:02:53.790+0530] {processor.py:183} INFO - Processing /home/bharat/.local/lib/python3.11/site-packages/airflow/example_dags/plugins/listener_plugin.py took 0.012 seconds
[2024-07-01T18:03:44.468+0530] {processor.py:161} INFO - Started process (PID=13364) to work on /home/bharat/.local/lib/python3.11/site-packages/airflow/example_dags/plugins/listener_plugin.py
[2024-07-01T18:03:44.468+0530] {processor.py:830} INFO - Processing file /home/bharat/.local/lib/python3.11/site-packages/airflow/example_dags/plugins/listener_plugin.py for tasks to queue
[2024-07-01T18:03:44.470+0530] {logging_mixin.py:188} INFO - [2024-07-01T18:03:44.470+0530] {dagbag.py:545} INFO - Filling up the DagBag from /home/bharat/.local/lib/python3.11/site-packages/airflow/example_dags/plugins/listener_plugin.py
[2024-07-01T18:03:44.473+0530] {processor.py:842} WARNING - No viable dags retrieved from /home/bharat/.local/lib/python3.11/site-packages/airflow/example_dags/plugins/listener_plugin.py
[2024-07-01T18:03:44.480+0530] {processor.py:183} INFO - Processing /home/bharat/.local/lib/python3.11/site-packages/airflow/example_dags/plugins/listener_plugin.py took 0.016 seconds
[2024-07-01T18:04:37.516+0530] {processor.py:161} INFO - Started process (PID=13720) to work on /home/bharat/.local/lib/python3.11/site-packages/airflow/example_dags/plugins/listener_plugin.py
[2024-07-01T18:04:37.516+0530] {processor.py:830} INFO - Processing file /home/bharat/.local/lib/python3.11/site-packages/airflow/example_dags/plugins/listener_plugin.py for tasks to queue
[2024-07-01T18:04:37.517+0530] {logging_mixin.py:188} INFO - [2024-07-01T18:04:37.517+0530] {dagbag.py:545} INFO - Filling up the DagBag from /home/bharat/.local/lib/python3.11/site-packages/airflow/example_dags/plugins/listener_plugin.py
[2024-07-01T18:04:37.518+0530] {processor.py:842} WARNING - No viable dags retrieved from /home/bharat/.local/lib/python3.11/site-packages/airflow/example_dags/plugins/listener_plugin.py
[2024-07-01T18:04:37.522+0530] {processor.py:183} INFO - Processing /home/bharat/.local/lib/python3.11/site-packages/airflow/example_dags/plugins/listener_plugin.py took 0.010 seconds
[2024-07-01T18:05:29.732+0530] {processor.py:161} INFO - Started process (PID=13942) to work on /home/bharat/.local/lib/python3.11/site-packages/airflow/example_dags/plugins/listener_plugin.py
[2024-07-01T18:05:29.733+0530] {processor.py:830} INFO - Processing file /home/bharat/.local/lib/python3.11/site-packages/airflow/example_dags/plugins/listener_plugin.py for tasks to queue
[2024-07-01T18:05:29.736+0530] {logging_mixin.py:188} INFO - [2024-07-01T18:05:29.735+0530] {dagbag.py:545} INFO - Filling up the DagBag from /home/bharat/.local/lib/python3.11/site-packages/airflow/example_dags/plugins/listener_plugin.py
[2024-07-01T18:05:29.739+0530] {processor.py:842} WARNING - No viable dags retrieved from /home/bharat/.local/lib/python3.11/site-packages/airflow/example_dags/plugins/listener_plugin.py
[2024-07-01T18:05:29.745+0530] {processor.py:183} INFO - Processing /home/bharat/.local/lib/python3.11/site-packages/airflow/example_dags/plugins/listener_plugin.py took 0.023 seconds
[2024-07-01T18:06:19.222+0530] {processor.py:161} INFO - Started process (PID=14030) to work on /home/bharat/.local/lib/python3.11/site-packages/airflow/example_dags/plugins/listener_plugin.py
[2024-07-01T18:06:19.222+0530] {processor.py:830} INFO - Processing file /home/bharat/.local/lib/python3.11/site-packages/airflow/example_dags/plugins/listener_plugin.py for tasks to queue
[2024-07-01T18:06:19.224+0530] {logging_mixin.py:188} INFO - [2024-07-01T18:06:19.223+0530] {dagbag.py:545} INFO - Filling up the DagBag from /home/bharat/.local/lib/python3.11/site-packages/airflow/example_dags/plugins/listener_plugin.py
[2024-07-01T18:06:19.226+0530] {processor.py:842} WARNING - No viable dags retrieved from /home/bharat/.local/lib/python3.11/site-packages/airflow/example_dags/plugins/listener_plugin.py
[2024-07-01T18:06:19.238+0530] {processor.py:183} INFO - Processing /home/bharat/.local/lib/python3.11/site-packages/airflow/example_dags/plugins/listener_plugin.py took 0.018 seconds
[2024-07-01T18:07:10.061+0530] {processor.py:161} INFO - Started process (PID=14102) to work on /home/bharat/.local/lib/python3.11/site-packages/airflow/example_dags/plugins/listener_plugin.py
[2024-07-01T18:07:10.062+0530] {processor.py:830} INFO - Processing file /home/bharat/.local/lib/python3.11/site-packages/airflow/example_dags/plugins/listener_plugin.py for tasks to queue
[2024-07-01T18:07:10.063+0530] {logging_mixin.py:188} INFO - [2024-07-01T18:07:10.063+0530] {dagbag.py:545} INFO - Filling up the DagBag from /home/bharat/.local/lib/python3.11/site-packages/airflow/example_dags/plugins/listener_plugin.py
[2024-07-01T18:07:10.065+0530] {processor.py:842} WARNING - No viable dags retrieved from /home/bharat/.local/lib/python3.11/site-packages/airflow/example_dags/plugins/listener_plugin.py
[2024-07-01T18:07:10.070+0530] {processor.py:183} INFO - Processing /home/bharat/.local/lib/python3.11/site-packages/airflow/example_dags/plugins/listener_plugin.py took 0.017 seconds
[2024-07-01T18:07:59.458+0530] {processor.py:161} INFO - Started process (PID=14173) to work on /home/bharat/.local/lib/python3.11/site-packages/airflow/example_dags/plugins/listener_plugin.py
[2024-07-01T18:07:59.459+0530] {processor.py:830} INFO - Processing file /home/bharat/.local/lib/python3.11/site-packages/airflow/example_dags/plugins/listener_plugin.py for tasks to queue
[2024-07-01T18:07:59.460+0530] {logging_mixin.py:188} INFO - [2024-07-01T18:07:59.460+0530] {dagbag.py:545} INFO - Filling up the DagBag from /home/bharat/.local/lib/python3.11/site-packages/airflow/example_dags/plugins/listener_plugin.py
[2024-07-01T18:07:59.461+0530] {processor.py:842} WARNING - No viable dags retrieved from /home/bharat/.local/lib/python3.11/site-packages/airflow/example_dags/plugins/listener_plugin.py
[2024-07-01T18:07:59.466+0530] {processor.py:183} INFO - Processing /home/bharat/.local/lib/python3.11/site-packages/airflow/example_dags/plugins/listener_plugin.py took 0.013 seconds
[2024-07-01T18:08:50.845+0530] {processor.py:161} INFO - Started process (PID=14277) to work on /home/bharat/.local/lib/python3.11/site-packages/airflow/example_dags/plugins/listener_plugin.py
[2024-07-01T18:08:50.846+0530] {processor.py:830} INFO - Processing file /home/bharat/.local/lib/python3.11/site-packages/airflow/example_dags/plugins/listener_plugin.py for tasks to queue
[2024-07-01T18:08:50.848+0530] {logging_mixin.py:188} INFO - [2024-07-01T18:08:50.847+0530] {dagbag.py:545} INFO - Filling up the DagBag from /home/bharat/.local/lib/python3.11/site-packages/airflow/example_dags/plugins/listener_plugin.py
[2024-07-01T18:08:50.850+0530] {processor.py:842} WARNING - No viable dags retrieved from /home/bharat/.local/lib/python3.11/site-packages/airflow/example_dags/plugins/listener_plugin.py
[2024-07-01T18:08:50.857+0530] {processor.py:183} INFO - Processing /home/bharat/.local/lib/python3.11/site-packages/airflow/example_dags/plugins/listener_plugin.py took 0.014 seconds
[2024-07-01T18:09:45.676+0530] {processor.py:161} INFO - Started process (PID=14439) to work on /home/bharat/.local/lib/python3.11/site-packages/airflow/example_dags/plugins/listener_plugin.py
[2024-07-01T18:09:45.677+0530] {processor.py:830} INFO - Processing file /home/bharat/.local/lib/python3.11/site-packages/airflow/example_dags/plugins/listener_plugin.py for tasks to queue
[2024-07-01T18:09:45.679+0530] {logging_mixin.py:188} INFO - [2024-07-01T18:09:45.678+0530] {dagbag.py:545} INFO - Filling up the DagBag from /home/bharat/.local/lib/python3.11/site-packages/airflow/example_dags/plugins/listener_plugin.py
[2024-07-01T18:09:45.681+0530] {processor.py:842} WARNING - No viable dags retrieved from /home/bharat/.local/lib/python3.11/site-packages/airflow/example_dags/plugins/listener_plugin.py
[2024-07-01T18:09:45.686+0530] {processor.py:183} INFO - Processing /home/bharat/.local/lib/python3.11/site-packages/airflow/example_dags/plugins/listener_plugin.py took 0.017 seconds
[2024-07-01T18:10:36.699+0530] {processor.py:161} INFO - Started process (PID=14527) to work on /home/bharat/.local/lib/python3.11/site-packages/airflow/example_dags/plugins/listener_plugin.py
[2024-07-01T18:10:36.700+0530] {processor.py:830} INFO - Processing file /home/bharat/.local/lib/python3.11/site-packages/airflow/example_dags/plugins/listener_plugin.py for tasks to queue
[2024-07-01T18:10:36.702+0530] {logging_mixin.py:188} INFO - [2024-07-01T18:10:36.702+0530] {dagbag.py:545} INFO - Filling up the DagBag from /home/bharat/.local/lib/python3.11/site-packages/airflow/example_dags/plugins/listener_plugin.py
[2024-07-01T18:10:36.704+0530] {processor.py:842} WARNING - No viable dags retrieved from /home/bharat/.local/lib/python3.11/site-packages/airflow/example_dags/plugins/listener_plugin.py
[2024-07-01T18:10:36.711+0530] {processor.py:183} INFO - Processing /home/bharat/.local/lib/python3.11/site-packages/airflow/example_dags/plugins/listener_plugin.py took 0.015 seconds
[2024-07-01T18:11:29.593+0530] {processor.py:161} INFO - Started process (PID=14643) to work on /home/bharat/.local/lib/python3.11/site-packages/airflow/example_dags/plugins/listener_plugin.py
[2024-07-01T18:11:29.594+0530] {processor.py:830} INFO - Processing file /home/bharat/.local/lib/python3.11/site-packages/airflow/example_dags/plugins/listener_plugin.py for tasks to queue
[2024-07-01T18:11:29.595+0530] {logging_mixin.py:188} INFO - [2024-07-01T18:11:29.595+0530] {dagbag.py:545} INFO - Filling up the DagBag from /home/bharat/.local/lib/python3.11/site-packages/airflow/example_dags/plugins/listener_plugin.py
[2024-07-01T18:11:29.597+0530] {processor.py:842} WARNING - No viable dags retrieved from /home/bharat/.local/lib/python3.11/site-packages/airflow/example_dags/plugins/listener_plugin.py
[2024-07-01T18:11:29.601+0530] {processor.py:183} INFO - Processing /home/bharat/.local/lib/python3.11/site-packages/airflow/example_dags/plugins/listener_plugin.py took 0.014 seconds
[2024-07-01T18:12:21.620+0530] {processor.py:161} INFO - Started process (PID=14798) to work on /home/bharat/.local/lib/python3.11/site-packages/airflow/example_dags/plugins/listener_plugin.py
[2024-07-01T18:12:21.621+0530] {processor.py:830} INFO - Processing file /home/bharat/.local/lib/python3.11/site-packages/airflow/example_dags/plugins/listener_plugin.py for tasks to queue
[2024-07-01T18:12:21.622+0530] {logging_mixin.py:188} INFO - [2024-07-01T18:12:21.621+0530] {dagbag.py:545} INFO - Filling up the DagBag from /home/bharat/.local/lib/python3.11/site-packages/airflow/example_dags/plugins/listener_plugin.py
[2024-07-01T18:12:21.624+0530] {processor.py:842} WARNING - No viable dags retrieved from /home/bharat/.local/lib/python3.11/site-packages/airflow/example_dags/plugins/listener_plugin.py
[2024-07-01T18:12:21.630+0530] {processor.py:183} INFO - Processing /home/bharat/.local/lib/python3.11/site-packages/airflow/example_dags/plugins/listener_plugin.py took 0.012 seconds
